<?xml version="1.0" encoding="utf-8" standalone="no"?>
<test-run id="0" runstate="Runnable" testcasecount="2746" result="Skipped" label="Ignored" total="2746" passed="2711" failed="0" inconclusive="0" skipped="35" asserts="41444" engine-version="3.11.1.0" clr-version="4.0.30319.42000" start-time="2020-10-05 16:46:08Z" end-time="2020-10-05 16:46:40Z" duration="32.582743">
  <command-line><![CDATA[/home/eberhard/Develop/liblcm/liblcm-nuget/packages/NUnit.ConsoleRunner.3.11.1/tools/nunit3-console.exe artifacts/Debug/net461/SIL.LCModel.Core.Tests.dll artifacts/Debug/net461/SIL.LCModel.FixData.Tests.dll artifacts/Debug/net461/SIL.LCModel.Tests.dll artifacts/Debug/net461/SIL.LCModel.Utils.Tests.dll]]></command-line>
  <test-suite type="Assembly" id="1-1813" name="SIL.LCModel.Core.Tests.dll" fullname="/home/eberhard/Develop/liblcm/liblcm-nuget/artifacts/Debug/net461/SIL.LCModel.Core.Tests.dll" runstate="Runnable" testcasecount="761" result="Passed" start-time="2020-10-05 16:46:09Z" end-time="2020-10-05 16:46:11Z" duration="1.868326" total="761" passed="758" failed="0" warnings="0" inconclusive="0" skipped="3" asserts="3270">
    <environment framework-version="3.12.0.0" clr-version="4.0.30319.42000" os-version="Unix 5.4.0.48" platform="Unix" cwd="/home/eberhard/Develop/liblcm/liblcm-nuget" machine-name="nopal" user="eberhard" user-domain="nopal" culture="en-US" uiculture="en-US" os-architecture="x64" />
    <settings>
      <setting name="DisposeRunners" value="True" />
      <setting name="WorkDirectory" value="/home/eberhard/Develop/liblcm/liblcm-nuget" />
      <setting name="ImageRuntimeVersion" value="4.0.30319" />
      <setting name="ImageTargetFrameworkName" value=".NETFramework,Version=v4.6.1" />
      <setting name="ImageRequiresX86" value="False" />
      <setting name="ImageRequiresDefaultAppDomainAssemblyResolver" value="False" />
      <setting name="RuntimeFramework" value="mono-4.0" />
      <setting name="NumberOfTestWorkers" value="8" />
    </settings>
    <properties>
      <property name="_PID" value="23119" />
      <property name="_APPDOMAIN" value="domain-671a6ed9-SIL.LCModel.Core.Tests.dll" />
    </properties>
    <output><![CDATA[InitializeIcuAttribute: Setting ICU_DATA to /home/eberhard/Develop/liblcm/liblcm-nuget/artifacts/Debug/net461/IcuData/icudt54l
]]></output>
    <test-suite type="TestSuite" id="1-1814" name="SIL" fullname="SIL" runstate="Runnable" testcasecount="761" result="Passed" start-time="2020-10-05 16:46:09Z" end-time="2020-10-05 16:46:11Z" duration="1.694972" total="761" passed="758" failed="0" warnings="0" inconclusive="0" skipped="3" asserts="3270">
      <test-suite type="TestSuite" id="1-1815" name="LCModel" fullname="SIL.LCModel" runstate="Runnable" testcasecount="761" result="Passed" start-time="2020-10-05 16:46:09Z" end-time="2020-10-05 16:46:11Z" duration="1.694775" total="761" passed="758" failed="0" warnings="0" inconclusive="0" skipped="3" asserts="3270">
        <test-suite type="TestSuite" id="1-1816" name="Core" fullname="SIL.LCModel.Core" runstate="Runnable" testcasecount="761" result="Passed" start-time="2020-10-05 16:46:09Z" end-time="2020-10-05 16:46:11Z" duration="1.694724" total="761" passed="758" failed="0" warnings="0" inconclusive="0" skipped="3" asserts="3270">
          <test-suite type="TestSuite" id="1-1821" name="Phonology" fullname="SIL.LCModel.Core.Phonology" runstate="Runnable" testcasecount="4" result="Passed" start-time="2020-10-05 16:46:09Z" end-time="2020-10-05 16:46:09Z" duration="0.088500" total="4" passed="4" failed="0" warnings="0" inconclusive="0" skipped="0" asserts="126">
            <test-suite type="TestFixture" id="1-1808" name="PhonEnvRecognizerTests" fullname="SIL.LCModel.Core.Phonology.PhonEnvRecognizerTests" classname="SIL.LCModel.Core.Phonology.PhonEnvRecognizerTests" runstate="Runnable" testcasecount="4" result="Passed" start-time="2020-10-05 16:46:09Z" end-time="2020-10-05 16:46:09Z" duration="0.086550" total="4" passed="4" failed="0" warnings="0" inconclusive="0" skipped="0" asserts="126">
              <test-case id="1-1810" name="InvalidEnvironments" fullname="SIL.LCModel.Core.Phonology.PhonEnvRecognizerTests.InvalidEnvironments" methodname="InvalidEnvironments" classname="SIL.LCModel.Core.Phonology.PhonEnvRecognizerTests" runstate="Runnable" seed="983285545" result="Passed" start-time="2020-10-05 16:46:09Z" end-time="2020-10-05 16:46:09Z" duration="0.041851" asserts="60" />
              <test-case id="1-1811" name="RetrieveErrorMessage" fullname="SIL.LCModel.Core.Phonology.PhonEnvRecognizerTests.RetrieveErrorMessage" methodname="RetrieveErrorMessage" classname="SIL.LCModel.Core.Phonology.PhonEnvRecognizerTests" runstate="Runnable" seed="1033052049" result="Passed" start-time="2020-10-05 16:46:09Z" end-time="2020-10-05 16:46:09Z" duration="0.005214" asserts="14" />
              <test-case id="1-1809" name="ValidEnvironments" fullname="SIL.LCModel.Core.Phonology.PhonEnvRecognizerTests.ValidEnvironments" methodname="ValidEnvironments" classname="SIL.LCModel.Core.Phonology.PhonEnvRecognizerTests" runstate="Runnable" seed="553799376" result="Passed" start-time="2020-10-05 16:46:09Z" end-time="2020-10-05 16:46:09Z" duration="0.029638" asserts="47" />
              <test-case id="1-1812" name="ValidInvalidCombos" fullname="SIL.LCModel.Core.Phonology.PhonEnvRecognizerTests.ValidInvalidCombos" methodname="ValidInvalidCombos" classname="SIL.LCModel.Core.Phonology.PhonEnvRecognizerTests" runstate="Runnable" seed="166000744" result="Passed" start-time="2020-10-05 16:46:09Z" end-time="2020-10-05 16:46:09Z" duration="0.002323" asserts="5" />
            </test-suite>
          </test-suite>
          <test-suite type="TestSuite" id="1-1820" name="Scripture" fullname="SIL.LCModel.Core.Scripture" runstate="Runnable" testcasecount="84" result="Passed" start-time="2020-10-05 16:46:09Z" end-time="2020-10-05 16:46:09Z" duration="0.165032" total="84" passed="84" failed="0" warnings="0" inconclusive="0" skipped="0" asserts="423">
            <test-suite type="TestFixture" id="1-1750" name="BCVRef_ParseChapterVerseNumberTests" fullname="SIL.LCModel.Core.Scripture.BCVRef_ParseChapterVerseNumberTests" classname="SIL.LCModel.Core.Scripture.BCVRef_ParseChapterVerseNumberTests" runstate="Runnable" testcasecount="19" result="Passed" start-time="2020-10-05 16:46:09Z" end-time="2020-10-05 16:46:09Z" duration="0.021113" total="19" passed="19" failed="0" warnings="0" inconclusive="0" skipped="0" asserts="111">
              <test-case id="1-1769" name="ParseRefRange_BogusReferenceRange_Backwards" fullname="SIL.LCModel.Core.Scripture.BCVRef_ParseChapterVerseNumberTests.ParseRefRange_BogusReferenceRange_Backwards" methodname="ParseRefRange_BogusReferenceRange_Backwards" classname="SIL.LCModel.Core.Scripture.BCVRef_ParseChapterVerseNumberTests" runstate="Runnable" seed="1543218480" result="Passed" start-time="2020-10-05 16:46:09Z" end-time="2020-10-05 16:46:09Z" duration="0.002536" asserts="1" />
              <test-case id="1-1766" name="ParseRefRange_BogusReferenceRange_MoreThanTwoRefs" fullname="SIL.LCModel.Core.Scripture.BCVRef_ParseChapterVerseNumberTests.ParseRefRange_BogusReferenceRange_MoreThanTwoRefs" methodname="ParseRefRange_BogusReferenceRange_MoreThanTwoRefs" classname="SIL.LCModel.Core.Scripture.BCVRef_ParseChapterVerseNumberTests" runstate="Runnable" seed="759679157" result="Passed" start-time="2020-10-05 16:46:09Z" end-time="2020-10-05 16:46:09Z" duration="0.005459" asserts="3" />
              <test-case id="1-1768" name="ParseRefRange_BogusReferenceRange_MultipleBooks" fullname="SIL.LCModel.Core.Scripture.BCVRef_ParseChapterVerseNumberTests.ParseRefRange_BogusReferenceRange_MultipleBooks" methodname="ParseRefRange_BogusReferenceRange_MultipleBooks" classname="SIL.LCModel.Core.Scripture.BCVRef_ParseChapterVerseNumberTests" runstate="Runnable" seed="373411810" result="Passed" start-time="2020-10-05 16:46:09Z" end-time="2020-10-05 16:46:09Z" duration="0.001040" asserts="1" />
              <test-case id="1-1764" name="ParseRefRange_BogusReferenceRange_SingleNumber" fullname="SIL.LCModel.Core.Scripture.BCVRef_ParseChapterVerseNumberTests.ParseRefRange_BogusReferenceRange_SingleNumber" methodname="ParseRefRange_BogusReferenceRange_SingleNumber" classname="SIL.LCModel.Core.Scripture.BCVRef_ParseChapterVerseNumberTests" runstate="Runnable" seed="1689913943" result="Passed" start-time="2020-10-05 16:46:09Z" end-time="2020-10-05 16:46:09Z" duration="0.000303" asserts="3" />
              <test-case id="1-1765" name="ParseRefRange_BogusReferenceRange_Unintelligible" fullname="SIL.LCModel.Core.Scripture.BCVRef_ParseChapterVerseNumberTests.ParseRefRange_BogusReferenceRange_Unintelligible" methodname="ParseRefRange_BogusReferenceRange_Unintelligible" classname="SIL.LCModel.Core.Scripture.BCVRef_ParseChapterVerseNumberTests" runstate="Runnable" seed="1339746" result="Passed" start-time="2020-10-05 16:46:09Z" end-time="2020-10-05 16:46:09Z" duration="0.000246" asserts="3" />
              <test-case id="1-1762" name="ParseRefRange_ChapterNotSpecified_BooksAreDifferent" fullname="SIL.LCModel.Core.Scripture.BCVRef_ParseChapterVerseNumberTests.ParseRefRange_ChapterNotSpecified_BooksAreDifferent" methodname="ParseRefRange_ChapterNotSpecified_BooksAreDifferent" classname="SIL.LCModel.Core.Scripture.BCVRef_ParseChapterVerseNumberTests" runstate="Runnable" seed="478391405" result="Passed" start-time="2020-10-05 16:46:09Z" end-time="2020-10-05 16:46:09Z" duration="0.000221" asserts="3" />
              <test-case id="1-1761" name="ParseRefRange_ChapterNotSpecified_ChaptersAreDifferent" fullname="SIL.LCModel.Core.Scripture.BCVRef_ParseChapterVerseNumberTests.ParseRefRange_ChapterNotSpecified_ChaptersAreDifferent" methodname="ParseRefRange_ChapterNotSpecified_ChaptersAreDifferent" classname="SIL.LCModel.Core.Scripture.BCVRef_ParseChapterVerseNumberTests" runstate="Runnable" seed="529841205" result="Passed" start-time="2020-10-05 16:46:09Z" end-time="2020-10-05 16:46:09Z" duration="0.000196" asserts="3" />
              <test-case id="1-1757" name="ParseRefRange_InvalidBBCCCVVVRange" fullname="SIL.LCModel.Core.Scripture.BCVRef_ParseChapterVerseNumberTests.ParseRefRange_InvalidBBCCCVVVRange" methodname="ParseRefRange_InvalidBBCCCVVVRange" classname="SIL.LCModel.Core.Scripture.BCVRef_ParseChapterVerseNumberTests" runstate="Runnable" seed="646471043" result="Passed" start-time="2020-10-05 16:46:09Z" end-time="2020-10-05 16:46:09Z" duration="0.000102" asserts="1" />
              <test-case id="1-1767" name="ParseRefRange_NormalReferenceRange_MultipleBooks" fullname="SIL.LCModel.Core.Scripture.BCVRef_ParseChapterVerseNumberTests.ParseRefRange_NormalReferenceRange_MultipleBooks" methodname="ParseRefRange_NormalReferenceRange_MultipleBooks" classname="SIL.LCModel.Core.Scripture.BCVRef_ParseChapterVerseNumberTests" runstate="Runnable" seed="2141525565" result="Passed" start-time="2020-10-05 16:46:09Z" end-time="2020-10-05 16:46:09Z" duration="0.003093" asserts="3" />
              <test-case id="1-1758" name="ParseRefRange_NormalVerseRange_BookNotSpecified" fullname="SIL.LCModel.Core.Scripture.BCVRef_ParseChapterVerseNumberTests.ParseRefRange_NormalVerseRange_BookNotSpecified" methodname="ParseRefRange_NormalVerseRange_BookNotSpecified" classname="SIL.LCModel.Core.Scripture.BCVRef_ParseChapterVerseNumberTests" runstate="Runnable" seed="1738267896" result="Passed" start-time="2020-10-05 16:46:09Z" end-time="2020-10-05 16:46:09Z" duration="0.000474" asserts="3" />
              <test-case id="1-1754" name="ParseRefRange_NormalVerseRange_BookSpecifiedOnce" fullname="SIL.LCModel.Core.Scripture.BCVRef_ParseChapterVerseNumberTests.ParseRefRange_NormalVerseRange_BookSpecifiedOnce" methodname="ParseRefRange_NormalVerseRange_BookSpecifiedOnce" classname="SIL.LCModel.Core.Scripture.BCVRef_ParseChapterVerseNumberTests" runstate="Runnable" seed="1852231311" result="Passed" start-time="2020-10-05 16:46:09Z" end-time="2020-10-05 16:46:09Z" duration="0.000189" asserts="3" />
              <test-case id="1-1755" name="ParseRefRange_NormalVerseRange_BookSpecifiedTwice" fullname="SIL.LCModel.Core.Scripture.BCVRef_ParseChapterVerseNumberTests.ParseRefRange_NormalVerseRange_BookSpecifiedTwice" methodname="ParseRefRange_NormalVerseRange_BookSpecifiedTwice" classname="SIL.LCModel.Core.Scripture.BCVRef_ParseChapterVerseNumberTests" runstate="Runnable" seed="1839589764" result="Passed" start-time="2020-10-05 16:46:09Z" end-time="2020-10-05 16:46:09Z" duration="0.000171" asserts="3" />
              <test-case id="1-1760" name="ParseRefRange_NormalVerseRange_ChapterNotSpecified" fullname="SIL.LCModel.Core.Scripture.BCVRef_ParseChapterVerseNumberTests.ParseRefRange_NormalVerseRange_ChapterNotSpecified" methodname="ParseRefRange_NormalVerseRange_ChapterNotSpecified" classname="SIL.LCModel.Core.Scripture.BCVRef_ParseChapterVerseNumberTests" runstate="Runnable" seed="1569014415" result="Passed" start-time="2020-10-05 16:46:09Z" end-time="2020-10-05 16:46:09Z" duration="0.000169" asserts="3" />
              <test-case id="1-1763" name="ParseRefRange_SingleReference" fullname="SIL.LCModel.Core.Scripture.BCVRef_ParseChapterVerseNumberTests.ParseRefRange_SingleReference" methodname="ParseRefRange_SingleReference" classname="SIL.LCModel.Core.Scripture.BCVRef_ParseChapterVerseNumberTests" runstate="Runnable" seed="1906504959" result="Passed" start-time="2020-10-05 16:46:09Z" end-time="2020-10-05 16:46:09Z" duration="0.000251" asserts="3" />
              <test-case id="1-1756" name="ParseRefRange_ValidBBCCCVVVRange" fullname="SIL.LCModel.Core.Scripture.BCVRef_ParseChapterVerseNumberTests.ParseRefRange_ValidBBCCCVVVRange" methodname="ParseRefRange_ValidBBCCCVVVRange" classname="SIL.LCModel.Core.Scripture.BCVRef_ParseChapterVerseNumberTests" runstate="Runnable" seed="500463765" result="Passed" start-time="2020-10-05 16:46:09Z" end-time="2020-10-05 16:46:09Z" duration="0.000224" asserts="3" />
              <test-case id="1-1759" name="ParseRefRange_VerseRange_BookNotSpecified_BooksAreDifferent" fullname="SIL.LCModel.Core.Scripture.BCVRef_ParseChapterVerseNumberTests.ParseRefRange_VerseRange_BookNotSpecified_BooksAreDifferent" methodname="ParseRefRange_VerseRange_BookNotSpecified_BooksAreDifferent" classname="SIL.LCModel.Core.Scripture.BCVRef_ParseChapterVerseNumberTests" runstate="Runnable" seed="433913487" result="Passed" start-time="2020-10-05 16:46:09Z" end-time="2020-10-05 16:46:09Z" duration="0.000244" asserts="3" />
              <test-case id="1-1752" name="ParseTest" fullname="SIL.LCModel.Core.Scripture.BCVRef_ParseChapterVerseNumberTests.ParseTest" methodname="ParseTest" classname="SIL.LCModel.Core.Scripture.BCVRef_ParseChapterVerseNumberTests" runstate="Runnable" seed="2113546829" result="Passed" start-time="2020-10-05 16:46:09Z" end-time="2020-10-05 16:46:09Z" duration="0.000760" asserts="21" />
              <test-case id="1-1753" name="VerseToScrRefTest" fullname="SIL.LCModel.Core.Scripture.BCVRef_ParseChapterVerseNumberTests.VerseToScrRefTest" methodname="VerseToScrRefTest" classname="SIL.LCModel.Core.Scripture.BCVRef_ParseChapterVerseNumberTests" runstate="Runnable" seed="951875319" result="Passed" start-time="2020-10-05 16:46:09Z" end-time="2020-10-05 16:46:09Z" duration="0.001948" asserts="42" />
              <test-case id="1-1751" name="VerseToScrRefTest_LargeVerseNumber" fullname="SIL.LCModel.Core.Scripture.BCVRef_ParseChapterVerseNumberTests.VerseToScrRefTest_LargeVerseNumber" methodname="VerseToScrRefTest_LargeVerseNumber" classname="SIL.LCModel.Core.Scripture.BCVRef_ParseChapterVerseNumberTests" runstate="Runnable" seed="530330979" result="Passed" start-time="2020-10-05 16:46:09Z" end-time="2020-10-05 16:46:09Z" duration="0.000243" asserts="6" />
            </test-suite>
            <test-suite type="TestFixture" id="1-1717" name="BCVRefTests" fullname="SIL.LCModel.Core.Scripture.BCVRefTests" classname="SIL.LCModel.Core.Scripture.BCVRefTests" runstate="Runnable" testcasecount="32" result="Passed" start-time="2020-10-05 16:46:09Z" end-time="2020-10-05 16:46:09Z" duration="0.010836" total="32" passed="32" failed="0" warnings="0" inconclusive="0" skipped="0" asserts="170">
              <test-case id="1-1741" name="BookToNumber_Deuterocanon" fullname="SIL.LCModel.Core.Scripture.BCVRefTests.BookToNumber_Deuterocanon" methodname="BookToNumber_Deuterocanon" classname="SIL.LCModel.Core.Scripture.BCVRefTests" runstate="Runnable" seed="1054685073" result="Passed" start-time="2020-10-05 16:46:09Z" end-time="2020-10-05 16:46:09Z" duration="0.000502" asserts="5" />
              <test-case id="1-1740" name="BookToNumber_NoDeuterocanon" fullname="SIL.LCModel.Core.Scripture.BCVRefTests.BookToNumber_NoDeuterocanon" methodname="BookToNumber_NoDeuterocanon" classname="SIL.LCModel.Core.Scripture.BCVRefTests" runstate="Runnable" seed="124562471" result="Passed" start-time="2020-10-05 16:46:09Z" end-time="2020-10-05 16:46:09Z" duration="0.000252" asserts="5" />
              <test-case id="1-1719" name="BuildBcvRefByProps" fullname="SIL.LCModel.Core.Scripture.BCVRefTests.BuildBcvRefByProps" methodname="BuildBcvRefByProps" classname="SIL.LCModel.Core.Scripture.BCVRefTests" runstate="Runnable" seed="1387992600" result="Passed" start-time="2020-10-05 16:46:09Z" end-time="2020-10-05 16:46:09Z" duration="0.001443" asserts="40" />
              <test-case id="1-1734" name="Equal" fullname="SIL.LCModel.Core.Scripture.BCVRefTests.Equal" methodname="Equal" classname="SIL.LCModel.Core.Scripture.BCVRefTests" runstate="Runnable" seed="446964846" result="Passed" start-time="2020-10-05 16:46:09Z" end-time="2020-10-05 16:46:09Z" duration="0.000592" asserts="8" />
              <test-case id="1-1732" name="Greater" fullname="SIL.LCModel.Core.Scripture.BCVRefTests.Greater" methodname="Greater" classname="SIL.LCModel.Core.Scripture.BCVRefTests" runstate="Runnable" seed="1358374643" result="Passed" start-time="2020-10-05 16:46:09Z" end-time="2020-10-05 16:46:09Z" duration="0.000241" asserts="5" />
              <test-case id="1-1733" name="GreaterOrEqual" fullname="SIL.LCModel.Core.Scripture.BCVRefTests.GreaterOrEqual" methodname="GreaterOrEqual" classname="SIL.LCModel.Core.Scripture.BCVRefTests" runstate="Runnable" seed="678513754" result="Passed" start-time="2020-10-05 16:46:09Z" end-time="2020-10-05 16:46:09Z" duration="0.000281" asserts="5" />
              <test-case id="1-1736" name="Invalid" fullname="SIL.LCModel.Core.Scripture.BCVRefTests.Invalid" methodname="Invalid" classname="SIL.LCModel.Core.Scripture.BCVRefTests" runstate="Runnable" seed="1689874033" result="Passed" start-time="2020-10-05 16:46:09Z" end-time="2020-10-05 16:46:09Z" duration="0.000565" asserts="2" />
              <test-case id="1-1739" name="LastBook_Deuterocanon" fullname="SIL.LCModel.Core.Scripture.BCVRefTests.LastBook_Deuterocanon" methodname="LastBook_Deuterocanon" classname="SIL.LCModel.Core.Scripture.BCVRefTests" runstate="Runnable" seed="240155563" result="Passed" start-time="2020-10-05 16:46:09Z" end-time="2020-10-05 16:46:09Z" duration="0.000132" asserts="1" />
              <test-case id="1-1738" name="LastBook_NoDeuterocanon" fullname="SIL.LCModel.Core.Scripture.BCVRefTests.LastBook_NoDeuterocanon" methodname="LastBook_NoDeuterocanon" classname="SIL.LCModel.Core.Scripture.BCVRefTests" runstate="Runnable" seed="769329299" result="Passed" start-time="2020-10-05 16:46:09Z" end-time="2020-10-05 16:46:09Z" duration="0.000081" asserts="1" />
              <test-case id="1-1730" name="Less" fullname="SIL.LCModel.Core.Scripture.BCVRefTests.Less" methodname="Less" classname="SIL.LCModel.Core.Scripture.BCVRefTests" runstate="Runnable" seed="1349008146" result="Passed" start-time="2020-10-05 16:46:09Z" end-time="2020-10-05 16:46:09Z" duration="0.000256" asserts="5" />
              <test-case id="1-1731" name="LessOrEqual" fullname="SIL.LCModel.Core.Scripture.BCVRefTests.LessOrEqual" methodname="LessOrEqual" classname="SIL.LCModel.Core.Scripture.BCVRefTests" runstate="Runnable" seed="367679736" result="Passed" start-time="2020-10-05 16:46:09Z" end-time="2020-10-05 16:46:09Z" duration="0.000290" asserts="5" />
              <test-case id="1-1737" name="MakeReferenceString" fullname="SIL.LCModel.Core.Scripture.BCVRefTests.MakeReferenceString" methodname="MakeReferenceString" classname="SIL.LCModel.Core.Scripture.BCVRefTests" runstate="Runnable" seed="2128481736" result="Passed" start-time="2020-10-05 16:46:09Z" end-time="2020-10-05 16:46:09Z" duration="0.001671" asserts="19" />
              <test-case id="1-1735" name="NotEqual" fullname="SIL.LCModel.Core.Scripture.BCVRefTests.NotEqual" methodname="NotEqual" classname="SIL.LCModel.Core.Scripture.BCVRefTests" runstate="Runnable" seed="1223333942" result="Passed" start-time="2020-10-05 16:46:09Z" end-time="2020-10-05 16:46:09Z" duration="0.000424" asserts="8" />
              <test-case id="1-1743" name="NumberToBookCode_Deuterocanon" fullname="SIL.LCModel.Core.Scripture.BCVRefTests.NumberToBookCode_Deuterocanon" methodname="NumberToBookCode_Deuterocanon" classname="SIL.LCModel.Core.Scripture.BCVRefTests" runstate="Runnable" seed="1409879815" result="Passed" start-time="2020-10-05 16:46:09Z" end-time="2020-10-05 16:46:09Z" duration="0.000253" asserts="7" />
              <test-case id="1-1742" name="NumberToBookCode_NoDeuterocanon" fullname="SIL.LCModel.Core.Scripture.BCVRefTests.NumberToBookCode_NoDeuterocanon" methodname="NumberToBookCode_NoDeuterocanon" classname="SIL.LCModel.Core.Scripture.BCVRefTests" runstate="Runnable" seed="930698177" result="Passed" start-time="2020-10-05 16:46:09Z" end-time="2020-10-05 16:46:09Z" duration="0.000161" asserts="7" />
              <test-case id="1-1749" name="Parse_Intro" fullname="SIL.LCModel.Core.Scripture.BCVRefTests.Parse_Intro" methodname="Parse_Intro" classname="SIL.LCModel.Core.Scripture.BCVRefTests" runstate="Runnable" seed="1960452518" result="Passed" start-time="2020-10-05 16:46:09Z" end-time="2020-10-05 16:46:09Z" duration="0.000199" asserts="3" />
              <test-case id="1-1748" name="Parse_Title" fullname="SIL.LCModel.Core.Scripture.BCVRefTests.Parse_Title" methodname="Parse_Title" classname="SIL.LCModel.Core.Scripture.BCVRefTests" runstate="Runnable" seed="1045266204" result="Passed" start-time="2020-10-05 16:46:09Z" end-time="2020-10-05 16:46:09Z" duration="0.000146" asserts="3" />
              <test-case id="1-1726" name="ParseRefString_Bridge" fullname="SIL.LCModel.Core.Scripture.BCVRefTests.ParseRefString_Bridge" methodname="ParseRefString_Bridge" classname="SIL.LCModel.Core.Scripture.BCVRefTests" runstate="Runnable" seed="1849091512" result="Passed" start-time="2020-10-05 16:46:09Z" end-time="2020-10-05 16:46:09Z" duration="0.000106" asserts="1" />
              <test-case id="1-1727" name="ParseRefString_Intro" fullname="SIL.LCModel.Core.Scripture.BCVRefTests.ParseRefString_Intro" methodname="ParseRefString_Intro" classname="SIL.LCModel.Core.Scripture.BCVRefTests" runstate="Runnable" seed="1351999184" result="Passed" start-time="2020-10-05 16:46:09Z" end-time="2020-10-05 16:46:09Z" duration="0.000115" asserts="2" />
              <test-case id="1-1728" name="ParseRefString_IntroInvalid" fullname="SIL.LCModel.Core.Scripture.BCVRefTests.ParseRefString_IntroInvalid" methodname="ParseRefString_IntroInvalid" classname="SIL.LCModel.Core.Scripture.BCVRefTests" runstate="Runnable" seed="851040707" result="Passed" start-time="2020-10-05 16:46:09Z" end-time="2020-10-05 16:46:09Z" duration="0.000113" asserts="1" />
              <test-case id="1-1729" name="ParseRefString_InvalidBook" fullname="SIL.LCModel.Core.Scripture.BCVRefTests.ParseRefString_InvalidBook" methodname="ParseRefString_InvalidBook" classname="SIL.LCModel.Core.Scripture.BCVRefTests" runstate="Runnable" seed="885814749" result="Passed" start-time="2020-10-05 16:46:09Z" end-time="2020-10-05 16:46:09Z" duration="0.000130" asserts="1" />
              <test-case id="1-1725" name="ParseRefString_OnlyBook" fullname="SIL.LCModel.Core.Scripture.BCVRefTests.ParseRefString_OnlyBook" methodname="ParseRefString_OnlyBook" classname="SIL.LCModel.Core.Scripture.BCVRefTests" runstate="Runnable" seed="5298297" result="Passed" start-time="2020-10-05 16:46:09Z" end-time="2020-10-05 16:46:09Z" duration="0.000102" asserts="2" />
              <test-case id="1-1724" name="ParseRefString_OnlyChapter" fullname="SIL.LCModel.Core.Scripture.BCVRefTests.ParseRefString_OnlyChapter" methodname="ParseRefString_OnlyChapter" classname="SIL.LCModel.Core.Scripture.BCVRefTests" runstate="Runnable" seed="25880657" result="Passed" start-time="2020-10-05 16:46:09Z" end-time="2020-10-05 16:46:09Z" duration="0.000128" asserts="2" />
              <test-case id="1-1721" name="ParseRefString_Valid" fullname="SIL.LCModel.Core.Scripture.BCVRefTests.ParseRefString_Valid" methodname="ParseRefString_Valid" classname="SIL.LCModel.Core.Scripture.BCVRefTests" runstate="Runnable" seed="1434535737" result="Passed" start-time="2020-10-05 16:46:09Z" end-time="2020-10-05 16:46:09Z" duration="0.000113" asserts="2" />
              <test-case id="1-1723" name="ParseRefString_ValidExtraSpace" fullname="SIL.LCModel.Core.Scripture.BCVRefTests.ParseRefString_ValidExtraSpace" methodname="ParseRefString_ValidExtraSpace" classname="SIL.LCModel.Core.Scripture.BCVRefTests" runstate="Runnable" seed="1577976982" result="Passed" start-time="2020-10-05 16:46:09Z" end-time="2020-10-05 16:46:09Z" duration="0.000128" asserts="2" />
              <test-case id="1-1722" name="ParseRefString_ValidNoSpace" fullname="SIL.LCModel.Core.Scripture.BCVRefTests.ParseRefString_ValidNoSpace" methodname="ParseRefString_ValidNoSpace" classname="SIL.LCModel.Core.Scripture.BCVRefTests" runstate="Runnable" seed="908535365" result="Passed" start-time="2020-10-05 16:46:09Z" end-time="2020-10-05 16:46:09Z" duration="0.000098" asserts="2" />
              <test-case id="1-1746" name="ToString_BogusIntro" fullname="SIL.LCModel.Core.Scripture.BCVRefTests.ToString_BogusIntro" methodname="ToString_BogusIntro" classname="SIL.LCModel.Core.Scripture.BCVRefTests" runstate="Runnable" seed="61483213" result="Passed" start-time="2020-10-05 16:46:09Z" end-time="2020-10-05 16:46:09Z" duration="0.000326" asserts="2" />
              <test-case id="1-1745" name="ToString_Intro" fullname="SIL.LCModel.Core.Scripture.BCVRefTests.ToString_Intro" methodname="ToString_Intro" classname="SIL.LCModel.Core.Scripture.BCVRefTests" runstate="Runnable" seed="1682453802" result="Passed" start-time="2020-10-05 16:46:09Z" end-time="2020-10-05 16:46:09Z" duration="0.000116" asserts="2" />
              <test-case id="1-1747" name="ToString_NormalVerse" fullname="SIL.LCModel.Core.Scripture.BCVRefTests.ToString_NormalVerse" methodname="ToString_NormalVerse" classname="SIL.LCModel.Core.Scripture.BCVRefTests" runstate="Runnable" seed="1250244530" result="Passed" start-time="2020-10-05 16:46:09Z" end-time="2020-10-05 16:46:09Z" duration="0.000135" asserts="2" />
              <test-case id="1-1744" name="ToString_Title" fullname="SIL.LCModel.Core.Scripture.BCVRefTests.ToString_Title" methodname="ToString_Title" classname="SIL.LCModel.Core.Scripture.BCVRefTests" runstate="Runnable" seed="1040129870" result="Passed" start-time="2020-10-05 16:46:09Z" end-time="2020-10-05 16:46:09Z" duration="0.000126" asserts="2" />
              <test-case id="1-1720" name="UpdateBcvRef" fullname="SIL.LCModel.Core.Scripture.BCVRefTests.UpdateBcvRef" methodname="UpdateBcvRef" classname="SIL.LCModel.Core.Scripture.BCVRefTests" runstate="Runnable" seed="503221439" result="Passed" start-time="2020-10-05 16:46:09Z" end-time="2020-10-05 16:46:09Z" duration="0.000174" asserts="3" />
              <test-case id="1-1718" name="ValidBCVRefs" fullname="SIL.LCModel.Core.Scripture.BCVRefTests.ValidBCVRefs" methodname="ValidBCVRefs" classname="SIL.LCModel.Core.Scripture.BCVRefTests" runstate="Runnable" seed="2085909633" result="Passed" start-time="2020-10-05 16:46:09Z" end-time="2020-10-05 16:46:09Z" duration="0.000453" asserts="15" />
            </test-suite>
            <test-suite type="TestFixture" id="1-1770" name="MultilingScrBooksTest" fullname="SIL.LCModel.Core.Scripture.MultilingScrBooksTest" classname="SIL.LCModel.Core.Scripture.MultilingScrBooksTest" runstate="Runnable" testcasecount="17" result="Passed" start-time="2020-10-05 16:46:09Z" end-time="2020-10-05 16:46:09Z" duration="0.025804" total="17" passed="17" failed="0" warnings="0" inconclusive="0" skipped="0" asserts="35">
              <test-case id="1-1771" name="GetBookAbbrev" fullname="SIL.LCModel.Core.Scripture.MultilingScrBooksTest.GetBookAbbrev" methodname="GetBookAbbrev" classname="SIL.LCModel.Core.Scripture.MultilingScrBooksTest" runstate="Runnable" seed="1091745241" result="Passed" start-time="2020-10-05 16:46:09Z" end-time="2020-10-05 16:46:09Z" duration="0.002311" asserts="3" />
              <test-case id="1-1772" name="GetBookAbbrevDifferentEncoding" fullname="SIL.LCModel.Core.Scripture.MultilingScrBooksTest.GetBookAbbrevDifferentEncoding" methodname="GetBookAbbrevDifferentEncoding" classname="SIL.LCModel.Core.Scripture.MultilingScrBooksTest" runstate="Runnable" seed="942456450" result="Passed" start-time="2020-10-05 16:46:09Z" end-time="2020-10-05 16:46:09Z" duration="0.000343" asserts="3" />
              <test-case id="1-1774" name="ParseRefString" fullname="SIL.LCModel.Core.Scripture.MultilingScrBooksTest.ParseRefString" methodname="ParseRefString" classname="SIL.LCModel.Core.Scripture.MultilingScrBooksTest" runstate="Runnable" seed="773310258" result="Passed" start-time="2020-10-05 16:46:09Z" end-time="2020-10-05 16:46:09Z" duration="0.003160" asserts="5" />
              <test-case id="1-1776" name="ParseRefString_AbbrEnglish" fullname="SIL.LCModel.Core.Scripture.MultilingScrBooksTest.ParseRefString_AbbrEnglish" methodname="ParseRefString_AbbrEnglish" classname="SIL.LCModel.Core.Scripture.MultilingScrBooksTest" runstate="Runnable" seed="516152646" result="Passed" start-time="2020-10-05 16:46:09Z" end-time="2020-10-05 16:46:09Z" duration="0.008720" asserts="2" />
              <test-case id="1-1780" name="ParseRefString_AbbrSIL" fullname="SIL.LCModel.Core.Scripture.MultilingScrBooksTest.ParseRefString_AbbrSIL" methodname="ParseRefString_AbbrSIL" classname="SIL.LCModel.Core.Scripture.MultilingScrBooksTest" runstate="Runnable" seed="1716024941" result="Passed" start-time="2020-10-05 16:46:09Z" end-time="2020-10-05 16:46:09Z" duration="0.000283" asserts="2" />
              <test-case id="1-1778" name="ParseRefString_AbbrSpanish" fullname="SIL.LCModel.Core.Scripture.MultilingScrBooksTest.ParseRefString_AbbrSpanish" methodname="ParseRefString_AbbrSpanish" classname="SIL.LCModel.Core.Scripture.MultilingScrBooksTest" runstate="Runnable" seed="1233829876" result="Passed" start-time="2020-10-05 16:46:09Z" end-time="2020-10-05 16:46:09Z" duration="0.000197" asserts="2" />
              <test-suite type="ParameterizedMethod" id="1-1785" name="ParseRefString_EdgeCases" fullname="SIL.LCModel.Core.Scripture.MultilingScrBooksTest.ParseRefString_EdgeCases" classname="SIL.LCModel.Core.Scripture.MultilingScrBooksTest" runstate="Runnable" testcasecount="4" result="Passed" start-time="2020-10-05 16:46:09Z" end-time="2020-10-05 16:46:09Z" duration="0.000812" total="4" passed="4" failed="0" warnings="0" inconclusive="0" skipped="0" asserts="4">
                <test-case id="1-1781" name="ParseRefString_EdgeCases(&quot;Luk 5,15&quot;)" fullname="SIL.LCModel.Core.Scripture.MultilingScrBooksTest.ParseRefString_EdgeCases(&quot;Luk 5,15&quot;)" methodname="ParseRefString_EdgeCases" classname="SIL.LCModel.Core.Scripture.MultilingScrBooksTest" runstate="Runnable" seed="494768471" result="Passed" start-time="2020-10-05 16:46:09Z" end-time="2020-10-05 16:46:09Z" duration="0.000288" asserts="1" />
                <test-case id="1-1782" name="ParseRefString_EdgeCases(&quot;luk 5.15&quot;)" fullname="SIL.LCModel.Core.Scripture.MultilingScrBooksTest.ParseRefString_EdgeCases(&quot;luk 5.15&quot;)" methodname="ParseRefString_EdgeCases" classname="SIL.LCModel.Core.Scripture.MultilingScrBooksTest" runstate="Runnable" seed="296237037" result="Passed" start-time="2020-10-05 16:46:09Z" end-time="2020-10-05 16:46:09Z" duration="0.000105" asserts="1" />
                <test-case id="1-1783" name="ParseRefString_EdgeCases(&quot;LUK5:15&quot;)" fullname="SIL.LCModel.Core.Scripture.MultilingScrBooksTest.ParseRefString_EdgeCases(&quot;LUK5:15&quot;)" methodname="ParseRefString_EdgeCases" classname="SIL.LCModel.Core.Scripture.MultilingScrBooksTest" runstate="Runnable" seed="144090259" result="Passed" start-time="2020-10-05 16:46:09Z" end-time="2020-10-05 16:46:09Z" duration="0.000099" asserts="1" />
                <test-case id="1-1784" name="ParseRefString_EdgeCases(&quot;4T1:5&quot;)" fullname="SIL.LCModel.Core.Scripture.MultilingScrBooksTest.ParseRefString_EdgeCases(&quot;4T1:5&quot;)" methodname="ParseRefString_EdgeCases" classname="SIL.LCModel.Core.Scripture.MultilingScrBooksTest" runstate="Runnable" seed="88795117" result="Passed" start-time="2020-10-05 16:46:09Z" end-time="2020-10-05 16:46:09Z" duration="0.000167" asserts="1" />
              </test-suite>
              <test-case id="1-1775" name="ParseRefString_FullNameEnglish" fullname="SIL.LCModel.Core.Scripture.MultilingScrBooksTest.ParseRefString_FullNameEnglish" methodname="ParseRefString_FullNameEnglish" classname="SIL.LCModel.Core.Scripture.MultilingScrBooksTest" runstate="Runnable" seed="153554352" result="Passed" start-time="2020-10-05 16:46:09Z" end-time="2020-10-05 16:46:09Z" duration="0.000267" asserts="4" />
              <test-case id="1-1777" name="ParseRefString_FullNameSpanish" fullname="SIL.LCModel.Core.Scripture.MultilingScrBooksTest.ParseRefString_FullNameSpanish" methodname="ParseRefString_FullNameSpanish" classname="SIL.LCModel.Core.Scripture.MultilingScrBooksTest" runstate="Runnable" seed="1149040049" result="Passed" start-time="2020-10-05 16:46:09Z" end-time="2020-10-05 16:46:09Z" duration="0.000252" asserts="2" />
              <test-case id="1-1786" name="ParseRefString_Invalid" fullname="SIL.LCModel.Core.Scripture.MultilingScrBooksTest.ParseRefString_Invalid" methodname="ParseRefString_Invalid" classname="SIL.LCModel.Core.Scripture.MultilingScrBooksTest" runstate="Runnable" seed="496588679" result="Passed" start-time="2020-10-05 16:46:09Z" end-time="2020-10-05 16:46:09Z" duration="0.000125" asserts="1" />
              <test-case id="1-1787" name="ParseRefString_NullArgument" fullname="SIL.LCModel.Core.Scripture.MultilingScrBooksTest.ParseRefString_NullArgument" methodname="ParseRefString_NullArgument" classname="SIL.LCModel.Core.Scripture.MultilingScrBooksTest" runstate="Runnable" seed="1542005560" result="Passed" start-time="2020-10-05 16:46:09Z" end-time="2020-10-05 16:46:09Z" duration="0.007570" asserts="1" />
              <test-case id="1-1779" name="ParseRefString_SILName" fullname="SIL.LCModel.Core.Scripture.MultilingScrBooksTest.ParseRefString_SILName" methodname="ParseRefString_SILName" classname="SIL.LCModel.Core.Scripture.MultilingScrBooksTest" runstate="Runnable" seed="987084396" result="Passed" start-time="2020-10-05 16:46:09Z" end-time="2020-10-05 16:46:09Z" duration="0.000296" asserts="2" />
              <test-case id="1-1788" name="ParseRefStringWithVerseBridge" fullname="SIL.LCModel.Core.Scripture.MultilingScrBooksTest.ParseRefStringWithVerseBridge" methodname="ParseRefStringWithVerseBridge" classname="SIL.LCModel.Core.Scripture.MultilingScrBooksTest" runstate="Runnable" seed="1719760087" result="Passed" start-time="2020-10-05 16:46:09Z" end-time="2020-10-05 16:46:09Z" duration="0.000224" asserts="2" />
              <test-case id="1-1773" name="ValidateReferencesWithoutDB" fullname="SIL.LCModel.Core.Scripture.MultilingScrBooksTest.ValidateReferencesWithoutDB" methodname="ValidateReferencesWithoutDB" classname="SIL.LCModel.Core.Scripture.MultilingScrBooksTest" runstate="Runnable" seed="734502005" result="Passed" start-time="2020-10-05 16:46:09Z" end-time="2020-10-05 16:46:09Z" duration="0.000468" asserts="2" />
            </test-suite>
            <test-suite type="TestFixture" id="1-1801" name="ScrReference_ParseChapterVerseNumberTests" fullname="SIL.LCModel.Core.Scripture.ScrReference_ParseChapterVerseNumberTests" classname="SIL.LCModel.Core.Scripture.ScrReference_ParseChapterVerseNumberTests" runstate="Runnable" testcasecount="3" result="Passed" start-time="2020-10-05 16:46:09Z" end-time="2020-10-05 16:46:09Z" duration="0.002760" total="3" passed="3" failed="0" warnings="0" inconclusive="0" skipped="0" asserts="43">
              <test-case id="1-1802" name="ChapterToInt_LargeChapterNumber" fullname="SIL.LCModel.Core.Scripture.ScrReference_ParseChapterVerseNumberTests.ChapterToInt_LargeChapterNumber" methodname="ChapterToInt_LargeChapterNumber" classname="SIL.LCModel.Core.Scripture.ScrReference_ParseChapterVerseNumberTests" runstate="Runnable" seed="780967977" result="Passed" start-time="2020-10-05 16:46:09Z" end-time="2020-10-05 16:46:09Z" duration="0.000528" asserts="2" />
              <test-case id="1-1803" name="VerseToInt_LargeVerseNumber" fullname="SIL.LCModel.Core.Scripture.ScrReference_ParseChapterVerseNumberTests.VerseToInt_LargeVerseNumber" methodname="VerseToInt_LargeVerseNumber" classname="SIL.LCModel.Core.Scripture.ScrReference_ParseChapterVerseNumberTests" runstate="Runnable" seed="1156414684" result="Passed" start-time="2020-10-05 16:46:09Z" end-time="2020-10-05 16:46:09Z" duration="0.000352" asserts="4" />
              <test-case id="1-1804" name="VerseToIntTest" fullname="SIL.LCModel.Core.Scripture.ScrReference_ParseChapterVerseNumberTests.VerseToIntTest" methodname="VerseToIntTest" classname="SIL.LCModel.Core.Scripture.ScrReference_ParseChapterVerseNumberTests" runstate="Runnable" seed="1294439236" result="Passed" start-time="2020-10-05 16:46:09Z" end-time="2020-10-05 16:46:09Z" duration="0.001081" asserts="37" />
            </test-suite>
            <test-suite type="TestFixture" id="1-1789" name="ScrReferenceTests" fullname="SIL.LCModel.Core.Scripture.ScrReferenceTests" classname="SIL.LCModel.Core.Scripture.ScrReferenceTests" runstate="Runnable" testcasecount="11" result="Passed" start-time="2020-10-05 16:46:09Z" end-time="2020-10-05 16:46:09Z" duration="0.005215" total="11" passed="11" failed="0" warnings="0" inconclusive="0" skipped="0" asserts="57">
              <test-case id="1-1799" name="CompareTo_BCVRef" fullname="SIL.LCModel.Core.Scripture.ScrReferenceTests.CompareTo_BCVRef" methodname="CompareTo_BCVRef" classname="SIL.LCModel.Core.Scripture.ScrReferenceTests" runstate="Runnable" seed="458102531" result="Passed" start-time="2020-10-05 16:46:09Z" end-time="2020-10-05 16:46:09Z" duration="0.000459" asserts="1" />
              <test-case id="1-1800" name="CompareTo_int" fullname="SIL.LCModel.Core.Scripture.ScrReferenceTests.CompareTo_int" methodname="CompareTo_int" classname="SIL.LCModel.Core.Scripture.ScrReferenceTests" runstate="Runnable" seed="872664623" result="Passed" start-time="2020-10-05 16:46:09Z" end-time="2020-10-05 16:46:09Z" duration="0.000156" asserts="1" />
              <test-case id="1-1798" name="CompareTo_ScrReference" fullname="SIL.LCModel.Core.Scripture.ScrReferenceTests.CompareTo_ScrReference" methodname="CompareTo_ScrReference" classname="SIL.LCModel.Core.Scripture.ScrReferenceTests" runstate="Runnable" seed="374299268" result="Passed" start-time="2020-10-05 16:46:09Z" end-time="2020-10-05 16:46:09Z" duration="0.000102" asserts="1" />
              <test-case id="1-1794" name="Equal_DifferentVersification" fullname="SIL.LCModel.Core.Scripture.ScrReferenceTests.Equal_DifferentVersification" methodname="Equal_DifferentVersification" classname="SIL.LCModel.Core.Scripture.ScrReferenceTests" runstate="Runnable" seed="1322537989" result="Passed" start-time="2020-10-05 16:46:09Z" end-time="2020-10-05 16:46:09Z" duration="0.001215" asserts="3" />
              <test-case id="1-1795" name="Equal_UnknownVersification" fullname="SIL.LCModel.Core.Scripture.ScrReferenceTests.Equal_UnknownVersification" methodname="Equal_UnknownVersification" classname="SIL.LCModel.Core.Scripture.ScrReferenceTests" runstate="Runnable" seed="952827737" result="Passed" start-time="2020-10-05 16:46:09Z" end-time="2020-10-05 16:46:09Z" duration="0.000142" asserts="2" />
              <test-case id="1-1792" name="GetLastChapterForBook" fullname="SIL.LCModel.Core.Scripture.ScrReferenceTests.GetLastChapterForBook" methodname="GetLastChapterForBook" classname="SIL.LCModel.Core.Scripture.ScrReferenceTests" runstate="Runnable" seed="199477252" result="Passed" start-time="2020-10-05 16:46:09Z" end-time="2020-10-05 16:46:09Z" duration="0.000151" asserts="3" />
              <test-case id="1-1791" name="InvalidScrReferences" fullname="SIL.LCModel.Core.Scripture.ScrReferenceTests.InvalidScrReferences" methodname="InvalidScrReferences" classname="SIL.LCModel.Core.Scripture.ScrReferenceTests" runstate="Runnable" seed="1207438663" result="Passed" start-time="2020-10-05 16:46:09Z" end-time="2020-10-05 16:46:09Z" duration="0.000448" asserts="15" />
              <test-case id="1-1797" name="LessThan_int" fullname="SIL.LCModel.Core.Scripture.ScrReferenceTests.LessThan_int" methodname="LessThan_int" classname="SIL.LCModel.Core.Scripture.ScrReferenceTests" runstate="Runnable" seed="138002575" result="Passed" start-time="2020-10-05 16:46:09Z" end-time="2020-10-05 16:46:09Z" duration="0.000146" asserts="1" />
              <test-case id="1-1796" name="LessThan_UnknownVersification" fullname="SIL.LCModel.Core.Scripture.ScrReferenceTests.LessThan_UnknownVersification" methodname="LessThan_UnknownVersification" classname="SIL.LCModel.Core.Scripture.ScrReferenceTests" runstate="Runnable" seed="1498665183" result="Passed" start-time="2020-10-05 16:46:09Z" end-time="2020-10-05 16:46:09Z" duration="0.000178" asserts="3" />
              <test-case id="1-1793" name="ParseRefString_InvalidVersification" fullname="SIL.LCModel.Core.Scripture.ScrReferenceTests.ParseRefString_InvalidVersification" methodname="ParseRefString_InvalidVersification" classname="SIL.LCModel.Core.Scripture.ScrReferenceTests" runstate="Runnable" seed="405361717" result="Passed" start-time="2020-10-05 16:46:09Z" end-time="2020-10-05 16:46:09Z" duration="0.000085" asserts="1" />
              <test-case id="1-1790" name="ValidScrReferences" fullname="SIL.LCModel.Core.Scripture.ScrReferenceTests.ValidScrReferences" methodname="ValidScrReferences" classname="SIL.LCModel.Core.Scripture.ScrReferenceTests" runstate="Runnable" seed="152776207" result="Passed" start-time="2020-10-05 16:46:09Z" end-time="2020-10-05 16:46:09Z" duration="0.000675" asserts="26" />
            </test-suite>
            <test-suite type="TestFixture" id="1-1805" name="VersificationTableTests" fullname="SIL.LCModel.Core.Scripture.VersificationTableTests" classname="SIL.LCModel.Core.Scripture.VersificationTableTests" runstate="Runnable" testcasecount="2" result="Passed" start-time="2020-10-05 16:46:09Z" end-time="2020-10-05 16:46:09Z" duration="0.010016" total="2" passed="2" failed="0" warnings="0" inconclusive="0" skipped="0" asserts="7">
              <test-case id="1-1806" name="GetLastChapterForBook" fullname="SIL.LCModel.Core.Scripture.VersificationTableTests.GetLastChapterForBook" methodname="GetLastChapterForBook" classname="SIL.LCModel.Core.Scripture.VersificationTableTests" runstate="Runnable" seed="1444426341" result="Passed" start-time="2020-10-05 16:46:09Z" end-time="2020-10-05 16:46:09Z" duration="0.000298" asserts="3" />
              <test-case id="1-1807" name="GetLastVerseForChapter" fullname="SIL.LCModel.Core.Scripture.VersificationTableTests.GetLastVerseForChapter" methodname="GetLastVerseForChapter" classname="SIL.LCModel.Core.Scripture.VersificationTableTests" runstate="Runnable" seed="1997337392" result="Passed" start-time="2020-10-05 16:46:09Z" end-time="2020-10-05 16:46:09Z" duration="0.009142" asserts="4" />
            </test-suite>
          </test-suite>
          <test-suite type="TestSuite" id="1-1819" name="SpellChecking" fullname="SIL.LCModel.Core.SpellChecking" runstate="Runnable" testcasecount="11" result="Passed" start-time="2020-10-05 16:46:09Z" end-time="2020-10-05 16:46:09Z" duration="0.198026" total="11" passed="11" failed="0" warnings="0" inconclusive="0" skipped="0" asserts="56">
            <test-suite type="TestFixture" id="1-1705" name="SpellingHelperTests" fullname="SIL.LCModel.Core.SpellChecking.SpellingHelperTests" classname="SIL.LCModel.Core.SpellChecking.SpellingHelperTests" runstate="Runnable" testcasecount="11" result="Passed" start-time="2020-10-05 16:46:09Z" end-time="2020-10-05 16:46:09Z" duration="0.032982" total="11" passed="11" failed="0" warnings="0" inconclusive="0" skipped="0" asserts="56">
              <test-case id="1-1714" name="AddBaddBeforeStarSpellling" fullname="SIL.LCModel.Core.SpellChecking.SpellingHelperTests.AddBaddBeforeStarSpellling" methodname="AddBaddBeforeStarSpellling" classname="SIL.LCModel.Core.SpellChecking.SpellingHelperTests" runstate="Runnable" seed="1824623994" result="Passed" start-time="2020-10-05 16:46:09Z" end-time="2020-10-05 16:46:09Z" duration="0.010881" asserts="2" />
              <test-case id="1-1706" name="BasicSpellingStatus" fullname="SIL.LCModel.Core.SpellChecking.SpellingHelperTests.BasicSpellingStatus" methodname="BasicSpellingStatus" classname="SIL.LCModel.Core.SpellChecking.SpellingHelperTests" runstate="Runnable" seed="196152309" result="Passed" start-time="2020-10-05 16:46:09Z" end-time="2020-10-05 16:46:09Z" duration="0.003144" asserts="27" />
              <test-case id="1-1707" name="DictionaryCanHaveNonAsciId" fullname="SIL.LCModel.Core.SpellChecking.SpellingHelperTests.DictionaryCanHaveNonAsciId" methodname="DictionaryCanHaveNonAsciId" classname="SIL.LCModel.Core.SpellChecking.SpellingHelperTests" runstate="Runnable" seed="2114119960" result="Passed" start-time="2020-10-05 16:46:09Z" end-time="2020-10-05 16:46:09Z" duration="0.000662" asserts="3" />
              <test-case id="1-1716" name="EnchantDictionaryMigrated" fullname="SIL.LCModel.Core.SpellChecking.SpellingHelperTests.EnchantDictionaryMigrated" methodname="EnchantDictionaryMigrated" classname="SIL.LCModel.Core.SpellChecking.SpellingHelperTests" runstate="Runnable" seed="226105479" result="Passed" start-time="2020-10-05 16:46:09Z" end-time="2020-10-05 16:46:09Z" duration="0.003624" asserts="3" />
              <test-case id="1-1708" name="EnsureDictionaryDoesNotOverwriteNonVernacularDictionary" fullname="SIL.LCModel.Core.SpellChecking.SpellingHelperTests.EnsureDictionaryDoesNotOverwriteNonVernacularDictionary" methodname="EnsureDictionaryDoesNotOverwriteNonVernacularDictionary" classname="SIL.LCModel.Core.SpellChecking.SpellingHelperTests" runstate="Runnable" seed="744602805" result="Passed" start-time="2020-10-05 16:46:09Z" end-time="2020-10-05 16:46:09Z" duration="0.002545" asserts="2" />
              <test-case id="1-1713" name="ExceptionListIsLoadedForNonVernacularDictionary" fullname="SIL.LCModel.Core.SpellChecking.SpellingHelperTests.ExceptionListIsLoadedForNonVernacularDictionary" methodname="ExceptionListIsLoadedForNonVernacularDictionary" classname="SIL.LCModel.Core.SpellChecking.SpellingHelperTests" runstate="Runnable" seed="1750449558" result="Passed" start-time="2020-10-05 16:46:09Z" end-time="2020-10-05 16:46:09Z" duration="0.001319" asserts="1" />
              <test-case id="1-1715" name="GetSimpleSuggestion" fullname="SIL.LCModel.Core.SpellChecking.SpellingHelperTests.GetSimpleSuggestion" methodname="GetSimpleSuggestion" classname="SIL.LCModel.Core.SpellChecking.SpellingHelperTests" runstate="Runnable" seed="952199167" result="Passed" start-time="2020-10-05 16:46:09Z" end-time="2020-10-05 16:46:09Z" duration="0.003019" asserts="2" />
              <test-case id="1-1710" name="OtherDictionaryIsNotPrivate" fullname="SIL.LCModel.Core.SpellChecking.SpellingHelperTests.OtherDictionaryIsNotPrivate" methodname="OtherDictionaryIsNotPrivate" classname="SIL.LCModel.Core.SpellChecking.SpellingHelperTests" runstate="Runnable" seed="485557227" result="Passed" start-time="2020-10-05 16:46:09Z" end-time="2020-10-05 16:46:09Z" duration="0.000855" asserts="3" />
              <test-case id="1-1709" name="OurDictionaryIsPrivate" fullname="SIL.LCModel.Core.SpellChecking.SpellingHelperTests.OurDictionaryIsPrivate" methodname="OurDictionaryIsPrivate" classname="SIL.LCModel.Core.SpellChecking.SpellingHelperTests" runstate="Runnable" seed="1665034287" result="Passed" start-time="2020-10-05 16:46:09Z" end-time="2020-10-05 16:46:09Z" duration="0.000543" asserts="1" />
              <test-case id="1-1712" name="ResetDictionary_AddsNoWordsToNonPrivate" fullname="SIL.LCModel.Core.SpellChecking.SpellingHelperTests.ResetDictionary_AddsNoWordsToNonPrivate" methodname="ResetDictionary_AddsNoWordsToNonPrivate" classname="SIL.LCModel.Core.SpellChecking.SpellingHelperTests" runstate="Runnable" seed="1347445328" result="Passed" start-time="2020-10-05 16:46:09Z" end-time="2020-10-05 16:46:09Z" duration="0.002967" asserts="4" />
              <test-case id="1-1711" name="ResetDictionaryAddsAllWords" fullname="SIL.LCModel.Core.SpellChecking.SpellingHelperTests.ResetDictionaryAddsAllWords" methodname="ResetDictionaryAddsAllWords" classname="SIL.LCModel.Core.SpellChecking.SpellingHelperTests" runstate="Runnable" seed="127772896" result="Passed" start-time="2020-10-05 16:46:09Z" end-time="2020-10-05 16:46:09Z" duration="0.002938" asserts="8" />
            </test-suite>
          </test-suite>
          <test-suite type="TestSuite" id="1-1818" name="Text" fullname="SIL.LCModel.Core.Text" runstate="Runnable" testcasecount="620" result="Passed" start-time="2020-10-05 16:46:09Z" end-time="2020-10-05 16:46:11Z" duration="1.424224" total="620" passed="617" failed="0" warnings="0" inconclusive="0" skipped="3" asserts="2526">
            <test-suite type="TestFixture" id="1-1047" name="CaseFunctionsTest" fullname="SIL.LCModel.Core.Text.CaseFunctionsTest" classname="SIL.LCModel.Core.Text.CaseFunctionsTest" runstate="Runnable" testcasecount="2" result="Passed" start-time="2020-10-05 16:46:09Z" end-time="2020-10-05 16:46:09Z" duration="0.003161" total="2" passed="2" failed="0" warnings="0" inconclusive="0" skipped="0" asserts="13">
              <test-case id="1-1049" name="TestStringCase" fullname="SIL.LCModel.Core.Text.CaseFunctionsTest.TestStringCase" methodname="TestStringCase" classname="SIL.LCModel.Core.Text.CaseFunctionsTest" runstate="Runnable" seed="597801335" result="Passed" start-time="2020-10-05 16:46:09Z" end-time="2020-10-05 16:46:09Z" duration="0.002832" asserts="12" />
              <test-case id="1-1048" name="TestToLower" fullname="SIL.LCModel.Core.Text.CaseFunctionsTest.TestToLower" methodname="TestToLower" classname="SIL.LCModel.Core.Text.CaseFunctionsTest" runstate="Runnable" seed="1722948407" result="Passed" start-time="2020-10-05 16:46:09Z" end-time="2020-10-05 16:46:09Z" duration="0.000148" asserts="1" />
            </test-suite>
            <test-suite type="TestFixture" id="1-1050" name="ColorUtilTests" fullname="SIL.LCModel.Core.Text.ColorUtilTests" classname="SIL.LCModel.Core.Text.ColorUtilTests" runstate="Runnable" testcasecount="4" result="Passed" start-time="2020-10-05 16:46:09Z" end-time="2020-10-05 16:46:09Z" duration="0.018447" total="4" passed="4" failed="0" warnings="0" inconclusive="0" skipped="0" asserts="4">
              <test-case id="1-1051" name="ConvertBGRtoColor" fullname="SIL.LCModel.Core.Text.ColorUtilTests.ConvertBGRtoColor" methodname="ConvertBGRtoColor" classname="SIL.LCModel.Core.Text.ColorUtilTests" runstate="Runnable" seed="1704958005" result="Passed" start-time="2020-10-05 16:46:09Z" end-time="2020-10-05 16:46:09Z" duration="0.016117" asserts="1" />
              <test-case id="1-1053" name="ConvertColortoBGR" fullname="SIL.LCModel.Core.Text.ColorUtilTests.ConvertColortoBGR" methodname="ConvertColortoBGR" classname="SIL.LCModel.Core.Text.ColorUtilTests" runstate="Runnable" seed="433858428" result="Passed" start-time="2020-10-05 16:46:09Z" end-time="2020-10-05 16:46:09Z" duration="0.000774" asserts="1" />
              <test-case id="1-1052" name="ConvertTransparentBGRtoColor" fullname="SIL.LCModel.Core.Text.ColorUtilTests.ConvertTransparentBGRtoColor" methodname="ConvertTransparentBGRtoColor" classname="SIL.LCModel.Core.Text.ColorUtilTests" runstate="Runnable" seed="365053493" result="Passed" start-time="2020-10-05 16:46:09Z" end-time="2020-10-05 16:46:09Z" duration="0.001190" asserts="1" />
              <test-case id="1-1054" name="ConvertTransparentColortoBGR" fullname="SIL.LCModel.Core.Text.ColorUtilTests.ConvertTransparentColortoBGR" methodname="ConvertTransparentColortoBGR" classname="SIL.LCModel.Core.Text.ColorUtilTests" runstate="Runnable" seed="42302147" result="Passed" start-time="2020-10-05 16:46:09Z" end-time="2020-10-05 16:46:09Z" duration="0.000175" asserts="1" />
            </test-suite>
            <test-suite type="TestFixture" id="1-1055" name="CustomIcuFallbackTests" fullname="SIL.LCModel.Core.Text.CustomIcuFallbackTests" classname="SIL.LCModel.Core.Text.CustomIcuFallbackTests" runstate="Skipped" testcasecount="3" result="Skipped" site="SetUp" start-time="2020-10-05 16:46:09Z" end-time="2020-10-05 16:46:09Z" duration="0.000888" total="3" passed="0" failed="0" warnings="0" inconclusive="0" skipped="3" asserts="0">
              <properties>
                <property name="_SKIPREASON" value="Not supported on Linux" />
              </properties>
              <reason>
                <message><![CDATA[Not supported on Linux]]></message>
              </reason>
              <test-case id="1-1056" name="InitIcuDataDir_CustomIcuVersion" fullname="SIL.LCModel.Core.Text.CustomIcuFallbackTests.InitIcuDataDir_CustomIcuVersion" methodname="InitIcuDataDir_CustomIcuVersion" classname="SIL.LCModel.Core.Text.CustomIcuFallbackTests" runstate="Runnable" seed="57007227" result="Skipped" site="Parent" start-time="0001-01-01 00:00:00Z" end-time="0001-01-01 00:00:00Z" duration="0.000000" asserts="0">
                <reason>
                  <message><![CDATA[OneTimeSetUp: Not supported on Linux]]></message>
                </reason>
              </test-case>
              <test-case id="1-1057" name="InitIcuDataDir_FallbackDefaultIcuVersion" fullname="SIL.LCModel.Core.Text.CustomIcuFallbackTests.InitIcuDataDir_FallbackDefaultIcuVersion" methodname="InitIcuDataDir_FallbackDefaultIcuVersion" classname="SIL.LCModel.Core.Text.CustomIcuFallbackTests" runstate="Runnable" seed="88367430" result="Skipped" site="Parent" start-time="0001-01-01 00:00:00Z" end-time="0001-01-01 00:00:00Z" duration="0.000000" asserts="0">
                <reason>
                  <message><![CDATA[OneTimeSetUp: Not supported on Linux]]></message>
                </reason>
              </test-case>
              <test-case id="1-1058" name="InitIcuDataDir_NoIcuLibrary" fullname="SIL.LCModel.Core.Text.CustomIcuFallbackTests.InitIcuDataDir_NoIcuLibrary" methodname="InitIcuDataDir_NoIcuLibrary" classname="SIL.LCModel.Core.Text.CustomIcuFallbackTests" runstate="Runnable" seed="1600273126" result="Skipped" site="Parent" start-time="0001-01-01 00:00:00Z" end-time="0001-01-01 00:00:00Z" duration="0.000000" asserts="0">
                <reason>
                  <message><![CDATA[OneTimeSetUp: Not supported on Linux]]></message>
                </reason>
              </test-case>
            </test-suite>
            <test-suite type="TestFixture" id="1-1059" name="CustomIcuTests" fullname="SIL.LCModel.Core.Text.CustomIcuTests" classname="SIL.LCModel.Core.Text.CustomIcuTests" runstate="Runnable" testcasecount="12" result="Passed" start-time="2020-10-05 16:46:09Z" end-time="2020-10-05 16:46:09Z" duration="0.013353" total="12" passed="12" failed="0" warnings="0" inconclusive="0" skipped="0" asserts="21">
              <test-case id="1-1060" name="CanGetUnicodeVersion" fullname="SIL.LCModel.Core.Text.CustomIcuTests.CanGetUnicodeVersion" methodname="CanGetUnicodeVersion" classname="SIL.LCModel.Core.Text.CustomIcuTests" runstate="Runnable" seed="731293230" result="Passed" start-time="2020-10-05 16:46:09Z" end-time="2020-10-05 16:46:09Z" duration="0.001057" asserts="4" />
              <test-case id="1-1072" name="CharacterPropertyOverrides" fullname="SIL.LCModel.Core.Text.CustomIcuTests.CharacterPropertyOverrides" methodname="CharacterPropertyOverrides" classname="SIL.LCModel.Core.Text.CustomIcuTests" runstate="Runnable" seed="873718959" result="Passed" start-time="2020-10-05 16:46:09Z" end-time="2020-10-05 16:46:09Z" duration="0.001732" asserts="1" />
              <test-case id="1-1071" name="GetExemplarCharacters_English" fullname="SIL.LCModel.Core.Text.CustomIcuTests.GetExemplarCharacters_English" methodname="GetExemplarCharacters_English" classname="SIL.LCModel.Core.Text.CustomIcuTests" runstate="Runnable" seed="1404418672" result="Passed" start-time="2020-10-05 16:46:09Z" end-time="2020-10-05 16:46:09Z" duration="0.001777" asserts="1" />
              <test-case id="1-1061" name="Normalize_NFC2NFC" fullname="SIL.LCModel.Core.Text.CustomIcuTests.Normalize_NFC2NFC" methodname="Normalize_NFC2NFC" classname="SIL.LCModel.Core.Text.CustomIcuTests" runstate="Runnable" seed="958425925" result="Passed" start-time="2020-10-05 16:46:09Z" end-time="2020-10-05 16:46:09Z" duration="0.001320" asserts="2" />
              <test-case id="1-1062" name="Normalize_NFC2NFD" fullname="SIL.LCModel.Core.Text.CustomIcuTests.Normalize_NFC2NFD" methodname="Normalize_NFC2NFD" classname="SIL.LCModel.Core.Text.CustomIcuTests" runstate="Runnable" seed="96171722" result="Passed" start-time="2020-10-05 16:46:09Z" end-time="2020-10-05 16:46:09Z" duration="0.000327" asserts="3">
                <output><![CDATA[pos 0: t (t)
pos 1: e (e)
pos 2: ́ (́)
pos 3: s (s)
pos 4: t (t)
]]></output>
              </test-case>
              <test-case id="1-1063" name="Normalize_NFD2NFC" fullname="SIL.LCModel.Core.Text.CustomIcuTests.Normalize_NFD2NFC" methodname="Normalize_NFD2NFC" classname="SIL.LCModel.Core.Text.CustomIcuTests" runstate="Runnable" seed="43823601" result="Passed" start-time="2020-10-05 16:46:09Z" end-time="2020-10-05 16:46:09Z" duration="0.000094" asserts="2" />
              <test-case id="1-1064" name="Normalize_NFD2NFD" fullname="SIL.LCModel.Core.Text.CustomIcuTests.Normalize_NFD2NFD" methodname="Normalize_NFD2NFD" classname="SIL.LCModel.Core.Text.CustomIcuTests" runstate="Runnable" seed="19493396" result="Passed" start-time="2020-10-05 16:46:09Z" end-time="2020-10-05 16:46:09Z" duration="0.000085" asserts="2" />
              <test-suite type="ParameterizedMethod" id="1-1070" name="Split" fullname="SIL.LCModel.Core.Text.CustomIcuTests.Split" classname="SIL.LCModel.Core.Text.CustomIcuTests" runstate="Runnable" testcasecount="5" result="Passed" start-time="2020-10-05 16:46:09Z" end-time="2020-10-05 16:46:09Z" duration="0.005785" total="5" passed="5" failed="0" warnings="0" inconclusive="0" skipped="0" asserts="5">
                <test-case id="1-1065" name="Split(WORD,&quot;en&quot;,&quot;word&quot;)" fullname="SIL.LCModel.Core.Text.CustomIcuTests.Split(WORD,&quot;en&quot;,&quot;word&quot;)" methodname="Split" classname="SIL.LCModel.Core.Text.CustomIcuTests" runstate="Runnable" seed="1099248456" result="Passed" start-time="2020-10-05 16:46:09Z" end-time="2020-10-05 16:46:09Z" duration="0.005264" asserts="1" />
                <test-case id="1-1066" name="Split(WORD,&quot;en&quot;,&quot;This is some text, and some more text.&quot;)" fullname="SIL.LCModel.Core.Text.CustomIcuTests.Split(WORD,&quot;en&quot;,&quot;This is some text, and some more text.&quot;)" methodname="Split" classname="SIL.LCModel.Core.Text.CustomIcuTests" runstate="Runnable" seed="2112278311" result="Passed" start-time="2020-10-05 16:46:09Z" end-time="2020-10-05 16:46:09Z" duration="0.000140" asserts="1" />
                <test-case id="1-1067" name="Split(SENTENCE,&quot;en&quot;,&quot;Sentence one. Sentence two.&quot;)" fullname="SIL.LCModel.Core.Text.CustomIcuTests.Split(SENTENCE,&quot;en&quot;,&quot;Sentence one. Sentence two.&quot;)" methodname="Split" classname="SIL.LCModel.Core.Text.CustomIcuTests" runstate="Runnable" seed="1334686105" result="Passed" start-time="2020-10-05 16:46:09Z" end-time="2020-10-05 16:46:09Z" duration="0.000100" asserts="1" />
                <test-case id="1-1068" name="Split(CHARACTER,&quot;en&quot;,&quot;word&quot;)" fullname="SIL.LCModel.Core.Text.CustomIcuTests.Split(CHARACTER,&quot;en&quot;,&quot;word&quot;)" methodname="Split" classname="SIL.LCModel.Core.Text.CustomIcuTests" runstate="Runnable" seed="380618738" result="Passed" start-time="2020-10-05 16:46:09Z" end-time="2020-10-05 16:46:09Z" duration="0.000085" asserts="1" />
                <test-case id="1-1069" name="Split(LINE,&quot;en&quot;,&quot;This is some hyphenated-text.&quot;)" fullname="SIL.LCModel.Core.Text.CustomIcuTests.Split(LINE,&quot;en&quot;,&quot;This is some hyphenated-text.&quot;)" methodname="Split" classname="SIL.LCModel.Core.Text.CustomIcuTests" runstate="Runnable" seed="1693559514" result="Passed" start-time="2020-10-05 16:46:09Z" end-time="2020-10-05 16:46:09Z" duration="0.000102" asserts="1" />
              </test-suite>
            </test-suite>
            <test-suite type="TestFixture" id="1-1073" name="PuaCharacterTests" fullname="SIL.LCModel.Core.Text.PuaCharacterTests" classname="SIL.LCModel.Core.Text.PuaCharacterTests" runstate="Runnable" testcasecount="16" result="Passed" start-time="2020-10-05 16:46:09Z" end-time="2020-10-05 16:46:09Z" duration="0.011547" total="16" passed="16" failed="0" warnings="0" inconclusive="0" skipped="0" asserts="20">
              <test-suite type="ParameterizedMethod" id="1-1090" name="CodepointAsString" fullname="SIL.LCModel.Core.Text.PuaCharacterTests.CodepointAsString" classname="SIL.LCModel.Core.Text.PuaCharacterTests" runstate="Runnable" testcasecount="13" result="Passed" start-time="2020-10-05 16:46:09Z" end-time="2020-10-05 16:46:09Z" duration="0.001541" total="13" passed="13" failed="0" warnings="0" inconclusive="0" skipped="0" asserts="13">
                <test-case id="1-1077" name="CodepointAsString(&quot;1&quot;)" fullname="SIL.LCModel.Core.Text.PuaCharacterTests.CodepointAsString(&quot;1&quot;)" methodname="CodepointAsString" classname="SIL.LCModel.Core.Text.PuaCharacterTests" runstate="Runnable" seed="818436173" result="Passed" start-time="2020-10-05 16:46:09Z" end-time="2020-10-05 16:46:09Z" duration="0.000732" asserts="1" />
                <test-case id="1-1078" name="CodepointAsString(&quot;12&quot;)" fullname="SIL.LCModel.Core.Text.PuaCharacterTests.CodepointAsString(&quot;12&quot;)" methodname="CodepointAsString" classname="SIL.LCModel.Core.Text.PuaCharacterTests" runstate="Runnable" seed="759551857" result="Passed" start-time="2020-10-05 16:46:09Z" end-time="2020-10-05 16:46:09Z" duration="0.000049" asserts="1" />
                <test-case id="1-1079" name="CodepointAsString(&quot;123&quot;)" fullname="SIL.LCModel.Core.Text.PuaCharacterTests.CodepointAsString(&quot;123&quot;)" methodname="CodepointAsString" classname="SIL.LCModel.Core.Text.PuaCharacterTests" runstate="Runnable" seed="690191589" result="Passed" start-time="2020-10-05 16:46:09Z" end-time="2020-10-05 16:46:09Z" duration="0.000040" asserts="1" />
                <test-case id="1-1080" name="CodepointAsString(&quot;1234&quot;)" fullname="SIL.LCModel.Core.Text.PuaCharacterTests.CodepointAsString(&quot;1234&quot;)" methodname="CodepointAsString" classname="SIL.LCModel.Core.Text.PuaCharacterTests" runstate="Runnable" seed="1558030600" result="Passed" start-time="2020-10-05 16:46:09Z" end-time="2020-10-05 16:46:09Z" duration="0.000039" asserts="1" />
                <test-case id="1-1081" name="CodepointAsString(&quot;12345&quot;)" fullname="SIL.LCModel.Core.Text.PuaCharacterTests.CodepointAsString(&quot;12345&quot;)" methodname="CodepointAsString" classname="SIL.LCModel.Core.Text.PuaCharacterTests" runstate="Runnable" seed="806200618" result="Passed" start-time="2020-10-05 16:46:09Z" end-time="2020-10-05 16:46:09Z" duration="0.000039" asserts="1" />
                <test-case id="1-1082" name="CodepointAsString(&quot;10FFFF&quot;)" fullname="SIL.LCModel.Core.Text.PuaCharacterTests.CodepointAsString(&quot;10FFFF&quot;)" methodname="CodepointAsString" classname="SIL.LCModel.Core.Text.PuaCharacterTests" runstate="Runnable" seed="2069230799" result="Passed" start-time="2020-10-05 16:46:09Z" end-time="2020-10-05 16:46:09Z" duration="0.000075" asserts="1" />
                <test-case id="1-1083" name="CodepointAsString(&quot;123456&quot;)" fullname="SIL.LCModel.Core.Text.PuaCharacterTests.CodepointAsString(&quot;123456&quot;)" methodname="CodepointAsString" classname="SIL.LCModel.Core.Text.PuaCharacterTests" runstate="Runnable" seed="913612175" result="Passed" start-time="2020-10-05 16:46:09Z" end-time="2020-10-05 16:46:09Z" duration="0.000132" asserts="1" />
                <test-case id="1-1084" name="CodepointAsString(&quot;110000&quot;)" fullname="SIL.LCModel.Core.Text.PuaCharacterTests.CodepointAsString(&quot;110000&quot;)" methodname="CodepointAsString" classname="SIL.LCModel.Core.Text.PuaCharacterTests" runstate="Runnable" seed="955852875" result="Passed" start-time="2020-10-05 16:46:09Z" end-time="2020-10-05 16:46:09Z" duration="0.000051" asserts="1" />
                <test-case id="1-1085" name="CodepointAsString(&quot;D800&quot;)" fullname="SIL.LCModel.Core.Text.PuaCharacterTests.CodepointAsString(&quot;D800&quot;)" methodname="CodepointAsString" classname="SIL.LCModel.Core.Text.PuaCharacterTests" runstate="Runnable" seed="1734113669" result="Passed" start-time="2020-10-05 16:46:09Z" end-time="2020-10-05 16:46:09Z" duration="0.000046" asserts="1" />
                <test-case id="1-1086" name="CodepointAsString(&quot;D801&quot;)" fullname="SIL.LCModel.Core.Text.PuaCharacterTests.CodepointAsString(&quot;D801&quot;)" methodname="CodepointAsString" classname="SIL.LCModel.Core.Text.PuaCharacterTests" runstate="Runnable" seed="104290838" result="Passed" start-time="2020-10-05 16:46:09Z" end-time="2020-10-05 16:46:09Z" duration="0.000045" asserts="1" />
                <test-case id="1-1087" name="CodepointAsString(&quot;DFFF&quot;)" fullname="SIL.LCModel.Core.Text.PuaCharacterTests.CodepointAsString(&quot;DFFF&quot;)" methodname="CodepointAsString" classname="SIL.LCModel.Core.Text.PuaCharacterTests" runstate="Runnable" seed="1226759113" result="Passed" start-time="2020-10-05 16:46:09Z" end-time="2020-10-05 16:46:09Z" duration="0.000065" asserts="1" />
                <test-case id="1-1088" name="CodepointAsString(&quot;&quot;)" fullname="SIL.LCModel.Core.Text.PuaCharacterTests.CodepointAsString(&quot;&quot;)" methodname="CodepointAsString" classname="SIL.LCModel.Core.Text.PuaCharacterTests" runstate="Runnable" seed="2018925662" result="Passed" start-time="2020-10-05 16:46:09Z" end-time="2020-10-05 16:46:09Z" duration="0.000041" asserts="1" />
                <test-case id="1-1089" name="CodepointAsString(null)" fullname="SIL.LCModel.Core.Text.PuaCharacterTests.CodepointAsString(null)" methodname="CodepointAsString" classname="SIL.LCModel.Core.Text.PuaCharacterTests" runstate="Runnable" seed="209197128" result="Passed" start-time="2020-10-05 16:46:09Z" end-time="2020-10-05 16:46:09Z" duration="0.000054" asserts="1" />
              </test-suite>
              <test-case id="1-1074" name="PuaCharacterCompareHex" fullname="SIL.LCModel.Core.Text.PuaCharacterTests.PuaCharacterCompareHex" methodname="PuaCharacterCompareHex" classname="SIL.LCModel.Core.Text.PuaCharacterTests" runstate="Runnable" seed="1207604647" result="Passed" start-time="2020-10-05 16:46:09Z" end-time="2020-10-05 16:46:09Z" duration="0.000547" asserts="6" />
              <test-case id="1-1076" name="PuaCharacterTextConstructor" fullname="SIL.LCModel.Core.Text.PuaCharacterTests.PuaCharacterTextConstructor" methodname="PuaCharacterTextConstructor" classname="SIL.LCModel.Core.Text.PuaCharacterTests" runstate="Runnable" seed="1463372302" result="Passed" start-time="2020-10-05 16:46:09Z" end-time="2020-10-05 16:46:09Z" duration="0.008897" asserts="0" />
              <test-case id="1-1075" name="PuaCharacterToString" fullname="SIL.LCModel.Core.Text.PuaCharacterTests.PuaCharacterToString" methodname="PuaCharacterToString" classname="SIL.LCModel.Core.Text.PuaCharacterTests" runstate="Runnable" seed="1747927043" result="Passed" start-time="2020-10-05 16:46:09Z" end-time="2020-10-05 16:46:09Z" duration="0.000432" asserts="1" />
            </test-suite>
            <test-suite type="TestFixture" id="1-1091" name="StringSearcherTests" fullname="SIL.LCModel.Core.Text.StringSearcherTests" classname="SIL.LCModel.Core.Text.StringSearcherTests" runstate="Runnable" testcasecount="3" result="Passed" start-time="2020-10-05 16:46:09Z" end-time="2020-10-05 16:46:10Z" duration="0.931808" total="3" passed="3" failed="0" warnings="0" inconclusive="0" skipped="0" asserts="14">
              <test-case id="1-1092" name="ExactSearchTest" fullname="SIL.LCModel.Core.Text.StringSearcherTests.ExactSearchTest" methodname="ExactSearchTest" classname="SIL.LCModel.Core.Text.StringSearcherTests" runstate="Runnable" seed="1146085066" result="Passed" start-time="2020-10-05 16:46:10Z" end-time="2020-10-05 16:46:10Z" duration="0.025585" asserts="5" />
              <test-case id="1-1094" name="FullTextSearchTest" fullname="SIL.LCModel.Core.Text.StringSearcherTests.FullTextSearchTest" methodname="FullTextSearchTest" classname="SIL.LCModel.Core.Text.StringSearcherTests" runstate="Runnable" seed="489632358" result="Passed" start-time="2020-10-05 16:46:10Z" end-time="2020-10-05 16:46:10Z" duration="0.009301" asserts="4" />
              <test-case id="1-1093" name="PrefixSearchTest" fullname="SIL.LCModel.Core.Text.StringSearcherTests.PrefixSearchTest" methodname="PrefixSearchTest" classname="SIL.LCModel.Core.Text.StringSearcherTests" runstate="Runnable" seed="775059271" result="Passed" start-time="2020-10-05 16:46:10Z" end-time="2020-10-05 16:46:10Z" duration="0.000346" asserts="5" />
            </test-suite>
            <test-suite type="TestFixture" id="1-1095" name="TsIncStrBldrTests" fullname="SIL.LCModel.Core.Text.TsIncStrBldrTests" classname="SIL.LCModel.Core.Text.TsIncStrBldrTests" runstate="Runnable" testcasecount="13" result="Passed" start-time="2020-10-05 16:46:10Z" end-time="2020-10-05 16:46:10Z" duration="0.007027" total="13" passed="13" failed="0" warnings="0" inconclusive="0" skipped="0" asserts="39">
              <test-case id="1-1097" name="Append_EmptyBldrEmptyString_DoesNotAppendText" fullname="SIL.LCModel.Core.Text.TsIncStrBldrTests.Append_EmptyBldrEmptyString_DoesNotAppendText" methodname="Append_EmptyBldrEmptyString_DoesNotAppendText" classname="SIL.LCModel.Core.Text.TsIncStrBldrTests" runstate="Runnable" seed="1337345440" result="Passed" start-time="2020-10-05 16:46:10Z" end-time="2020-10-05 16:46:10Z" duration="0.000191" asserts="2" />
              <test-case id="1-1096" name="Append_EmptyBldrNonEmptyString_AppendsText" fullname="SIL.LCModel.Core.Text.TsIncStrBldrTests.Append_EmptyBldrNonEmptyString_AppendsText" methodname="Append_EmptyBldrNonEmptyString_AppendsText" classname="SIL.LCModel.Core.Text.TsIncStrBldrTests" runstate="Runnable" seed="709006941" result="Passed" start-time="2020-10-05 16:46:10Z" end-time="2020-10-05 16:46:10Z" duration="0.000146" asserts="2" />
              <test-case id="1-1098" name="Append_EmptyBldrNullString_DoesNotAppendText" fullname="SIL.LCModel.Core.Text.TsIncStrBldrTests.Append_EmptyBldrNullString_DoesNotAppendText" methodname="Append_EmptyBldrNullString_DoesNotAppendText" classname="SIL.LCModel.Core.Text.TsIncStrBldrTests" runstate="Runnable" seed="716377169" result="Passed" start-time="2020-10-05 16:46:10Z" end-time="2020-10-05 16:46:10Z" duration="0.000135" asserts="2" />
              <test-case id="1-1099" name="Append_EmptyBldrPropSetNonEmptyString_AppendsText" fullname="SIL.LCModel.Core.Text.TsIncStrBldrTests.Append_EmptyBldrPropSetNonEmptyString_AppendsText" methodname="Append_EmptyBldrPropSetNonEmptyString_AppendsText" classname="SIL.LCModel.Core.Text.TsIncStrBldrTests" runstate="Runnable" seed="275096507" result="Passed" start-time="2020-10-05 16:46:10Z" end-time="2020-10-05 16:46:10Z" duration="0.000266" asserts="3" />
              <test-case id="1-1100" name="Append_OneRunBldrNonEmptyString_AppendsText" fullname="SIL.LCModel.Core.Text.TsIncStrBldrTests.Append_OneRunBldrNonEmptyString_AppendsText" methodname="Append_OneRunBldrNonEmptyString_AppendsText" classname="SIL.LCModel.Core.Text.TsIncStrBldrTests" runstate="Runnable" seed="56606415" result="Passed" start-time="2020-10-05 16:46:10Z" end-time="2020-10-05 16:46:10Z" duration="0.001790" asserts="3" />
              <test-case id="1-1101" name="Append_OneRunBldrPropSetNonEmptyString_AppendsText" fullname="SIL.LCModel.Core.Text.TsIncStrBldrTests.Append_OneRunBldrPropSetNonEmptyString_AppendsText" methodname="Append_OneRunBldrPropSetNonEmptyString_AppendsText" classname="SIL.LCModel.Core.Text.TsIncStrBldrTests" runstate="Runnable" seed="894783419" result="Passed" start-time="2020-10-05 16:46:10Z" end-time="2020-10-05 16:46:10Z" duration="0.000545" asserts="6" />
              <test-case id="1-1103" name="AppendTsString_EmptyBldrEmptyString_UpdatesProperties" fullname="SIL.LCModel.Core.Text.TsIncStrBldrTests.AppendTsString_EmptyBldrEmptyString_UpdatesProperties" methodname="AppendTsString_EmptyBldrEmptyString_UpdatesProperties" classname="SIL.LCModel.Core.Text.TsIncStrBldrTests" runstate="Runnable" seed="2027812151" result="Passed" start-time="2020-10-05 16:46:10Z" end-time="2020-10-05 16:46:10Z" duration="0.001070" asserts="3" />
              <test-case id="1-1102" name="AppendTsString_EmptyBldrOneRunString_AppendsText" fullname="SIL.LCModel.Core.Text.TsIncStrBldrTests.AppendTsString_EmptyBldrOneRunString_AppendsText" methodname="AppendTsString_EmptyBldrOneRunString_AppendsText" classname="SIL.LCModel.Core.Text.TsIncStrBldrTests" runstate="Runnable" seed="699200836" result="Passed" start-time="2020-10-05 16:46:10Z" end-time="2020-10-05 16:46:10Z" duration="0.000715" asserts="3" />
              <test-case id="1-1106" name="AppendTsString_NullString_Throws" fullname="SIL.LCModel.Core.Text.TsIncStrBldrTests.AppendTsString_NullString_Throws" methodname="AppendTsString_NullString_Throws" classname="SIL.LCModel.Core.Text.TsIncStrBldrTests" runstate="Runnable" seed="1645744428" result="Passed" start-time="2020-10-05 16:46:10Z" end-time="2020-10-05 16:46:10Z" duration="0.000543" asserts="1" />
              <test-case id="1-1105" name="AppendTsString_OneRunBldrOneRunStringDifferentProperties_AppendsText" fullname="SIL.LCModel.Core.Text.TsIncStrBldrTests.AppendTsString_OneRunBldrOneRunStringDifferentProperties_AppendsText" methodname="AppendTsString_OneRunBldrOneRunStringDifferentProperties_AppendsText" classname="SIL.LCModel.Core.Text.TsIncStrBldrTests" runstate="Runnable" seed="992582940" result="Passed" start-time="2020-10-05 16:46:10Z" end-time="2020-10-05 16:46:10Z" duration="0.000373" asserts="7" />
              <test-case id="1-1104" name="AppendTsString_OneRunBldrOneRunStringSameProperties_AppendsText" fullname="SIL.LCModel.Core.Text.TsIncStrBldrTests.AppendTsString_OneRunBldrOneRunStringSameProperties_AppendsText" methodname="AppendTsString_OneRunBldrOneRunStringSameProperties_AppendsText" classname="SIL.LCModel.Core.Text.TsIncStrBldrTests" runstate="Runnable" seed="250581275" result="Passed" start-time="2020-10-05 16:46:10Z" end-time="2020-10-05 16:46:10Z" duration="0.000302" asserts="3" />
              <test-case id="1-1107" name="Clear_OneRunBldr_ClearsTextAndRuns" fullname="SIL.LCModel.Core.Text.TsIncStrBldrTests.Clear_OneRunBldr_ClearsTextAndRuns" methodname="Clear_OneRunBldr_ClearsTextAndRuns" classname="SIL.LCModel.Core.Text.TsIncStrBldrTests" runstate="Runnable" seed="835332547" result="Passed" start-time="2020-10-05 16:46:10Z" end-time="2020-10-05 16:46:10Z" duration="0.000226" asserts="2" />
              <test-case id="1-1108" name="ClearProps_OneRunBldr_ClearsProperties" fullname="SIL.LCModel.Core.Text.TsIncStrBldrTests.ClearProps_OneRunBldr_ClearsProperties" methodname="ClearProps_OneRunBldr_ClearsProperties" classname="SIL.LCModel.Core.Text.TsIncStrBldrTests" runstate="Runnable" seed="1370548883" result="Passed" start-time="2020-10-05 16:46:10Z" end-time="2020-10-05 16:46:10Z" duration="0.000473" asserts="2" />
            </test-suite>
            <test-suite type="TestFixture" id="1-1109" name="TsPropsBldrTests" fullname="SIL.LCModel.Core.Text.TsPropsBldrTests" classname="SIL.LCModel.Core.Text.TsPropsBldrTests" runstate="Runnable" testcasecount="9" result="Passed" start-time="2020-10-05 16:46:10Z" end-time="2020-10-05 16:46:10Z" duration="0.004602" total="9" passed="9" failed="0" warnings="0" inconclusive="0" skipped="0" asserts="26">
              <test-case id="1-1118" name="Clear_NonEmptyBldr_ClearsState" fullname="SIL.LCModel.Core.Text.TsPropsBldrTests.Clear_NonEmptyBldr_ClearsState" methodname="Clear_NonEmptyBldr_ClearsState" classname="SIL.LCModel.Core.Text.TsPropsBldrTests" runstate="Runnable" seed="188947625" result="Passed" start-time="2020-10-05 16:46:10Z" end-time="2020-10-05 16:46:10Z" duration="0.000562" asserts="4" />
              <test-case id="1-1111" name="SetIntPropValues_NegativeValue_RemovesProperty" fullname="SIL.LCModel.Core.Text.TsPropsBldrTests.SetIntPropValues_NegativeValue_RemovesProperty" methodname="SetIntPropValues_NegativeValue_RemovesProperty" classname="SIL.LCModel.Core.Text.TsPropsBldrTests" runstate="Runnable" seed="1493696167" result="Passed" start-time="2020-10-05 16:46:10Z" end-time="2020-10-05 16:46:10Z" duration="0.000317" asserts="2" />
              <test-case id="1-1110" name="SetIntPropValues_NonNegativeValue_InsertsProperty" fullname="SIL.LCModel.Core.Text.TsPropsBldrTests.SetIntPropValues_NonNegativeValue_InsertsProperty" methodname="SetIntPropValues_NonNegativeValue_InsertsProperty" classname="SIL.LCModel.Core.Text.TsPropsBldrTests" runstate="Runnable" seed="947509215" result="Passed" start-time="2020-10-05 16:46:10Z" end-time="2020-10-05 16:46:10Z" duration="0.000189" asserts="3" />
              <test-case id="1-1113" name="SetStrPropValue_EmptyValue_InsertsProperty" fullname="SIL.LCModel.Core.Text.TsPropsBldrTests.SetStrPropValue_EmptyValue_InsertsProperty" methodname="SetStrPropValue_EmptyValue_InsertsProperty" classname="SIL.LCModel.Core.Text.TsPropsBldrTests" runstate="Runnable" seed="1181773368" result="Passed" start-time="2020-10-05 16:46:10Z" end-time="2020-10-05 16:46:10Z" duration="0.000338" asserts="3" />
              <test-case id="1-1112" name="SetStrPropValue_NonEmptyValue_InsertsProperty" fullname="SIL.LCModel.Core.Text.TsPropsBldrTests.SetStrPropValue_NonEmptyValue_InsertsProperty" methodname="SetStrPropValue_NonEmptyValue_InsertsProperty" classname="SIL.LCModel.Core.Text.TsPropsBldrTests" runstate="Runnable" seed="1180688051" result="Passed" start-time="2020-10-05 16:46:10Z" end-time="2020-10-05 16:46:10Z" duration="0.000189" asserts="3" />
              <test-case id="1-1114" name="SetStrPropValue_NullValue_RemovesProperty" fullname="SIL.LCModel.Core.Text.TsPropsBldrTests.SetStrPropValue_NullValue_RemovesProperty" methodname="SetStrPropValue_NullValue_RemovesProperty" classname="SIL.LCModel.Core.Text.TsPropsBldrTests" runstate="Runnable" seed="526758959" result="Passed" start-time="2020-10-05 16:46:10Z" end-time="2020-10-05 16:46:10Z" duration="0.000305" asserts="2" />
              <test-case id="1-1116" name="SetStrPropValueRgch_EmptyValue_InsertsProperty" fullname="SIL.LCModel.Core.Text.TsPropsBldrTests.SetStrPropValueRgch_EmptyValue_InsertsProperty" methodname="SetStrPropValueRgch_EmptyValue_InsertsProperty" classname="SIL.LCModel.Core.Text.TsPropsBldrTests" runstate="Runnable" seed="498876064" result="Passed" start-time="2020-10-05 16:46:10Z" end-time="2020-10-05 16:46:10Z" duration="0.000332" asserts="3" />
              <test-case id="1-1115" name="SetStrPropValueRgch_NonEmptyValue_InsertsProperty" fullname="SIL.LCModel.Core.Text.TsPropsBldrTests.SetStrPropValueRgch_NonEmptyValue_InsertsProperty" methodname="SetStrPropValueRgch_NonEmptyValue_InsertsProperty" classname="SIL.LCModel.Core.Text.TsPropsBldrTests" runstate="Runnable" seed="240790336" result="Passed" start-time="2020-10-05 16:46:10Z" end-time="2020-10-05 16:46:10Z" duration="0.001956" asserts="4" />
              <test-case id="1-1117" name="SetStrPropValueRgch_NullValue_RemovesProperty" fullname="SIL.LCModel.Core.Text.TsPropsBldrTests.SetStrPropValueRgch_NullValue_RemovesProperty" methodname="SetStrPropValueRgch_NullValue_RemovesProperty" classname="SIL.LCModel.Core.Text.TsPropsBldrTests" runstate="Runnable" seed="1283389775" result="Passed" start-time="2020-10-05 16:46:10Z" end-time="2020-10-05 16:46:10Z" duration="0.000237" asserts="2" />
            </test-suite>
            <test-suite type="TestFixture" id="1-1119" name="TsPropsFactoryTests" fullname="SIL.LCModel.Core.Text.TsPropsFactoryTests" classname="SIL.LCModel.Core.Text.TsPropsFactoryTests" runstate="Runnable" testcasecount="4" result="Passed" start-time="2020-10-05 16:46:10Z" end-time="2020-10-05 16:46:10Z" duration="0.004418" total="4" passed="4" failed="0" warnings="0" inconclusive="0" skipped="0" asserts="11">
              <test-case id="1-1123" name="FromITsTextProps_IntAndStringProps_Copies" fullname="SIL.LCModel.Core.Text.TsPropsFactoryTests.FromITsTextProps_IntAndStringProps_Copies" methodname="FromITsTextProps_IntAndStringProps_Copies" classname="SIL.LCModel.Core.Text.TsPropsFactoryTests" runstate="Runnable" seed="476418797" result="Passed" start-time="2020-10-05 16:46:10Z" end-time="2020-10-05 16:46:10Z" duration="0.003136" asserts="1" />
              <test-case id="1-1122" name="MakeProps_InvalidWS_Throws" fullname="SIL.LCModel.Core.Text.TsPropsFactoryTests.MakeProps_InvalidWS_Throws" methodname="MakeProps_InvalidWS_Throws" classname="SIL.LCModel.Core.Text.TsPropsFactoryTests" runstate="Runnable" seed="1486339579" result="Passed" start-time="2020-10-05 16:46:10Z" end-time="2020-10-05 16:46:10Z" duration="0.000500" asserts="1" />
              <test-case id="1-1120" name="MakeProps_NonNullStyle_CreatesTextProps" fullname="SIL.LCModel.Core.Text.TsPropsFactoryTests.MakeProps_NonNullStyle_CreatesTextProps" methodname="MakeProps_NonNullStyle_CreatesTextProps" classname="SIL.LCModel.Core.Text.TsPropsFactoryTests" runstate="Runnable" seed="1680643672" result="Passed" start-time="2020-10-05 16:46:10Z" end-time="2020-10-05 16:46:10Z" duration="0.000284" asserts="5" />
              <test-case id="1-1121" name="MakeProps_NullStyle_CreatesTextPropsWithoutStyle" fullname="SIL.LCModel.Core.Text.TsPropsFactoryTests.MakeProps_NullStyle_CreatesTextPropsWithoutStyle" methodname="MakeProps_NullStyle_CreatesTextPropsWithoutStyle" classname="SIL.LCModel.Core.Text.TsPropsFactoryTests" runstate="Runnable" seed="325880014" result="Passed" start-time="2020-10-05 16:46:10Z" end-time="2020-10-05 16:46:10Z" duration="0.000357" asserts="4" />
            </test-suite>
            <test-suite type="TestFixture" id="1-1124" name="TsPropsSerializerTests" fullname="SIL.LCModel.Core.Text.TsPropsSerializerTests" classname="SIL.LCModel.Core.Text.TsPropsSerializerTests" runstate="Runnable" testcasecount="142" result="Passed" start-time="2020-10-05 16:46:10Z" end-time="2020-10-05 16:46:10Z" duration="0.062748" total="142" passed="142" failed="0" warnings="0" inconclusive="0" skipped="0" asserts="832">
              <test-case id="1-1176" name="DeserializePropsFromXml_Align" fullname="SIL.LCModel.Core.Text.TsPropsSerializerTests.DeserializePropsFromXml_Align" methodname="DeserializePropsFromXml_Align" classname="SIL.LCModel.Core.Text.TsPropsSerializerTests" runstate="Runnable" seed="435666269" result="Passed" start-time="2020-10-05 16:46:10Z" end-time="2020-10-05 16:46:10Z" duration="0.004879" asserts="30" />
              <test-case id="1-1177" name="DeserializePropsFromXml_Align_Fail" fullname="SIL.LCModel.Core.Text.TsPropsSerializerTests.DeserializePropsFromXml_Align_Fail" methodname="DeserializePropsFromXml_Align_Fail" classname="SIL.LCModel.Core.Text.TsPropsSerializerTests" runstate="Runnable" seed="938155701" result="Passed" start-time="2020-10-05 16:46:10Z" end-time="2020-10-05 16:46:10Z" duration="0.000920" asserts="1" />
              <test-case id="1-1178" name="DeserializePropsFromXml_Backcolor" fullname="SIL.LCModel.Core.Text.TsPropsSerializerTests.DeserializePropsFromXml_Backcolor" methodname="DeserializePropsFromXml_Backcolor" classname="SIL.LCModel.Core.Text.TsPropsSerializerTests" runstate="Runnable" seed="1418660529" result="Passed" start-time="2020-10-05 16:46:10Z" end-time="2020-10-05 16:46:10Z" duration="0.000979" asserts="25" />
              <test-case id="1-1179" name="DeserializePropsFromXml_Backcolor_Fail" fullname="SIL.LCModel.Core.Text.TsPropsSerializerTests.DeserializePropsFromXml_Backcolor_Fail" methodname="DeserializePropsFromXml_Backcolor_Fail" classname="SIL.LCModel.Core.Text.TsPropsSerializerTests" runstate="Runnable" seed="802641161" result="Passed" start-time="2020-10-05 16:46:10Z" end-time="2020-10-05 16:46:10Z" duration="0.000387" asserts="1" />
              <test-case id="1-1180" name="DeserializePropsFromXml_Bold" fullname="SIL.LCModel.Core.Text.TsPropsSerializerTests.DeserializePropsFromXml_Bold" methodname="DeserializePropsFromXml_Bold" classname="SIL.LCModel.Core.Text.TsPropsSerializerTests" runstate="Runnable" seed="1138015602" result="Passed" start-time="2020-10-05 16:46:10Z" end-time="2020-10-05 16:46:10Z" duration="0.000302" asserts="15" />
              <test-case id="1-1181" name="DeserializePropsFromXml_Bold_Fail" fullname="SIL.LCModel.Core.Text.TsPropsSerializerTests.DeserializePropsFromXml_Bold_Fail" methodname="DeserializePropsFromXml_Bold_Fail" classname="SIL.LCModel.Core.Text.TsPropsSerializerTests" runstate="Runnable" seed="211786242" result="Passed" start-time="2020-10-05 16:46:10Z" end-time="2020-10-05 16:46:10Z" duration="0.000343" asserts="1" />
              <test-case id="1-1182" name="DeserializePropsFromXml_BorderBottom" fullname="SIL.LCModel.Core.Text.TsPropsSerializerTests.DeserializePropsFromXml_BorderBottom" methodname="DeserializePropsFromXml_BorderBottom" classname="SIL.LCModel.Core.Text.TsPropsSerializerTests" runstate="Runnable" seed="581112077" result="Passed" start-time="2020-10-05 16:46:10Z" end-time="2020-10-05 16:46:10Z" duration="0.000394" asserts="10" />
              <test-case id="1-1183" name="DeserializePropsFromXml_BorderBottom_Fail" fullname="SIL.LCModel.Core.Text.TsPropsSerializerTests.DeserializePropsFromXml_BorderBottom_Fail" methodname="DeserializePropsFromXml_BorderBottom_Fail" classname="SIL.LCModel.Core.Text.TsPropsSerializerTests" runstate="Runnable" seed="1091653495" result="Passed" start-time="2020-10-05 16:46:10Z" end-time="2020-10-05 16:46:10Z" duration="0.000385" asserts="1" />
              <test-case id="1-1184" name="DeserializePropsFromXml_BorderColor" fullname="SIL.LCModel.Core.Text.TsPropsSerializerTests.DeserializePropsFromXml_BorderColor" methodname="DeserializePropsFromXml_BorderColor" classname="SIL.LCModel.Core.Text.TsPropsSerializerTests" runstate="Runnable" seed="366802358" result="Passed" start-time="2020-10-05 16:46:10Z" end-time="2020-10-05 16:46:10Z" duration="0.000188" asserts="25" />
              <test-case id="1-1185" name="DeserializePropsFromXml_BorderColor_Fail" fullname="SIL.LCModel.Core.Text.TsPropsSerializerTests.DeserializePropsFromXml_BorderColor_Fail" methodname="DeserializePropsFromXml_BorderColor_Fail" classname="SIL.LCModel.Core.Text.TsPropsSerializerTests" runstate="Runnable" seed="1524841190" result="Passed" start-time="2020-10-05 16:46:10Z" end-time="2020-10-05 16:46:10Z" duration="0.000247" asserts="1" />
              <test-case id="1-1186" name="DeserializePropsFromXml_BorderLeading" fullname="SIL.LCModel.Core.Text.TsPropsSerializerTests.DeserializePropsFromXml_BorderLeading" methodname="DeserializePropsFromXml_BorderLeading" classname="SIL.LCModel.Core.Text.TsPropsSerializerTests" runstate="Runnable" seed="265695943" result="Passed" start-time="2020-10-05 16:46:10Z" end-time="2020-10-05 16:46:10Z" duration="0.000129" asserts="10" />
              <test-case id="1-1187" name="DeserializePropsFromXml_BorderLeading_Fail" fullname="SIL.LCModel.Core.Text.TsPropsSerializerTests.DeserializePropsFromXml_BorderLeading_Fail" methodname="DeserializePropsFromXml_BorderLeading_Fail" classname="SIL.LCModel.Core.Text.TsPropsSerializerTests" runstate="Runnable" seed="480086409" result="Passed" start-time="2020-10-05 16:46:10Z" end-time="2020-10-05 16:46:10Z" duration="0.000240" asserts="1" />
              <test-case id="1-1188" name="DeserializePropsFromXml_BorderTop" fullname="SIL.LCModel.Core.Text.TsPropsSerializerTests.DeserializePropsFromXml_BorderTop" methodname="DeserializePropsFromXml_BorderTop" classname="SIL.LCModel.Core.Text.TsPropsSerializerTests" runstate="Runnable" seed="1814109213" result="Passed" start-time="2020-10-05 16:46:10Z" end-time="2020-10-05 16:46:10Z" duration="0.000125" asserts="10" />
              <test-case id="1-1189" name="DeserializePropsFromXml_BorderTop_Fail" fullname="SIL.LCModel.Core.Text.TsPropsSerializerTests.DeserializePropsFromXml_BorderTop_Fail" methodname="DeserializePropsFromXml_BorderTop_Fail" classname="SIL.LCModel.Core.Text.TsPropsSerializerTests" runstate="Runnable" seed="155189481" result="Passed" start-time="2020-10-05 16:46:10Z" end-time="2020-10-05 16:46:10Z" duration="0.000249" asserts="1" />
              <test-case id="1-1190" name="DeserializePropsFromXml_BorderTrailing" fullname="SIL.LCModel.Core.Text.TsPropsSerializerTests.DeserializePropsFromXml_BorderTrailing" methodname="DeserializePropsFromXml_BorderTrailing" classname="SIL.LCModel.Core.Text.TsPropsSerializerTests" runstate="Runnable" seed="872299880" result="Passed" start-time="2020-10-05 16:46:10Z" end-time="2020-10-05 16:46:10Z" duration="0.000124" asserts="10" />
              <test-case id="1-1191" name="DeserializePropsFromXml_BorderTrailing_Fail" fullname="SIL.LCModel.Core.Text.TsPropsSerializerTests.DeserializePropsFromXml_BorderTrailing_Fail" methodname="DeserializePropsFromXml_BorderTrailing_Fail" classname="SIL.LCModel.Core.Text.TsPropsSerializerTests" runstate="Runnable" seed="1929953984" result="Passed" start-time="2020-10-05 16:46:10Z" end-time="2020-10-05 16:46:10Z" duration="0.000234" asserts="1" />
              <test-case id="1-1192" name="DeserializePropsFromXml_BulNumFontInfo" fullname="SIL.LCModel.Core.Text.TsPropsSerializerTests.DeserializePropsFromXml_BulNumFontInfo" methodname="DeserializePropsFromXml_BulNumFontInfo" classname="SIL.LCModel.Core.Text.TsPropsSerializerTests" runstate="Runnable" seed="1878640349" result="Passed" start-time="2020-10-05 16:46:10Z" end-time="2020-10-05 16:46:10Z" duration="0.000969" asserts="4" />
              <test-case id="1-1193" name="DeserializePropsFromXml_BulNumScheme" fullname="SIL.LCModel.Core.Text.TsPropsSerializerTests.DeserializePropsFromXml_BulNumScheme" methodname="DeserializePropsFromXml_BulNumScheme" classname="SIL.LCModel.Core.Text.TsPropsSerializerTests" runstate="Runnable" seed="1042785674" result="Passed" start-time="2020-10-05 16:46:10Z" end-time="2020-10-05 16:46:10Z" duration="0.000121" asserts="10" />
              <test-case id="1-1194" name="DeserializePropsFromXml_BulNumScheme_Fail" fullname="SIL.LCModel.Core.Text.TsPropsSerializerTests.DeserializePropsFromXml_BulNumScheme_Fail" methodname="DeserializePropsFromXml_BulNumScheme_Fail" classname="SIL.LCModel.Core.Text.TsPropsSerializerTests" runstate="Runnable" seed="1357948686" result="Passed" start-time="2020-10-05 16:46:10Z" end-time="2020-10-05 16:46:10Z" duration="0.000255" asserts="1" />
              <test-case id="1-1195" name="DeserializePropsFromXml_BulNumStartAt" fullname="SIL.LCModel.Core.Text.TsPropsSerializerTests.DeserializePropsFromXml_BulNumStartAt" methodname="DeserializePropsFromXml_BulNumStartAt" classname="SIL.LCModel.Core.Text.TsPropsSerializerTests" runstate="Runnable" seed="684504910" result="Passed" start-time="2020-10-05 16:46:10Z" end-time="2020-10-05 16:46:10Z" duration="0.000112" asserts="10" />
              <test-case id="1-1196" name="DeserializePropsFromXml_BulNumStartAt_Fail" fullname="SIL.LCModel.Core.Text.TsPropsSerializerTests.DeserializePropsFromXml_BulNumStartAt_Fail" methodname="DeserializePropsFromXml_BulNumStartAt_Fail" classname="SIL.LCModel.Core.Text.TsPropsSerializerTests" runstate="Runnable" seed="383631558" result="Passed" start-time="2020-10-05 16:46:10Z" end-time="2020-10-05 16:46:10Z" duration="0.000228" asserts="1" />
              <test-case id="1-1197" name="DeserializePropsFromXml_BulNumTxtAft" fullname="SIL.LCModel.Core.Text.TsPropsSerializerTests.DeserializePropsFromXml_BulNumTxtAft" methodname="DeserializePropsFromXml_BulNumTxtAft" classname="SIL.LCModel.Core.Text.TsPropsSerializerTests" runstate="Runnable" seed="269040954" result="Passed" start-time="2020-10-05 16:46:10Z" end-time="2020-10-05 16:46:10Z" duration="0.000286" asserts="12" />
              <test-case id="1-1198" name="DeserializePropsFromXml_BulNumTxtBef" fullname="SIL.LCModel.Core.Text.TsPropsSerializerTests.DeserializePropsFromXml_BulNumTxtBef" methodname="DeserializePropsFromXml_BulNumTxtBef" classname="SIL.LCModel.Core.Text.TsPropsSerializerTests" runstate="Runnable" seed="1873222951" result="Passed" start-time="2020-10-05 16:46:10Z" end-time="2020-10-05 16:46:10Z" duration="0.000123" asserts="12" />
              <test-case id="1-1199" name="DeserializePropsFromXml_ContextString" fullname="SIL.LCModel.Core.Text.TsPropsSerializerTests.DeserializePropsFromXml_ContextString" methodname="DeserializePropsFromXml_ContextString" classname="SIL.LCModel.Core.Text.TsPropsSerializerTests" runstate="Runnable" seed="1579111511" result="Passed" start-time="2020-10-05 16:46:10Z" end-time="2020-10-05 16:46:10Z" duration="0.002033" asserts="5" />
              <test-case id="1-1200" name="DeserializePropsFromXml_FirstIndent" fullname="SIL.LCModel.Core.Text.TsPropsSerializerTests.DeserializePropsFromXml_FirstIndent" methodname="DeserializePropsFromXml_FirstIndent" classname="SIL.LCModel.Core.Text.TsPropsSerializerTests" runstate="Runnable" seed="204002854" result="Passed" start-time="2020-10-05 16:46:10Z" end-time="2020-10-05 16:46:10Z" duration="0.000254" asserts="15" />
              <test-case id="1-1201" name="DeserializePropsFromXml_FontFamily" fullname="SIL.LCModel.Core.Text.TsPropsSerializerTests.DeserializePropsFromXml_FontFamily" methodname="DeserializePropsFromXml_FontFamily" classname="SIL.LCModel.Core.Text.TsPropsSerializerTests" runstate="Runnable" seed="1642372724" result="Passed" start-time="2020-10-05 16:46:10Z" end-time="2020-10-05 16:46:10Z" duration="0.000126" asserts="8" />
              <test-case id="1-1202" name="DeserializePropsFromXml_Fontsize" fullname="SIL.LCModel.Core.Text.TsPropsSerializerTests.DeserializePropsFromXml_Fontsize" methodname="DeserializePropsFromXml_Fontsize" classname="SIL.LCModel.Core.Text.TsPropsSerializerTests" runstate="Runnable" seed="2072739129" result="Passed" start-time="2020-10-05 16:46:10Z" end-time="2020-10-05 16:46:10Z" duration="0.000184" asserts="20" />
              <test-case id="1-1203" name="DeserializePropsFromXml_Fontsize_Fail1" fullname="SIL.LCModel.Core.Text.TsPropsSerializerTests.DeserializePropsFromXml_Fontsize_Fail1" methodname="DeserializePropsFromXml_Fontsize_Fail1" classname="SIL.LCModel.Core.Text.TsPropsSerializerTests" runstate="Runnable" seed="727358104" result="Passed" start-time="2020-10-05 16:46:10Z" end-time="2020-10-05 16:46:10Z" duration="0.000324" asserts="1" />
              <test-case id="1-1204" name="DeserializePropsFromXml_Fontsize_Fail2" fullname="SIL.LCModel.Core.Text.TsPropsSerializerTests.DeserializePropsFromXml_Fontsize_Fail2" methodname="DeserializePropsFromXml_Fontsize_Fail2" classname="SIL.LCModel.Core.Text.TsPropsSerializerTests" runstate="Runnable" seed="1917602097" result="Passed" start-time="2020-10-05 16:46:10Z" end-time="2020-10-05 16:46:10Z" duration="0.000280" asserts="1" />
              <test-case id="1-1205" name="DeserializePropsFromXml_FontVariations" fullname="SIL.LCModel.Core.Text.TsPropsSerializerTests.DeserializePropsFromXml_FontVariations" methodname="DeserializePropsFromXml_FontVariations" classname="SIL.LCModel.Core.Text.TsPropsSerializerTests" runstate="Runnable" seed="1463639342" result="Passed" start-time="2020-10-05 16:46:10Z" end-time="2020-10-05 16:46:10Z" duration="0.000090" asserts="4" />
              <test-case id="1-1206" name="DeserializePropsFromXml_Forecolor" fullname="SIL.LCModel.Core.Text.TsPropsSerializerTests.DeserializePropsFromXml_Forecolor" methodname="DeserializePropsFromXml_Forecolor" classname="SIL.LCModel.Core.Text.TsPropsSerializerTests" runstate="Runnable" seed="1583505941" result="Passed" start-time="2020-10-05 16:46:10Z" end-time="2020-10-05 16:46:10Z" duration="0.000176" asserts="25" />
              <test-case id="1-1207" name="DeserializePropsFromXml_Forecolor_Fail" fullname="SIL.LCModel.Core.Text.TsPropsSerializerTests.DeserializePropsFromXml_Forecolor_Fail" methodname="DeserializePropsFromXml_Forecolor_Fail" classname="SIL.LCModel.Core.Text.TsPropsSerializerTests" runstate="Runnable" seed="610538421" result="Passed" start-time="2020-10-05 16:46:10Z" end-time="2020-10-05 16:46:10Z" duration="0.000229" asserts="1" />
              <test-case id="1-1208" name="DeserializePropsFromXml_Italic" fullname="SIL.LCModel.Core.Text.TsPropsSerializerTests.DeserializePropsFromXml_Italic" methodname="DeserializePropsFromXml_Italic" classname="SIL.LCModel.Core.Text.TsPropsSerializerTests" runstate="Runnable" seed="129288606" result="Passed" start-time="2020-10-05 16:46:10Z" end-time="2020-10-05 16:46:10Z" duration="0.000134" asserts="15" />
              <test-case id="1-1209" name="DeserializePropsFromXml_Italic_Fail" fullname="SIL.LCModel.Core.Text.TsPropsSerializerTests.DeserializePropsFromXml_Italic_Fail" methodname="DeserializePropsFromXml_Italic_Fail" classname="SIL.LCModel.Core.Text.TsPropsSerializerTests" runstate="Runnable" seed="808161241" result="Passed" start-time="2020-10-05 16:46:10Z" end-time="2020-10-05 16:46:10Z" duration="0.000214" asserts="1" />
              <test-case id="1-1210" name="DeserializePropsFromXml_KeepTogether" fullname="SIL.LCModel.Core.Text.TsPropsSerializerTests.DeserializePropsFromXml_KeepTogether" methodname="DeserializePropsFromXml_KeepTogether" classname="SIL.LCModel.Core.Text.TsPropsSerializerTests" runstate="Runnable" seed="653906166" result="Passed" start-time="2020-10-05 16:46:10Z" end-time="2020-10-05 16:46:10Z" duration="0.000120" asserts="10" />
              <test-case id="1-1211" name="DeserializePropsFromXml_KeepTogether_Fail" fullname="SIL.LCModel.Core.Text.TsPropsSerializerTests.DeserializePropsFromXml_KeepTogether_Fail" methodname="DeserializePropsFromXml_KeepTogether_Fail" classname="SIL.LCModel.Core.Text.TsPropsSerializerTests" runstate="Runnable" seed="450248957" result="Passed" start-time="2020-10-05 16:46:10Z" end-time="2020-10-05 16:46:10Z" duration="0.000230" asserts="1" />
              <test-case id="1-1212" name="DeserializePropsFromXml_KeepWithNext" fullname="SIL.LCModel.Core.Text.TsPropsSerializerTests.DeserializePropsFromXml_KeepWithNext" methodname="DeserializePropsFromXml_KeepWithNext" classname="SIL.LCModel.Core.Text.TsPropsSerializerTests" runstate="Runnable" seed="379990417" result="Passed" start-time="2020-10-05 16:46:10Z" end-time="2020-10-05 16:46:10Z" duration="0.000120" asserts="10" />
              <test-case id="1-1213" name="DeserializePropsFromXml_KeepWithNext_Fail" fullname="SIL.LCModel.Core.Text.TsPropsSerializerTests.DeserializePropsFromXml_KeepWithNext_Fail" methodname="DeserializePropsFromXml_KeepWithNext_Fail" classname="SIL.LCModel.Core.Text.TsPropsSerializerTests" runstate="Runnable" seed="1580547977" result="Passed" start-time="2020-10-05 16:46:10Z" end-time="2020-10-05 16:46:10Z" duration="0.000239" asserts="1" />
              <test-case id="1-1214" name="DeserializePropsFromXml_LeadingIndent" fullname="SIL.LCModel.Core.Text.TsPropsSerializerTests.DeserializePropsFromXml_LeadingIndent" methodname="DeserializePropsFromXml_LeadingIndent" classname="SIL.LCModel.Core.Text.TsPropsSerializerTests" runstate="Runnable" seed="1537494674" result="Passed" start-time="2020-10-05 16:46:10Z" end-time="2020-10-05 16:46:10Z" duration="0.000160" asserts="10" />
              <test-case id="1-1215" name="DeserializePropsFromXml_LeadingIndent_Fail" fullname="SIL.LCModel.Core.Text.TsPropsSerializerTests.DeserializePropsFromXml_LeadingIndent_Fail" methodname="DeserializePropsFromXml_LeadingIndent_Fail" classname="SIL.LCModel.Core.Text.TsPropsSerializerTests" runstate="Runnable" seed="492625367" result="Passed" start-time="2020-10-05 16:46:10Z" end-time="2020-10-05 16:46:10Z" duration="0.000241" asserts="1" />
              <test-case id="1-1216" name="DeserializePropsFromXml_LineHeight" fullname="SIL.LCModel.Core.Text.TsPropsSerializerTests.DeserializePropsFromXml_LineHeight" methodname="DeserializePropsFromXml_LineHeight" classname="SIL.LCModel.Core.Text.TsPropsSerializerTests" runstate="Runnable" seed="333081324" result="Passed" start-time="2020-10-05 16:46:10Z" end-time="2020-10-05 16:46:10Z" duration="0.000274" asserts="30" />
              <test-case id="1-1217" name="DeserializePropsFromXml_LineHeight_Fail1" fullname="SIL.LCModel.Core.Text.TsPropsSerializerTests.DeserializePropsFromXml_LineHeight_Fail1" methodname="DeserializePropsFromXml_LineHeight_Fail1" classname="SIL.LCModel.Core.Text.TsPropsSerializerTests" runstate="Runnable" seed="1745569008" result="Passed" start-time="2020-10-05 16:46:10Z" end-time="2020-10-05 16:46:10Z" duration="0.000246" asserts="1" />
              <test-case id="1-1218" name="DeserializePropsFromXml_LineHeight_Fail2" fullname="SIL.LCModel.Core.Text.TsPropsSerializerTests.DeserializePropsFromXml_LineHeight_Fail2" methodname="DeserializePropsFromXml_LineHeight_Fail2" classname="SIL.LCModel.Core.Text.TsPropsSerializerTests" runstate="Runnable" seed="350589298" result="Passed" start-time="2020-10-05 16:46:10Z" end-time="2020-10-05 16:46:10Z" duration="0.000247" asserts="1" />
              <test-case id="1-1219" name="DeserializePropsFromXml_LineHeight_Fail3" fullname="SIL.LCModel.Core.Text.TsPropsSerializerTests.DeserializePropsFromXml_LineHeight_Fail3" methodname="DeserializePropsFromXml_LineHeight_Fail3" classname="SIL.LCModel.Core.Text.TsPropsSerializerTests" runstate="Runnable" seed="1652894868" result="Passed" start-time="2020-10-05 16:46:10Z" end-time="2020-10-05 16:46:10Z" duration="0.000306" asserts="1" />
              <test-case id="1-1220" name="DeserializePropsFromXml_Link" fullname="SIL.LCModel.Core.Text.TsPropsSerializerTests.DeserializePropsFromXml_Link" methodname="DeserializePropsFromXml_Link" classname="SIL.LCModel.Core.Text.TsPropsSerializerTests" runstate="Runnable" seed="1089557675" result="Passed" start-time="2020-10-05 16:46:10Z" end-time="2020-10-05 16:46:10Z" duration="0.000171" asserts="5" />
              <test-case id="1-1221" name="DeserializePropsFromXml_MarginBottom" fullname="SIL.LCModel.Core.Text.TsPropsSerializerTests.DeserializePropsFromXml_MarginBottom" methodname="DeserializePropsFromXml_MarginBottom" classname="SIL.LCModel.Core.Text.TsPropsSerializerTests" runstate="Runnable" seed="1451325929" result="Passed" start-time="2020-10-05 16:46:10Z" end-time="2020-10-05 16:46:10Z" duration="0.000117" asserts="10" />
              <test-case id="1-1222" name="DeserializePropsFromXml_MarginBottom_Fail" fullname="SIL.LCModel.Core.Text.TsPropsSerializerTests.DeserializePropsFromXml_MarginBottom_Fail" methodname="DeserializePropsFromXml_MarginBottom_Fail" classname="SIL.LCModel.Core.Text.TsPropsSerializerTests" runstate="Runnable" seed="145713523" result="Passed" start-time="2020-10-05 16:46:10Z" end-time="2020-10-05 16:46:10Z" duration="0.000233" asserts="1" />
              <test-case id="1-1223" name="DeserializePropsFromXml_MarginLeading" fullname="SIL.LCModel.Core.Text.TsPropsSerializerTests.DeserializePropsFromXml_MarginLeading" methodname="DeserializePropsFromXml_MarginLeading" classname="SIL.LCModel.Core.Text.TsPropsSerializerTests" runstate="Runnable" seed="75588706" result="Passed" start-time="2020-10-05 16:46:10Z" end-time="2020-10-05 16:46:10Z" duration="0.000127" asserts="10" />
              <test-case id="1-1224" name="DeserializePropsFromXml_MarginLeading_Fail" fullname="SIL.LCModel.Core.Text.TsPropsSerializerTests.DeserializePropsFromXml_MarginLeading_Fail" methodname="DeserializePropsFromXml_MarginLeading_Fail" classname="SIL.LCModel.Core.Text.TsPropsSerializerTests" runstate="Runnable" seed="795359452" result="Passed" start-time="2020-10-05 16:46:10Z" end-time="2020-10-05 16:46:10Z" duration="0.000255" asserts="1" />
              <test-case id="1-1225" name="DeserializePropsFromXml_MarginTop" fullname="SIL.LCModel.Core.Text.TsPropsSerializerTests.DeserializePropsFromXml_MarginTop" methodname="DeserializePropsFromXml_MarginTop" classname="SIL.LCModel.Core.Text.TsPropsSerializerTests" runstate="Runnable" seed="1669542418" result="Passed" start-time="2020-10-05 16:46:10Z" end-time="2020-10-05 16:46:10Z" duration="0.000128" asserts="10" />
              <test-case id="1-1226" name="DeserializePropsFromXml_MarginTop_Fail" fullname="SIL.LCModel.Core.Text.TsPropsSerializerTests.DeserializePropsFromXml_MarginTop_Fail" methodname="DeserializePropsFromXml_MarginTop_Fail" classname="SIL.LCModel.Core.Text.TsPropsSerializerTests" runstate="Runnable" seed="899153617" result="Passed" start-time="2020-10-05 16:46:10Z" end-time="2020-10-05 16:46:10Z" duration="0.000228" asserts="1" />
              <test-case id="1-1227" name="DeserializePropsFromXml_MarginTrailing" fullname="SIL.LCModel.Core.Text.TsPropsSerializerTests.DeserializePropsFromXml_MarginTrailing" methodname="DeserializePropsFromXml_MarginTrailing" classname="SIL.LCModel.Core.Text.TsPropsSerializerTests" runstate="Runnable" seed="1786179800" result="Passed" start-time="2020-10-05 16:46:10Z" end-time="2020-10-05 16:46:10Z" duration="0.000125" asserts="10" />
              <test-case id="1-1228" name="DeserializePropsFromXml_MarginTrailing_Fail" fullname="SIL.LCModel.Core.Text.TsPropsSerializerTests.DeserializePropsFromXml_MarginTrailing_Fail" methodname="DeserializePropsFromXml_MarginTrailing_Fail" classname="SIL.LCModel.Core.Text.TsPropsSerializerTests" runstate="Runnable" seed="185391536" result="Passed" start-time="2020-10-05 16:46:10Z" end-time="2020-10-05 16:46:10Z" duration="0.000224" asserts="1" />
              <test-case id="1-1229" name="DeserializePropsFromXml_MoveableObj" fullname="SIL.LCModel.Core.Text.TsPropsSerializerTests.DeserializePropsFromXml_MoveableObj" methodname="DeserializePropsFromXml_MoveableObj" classname="SIL.LCModel.Core.Text.TsPropsSerializerTests" runstate="Runnable" seed="1834204919" result="Passed" start-time="2020-10-05 16:46:10Z" end-time="2020-10-05 16:46:10Z" duration="0.000169" asserts="5" />
              <test-case id="1-1231" name="DeserializePropsFromXml_NegativeOffset" fullname="SIL.LCModel.Core.Text.TsPropsSerializerTests.DeserializePropsFromXml_NegativeOffset" methodname="DeserializePropsFromXml_NegativeOffset" classname="SIL.LCModel.Core.Text.TsPropsSerializerTests" runstate="Runnable" seed="1068160016" result="Passed" start-time="2020-10-05 16:46:10Z" end-time="2020-10-05 16:46:10Z" duration="0.000100" asserts="5" />
              <test-case id="1-1232" name="DeserializePropsFromXml_NegativeOffset_CurrentCultureRedefinesNegativeSign" fullname="SIL.LCModel.Core.Text.TsPropsSerializerTests.DeserializePropsFromXml_NegativeOffset_CurrentCultureRedefinesNegativeSign" methodname="DeserializePropsFromXml_NegativeOffset_CurrentCultureRedefinesNegativeSign" classname="SIL.LCModel.Core.Text.TsPropsSerializerTests" runstate="Runnable" seed="1019015880" result="Passed" start-time="2020-10-05 16:46:10Z" end-time="2020-10-05 16:46:10Z" duration="0.000334" asserts="5" />
              <test-case id="1-1230" name="DeserializePropsFromXml_Offset" fullname="SIL.LCModel.Core.Text.TsPropsSerializerTests.DeserializePropsFromXml_Offset" methodname="DeserializePropsFromXml_Offset" classname="SIL.LCModel.Core.Text.TsPropsSerializerTests" runstate="Runnable" seed="1852343785" result="Passed" start-time="2020-10-05 16:46:10Z" end-time="2020-10-05 16:46:10Z" duration="0.000192" asserts="20" />
              <test-case id="1-1233" name="DeserializePropsFromXml_Offset_Fail2" fullname="SIL.LCModel.Core.Text.TsPropsSerializerTests.DeserializePropsFromXml_Offset_Fail2" methodname="DeserializePropsFromXml_Offset_Fail2" classname="SIL.LCModel.Core.Text.TsPropsSerializerTests" runstate="Runnable" seed="313058394" result="Passed" start-time="2020-10-05 16:46:10Z" end-time="2020-10-05 16:46:10Z" duration="0.000266" asserts="1" />
              <test-case id="1-1234" name="DeserializePropsFromXml_Ownlink" fullname="SIL.LCModel.Core.Text.TsPropsSerializerTests.DeserializePropsFromXml_Ownlink" methodname="DeserializePropsFromXml_Ownlink" classname="SIL.LCModel.Core.Text.TsPropsSerializerTests" runstate="Runnable" seed="194535752" result="Passed" start-time="2020-10-05 16:46:10Z" end-time="2020-10-05 16:46:10Z" duration="0.000172" asserts="5" />
              <test-case id="1-1235" name="DeserializePropsFromXml_PadBottom" fullname="SIL.LCModel.Core.Text.TsPropsSerializerTests.DeserializePropsFromXml_PadBottom" methodname="DeserializePropsFromXml_PadBottom" classname="SIL.LCModel.Core.Text.TsPropsSerializerTests" runstate="Runnable" seed="1541341608" result="Passed" start-time="2020-10-05 16:46:10Z" end-time="2020-10-05 16:46:10Z" duration="0.000112" asserts="10" />
              <test-case id="1-1236" name="DeserializePropsFromXml_PadBottom_Fail" fullname="SIL.LCModel.Core.Text.TsPropsSerializerTests.DeserializePropsFromXml_PadBottom_Fail" methodname="DeserializePropsFromXml_PadBottom_Fail" classname="SIL.LCModel.Core.Text.TsPropsSerializerTests" runstate="Runnable" seed="604797044" result="Passed" start-time="2020-10-05 16:46:10Z" end-time="2020-10-05 16:46:10Z" duration="0.000238" asserts="1" />
              <test-case id="1-1237" name="DeserializePropsFromXml_PadLeading" fullname="SIL.LCModel.Core.Text.TsPropsSerializerTests.DeserializePropsFromXml_PadLeading" methodname="DeserializePropsFromXml_PadLeading" classname="SIL.LCModel.Core.Text.TsPropsSerializerTests" runstate="Runnable" seed="2098675750" result="Passed" start-time="2020-10-05 16:46:10Z" end-time="2020-10-05 16:46:10Z" duration="0.000124" asserts="10" />
              <test-case id="1-1238" name="DeserializePropsFromXml_PadLeading_Fail" fullname="SIL.LCModel.Core.Text.TsPropsSerializerTests.DeserializePropsFromXml_PadLeading_Fail" methodname="DeserializePropsFromXml_PadLeading_Fail" classname="SIL.LCModel.Core.Text.TsPropsSerializerTests" runstate="Runnable" seed="1071353813" result="Passed" start-time="2020-10-05 16:46:10Z" end-time="2020-10-05 16:46:10Z" duration="0.000234" asserts="1" />
              <test-case id="1-1239" name="DeserializePropsFromXml_PadTop" fullname="SIL.LCModel.Core.Text.TsPropsSerializerTests.DeserializePropsFromXml_PadTop" methodname="DeserializePropsFromXml_PadTop" classname="SIL.LCModel.Core.Text.TsPropsSerializerTests" runstate="Runnable" seed="292565463" result="Passed" start-time="2020-10-05 16:46:10Z" end-time="2020-10-05 16:46:10Z" duration="0.000112" asserts="10" />
              <test-case id="1-1240" name="DeserializePropsFromXml_PadTop_Fail" fullname="SIL.LCModel.Core.Text.TsPropsSerializerTests.DeserializePropsFromXml_PadTop_Fail" methodname="DeserializePropsFromXml_PadTop_Fail" classname="SIL.LCModel.Core.Text.TsPropsSerializerTests" runstate="Runnable" seed="602344281" result="Passed" start-time="2020-10-05 16:46:10Z" end-time="2020-10-05 16:46:10Z" duration="0.000287" asserts="1" />
              <test-case id="1-1241" name="DeserializePropsFromXml_PadTrailing" fullname="SIL.LCModel.Core.Text.TsPropsSerializerTests.DeserializePropsFromXml_PadTrailing" methodname="DeserializePropsFromXml_PadTrailing" classname="SIL.LCModel.Core.Text.TsPropsSerializerTests" runstate="Runnable" seed="845888255" result="Passed" start-time="2020-10-05 16:46:10Z" end-time="2020-10-05 16:46:10Z" duration="0.000140" asserts="10" />
              <test-case id="1-1242" name="DeserializePropsFromXml_PadTrailing_Fail" fullname="SIL.LCModel.Core.Text.TsPropsSerializerTests.DeserializePropsFromXml_PadTrailing_Fail" methodname="DeserializePropsFromXml_PadTrailing_Fail" classname="SIL.LCModel.Core.Text.TsPropsSerializerTests" runstate="Runnable" seed="616181816" result="Passed" start-time="2020-10-05 16:46:10Z" end-time="2020-10-05 16:46:10Z" duration="0.000340" asserts="1" />
              <test-case id="1-1243" name="DeserializePropsFromXml_Paracolor" fullname="SIL.LCModel.Core.Text.TsPropsSerializerTests.DeserializePropsFromXml_Paracolor" methodname="DeserializePropsFromXml_Paracolor" classname="SIL.LCModel.Core.Text.TsPropsSerializerTests" runstate="Runnable" seed="287795234" result="Passed" start-time="2020-10-05 16:46:10Z" end-time="2020-10-05 16:46:10Z" duration="0.000945" asserts="25" />
              <test-case id="1-1244" name="DeserializePropsFromXml_Paracolor_Fail" fullname="SIL.LCModel.Core.Text.TsPropsSerializerTests.DeserializePropsFromXml_Paracolor_Fail" methodname="DeserializePropsFromXml_Paracolor_Fail" classname="SIL.LCModel.Core.Text.TsPropsSerializerTests" runstate="Runnable" seed="2092058499" result="Passed" start-time="2020-10-05 16:46:10Z" end-time="2020-10-05 16:46:10Z" duration="0.000349" asserts="1" />
              <test-case id="1-1245" name="DeserializePropsFromXml_RightToLeft" fullname="SIL.LCModel.Core.Text.TsPropsSerializerTests.DeserializePropsFromXml_RightToLeft" methodname="DeserializePropsFromXml_RightToLeft" classname="SIL.LCModel.Core.Text.TsPropsSerializerTests" runstate="Runnable" seed="484878957" result="Passed" start-time="2020-10-05 16:46:10Z" end-time="2020-10-05 16:46:10Z" duration="0.000151" asserts="15" />
              <test-case id="1-1246" name="DeserializePropsFromXml_RightToLeft_Fail" fullname="SIL.LCModel.Core.Text.TsPropsSerializerTests.DeserializePropsFromXml_RightToLeft_Fail" methodname="DeserializePropsFromXml_RightToLeft_Fail" classname="SIL.LCModel.Core.Text.TsPropsSerializerTests" runstate="Runnable" seed="1880808286" result="Passed" start-time="2020-10-05 16:46:10Z" end-time="2020-10-05 16:46:10Z" duration="0.000284" asserts="1" />
              <test-case id="1-1247" name="DeserializePropsFromXml_SpaceAfter" fullname="SIL.LCModel.Core.Text.TsPropsSerializerTests.DeserializePropsFromXml_SpaceAfter" methodname="DeserializePropsFromXml_SpaceAfter" classname="SIL.LCModel.Core.Text.TsPropsSerializerTests" runstate="Runnable" seed="1870871208" result="Passed" start-time="2020-10-05 16:46:10Z" end-time="2020-10-05 16:46:10Z" duration="0.000154" asserts="15" />
              <test-case id="1-1248" name="DeserializePropsFromXml_SpaceBefore" fullname="SIL.LCModel.Core.Text.TsPropsSerializerTests.DeserializePropsFromXml_SpaceBefore" methodname="DeserializePropsFromXml_SpaceBefore" classname="SIL.LCModel.Core.Text.TsPropsSerializerTests" runstate="Runnable" seed="137009600" result="Passed" start-time="2020-10-05 16:46:10Z" end-time="2020-10-05 16:46:10Z" duration="0.000152" asserts="15" />
              <test-case id="1-1249" name="DeserializePropsFromXml_Spellcheck" fullname="SIL.LCModel.Core.Text.TsPropsSerializerTests.DeserializePropsFromXml_Spellcheck" methodname="DeserializePropsFromXml_Spellcheck" classname="SIL.LCModel.Core.Text.TsPropsSerializerTests" runstate="Runnable" seed="33150158" result="Passed" start-time="2020-10-05 16:46:10Z" end-time="2020-10-05 16:46:10Z" duration="0.000265" asserts="15" />
              <test-case id="1-1250" name="DeserializePropsFromXml_Spellcheck_Fail" fullname="SIL.LCModel.Core.Text.TsPropsSerializerTests.DeserializePropsFromXml_Spellcheck_Fail" methodname="DeserializePropsFromXml_Spellcheck_Fail" classname="SIL.LCModel.Core.Text.TsPropsSerializerTests" runstate="Runnable" seed="264769115" result="Passed" start-time="2020-10-05 16:46:10Z" end-time="2020-10-05 16:46:10Z" duration="0.000270" asserts="1" />
              <test-case id="1-1251" name="DeserializePropsFromXml_Superscript" fullname="SIL.LCModel.Core.Text.TsPropsSerializerTests.DeserializePropsFromXml_Superscript" methodname="DeserializePropsFromXml_Superscript" classname="SIL.LCModel.Core.Text.TsPropsSerializerTests" runstate="Runnable" seed="2124785929" result="Passed" start-time="2020-10-05 16:46:10Z" end-time="2020-10-05 16:46:10Z" duration="0.000136" asserts="15" />
              <test-case id="1-1252" name="DeserializePropsFromXml_Superscript_Fail" fullname="SIL.LCModel.Core.Text.TsPropsSerializerTests.DeserializePropsFromXml_Superscript_Fail" methodname="DeserializePropsFromXml_Superscript_Fail" classname="SIL.LCModel.Core.Text.TsPropsSerializerTests" runstate="Runnable" seed="1370955076" result="Passed" start-time="2020-10-05 16:46:10Z" end-time="2020-10-05 16:46:10Z" duration="0.000226" asserts="1" />
              <test-case id="1-1253" name="DeserializePropsFromXml_Tags" fullname="SIL.LCModel.Core.Text.TsPropsSerializerTests.DeserializePropsFromXml_Tags" methodname="DeserializePropsFromXml_Tags" classname="SIL.LCModel.Core.Text.TsPropsSerializerTests" runstate="Runnable" seed="676460501" result="Passed" start-time="2020-10-05 16:46:10Z" end-time="2020-10-05 16:46:10Z" duration="0.000532" asserts="4" />
              <test-case id="1-1254" name="DeserializePropsFromXml_Tags_SeparatedWithLetterI" fullname="SIL.LCModel.Core.Text.TsPropsSerializerTests.DeserializePropsFromXml_Tags_SeparatedWithLetterI" methodname="DeserializePropsFromXml_Tags_SeparatedWithLetterI" classname="SIL.LCModel.Core.Text.TsPropsSerializerTests" runstate="Runnable" seed="2040275490" result="Passed" start-time="2020-10-05 16:46:10Z" end-time="2020-10-05 16:46:10Z" duration="0.000265" asserts="4" />
              <test-case id="1-1255" name="DeserializePropsFromXml_TrailingIndent" fullname="SIL.LCModel.Core.Text.TsPropsSerializerTests.DeserializePropsFromXml_TrailingIndent" methodname="DeserializePropsFromXml_TrailingIndent" classname="SIL.LCModel.Core.Text.TsPropsSerializerTests" runstate="Runnable" seed="945657583" result="Passed" start-time="2020-10-05 16:46:10Z" end-time="2020-10-05 16:46:10Z" duration="0.000133" asserts="10" />
              <test-case id="1-1256" name="DeserializePropsFromXml_TrailingIndent_Fail" fullname="SIL.LCModel.Core.Text.TsPropsSerializerTests.DeserializePropsFromXml_TrailingIndent_Fail" methodname="DeserializePropsFromXml_TrailingIndent_Fail" classname="SIL.LCModel.Core.Text.TsPropsSerializerTests" runstate="Runnable" seed="1998781383" result="Passed" start-time="2020-10-05 16:46:10Z" end-time="2020-10-05 16:46:10Z" duration="0.000232" asserts="1" />
              <test-case id="1-1257" name="DeserializePropsFromXml_Undercolor" fullname="SIL.LCModel.Core.Text.TsPropsSerializerTests.DeserializePropsFromXml_Undercolor" methodname="DeserializePropsFromXml_Undercolor" classname="SIL.LCModel.Core.Text.TsPropsSerializerTests" runstate="Runnable" seed="2131506218" result="Passed" start-time="2020-10-05 16:46:10Z" end-time="2020-10-05 16:46:10Z" duration="0.000178" asserts="25" />
              <test-case id="1-1258" name="DeserializePropsFromXml_Undercolor_Fail" fullname="SIL.LCModel.Core.Text.TsPropsSerializerTests.DeserializePropsFromXml_Undercolor_Fail" methodname="DeserializePropsFromXml_Undercolor_Fail" classname="SIL.LCModel.Core.Text.TsPropsSerializerTests" runstate="Runnable" seed="471615430" result="Passed" start-time="2020-10-05 16:46:10Z" end-time="2020-10-05 16:46:10Z" duration="0.000226" asserts="1" />
              <test-case id="1-1259" name="DeserializePropsFromXml_Underline" fullname="SIL.LCModel.Core.Text.TsPropsSerializerTests.DeserializePropsFromXml_Underline" methodname="DeserializePropsFromXml_Underline" classname="SIL.LCModel.Core.Text.TsPropsSerializerTests" runstate="Runnable" seed="1508676248" result="Passed" start-time="2020-10-05 16:46:10Z" end-time="2020-10-05 16:46:10Z" duration="0.000232" asserts="35" />
              <test-case id="1-1260" name="DeserializePropsFromXml_Underline_Fail" fullname="SIL.LCModel.Core.Text.TsPropsSerializerTests.DeserializePropsFromXml_Underline_Fail" methodname="DeserializePropsFromXml_Underline_Fail" classname="SIL.LCModel.Core.Text.TsPropsSerializerTests" runstate="Runnable" seed="1647827330" result="Passed" start-time="2020-10-05 16:46:10Z" end-time="2020-10-05 16:46:10Z" duration="0.000239" asserts="1" />
              <test-case id="1-1261" name="DeserializePropsFromXml_WidowOrphan" fullname="SIL.LCModel.Core.Text.TsPropsSerializerTests.DeserializePropsFromXml_WidowOrphan" methodname="DeserializePropsFromXml_WidowOrphan" classname="SIL.LCModel.Core.Text.TsPropsSerializerTests" runstate="Runnable" seed="2031434428" result="Passed" start-time="2020-10-05 16:46:10Z" end-time="2020-10-05 16:46:10Z" duration="0.000131" asserts="10" />
              <test-case id="1-1262" name="DeserializePropsFromXml_WidowOrphan_Fail" fullname="SIL.LCModel.Core.Text.TsPropsSerializerTests.DeserializePropsFromXml_WidowOrphan_Fail" methodname="DeserializePropsFromXml_WidowOrphan_Fail" classname="SIL.LCModel.Core.Text.TsPropsSerializerTests" runstate="Runnable" seed="1726236196" result="Passed" start-time="2020-10-05 16:46:10Z" end-time="2020-10-05 16:46:10Z" duration="0.000234" asserts="1" />
              <test-case id="1-1263" name="DeserializePropsFromXml_WsBase" fullname="SIL.LCModel.Core.Text.TsPropsSerializerTests.DeserializePropsFromXml_WsBase" methodname="DeserializePropsFromXml_WsBase" classname="SIL.LCModel.Core.Text.TsPropsSerializerTests" runstate="Runnable" seed="961427348" result="Passed" start-time="2020-10-05 16:46:10Z" end-time="2020-10-05 16:46:10Z" duration="0.000703" asserts="10" />
              <test-case id="1-1264" name="DeserializePropsFromXml_WsBase_Fail" fullname="SIL.LCModel.Core.Text.TsPropsSerializerTests.DeserializePropsFromXml_WsBase_Fail" methodname="DeserializePropsFromXml_WsBase_Fail" classname="SIL.LCModel.Core.Text.TsPropsSerializerTests" runstate="Runnable" seed="1890418795" result="Passed" start-time="2020-10-05 16:46:10Z" end-time="2020-10-05 16:46:10Z" duration="0.000407" asserts="1" />
              <test-case id="1-1265" name="DeserializePropsFromXml_WsStyles9999" fullname="SIL.LCModel.Core.Text.TsPropsSerializerTests.DeserializePropsFromXml_WsStyles9999" methodname="DeserializePropsFromXml_WsStyles9999" classname="SIL.LCModel.Core.Text.TsPropsSerializerTests" runstate="Runnable" seed="442196675" result="Passed" start-time="2020-10-05 16:46:10Z" end-time="2020-10-05 16:46:10Z" duration="0.001116" asserts="4" />
              <test-case id="1-1266" name="DeserializePropsFromXml_WsStyles9999_WithStrProps" fullname="SIL.LCModel.Core.Text.TsPropsSerializerTests.DeserializePropsFromXml_WsStyles9999_WithStrProps" methodname="DeserializePropsFromXml_WsStyles9999_WithStrProps" classname="SIL.LCModel.Core.Text.TsPropsSerializerTests" runstate="Runnable" seed="652720689" result="Passed" start-time="2020-10-05 16:46:10Z" end-time="2020-10-05 16:46:10Z" duration="0.000129" asserts="4" />
              <test-case id="1-1125" name="SerializePropsToXml_Align" fullname="SIL.LCModel.Core.Text.TsPropsSerializerTests.SerializePropsToXml_Align" methodname="SerializePropsToXml_Align" classname="SIL.LCModel.Core.Text.TsPropsSerializerTests" runstate="Runnable" seed="416427736" result="Passed" start-time="2020-10-05 16:46:10Z" end-time="2020-10-05 16:46:10Z" duration="0.003018" asserts="6" />
              <test-case id="1-1126" name="SerializePropsToXml_Backcolor" fullname="SIL.LCModel.Core.Text.TsPropsSerializerTests.SerializePropsToXml_Backcolor" methodname="SerializePropsToXml_Backcolor" classname="SIL.LCModel.Core.Text.TsPropsSerializerTests" runstate="Runnable" seed="1750349571" result="Passed" start-time="2020-10-05 16:46:10Z" end-time="2020-10-05 16:46:10Z" duration="0.000351" asserts="5" />
              <test-case id="1-1127" name="SerializePropsToXml_Bold" fullname="SIL.LCModel.Core.Text.TsPropsSerializerTests.SerializePropsToXml_Bold" methodname="SerializePropsToXml_Bold" classname="SIL.LCModel.Core.Text.TsPropsSerializerTests" runstate="Runnable" seed="1290222083" result="Passed" start-time="2020-10-05 16:46:10Z" end-time="2020-10-05 16:46:10Z" duration="0.000182" asserts="3" />
              <test-case id="1-1128" name="SerializePropsToXml_BorderBottom" fullname="SIL.LCModel.Core.Text.TsPropsSerializerTests.SerializePropsToXml_BorderBottom" methodname="SerializePropsToXml_BorderBottom" classname="SIL.LCModel.Core.Text.TsPropsSerializerTests" runstate="Runnable" seed="1879990340" result="Passed" start-time="2020-10-05 16:46:10Z" end-time="2020-10-05 16:46:10Z" duration="0.000114" asserts="2" />
              <test-case id="1-1129" name="SerializePropsToXml_BorderColor" fullname="SIL.LCModel.Core.Text.TsPropsSerializerTests.SerializePropsToXml_BorderColor" methodname="SerializePropsToXml_BorderColor" classname="SIL.LCModel.Core.Text.TsPropsSerializerTests" runstate="Runnable" seed="2139320588" result="Passed" start-time="2020-10-05 16:46:10Z" end-time="2020-10-05 16:46:10Z" duration="0.000155" asserts="5" />
              <test-case id="1-1130" name="SerializePropsToXml_BorderLeading" fullname="SIL.LCModel.Core.Text.TsPropsSerializerTests.SerializePropsToXml_BorderLeading" methodname="SerializePropsToXml_BorderLeading" classname="SIL.LCModel.Core.Text.TsPropsSerializerTests" runstate="Runnable" seed="765960692" result="Passed" start-time="2020-10-05 16:46:10Z" end-time="2020-10-05 16:46:10Z" duration="0.000097" asserts="2" />
              <test-case id="1-1131" name="SerializePropsToXml_BorderTop" fullname="SIL.LCModel.Core.Text.TsPropsSerializerTests.SerializePropsToXml_BorderTop" methodname="SerializePropsToXml_BorderTop" classname="SIL.LCModel.Core.Text.TsPropsSerializerTests" runstate="Runnable" seed="79239057" result="Passed" start-time="2020-10-05 16:46:10Z" end-time="2020-10-05 16:46:10Z" duration="0.000115" asserts="2" />
              <test-case id="1-1132" name="SerializePropsToXml_BorderTrailing" fullname="SIL.LCModel.Core.Text.TsPropsSerializerTests.SerializePropsToXml_BorderTrailing" methodname="SerializePropsToXml_BorderTrailing" classname="SIL.LCModel.Core.Text.TsPropsSerializerTests" runstate="Runnable" seed="737613702" result="Passed" start-time="2020-10-05 16:46:10Z" end-time="2020-10-05 16:46:10Z" duration="0.000093" asserts="2" />
              <test-case id="1-1133" name="SerializePropsToXml_BulNumFontInfo" fullname="SIL.LCModel.Core.Text.TsPropsSerializerTests.SerializePropsToXml_BulNumFontInfo" methodname="SerializePropsToXml_BulNumFontInfo" classname="SIL.LCModel.Core.Text.TsPropsSerializerTests" runstate="Runnable" seed="1630922433" result="Passed" start-time="2020-10-05 16:46:10Z" end-time="2020-10-05 16:46:10Z" duration="0.007709" asserts="1" />
              <test-case id="1-1134" name="SerializePropsToXml_BulNumScheme" fullname="SIL.LCModel.Core.Text.TsPropsSerializerTests.SerializePropsToXml_BulNumScheme" methodname="SerializePropsToXml_BulNumScheme" classname="SIL.LCModel.Core.Text.TsPropsSerializerTests" runstate="Runnable" seed="1710187549" result="Passed" start-time="2020-10-05 16:46:10Z" end-time="2020-10-05 16:46:10Z" duration="0.000185" asserts="2" />
              <test-case id="1-1135" name="SerializePropsToXml_BulNumStartAt" fullname="SIL.LCModel.Core.Text.TsPropsSerializerTests.SerializePropsToXml_BulNumStartAt" methodname="SerializePropsToXml_BulNumStartAt" classname="SIL.LCModel.Core.Text.TsPropsSerializerTests" runstate="Runnable" seed="532931851" result="Passed" start-time="2020-10-05 16:46:10Z" end-time="2020-10-05 16:46:10Z" duration="0.000156" asserts="2" />
              <test-case id="1-1136" name="SerializePropsToXml_BulNumTxtAft" fullname="SIL.LCModel.Core.Text.TsPropsSerializerTests.SerializePropsToXml_BulNumTxtAft" methodname="SerializePropsToXml_BulNumTxtAft" classname="SIL.LCModel.Core.Text.TsPropsSerializerTests" runstate="Runnable" seed="1778579304" result="Passed" start-time="2020-10-05 16:46:10Z" end-time="2020-10-05 16:46:10Z" duration="0.000329" asserts="3" />
              <test-case id="1-1137" name="SerializePropsToXml_BulNumTxtBef" fullname="SIL.LCModel.Core.Text.TsPropsSerializerTests.SerializePropsToXml_BulNumTxtBef" methodname="SerializePropsToXml_BulNumTxtBef" classname="SIL.LCModel.Core.Text.TsPropsSerializerTests" runstate="Runnable" seed="2140039634" result="Passed" start-time="2020-10-05 16:46:10Z" end-time="2020-10-05 16:46:10Z" duration="0.000119" asserts="3" />
              <test-case id="1-1138" name="SerializePropsToXml_ContextString" fullname="SIL.LCModel.Core.Text.TsPropsSerializerTests.SerializePropsToXml_ContextString" methodname="SerializePropsToXml_ContextString" classname="SIL.LCModel.Core.Text.TsPropsSerializerTests" runstate="Runnable" seed="650911041" result="Passed" start-time="2020-10-05 16:46:10Z" end-time="2020-10-05 16:46:10Z" duration="0.000497" asserts="1" />
              <test-case id="1-1139" name="SerializePropsToXml_FirstIndent" fullname="SIL.LCModel.Core.Text.TsPropsSerializerTests.SerializePropsToXml_FirstIndent" methodname="SerializePropsToXml_FirstIndent" classname="SIL.LCModel.Core.Text.TsPropsSerializerTests" runstate="Runnable" seed="1660298450" result="Passed" start-time="2020-10-05 16:46:10Z" end-time="2020-10-05 16:46:10Z" duration="0.000121" asserts="3" />
              <test-case id="1-1140" name="SerializePropsToXml_FontFamily" fullname="SIL.LCModel.Core.Text.TsPropsSerializerTests.SerializePropsToXml_FontFamily" methodname="SerializePropsToXml_FontFamily" classname="SIL.LCModel.Core.Text.TsPropsSerializerTests" runstate="Runnable" seed="1836377444" result="Passed" start-time="2020-10-05 16:46:10Z" end-time="2020-10-05 16:46:10Z" duration="0.000099" asserts="2" />
              <test-case id="1-1141" name="SerializePropsToXml_Fontsize" fullname="SIL.LCModel.Core.Text.TsPropsSerializerTests.SerializePropsToXml_Fontsize" methodname="SerializePropsToXml_Fontsize" classname="SIL.LCModel.Core.Text.TsPropsSerializerTests" runstate="Runnable" seed="1822220139" result="Passed" start-time="2020-10-05 16:46:10Z" end-time="2020-10-05 16:46:10Z" duration="0.000173" asserts="3" />
              <test-case id="1-1142" name="SerializePropsToXml_FontVariations" fullname="SIL.LCModel.Core.Text.TsPropsSerializerTests.SerializePropsToXml_FontVariations" methodname="SerializePropsToXml_FontVariations" classname="SIL.LCModel.Core.Text.TsPropsSerializerTests" runstate="Runnable" seed="1319153902" result="Passed" start-time="2020-10-05 16:46:10Z" end-time="2020-10-05 16:46:10Z" duration="0.000091" asserts="1" />
              <test-case id="1-1143" name="SerializePropsToXml_Forecolor" fullname="SIL.LCModel.Core.Text.TsPropsSerializerTests.SerializePropsToXml_Forecolor" methodname="SerializePropsToXml_Forecolor" classname="SIL.LCModel.Core.Text.TsPropsSerializerTests" runstate="Runnable" seed="1461428880" result="Passed" start-time="2020-10-05 16:46:10Z" end-time="2020-10-05 16:46:10Z" duration="0.000141" asserts="5" />
              <test-case id="1-1144" name="SerializePropsToXml_Italic" fullname="SIL.LCModel.Core.Text.TsPropsSerializerTests.SerializePropsToXml_Italic" methodname="SerializePropsToXml_Italic" classname="SIL.LCModel.Core.Text.TsPropsSerializerTests" runstate="Runnable" seed="638401852" result="Passed" start-time="2020-10-05 16:46:10Z" end-time="2020-10-05 16:46:10Z" duration="0.000112" asserts="3" />
              <test-case id="1-1145" name="SerializePropsToXml_KeepTogether" fullname="SIL.LCModel.Core.Text.TsPropsSerializerTests.SerializePropsToXml_KeepTogether" methodname="SerializePropsToXml_KeepTogether" classname="SIL.LCModel.Core.Text.TsPropsSerializerTests" runstate="Runnable" seed="1433407998" result="Passed" start-time="2020-10-05 16:46:10Z" end-time="2020-10-05 16:46:10Z" duration="0.000090" asserts="2" />
              <test-case id="1-1146" name="SerializePropsToXml_KeepWithNext" fullname="SIL.LCModel.Core.Text.TsPropsSerializerTests.SerializePropsToXml_KeepWithNext" methodname="SerializePropsToXml_KeepWithNext" classname="SIL.LCModel.Core.Text.TsPropsSerializerTests" runstate="Runnable" seed="1458578277" result="Passed" start-time="2020-10-05 16:46:10Z" end-time="2020-10-05 16:46:10Z" duration="0.000091" asserts="2" />
              <test-case id="1-1147" name="SerializePropsToXml_LeadingIndent" fullname="SIL.LCModel.Core.Text.TsPropsSerializerTests.SerializePropsToXml_LeadingIndent" methodname="SerializePropsToXml_LeadingIndent" classname="SIL.LCModel.Core.Text.TsPropsSerializerTests" runstate="Runnable" seed="1567040261" result="Passed" start-time="2020-10-05 16:46:10Z" end-time="2020-10-05 16:46:10Z" duration="0.000090" asserts="2" />
              <test-case id="1-1148" name="SerializePropsToXml_LineHeight" fullname="SIL.LCModel.Core.Text.TsPropsSerializerTests.SerializePropsToXml_LineHeight" methodname="SerializePropsToXml_LineHeight" classname="SIL.LCModel.Core.Text.TsPropsSerializerTests" runstate="Runnable" seed="457319675" result="Passed" start-time="2020-10-05 16:46:10Z" end-time="2020-10-05 16:46:10Z" duration="0.000154" asserts="3" />
              <test-case id="1-1149" name="SerializePropsToXml_Link" fullname="SIL.LCModel.Core.Text.TsPropsSerializerTests.SerializePropsToXml_Link" methodname="SerializePropsToXml_Link" classname="SIL.LCModel.Core.Text.TsPropsSerializerTests" runstate="Runnable" seed="411631250" result="Passed" start-time="2020-10-05 16:46:10Z" end-time="2020-10-05 16:46:10Z" duration="0.000097" asserts="1" />
              <test-case id="1-1150" name="SerializePropsToXml_MarginBottom" fullname="SIL.LCModel.Core.Text.TsPropsSerializerTests.SerializePropsToXml_MarginBottom" methodname="SerializePropsToXml_MarginBottom" classname="SIL.LCModel.Core.Text.TsPropsSerializerTests" runstate="Runnable" seed="233178857" result="Passed" start-time="2020-10-05 16:46:10Z" end-time="2020-10-05 16:46:10Z" duration="0.000093" asserts="2" />
              <test-case id="1-1151" name="SerializePropsToXml_MarginLeading" fullname="SIL.LCModel.Core.Text.TsPropsSerializerTests.SerializePropsToXml_MarginLeading" methodname="SerializePropsToXml_MarginLeading" classname="SIL.LCModel.Core.Text.TsPropsSerializerTests" runstate="Runnable" seed="590768996" result="Passed" start-time="2020-10-05 16:46:10Z" end-time="2020-10-05 16:46:10Z" duration="0.000092" asserts="2" />
              <test-case id="1-1152" name="SerializePropsToXml_MarginTop" fullname="SIL.LCModel.Core.Text.TsPropsSerializerTests.SerializePropsToXml_MarginTop" methodname="SerializePropsToXml_MarginTop" classname="SIL.LCModel.Core.Text.TsPropsSerializerTests" runstate="Runnable" seed="1573145884" result="Passed" start-time="2020-10-05 16:46:10Z" end-time="2020-10-05 16:46:10Z" duration="0.000092" asserts="2" />
              <test-case id="1-1153" name="SerializePropsToXml_MarginTrailing" fullname="SIL.LCModel.Core.Text.TsPropsSerializerTests.SerializePropsToXml_MarginTrailing" methodname="SerializePropsToXml_MarginTrailing" classname="SIL.LCModel.Core.Text.TsPropsSerializerTests" runstate="Runnable" seed="1211962320" result="Passed" start-time="2020-10-05 16:46:10Z" end-time="2020-10-05 16:46:10Z" duration="0.000089" asserts="2" />
              <test-case id="1-1154" name="SerializePropsToXml_MoveableObj" fullname="SIL.LCModel.Core.Text.TsPropsSerializerTests.SerializePropsToXml_MoveableObj" methodname="SerializePropsToXml_MoveableObj" classname="SIL.LCModel.Core.Text.TsPropsSerializerTests" runstate="Runnable" seed="568397217" result="Passed" start-time="2020-10-05 16:46:10Z" end-time="2020-10-05 16:46:10Z" duration="0.000096" asserts="1" />
              <test-case id="1-1156" name="SerializePropsToXml_NegativeOffset" fullname="SIL.LCModel.Core.Text.TsPropsSerializerTests.SerializePropsToXml_NegativeOffset" methodname="SerializePropsToXml_NegativeOffset" classname="SIL.LCModel.Core.Text.TsPropsSerializerTests" runstate="Runnable" seed="645143208" result="Passed" start-time="2020-10-05 16:46:10Z" end-time="2020-10-05 16:46:10Z" duration="0.000096" asserts="1" />
              <test-case id="1-1155" name="SerializePropsToXml_Offset" fullname="SIL.LCModel.Core.Text.TsPropsSerializerTests.SerializePropsToXml_Offset" methodname="SerializePropsToXml_Offset" classname="SIL.LCModel.Core.Text.TsPropsSerializerTests" runstate="Runnable" seed="1167375869" result="Passed" start-time="2020-10-05 16:46:10Z" end-time="2020-10-05 16:46:10Z" duration="0.000090" asserts="2" />
              <test-case id="1-1157" name="SerializePropsToXml_Ownlink" fullname="SIL.LCModel.Core.Text.TsPropsSerializerTests.SerializePropsToXml_Ownlink" methodname="SerializePropsToXml_Ownlink" classname="SIL.LCModel.Core.Text.TsPropsSerializerTests" runstate="Runnable" seed="2018438091" result="Passed" start-time="2020-10-05 16:46:10Z" end-time="2020-10-05 16:46:10Z" duration="0.000091" asserts="1" />
              <test-case id="1-1158" name="SerializePropsToXml_PadBottom" fullname="SIL.LCModel.Core.Text.TsPropsSerializerTests.SerializePropsToXml_PadBottom" methodname="SerializePropsToXml_PadBottom" classname="SIL.LCModel.Core.Text.TsPropsSerializerTests" runstate="Runnable" seed="1678096263" result="Passed" start-time="2020-10-05 16:46:10Z" end-time="2020-10-05 16:46:10Z" duration="0.000093" asserts="2" />
              <test-case id="1-1159" name="SerializePropsToXml_PadLeading" fullname="SIL.LCModel.Core.Text.TsPropsSerializerTests.SerializePropsToXml_PadLeading" methodname="SerializePropsToXml_PadLeading" classname="SIL.LCModel.Core.Text.TsPropsSerializerTests" runstate="Runnable" seed="1586934571" result="Passed" start-time="2020-10-05 16:46:10Z" end-time="2020-10-05 16:46:10Z" duration="0.000092" asserts="2" />
              <test-case id="1-1160" name="SerializePropsToXml_PadTop" fullname="SIL.LCModel.Core.Text.TsPropsSerializerTests.SerializePropsToXml_PadTop" methodname="SerializePropsToXml_PadTop" classname="SIL.LCModel.Core.Text.TsPropsSerializerTests" runstate="Runnable" seed="1122097439" result="Passed" start-time="2020-10-05 16:46:10Z" end-time="2020-10-05 16:46:10Z" duration="0.000145" asserts="2" />
              <test-case id="1-1161" name="SerializePropsToXml_PadTrailing" fullname="SIL.LCModel.Core.Text.TsPropsSerializerTests.SerializePropsToXml_PadTrailing" methodname="SerializePropsToXml_PadTrailing" classname="SIL.LCModel.Core.Text.TsPropsSerializerTests" runstate="Runnable" seed="1863022595" result="Passed" start-time="2020-10-05 16:46:10Z" end-time="2020-10-05 16:46:10Z" duration="0.000137" asserts="2" />
              <test-case id="1-1162" name="SerializePropsToXml_Paracolor" fullname="SIL.LCModel.Core.Text.TsPropsSerializerTests.SerializePropsToXml_Paracolor" methodname="SerializePropsToXml_Paracolor" classname="SIL.LCModel.Core.Text.TsPropsSerializerTests" runstate="Runnable" seed="833385415" result="Passed" start-time="2020-10-05 16:46:10Z" end-time="2020-10-05 16:46:10Z" duration="0.000207" asserts="5" />
              <test-case id="1-1163" name="SerializePropsToXml_RightToLeft" fullname="SIL.LCModel.Core.Text.TsPropsSerializerTests.SerializePropsToXml_RightToLeft" methodname="SerializePropsToXml_RightToLeft" classname="SIL.LCModel.Core.Text.TsPropsSerializerTests" runstate="Runnable" seed="1162760721" result="Passed" start-time="2020-10-05 16:46:10Z" end-time="2020-10-05 16:46:10Z" duration="0.000167" asserts="3" />
              <test-case id="1-1164" name="SerializePropsToXml_SpaceAfter" fullname="SIL.LCModel.Core.Text.TsPropsSerializerTests.SerializePropsToXml_SpaceAfter" methodname="SerializePropsToXml_SpaceAfter" classname="SIL.LCModel.Core.Text.TsPropsSerializerTests" runstate="Runnable" seed="61128236" result="Passed" start-time="2020-10-05 16:46:10Z" end-time="2020-10-05 16:46:10Z" duration="0.000189" asserts="3" />
              <test-case id="1-1165" name="SerializePropsToXml_SpaceBefore" fullname="SIL.LCModel.Core.Text.TsPropsSerializerTests.SerializePropsToXml_SpaceBefore" methodname="SerializePropsToXml_SpaceBefore" classname="SIL.LCModel.Core.Text.TsPropsSerializerTests" runstate="Runnable" seed="1733384041" result="Passed" start-time="2020-10-05 16:46:10Z" end-time="2020-10-05 16:46:10Z" duration="0.000135" asserts="3" />
              <test-case id="1-1166" name="SerializePropsToXml_Spellcheck" fullname="SIL.LCModel.Core.Text.TsPropsSerializerTests.SerializePropsToXml_Spellcheck" methodname="SerializePropsToXml_Spellcheck" classname="SIL.LCModel.Core.Text.TsPropsSerializerTests" runstate="Runnable" seed="682883104" result="Passed" start-time="2020-10-05 16:46:10Z" end-time="2020-10-05 16:46:10Z" duration="0.000231" asserts="3" />
              <test-case id="1-1167" name="SerializePropsToXml_Superscript" fullname="SIL.LCModel.Core.Text.TsPropsSerializerTests.SerializePropsToXml_Superscript" methodname="SerializePropsToXml_Superscript" classname="SIL.LCModel.Core.Text.TsPropsSerializerTests" runstate="Runnable" seed="1106206456" result="Passed" start-time="2020-10-05 16:46:10Z" end-time="2020-10-05 16:46:10Z" duration="0.000158" asserts="3" />
              <test-case id="1-1168" name="SerializePropsToXml_Tags" fullname="SIL.LCModel.Core.Text.TsPropsSerializerTests.SerializePropsToXml_Tags" methodname="SerializePropsToXml_Tags" classname="SIL.LCModel.Core.Text.TsPropsSerializerTests" runstate="Runnable" seed="642805518" result="Passed" start-time="2020-10-05 16:46:10Z" end-time="2020-10-05 16:46:10Z" duration="0.002052" asserts="1" />
              <test-case id="1-1169" name="SerializePropsToXml_TrailingIndent" fullname="SIL.LCModel.Core.Text.TsPropsSerializerTests.SerializePropsToXml_TrailingIndent" methodname="SerializePropsToXml_TrailingIndent" classname="SIL.LCModel.Core.Text.TsPropsSerializerTests" runstate="Runnable" seed="287585755" result="Passed" start-time="2020-10-05 16:46:10Z" end-time="2020-10-05 16:46:10Z" duration="0.000152" asserts="2" />
              <test-case id="1-1170" name="SerializePropsToXml_Undercolor" fullname="SIL.LCModel.Core.Text.TsPropsSerializerTests.SerializePropsToXml_Undercolor" methodname="SerializePropsToXml_Undercolor" classname="SIL.LCModel.Core.Text.TsPropsSerializerTests" runstate="Runnable" seed="1606477238" result="Passed" start-time="2020-10-05 16:46:10Z" end-time="2020-10-05 16:46:10Z" duration="0.000150" asserts="5" />
              <test-case id="1-1171" name="SerializePropsToXml_Underline" fullname="SIL.LCModel.Core.Text.TsPropsSerializerTests.SerializePropsToXml_Underline" methodname="SerializePropsToXml_Underline" classname="SIL.LCModel.Core.Text.TsPropsSerializerTests" runstate="Runnable" seed="899656437" result="Passed" start-time="2020-10-05 16:46:10Z" end-time="2020-10-05 16:46:10Z" duration="0.000182" asserts="7" />
              <test-case id="1-1172" name="SerializePropsToXml_WidowOrphan" fullname="SIL.LCModel.Core.Text.TsPropsSerializerTests.SerializePropsToXml_WidowOrphan" methodname="SerializePropsToXml_WidowOrphan" classname="SIL.LCModel.Core.Text.TsPropsSerializerTests" runstate="Runnable" seed="732721935" result="Passed" start-time="2020-10-05 16:46:10Z" end-time="2020-10-05 16:46:10Z" duration="0.000108" asserts="2" />
              <test-case id="1-1173" name="SerializePropsToXml_WsBase" fullname="SIL.LCModel.Core.Text.TsPropsSerializerTests.SerializePropsToXml_WsBase" methodname="SerializePropsToXml_WsBase" classname="SIL.LCModel.Core.Text.TsPropsSerializerTests" runstate="Runnable" seed="1957532255" result="Passed" start-time="2020-10-05 16:46:10Z" end-time="2020-10-05 16:46:10Z" duration="0.000322" asserts="2" />
              <test-case id="1-1174" name="SerializePropsToXml_WsStyles9999" fullname="SIL.LCModel.Core.Text.TsPropsSerializerTests.SerializePropsToXml_WsStyles9999" methodname="SerializePropsToXml_WsStyles9999" classname="SIL.LCModel.Core.Text.TsPropsSerializerTests" runstate="Runnable" seed="447112664" result="Passed" start-time="2020-10-05 16:46:10Z" end-time="2020-10-05 16:46:10Z" duration="0.004114" asserts="1" />
              <test-case id="1-1175" name="SerializePropsToXml_WsStyles9999_WithStrProps" fullname="SIL.LCModel.Core.Text.TsPropsSerializerTests.SerializePropsToXml_WsStyles9999_WithStrProps" methodname="SerializePropsToXml_WsStyles9999_WithStrProps" classname="SIL.LCModel.Core.Text.TsPropsSerializerTests" runstate="Runnable" seed="1954147585" result="Passed" start-time="2020-10-05 16:46:10Z" end-time="2020-10-05 16:46:10Z" duration="0.000213" asserts="1" />
            </test-suite>
            <test-suite type="TestFixture" id="1-1267" name="TsStrBldrTests" fullname="SIL.LCModel.Core.Text.TsStrBldrTests" classname="SIL.LCModel.Core.Text.TsStrBldrTests" runstate="Runnable" testcasecount="72" result="Passed" start-time="2020-10-05 16:46:10Z" end-time="2020-10-05 16:46:10Z" duration="0.028153" total="72" passed="72" failed="0" warnings="0" inconclusive="0" skipped="0" asserts="349">
              <test-case id="1-1339" name="Clear_TwoRunBldr_ClearsState" fullname="SIL.LCModel.Core.Text.TsStrBldrTests.Clear_TwoRunBldr_ClearsState" methodname="Clear_TwoRunBldr_ClearsState" classname="SIL.LCModel.Core.Text.TsStrBldrTests" runstate="Runnable" seed="419433936" result="Passed" start-time="2020-10-05 16:46:10Z" end-time="2020-10-05 16:46:10Z" duration="0.001120" asserts="3" />
              <test-case id="1-1269" name="Replace_EmptyBldrEmptyText_UpdatesProperties" fullname="SIL.LCModel.Core.Text.TsStrBldrTests.Replace_EmptyBldrEmptyText_UpdatesProperties" methodname="Replace_EmptyBldrEmptyText_UpdatesProperties" classname="SIL.LCModel.Core.Text.TsStrBldrTests" runstate="Runnable" seed="1840342090" result="Passed" start-time="2020-10-05 16:46:10Z" end-time="2020-10-05 16:46:10Z" duration="0.000924" asserts="3" />
              <test-case id="1-1268" name="Replace_EmptyBldrNonEmptyText_InsertsText" fullname="SIL.LCModel.Core.Text.TsStrBldrTests.Replace_EmptyBldrNonEmptyText_InsertsText" methodname="Replace_EmptyBldrNonEmptyText_InsertsText" classname="SIL.LCModel.Core.Text.TsStrBldrTests" runstate="Runnable" seed="1741447968" result="Passed" start-time="2020-10-05 16:46:10Z" end-time="2020-10-05 16:46:10Z" duration="0.001297" asserts="3" />
              <test-case id="1-1282" name="Replace_IchLimOutOfRange_Throws" fullname="SIL.LCModel.Core.Text.TsStrBldrTests.Replace_IchLimOutOfRange_Throws" methodname="Replace_IchLimOutOfRange_Throws" classname="SIL.LCModel.Core.Text.TsStrBldrTests" runstate="Runnable" seed="303092131" result="Passed" start-time="2020-10-05 16:46:10Z" end-time="2020-10-05 16:46:10Z" duration="0.000271" asserts="1" />
              <test-case id="1-1283" name="Replace_IchMinGreaterThanIchLim_Throws" fullname="SIL.LCModel.Core.Text.TsStrBldrTests.Replace_IchMinGreaterThanIchLim_Throws" methodname="Replace_IchMinGreaterThanIchLim_Throws" classname="SIL.LCModel.Core.Text.TsStrBldrTests" runstate="Runnable" seed="473231631" result="Passed" start-time="2020-10-05 16:46:10Z" end-time="2020-10-05 16:46:10Z" duration="0.000226" asserts="1" />
              <test-case id="1-1281" name="Replace_IchMinOutOfRange_Throws" fullname="SIL.LCModel.Core.Text.TsStrBldrTests.Replace_IchMinOutOfRange_Throws" methodname="Replace_IchMinOutOfRange_Throws" classname="SIL.LCModel.Core.Text.TsStrBldrTests" runstate="Runnable" seed="1232919015" result="Passed" start-time="2020-10-05 16:46:10Z" end-time="2020-10-05 16:46:10Z" duration="0.000245" asserts="1" />
              <test-case id="1-1270" name="Replace_OneRunBldrEmptyTextEmptyRange_DoNotUpdateProperties" fullname="SIL.LCModel.Core.Text.TsStrBldrTests.Replace_OneRunBldrEmptyTextEmptyRange_DoNotUpdateProperties" methodname="Replace_OneRunBldrEmptyTextEmptyRange_DoNotUpdateProperties" classname="SIL.LCModel.Core.Text.TsStrBldrTests" runstate="Runnable" seed="1065282398" result="Passed" start-time="2020-10-05 16:46:10Z" end-time="2020-10-05 16:46:10Z" duration="0.000419" asserts="3" />
              <test-case id="1-1272" name="Replace_OneRunBldrEmptyTextFullRange_RemovesText" fullname="SIL.LCModel.Core.Text.TsStrBldrTests.Replace_OneRunBldrEmptyTextFullRange_RemovesText" methodname="Replace_OneRunBldrEmptyTextFullRange_RemovesText" classname="SIL.LCModel.Core.Text.TsStrBldrTests" runstate="Runnable" seed="588228717" result="Passed" start-time="2020-10-05 16:46:10Z" end-time="2020-10-05 16:46:10Z" duration="0.000308" asserts="5" />
              <test-case id="1-1273" name="Replace_OneRunBldrEmptyTextPartialRange_RemovesText" fullname="SIL.LCModel.Core.Text.TsStrBldrTests.Replace_OneRunBldrEmptyTextPartialRange_RemovesText" methodname="Replace_OneRunBldrEmptyTextPartialRange_RemovesText" classname="SIL.LCModel.Core.Text.TsStrBldrTests" runstate="Runnable" seed="1568436608" result="Passed" start-time="2020-10-05 16:46:10Z" end-time="2020-10-05 16:46:10Z" duration="0.000378" asserts="5" />
              <test-case id="1-1271" name="Replace_OneRunBldrNonEmptyTextEmptyRangeNullProps_InsertsText" fullname="SIL.LCModel.Core.Text.TsStrBldrTests.Replace_OneRunBldrNonEmptyTextEmptyRangeNullProps_InsertsText" methodname="Replace_OneRunBldrNonEmptyTextEmptyRangeNullProps_InsertsText" classname="SIL.LCModel.Core.Text.TsStrBldrTests" runstate="Runnable" seed="1421874374" result="Passed" start-time="2020-10-05 16:46:10Z" end-time="2020-10-05 16:46:10Z" duration="0.000283" asserts="5" />
              <test-case id="1-1276" name="Replace_OneRunBldrNonEmptyTextFullRange_ReplacesText" fullname="SIL.LCModel.Core.Text.TsStrBldrTests.Replace_OneRunBldrNonEmptyTextFullRange_ReplacesText" methodname="Replace_OneRunBldrNonEmptyTextFullRange_ReplacesText" classname="SIL.LCModel.Core.Text.TsStrBldrTests" runstate="Runnable" seed="1800682969" result="Passed" start-time="2020-10-05 16:46:10Z" end-time="2020-10-05 16:46:10Z" duration="0.000224" asserts="5" />
              <test-case id="1-1275" name="Replace_OneRunBldrNonEmptyTextPartialRange_ReplacesText" fullname="SIL.LCModel.Core.Text.TsStrBldrTests.Replace_OneRunBldrNonEmptyTextPartialRange_ReplacesText" methodname="Replace_OneRunBldrNonEmptyTextPartialRange_ReplacesText" classname="SIL.LCModel.Core.Text.TsStrBldrTests" runstate="Runnable" seed="449465934" result="Passed" start-time="2020-10-05 16:46:10Z" end-time="2020-10-05 16:46:10Z" duration="0.000351" asserts="11" />
              <test-case id="1-1274" name="Replace_OneRunBldrNullTextPartialRange_RemovesText" fullname="SIL.LCModel.Core.Text.TsStrBldrTests.Replace_OneRunBldrNullTextPartialRange_RemovesText" methodname="Replace_OneRunBldrNullTextPartialRange_RemovesText" classname="SIL.LCModel.Core.Text.TsStrBldrTests" runstate="Runnable" seed="779016933" result="Passed" start-time="2020-10-05 16:46:10Z" end-time="2020-10-05 16:46:10Z" duration="0.000216" asserts="5" />
              <test-case id="1-1280" name="Replace_TwoRunBldrEmptyTextOverlapsBoth_RemovesText" fullname="SIL.LCModel.Core.Text.TsStrBldrTests.Replace_TwoRunBldrEmptyTextOverlapsBoth_RemovesText" methodname="Replace_TwoRunBldrEmptyTextOverlapsBoth_RemovesText" classname="SIL.LCModel.Core.Text.TsStrBldrTests" runstate="Runnable" seed="703039475" result="Passed" start-time="2020-10-05 16:46:10Z" end-time="2020-10-05 16:46:10Z" duration="0.000284" asserts="8" />
              <test-case id="1-1277" name="Replace_TwoRunBldrNonEmptyTextOverlapsBoth_ReplacesText" fullname="SIL.LCModel.Core.Text.TsStrBldrTests.Replace_TwoRunBldrNonEmptyTextOverlapsBoth_ReplacesText" methodname="Replace_TwoRunBldrNonEmptyTextOverlapsBoth_ReplacesText" classname="SIL.LCModel.Core.Text.TsStrBldrTests" runstate="Runnable" seed="1589014301" result="Passed" start-time="2020-10-05 16:46:10Z" end-time="2020-10-05 16:46:10Z" duration="0.000345" asserts="11" />
              <test-case id="1-1278" name="Replace_TwoRunBldrNonEmptyTextOverlapsBothSamePropertiesFirst_ReplacesText" fullname="SIL.LCModel.Core.Text.TsStrBldrTests.Replace_TwoRunBldrNonEmptyTextOverlapsBothSamePropertiesFirst_ReplacesText" methodname="Replace_TwoRunBldrNonEmptyTextOverlapsBothSamePropertiesFirst_ReplacesText" classname="SIL.LCModel.Core.Text.TsStrBldrTests" runstate="Runnable" seed="268067458" result="Passed" start-time="2020-10-05 16:46:10Z" end-time="2020-10-05 16:46:10Z" duration="0.000447" asserts="8" />
              <test-case id="1-1279" name="Replace_TwoRunBldrNonEmptyTextOverlapsBothSamePropertiesSecond_ReplacesText" fullname="SIL.LCModel.Core.Text.TsStrBldrTests.Replace_TwoRunBldrNonEmptyTextOverlapsBothSamePropertiesSecond_ReplacesText" methodname="Replace_TwoRunBldrNonEmptyTextOverlapsBothSamePropertiesSecond_ReplacesText" classname="SIL.LCModel.Core.Text.TsStrBldrTests" runstate="Runnable" seed="1694635413" result="Passed" start-time="2020-10-05 16:46:10Z" end-time="2020-10-05 16:46:10Z" duration="0.000533" asserts="8" />
              <test-case id="1-1286" name="ReplaceTsString_EmptyBldrEmptyText_UpdatesProperties" fullname="SIL.LCModel.Core.Text.TsStrBldrTests.ReplaceTsString_EmptyBldrEmptyText_UpdatesProperties" methodname="ReplaceTsString_EmptyBldrEmptyText_UpdatesProperties" classname="SIL.LCModel.Core.Text.TsStrBldrTests" runstate="Runnable" seed="73038898" result="Passed" start-time="2020-10-05 16:46:10Z" end-time="2020-10-05 16:46:10Z" duration="0.000397" asserts="3" />
              <test-case id="1-1285" name="ReplaceTsString_EmptyBldrNonEmptyText_InsertsText" fullname="SIL.LCModel.Core.Text.TsStrBldrTests.ReplaceTsString_EmptyBldrNonEmptyText_InsertsText" methodname="ReplaceTsString_EmptyBldrNonEmptyText_InsertsText" classname="SIL.LCModel.Core.Text.TsStrBldrTests" runstate="Runnable" seed="398792821" result="Passed" start-time="2020-10-05 16:46:10Z" end-time="2020-10-05 16:46:10Z" duration="0.000208" asserts="3" />
              <test-case id="1-1289" name="ReplaceTsString_IchLimOutOfRange_Throws" fullname="SIL.LCModel.Core.Text.TsStrBldrTests.ReplaceTsString_IchLimOutOfRange_Throws" methodname="ReplaceTsString_IchLimOutOfRange_Throws" classname="SIL.LCModel.Core.Text.TsStrBldrTests" runstate="Runnable" seed="1753268805" result="Passed" start-time="2020-10-05 16:46:10Z" end-time="2020-10-05 16:46:10Z" duration="0.000307" asserts="1" />
              <test-case id="1-1290" name="ReplaceTsString_IchMinGreaterThanIchLim_Throws" fullname="SIL.LCModel.Core.Text.TsStrBldrTests.ReplaceTsString_IchMinGreaterThanIchLim_Throws" methodname="ReplaceTsString_IchMinGreaterThanIchLim_Throws" classname="SIL.LCModel.Core.Text.TsStrBldrTests" runstate="Runnable" seed="2106772961" result="Passed" start-time="2020-10-05 16:46:10Z" end-time="2020-10-05 16:46:10Z" duration="0.000762" asserts="1" />
              <test-case id="1-1288" name="ReplaceTsString_IchMinOutOfRange_Throws" fullname="SIL.LCModel.Core.Text.TsStrBldrTests.ReplaceTsString_IchMinOutOfRange_Throws" methodname="ReplaceTsString_IchMinOutOfRange_Throws" classname="SIL.LCModel.Core.Text.TsStrBldrTests" runstate="Runnable" seed="1444885692" result="Passed" start-time="2020-10-05 16:46:10Z" end-time="2020-10-05 16:46:10Z" duration="0.000289" asserts="1" />
              <test-case id="1-1287" name="ReplaceTsString_OneRunBldrEmptyTextEmptyRange_DoNotUpdateProperties" fullname="SIL.LCModel.Core.Text.TsStrBldrTests.ReplaceTsString_OneRunBldrEmptyTextEmptyRange_DoNotUpdateProperties" methodname="ReplaceTsString_OneRunBldrEmptyTextEmptyRange_DoNotUpdateProperties" classname="SIL.LCModel.Core.Text.TsStrBldrTests" runstate="Runnable" seed="976802282" result="Passed" start-time="2020-10-05 16:46:10Z" end-time="2020-10-05 16:46:10Z" duration="0.000240" asserts="3" />
              <test-case id="1-1284" name="ReplaceTsString_OneRunBldrStringNullEmptyRange_DoesNotUpdateText" fullname="SIL.LCModel.Core.Text.TsStrBldrTests.ReplaceTsString_OneRunBldrStringNullEmptyRange_DoesNotUpdateText" methodname="ReplaceTsString_OneRunBldrStringNullEmptyRange_DoesNotUpdateText" classname="SIL.LCModel.Core.Text.TsStrBldrTests" runstate="Runnable" seed="1097063435" result="Passed" start-time="2020-10-05 16:46:10Z" end-time="2020-10-05 16:46:10Z" duration="0.000123" asserts="1" />
              <test-case id="1-1315" name="SetIntPropValues_EmptyBldr_UpdatesProperties" fullname="SIL.LCModel.Core.Text.TsStrBldrTests.SetIntPropValues_EmptyBldr_UpdatesProperties" methodname="SetIntPropValues_EmptyBldr_UpdatesProperties" classname="SIL.LCModel.Core.Text.TsStrBldrTests" runstate="Runnable" seed="531875195" result="Passed" start-time="2020-10-05 16:46:10Z" end-time="2020-10-05 16:46:10Z" duration="0.001035" asserts="2" />
              <test-case id="1-1325" name="SetIntPropValues_IchLimOutOfRange_Throws" fullname="SIL.LCModel.Core.Text.TsStrBldrTests.SetIntPropValues_IchLimOutOfRange_Throws" methodname="SetIntPropValues_IchLimOutOfRange_Throws" classname="SIL.LCModel.Core.Text.TsStrBldrTests" runstate="Runnable" seed="564358446" result="Passed" start-time="2020-10-05 16:46:10Z" end-time="2020-10-05 16:46:10Z" duration="0.000287" asserts="1" />
              <test-case id="1-1326" name="SetIntPropValues_IchMinGreaterThanIchLim_Throws" fullname="SIL.LCModel.Core.Text.TsStrBldrTests.SetIntPropValues_IchMinGreaterThanIchLim_Throws" methodname="SetIntPropValues_IchMinGreaterThanIchLim_Throws" classname="SIL.LCModel.Core.Text.TsStrBldrTests" runstate="Runnable" seed="1316989123" result="Passed" start-time="2020-10-05 16:46:10Z" end-time="2020-10-05 16:46:10Z" duration="0.000260" asserts="1" />
              <test-case id="1-1324" name="SetIntPropValues_IchMinOutOfRange_Throws" fullname="SIL.LCModel.Core.Text.TsStrBldrTests.SetIntPropValues_IchMinOutOfRange_Throws" methodname="SetIntPropValues_IchMinOutOfRange_Throws" classname="SIL.LCModel.Core.Text.TsStrBldrTests" runstate="Runnable" seed="1605777955" result="Passed" start-time="2020-10-05 16:46:10Z" end-time="2020-10-05 16:46:10Z" duration="0.000261" asserts="1" />
              <test-case id="1-1316" name="SetIntPropValues_OneRunBldrEmptyRange_DoesNotUpdateProperties" fullname="SIL.LCModel.Core.Text.TsStrBldrTests.SetIntPropValues_OneRunBldrEmptyRange_DoesNotUpdateProperties" methodname="SetIntPropValues_OneRunBldrEmptyRange_DoesNotUpdateProperties" classname="SIL.LCModel.Core.Text.TsStrBldrTests" runstate="Runnable" seed="1670668164" result="Passed" start-time="2020-10-05 16:46:10Z" end-time="2020-10-05 16:46:10Z" duration="0.000138" asserts="2" />
              <test-case id="1-1317" name="SetIntPropValues_OneRunBldrFullRange_UpdatesProperties" fullname="SIL.LCModel.Core.Text.TsStrBldrTests.SetIntPropValues_OneRunBldrFullRange_UpdatesProperties" methodname="SetIntPropValues_OneRunBldrFullRange_UpdatesProperties" classname="SIL.LCModel.Core.Text.TsStrBldrTests" runstate="Runnable" seed="402524570" result="Passed" start-time="2020-10-05 16:46:10Z" end-time="2020-10-05 16:46:10Z" duration="0.000217" asserts="2" />
              <test-case id="1-1318" name="SetIntPropValues_TwoRunBldrRangeOverlapsBoth_UpdatesProperties" fullname="SIL.LCModel.Core.Text.TsStrBldrTests.SetIntPropValues_TwoRunBldrRangeOverlapsBoth_UpdatesProperties" methodname="SetIntPropValues_TwoRunBldrRangeOverlapsBoth_UpdatesProperties" classname="SIL.LCModel.Core.Text.TsStrBldrTests" runstate="Runnable" seed="1413112289" result="Passed" start-time="2020-10-05 16:46:10Z" end-time="2020-10-05 16:46:10Z" duration="0.000422" asserts="9" />
              <test-case id="1-1319" name="SetIntPropValues_TwoRunBldrRangeOverlapsBothRemoveProperty_UpdatesProperties" fullname="SIL.LCModel.Core.Text.TsStrBldrTests.SetIntPropValues_TwoRunBldrRangeOverlapsBothRemoveProperty_UpdatesProperties" methodname="SetIntPropValues_TwoRunBldrRangeOverlapsBothRemoveProperty_UpdatesProperties" classname="SIL.LCModel.Core.Text.TsStrBldrTests" runstate="Runnable" seed="520385051" result="Passed" start-time="2020-10-05 16:46:10Z" end-time="2020-10-05 16:46:10Z" duration="0.000385" asserts="9" />
              <test-case id="1-1322" name="SetIntPropValues_TwoRunBldrRangeOverlapsBothSamePropertiesAsFirst_UpdatesProperties" fullname="SIL.LCModel.Core.Text.TsStrBldrTests.SetIntPropValues_TwoRunBldrRangeOverlapsBothSamePropertiesAsFirst_UpdatesProperties" methodname="SetIntPropValues_TwoRunBldrRangeOverlapsBothSamePropertiesAsFirst_UpdatesProperties" classname="SIL.LCModel.Core.Text.TsStrBldrTests" runstate="Runnable" seed="79880016" result="Passed" start-time="2020-10-05 16:46:10Z" end-time="2020-10-05 16:46:10Z" duration="0.000316" asserts="7" />
              <test-case id="1-1323" name="SetIntPropValues_TwoRunBldrRangeOverlapsBothSamePropertiesAsLast_UpdatesProperties" fullname="SIL.LCModel.Core.Text.TsStrBldrTests.SetIntPropValues_TwoRunBldrRangeOverlapsBothSamePropertiesAsLast_UpdatesProperties" methodname="SetIntPropValues_TwoRunBldrRangeOverlapsBothSamePropertiesAsLast_UpdatesProperties" classname="SIL.LCModel.Core.Text.TsStrBldrTests" runstate="Runnable" seed="1108653300" result="Passed" start-time="2020-10-05 16:46:10Z" end-time="2020-10-05 16:46:10Z" duration="0.000329" asserts="7" />
              <test-case id="1-1320" name="SetIntPropValues_TwoRunBldrRangeOverlapsFirstReplacesSecond_UpdatesProperties" fullname="SIL.LCModel.Core.Text.TsStrBldrTests.SetIntPropValues_TwoRunBldrRangeOverlapsFirstReplacesSecond_UpdatesProperties" methodname="SetIntPropValues_TwoRunBldrRangeOverlapsFirstReplacesSecond_UpdatesProperties" classname="SIL.LCModel.Core.Text.TsStrBldrTests" runstate="Runnable" seed="1127269126" result="Passed" start-time="2020-10-05 16:46:10Z" end-time="2020-10-05 16:46:10Z" duration="0.000329" asserts="7" />
              <test-case id="1-1321" name="SetIntPropValues_TwoRunBldrRangeReplacesFirstOverlapsSecond_UpdatesProperties" fullname="SIL.LCModel.Core.Text.TsStrBldrTests.SetIntPropValues_TwoRunBldrRangeReplacesFirstOverlapsSecond_UpdatesProperties" methodname="SetIntPropValues_TwoRunBldrRangeReplacesFirstOverlapsSecond_UpdatesProperties" classname="SIL.LCModel.Core.Text.TsStrBldrTests" runstate="Runnable" seed="1524276776" result="Passed" start-time="2020-10-05 16:46:10Z" end-time="2020-10-05 16:46:10Z" duration="0.000340" asserts="7" />
              <test-case id="1-1291" name="SetProperties_EmptyBldr_UpdatesProperties" fullname="SIL.LCModel.Core.Text.TsStrBldrTests.SetProperties_EmptyBldr_UpdatesProperties" methodname="SetProperties_EmptyBldr_UpdatesProperties" classname="SIL.LCModel.Core.Text.TsStrBldrTests" runstate="Runnable" seed="584666900" result="Passed" start-time="2020-10-05 16:46:10Z" end-time="2020-10-05 16:46:10Z" duration="0.000468" asserts="2" />
              <test-case id="1-1312" name="SetProperties_IchLimOutOfRange_Throws" fullname="SIL.LCModel.Core.Text.TsStrBldrTests.SetProperties_IchLimOutOfRange_Throws" methodname="SetProperties_IchLimOutOfRange_Throws" classname="SIL.LCModel.Core.Text.TsStrBldrTests" runstate="Runnable" seed="1387696037" result="Passed" start-time="2020-10-05 16:46:10Z" end-time="2020-10-05 16:46:10Z" duration="0.000275" asserts="1" />
              <test-case id="1-1313" name="SetProperties_IchMinGreaterThanIchLim_Throws" fullname="SIL.LCModel.Core.Text.TsStrBldrTests.SetProperties_IchMinGreaterThanIchLim_Throws" methodname="SetProperties_IchMinGreaterThanIchLim_Throws" classname="SIL.LCModel.Core.Text.TsStrBldrTests" runstate="Runnable" seed="1899103602" result="Passed" start-time="2020-10-05 16:46:10Z" end-time="2020-10-05 16:46:10Z" duration="0.000301" asserts="1" />
              <test-case id="1-1311" name="SetProperties_IchMinOutOfRange_Throws" fullname="SIL.LCModel.Core.Text.TsStrBldrTests.SetProperties_IchMinOutOfRange_Throws" methodname="SetProperties_IchMinOutOfRange_Throws" classname="SIL.LCModel.Core.Text.TsStrBldrTests" runstate="Runnable" seed="152036888" result="Passed" start-time="2020-10-05 16:46:10Z" end-time="2020-10-05 16:46:10Z" duration="0.000276" asserts="1" />
              <test-case id="1-1292" name="SetProperties_OneRunBldrEmptyRange_DoesNotUpdateProperties" fullname="SIL.LCModel.Core.Text.TsStrBldrTests.SetProperties_OneRunBldrEmptyRange_DoesNotUpdateProperties" methodname="SetProperties_OneRunBldrEmptyRange_DoesNotUpdateProperties" classname="SIL.LCModel.Core.Text.TsStrBldrTests" runstate="Runnable" seed="2056656886" result="Passed" start-time="2020-10-05 16:46:10Z" end-time="2020-10-05 16:46:10Z" duration="0.000150" asserts="2" />
              <test-case id="1-1293" name="SetProperties_OneRunBldrFullRange_UpdatesProperties" fullname="SIL.LCModel.Core.Text.TsStrBldrTests.SetProperties_OneRunBldrFullRange_UpdatesProperties" methodname="SetProperties_OneRunBldrFullRange_UpdatesProperties" classname="SIL.LCModel.Core.Text.TsStrBldrTests" runstate="Runnable" seed="955720394" result="Passed" start-time="2020-10-05 16:46:10Z" end-time="2020-10-05 16:46:10Z" duration="0.000233" asserts="2" />
              <test-case id="1-1295" name="SetProperties_OneRunBldrPartialRangeFromMiddleToEnd_CreatesOneExtraRun" fullname="SIL.LCModel.Core.Text.TsStrBldrTests.SetProperties_OneRunBldrPartialRangeFromMiddleToEnd_CreatesOneExtraRun" methodname="SetProperties_OneRunBldrPartialRangeFromMiddleToEnd_CreatesOneExtraRun" classname="SIL.LCModel.Core.Text.TsStrBldrTests" runstate="Runnable" seed="495893285" result="Passed" start-time="2020-10-05 16:46:10Z" end-time="2020-10-05 16:46:10Z" duration="0.000273" asserts="5" />
              <test-case id="1-1296" name="SetProperties_OneRunBldrPartialRangeFromMiddleToMiddle_CreatesTwoExtraRuns" fullname="SIL.LCModel.Core.Text.TsStrBldrTests.SetProperties_OneRunBldrPartialRangeFromMiddleToMiddle_CreatesTwoExtraRuns" methodname="SetProperties_OneRunBldrPartialRangeFromMiddleToMiddle_CreatesTwoExtraRuns" classname="SIL.LCModel.Core.Text.TsStrBldrTests" runstate="Runnable" seed="1405827130" result="Passed" start-time="2020-10-05 16:46:10Z" end-time="2020-10-05 16:46:10Z" duration="0.000291" asserts="6" />
              <test-case id="1-1294" name="SetProperties_OneRunBldrPartialRangeFromStartToMiddle_CreatesOneExtraRun" fullname="SIL.LCModel.Core.Text.TsStrBldrTests.SetProperties_OneRunBldrPartialRangeFromStartToMiddle_CreatesOneExtraRun" methodname="SetProperties_OneRunBldrPartialRangeFromStartToMiddle_CreatesOneExtraRun" classname="SIL.LCModel.Core.Text.TsStrBldrTests" runstate="Runnable" seed="2015039701" result="Passed" start-time="2020-10-05 16:46:10Z" end-time="2020-10-05 16:46:10Z" duration="0.000318" asserts="5" />
              <test-case id="1-1314" name="SetProperties_TextPropsNull_Throws" fullname="SIL.LCModel.Core.Text.TsStrBldrTests.SetProperties_TextPropsNull_Throws" methodname="SetProperties_TextPropsNull_Throws" classname="SIL.LCModel.Core.Text.TsStrBldrTests" runstate="Runnable" seed="1682360722" result="Passed" start-time="2020-10-05 16:46:10Z" end-time="2020-10-05 16:46:10Z" duration="0.000273" asserts="1" />
              <test-case id="1-1304" name="SetProperties_TwoRunBldrAlmostReplacesFirstButLeavesJustOneCharacter_UpdatesProperties" fullname="SIL.LCModel.Core.Text.TsStrBldrTests.SetProperties_TwoRunBldrAlmostReplacesFirstButLeavesJustOneCharacter_UpdatesProperties" methodname="SetProperties_TwoRunBldrAlmostReplacesFirstButLeavesJustOneCharacter_UpdatesProperties" classname="SIL.LCModel.Core.Text.TsStrBldrTests" runstate="Runnable" seed="1689542686" result="Passed" start-time="2020-10-05 16:46:10Z" end-time="2020-10-05 16:46:10Z" duration="0.000587" asserts="12" />
              <test-case id="1-1307" name="SetProperties_TwoRunBldrAlmostReplacesFirstButLeavesJustOneCharacterSamePropertiesAsFirst_UpdatesProperties" fullname="SIL.LCModel.Core.Text.TsStrBldrTests.SetProperties_TwoRunBldrAlmostReplacesFirstButLeavesJustOneCharacterSamePropertiesAsFirst_UpdatesProperties" methodname="SetProperties_TwoRunBldrAlmostReplacesFirstButLeavesJustOneCharacterSamePropertiesAsFirst_UpdatesProperties" classname="SIL.LCModel.Core.Text.TsStrBldrTests" runstate="Runnable" seed="263869238" result="Passed" start-time="2020-10-05 16:46:10Z" end-time="2020-10-05 16:46:10Z" duration="0.000580" asserts="9" />
              <test-case id="1-1310" name="SetProperties_TwoRunBldrAlmostReplacesFirstButLeavesJustOneCharacterSamePropertiesAsSecond_UpdatesProperties" fullname="SIL.LCModel.Core.Text.TsStrBldrTests.SetProperties_TwoRunBldrAlmostReplacesFirstButLeavesJustOneCharacterSamePropertiesAsSecond_UpdatesProperties" methodname="SetProperties_TwoRunBldrAlmostReplacesFirstButLeavesJustOneCharacterSamePropertiesAsSecond_UpdatesProperties" classname="SIL.LCModel.Core.Text.TsStrBldrTests" runstate="Runnable" seed="261187561" result="Passed" start-time="2020-10-05 16:46:10Z" end-time="2020-10-05 16:46:10Z" duration="0.000437" asserts="12" />
              <test-case id="1-1297" name="SetProperties_TwoRunBldrRangeOverlapsBoth_UpdatesProperties" fullname="SIL.LCModel.Core.Text.TsStrBldrTests.SetProperties_TwoRunBldrRangeOverlapsBoth_UpdatesProperties" methodname="SetProperties_TwoRunBldrRangeOverlapsBoth_UpdatesProperties" classname="SIL.LCModel.Core.Text.TsStrBldrTests" runstate="Runnable" seed="574415545" result="Passed" start-time="2020-10-05 16:46:10Z" end-time="2020-10-05 16:46:10Z" duration="0.000353" asserts="9" />
              <test-case id="1-1300" name="SetProperties_TwoRunBldrRangeOverlapsBothSamePropertiesAsFirst_UpdatesProperties" fullname="SIL.LCModel.Core.Text.TsStrBldrTests.SetProperties_TwoRunBldrRangeOverlapsBothSamePropertiesAsFirst_UpdatesProperties" methodname="SetProperties_TwoRunBldrRangeOverlapsBothSamePropertiesAsFirst_UpdatesProperties" classname="SIL.LCModel.Core.Text.TsStrBldrTests" runstate="Runnable" seed="1524855578" result="Passed" start-time="2020-10-05 16:46:10Z" end-time="2020-10-05 16:46:10Z" duration="0.000277" asserts="7" />
              <test-case id="1-1301" name="SetProperties_TwoRunBldrRangeOverlapsBothSamePropertiesAsLast_UpdatesProperties" fullname="SIL.LCModel.Core.Text.TsStrBldrTests.SetProperties_TwoRunBldrRangeOverlapsBothSamePropertiesAsLast_UpdatesProperties" methodname="SetProperties_TwoRunBldrRangeOverlapsBothSamePropertiesAsLast_UpdatesProperties" classname="SIL.LCModel.Core.Text.TsStrBldrTests" runstate="Runnable" seed="1598130110" result="Passed" start-time="2020-10-05 16:46:10Z" end-time="2020-10-05 16:46:10Z" duration="0.000283" asserts="7" />
              <test-case id="1-1298" name="SetProperties_TwoRunBldrRangeOverlapsFirstReplacesSecond_UpdatesProperties" fullname="SIL.LCModel.Core.Text.TsStrBldrTests.SetProperties_TwoRunBldrRangeOverlapsFirstReplacesSecond_UpdatesProperties" methodname="SetProperties_TwoRunBldrRangeOverlapsFirstReplacesSecond_UpdatesProperties" classname="SIL.LCModel.Core.Text.TsStrBldrTests" runstate="Runnable" seed="1794393413" result="Passed" start-time="2020-10-05 16:46:10Z" end-time="2020-10-05 16:46:10Z" duration="0.000297" asserts="7" />
              <test-case id="1-1299" name="SetProperties_TwoRunBldrRangeReplacesFirstOverlapsSecond_UpdatesProperties" fullname="SIL.LCModel.Core.Text.TsStrBldrTests.SetProperties_TwoRunBldrRangeReplacesFirstOverlapsSecond_UpdatesProperties" methodname="SetProperties_TwoRunBldrRangeReplacesFirstOverlapsSecond_UpdatesProperties" classname="SIL.LCModel.Core.Text.TsStrBldrTests" runstate="Runnable" seed="504145520" result="Passed" start-time="2020-10-05 16:46:10Z" end-time="2020-10-05 16:46:10Z" duration="0.000259" asserts="7" />
              <test-case id="1-1303" name="SetProperties_TwoRunBldrReplacesFirstAndOverlapsSecondByOneCharacter_UpdatesProperties" fullname="SIL.LCModel.Core.Text.TsStrBldrTests.SetProperties_TwoRunBldrReplacesFirstAndOverlapsSecondByOneCharacter_UpdatesProperties" methodname="SetProperties_TwoRunBldrReplacesFirstAndOverlapsSecondByOneCharacter_UpdatesProperties" classname="SIL.LCModel.Core.Text.TsStrBldrTests" runstate="Runnable" seed="1626329804" result="Passed" start-time="2020-10-05 16:46:10Z" end-time="2020-10-05 16:46:10Z" duration="0.000305" asserts="8" />
              <test-case id="1-1306" name="SetProperties_TwoRunBldrReplacesFirstAndOverlapsSecondByOneCharacterSamePropertiesAsFirst_UpdatesProperties" fullname="SIL.LCModel.Core.Text.TsStrBldrTests.SetProperties_TwoRunBldrReplacesFirstAndOverlapsSecondByOneCharacterSamePropertiesAsFirst_UpdatesProperties" methodname="SetProperties_TwoRunBldrReplacesFirstAndOverlapsSecondByOneCharacterSamePropertiesAsFirst_UpdatesProperties" classname="SIL.LCModel.Core.Text.TsStrBldrTests" runstate="Runnable" seed="897766381" result="Passed" start-time="2020-10-05 16:46:10Z" end-time="2020-10-05 16:46:10Z" duration="0.000317" asserts="9" />
              <test-case id="1-1309" name="SetProperties_TwoRunBldrReplacesFirstAndOverlapsSecondByOneCharacterSamePropertiesAsSecond_UpdatesProperties" fullname="SIL.LCModel.Core.Text.TsStrBldrTests.SetProperties_TwoRunBldrReplacesFirstAndOverlapsSecondByOneCharacterSamePropertiesAsSecond_UpdatesProperties" methodname="SetProperties_TwoRunBldrReplacesFirstAndOverlapsSecondByOneCharacterSamePropertiesAsSecond_UpdatesProperties" classname="SIL.LCModel.Core.Text.TsStrBldrTests" runstate="Runnable" seed="243863595" result="Passed" start-time="2020-10-05 16:46:10Z" end-time="2020-10-05 16:46:10Z" duration="0.000217" asserts="5" />
              <test-case id="1-1302" name="SetProperties_TwoRunBldrReplacesFirstWithoutOverlappingSecond_UpdatesProperties" fullname="SIL.LCModel.Core.Text.TsStrBldrTests.SetProperties_TwoRunBldrReplacesFirstWithoutOverlappingSecond_UpdatesProperties" methodname="SetProperties_TwoRunBldrReplacesFirstWithoutOverlappingSecond_UpdatesProperties" classname="SIL.LCModel.Core.Text.TsStrBldrTests" runstate="Runnable" seed="1142892297" result="Passed" start-time="2020-10-05 16:46:10Z" end-time="2020-10-05 16:46:10Z" duration="0.000289" asserts="8" />
              <test-case id="1-1305" name="SetProperties_TwoRunBldrReplacesFirstWithoutOverlappingSecondSamePropertiesAsFirst_UpdatesProperties" fullname="SIL.LCModel.Core.Text.TsStrBldrTests.SetProperties_TwoRunBldrReplacesFirstWithoutOverlappingSecondSamePropertiesAsFirst_UpdatesProperties" methodname="SetProperties_TwoRunBldrReplacesFirstWithoutOverlappingSecondSamePropertiesAsFirst_UpdatesProperties" classname="SIL.LCModel.Core.Text.TsStrBldrTests" runstate="Runnable" seed="1571437290" result="Passed" start-time="2020-10-05 16:46:10Z" end-time="2020-10-05 16:46:10Z" duration="0.000316" asserts="9" />
              <test-case id="1-1308" name="SetProperties_TwoRunBldrReplacesFirstWithoutOverlappingSecondSamePropertiesAsSecond_UpdatesProperties" fullname="SIL.LCModel.Core.Text.TsStrBldrTests.SetProperties_TwoRunBldrReplacesFirstWithoutOverlappingSecondSamePropertiesAsSecond_UpdatesProperties" methodname="SetProperties_TwoRunBldrReplacesFirstWithoutOverlappingSecondSamePropertiesAsSecond_UpdatesProperties" classname="SIL.LCModel.Core.Text.TsStrBldrTests" runstate="Runnable" seed="1431209036" result="Passed" start-time="2020-10-05 16:46:10Z" end-time="2020-10-05 16:46:10Z" duration="0.000246" asserts="5" />
              <test-case id="1-1327" name="SetStrPropValue_EmptyBldr_UpdatesProperties" fullname="SIL.LCModel.Core.Text.TsStrBldrTests.SetStrPropValue_EmptyBldr_UpdatesProperties" methodname="SetStrPropValue_EmptyBldr_UpdatesProperties" classname="SIL.LCModel.Core.Text.TsStrBldrTests" runstate="Runnable" seed="622281618" result="Passed" start-time="2020-10-05 16:46:10Z" end-time="2020-10-05 16:46:10Z" duration="0.000411" asserts="2" />
              <test-case id="1-1337" name="SetStrPropValue_IchLimOutOfRange_Throws" fullname="SIL.LCModel.Core.Text.TsStrBldrTests.SetStrPropValue_IchLimOutOfRange_Throws" methodname="SetStrPropValue_IchLimOutOfRange_Throws" classname="SIL.LCModel.Core.Text.TsStrBldrTests" runstate="Runnable" seed="1341516495" result="Passed" start-time="2020-10-05 16:46:10Z" end-time="2020-10-05 16:46:10Z" duration="0.000291" asserts="1" />
              <test-case id="1-1338" name="SetStrPropValue_IchMinGreaterThanIchLim_Throws" fullname="SIL.LCModel.Core.Text.TsStrBldrTests.SetStrPropValue_IchMinGreaterThanIchLim_Throws" methodname="SetStrPropValue_IchMinGreaterThanIchLim_Throws" classname="SIL.LCModel.Core.Text.TsStrBldrTests" runstate="Runnable" seed="41179537" result="Passed" start-time="2020-10-05 16:46:10Z" end-time="2020-10-05 16:46:10Z" duration="0.000259" asserts="1" />
              <test-case id="1-1336" name="SetStrPropValue_IchMinOutOfRange_Throws" fullname="SIL.LCModel.Core.Text.TsStrBldrTests.SetStrPropValue_IchMinOutOfRange_Throws" methodname="SetStrPropValue_IchMinOutOfRange_Throws" classname="SIL.LCModel.Core.Text.TsStrBldrTests" runstate="Runnable" seed="950128690" result="Passed" start-time="2020-10-05 16:46:10Z" end-time="2020-10-05 16:46:10Z" duration="0.000216" asserts="1" />
              <test-case id="1-1328" name="SetStrPropValue_OneRunBldrEmptyRange_DoesNotUpdateProperties" fullname="SIL.LCModel.Core.Text.TsStrBldrTests.SetStrPropValue_OneRunBldrEmptyRange_DoesNotUpdateProperties" methodname="SetStrPropValue_OneRunBldrEmptyRange_DoesNotUpdateProperties" classname="SIL.LCModel.Core.Text.TsStrBldrTests" runstate="Runnable" seed="1934280874" result="Passed" start-time="2020-10-05 16:46:10Z" end-time="2020-10-05 16:46:10Z" duration="0.000180" asserts="2" />
              <test-case id="1-1329" name="SetStrPropValue_OneRunBldrFullRange_UpdatesProperties" fullname="SIL.LCModel.Core.Text.TsStrBldrTests.SetStrPropValue_OneRunBldrFullRange_UpdatesProperties" methodname="SetStrPropValue_OneRunBldrFullRange_UpdatesProperties" classname="SIL.LCModel.Core.Text.TsStrBldrTests" runstate="Runnable" seed="331135578" result="Passed" start-time="2020-10-05 16:46:10Z" end-time="2020-10-05 16:46:10Z" duration="0.000194" asserts="2" />
              <test-case id="1-1330" name="SetStrPropValue_TwoRunBldrRangeOverlapsBoth_UpdatesProperties" fullname="SIL.LCModel.Core.Text.TsStrBldrTests.SetStrPropValue_TwoRunBldrRangeOverlapsBoth_UpdatesProperties" methodname="SetStrPropValue_TwoRunBldrRangeOverlapsBoth_UpdatesProperties" classname="SIL.LCModel.Core.Text.TsStrBldrTests" runstate="Runnable" seed="658797078" result="Passed" start-time="2020-10-05 16:46:10Z" end-time="2020-10-05 16:46:10Z" duration="0.001494" asserts="9" />
              <test-case id="1-1331" name="SetStrPropValue_TwoRunBldrRangeOverlapsBothRemoveProperty_UpdatesProperties" fullname="SIL.LCModel.Core.Text.TsStrBldrTests.SetStrPropValue_TwoRunBldrRangeOverlapsBothRemoveProperty_UpdatesProperties" methodname="SetStrPropValue_TwoRunBldrRangeOverlapsBothRemoveProperty_UpdatesProperties" classname="SIL.LCModel.Core.Text.TsStrBldrTests" runstate="Runnable" seed="1244036019" result="Passed" start-time="2020-10-05 16:46:10Z" end-time="2020-10-05 16:46:10Z" duration="0.000475" asserts="9" />
              <test-case id="1-1334" name="SetStrPropValue_TwoRunBldrRangeOverlapsBothSamePropertiesAsFirst_UpdatesProperties" fullname="SIL.LCModel.Core.Text.TsStrBldrTests.SetStrPropValue_TwoRunBldrRangeOverlapsBothSamePropertiesAsFirst_UpdatesProperties" methodname="SetStrPropValue_TwoRunBldrRangeOverlapsBothSamePropertiesAsFirst_UpdatesProperties" classname="SIL.LCModel.Core.Text.TsStrBldrTests" runstate="Runnable" seed="82452575" result="Passed" start-time="2020-10-05 16:46:10Z" end-time="2020-10-05 16:46:10Z" duration="0.000370" asserts="7" />
              <test-case id="1-1335" name="SetStrPropValue_TwoRunBldrRangeOverlapsBothSamePropertiesAsLast_UpdatesProperties" fullname="SIL.LCModel.Core.Text.TsStrBldrTests.SetStrPropValue_TwoRunBldrRangeOverlapsBothSamePropertiesAsLast_UpdatesProperties" methodname="SetStrPropValue_TwoRunBldrRangeOverlapsBothSamePropertiesAsLast_UpdatesProperties" classname="SIL.LCModel.Core.Text.TsStrBldrTests" runstate="Runnable" seed="1631733521" result="Passed" start-time="2020-10-05 16:46:10Z" end-time="2020-10-05 16:46:10Z" duration="0.000381" asserts="7" />
              <test-case id="1-1332" name="SetStrPropValue_TwoRunBldrRangeOverlapsFirstReplacesSecond_UpdatesProperties" fullname="SIL.LCModel.Core.Text.TsStrBldrTests.SetStrPropValue_TwoRunBldrRangeOverlapsFirstReplacesSecond_UpdatesProperties" methodname="SetStrPropValue_TwoRunBldrRangeOverlapsFirstReplacesSecond_UpdatesProperties" classname="SIL.LCModel.Core.Text.TsStrBldrTests" runstate="Runnable" seed="1964510476" result="Passed" start-time="2020-10-05 16:46:10Z" end-time="2020-10-05 16:46:10Z" duration="0.000358" asserts="7" />
              <test-case id="1-1333" name="SetStrPropValue_TwoRunBldrRangeReplacesFirstOverlapsSecond_UpdatesProperties" fullname="SIL.LCModel.Core.Text.TsStrBldrTests.SetStrPropValue_TwoRunBldrRangeReplacesFirstOverlapsSecond_UpdatesProperties" methodname="SetStrPropValue_TwoRunBldrRangeReplacesFirstOverlapsSecond_UpdatesProperties" classname="SIL.LCModel.Core.Text.TsStrBldrTests" runstate="Runnable" seed="2002142385" result="Passed" start-time="2020-10-05 16:46:10Z" end-time="2020-10-05 16:46:10Z" duration="0.000292" asserts="7" />
            </test-suite>
            <test-suite type="TestFixture" id="1-1340" name="TsStrFactoryTests" fullname="SIL.LCModel.Core.Text.TsStrFactoryTests" classname="SIL.LCModel.Core.Text.TsStrFactoryTests" runstate="Runnable" testcasecount="15" result="Passed" start-time="2020-10-05 16:46:10Z" end-time="2020-10-05 16:46:10Z" duration="0.005056" total="15" passed="15" failed="0" warnings="0" inconclusive="0" skipped="0" asserts="24">
              <test-case id="1-1354" name="EmptyString_ValidWS_ReturnsCorrectString" fullname="SIL.LCModel.Core.Text.TsStrFactoryTests.EmptyString_ValidWS_ReturnsCorrectString" methodname="EmptyString_ValidWS_ReturnsCorrectString" classname="SIL.LCModel.Core.Text.TsStrFactoryTests" runstate="Runnable" seed="1189385401" result="Passed" start-time="2020-10-05 16:46:10Z" end-time="2020-10-05 16:46:10Z" duration="0.001206" asserts="2" />
              <test-case id="1-1355" name="EmptyString_ZeroWS_Throws" fullname="SIL.LCModel.Core.Text.TsStrFactoryTests.EmptyString_ZeroWS_Throws" methodname="EmptyString_ZeroWS_Throws" classname="SIL.LCModel.Core.Text.TsStrFactoryTests" runstate="Runnable" seed="2103076851" result="Passed" start-time="2020-10-05 16:46:10Z" end-time="2020-10-05 16:46:10Z" duration="0.000384" asserts="1" />
              <test-case id="1-1342" name="MakeString_EmptyTextValidWS_ReturnsCorrectString" fullname="SIL.LCModel.Core.Text.TsStrFactoryTests.MakeString_EmptyTextValidWS_ReturnsCorrectString" methodname="MakeString_EmptyTextValidWS_ReturnsCorrectString" classname="SIL.LCModel.Core.Text.TsStrFactoryTests" runstate="Runnable" seed="2009451768" result="Passed" start-time="2020-10-05 16:46:10Z" end-time="2020-10-05 16:46:10Z" duration="0.000199" asserts="2" />
              <test-case id="1-1341" name="MakeString_NonEmptyTextValidWS_ReturnsCorrectString" fullname="SIL.LCModel.Core.Text.TsStrFactoryTests.MakeString_NonEmptyTextValidWS_ReturnsCorrectString" methodname="MakeString_NonEmptyTextValidWS_ReturnsCorrectString" classname="SIL.LCModel.Core.Text.TsStrFactoryTests" runstate="Runnable" seed="1308339984" result="Passed" start-time="2020-10-05 16:46:10Z" end-time="2020-10-05 16:46:10Z" duration="0.000163" asserts="2" />
              <test-case id="1-1343" name="MakeString_ZeroWS_Throws" fullname="SIL.LCModel.Core.Text.TsStrFactoryTests.MakeString_ZeroWS_Throws" methodname="MakeString_ZeroWS_Throws" classname="SIL.LCModel.Core.Text.TsStrFactoryTests" runstate="Runnable" seed="1921337482" result="Passed" start-time="2020-10-05 16:46:10Z" end-time="2020-10-05 16:46:10Z" duration="0.000327" asserts="1" />
              <test-case id="1-1346" name="MakeStringRgch_EmptyTextValidWS_ReturnsCorrectString" fullname="SIL.LCModel.Core.Text.TsStrFactoryTests.MakeStringRgch_EmptyTextValidWS_ReturnsCorrectString" methodname="MakeStringRgch_EmptyTextValidWS_ReturnsCorrectString" classname="SIL.LCModel.Core.Text.TsStrFactoryTests" runstate="Runnable" seed="2099424589" result="Passed" start-time="2020-10-05 16:46:10Z" end-time="2020-10-05 16:46:10Z" duration="0.000304" asserts="2" />
              <test-case id="1-1348" name="MakeStringRgch_InvalidLength_Throws" fullname="SIL.LCModel.Core.Text.TsStrFactoryTests.MakeStringRgch_InvalidLength_Throws" methodname="MakeStringRgch_InvalidLength_Throws" classname="SIL.LCModel.Core.Text.TsStrFactoryTests" runstate="Runnable" seed="940602434" result="Passed" start-time="2020-10-05 16:46:10Z" end-time="2020-10-05 16:46:10Z" duration="0.000297" asserts="1" />
              <test-case id="1-1345" name="MakeStringRgch_NonEmptyTextPartialLengthValidWS_ReturnsCorrectString" fullname="SIL.LCModel.Core.Text.TsStrFactoryTests.MakeStringRgch_NonEmptyTextPartialLengthValidWS_ReturnsCorrectString" methodname="MakeStringRgch_NonEmptyTextPartialLengthValidWS_ReturnsCorrectString" classname="SIL.LCModel.Core.Text.TsStrFactoryTests" runstate="Runnable" seed="874442284" result="Passed" start-time="2020-10-05 16:46:10Z" end-time="2020-10-05 16:46:10Z" duration="0.000170" asserts="2" />
              <test-case id="1-1344" name="MakeStringRgch_NonEmptyTextWholeLengthValidWS_ReturnsCorrectString" fullname="SIL.LCModel.Core.Text.TsStrFactoryTests.MakeStringRgch_NonEmptyTextWholeLengthValidWS_ReturnsCorrectString" methodname="MakeStringRgch_NonEmptyTextWholeLengthValidWS_ReturnsCorrectString" classname="SIL.LCModel.Core.Text.TsStrFactoryTests" runstate="Runnable" seed="159443516" result="Passed" start-time="2020-10-05 16:46:10Z" end-time="2020-10-05 16:46:10Z" duration="0.000163" asserts="2" />
              <test-case id="1-1347" name="MakeStringRgch_ZeroWS_Throws" fullname="SIL.LCModel.Core.Text.TsStrFactoryTests.MakeStringRgch_ZeroWS_Throws" methodname="MakeStringRgch_ZeroWS_Throws" classname="SIL.LCModel.Core.Text.TsStrFactoryTests" runstate="Runnable" seed="1862142899" result="Passed" start-time="2020-10-05 16:46:10Z" end-time="2020-10-05 16:46:10Z" duration="0.000286" asserts="1" />
              <test-case id="1-1351" name="MakeStringWithPropsRgch_EmptyTextValidProps_ReturnsCorrectString" fullname="SIL.LCModel.Core.Text.TsStrFactoryTests.MakeStringWithPropsRgch_EmptyTextValidProps_ReturnsCorrectString" methodname="MakeStringWithPropsRgch_EmptyTextValidProps_ReturnsCorrectString" classname="SIL.LCModel.Core.Text.TsStrFactoryTests" runstate="Runnable" seed="957188439" result="Passed" start-time="2020-10-05 16:46:10Z" end-time="2020-10-05 16:46:10Z" duration="0.000340" asserts="2" />
              <test-case id="1-1352" name="MakeStringWithPropsRgch_InvalidLength_Throws" fullname="SIL.LCModel.Core.Text.TsStrFactoryTests.MakeStringWithPropsRgch_InvalidLength_Throws" methodname="MakeStringWithPropsRgch_InvalidLength_Throws" classname="SIL.LCModel.Core.Text.TsStrFactoryTests" runstate="Runnable" seed="716199102" result="Passed" start-time="2020-10-05 16:46:10Z" end-time="2020-10-05 16:46:10Z" duration="0.000302" asserts="1" />
              <test-case id="1-1350" name="MakeStringWithPropsRgch_NonEmptyTextPartialLengthValidProps_ReturnsCorrectString" fullname="SIL.LCModel.Core.Text.TsStrFactoryTests.MakeStringWithPropsRgch_NonEmptyTextPartialLengthValidProps_ReturnsCorrectString" methodname="MakeStringWithPropsRgch_NonEmptyTextPartialLengthValidProps_ReturnsCorrectString" classname="SIL.LCModel.Core.Text.TsStrFactoryTests" runstate="Runnable" seed="614968381" result="Passed" start-time="2020-10-05 16:46:10Z" end-time="2020-10-05 16:46:10Z" duration="0.000190" asserts="2" />
              <test-case id="1-1349" name="MakeStringWithPropsRgch_NonEmptyTextWholeLengthValidProps_ReturnsCorrectString" fullname="SIL.LCModel.Core.Text.TsStrFactoryTests.MakeStringWithPropsRgch_NonEmptyTextWholeLengthValidProps_ReturnsCorrectString" methodname="MakeStringWithPropsRgch_NonEmptyTextWholeLengthValidProps_ReturnsCorrectString" classname="SIL.LCModel.Core.Text.TsStrFactoryTests" runstate="Runnable" seed="876876129" result="Passed" start-time="2020-10-05 16:46:10Z" end-time="2020-10-05 16:46:10Z" duration="0.000166" asserts="2" />
              <test-case id="1-1353" name="MakeStringWithPropsRgch_NullProps_Throws" fullname="SIL.LCModel.Core.Text.TsStrFactoryTests.MakeStringWithPropsRgch_NullProps_Throws" methodname="MakeStringWithPropsRgch_NullProps_Throws" classname="SIL.LCModel.Core.Text.TsStrFactoryTests" runstate="Runnable" seed="713361010" result="Passed" start-time="2020-10-05 16:46:10Z" end-time="2020-10-05 16:46:10Z" duration="0.000292" asserts="1" />
            </test-suite>
            <test-suite type="TestFixture" id="1-1356" name="TsStringComparerTests" fullname="SIL.LCModel.Core.Text.TsStringComparerTests" classname="SIL.LCModel.Core.Text.TsStringComparerTests" runstate="Runnable" testcasecount="11" result="Passed" start-time="2020-10-05 16:46:10Z" end-time="2020-10-05 16:46:10Z" duration="0.009963" total="11" passed="11" failed="0" warnings="0" inconclusive="0" skipped="0" asserts="17">
              <test-case id="1-1357" name="BothArgumentsNull" fullname="SIL.LCModel.Core.Text.TsStringComparerTests.BothArgumentsNull" methodname="BothArgumentsNull" classname="SIL.LCModel.Core.Text.TsStringComparerTests" runstate="Runnable" seed="1448144736" result="Passed" start-time="2020-10-05 16:46:10Z" end-time="2020-10-05 16:46:10Z" duration="0.000495" asserts="1" />
              <test-case id="1-1362" name="CompareIdenticalStrings" fullname="SIL.LCModel.Core.Text.TsStringComparerTests.CompareIdenticalStrings" methodname="CompareIdenticalStrings" classname="SIL.LCModel.Core.Text.TsStringComparerTests" runstate="Runnable" seed="718481000" result="Passed" start-time="2020-10-05 16:46:10Z" end-time="2020-10-05 16:46:10Z" duration="0.002876" asserts="1" />
              <test-case id="1-1367" name="CompareTsStringWithRegularString" fullname="SIL.LCModel.Core.Text.TsStringComparerTests.CompareTsStringWithRegularString" methodname="CompareTsStringWithRegularString" classname="SIL.LCModel.Core.Text.TsStringComparerTests" runstate="Runnable" seed="397121129" result="Passed" start-time="2020-10-05 16:46:10Z" end-time="2020-10-05 16:46:10Z" duration="0.000395" asserts="2" />
              <test-case id="1-1361" name="CompareTwoStrings" fullname="SIL.LCModel.Core.Text.TsStringComparerTests.CompareTwoStrings" methodname="CompareTwoStrings" classname="SIL.LCModel.Core.Text.TsStringComparerTests" runstate="Runnable" seed="544687538" result="Passed" start-time="2020-10-05 16:46:10Z" end-time="2020-10-05 16:46:10Z" duration="0.000192" asserts="2" />
              <test-case id="1-1363" name="CompareTwoStringsWithDifferentWs" fullname="SIL.LCModel.Core.Text.TsStringComparerTests.CompareTwoStringsWithDifferentWs" methodname="CompareTwoStringsWithDifferentWs" classname="SIL.LCModel.Core.Text.TsStringComparerTests" runstate="Runnable" seed="761850623" result="Passed" start-time="2020-10-05 16:46:10Z" end-time="2020-10-05 16:46:10Z" duration="0.000176" asserts="1" />
              <test-case id="1-1366" name="CompareTwoStringsWithoutIcu" fullname="SIL.LCModel.Core.Text.TsStringComparerTests.CompareTwoStringsWithoutIcu" methodname="CompareTwoStringsWithoutIcu" classname="SIL.LCModel.Core.Text.TsStringComparerTests" runstate="Runnable" seed="84869397" result="Passed" start-time="2020-10-05 16:46:10Z" end-time="2020-10-05 16:46:10Z" duration="0.000284" asserts="2" />
              <test-case id="1-1364" name="FirstArgumentNotTsString" fullname="SIL.LCModel.Core.Text.TsStringComparerTests.FirstArgumentNotTsString" methodname="FirstArgumentNotTsString" classname="SIL.LCModel.Core.Text.TsStringComparerTests" runstate="Runnable" seed="1717838728" result="Passed" start-time="2020-10-05 16:46:10Z" end-time="2020-10-05 16:46:10Z" duration="0.000796" asserts="1" />
              <test-case id="1-1359" name="OneArgumentEmptyString" fullname="SIL.LCModel.Core.Text.TsStringComparerTests.OneArgumentEmptyString" methodname="OneArgumentEmptyString" classname="SIL.LCModel.Core.Text.TsStringComparerTests" runstate="Runnable" seed="847044095" result="Passed" start-time="2020-10-05 16:46:10Z" end-time="2020-10-05 16:46:10Z" duration="0.000361" asserts="2" />
              <test-case id="1-1360" name="OneArgumentEmptyStringOtherNull" fullname="SIL.LCModel.Core.Text.TsStringComparerTests.OneArgumentEmptyStringOtherNull" methodname="OneArgumentEmptyStringOtherNull" classname="SIL.LCModel.Core.Text.TsStringComparerTests" runstate="Runnable" seed="1927333096" result="Passed" start-time="2020-10-05 16:46:10Z" end-time="2020-10-05 16:46:10Z" duration="0.000228" asserts="2" />
              <test-case id="1-1358" name="OneArgumentNull" fullname="SIL.LCModel.Core.Text.TsStringComparerTests.OneArgumentNull" methodname="OneArgumentNull" classname="SIL.LCModel.Core.Text.TsStringComparerTests" runstate="Runnable" seed="1524754011" result="Passed" start-time="2020-10-05 16:46:10Z" end-time="2020-10-05 16:46:10Z" duration="0.000248" asserts="2" />
              <test-case id="1-1365" name="SecondArgumentNotTsString" fullname="SIL.LCModel.Core.Text.TsStringComparerTests.SecondArgumentNotTsString" methodname="SecondArgumentNotTsString" classname="SIL.LCModel.Core.Text.TsStringComparerTests" runstate="Runnable" seed="798175478" result="Passed" start-time="2020-10-05 16:46:10Z" end-time="2020-10-05 16:46:10Z" duration="0.000408" asserts="1" />
            </test-suite>
            <test-suite type="TestFixture" id="1-1368" name="TsStringHelperTests" fullname="SIL.LCModel.Core.Text.TsStringHelperTests" classname="SIL.LCModel.Core.Text.TsStringHelperTests" runstate="Runnable" testcasecount="11" result="Passed" start-time="2020-10-05 16:46:10Z" end-time="2020-10-05 16:46:10Z" duration="0.007299" total="11" passed="11" failed="0" warnings="0" inconclusive="0" skipped="0" asserts="20">
              <test-case id="1-1373" name="NullStringDiffersFromTsString" fullname="SIL.LCModel.Core.Text.TsStringHelperTests.NullStringDiffersFromTsString" methodname="NullStringDiffersFromTsString" classname="SIL.LCModel.Core.Text.TsStringHelperTests" runstate="Runnable" seed="539178549" result="Passed" start-time="2020-10-05 16:46:10Z" end-time="2020-10-05 16:46:10Z" duration="0.001386" asserts="2" />
              <test-case id="1-1374" name="NullStringsSame" fullname="SIL.LCModel.Core.Text.TsStringHelperTests.NullStringsSame" methodname="NullStringsSame" classname="SIL.LCModel.Core.Text.TsStringHelperTests" runstate="Runnable" seed="835714771" result="Passed" start-time="2020-10-05 16:46:10Z" end-time="2020-10-05 16:46:10Z" duration="0.000134" asserts="1" />
              <test-case id="1-1372" name="TsStringDiffersFromNullString" fullname="SIL.LCModel.Core.Text.TsStringHelperTests.TsStringDiffersFromNullString" methodname="TsStringDiffersFromNullString" classname="SIL.LCModel.Core.Text.TsStringHelperTests" runstate="Runnable" seed="1895108737" result="Passed" start-time="2020-10-05 16:46:10Z" end-time="2020-10-05 16:46:10Z" duration="0.000264" asserts="2" />
              <test-case id="1-1375" name="TsStringsDifferByLength" fullname="SIL.LCModel.Core.Text.TsStringHelperTests.TsStringsDifferByLength" methodname="TsStringsDifferByLength" classname="SIL.LCModel.Core.Text.TsStringHelperTests" runstate="Runnable" seed="311279048" result="Passed" start-time="2020-10-05 16:46:10Z" end-time="2020-10-05 16:46:10Z" duration="0.000256" asserts="2" />
              <test-case id="1-1378" name="TsStringsDifferByRunBreaks" fullname="SIL.LCModel.Core.Text.TsStringHelperTests.TsStringsDifferByRunBreaks" methodname="TsStringsDifferByRunBreaks" classname="SIL.LCModel.Core.Text.TsStringHelperTests" runstate="Runnable" seed="174286597" result="Passed" start-time="2020-10-05 16:46:10Z" end-time="2020-10-05 16:46:10Z" duration="0.001215" asserts="2" />
              <test-case id="1-1377" name="TsStringsDifferByRunCount" fullname="SIL.LCModel.Core.Text.TsStringHelperTests.TsStringsDifferByRunCount" methodname="TsStringsDifferByRunCount" classname="SIL.LCModel.Core.Text.TsStringHelperTests" runstate="Runnable" seed="138690432" result="Passed" start-time="2020-10-05 16:46:10Z" end-time="2020-10-05 16:46:10Z" duration="0.000478" asserts="2" />
              <test-case id="1-1379" name="TsStringsDifferByRunFormat" fullname="SIL.LCModel.Core.Text.TsStringHelperTests.TsStringsDifferByRunFormat" methodname="TsStringsDifferByRunFormat" classname="SIL.LCModel.Core.Text.TsStringHelperTests" runstate="Runnable" seed="942323866" result="Passed" start-time="2020-10-05 16:46:10Z" end-time="2020-10-05 16:46:10Z" duration="0.000488" asserts="2" />
              <test-case id="1-1376" name="TsStringsDifferByText" fullname="SIL.LCModel.Core.Text.TsStringHelperTests.TsStringsDifferByText" methodname="TsStringsDifferByText" classname="SIL.LCModel.Core.Text.TsStringHelperTests" runstate="Runnable" seed="1289901554" result="Passed" start-time="2020-10-05 16:46:10Z" end-time="2020-10-05 16:46:10Z" duration="0.000258" asserts="2" />
              <test-case id="1-1369" name="TsStringsSame" fullname="SIL.LCModel.Core.Text.TsStringHelperTests.TsStringsSame" methodname="TsStringsSame" classname="SIL.LCModel.Core.Text.TsStringHelperTests" runstate="Runnable" seed="1187477767" result="Passed" start-time="2020-10-05 16:46:10Z" end-time="2020-10-05 16:46:10Z" duration="0.000186" asserts="1" />
              <test-case id="1-1370" name="TsStringsTwoEmpty_ExpectedIntProp" fullname="SIL.LCModel.Core.Text.TsStringHelperTests.TsStringsTwoEmpty_ExpectedIntProp" methodname="TsStringsTwoEmpty_ExpectedIntProp" classname="SIL.LCModel.Core.Text.TsStringHelperTests" runstate="Runnable" seed="1861284049" result="Passed" start-time="2020-10-05 16:46:10Z" end-time="2020-10-05 16:46:10Z" duration="0.001334" asserts="2" />
              <test-case id="1-1371" name="TsStringsTwoEmpty_WritingSystemsDiffer" fullname="SIL.LCModel.Core.Text.TsStringHelperTests.TsStringsTwoEmpty_WritingSystemsDiffer" methodname="TsStringsTwoEmpty_WritingSystemsDiffer" classname="SIL.LCModel.Core.Text.TsStringHelperTests" runstate="Runnable" seed="692751394" result="Passed" start-time="2020-10-05 16:46:10Z" end-time="2020-10-05 16:46:10Z" duration="0.001006" asserts="2" />
            </test-suite>
            <test-suite type="TestFixture" id="1-1380" name="TsStringNormalizationTests" fullname="SIL.LCModel.Core.Text.TsStringNormalizationTests" classname="SIL.LCModel.Core.Text.TsStringNormalizationTests" runstate="Runnable" testcasecount="79" result="Passed" start-time="2020-10-05 16:46:10Z" end-time="2020-10-05 16:46:10Z" duration="0.024753" total="79" passed="79" failed="0" warnings="0" inconclusive="0" skipped="0" asserts="277">
              <test-case id="1-1443" name="get_IsNormalizedForm_SingleRun_NFCIsAlsoNFSCButNotNecessarilyNFKC" fullname="SIL.LCModel.Core.Text.TsStringNormalizationTests.get_IsNormalizedForm_SingleRun_NFCIsAlsoNFSCButNotNecessarilyNFKC" methodname="get_IsNormalizedForm_SingleRun_NFCIsAlsoNFSCButNotNecessarilyNFKC" classname="SIL.LCModel.Core.Text.TsStringNormalizationTests" runstate="Runnable" seed="1834135968" result="Passed" start-time="2020-10-05 16:46:10Z" end-time="2020-10-05 16:46:10Z" duration="0.001470" asserts="6" />
              <test-case id="1-1446" name="get_IsNormalizedForm_SingleRun_NFDIsNotNecessarilyNFKD" fullname="SIL.LCModel.Core.Text.TsStringNormalizationTests.get_IsNormalizedForm_SingleRun_NFDIsNotNecessarilyNFKD" methodname="get_IsNormalizedForm_SingleRun_NFDIsNotNecessarilyNFKD" classname="SIL.LCModel.Core.Text.TsStringNormalizationTests" runstate="Runnable" seed="15385405" result="Passed" start-time="2020-10-05 16:46:10Z" end-time="2020-10-05 16:46:10Z" duration="0.000214" asserts="5" />
              <test-case id="1-1444" name="get_IsNormalizedForm_SingleRun_NFKCIsAlsoNFSCAndNFC" fullname="SIL.LCModel.Core.Text.TsStringNormalizationTests.get_IsNormalizedForm_SingleRun_NFKCIsAlsoNFSCAndNFC" methodname="get_IsNormalizedForm_SingleRun_NFKCIsAlsoNFSCAndNFC" classname="SIL.LCModel.Core.Text.TsStringNormalizationTests" runstate="Runnable" seed="1790262055" result="Passed" start-time="2020-10-05 16:46:10Z" end-time="2020-10-05 16:46:10Z" duration="0.000154" asserts="4" />
              <test-case id="1-1445" name="get_IsNormalizedForm_SingleRun_NFKDIsAlsoNFD" fullname="SIL.LCModel.Core.Text.TsStringNormalizationTests.get_IsNormalizedForm_SingleRun_NFKDIsAlsoNFD" methodname="get_IsNormalizedForm_SingleRun_NFKDIsAlsoNFD" classname="SIL.LCModel.Core.Text.TsStringNormalizationTests" runstate="Runnable" seed="1910795074" result="Passed" start-time="2020-10-05 16:46:10Z" end-time="2020-10-05 16:46:10Z" duration="0.000127" asserts="3" />
              <test-case id="1-1442" name="get_IsNormalizedForm_SingleRun_NFSCIsAlsoNFCButNotNecessarilyNKFC" fullname="SIL.LCModel.Core.Text.TsStringNormalizationTests.get_IsNormalizedForm_SingleRun_NFSCIsAlsoNFCButNotNecessarilyNKFC" methodname="get_IsNormalizedForm_SingleRun_NFSCIsAlsoNFCButNotNecessarilyNKFC" classname="SIL.LCModel.Core.Text.TsStringNormalizationTests" runstate="Runnable" seed="1052257843" result="Passed" start-time="2020-10-05 16:46:10Z" end-time="2020-10-05 16:46:10Z" duration="0.000180" asserts="6" />
              <test-case id="1-1441" name="get_IsNormalizedForm_SplitRuns_NFSCIsNotNFC" fullname="SIL.LCModel.Core.Text.TsStringNormalizationTests.get_IsNormalizedForm_SplitRuns_NFSCIsNotNFC" methodname="get_IsNormalizedForm_SplitRuns_NFSCIsNotNFC" classname="SIL.LCModel.Core.Text.TsStringNormalizationTests" runstate="Runnable" seed="321421547" result="Passed" start-time="2020-10-05 16:46:10Z" end-time="2020-10-05 16:46:10Z" duration="0.003655" asserts="7" />
              <test-suite type="ParameterizedMethod" id="1-1398" name="get_NormalizedForm_EmptyStrings_AfterCheckingNormalizationHaveAlreadyNormalizedFlagSet" fullname="SIL.LCModel.Core.Text.TsStringNormalizationTests.get_NormalizedForm_EmptyStrings_AfterCheckingNormalizationHaveAlreadyNormalizedFlagSet" classname="SIL.LCModel.Core.Text.TsStringNormalizationTests" runstate="Runnable" testcasecount="5" result="Passed" start-time="2020-10-05 16:46:10Z" end-time="2020-10-05 16:46:10Z" duration="0.000532" total="5" passed="5" failed="0" warnings="0" inconclusive="0" skipped="0" asserts="10">
                <test-case id="1-1393" name="get_NormalizedForm_EmptyStrings_AfterCheckingNormalizationHaveAlreadyNormalizedFlagSet(knmDefault)" fullname="SIL.LCModel.Core.Text.TsStringNormalizationTests.get_NormalizedForm_EmptyStrings_AfterCheckingNormalizationHaveAlreadyNormalizedFlagSet(knmDefault)" methodname="get_NormalizedForm_EmptyStrings_AfterCheckingNormalizationHaveAlreadyNormalizedFlagSet" classname="SIL.LCModel.Core.Text.TsStringNormalizationTests" runstate="Runnable" seed="968170276" result="Passed" start-time="2020-10-05 16:46:10Z" end-time="2020-10-05 16:46:10Z" duration="0.000263" asserts="2" />
                <test-case id="1-1394" name="get_NormalizedForm_EmptyStrings_AfterCheckingNormalizationHaveAlreadyNormalizedFlagSet(knmNFKC)" fullname="SIL.LCModel.Core.Text.TsStringNormalizationTests.get_NormalizedForm_EmptyStrings_AfterCheckingNormalizationHaveAlreadyNormalizedFlagSet(knmNFKC)" methodname="get_NormalizedForm_EmptyStrings_AfterCheckingNormalizationHaveAlreadyNormalizedFlagSet" classname="SIL.LCModel.Core.Text.TsStringNormalizationTests" runstate="Runnable" seed="1195715291" result="Passed" start-time="2020-10-05 16:46:10Z" end-time="2020-10-05 16:46:10Z" duration="0.000062" asserts="2" />
                <test-case id="1-1395" name="get_NormalizedForm_EmptyStrings_AfterCheckingNormalizationHaveAlreadyNormalizedFlagSet(knmNFSC)" fullname="SIL.LCModel.Core.Text.TsStringNormalizationTests.get_NormalizedForm_EmptyStrings_AfterCheckingNormalizationHaveAlreadyNormalizedFlagSet(knmNFSC)" methodname="get_NormalizedForm_EmptyStrings_AfterCheckingNormalizationHaveAlreadyNormalizedFlagSet" classname="SIL.LCModel.Core.Text.TsStringNormalizationTests" runstate="Runnable" seed="1228133633" result="Passed" start-time="2020-10-05 16:46:10Z" end-time="2020-10-05 16:46:10Z" duration="0.000037" asserts="2" />
                <test-case id="1-1396" name="get_NormalizedForm_EmptyStrings_AfterCheckingNormalizationHaveAlreadyNormalizedFlagSet(knmNFD)" fullname="SIL.LCModel.Core.Text.TsStringNormalizationTests.get_NormalizedForm_EmptyStrings_AfterCheckingNormalizationHaveAlreadyNormalizedFlagSet(knmNFD)" methodname="get_NormalizedForm_EmptyStrings_AfterCheckingNormalizationHaveAlreadyNormalizedFlagSet" classname="SIL.LCModel.Core.Text.TsStringNormalizationTests" runstate="Runnable" seed="479034468" result="Passed" start-time="2020-10-05 16:46:10Z" end-time="2020-10-05 16:46:10Z" duration="0.000049" asserts="2" />
                <test-case id="1-1397" name="get_NormalizedForm_EmptyStrings_AfterCheckingNormalizationHaveAlreadyNormalizedFlagSet(knmNFKD)" fullname="SIL.LCModel.Core.Text.TsStringNormalizationTests.get_NormalizedForm_EmptyStrings_AfterCheckingNormalizationHaveAlreadyNormalizedFlagSet(knmNFKD)" methodname="get_NormalizedForm_EmptyStrings_AfterCheckingNormalizationHaveAlreadyNormalizedFlagSet" classname="SIL.LCModel.Core.Text.TsStringNormalizationTests" runstate="Runnable" seed="589611337" result="Passed" start-time="2020-10-05 16:46:10Z" end-time="2020-10-05 16:46:10Z" duration="0.000035" asserts="2" />
              </test-suite>
              <test-suite type="ParameterizedMethod" id="1-1410" name="get_NormalizedForm_EmptyStrings_AfterNormalizationHaveAlreadyNormalizedFlagSet" fullname="SIL.LCModel.Core.Text.TsStringNormalizationTests.get_NormalizedForm_EmptyStrings_AfterNormalizationHaveAlreadyNormalizedFlagSet" classname="SIL.LCModel.Core.Text.TsStringNormalizationTests" runstate="Runnable" testcasecount="5" result="Passed" start-time="2020-10-05 16:46:10Z" end-time="2020-10-05 16:46:10Z" duration="0.000347" total="5" passed="5" failed="0" warnings="0" inconclusive="0" skipped="0" asserts="5">
                <test-case id="1-1405" name="get_NormalizedForm_EmptyStrings_AfterNormalizationHaveAlreadyNormalizedFlagSet(knmDefault)" fullname="SIL.LCModel.Core.Text.TsStringNormalizationTests.get_NormalizedForm_EmptyStrings_AfterNormalizationHaveAlreadyNormalizedFlagSet(knmDefault)" methodname="get_NormalizedForm_EmptyStrings_AfterNormalizationHaveAlreadyNormalizedFlagSet" classname="SIL.LCModel.Core.Text.TsStringNormalizationTests" runstate="Runnable" seed="1425611745" result="Passed" start-time="2020-10-05 16:46:10Z" end-time="2020-10-05 16:46:10Z" duration="0.000139" asserts="1" />
                <test-case id="1-1406" name="get_NormalizedForm_EmptyStrings_AfterNormalizationHaveAlreadyNormalizedFlagSet(knmNFKC)" fullname="SIL.LCModel.Core.Text.TsStringNormalizationTests.get_NormalizedForm_EmptyStrings_AfterNormalizationHaveAlreadyNormalizedFlagSet(knmNFKC)" methodname="get_NormalizedForm_EmptyStrings_AfterNormalizationHaveAlreadyNormalizedFlagSet" classname="SIL.LCModel.Core.Text.TsStringNormalizationTests" runstate="Runnable" seed="128507963" result="Passed" start-time="2020-10-05 16:46:10Z" end-time="2020-10-05 16:46:10Z" duration="0.000042" asserts="1" />
                <test-case id="1-1407" name="get_NormalizedForm_EmptyStrings_AfterNormalizationHaveAlreadyNormalizedFlagSet(knmNFSC)" fullname="SIL.LCModel.Core.Text.TsStringNormalizationTests.get_NormalizedForm_EmptyStrings_AfterNormalizationHaveAlreadyNormalizedFlagSet(knmNFSC)" methodname="get_NormalizedForm_EmptyStrings_AfterNormalizationHaveAlreadyNormalizedFlagSet" classname="SIL.LCModel.Core.Text.TsStringNormalizationTests" runstate="Runnable" seed="1457171759" result="Passed" start-time="2020-10-05 16:46:10Z" end-time="2020-10-05 16:46:10Z" duration="0.000036" asserts="1" />
                <test-case id="1-1408" name="get_NormalizedForm_EmptyStrings_AfterNormalizationHaveAlreadyNormalizedFlagSet(knmNFD)" fullname="SIL.LCModel.Core.Text.TsStringNormalizationTests.get_NormalizedForm_EmptyStrings_AfterNormalizationHaveAlreadyNormalizedFlagSet(knmNFD)" methodname="get_NormalizedForm_EmptyStrings_AfterNormalizationHaveAlreadyNormalizedFlagSet" classname="SIL.LCModel.Core.Text.TsStringNormalizationTests" runstate="Runnable" seed="350620315" result="Passed" start-time="2020-10-05 16:46:10Z" end-time="2020-10-05 16:46:10Z" duration="0.000034" asserts="1" />
                <test-case id="1-1409" name="get_NormalizedForm_EmptyStrings_AfterNormalizationHaveAlreadyNormalizedFlagSet(knmNFKD)" fullname="SIL.LCModel.Core.Text.TsStringNormalizationTests.get_NormalizedForm_EmptyStrings_AfterNormalizationHaveAlreadyNormalizedFlagSet(knmNFKD)" methodname="get_NormalizedForm_EmptyStrings_AfterNormalizationHaveAlreadyNormalizedFlagSet" classname="SIL.LCModel.Core.Text.TsStringNormalizationTests" runstate="Runnable" seed="1381046908" result="Passed" start-time="2020-10-05 16:46:10Z" end-time="2020-10-05 16:46:10Z" duration="0.000035" asserts="1" />
              </test-suite>
              <test-suite type="ParameterizedMethod" id="1-1392" name="get_NormalizedForm_EmptyStrings_AreNormalizedInAnyForm" fullname="SIL.LCModel.Core.Text.TsStringNormalizationTests.get_NormalizedForm_EmptyStrings_AreNormalizedInAnyForm" classname="SIL.LCModel.Core.Text.TsStringNormalizationTests" runstate="Runnable" testcasecount="5" result="Passed" start-time="2020-10-05 16:46:10Z" end-time="2020-10-05 16:46:10Z" duration="0.000359" total="5" passed="5" failed="0" warnings="0" inconclusive="0" skipped="0" asserts="5">
                <test-case id="1-1387" name="get_NormalizedForm_EmptyStrings_AreNormalizedInAnyForm(knmDefault)" fullname="SIL.LCModel.Core.Text.TsStringNormalizationTests.get_NormalizedForm_EmptyStrings_AreNormalizedInAnyForm(knmDefault)" methodname="get_NormalizedForm_EmptyStrings_AreNormalizedInAnyForm" classname="SIL.LCModel.Core.Text.TsStringNormalizationTests" runstate="Runnable" seed="1727603824" result="Passed" start-time="2020-10-05 16:46:10Z" end-time="2020-10-05 16:46:10Z" duration="0.000102" asserts="1" />
                <test-case id="1-1388" name="get_NormalizedForm_EmptyStrings_AreNormalizedInAnyForm(knmNFKC)" fullname="SIL.LCModel.Core.Text.TsStringNormalizationTests.get_NormalizedForm_EmptyStrings_AreNormalizedInAnyForm(knmNFKC)" methodname="get_NormalizedForm_EmptyStrings_AreNormalizedInAnyForm" classname="SIL.LCModel.Core.Text.TsStringNormalizationTests" runstate="Runnable" seed="1695993626" result="Passed" start-time="2020-10-05 16:46:10Z" end-time="2020-10-05 16:46:10Z" duration="0.000046" asserts="1" />
                <test-case id="1-1389" name="get_NormalizedForm_EmptyStrings_AreNormalizedInAnyForm(knmNFSC)" fullname="SIL.LCModel.Core.Text.TsStringNormalizationTests.get_NormalizedForm_EmptyStrings_AreNormalizedInAnyForm(knmNFSC)" methodname="get_NormalizedForm_EmptyStrings_AreNormalizedInAnyForm" classname="SIL.LCModel.Core.Text.TsStringNormalizationTests" runstate="Runnable" seed="281776224" result="Passed" start-time="2020-10-05 16:46:10Z" end-time="2020-10-05 16:46:10Z" duration="0.000051" asserts="1" />
                <test-case id="1-1390" name="get_NormalizedForm_EmptyStrings_AreNormalizedInAnyForm(knmNFD)" fullname="SIL.LCModel.Core.Text.TsStringNormalizationTests.get_NormalizedForm_EmptyStrings_AreNormalizedInAnyForm(knmNFD)" methodname="get_NormalizedForm_EmptyStrings_AreNormalizedInAnyForm" classname="SIL.LCModel.Core.Text.TsStringNormalizationTests" runstate="Runnable" seed="1752061438" result="Passed" start-time="2020-10-05 16:46:10Z" end-time="2020-10-05 16:46:10Z" duration="0.000052" asserts="1" />
                <test-case id="1-1391" name="get_NormalizedForm_EmptyStrings_AreNormalizedInAnyForm(knmNFKD)" fullname="SIL.LCModel.Core.Text.TsStringNormalizationTests.get_NormalizedForm_EmptyStrings_AreNormalizedInAnyForm(knmNFKD)" methodname="get_NormalizedForm_EmptyStrings_AreNormalizedInAnyForm" classname="SIL.LCModel.Core.Text.TsStringNormalizationTests" runstate="Runnable" seed="361278941" result="Passed" start-time="2020-10-05 16:46:10Z" end-time="2020-10-05 16:46:10Z" duration="0.000036" asserts="1" />
              </test-suite>
              <test-suite type="ParameterizedMethod" id="1-1404" name="get_NormalizedForm_EmptyStrings_NormalizedFormIsSameObjectAsInput" fullname="SIL.LCModel.Core.Text.TsStringNormalizationTests.get_NormalizedForm_EmptyStrings_NormalizedFormIsSameObjectAsInput" classname="SIL.LCModel.Core.Text.TsStringNormalizationTests" runstate="Runnable" testcasecount="5" result="Passed" start-time="2020-10-05 16:46:10Z" end-time="2020-10-05 16:46:10Z" duration="0.000747" total="5" passed="5" failed="0" warnings="0" inconclusive="0" skipped="0" asserts="5">
                <test-case id="1-1399" name="get_NormalizedForm_EmptyStrings_NormalizedFormIsSameObjectAsInput(knmDefault)" fullname="SIL.LCModel.Core.Text.TsStringNormalizationTests.get_NormalizedForm_EmptyStrings_NormalizedFormIsSameObjectAsInput(knmDefault)" methodname="get_NormalizedForm_EmptyStrings_NormalizedFormIsSameObjectAsInput" classname="SIL.LCModel.Core.Text.TsStringNormalizationTests" runstate="Runnable" seed="2062510025" result="Passed" start-time="2020-10-05 16:46:10Z" end-time="2020-10-05 16:46:10Z" duration="0.000383" asserts="1" />
                <test-case id="1-1400" name="get_NormalizedForm_EmptyStrings_NormalizedFormIsSameObjectAsInput(knmNFKC)" fullname="SIL.LCModel.Core.Text.TsStringNormalizationTests.get_NormalizedForm_EmptyStrings_NormalizedFormIsSameObjectAsInput(knmNFKC)" methodname="get_NormalizedForm_EmptyStrings_NormalizedFormIsSameObjectAsInput" classname="SIL.LCModel.Core.Text.TsStringNormalizationTests" runstate="Runnable" seed="615420724" result="Passed" start-time="2020-10-05 16:46:10Z" end-time="2020-10-05 16:46:10Z" duration="0.000079" asserts="1" />
                <test-case id="1-1401" name="get_NormalizedForm_EmptyStrings_NormalizedFormIsSameObjectAsInput(knmNFSC)" fullname="SIL.LCModel.Core.Text.TsStringNormalizationTests.get_NormalizedForm_EmptyStrings_NormalizedFormIsSameObjectAsInput(knmNFSC)" methodname="get_NormalizedForm_EmptyStrings_NormalizedFormIsSameObjectAsInput" classname="SIL.LCModel.Core.Text.TsStringNormalizationTests" runstate="Runnable" seed="391183928" result="Passed" start-time="2020-10-05 16:46:10Z" end-time="2020-10-05 16:46:10Z" duration="0.000064" asserts="1" />
                <test-case id="1-1402" name="get_NormalizedForm_EmptyStrings_NormalizedFormIsSameObjectAsInput(knmNFD)" fullname="SIL.LCModel.Core.Text.TsStringNormalizationTests.get_NormalizedForm_EmptyStrings_NormalizedFormIsSameObjectAsInput(knmNFD)" methodname="get_NormalizedForm_EmptyStrings_NormalizedFormIsSameObjectAsInput" classname="SIL.LCModel.Core.Text.TsStringNormalizationTests" runstate="Runnable" seed="425069001" result="Passed" start-time="2020-10-05 16:46:10Z" end-time="2020-10-05 16:46:10Z" duration="0.000076" asserts="1" />
                <test-case id="1-1403" name="get_NormalizedForm_EmptyStrings_NormalizedFormIsSameObjectAsInput(knmNFKD)" fullname="SIL.LCModel.Core.Text.TsStringNormalizationTests.get_NormalizedForm_EmptyStrings_NormalizedFormIsSameObjectAsInput(knmNFKD)" methodname="get_NormalizedForm_EmptyStrings_NormalizedFormIsSameObjectAsInput" classname="SIL.LCModel.Core.Text.TsStringNormalizationTests" runstate="Runnable" seed="596660574" result="Passed" start-time="2020-10-05 16:46:10Z" end-time="2020-10-05 16:46:10Z" duration="0.000046" asserts="1" />
              </test-suite>
              <test-suite type="ParameterizedMethod" id="1-1458" name="get_NormalizedForm_MultipleInterveningRuns_CombinesOrReordersCorrectly" fullname="SIL.LCModel.Core.Text.TsStringNormalizationTests.get_NormalizedForm_MultipleInterveningRuns_CombinesOrReordersCorrectly" classname="SIL.LCModel.Core.Text.TsStringNormalizationTests" runstate="Runnable" testcasecount="5" result="Passed" start-time="2020-10-05 16:46:10Z" end-time="2020-10-05 16:46:10Z" duration="0.004470" total="5" passed="5" failed="0" warnings="0" inconclusive="0" skipped="0" asserts="49">
                <test-case id="1-1453" name="get_NormalizedForm_MultipleInterveningRuns_CombinesOrReordersCorrectly(knmDefault,2,4,6,&quot;ạ̈̈̈ạ̈&quot;)" fullname="SIL.LCModel.Core.Text.TsStringNormalizationTests.get_NormalizedForm_MultipleInterveningRuns_CombinesOrReordersCorrectly(knmDefault,2,4,6,&quot;ạ̈̈̈ạ̈&quot;)" methodname="get_NormalizedForm_MultipleInterveningRuns_CombinesOrReordersCorrectly" classname="SIL.LCModel.Core.Text.TsStringNormalizationTests" runstate="Runnable" seed="621025151" result="Passed" start-time="2020-10-05 16:46:10Z" end-time="2020-10-05 16:46:10Z" duration="0.001056" asserts="8" />
                <test-case id="1-1454" name="get_NormalizedForm_MultipleInterveningRuns_CombinesOrReordersCorrectly(knmNFKC,2,4,6,&quot;ạ̈̈̈ạ̈&quot;)" fullname="SIL.LCModel.Core.Text.TsStringNormalizationTests.get_NormalizedForm_MultipleInterveningRuns_CombinesOrReordersCorrectly(knmNFKC,2,4,6,&quot;ạ̈̈̈ạ̈&quot;)" methodname="get_NormalizedForm_MultipleInterveningRuns_CombinesOrReordersCorrectly" classname="SIL.LCModel.Core.Text.TsStringNormalizationTests" runstate="Runnable" seed="1981375152" result="Passed" start-time="2020-10-05 16:46:10Z" end-time="2020-10-05 16:46:10Z" duration="0.000129" asserts="8" />
                <test-case id="1-1455" name="get_NormalizedForm_MultipleInterveningRuns_CombinesOrReordersCorrectly(knmNFSC,8,1,2,&quot;ạ̈̈̈ạ̈&quot;)" fullname="SIL.LCModel.Core.Text.TsStringNormalizationTests.get_NormalizedForm_MultipleInterveningRuns_CombinesOrReordersCorrectly(knmNFSC,8,1,2,&quot;ạ̈̈̈ạ̈&quot;)" methodname="get_NormalizedForm_MultipleInterveningRuns_CombinesOrReordersCorrectly" classname="SIL.LCModel.Core.Text.TsStringNormalizationTests" runstate="Runnable" seed="189526636" result="Passed" start-time="2020-10-05 16:46:10Z" end-time="2020-10-05 16:46:10Z" duration="0.002931" asserts="11" />
                <test-case id="1-1456" name="get_NormalizedForm_MultipleInterveningRuns_CombinesOrReordersCorrectly(knmNFD,8,1,2,&quot;ạ̈̈̈ạ̈&quot;)" fullname="SIL.LCModel.Core.Text.TsStringNormalizationTests.get_NormalizedForm_MultipleInterveningRuns_CombinesOrReordersCorrectly(knmNFD,8,1,2,&quot;ạ̈̈̈ạ̈&quot;)" methodname="get_NormalizedForm_MultipleInterveningRuns_CombinesOrReordersCorrectly" classname="SIL.LCModel.Core.Text.TsStringNormalizationTests" runstate="Runnable" seed="1495904666" result="Passed" start-time="2020-10-05 16:46:10Z" end-time="2020-10-05 16:46:10Z" duration="0.000138" asserts="11" />
                <test-case id="1-1457" name="get_NormalizedForm_MultipleInterveningRuns_CombinesOrReordersCorrectly(knmNFKD,8,1,2,&quot;ạ̈̈̈ạ̈&quot;)" fullname="SIL.LCModel.Core.Text.TsStringNormalizationTests.get_NormalizedForm_MultipleInterveningRuns_CombinesOrReordersCorrectly(knmNFKD,8,1,2,&quot;ạ̈̈̈ạ̈&quot;)" methodname="get_NormalizedForm_MultipleInterveningRuns_CombinesOrReordersCorrectly" classname="SIL.LCModel.Core.Text.TsStringNormalizationTests" runstate="Runnable" seed="528549146" result="Passed" start-time="2020-10-05 16:46:10Z" end-time="2020-10-05 16:46:10Z" duration="0.000093" asserts="11" />
              </test-suite>
              <test-suite type="ParameterizedMethod" id="1-1464" name="get_NormalizedForm_NFSC_IsBlockedByRunBoundaries" fullname="SIL.LCModel.Core.Text.TsStringNormalizationTests.get_NormalizedForm_NFSC_IsBlockedByRunBoundaries" classname="SIL.LCModel.Core.Text.TsStringNormalizationTests" runstate="Runnable" testcasecount="5" result="Passed" start-time="2020-10-05 16:46:10Z" end-time="2020-10-05 16:46:10Z" duration="0.000887" total="5" passed="5" failed="0" warnings="0" inconclusive="0" skipped="0" asserts="21">
                <test-case id="1-1459" name="get_NormalizedForm_NFSC_IsBlockedByRunBoundaries(knmDefault,1,1,&quot;Ǟ&quot;)" fullname="SIL.LCModel.Core.Text.TsStringNormalizationTests.get_NormalizedForm_NFSC_IsBlockedByRunBoundaries(knmDefault,1,1,&quot;Ǟ&quot;)" methodname="get_NormalizedForm_NFSC_IsBlockedByRunBoundaries" classname="SIL.LCModel.Core.Text.TsStringNormalizationTests" runstate="Runnable" seed="683034395" result="Passed" start-time="2020-10-05 16:46:10Z" end-time="2020-10-05 16:46:10Z" duration="0.000472" asserts="3" />
                <test-case id="1-1460" name="get_NormalizedForm_NFSC_IsBlockedByRunBoundaries(knmNFKC,1,1,&quot;Ǟ&quot;)" fullname="SIL.LCModel.Core.Text.TsStringNormalizationTests.get_NormalizedForm_NFSC_IsBlockedByRunBoundaries(knmNFKC,1,1,&quot;Ǟ&quot;)" methodname="get_NormalizedForm_NFSC_IsBlockedByRunBoundaries" classname="SIL.LCModel.Core.Text.TsStringNormalizationTests" runstate="Runnable" seed="1407162616" result="Passed" start-time="2020-10-05 16:46:10Z" end-time="2020-10-05 16:46:10Z" duration="0.000063" asserts="3" />
                <test-case id="1-1461" name="get_NormalizedForm_NFSC_IsBlockedByRunBoundaries(knmNFSC,2,1,&quot;Ǟ&quot;)" fullname="SIL.LCModel.Core.Text.TsStringNormalizationTests.get_NormalizedForm_NFSC_IsBlockedByRunBoundaries(knmNFSC,2,1,&quot;Ǟ&quot;)" methodname="get_NormalizedForm_NFSC_IsBlockedByRunBoundaries" classname="SIL.LCModel.Core.Text.TsStringNormalizationTests" runstate="Runnable" seed="76665070" result="Passed" start-time="2020-10-05 16:46:10Z" end-time="2020-10-05 16:46:10Z" duration="0.000109" asserts="5" />
                <test-case id="1-1462" name="get_NormalizedForm_NFSC_IsBlockedByRunBoundaries(knmNFD,2,2,&quot;Ǟ&quot;)" fullname="SIL.LCModel.Core.Text.TsStringNormalizationTests.get_NormalizedForm_NFSC_IsBlockedByRunBoundaries(knmNFD,2,2,&quot;Ǟ&quot;)" methodname="get_NormalizedForm_NFSC_IsBlockedByRunBoundaries" classname="SIL.LCModel.Core.Text.TsStringNormalizationTests" runstate="Runnable" seed="936095691" result="Passed" start-time="2020-10-05 16:46:10Z" end-time="2020-10-05 16:46:10Z" duration="0.000083" asserts="5" />
                <test-case id="1-1463" name="get_NormalizedForm_NFSC_IsBlockedByRunBoundaries(knmNFKD,2,2,&quot;Ǟ&quot;)" fullname="SIL.LCModel.Core.Text.TsStringNormalizationTests.get_NormalizedForm_NFSC_IsBlockedByRunBoundaries(knmNFKD,2,2,&quot;Ǟ&quot;)" methodname="get_NormalizedForm_NFSC_IsBlockedByRunBoundaries" classname="SIL.LCModel.Core.Text.TsStringNormalizationTests" runstate="Runnable" seed="1045083265" result="Passed" start-time="2020-10-05 16:46:10Z" end-time="2020-10-05 16:46:10Z" duration="0.000063" asserts="5" />
              </test-suite>
              <test-suite type="ParameterizedMethod" id="1-1422" name="get_NormalizedForm_NullStrings_AfterCheckingNormalizationHaveAlreadyNormalizedFlagSet" fullname="SIL.LCModel.Core.Text.TsStringNormalizationTests.get_NormalizedForm_NullStrings_AfterCheckingNormalizationHaveAlreadyNormalizedFlagSet" classname="SIL.LCModel.Core.Text.TsStringNormalizationTests" runstate="Runnable" testcasecount="5" result="Passed" start-time="2020-10-05 16:46:10Z" end-time="2020-10-05 16:46:10Z" duration="0.000491" total="5" passed="5" failed="0" warnings="0" inconclusive="0" skipped="0" asserts="10">
                <test-case id="1-1417" name="get_NormalizedForm_NullStrings_AfterCheckingNormalizationHaveAlreadyNormalizedFlagSet(knmDefault)" fullname="SIL.LCModel.Core.Text.TsStringNormalizationTests.get_NormalizedForm_NullStrings_AfterCheckingNormalizationHaveAlreadyNormalizedFlagSet(knmDefault)" methodname="get_NormalizedForm_NullStrings_AfterCheckingNormalizationHaveAlreadyNormalizedFlagSet" classname="SIL.LCModel.Core.Text.TsStringNormalizationTests" runstate="Runnable" seed="1926155727" result="Passed" start-time="2020-10-05 16:46:10Z" end-time="2020-10-05 16:46:10Z" duration="0.000187" asserts="2" />
                <test-case id="1-1418" name="get_NormalizedForm_NullStrings_AfterCheckingNormalizationHaveAlreadyNormalizedFlagSet(knmNFKC)" fullname="SIL.LCModel.Core.Text.TsStringNormalizationTests.get_NormalizedForm_NullStrings_AfterCheckingNormalizationHaveAlreadyNormalizedFlagSet(knmNFKC)" methodname="get_NormalizedForm_NullStrings_AfterCheckingNormalizationHaveAlreadyNormalizedFlagSet" classname="SIL.LCModel.Core.Text.TsStringNormalizationTests" runstate="Runnable" seed="364896770" result="Passed" start-time="2020-10-05 16:46:10Z" end-time="2020-10-05 16:46:10Z" duration="0.000044" asserts="2" />
                <test-case id="1-1419" name="get_NormalizedForm_NullStrings_AfterCheckingNormalizationHaveAlreadyNormalizedFlagSet(knmNFSC)" fullname="SIL.LCModel.Core.Text.TsStringNormalizationTests.get_NormalizedForm_NullStrings_AfterCheckingNormalizationHaveAlreadyNormalizedFlagSet(knmNFSC)" methodname="get_NormalizedForm_NullStrings_AfterCheckingNormalizationHaveAlreadyNormalizedFlagSet" classname="SIL.LCModel.Core.Text.TsStringNormalizationTests" runstate="Runnable" seed="1260178228" result="Passed" start-time="2020-10-05 16:46:10Z" end-time="2020-10-05 16:46:10Z" duration="0.000057" asserts="2" />
                <test-case id="1-1420" name="get_NormalizedForm_NullStrings_AfterCheckingNormalizationHaveAlreadyNormalizedFlagSet(knmNFD)" fullname="SIL.LCModel.Core.Text.TsStringNormalizationTests.get_NormalizedForm_NullStrings_AfterCheckingNormalizationHaveAlreadyNormalizedFlagSet(knmNFD)" methodname="get_NormalizedForm_NullStrings_AfterCheckingNormalizationHaveAlreadyNormalizedFlagSet" classname="SIL.LCModel.Core.Text.TsStringNormalizationTests" runstate="Runnable" seed="1370195758" result="Passed" start-time="2020-10-05 16:46:10Z" end-time="2020-10-05 16:46:10Z" duration="0.000057" asserts="2" />
                <test-case id="1-1421" name="get_NormalizedForm_NullStrings_AfterCheckingNormalizationHaveAlreadyNormalizedFlagSet(knmNFKD)" fullname="SIL.LCModel.Core.Text.TsStringNormalizationTests.get_NormalizedForm_NullStrings_AfterCheckingNormalizationHaveAlreadyNormalizedFlagSet(knmNFKD)" methodname="get_NormalizedForm_NullStrings_AfterCheckingNormalizationHaveAlreadyNormalizedFlagSet" classname="SIL.LCModel.Core.Text.TsStringNormalizationTests" runstate="Runnable" seed="1095551810" result="Passed" start-time="2020-10-05 16:46:10Z" end-time="2020-10-05 16:46:10Z" duration="0.000048" asserts="2" />
              </test-suite>
              <test-suite type="ParameterizedMethod" id="1-1434" name="get_NormalizedForm_NullStrings_AfterNormalizationHaveAlreadyNormalizedFlagSet" fullname="SIL.LCModel.Core.Text.TsStringNormalizationTests.get_NormalizedForm_NullStrings_AfterNormalizationHaveAlreadyNormalizedFlagSet" classname="SIL.LCModel.Core.Text.TsStringNormalizationTests" runstate="Runnable" testcasecount="5" result="Passed" start-time="2020-10-05 16:46:10Z" end-time="2020-10-05 16:46:10Z" duration="0.000430" total="5" passed="5" failed="0" warnings="0" inconclusive="0" skipped="0" asserts="5">
                <test-case id="1-1429" name="get_NormalizedForm_NullStrings_AfterNormalizationHaveAlreadyNormalizedFlagSet(knmDefault)" fullname="SIL.LCModel.Core.Text.TsStringNormalizationTests.get_NormalizedForm_NullStrings_AfterNormalizationHaveAlreadyNormalizedFlagSet(knmDefault)" methodname="get_NormalizedForm_NullStrings_AfterNormalizationHaveAlreadyNormalizedFlagSet" classname="SIL.LCModel.Core.Text.TsStringNormalizationTests" runstate="Runnable" seed="174880968" result="Passed" start-time="2020-10-05 16:46:10Z" end-time="2020-10-05 16:46:10Z" duration="0.000181" asserts="1" />
                <test-case id="1-1430" name="get_NormalizedForm_NullStrings_AfterNormalizationHaveAlreadyNormalizedFlagSet(knmNFKC)" fullname="SIL.LCModel.Core.Text.TsStringNormalizationTests.get_NormalizedForm_NullStrings_AfterNormalizationHaveAlreadyNormalizedFlagSet(knmNFKC)" methodname="get_NormalizedForm_NullStrings_AfterNormalizationHaveAlreadyNormalizedFlagSet" classname="SIL.LCModel.Core.Text.TsStringNormalizationTests" runstate="Runnable" seed="648197008" result="Passed" start-time="2020-10-05 16:46:10Z" end-time="2020-10-05 16:46:10Z" duration="0.000059" asserts="1" />
                <test-case id="1-1431" name="get_NormalizedForm_NullStrings_AfterNormalizationHaveAlreadyNormalizedFlagSet(knmNFSC)" fullname="SIL.LCModel.Core.Text.TsStringNormalizationTests.get_NormalizedForm_NullStrings_AfterNormalizationHaveAlreadyNormalizedFlagSet(knmNFSC)" methodname="get_NormalizedForm_NullStrings_AfterNormalizationHaveAlreadyNormalizedFlagSet" classname="SIL.LCModel.Core.Text.TsStringNormalizationTests" runstate="Runnable" seed="192198843" result="Passed" start-time="2020-10-05 16:46:10Z" end-time="2020-10-05 16:46:10Z" duration="0.000050" asserts="1" />
                <test-case id="1-1432" name="get_NormalizedForm_NullStrings_AfterNormalizationHaveAlreadyNormalizedFlagSet(knmNFD)" fullname="SIL.LCModel.Core.Text.TsStringNormalizationTests.get_NormalizedForm_NullStrings_AfterNormalizationHaveAlreadyNormalizedFlagSet(knmNFD)" methodname="get_NormalizedForm_NullStrings_AfterNormalizationHaveAlreadyNormalizedFlagSet" classname="SIL.LCModel.Core.Text.TsStringNormalizationTests" runstate="Runnable" seed="340734512" result="Passed" start-time="2020-10-05 16:46:10Z" end-time="2020-10-05 16:46:10Z" duration="0.000034" asserts="1" />
                <test-case id="1-1433" name="get_NormalizedForm_NullStrings_AfterNormalizationHaveAlreadyNormalizedFlagSet(knmNFKD)" fullname="SIL.LCModel.Core.Text.TsStringNormalizationTests.get_NormalizedForm_NullStrings_AfterNormalizationHaveAlreadyNormalizedFlagSet(knmNFKD)" methodname="get_NormalizedForm_NullStrings_AfterNormalizationHaveAlreadyNormalizedFlagSet" classname="SIL.LCModel.Core.Text.TsStringNormalizationTests" runstate="Runnable" seed="1227181466" result="Passed" start-time="2020-10-05 16:46:10Z" end-time="2020-10-05 16:46:10Z" duration="0.000034" asserts="1" />
              </test-suite>
              <test-suite type="ParameterizedMethod" id="1-1416" name="get_NormalizedForm_NullStrings_AreNormalizedInAnyForm" fullname="SIL.LCModel.Core.Text.TsStringNormalizationTests.get_NormalizedForm_NullStrings_AreNormalizedInAnyForm" classname="SIL.LCModel.Core.Text.TsStringNormalizationTests" runstate="Runnable" testcasecount="5" result="Passed" start-time="2020-10-05 16:46:10Z" end-time="2020-10-05 16:46:10Z" duration="0.000314" total="5" passed="5" failed="0" warnings="0" inconclusive="0" skipped="0" asserts="5">
                <test-case id="1-1411" name="get_NormalizedForm_NullStrings_AreNormalizedInAnyForm(knmDefault)" fullname="SIL.LCModel.Core.Text.TsStringNormalizationTests.get_NormalizedForm_NullStrings_AreNormalizedInAnyForm(knmDefault)" methodname="get_NormalizedForm_NullStrings_AreNormalizedInAnyForm" classname="SIL.LCModel.Core.Text.TsStringNormalizationTests" runstate="Runnable" seed="1134705516" result="Passed" start-time="2020-10-05 16:46:10Z" end-time="2020-10-05 16:46:10Z" duration="0.000103" asserts="1" />
                <test-case id="1-1412" name="get_NormalizedForm_NullStrings_AreNormalizedInAnyForm(knmNFKC)" fullname="SIL.LCModel.Core.Text.TsStringNormalizationTests.get_NormalizedForm_NullStrings_AreNormalizedInAnyForm(knmNFKC)" methodname="get_NormalizedForm_NullStrings_AreNormalizedInAnyForm" classname="SIL.LCModel.Core.Text.TsStringNormalizationTests" runstate="Runnable" seed="1989836607" result="Passed" start-time="2020-10-05 16:46:10Z" end-time="2020-10-05 16:46:10Z" duration="0.000040" asserts="1" />
                <test-case id="1-1413" name="get_NormalizedForm_NullStrings_AreNormalizedInAnyForm(knmNFSC)" fullname="SIL.LCModel.Core.Text.TsStringNormalizationTests.get_NormalizedForm_NullStrings_AreNormalizedInAnyForm(knmNFSC)" methodname="get_NormalizedForm_NullStrings_AreNormalizedInAnyForm" classname="SIL.LCModel.Core.Text.TsStringNormalizationTests" runstate="Runnable" seed="246518185" result="Passed" start-time="2020-10-05 16:46:10Z" end-time="2020-10-05 16:46:10Z" duration="0.000034" asserts="1" />
                <test-case id="1-1414" name="get_NormalizedForm_NullStrings_AreNormalizedInAnyForm(knmNFD)" fullname="SIL.LCModel.Core.Text.TsStringNormalizationTests.get_NormalizedForm_NullStrings_AreNormalizedInAnyForm(knmNFD)" methodname="get_NormalizedForm_NullStrings_AreNormalizedInAnyForm" classname="SIL.LCModel.Core.Text.TsStringNormalizationTests" runstate="Runnable" seed="2078060343" result="Passed" start-time="2020-10-05 16:46:10Z" end-time="2020-10-05 16:46:10Z" duration="0.000035" asserts="1" />
                <test-case id="1-1415" name="get_NormalizedForm_NullStrings_AreNormalizedInAnyForm(knmNFKD)" fullname="SIL.LCModel.Core.Text.TsStringNormalizationTests.get_NormalizedForm_NullStrings_AreNormalizedInAnyForm(knmNFKD)" methodname="get_NormalizedForm_NullStrings_AreNormalizedInAnyForm" classname="SIL.LCModel.Core.Text.TsStringNormalizationTests" runstate="Runnable" seed="205257322" result="Passed" start-time="2020-10-05 16:46:10Z" end-time="2020-10-05 16:46:10Z" duration="0.000034" asserts="1" />
              </test-suite>
              <test-suite type="ParameterizedMethod" id="1-1428" name="get_NormalizedForm_NullStrings_NormalizedFormIsSameObjectAsInput" fullname="SIL.LCModel.Core.Text.TsStringNormalizationTests.get_NormalizedForm_NullStrings_NormalizedFormIsSameObjectAsInput" classname="SIL.LCModel.Core.Text.TsStringNormalizationTests" runstate="Runnable" testcasecount="5" result="Passed" start-time="2020-10-05 16:46:10Z" end-time="2020-10-05 16:46:10Z" duration="0.000382" total="5" passed="5" failed="0" warnings="0" inconclusive="0" skipped="0" asserts="5">
                <test-case id="1-1423" name="get_NormalizedForm_NullStrings_NormalizedFormIsSameObjectAsInput(knmDefault)" fullname="SIL.LCModel.Core.Text.TsStringNormalizationTests.get_NormalizedForm_NullStrings_NormalizedFormIsSameObjectAsInput(knmDefault)" methodname="get_NormalizedForm_NullStrings_NormalizedFormIsSameObjectAsInput" classname="SIL.LCModel.Core.Text.TsStringNormalizationTests" runstate="Runnable" seed="162781011" result="Passed" start-time="2020-10-05 16:46:10Z" end-time="2020-10-05 16:46:10Z" duration="0.000161" asserts="1" />
                <test-case id="1-1424" name="get_NormalizedForm_NullStrings_NormalizedFormIsSameObjectAsInput(knmNFKC)" fullname="SIL.LCModel.Core.Text.TsStringNormalizationTests.get_NormalizedForm_NullStrings_NormalizedFormIsSameObjectAsInput(knmNFKC)" methodname="get_NormalizedForm_NullStrings_NormalizedFormIsSameObjectAsInput" classname="SIL.LCModel.Core.Text.TsStringNormalizationTests" runstate="Runnable" seed="136677148" result="Passed" start-time="2020-10-05 16:46:10Z" end-time="2020-10-05 16:46:10Z" duration="0.000046" asserts="1" />
                <test-case id="1-1425" name="get_NormalizedForm_NullStrings_NormalizedFormIsSameObjectAsInput(knmNFSC)" fullname="SIL.LCModel.Core.Text.TsStringNormalizationTests.get_NormalizedForm_NullStrings_NormalizedFormIsSameObjectAsInput(knmNFSC)" methodname="get_NormalizedForm_NullStrings_NormalizedFormIsSameObjectAsInput" classname="SIL.LCModel.Core.Text.TsStringNormalizationTests" runstate="Runnable" seed="1108284716" result="Passed" start-time="2020-10-05 16:46:10Z" end-time="2020-10-05 16:46:10Z" duration="0.000040" asserts="1" />
                <test-case id="1-1426" name="get_NormalizedForm_NullStrings_NormalizedFormIsSameObjectAsInput(knmNFD)" fullname="SIL.LCModel.Core.Text.TsStringNormalizationTests.get_NormalizedForm_NullStrings_NormalizedFormIsSameObjectAsInput(knmNFD)" methodname="get_NormalizedForm_NullStrings_NormalizedFormIsSameObjectAsInput" classname="SIL.LCModel.Core.Text.TsStringNormalizationTests" runstate="Runnable" seed="1879758495" result="Passed" start-time="2020-10-05 16:46:10Z" end-time="2020-10-05 16:46:10Z" duration="0.000040" asserts="1" />
                <test-case id="1-1427" name="get_NormalizedForm_NullStrings_NormalizedFormIsSameObjectAsInput(knmNFKD)" fullname="SIL.LCModel.Core.Text.TsStringNormalizationTests.get_NormalizedForm_NullStrings_NormalizedFormIsSameObjectAsInput(knmNFKD)" methodname="get_NormalizedForm_NullStrings_NormalizedFormIsSameObjectAsInput" classname="SIL.LCModel.Core.Text.TsStringNormalizationTests" runstate="Runnable" seed="1363639396" result="Passed" start-time="2020-10-05 16:46:10Z" end-time="2020-10-05 16:46:10Z" duration="0.000039" asserts="1" />
              </test-suite>
              <test-suite type="ParameterizedMethod" id="1-1452" name="get_NormalizedForm_ReorderingDiacriticsAcrossRuns_ShouldKeepCharacterPropertiesIntact" fullname="SIL.LCModel.Core.Text.TsStringNormalizationTests.get_NormalizedForm_ReorderingDiacriticsAcrossRuns_ShouldKeepCharacterPropertiesIntact" classname="SIL.LCModel.Core.Text.TsStringNormalizationTests" runstate="Runnable" testcasecount="5" result="Passed" start-time="2020-10-05 16:46:10Z" end-time="2020-10-05 16:46:10Z" duration="0.000803" total="5" passed="5" failed="0" warnings="0" inconclusive="0" skipped="0" asserts="53">
                <test-case id="1-1447" name="get_NormalizedForm_ReorderingDiacriticsAcrossRuns_ShouldKeepCharacterPropertiesIntact(knmDefault,2,2,4,&quot;ạ̈ạ̈&quot;)" fullname="SIL.LCModel.Core.Text.TsStringNormalizationTests.get_NormalizedForm_ReorderingDiacriticsAcrossRuns_ShouldKeepCharacterPropertiesIntact(knmDefault,2,2,4,&quot;ạ̈ạ̈&quot;)" methodname="get_NormalizedForm_ReorderingDiacriticsAcrossRuns_ShouldKeepCharacterPropertiesIntact" classname="SIL.LCModel.Core.Text.TsStringNormalizationTests" runstate="Runnable" seed="943078204" result="Passed" start-time="2020-10-05 16:46:10Z" end-time="2020-10-05 16:46:10Z" duration="0.000398" asserts="10" />
                <test-case id="1-1448" name="get_NormalizedForm_ReorderingDiacriticsAcrossRuns_ShouldKeepCharacterPropertiesIntact(knmNFKC,2,2,4,&quot;ạ̈ạ̈&quot;)" fullname="SIL.LCModel.Core.Text.TsStringNormalizationTests.get_NormalizedForm_ReorderingDiacriticsAcrossRuns_ShouldKeepCharacterPropertiesIntact(knmNFKC,2,2,4,&quot;ạ̈ạ̈&quot;)" methodname="get_NormalizedForm_ReorderingDiacriticsAcrossRuns_ShouldKeepCharacterPropertiesIntact" classname="SIL.LCModel.Core.Text.TsStringNormalizationTests" runstate="Runnable" seed="1986425872" result="Passed" start-time="2020-10-05 16:46:10Z" end-time="2020-10-05 16:46:10Z" duration="0.000072" asserts="10" />
                <test-case id="1-1449" name="get_NormalizedForm_ReorderingDiacriticsAcrossRuns_ShouldKeepCharacterPropertiesIntact(knmNFSC,6,1,2,&quot;ạ̈ạ̈&quot;)" fullname="SIL.LCModel.Core.Text.TsStringNormalizationTests.get_NormalizedForm_ReorderingDiacriticsAcrossRuns_ShouldKeepCharacterPropertiesIntact(knmNFSC,6,1,2,&quot;ạ̈ạ̈&quot;)" methodname="get_NormalizedForm_ReorderingDiacriticsAcrossRuns_ShouldKeepCharacterPropertiesIntact" classname="SIL.LCModel.Core.Text.TsStringNormalizationTests" runstate="Runnable" seed="1337944776" result="Passed" start-time="2020-10-05 16:46:10Z" end-time="2020-10-05 16:46:10Z" duration="0.000113" asserts="11" />
                <test-case id="1-1450" name="get_NormalizedForm_ReorderingDiacriticsAcrossRuns_ShouldKeepCharacterPropertiesIntact(knmNFD,6,1,2,&quot;ạ̈ạ̈&quot;)" fullname="SIL.LCModel.Core.Text.TsStringNormalizationTests.get_NormalizedForm_ReorderingDiacriticsAcrossRuns_ShouldKeepCharacterPropertiesIntact(knmNFD,6,1,2,&quot;ạ̈ạ̈&quot;)" methodname="get_NormalizedForm_ReorderingDiacriticsAcrossRuns_ShouldKeepCharacterPropertiesIntact" classname="SIL.LCModel.Core.Text.TsStringNormalizationTests" runstate="Runnable" seed="1066731554" result="Passed" start-time="2020-10-05 16:46:10Z" end-time="2020-10-05 16:46:10Z" duration="0.000086" asserts="11" />
                <test-case id="1-1451" name="get_NormalizedForm_ReorderingDiacriticsAcrossRuns_ShouldKeepCharacterPropertiesIntact(knmNFKD,6,1,2,&quot;ạ̈ạ̈&quot;)" fullname="SIL.LCModel.Core.Text.TsStringNormalizationTests.get_NormalizedForm_ReorderingDiacriticsAcrossRuns_ShouldKeepCharacterPropertiesIntact(knmNFKD,6,1,2,&quot;ạ̈ạ̈&quot;)" methodname="get_NormalizedForm_ReorderingDiacriticsAcrossRuns_ShouldKeepCharacterPropertiesIntact" classname="SIL.LCModel.Core.Text.TsStringNormalizationTests" runstate="Runnable" seed="71020979" result="Passed" start-time="2020-10-05 16:46:10Z" end-time="2020-10-05 16:46:10Z" duration="0.000072" asserts="11" />
              </test-suite>
              <test-suite type="ParameterizedMethod" id="1-1386" name="get_NormalizedForm_SimpleCases_WorkAsExpected" fullname="SIL.LCModel.Core.Text.TsStringNormalizationTests.get_NormalizedForm_SimpleCases_WorkAsExpected" classname="SIL.LCModel.Core.Text.TsStringNormalizationTests" runstate="Runnable" testcasecount="5" result="Passed" start-time="2020-10-05 16:46:10Z" end-time="2020-10-05 16:46:10Z" duration="0.000998" total="5" passed="5" failed="0" warnings="0" inconclusive="0" skipped="0" asserts="25">
                <test-case id="1-1381" name="get_NormalizedForm_SimpleCases_WorkAsExpected(knmDefault,&quot;abcǞǞC̜̅XYZ˘GAP ̆QED𝆹𝅥&quot;,5)" fullname="SIL.LCModel.Core.Text.TsStringNormalizationTests.get_NormalizedForm_SimpleCases_WorkAsExpected(knmDefault,&quot;abcǞǞC̜̅XYZ˘GAP ̆QED𝆹𝅥&quot;,5)" methodname="get_NormalizedForm_SimpleCases_WorkAsExpected" classname="SIL.LCModel.Core.Text.TsStringNormalizationTests" runstate="Runnable" seed="1003222285" result="Passed" start-time="2020-10-05 16:46:10Z" end-time="2020-10-05 16:46:10Z" duration="0.000433" asserts="5" />
                <test-case id="1-1382" name="get_NormalizedForm_SimpleCases_WorkAsExpected(knmNFKC,&quot;abcǞǞC̜̅XYZ ̆GAP ̆QED𝆹𝅥&quot;,5)" fullname="SIL.LCModel.Core.Text.TsStringNormalizationTests.get_NormalizedForm_SimpleCases_WorkAsExpected(knmNFKC,&quot;abcǞǞC̜̅XYZ ̆GAP ̆QED𝆹𝅥&quot;,5)" methodname="get_NormalizedForm_SimpleCases_WorkAsExpected" classname="SIL.LCModel.Core.Text.TsStringNormalizationTests" runstate="Runnable" seed="1731712181" result="Passed" start-time="2020-10-05 16:46:10Z" end-time="2020-10-05 16:46:10Z" duration="0.000111" asserts="5" />
                <test-case id="1-1383" name="get_NormalizedForm_SimpleCases_WorkAsExpected(knmNFSC,&quot;abcǞǞC̜̅XYZ˘GAP ̆QED𝆹𝅥&quot;,5)" fullname="SIL.LCModel.Core.Text.TsStringNormalizationTests.get_NormalizedForm_SimpleCases_WorkAsExpected(knmNFSC,&quot;abcǞǞC̜̅XYZ˘GAP ̆QED𝆹𝅥&quot;,5)" methodname="get_NormalizedForm_SimpleCases_WorkAsExpected" classname="SIL.LCModel.Core.Text.TsStringNormalizationTests" runstate="Runnable" seed="1004873316" result="Passed" start-time="2020-10-05 16:46:10Z" end-time="2020-10-05 16:46:10Z" duration="0.000144" asserts="5" />
                <test-case id="1-1384" name="get_NormalizedForm_SimpleCases_WorkAsExpected(knmNFD,&quot;abcǞǞC̜̅XYZ˘GAP ̆QED𝆹𝅥&quot;,9)" fullname="SIL.LCModel.Core.Text.TsStringNormalizationTests.get_NormalizedForm_SimpleCases_WorkAsExpected(knmNFD,&quot;abcǞǞC̜̅XYZ˘GAP ̆QED𝆹𝅥&quot;,9)" methodname="get_NormalizedForm_SimpleCases_WorkAsExpected" classname="SIL.LCModel.Core.Text.TsStringNormalizationTests" runstate="Runnable" seed="1287025601" result="Passed" start-time="2020-10-05 16:46:10Z" end-time="2020-10-05 16:46:10Z" duration="0.000104" asserts="5" />
                <test-case id="1-1385" name="get_NormalizedForm_SimpleCases_WorkAsExpected(knmNFKD,&quot;abcǞǞC̜̅XYZ ̆GAP ̆QED𝆹𝅥&quot;,9)" fullname="SIL.LCModel.Core.Text.TsStringNormalizationTests.get_NormalizedForm_SimpleCases_WorkAsExpected(knmNFKD,&quot;abcǞǞC̜̅XYZ ̆GAP ̆QED𝆹𝅥&quot;,9)" methodname="get_NormalizedForm_SimpleCases_WorkAsExpected" classname="SIL.LCModel.Core.Text.TsStringNormalizationTests" runstate="Runnable" seed="1365372025" result="Passed" start-time="2020-10-05 16:46:10Z" end-time="2020-10-05 16:46:10Z" duration="0.000123" asserts="5" />
              </test-suite>
              <test-suite type="ParameterizedMethod" id="1-1440" name="get_NormalizedForm_SplitRuns_ShouldVaryBehaviorBetweenNFCAndNFSC" fullname="SIL.LCModel.Core.Text.TsStringNormalizationTests.get_NormalizedForm_SplitRuns_ShouldVaryBehaviorBetweenNFCAndNFSC" classname="SIL.LCModel.Core.Text.TsStringNormalizationTests" runstate="Runnable" testcasecount="5" result="Passed" start-time="2020-10-05 16:46:10Z" end-time="2020-10-05 16:46:10Z" duration="0.000971" total="5" passed="5" failed="0" warnings="0" inconclusive="0" skipped="0" asserts="10">
                <test-case id="1-1435" name="get_NormalizedForm_SplitRuns_ShouldVaryBehaviorBetweenNFCAndNFSC(knmDefault,&quot;Ä&quot;)" fullname="SIL.LCModel.Core.Text.TsStringNormalizationTests.get_NormalizedForm_SplitRuns_ShouldVaryBehaviorBetweenNFCAndNFSC(knmDefault,&quot;Ä&quot;)" methodname="get_NormalizedForm_SplitRuns_ShouldVaryBehaviorBetweenNFCAndNFSC" classname="SIL.LCModel.Core.Text.TsStringNormalizationTests" runstate="Runnable" seed="1533479838" result="Passed" start-time="2020-10-05 16:46:10Z" end-time="2020-10-05 16:46:10Z" duration="0.000618" asserts="2" />
                <test-case id="1-1436" name="get_NormalizedForm_SplitRuns_ShouldVaryBehaviorBetweenNFCAndNFSC(knmNFKC,&quot;Ä&quot;)" fullname="SIL.LCModel.Core.Text.TsStringNormalizationTests.get_NormalizedForm_SplitRuns_ShouldVaryBehaviorBetweenNFCAndNFSC(knmNFKC,&quot;Ä&quot;)" methodname="get_NormalizedForm_SplitRuns_ShouldVaryBehaviorBetweenNFCAndNFSC" classname="SIL.LCModel.Core.Text.TsStringNormalizationTests" runstate="Runnable" seed="470152345" result="Passed" start-time="2020-10-05 16:46:10Z" end-time="2020-10-05 16:46:10Z" duration="0.000059" asserts="2" />
                <test-case id="1-1437" name="get_NormalizedForm_SplitRuns_ShouldVaryBehaviorBetweenNFCAndNFSC(knmNFSC,&quot;Ä&quot;)" fullname="SIL.LCModel.Core.Text.TsStringNormalizationTests.get_NormalizedForm_SplitRuns_ShouldVaryBehaviorBetweenNFCAndNFSC(knmNFSC,&quot;Ä&quot;)" methodname="get_NormalizedForm_SplitRuns_ShouldVaryBehaviorBetweenNFCAndNFSC" classname="SIL.LCModel.Core.Text.TsStringNormalizationTests" runstate="Runnable" seed="465852815" result="Passed" start-time="2020-10-05 16:46:10Z" end-time="2020-10-05 16:46:10Z" duration="0.000047" asserts="2" />
                <test-case id="1-1438" name="get_NormalizedForm_SplitRuns_ShouldVaryBehaviorBetweenNFCAndNFSC(knmNFD,&quot;Ä&quot;)" fullname="SIL.LCModel.Core.Text.TsStringNormalizationTests.get_NormalizedForm_SplitRuns_ShouldVaryBehaviorBetweenNFCAndNFSC(knmNFD,&quot;Ä&quot;)" methodname="get_NormalizedForm_SplitRuns_ShouldVaryBehaviorBetweenNFCAndNFSC" classname="SIL.LCModel.Core.Text.TsStringNormalizationTests" runstate="Runnable" seed="761030466" result="Passed" start-time="2020-10-05 16:46:10Z" end-time="2020-10-05 16:46:10Z" duration="0.000063" asserts="2" />
                <test-case id="1-1439" name="get_NormalizedForm_SplitRuns_ShouldVaryBehaviorBetweenNFCAndNFSC(knmNFKD,&quot;Ä&quot;)" fullname="SIL.LCModel.Core.Text.TsStringNormalizationTests.get_NormalizedForm_SplitRuns_ShouldVaryBehaviorBetweenNFCAndNFSC(knmNFKD,&quot;Ä&quot;)" methodname="get_NormalizedForm_SplitRuns_ShouldVaryBehaviorBetweenNFCAndNFSC" classname="SIL.LCModel.Core.Text.TsStringNormalizationTests" runstate="Runnable" seed="1818855765" result="Passed" start-time="2020-10-05 16:46:10Z" end-time="2020-10-05 16:46:10Z" duration="0.000074" asserts="2" />
              </test-suite>
              <test-case id="1-1466" name="get_NormalizedForm_StackedDiacriticsMultipleRuns_NFCAndNFSCDiffer" fullname="SIL.LCModel.Core.Text.TsStringNormalizationTests.get_NormalizedForm_StackedDiacriticsMultipleRuns_NFCAndNFSCDiffer" methodname="get_NormalizedForm_StackedDiacriticsMultipleRuns_NFCAndNFSCDiffer" classname="SIL.LCModel.Core.Text.TsStringNormalizationTests" runstate="Runnable" seed="1995125552" result="Passed" start-time="2020-10-05 16:46:10Z" end-time="2020-10-05 16:46:10Z" duration="0.000938" asserts="4" />
              <test-case id="1-1465" name="get_NormalizedForm_StackedDiacriticsSingleRun_NFCAndNFSCAreEqual" fullname="SIL.LCModel.Core.Text.TsStringNormalizationTests.get_NormalizedForm_StackedDiacriticsSingleRun_NFCAndNFSCAreEqual" methodname="get_NormalizedForm_StackedDiacriticsSingleRun_NFCAndNFSCAreEqual" classname="SIL.LCModel.Core.Text.TsStringNormalizationTests" runstate="Runnable" seed="1818800124" result="Passed" start-time="2020-10-05 16:46:10Z" end-time="2020-10-05 16:46:10Z" duration="0.000601" asserts="5" />
              <test-suite type="ParameterizedMethod" id="1-1473" name="NfdAndFixOffsets_OffsetsPointingToSecondHalfOfSurrogatePair_AreFixedUpToPointToFirstHalf" fullname="SIL.LCModel.Core.Text.TsStringNormalizationTests.NfdAndFixOffsets_OffsetsPointingToSecondHalfOfSurrogatePair_AreFixedUpToPointToFirstHalf" classname="SIL.LCModel.Core.Text.TsStringNormalizationTests" runstate="Runnable" testcasecount="4" result="Passed" start-time="2020-10-05 16:46:10Z" end-time="2020-10-05 16:46:10Z" duration="0.003489" total="4" passed="4" failed="0" warnings="0" inconclusive="0" skipped="0" asserts="8">
                <test-case id="1-1469" name="NfdAndFixOffsets_OffsetsPointingToSecondHalfOfSurrogatePair_AreFixedUpToPointToFirstHalf(&quot;𝅘𝅥𝅮&quot;,&quot;𝅘𝅥𝅮&quot;,[0, 1],[0, 0])" fullname="SIL.LCModel.Core.Text.TsStringNormalizationTests.NfdAndFixOffsets_OffsetsPointingToSecondHalfOfSurrogatePair_AreFixedUpToPointToFirstHalf(&quot;𝅘𝅥𝅮&quot;,&quot;𝅘𝅥𝅮&quot;,[0, 1],[0, 0])" methodname="NfdAndFixOffsets_OffsetsPointingToSecondHalfOfSurrogatePair_AreFixedUpToPointToFirstHalf" classname="SIL.LCModel.Core.Text.TsStringNormalizationTests" runstate="Runnable" seed="872889174" result="Passed" start-time="2020-10-05 16:46:10Z" end-time="2020-10-05 16:46:10Z" duration="0.002956" asserts="2" />
                <test-case id="1-1470" name="NfdAndFixOffsets_OffsetsPointingToSecondHalfOfSurrogatePair_AreFixedUpToPointToFirstHalf(&quot;𝅘𝅥𝅮&quot;,&quot;𝅘𝅥𝅮&quot;,[0, 1, 2, 3, 4, ...],[0, 0, 2, 2, 4, ...])" fullname="SIL.LCModel.Core.Text.TsStringNormalizationTests.NfdAndFixOffsets_OffsetsPointingToSecondHalfOfSurrogatePair_AreFixedUpToPointToFirstHalf(&quot;𝅘𝅥𝅮&quot;,&quot;𝅘𝅥𝅮&quot;,[0, 1, 2, 3, 4, ...],[0, 0, 2, 2, 4, ...])" methodname="NfdAndFixOffsets_OffsetsPointingToSecondHalfOfSurrogatePair_AreFixedUpToPointToFirstHalf" classname="SIL.LCModel.Core.Text.TsStringNormalizationTests" runstate="Runnable" seed="296997480" result="Passed" start-time="2020-10-05 16:46:10Z" end-time="2020-10-05 16:46:10Z" duration="0.000300" asserts="2" />
                <test-case id="1-1471" name="NfdAndFixOffsets_OffsetsPointingToSecondHalfOfSurrogatePair_AreFixedUpToPointToFirstHalf(&quot;𝅘𝅥𝅮𝅼&quot;,&quot;𝅘𝅥𝅮𝅼&quot;,[0, 1, 2, 3],[0, 0, 6, 6])" fullname="SIL.LCModel.Core.Text.TsStringNormalizationTests.NfdAndFixOffsets_OffsetsPointingToSecondHalfOfSurrogatePair_AreFixedUpToPointToFirstHalf(&quot;𝅘𝅥𝅮𝅼&quot;,&quot;𝅘𝅥𝅮𝅼&quot;,[0, 1, 2, 3],[0, 0, 6, 6])" methodname="NfdAndFixOffsets_OffsetsPointingToSecondHalfOfSurrogatePair_AreFixedUpToPointToFirstHalf" classname="SIL.LCModel.Core.Text.TsStringNormalizationTests" runstate="Runnable" seed="792878374" result="Passed" start-time="2020-10-05 16:46:10Z" end-time="2020-10-05 16:46:10Z" duration="0.000084" asserts="2" />
                <test-case id="1-1472" name="NfdAndFixOffsets_OffsetsPointingToSecondHalfOfSurrogatePair_AreFixedUpToPointToFirstHalf(&quot;𝅘𝅥𝅮𝅼&quot;,&quot;𝅘𝅥𝅮𝅼&quot;,[0, 1, 2, 3, 4, ...],[0, 0, 6, 6, 2, ...])" fullname="SIL.LCModel.Core.Text.TsStringNormalizationTests.NfdAndFixOffsets_OffsetsPointingToSecondHalfOfSurrogatePair_AreFixedUpToPointToFirstHalf(&quot;𝅘𝅥𝅮𝅼&quot;,&quot;𝅘𝅥𝅮𝅼&quot;,[0, 1, 2, 3, 4, ...],[0, 0, 6, 6, 2, ...])" methodname="NfdAndFixOffsets_OffsetsPointingToSecondHalfOfSurrogatePair_AreFixedUpToPointToFirstHalf" classname="SIL.LCModel.Core.Text.TsStringNormalizationTests" runstate="Runnable" seed="1905611298" result="Passed" start-time="2020-10-05 16:46:10Z" end-time="2020-10-05 16:46:10Z" duration="0.000079" asserts="2" />
              </test-suite>
              <test-case id="1-1468" name="NfdAndFixOffsets_WithStackedDiacriticsInMultipleRuns_FixesOffsetsCorrectly" fullname="SIL.LCModel.Core.Text.TsStringNormalizationTests.NfdAndFixOffsets_WithStackedDiacriticsInMultipleRuns_FixesOffsetsCorrectly" methodname="NfdAndFixOffsets_WithStackedDiacriticsInMultipleRuns_FixesOffsetsCorrectly" classname="SIL.LCModel.Core.Text.TsStringNormalizationTests" runstate="Runnable" seed="1202306023" result="Passed" start-time="2020-10-05 16:46:10Z" end-time="2020-10-05 16:46:10Z" duration="0.001097" asserts="6" />
              <test-case id="1-1467" name="NfdAndFixOffsets_WithStackedDiacriticsThatDoNotOverlapRunBoundaries_FixesOffsetsCorrectly" fullname="SIL.LCModel.Core.Text.TsStringNormalizationTests.NfdAndFixOffsets_WithStackedDiacriticsThatDoNotOverlapRunBoundaries_FixesOffsetsCorrectly" methodname="NfdAndFixOffsets_WithStackedDiacriticsThatDoNotOverlapRunBoundaries_FixesOffsetsCorrectly" classname="SIL.LCModel.Core.Text.TsStringNormalizationTests" runstate="Runnable" seed="220837488" result="Passed" start-time="2020-10-05 16:46:10Z" end-time="2020-10-05 16:46:10Z" duration="0.000678" asserts="15" />
            </test-suite>
            <test-suite type="TestFixture" id="1-1474" name="TsStringSerializerTests" fullname="SIL.LCModel.Core.Text.TsStringSerializerTests" classname="SIL.LCModel.Core.Text.TsStringSerializerTests" runstate="Runnable" testcasecount="32" result="Passed" start-time="2020-10-05 16:46:10Z" end-time="2020-10-05 16:46:10Z" duration="0.024638" total="32" passed="32" failed="0" warnings="0" inconclusive="0" skipped="0" asserts="179">
              <test-case id="1-1495" name="DeserializeTsStringFromXml_Decompose" fullname="SIL.LCModel.Core.Text.TsStringSerializerTests.DeserializeTsStringFromXml_Decompose" methodname="DeserializeTsStringFromXml_Decompose" classname="SIL.LCModel.Core.Text.TsStringSerializerTests" runstate="Runnable" seed="949860008" result="Passed" start-time="2020-10-05 16:46:10Z" end-time="2020-10-05 16:46:10Z" duration="0.001546" asserts="9" />
              <test-case id="1-1504" name="DeserializeTsStringFromXml_MultipleRuns" fullname="SIL.LCModel.Core.Text.TsStringSerializerTests.DeserializeTsStringFromXml_MultipleRuns" methodname="DeserializeTsStringFromXml_MultipleRuns" classname="SIL.LCModel.Core.Text.TsStringSerializerTests" runstate="Runnable" seed="63491899" result="Passed" start-time="2020-10-05 16:46:10Z" end-time="2020-10-05 16:46:10Z" duration="0.003577" asserts="17" />
              <test-case id="1-1493" name="DeserializeTsStringFromXml_MultiStringHandlesDifferentWS" fullname="SIL.LCModel.Core.Text.TsStringSerializerTests.DeserializeTsStringFromXml_MultiStringHandlesDifferentWS" methodname="DeserializeTsStringFromXml_MultiStringHandlesDifferentWS" classname="SIL.LCModel.Core.Text.TsStringSerializerTests" runstate="Runnable" seed="456164460" result="Passed" start-time="2020-10-05 16:46:10Z" end-time="2020-10-05 16:46:10Z" duration="0.000294" asserts="10" />
              <test-case id="1-1506" name="DeserializeTsStringFromXml_MultiStringLaterRunsLessProps" fullname="SIL.LCModel.Core.Text.TsStringSerializerTests.DeserializeTsStringFromXml_MultiStringLaterRunsLessProps" methodname="DeserializeTsStringFromXml_MultiStringLaterRunsLessProps" classname="SIL.LCModel.Core.Text.TsStringSerializerTests" runstate="Runnable" seed="565015128" result="Passed" start-time="2020-10-05 16:46:10Z" end-time="2020-10-05 16:46:10Z" duration="0.000278" asserts="18" />
              <test-case id="1-1505" name="DeserializeTsStringFromXml_MultiStringMultipleRuns" fullname="SIL.LCModel.Core.Text.TsStringSerializerTests.DeserializeTsStringFromXml_MultiStringMultipleRuns" methodname="DeserializeTsStringFromXml_MultiStringMultipleRuns" classname="SIL.LCModel.Core.Text.TsStringSerializerTests" runstate="Runnable" seed="1912190319" result="Passed" start-time="2020-10-05 16:46:10Z" end-time="2020-10-05 16:46:10Z" duration="0.000279" asserts="18" />
              <test-case id="1-1492" name="DeserializeTsStringFromXml_MultiStringSameAsStr" fullname="SIL.LCModel.Core.Text.TsStringSerializerTests.DeserializeTsStringFromXml_MultiStringSameAsStr" methodname="DeserializeTsStringFromXml_MultiStringSameAsStr" classname="SIL.LCModel.Core.Text.TsStringSerializerTests" runstate="Runnable" seed="205002530" result="Passed" start-time="2020-10-05 16:46:10Z" end-time="2020-10-05 16:46:10Z" duration="0.000167" asserts="9" />
              <test-case id="1-1494" name="DeserializeTsStringFromXml_MultiStringWithNoRunElement" fullname="SIL.LCModel.Core.Text.TsStringSerializerTests.DeserializeTsStringFromXml_MultiStringWithNoRunElement" methodname="DeserializeTsStringFromXml_MultiStringWithNoRunElement" classname="SIL.LCModel.Core.Text.TsStringSerializerTests" runstate="Runnable" seed="360129441" result="Passed" start-time="2020-10-05 16:46:10Z" end-time="2020-10-05 16:46:10Z" duration="0.000169" asserts="9" />
              <test-case id="1-1497" name="DeserializeTsStringFromXml_MultiStringWithStyle" fullname="SIL.LCModel.Core.Text.TsStringSerializerTests.DeserializeTsStringFromXml_MultiStringWithStyle" methodname="DeserializeTsStringFromXml_MultiStringWithStyle" classname="SIL.LCModel.Core.Text.TsStringSerializerTests" runstate="Runnable" seed="2094760873" result="Passed" start-time="2020-10-05 16:46:10Z" end-time="2020-10-05 16:46:10Z" duration="0.000181" asserts="10" />
              <test-case id="1-1499" name="DeserializeTsStringFromXml_MultiStringWithStyleAndNoWsInRun" fullname="SIL.LCModel.Core.Text.TsStringSerializerTests.DeserializeTsStringFromXml_MultiStringWithStyleAndNoWsInRun" methodname="DeserializeTsStringFromXml_MultiStringWithStyleAndNoWsInRun" classname="SIL.LCModel.Core.Text.TsStringSerializerTests" runstate="Runnable" seed="1873296907" result="Passed" start-time="2020-10-05 16:46:10Z" end-time="2020-10-05 16:46:10Z" duration="0.003423" asserts="1" />
              <test-case id="1-1498" name="DeserializeTsStringFromXml_NoWsInRun" fullname="SIL.LCModel.Core.Text.TsStringSerializerTests.DeserializeTsStringFromXml_NoWsInRun" methodname="DeserializeTsStringFromXml_NoWsInRun" classname="SIL.LCModel.Core.Text.TsStringSerializerTests" runstate="Runnable" seed="1661258284" result="Passed" start-time="2020-10-05 16:46:10Z" end-time="2020-10-05 16:46:10Z" duration="0.000421" asserts="1" />
              <test-case id="1-1491" name="DeserializeTsStringFromXml_Simple" fullname="SIL.LCModel.Core.Text.TsStringSerializerTests.DeserializeTsStringFromXml_Simple" methodname="DeserializeTsStringFromXml_Simple" classname="SIL.LCModel.Core.Text.TsStringSerializerTests" runstate="Runnable" seed="2082978648" result="Passed" start-time="2020-10-05 16:46:10Z" end-time="2020-10-05 16:46:10Z" duration="0.000185" asserts="9" />
              <test-case id="1-1500" name="DeserializeTsStringFromXml_WithEmbeddedData" fullname="SIL.LCModel.Core.Text.TsStringSerializerTests.DeserializeTsStringFromXml_WithEmbeddedData" methodname="DeserializeTsStringFromXml_WithEmbeddedData" classname="SIL.LCModel.Core.Text.TsStringSerializerTests" runstate="Runnable" seed="600150653" result="Passed" start-time="2020-10-05 16:46:10Z" end-time="2020-10-05 16:46:10Z" duration="0.000581" asserts="10" />
              <test-case id="1-1503" name="DeserializeTsStringFromXml_WithExternalLink" fullname="SIL.LCModel.Core.Text.TsStringSerializerTests.DeserializeTsStringFromXml_WithExternalLink" methodname="DeserializeTsStringFromXml_WithExternalLink" classname="SIL.LCModel.Core.Text.TsStringSerializerTests" runstate="Runnable" seed="1023808324" result="Passed" start-time="2020-10-05 16:46:10Z" end-time="2020-10-05 16:46:10Z" duration="0.000183" asserts="10" />
              <test-case id="1-1501" name="DeserializeTsStringFromXml_WithLink" fullname="SIL.LCModel.Core.Text.TsStringSerializerTests.DeserializeTsStringFromXml_WithLink" methodname="DeserializeTsStringFromXml_WithLink" classname="SIL.LCModel.Core.Text.TsStringSerializerTests" runstate="Runnable" seed="264032228" result="Passed" start-time="2020-10-05 16:46:10Z" end-time="2020-10-05 16:46:10Z" duration="0.000569" asserts="11" />
              <test-case id="1-1502" name="DeserializeTsStringFromXml_WithOwningLink" fullname="SIL.LCModel.Core.Text.TsStringSerializerTests.DeserializeTsStringFromXml_WithOwningLink" methodname="DeserializeTsStringFromXml_WithOwningLink" classname="SIL.LCModel.Core.Text.TsStringSerializerTests" runstate="Runnable" seed="1839722223" result="Passed" start-time="2020-10-05 16:46:10Z" end-time="2020-10-05 16:46:10Z" duration="0.000305" asserts="11" />
              <test-case id="1-1496" name="DeserializeTsStringFromXml_WithStyle" fullname="SIL.LCModel.Core.Text.TsStringSerializerTests.DeserializeTsStringFromXml_WithStyle" methodname="DeserializeTsStringFromXml_WithStyle" classname="SIL.LCModel.Core.Text.TsStringSerializerTests" runstate="Runnable" seed="1669475906" result="Passed" start-time="2020-10-05 16:46:10Z" end-time="2020-10-05 16:46:10Z" duration="0.000176" asserts="10" />
              <test-case id="1-1490" name="Serialization_StackedDiacriticsMultipleRuns_ProducesCorrectXML" fullname="SIL.LCModel.Core.Text.TsStringSerializerTests.Serialization_StackedDiacriticsMultipleRuns_ProducesCorrectXML" methodname="Serialization_StackedDiacriticsMultipleRuns_ProducesCorrectXML" classname="SIL.LCModel.Core.Text.TsStringSerializerTests" runstate="Runnable" seed="730137414" result="Passed" start-time="2020-10-05 16:46:10Z" end-time="2020-10-05 16:46:10Z" duration="0.001710" asserts="1" />
              <test-case id="1-1489" name="Serialization_StackedDiacriticsSingleRun_ProducesCorrectXML" fullname="SIL.LCModel.Core.Text.TsStringSerializerTests.Serialization_StackedDiacriticsSingleRun_ProducesCorrectXML" methodname="Serialization_StackedDiacriticsSingleRun_ProducesCorrectXML" classname="SIL.LCModel.Core.Text.TsStringSerializerTests" runstate="Runnable" seed="549149593" result="Passed" start-time="2020-10-05 16:46:10Z" end-time="2020-10-05 16:46:10Z" duration="0.000325" asserts="1" />
              <test-case id="1-1478" name="SerializeTsStringToXml_Compose" fullname="SIL.LCModel.Core.Text.TsStringSerializerTests.SerializeTsStringToXml_Compose" methodname="SerializeTsStringToXml_Compose" classname="SIL.LCModel.Core.Text.TsStringSerializerTests" runstate="Runnable" seed="675606243" result="Passed" start-time="2020-10-05 16:46:10Z" end-time="2020-10-05 16:46:10Z" duration="0.000211" asserts="1" />
              <test-case id="1-1486" name="SerializeTsStringToXml_MultipleRuns" fullname="SIL.LCModel.Core.Text.TsStringSerializerTests.SerializeTsStringToXml_MultipleRuns" methodname="SerializeTsStringToXml_MultipleRuns" classname="SIL.LCModel.Core.Text.TsStringSerializerTests" runstate="Runnable" seed="1618721981" result="Passed" start-time="2020-10-05 16:46:10Z" end-time="2020-10-05 16:46:10Z" duration="0.000368" asserts="1" />
              <test-case id="1-1477" name="SerializeTsStringToXml_MultiStringHandlesDifferentWS" fullname="SIL.LCModel.Core.Text.TsStringSerializerTests.SerializeTsStringToXml_MultiStringHandlesDifferentWS" methodname="SerializeTsStringToXml_MultiStringHandlesDifferentWS" classname="SIL.LCModel.Core.Text.TsStringSerializerTests" runstate="Runnable" seed="911614043" result="Passed" start-time="2020-10-05 16:46:10Z" end-time="2020-10-05 16:46:10Z" duration="0.000200" asserts="1" />
              <test-case id="1-1488" name="SerializeTsStringToXml_MultiStringLaterRunsLessProps" fullname="SIL.LCModel.Core.Text.TsStringSerializerTests.SerializeTsStringToXml_MultiStringLaterRunsLessProps" methodname="SerializeTsStringToXml_MultiStringLaterRunsLessProps" classname="SIL.LCModel.Core.Text.TsStringSerializerTests" runstate="Runnable" seed="41257681" result="Passed" start-time="2020-10-05 16:46:10Z" end-time="2020-10-05 16:46:10Z" duration="0.000286" asserts="1" />
              <test-case id="1-1487" name="SerializeTsStringToXml_MultiStringMultipleRuns" fullname="SIL.LCModel.Core.Text.TsStringSerializerTests.SerializeTsStringToXml_MultiStringMultipleRuns" methodname="SerializeTsStringToXml_MultiStringMultipleRuns" classname="SIL.LCModel.Core.Text.TsStringSerializerTests" runstate="Runnable" seed="1413321080" result="Passed" start-time="2020-10-05 16:46:10Z" end-time="2020-10-05 16:46:10Z" duration="0.000269" asserts="1" />
              <test-case id="1-1476" name="SerializeTsStringToXml_MultiStringSameAsStr" fullname="SIL.LCModel.Core.Text.TsStringSerializerTests.SerializeTsStringToXml_MultiStringSameAsStr" methodname="SerializeTsStringToXml_MultiStringSameAsStr" classname="SIL.LCModel.Core.Text.TsStringSerializerTests" runstate="Runnable" seed="334200140" result="Passed" start-time="2020-10-05 16:46:10Z" end-time="2020-10-05 16:46:10Z" duration="0.000172" asserts="1" />
              <test-case id="1-1480" name="SerializeTsStringToXml_MultiStringWithStyle" fullname="SIL.LCModel.Core.Text.TsStringSerializerTests.SerializeTsStringToXml_MultiStringWithStyle" methodname="SerializeTsStringToXml_MultiStringWithStyle" classname="SIL.LCModel.Core.Text.TsStringSerializerTests" runstate="Runnable" seed="1920862618" result="Passed" start-time="2020-10-05 16:46:10Z" end-time="2020-10-05 16:46:10Z" duration="0.000294" asserts="1" />
              <test-case id="1-1475" name="SerializeTsStringToXml_Simple" fullname="SIL.LCModel.Core.Text.TsStringSerializerTests.SerializeTsStringToXml_Simple" methodname="SerializeTsStringToXml_Simple" classname="SIL.LCModel.Core.Text.TsStringSerializerTests" runstate="Runnable" seed="1597942775" result="Passed" start-time="2020-10-05 16:46:10Z" end-time="2020-10-05 16:46:10Z" duration="0.000168" asserts="1" />
              <test-case id="1-1481" name="SerializeTsStringToXml_WithEmbeddedData" fullname="SIL.LCModel.Core.Text.TsStringSerializerTests.SerializeTsStringToXml_WithEmbeddedData" methodname="SerializeTsStringToXml_WithEmbeddedData" classname="SIL.LCModel.Core.Text.TsStringSerializerTests" runstate="Runnable" seed="1075080240" result="Passed" start-time="2020-10-05 16:46:10Z" end-time="2020-10-05 16:46:10Z" duration="0.000415" asserts="1" />
              <test-case id="1-1485" name="SerializeTsStringToXml_WithExternalLink" fullname="SIL.LCModel.Core.Text.TsStringSerializerTests.SerializeTsStringToXml_WithExternalLink" methodname="SerializeTsStringToXml_WithExternalLink" classname="SIL.LCModel.Core.Text.TsStringSerializerTests" runstate="Runnable" seed="1452124702" result="Passed" start-time="2020-10-05 16:46:10Z" end-time="2020-10-05 16:46:10Z" duration="0.000244" asserts="1" />
              <test-case id="1-1482" name="SerializeTsStringToXml_WithLink" fullname="SIL.LCModel.Core.Text.TsStringSerializerTests.SerializeTsStringToXml_WithLink" methodname="SerializeTsStringToXml_WithLink" classname="SIL.LCModel.Core.Text.TsStringSerializerTests" runstate="Runnable" seed="1287212224" result="Passed" start-time="2020-10-05 16:46:10Z" end-time="2020-10-05 16:46:10Z" duration="0.000276" asserts="1" />
              <test-case id="1-1483" name="SerializeTsStringToXml_WithLinkDoesNotWriteObjData" fullname="SIL.LCModel.Core.Text.TsStringSerializerTests.SerializeTsStringToXml_WithLinkDoesNotWriteObjData" methodname="SerializeTsStringToXml_WithLinkDoesNotWriteObjData" classname="SIL.LCModel.Core.Text.TsStringSerializerTests" runstate="Runnable" seed="1510297182" result="Passed" start-time="2020-10-05 16:46:10Z" end-time="2020-10-05 16:46:10Z" duration="0.000369" asserts="1" />
              <test-case id="1-1484" name="SerializeTsStringToXml_WithOwningLink" fullname="SIL.LCModel.Core.Text.TsStringSerializerTests.SerializeTsStringToXml_WithOwningLink" methodname="SerializeTsStringToXml_WithOwningLink" classname="SIL.LCModel.Core.Text.TsStringSerializerTests" runstate="Runnable" seed="2129008186" result="Passed" start-time="2020-10-05 16:46:10Z" end-time="2020-10-05 16:46:10Z" duration="0.000288" asserts="1" />
              <test-case id="1-1479" name="SerializeTsStringToXml_WithStyle" fullname="SIL.LCModel.Core.Text.TsStringSerializerTests.SerializeTsStringToXml_WithStyle" methodname="SerializeTsStringToXml_WithStyle" classname="SIL.LCModel.Core.Text.TsStringSerializerTests" runstate="Runnable" seed="942926051" result="Passed" start-time="2020-10-05 16:46:10Z" end-time="2020-10-05 16:46:10Z" duration="0.000229" asserts="1" />
            </test-suite>
            <test-suite type="TestFixture" id="1-1507" name="TsStringTests" fullname="SIL.LCModel.Core.Text.TsStringTests" classname="SIL.LCModel.Core.Text.TsStringTests" runstate="Runnable" testcasecount="70" result="Passed" start-time="2020-10-05 16:46:10Z" end-time="2020-10-05 16:46:11Z" duration="0.018113" total="70" passed="70" failed="0" warnings="0" inconclusive="0" skipped="0" asserts="86">
              <test-case id="1-1562" name="Equals_EmptySame_ReturnsTrue" fullname="SIL.LCModel.Core.Text.TsStringTests.Equals_EmptySame_ReturnsTrue" methodname="Equals_EmptySame_ReturnsTrue" classname="SIL.LCModel.Core.Text.TsStringTests" runstate="Runnable" seed="1128783158" result="Passed" start-time="2020-10-05 16:46:10Z" end-time="2020-10-05 16:46:10Z" duration="0.000244" asserts="1" />
              <test-case id="1-1564" name="Equals_NotSame_ReturnsFalse" fullname="SIL.LCModel.Core.Text.TsStringTests.Equals_NotSame_ReturnsFalse" methodname="Equals_NotSame_ReturnsFalse" classname="SIL.LCModel.Core.Text.TsStringTests" runstate="Runnable" seed="212349920" result="Passed" start-time="2020-10-05 16:46:10Z" end-time="2020-10-05 16:46:10Z" duration="0.000561" asserts="1" />
              <test-case id="1-1563" name="Equals_TwoRunsSame_ReturnsTrue" fullname="SIL.LCModel.Core.Text.TsStringTests.Equals_TwoRunsSame_ReturnsTrue" methodname="Equals_TwoRunsSame_ReturnsTrue" classname="SIL.LCModel.Core.Text.TsStringTests" runstate="Runnable" seed="1138805780" result="Passed" start-time="2020-10-05 16:46:10Z" end-time="2020-10-05 16:46:10Z" duration="0.000115" asserts="1" />
              <test-case id="1-1529" name="FetchChars_ArrayIsNull_Throws" fullname="SIL.LCModel.Core.Text.TsStringTests.FetchChars_ArrayIsNull_Throws" methodname="FetchChars_ArrayIsNull_Throws" classname="SIL.LCModel.Core.Text.TsStringTests" runstate="Runnable" seed="437156072" result="Passed" start-time="2020-10-05 16:46:10Z" end-time="2020-10-05 16:46:10Z" duration="0.000465" asserts="1" />
              <test-case id="1-1523" name="FetchChars_Empty_ReturnsEmptyString" fullname="SIL.LCModel.Core.Text.TsStringTests.FetchChars_Empty_ReturnsEmptyString" methodname="FetchChars_Empty_ReturnsEmptyString" classname="SIL.LCModel.Core.Text.TsStringTests" runstate="Runnable" seed="1315294201" result="Passed" start-time="2020-10-05 16:46:10Z" end-time="2020-10-05 16:46:10Z" duration="0.000450" asserts="1" />
              <test-case id="1-1527" name="FetchChars_IchLimOutOfRange_Throws" fullname="SIL.LCModel.Core.Text.TsStringTests.FetchChars_IchLimOutOfRange_Throws" methodname="FetchChars_IchLimOutOfRange_Throws" classname="SIL.LCModel.Core.Text.TsStringTests" runstate="Runnable" seed="1944386271" result="Passed" start-time="2020-10-05 16:46:10Z" end-time="2020-10-05 16:46:10Z" duration="0.000329" asserts="1" />
              <test-case id="1-1528" name="FetchChars_IchMinGreaterThanIchLim_Throws" fullname="SIL.LCModel.Core.Text.TsStringTests.FetchChars_IchMinGreaterThanIchLim_Throws" methodname="FetchChars_IchMinGreaterThanIchLim_Throws" classname="SIL.LCModel.Core.Text.TsStringTests" runstate="Runnable" seed="144000126" result="Passed" start-time="2020-10-05 16:46:10Z" end-time="2020-10-05 16:46:10Z" duration="0.000315" asserts="1" />
              <test-case id="1-1526" name="FetchChars_IchMinOutOfRange_Throws" fullname="SIL.LCModel.Core.Text.TsStringTests.FetchChars_IchMinOutOfRange_Throws" methodname="FetchChars_IchMinOutOfRange_Throws" classname="SIL.LCModel.Core.Text.TsStringTests" runstate="Runnable" seed="1350550068" result="Passed" start-time="2020-10-05 16:46:10Z" end-time="2020-10-05 16:46:10Z" duration="0.000254" asserts="1" />
              <test-case id="1-1524" name="FetchChars_OneRun_ReturnsCorrectString" fullname="SIL.LCModel.Core.Text.TsStringTests.FetchChars_OneRun_ReturnsCorrectString" methodname="FetchChars_OneRun_ReturnsCorrectString" classname="SIL.LCModel.Core.Text.TsStringTests" runstate="Runnable" seed="1939933508" result="Passed" start-time="2020-10-05 16:46:10Z" end-time="2020-10-05 16:46:10Z" duration="0.000486" asserts="1" />
              <test-case id="1-1525" name="FetchChars_TwoRuns_ReturnsCorrectString" fullname="SIL.LCModel.Core.Text.TsStringTests.FetchChars_TwoRuns_ReturnsCorrectString" methodname="FetchChars_TwoRuns_ReturnsCorrectString" classname="SIL.LCModel.Core.Text.TsStringTests" runstate="Runnable" seed="960680007" result="Passed" start-time="2020-10-05 16:46:10Z" end-time="2020-10-05 16:46:10Z" duration="0.000141" asserts="1" />
              <test-case id="1-1542" name="FetchRunInfo_Empty_ReturnsCorrectRunInfo" fullname="SIL.LCModel.Core.Text.TsStringTests.FetchRunInfo_Empty_ReturnsCorrectRunInfo" methodname="FetchRunInfo_Empty_ReturnsCorrectRunInfo" classname="SIL.LCModel.Core.Text.TsStringTests" runstate="Runnable" seed="1623654293" result="Passed" start-time="2020-10-05 16:46:10Z" end-time="2020-10-05 16:46:10Z" duration="0.000621" asserts="1" />
              <test-case id="1-1543" name="FetchRunInfo_OneRun_ReturnsCorrectRunInfo" fullname="SIL.LCModel.Core.Text.TsStringTests.FetchRunInfo_OneRun_ReturnsCorrectRunInfo" methodname="FetchRunInfo_OneRun_ReturnsCorrectRunInfo" classname="SIL.LCModel.Core.Text.TsStringTests" runstate="Runnable" seed="913937972" result="Passed" start-time="2020-10-05 16:46:10Z" end-time="2020-10-05 16:46:10Z" duration="0.000148" asserts="1" />
              <test-case id="1-1545" name="FetchRunInfo_RunIndexOutOfRange_Throws" fullname="SIL.LCModel.Core.Text.TsStringTests.FetchRunInfo_RunIndexOutOfRange_Throws" methodname="FetchRunInfo_RunIndexOutOfRange_Throws" classname="SIL.LCModel.Core.Text.TsStringTests" runstate="Runnable" seed="1510041309" result="Passed" start-time="2020-10-05 16:46:10Z" end-time="2020-10-05 16:46:10Z" duration="0.000235" asserts="1" />
              <test-case id="1-1544" name="FetchRunInfo_TwoRuns_ReturnsCorrectRunInfo" fullname="SIL.LCModel.Core.Text.TsStringTests.FetchRunInfo_TwoRuns_ReturnsCorrectRunInfo" methodname="FetchRunInfo_TwoRuns_ReturnsCorrectRunInfo" classname="SIL.LCModel.Core.Text.TsStringTests" runstate="Runnable" seed="1636793038" result="Passed" start-time="2020-10-05 16:46:10Z" end-time="2020-10-05 16:46:10Z" duration="0.000146" asserts="1" />
              <test-case id="1-1546" name="FetchRunInfoAt_Empty_ReturnsCorrectRunInfo" fullname="SIL.LCModel.Core.Text.TsStringTests.FetchRunInfoAt_Empty_ReturnsCorrectRunInfo" methodname="FetchRunInfoAt_Empty_ReturnsCorrectRunInfo" classname="SIL.LCModel.Core.Text.TsStringTests" runstate="Runnable" seed="1463172894" result="Passed" start-time="2020-10-05 16:46:10Z" end-time="2020-10-05 16:46:10Z" duration="0.000199" asserts="1" />
              <test-case id="1-1549" name="FetchRunInfoAt_IchOutOfRange_Throws" fullname="SIL.LCModel.Core.Text.TsStringTests.FetchRunInfoAt_IchOutOfRange_Throws" methodname="FetchRunInfoAt_IchOutOfRange_Throws" classname="SIL.LCModel.Core.Text.TsStringTests" runstate="Runnable" seed="2091942624" result="Passed" start-time="2020-10-05 16:46:10Z" end-time="2020-10-05 16:46:10Z" duration="0.000224" asserts="1" />
              <test-case id="1-1547" name="FetchRunInfoAt_OneRun_ReturnsCorrectRunInfo" fullname="SIL.LCModel.Core.Text.TsStringTests.FetchRunInfoAt_OneRun_ReturnsCorrectRunInfo" methodname="FetchRunInfoAt_OneRun_ReturnsCorrectRunInfo" classname="SIL.LCModel.Core.Text.TsStringTests" runstate="Runnable" seed="657974550" result="Passed" start-time="2020-10-05 16:46:10Z" end-time="2020-10-05 16:46:10Z" duration="0.000146" asserts="1" />
              <test-case id="1-1548" name="FetchRunInfoAt_TwoRuns_ReturnsCorrectRunInfo" fullname="SIL.LCModel.Core.Text.TsStringTests.FetchRunInfoAt_TwoRuns_ReturnsCorrectRunInfo" methodname="FetchRunInfoAt_TwoRuns_ReturnsCorrectRunInfo" classname="SIL.LCModel.Core.Text.TsStringTests" runstate="Runnable" seed="634948531" result="Passed" start-time="2020-10-05 16:46:10Z" end-time="2020-10-05 16:46:10Z" duration="0.000138" asserts="1" />
              <test-case id="1-1550" name="get_Properties_Empty_ReturnsCorrectProperties" fullname="SIL.LCModel.Core.Text.TsStringTests.get_Properties_Empty_ReturnsCorrectProperties" methodname="get_Properties_Empty_ReturnsCorrectProperties" classname="SIL.LCModel.Core.Text.TsStringTests" runstate="Runnable" seed="507814437" result="Passed" start-time="2020-10-05 16:46:10Z" end-time="2020-10-05 16:46:10Z" duration="0.000116" asserts="1" />
              <test-case id="1-1551" name="get_Properties_OneRun_ReturnsCorrectProperties" fullname="SIL.LCModel.Core.Text.TsStringTests.get_Properties_OneRun_ReturnsCorrectProperties" methodname="get_Properties_OneRun_ReturnsCorrectProperties" classname="SIL.LCModel.Core.Text.TsStringTests" runstate="Runnable" seed="1720205916" result="Passed" start-time="2020-10-05 16:46:10Z" end-time="2020-10-05 16:46:10Z" duration="0.000097" asserts="1" />
              <test-case id="1-1553" name="get_Properties_RunIndexOutOfRange_Throws" fullname="SIL.LCModel.Core.Text.TsStringTests.get_Properties_RunIndexOutOfRange_Throws" methodname="get_Properties_RunIndexOutOfRange_Throws" classname="SIL.LCModel.Core.Text.TsStringTests" runstate="Runnable" seed="885096766" result="Passed" start-time="2020-10-05 16:46:10Z" end-time="2020-10-05 16:46:10Z" duration="0.000216" asserts="1" />
              <test-case id="1-1552" name="get_Properties_TwoRuns_ReturnsCorrectProperties" fullname="SIL.LCModel.Core.Text.TsStringTests.get_Properties_TwoRuns_ReturnsCorrectProperties" methodname="get_Properties_TwoRuns_ReturnsCorrectProperties" classname="SIL.LCModel.Core.Text.TsStringTests" runstate="Runnable" seed="1465963896" result="Passed" start-time="2020-10-05 16:46:10Z" end-time="2020-10-05 16:46:10Z" duration="0.000107" asserts="1" />
              <test-case id="1-1554" name="get_PropertiesAt_Empty_ReturnsCorrectProperties" fullname="SIL.LCModel.Core.Text.TsStringTests.get_PropertiesAt_Empty_ReturnsCorrectProperties" methodname="get_PropertiesAt_Empty_ReturnsCorrectProperties" classname="SIL.LCModel.Core.Text.TsStringTests" runstate="Runnable" seed="126358601" result="Passed" start-time="2020-10-05 16:46:10Z" end-time="2020-10-05 16:46:10Z" duration="0.000106" asserts="1" />
              <test-case id="1-1557" name="get_PropertiesAt_IchOutOfRange_Throws" fullname="SIL.LCModel.Core.Text.TsStringTests.get_PropertiesAt_IchOutOfRange_Throws" methodname="get_PropertiesAt_IchOutOfRange_Throws" classname="SIL.LCModel.Core.Text.TsStringTests" runstate="Runnable" seed="2034315723" result="Passed" start-time="2020-10-05 16:46:10Z" end-time="2020-10-05 16:46:10Z" duration="0.000213" asserts="1" />
              <test-case id="1-1555" name="get_PropertiesAt_OneRun_ReturnsCorrectProperties" fullname="SIL.LCModel.Core.Text.TsStringTests.get_PropertiesAt_OneRun_ReturnsCorrectProperties" methodname="get_PropertiesAt_OneRun_ReturnsCorrectProperties" classname="SIL.LCModel.Core.Text.TsStringTests" runstate="Runnable" seed="1704618836" result="Passed" start-time="2020-10-05 16:46:10Z" end-time="2020-10-05 16:46:10Z" duration="0.000100" asserts="1" />
              <test-case id="1-1556" name="get_PropertiesAt_TwoRuns_ReturnsCorrectProperties" fullname="SIL.LCModel.Core.Text.TsStringTests.get_PropertiesAt_TwoRuns_ReturnsCorrectProperties" methodname="get_PropertiesAt_TwoRuns_ReturnsCorrectProperties" classname="SIL.LCModel.Core.Text.TsStringTests" runstate="Runnable" seed="2080144746" result="Passed" start-time="2020-10-05 16:46:10Z" end-time="2020-10-05 16:46:10Z" duration="0.000095" asserts="1" />
              <test-case id="1-1533" name="get_RunAt_Empty_ReturnsZero" fullname="SIL.LCModel.Core.Text.TsStringTests.get_RunAt_Empty_ReturnsZero" methodname="get_RunAt_Empty_ReturnsZero" classname="SIL.LCModel.Core.Text.TsStringTests" runstate="Runnable" seed="342481741" result="Passed" start-time="2020-10-05 16:46:10Z" end-time="2020-10-05 16:46:10Z" duration="0.000096" asserts="1" />
              <test-case id="1-1537" name="get_RunAt_IchOutOfRange_Throws" fullname="SIL.LCModel.Core.Text.TsStringTests.get_RunAt_IchOutOfRange_Throws" methodname="get_RunAt_IchOutOfRange_Throws" classname="SIL.LCModel.Core.Text.TsStringTests" runstate="Runnable" seed="1519966456" result="Passed" start-time="2020-10-05 16:46:10Z" end-time="2020-10-05 16:46:10Z" duration="0.000218" asserts="1" />
              <test-case id="1-1534" name="get_RunAt_OneRun_ReturnsZero" fullname="SIL.LCModel.Core.Text.TsStringTests.get_RunAt_OneRun_ReturnsZero" methodname="get_RunAt_OneRun_ReturnsZero" classname="SIL.LCModel.Core.Text.TsStringTests" runstate="Runnable" seed="655977362" result="Passed" start-time="2020-10-05 16:46:10Z" end-time="2020-10-05 16:46:10Z" duration="0.000111" asserts="1" />
              <test-case id="1-1535" name="get_RunAt_TwoRunsFirstRun_ReturnsZero" fullname="SIL.LCModel.Core.Text.TsStringTests.get_RunAt_TwoRunsFirstRun_ReturnsZero" methodname="get_RunAt_TwoRunsFirstRun_ReturnsZero" classname="SIL.LCModel.Core.Text.TsStringTests" runstate="Runnable" seed="236993021" result="Passed" start-time="2020-10-05 16:46:10Z" end-time="2020-10-05 16:46:10Z" duration="0.000142" asserts="1" />
              <test-case id="1-1536" name="get_RunAt_TwoRunsSecondRun_ReturnsOne" fullname="SIL.LCModel.Core.Text.TsStringTests.get_RunAt_TwoRunsSecondRun_ReturnsOne" methodname="get_RunAt_TwoRunsSecondRun_ReturnsOne" classname="SIL.LCModel.Core.Text.TsStringTests" runstate="Runnable" seed="1377450293" result="Passed" start-time="2020-10-05 16:46:10Z" end-time="2020-10-05 16:46:10Z" duration="0.000134" asserts="1" />
              <test-case id="1-1558" name="get_RunText_Empty_ReturnsNull" fullname="SIL.LCModel.Core.Text.TsStringTests.get_RunText_Empty_ReturnsNull" methodname="get_RunText_Empty_ReturnsNull" classname="SIL.LCModel.Core.Text.TsStringTests" runstate="Runnable" seed="1354813572" result="Passed" start-time="2020-10-05 16:46:10Z" end-time="2020-10-05 16:46:10Z" duration="0.000149" asserts="1" />
              <test-case id="1-1559" name="get_RunText_OneRun_ReturnsCorrectString" fullname="SIL.LCModel.Core.Text.TsStringTests.get_RunText_OneRun_ReturnsCorrectString" methodname="get_RunText_OneRun_ReturnsCorrectString" classname="SIL.LCModel.Core.Text.TsStringTests" runstate="Runnable" seed="1597943490" result="Passed" start-time="2020-10-05 16:46:10Z" end-time="2020-10-05 16:46:10Z" duration="0.000132" asserts="1" />
              <test-case id="1-1561" name="get_RunText_RunIndexOutOfRange_Throws" fullname="SIL.LCModel.Core.Text.TsStringTests.get_RunText_RunIndexOutOfRange_Throws" methodname="get_RunText_RunIndexOutOfRange_Throws" classname="SIL.LCModel.Core.Text.TsStringTests" runstate="Runnable" seed="1295674083" result="Passed" start-time="2020-10-05 16:46:10Z" end-time="2020-10-05 16:46:10Z" duration="0.000413" asserts="1" />
              <test-case id="1-1560" name="get_RunText_TwoRuns_ReturnsCorrectString" fullname="SIL.LCModel.Core.Text.TsStringTests.get_RunText_TwoRuns_ReturnsCorrectString" methodname="get_RunText_TwoRuns_ReturnsCorrectString" classname="SIL.LCModel.Core.Text.TsStringTests" runstate="Runnable" seed="190306836" result="Passed" start-time="2020-10-05 16:46:10Z" end-time="2020-10-05 16:46:10Z" duration="0.000146" asserts="1" />
              <test-case id="1-1565" name="GetBldr_Empty_ReturnsBldrWithCorrectData" fullname="SIL.LCModel.Core.Text.TsStringTests.GetBldr_Empty_ReturnsBldrWithCorrectData" methodname="GetBldr_Empty_ReturnsBldrWithCorrectData" classname="SIL.LCModel.Core.Text.TsStringTests" runstate="Runnable" seed="1464785566" result="Passed" start-time="2020-10-05 16:46:10Z" end-time="2020-10-05 16:46:10Z" duration="0.000239" asserts="1" />
              <test-case id="1-1566" name="GetBldr_OneRun_ReturnsBldrWithCorrectData" fullname="SIL.LCModel.Core.Text.TsStringTests.GetBldr_OneRun_ReturnsBldrWithCorrectData" methodname="GetBldr_OneRun_ReturnsBldrWithCorrectData" classname="SIL.LCModel.Core.Text.TsStringTests" runstate="Runnable" seed="813586248" result="Passed" start-time="2020-10-05 16:46:10Z" end-time="2020-10-05 16:46:11Z" duration="0.000206" asserts="1" />
              <test-case id="1-1567" name="GetBldr_TwoRuns_ReturnsBldrWithCorrectData" fullname="SIL.LCModel.Core.Text.TsStringTests.GetBldr_TwoRuns_ReturnsBldrWithCorrectData" methodname="GetBldr_TwoRuns_ReturnsBldrWithCorrectData" classname="SIL.LCModel.Core.Text.TsStringTests" runstate="Runnable" seed="883469718" result="Passed" start-time="2020-10-05 16:46:11Z" end-time="2020-10-05 16:46:11Z" duration="0.000190" asserts="1" />
              <test-case id="1-1538" name="GetBoundsOfRun_Empty_ReturnsCorrectBounds" fullname="SIL.LCModel.Core.Text.TsStringTests.GetBoundsOfRun_Empty_ReturnsCorrectBounds" methodname="GetBoundsOfRun_Empty_ReturnsCorrectBounds" classname="SIL.LCModel.Core.Text.TsStringTests" runstate="Runnable" seed="1962639792" result="Passed" start-time="2020-10-05 16:46:11Z" end-time="2020-10-05 16:46:11Z" duration="0.000230" asserts="2" />
              <test-case id="1-1539" name="GetBoundsOfRun_OneRun_ReturnsCorrectBounds" fullname="SIL.LCModel.Core.Text.TsStringTests.GetBoundsOfRun_OneRun_ReturnsCorrectBounds" methodname="GetBoundsOfRun_OneRun_ReturnsCorrectBounds" classname="SIL.LCModel.Core.Text.TsStringTests" runstate="Runnable" seed="311709282" result="Passed" start-time="2020-10-05 16:46:11Z" end-time="2020-10-05 16:46:11Z" duration="0.000203" asserts="2" />
              <test-case id="1-1541" name="GetBoundsOfRun_RunIndexOutOfRange_Throws" fullname="SIL.LCModel.Core.Text.TsStringTests.GetBoundsOfRun_RunIndexOutOfRange_Throws" methodname="GetBoundsOfRun_RunIndexOutOfRange_Throws" classname="SIL.LCModel.Core.Text.TsStringTests" runstate="Runnable" seed="676846499" result="Passed" start-time="2020-10-05 16:46:11Z" end-time="2020-10-05 16:46:11Z" duration="0.000345" asserts="1" />
              <test-case id="1-1540" name="GetBoundsOfRun_TwoRuns_ReturnsCorrectBounds" fullname="SIL.LCModel.Core.Text.TsStringTests.GetBoundsOfRun_TwoRuns_ReturnsCorrectBounds" methodname="GetBoundsOfRun_TwoRuns_ReturnsCorrectBounds" classname="SIL.LCModel.Core.Text.TsStringTests" runstate="Runnable" seed="1909152810" result="Passed" start-time="2020-10-05 16:46:11Z" end-time="2020-10-05 16:46:11Z" duration="0.000225" asserts="2" />
              <test-case id="1-1517" name="GetChars_Empty_ReturnsNull" fullname="SIL.LCModel.Core.Text.TsStringTests.GetChars_Empty_ReturnsNull" methodname="GetChars_Empty_ReturnsNull" classname="SIL.LCModel.Core.Text.TsStringTests" runstate="Runnable" seed="1308663511" result="Passed" start-time="2020-10-05 16:46:11Z" end-time="2020-10-05 16:46:11Z" duration="0.000158" asserts="1" />
              <test-case id="1-1521" name="GetChars_IchLimOutOfRange_Throws" fullname="SIL.LCModel.Core.Text.TsStringTests.GetChars_IchLimOutOfRange_Throws" methodname="GetChars_IchLimOutOfRange_Throws" classname="SIL.LCModel.Core.Text.TsStringTests" runstate="Runnable" seed="357131504" result="Passed" start-time="2020-10-05 16:46:11Z" end-time="2020-10-05 16:46:11Z" duration="0.000340" asserts="1" />
              <test-case id="1-1522" name="GetChars_IchMinGreaterThanIchLim_Throws" fullname="SIL.LCModel.Core.Text.TsStringTests.GetChars_IchMinGreaterThanIchLim_Throws" methodname="GetChars_IchMinGreaterThanIchLim_Throws" classname="SIL.LCModel.Core.Text.TsStringTests" runstate="Runnable" seed="632639721" result="Passed" start-time="2020-10-05 16:46:11Z" end-time="2020-10-05 16:46:11Z" duration="0.000320" asserts="1" />
              <test-case id="1-1520" name="GetChars_IchMinOutOfRange_Throws" fullname="SIL.LCModel.Core.Text.TsStringTests.GetChars_IchMinOutOfRange_Throws" methodname="GetChars_IchMinOutOfRange_Throws" classname="SIL.LCModel.Core.Text.TsStringTests" runstate="Runnable" seed="629090751" result="Passed" start-time="2020-10-05 16:46:11Z" end-time="2020-10-05 16:46:11Z" duration="0.000354" asserts="1" />
              <test-case id="1-1518" name="GetChars_OneRun_ReturnsCorrectString" fullname="SIL.LCModel.Core.Text.TsStringTests.GetChars_OneRun_ReturnsCorrectString" methodname="GetChars_OneRun_ReturnsCorrectString" classname="SIL.LCModel.Core.Text.TsStringTests" runstate="Runnable" seed="720393678" result="Passed" start-time="2020-10-05 16:46:11Z" end-time="2020-10-05 16:46:11Z" duration="0.000160" asserts="1" />
              <test-case id="1-1519" name="GetChars_TwoRuns_ReturnsCorrectString" fullname="SIL.LCModel.Core.Text.TsStringTests.GetChars_TwoRuns_ReturnsCorrectString" methodname="GetChars_TwoRuns_ReturnsCorrectString" classname="SIL.LCModel.Core.Text.TsStringTests" runstate="Runnable" seed="1933634548" result="Passed" start-time="2020-10-05 16:46:11Z" end-time="2020-10-05 16:46:11Z" duration="0.000138" asserts="1" />
              <test-case id="1-1568" name="GetIncBldr_Empty_ReturnsIncBldrWithCorrectData" fullname="SIL.LCModel.Core.Text.TsStringTests.GetIncBldr_Empty_ReturnsIncBldrWithCorrectData" methodname="GetIncBldr_Empty_ReturnsIncBldrWithCorrectData" classname="SIL.LCModel.Core.Text.TsStringTests" runstate="Runnable" seed="62746562" result="Passed" start-time="2020-10-05 16:46:11Z" end-time="2020-10-05 16:46:11Z" duration="0.000278" asserts="1" />
              <test-case id="1-1569" name="GetIncBldr_OneRun_ReturnsIncBldrWithCorrectData" fullname="SIL.LCModel.Core.Text.TsStringTests.GetIncBldr_OneRun_ReturnsIncBldrWithCorrectData" methodname="GetIncBldr_OneRun_ReturnsIncBldrWithCorrectData" classname="SIL.LCModel.Core.Text.TsStringTests" runstate="Runnable" seed="1352941722" result="Passed" start-time="2020-10-05 16:46:11Z" end-time="2020-10-05 16:46:11Z" duration="0.000188" asserts="1" />
              <test-case id="1-1570" name="GetIncBldr_TwoRuns_ReturnsIncBldrWithCorrectData" fullname="SIL.LCModel.Core.Text.TsStringTests.GetIncBldr_TwoRuns_ReturnsIncBldrWithCorrectData" methodname="GetIncBldr_TwoRuns_ReturnsIncBldrWithCorrectData" classname="SIL.LCModel.Core.Text.TsStringTests" runstate="Runnable" seed="1800957434" result="Passed" start-time="2020-10-05 16:46:11Z" end-time="2020-10-05 16:46:11Z" duration="0.000182" asserts="1" />
              <test-case id="1-1576" name="GetSubstring_IchLimOutOfRange_Throws" fullname="SIL.LCModel.Core.Text.TsStringTests.GetSubstring_IchLimOutOfRange_Throws" methodname="GetSubstring_IchLimOutOfRange_Throws" classname="SIL.LCModel.Core.Text.TsStringTests" runstate="Runnable" seed="572051442" result="Passed" start-time="2020-10-05 16:46:11Z" end-time="2020-10-05 16:46:11Z" duration="0.000329" asserts="1" />
              <test-case id="1-1577" name="GetSubstring_IchMinGreaterThanIchLim_Throws" fullname="SIL.LCModel.Core.Text.TsStringTests.GetSubstring_IchMinGreaterThanIchLim_Throws" methodname="GetSubstring_IchMinGreaterThanIchLim_Throws" classname="SIL.LCModel.Core.Text.TsStringTests" runstate="Runnable" seed="1951696311" result="Passed" start-time="2020-10-05 16:46:11Z" end-time="2020-10-05 16:46:11Z" duration="0.000319" asserts="1" />
              <test-case id="1-1575" name="GetSubstring_IchMinOutOfRange_Throws" fullname="SIL.LCModel.Core.Text.TsStringTests.GetSubstring_IchMinOutOfRange_Throws" methodname="GetSubstring_IchMinOutOfRange_Throws" classname="SIL.LCModel.Core.Text.TsStringTests" runstate="Runnable" seed="1941580365" result="Passed" start-time="2020-10-05 16:46:11Z" end-time="2020-10-05 16:46:11Z" duration="0.000354" asserts="1" />
              <test-case id="1-1573" name="GetSubstring_PartialRun_ReturnsCorrectString" fullname="SIL.LCModel.Core.Text.TsStringTests.GetSubstring_PartialRun_ReturnsCorrectString" methodname="GetSubstring_PartialRun_ReturnsCorrectString" classname="SIL.LCModel.Core.Text.TsStringTests" runstate="Runnable" seed="1013264636" result="Passed" start-time="2020-10-05 16:46:11Z" end-time="2020-10-05 16:46:11Z" duration="0.000428" asserts="4" />
              <test-case id="1-1574" name="GetSubstring_PartOfTwoRuns_ReturnsCorrectString" fullname="SIL.LCModel.Core.Text.TsStringTests.GetSubstring_PartOfTwoRuns_ReturnsCorrectString" methodname="GetSubstring_PartOfTwoRuns_ReturnsCorrectString" classname="SIL.LCModel.Core.Text.TsStringTests" runstate="Runnable" seed="707355950" result="Passed" start-time="2020-10-05 16:46:11Z" end-time="2020-10-05 16:46:11Z" duration="0.000429" asserts="5" />
              <test-case id="1-1572" name="GetSubstring_WholeRun_ReturnsCorrectString" fullname="SIL.LCModel.Core.Text.TsStringTests.GetSubstring_WholeRun_ReturnsCorrectString" methodname="GetSubstring_WholeRun_ReturnsCorrectString" classname="SIL.LCModel.Core.Text.TsStringTests" runstate="Runnable" seed="553175443" result="Passed" start-time="2020-10-05 16:46:11Z" end-time="2020-10-05 16:46:11Z" duration="0.000357" asserts="4" />
              <test-case id="1-1571" name="GetSubstring_WholeString_ReturnsSameString" fullname="SIL.LCModel.Core.Text.TsStringTests.GetSubstring_WholeString_ReturnsSameString" methodname="GetSubstring_WholeString_ReturnsSameString" classname="SIL.LCModel.Core.Text.TsStringTests" runstate="Runnable" seed="1011000451" result="Passed" start-time="2020-10-05 16:46:11Z" end-time="2020-10-05 16:46:11Z" duration="0.000182" asserts="1" />
              <test-case id="1-1511" name="Length_Empty_ReturnsZero" fullname="SIL.LCModel.Core.Text.TsStringTests.Length_Empty_ReturnsZero" methodname="Length_Empty_ReturnsZero" classname="SIL.LCModel.Core.Text.TsStringTests" runstate="Runnable" seed="2038784816" result="Passed" start-time="2020-10-05 16:46:11Z" end-time="2020-10-05 16:46:11Z" duration="0.000186" asserts="1" />
              <test-case id="1-1512" name="Length_OneRun_ReturnsCorrectLength" fullname="SIL.LCModel.Core.Text.TsStringTests.Length_OneRun_ReturnsCorrectLength" methodname="Length_OneRun_ReturnsCorrectLength" classname="SIL.LCModel.Core.Text.TsStringTests" runstate="Runnable" seed="1415609353" result="Passed" start-time="2020-10-05 16:46:11Z" end-time="2020-10-05 16:46:11Z" duration="0.000148" asserts="1" />
              <test-case id="1-1513" name="Length_TwoRuns_ReturnsCorrectLength" fullname="SIL.LCModel.Core.Text.TsStringTests.Length_TwoRuns_ReturnsCorrectLength" methodname="Length_TwoRuns_ReturnsCorrectLength" classname="SIL.LCModel.Core.Text.TsStringTests" runstate="Runnable" seed="1655692759" result="Passed" start-time="2020-10-05 16:46:11Z" end-time="2020-10-05 16:46:11Z" duration="0.000143" asserts="1" />
              <test-case id="1-1530" name="LockText_Empty_ReturnsEmptyString" fullname="SIL.LCModel.Core.Text.TsStringTests.LockText_Empty_ReturnsEmptyString" methodname="LockText_Empty_ReturnsEmptyString" classname="SIL.LCModel.Core.Text.TsStringTests" runstate="Runnable" seed="1157957697" result="Passed" start-time="2020-10-05 16:46:11Z" end-time="2020-10-05 16:46:11Z" duration="0.000402" asserts="2" />
              <test-case id="1-1531" name="LockText_OneRun_ReturnsCorrectString" fullname="SIL.LCModel.Core.Text.TsStringTests.LockText_OneRun_ReturnsCorrectString" methodname="LockText_OneRun_ReturnsCorrectString" classname="SIL.LCModel.Core.Text.TsStringTests" runstate="Runnable" seed="1822452234" result="Passed" start-time="2020-10-05 16:46:11Z" end-time="2020-10-05 16:46:11Z" duration="0.000243" asserts="2" />
              <test-case id="1-1532" name="LockText_TwoRuns_ReturnsCorrectString" fullname="SIL.LCModel.Core.Text.TsStringTests.LockText_TwoRuns_ReturnsCorrectString" methodname="LockText_TwoRuns_ReturnsCorrectString" classname="SIL.LCModel.Core.Text.TsStringTests" runstate="Runnable" seed="1358169454" result="Passed" start-time="2020-10-05 16:46:11Z" end-time="2020-10-05 16:46:11Z" duration="0.000220" asserts="2" />
              <test-case id="1-1514" name="RunCount_Empty_ReturnsOne" fullname="SIL.LCModel.Core.Text.TsStringTests.RunCount_Empty_ReturnsOne" methodname="RunCount_Empty_ReturnsOne" classname="SIL.LCModel.Core.Text.TsStringTests" runstate="Runnable" seed="669733331" result="Passed" start-time="2020-10-05 16:46:11Z" end-time="2020-10-05 16:46:11Z" duration="0.000162" asserts="1" />
              <test-case id="1-1515" name="RunCount_OneRun_ReturnsOne" fullname="SIL.LCModel.Core.Text.TsStringTests.RunCount_OneRun_ReturnsOne" methodname="RunCount_OneRun_ReturnsOne" classname="SIL.LCModel.Core.Text.TsStringTests" runstate="Runnable" seed="57779481" result="Passed" start-time="2020-10-05 16:46:11Z" end-time="2020-10-05 16:46:11Z" duration="0.000137" asserts="1" />
              <test-case id="1-1516" name="RunCount_TwoRuns_ReturnsTwo" fullname="SIL.LCModel.Core.Text.TsStringTests.RunCount_TwoRuns_ReturnsTwo" methodname="RunCount_TwoRuns_ReturnsTwo" classname="SIL.LCModel.Core.Text.TsStringTests" runstate="Runnable" seed="1443380873" result="Passed" start-time="2020-10-05 16:46:11Z" end-time="2020-10-05 16:46:11Z" duration="0.000135" asserts="1" />
              <test-case id="1-1508" name="Text_Empty_ReturnsNull" fullname="SIL.LCModel.Core.Text.TsStringTests.Text_Empty_ReturnsNull" methodname="Text_Empty_ReturnsNull" classname="SIL.LCModel.Core.Text.TsStringTests" runstate="Runnable" seed="439269233" result="Passed" start-time="2020-10-05 16:46:11Z" end-time="2020-10-05 16:46:11Z" duration="0.000179" asserts="1" />
              <test-case id="1-1509" name="Text_OneRun_ReturnsRunText" fullname="SIL.LCModel.Core.Text.TsStringTests.Text_OneRun_ReturnsRunText" methodname="Text_OneRun_ReturnsRunText" classname="SIL.LCModel.Core.Text.TsStringTests" runstate="Runnable" seed="194972087" result="Passed" start-time="2020-10-05 16:46:11Z" end-time="2020-10-05 16:46:11Z" duration="0.000971" asserts="1" />
              <test-case id="1-1510" name="Text_TwoRuns_ReturnsRunText" fullname="SIL.LCModel.Core.Text.TsStringTests.Text_TwoRuns_ReturnsRunText" methodname="Text_TwoRuns_ReturnsRunText" classname="SIL.LCModel.Core.Text.TsStringTests" runstate="Runnable" seed="1981315910" result="Passed" start-time="2020-10-05 16:46:11Z" end-time="2020-10-05 16:46:11Z" duration="0.000120" asserts="1" />
            </test-suite>
            <test-suite type="TestFixture" id="1-1578" name="TsStringUtilsTests" fullname="SIL.LCModel.Core.Text.TsStringUtilsTests" classname="SIL.LCModel.Core.Text.TsStringUtilsTests" runstate="Runnable" testcasecount="94" result="Passed" start-time="2020-10-05 16:46:11Z" end-time="2020-10-05 16:46:11Z" duration="0.041737" total="94" passed="94" failed="0" warnings="0" inconclusive="0" skipped="0" asserts="532">
              <test-case id="1-1670" name="ConcatenateWithSpaceIfNeeded" fullname="SIL.LCModel.Core.Text.TsStringUtilsTests.ConcatenateWithSpaceIfNeeded" methodname="ConcatenateWithSpaceIfNeeded" classname="SIL.LCModel.Core.Text.TsStringUtilsTests" runstate="Runnable" seed="1014325401" result="Passed" start-time="2020-10-05 16:46:11Z" end-time="2020-10-05 16:46:11Z" duration="0.001117" asserts="8" />
              <test-case id="1-1668" name="CreateTsStringFromXml" fullname="SIL.LCModel.Core.Text.TsStringUtilsTests.CreateTsStringFromXml" methodname="CreateTsStringFromXml" classname="SIL.LCModel.Core.Text.TsStringUtilsTests" runstate="Runnable" seed="1545981863" result="Passed" start-time="2020-10-05 16:46:11Z" end-time="2020-10-05 16:46:11Z" duration="0.003769" asserts="1" />
              <test-case id="1-1669" name="FindStringDiffs" fullname="SIL.LCModel.Core.Text.TsStringUtilsTests.FindStringDiffs" methodname="FindStringDiffs" classname="SIL.LCModel.Core.Text.TsStringUtilsTests" runstate="Runnable" seed="4056701" result="Passed" start-time="2020-10-05 16:46:11Z" end-time="2020-10-05 16:46:11Z" duration="0.003482" asserts="213" />
              <test-case id="1-1614" name="FindWordBoundary_AlreadyAtStartOfWord" fullname="SIL.LCModel.Core.Text.TsStringUtilsTests.FindWordBoundary_AlreadyAtStartOfWord" methodname="FindWordBoundary_AlreadyAtStartOfWord" classname="SIL.LCModel.Core.Text.TsStringUtilsTests" runstate="Runnable" seed="770019286" result="Passed" start-time="2020-10-05 16:46:11Z" end-time="2020-10-05 16:46:11Z" duration="0.001888" asserts="1" />
              <test-case id="1-1624" name="FindWordBoundary_AroundChapterNumber_Invalid" fullname="SIL.LCModel.Core.Text.TsStringUtilsTests.FindWordBoundary_AroundChapterNumber_Invalid" methodname="FindWordBoundary_AroundChapterNumber_Invalid" classname="SIL.LCModel.Core.Text.TsStringUtilsTests" runstate="Runnable" seed="2074302381" result="Passed" start-time="2020-10-05 16:46:11Z" end-time="2020-10-05 16:46:11Z" duration="0.000619" asserts="5" />
              <test-case id="1-1622" name="FindWordBoundary_AroundChapterNumber_Valid" fullname="SIL.LCModel.Core.Text.TsStringUtilsTests.FindWordBoundary_AroundChapterNumber_Valid" methodname="FindWordBoundary_AroundChapterNumber_Valid" classname="SIL.LCModel.Core.Text.TsStringUtilsTests" runstate="Runnable" seed="1604019529" result="Passed" start-time="2020-10-05 16:46:11Z" end-time="2020-10-05 16:46:11Z" duration="0.000372" asserts="4" />
              <test-case id="1-1621" name="FindWordBoundary_AroundNumbers" fullname="SIL.LCModel.Core.Text.TsStringUtilsTests.FindWordBoundary_AroundNumbers" methodname="FindWordBoundary_AroundNumbers" classname="SIL.LCModel.Core.Text.TsStringUtilsTests" runstate="Runnable" seed="439356072" result="Passed" start-time="2020-10-05 16:46:11Z" end-time="2020-10-05 16:46:11Z" duration="0.000265" asserts="3" />
              <test-case id="1-1619" name="FindWordBoundary_AroundPunctuation" fullname="SIL.LCModel.Core.Text.TsStringUtilsTests.FindWordBoundary_AroundPunctuation" methodname="FindWordBoundary_AroundPunctuation" classname="SIL.LCModel.Core.Text.TsStringUtilsTests" runstate="Runnable" seed="257394561" result="Passed" start-time="2020-10-05 16:46:11Z" end-time="2020-10-05 16:46:11Z" duration="0.000274" asserts="3" />
              <test-case id="1-1627" name="FindWordBoundary_AroundVerseNumber_Invalid" fullname="SIL.LCModel.Core.Text.TsStringUtilsTests.FindWordBoundary_AroundVerseNumber_Invalid" methodname="FindWordBoundary_AroundVerseNumber_Invalid" classname="SIL.LCModel.Core.Text.TsStringUtilsTests" runstate="Runnable" seed="369625512" result="Passed" start-time="2020-10-05 16:46:11Z" end-time="2020-10-05 16:46:11Z" duration="0.000345" asserts="5" />
              <test-case id="1-1626" name="FindWordBoundary_AroundVerseNumber_Valid" fullname="SIL.LCModel.Core.Text.TsStringUtilsTests.FindWordBoundary_AroundVerseNumber_Valid" methodname="FindWordBoundary_AroundVerseNumber_Valid" classname="SIL.LCModel.Core.Text.TsStringUtilsTests" runstate="Runnable" seed="1822417510" result="Passed" start-time="2020-10-05 16:46:11Z" end-time="2020-10-05 16:46:11Z" duration="0.000392" asserts="4" />
              <test-case id="1-1628" name="FindWordBoundary_AroundVerseNumberBridge" fullname="SIL.LCModel.Core.Text.TsStringUtilsTests.FindWordBoundary_AroundVerseNumberBridge" methodname="FindWordBoundary_AroundVerseNumberBridge" classname="SIL.LCModel.Core.Text.TsStringUtilsTests" runstate="Runnable" seed="634991012" result="Passed" start-time="2020-10-05 16:46:11Z" end-time="2020-10-05 16:46:11Z" duration="0.000392" asserts="5" />
              <test-case id="1-1616" name="FindWordBoundary_AtEndOfString" fullname="SIL.LCModel.Core.Text.TsStringUtilsTests.FindWordBoundary_AtEndOfString" methodname="FindWordBoundary_AtEndOfString" classname="SIL.LCModel.Core.Text.TsStringUtilsTests" runstate="Runnable" seed="247114839" result="Passed" start-time="2020-10-05 16:46:11Z" end-time="2020-10-05 16:46:11Z" duration="0.000169" asserts="1" />
              <test-case id="1-1615" name="FindWordBoundary_AtStartOfString" fullname="SIL.LCModel.Core.Text.TsStringUtilsTests.FindWordBoundary_AtStartOfString" methodname="FindWordBoundary_AtStartOfString" classname="SIL.LCModel.Core.Text.TsStringUtilsTests" runstate="Runnable" seed="319719086" result="Passed" start-time="2020-10-05 16:46:11Z" end-time="2020-10-05 16:46:11Z" duration="0.000162" asserts="1" />
              <test-case id="1-1623" name="FindWordBoundary_BeforeChapterNumber_MidString" fullname="SIL.LCModel.Core.Text.TsStringUtilsTests.FindWordBoundary_BeforeChapterNumber_MidString" methodname="FindWordBoundary_BeforeChapterNumber_MidString" classname="SIL.LCModel.Core.Text.TsStringUtilsTests" runstate="Runnable" seed="1206627735" result="Passed" start-time="2020-10-05 16:46:11Z" end-time="2020-10-05 16:46:11Z" duration="0.000374" asserts="4" />
              <test-case id="1-1625" name="FindWordBoundary_BetweenChapterAndVerseNumbers" fullname="SIL.LCModel.Core.Text.TsStringUtilsTests.FindWordBoundary_BetweenChapterAndVerseNumbers" methodname="FindWordBoundary_BetweenChapterAndVerseNumbers" classname="SIL.LCModel.Core.Text.TsStringUtilsTests" runstate="Runnable" seed="404158276" result="Passed" start-time="2020-10-05 16:46:11Z" end-time="2020-10-05 16:46:11Z" duration="0.000366" asserts="4" />
              <test-case id="1-1620" name="FindWordBoundary_EndOfSentence" fullname="SIL.LCModel.Core.Text.TsStringUtilsTests.FindWordBoundary_EndOfSentence" methodname="FindWordBoundary_EndOfSentence" classname="SIL.LCModel.Core.Text.TsStringUtilsTests" runstate="Runnable" seed="2092666764" result="Passed" start-time="2020-10-05 16:46:11Z" end-time="2020-10-05 16:46:11Z" duration="0.000185" asserts="1" />
              <test-case id="1-1618" name="FindWordBoundary_EndOfWord" fullname="SIL.LCModel.Core.Text.TsStringUtilsTests.FindWordBoundary_EndOfWord" methodname="FindWordBoundary_EndOfWord" classname="SIL.LCModel.Core.Text.TsStringUtilsTests" runstate="Runnable" seed="1285963178" result="Passed" start-time="2020-10-05 16:46:11Z" end-time="2020-10-05 16:46:11Z" duration="0.000167" asserts="1" />
              <test-case id="1-1613" name="FindWordBoundary_IchOutOfRange" fullname="SIL.LCModel.Core.Text.TsStringUtilsTests.FindWordBoundary_IchOutOfRange" methodname="FindWordBoundary_IchOutOfRange" classname="SIL.LCModel.Core.Text.TsStringUtilsTests" runstate="Runnable" seed="1451436222" result="Passed" start-time="2020-10-05 16:46:11Z" end-time="2020-10-05 16:46:11Z" duration="0.001049" asserts="2" />
              <test-case id="1-1617" name="FindWordBoundary_MiddleOfWord" fullname="SIL.LCModel.Core.Text.TsStringUtilsTests.FindWordBoundary_MiddleOfWord" methodname="FindWordBoundary_MiddleOfWord" classname="SIL.LCModel.Core.Text.TsStringUtilsTests" runstate="Runnable" seed="2072352644" result="Passed" start-time="2020-10-05 16:46:11Z" end-time="2020-10-05 16:46:11Z" duration="0.000235" asserts="2" />
              <test-case id="1-1606" name="FindWordFormInString_Basic" fullname="SIL.LCModel.Core.Text.TsStringUtilsTests.FindWordFormInString_Basic" methodname="FindWordFormInString_Basic" classname="SIL.LCModel.Core.Text.TsStringUtilsTests" runstate="Runnable" seed="657434067" result="Passed" start-time="2020-10-05 16:46:11Z" end-time="2020-10-05 16:46:11Z" duration="0.002334" asserts="22" />
              <test-case id="1-1610" name="FindWordFormInString_DifferentNormalizedForms" fullname="SIL.LCModel.Core.Text.TsStringUtilsTests.FindWordFormInString_DifferentNormalizedForms" methodname="FindWordFormInString_DifferentNormalizedForms" classname="SIL.LCModel.Core.Text.TsStringUtilsTests" runstate="Runnable" seed="845718542" result="Passed" start-time="2020-10-05 16:46:11Z" end-time="2020-10-05 16:46:11Z" duration="0.001689" asserts="11" />
              <test-case id="1-1612" name="FindWordFormInString_MultipleMatches" fullname="SIL.LCModel.Core.Text.TsStringUtilsTests.FindWordFormInString_MultipleMatches" methodname="FindWordFormInString_MultipleMatches" classname="SIL.LCModel.Core.Text.TsStringUtilsTests" runstate="Runnable" seed="699665766" result="Passed" start-time="2020-10-05 16:46:11Z" end-time="2020-10-05 16:46:11Z" duration="0.000171" asserts="3" />
              <test-case id="1-1609" name="FindWordFormInString_MultipleWordWordForm" fullname="SIL.LCModel.Core.Text.TsStringUtilsTests.FindWordFormInString_MultipleWordWordForm" methodname="FindWordFormInString_MultipleWordWordForm" classname="SIL.LCModel.Core.Text.TsStringUtilsTests" runstate="Runnable" seed="671853935" result="Passed" start-time="2020-10-05 16:46:11Z" end-time="2020-10-05 16:46:11Z" duration="0.000122" asserts="3" />
              <test-case id="1-1608" name="FindWordFormInString_PunctuationInSource" fullname="SIL.LCModel.Core.Text.TsStringUtilsTests.FindWordFormInString_PunctuationInSource" methodname="FindWordFormInString_PunctuationInSource" classname="SIL.LCModel.Core.Text.TsStringUtilsTests" runstate="Runnable" seed="1923153206" result="Passed" start-time="2020-10-05 16:46:11Z" end-time="2020-10-05 16:46:11Z" duration="0.000155" asserts="6" />
              <test-case id="1-1607" name="FindWordFormInString_PunctuationInWordForm" fullname="SIL.LCModel.Core.Text.TsStringUtilsTests.FindWordFormInString_PunctuationInWordForm" methodname="FindWordFormInString_PunctuationInWordForm" classname="SIL.LCModel.Core.Text.TsStringUtilsTests" runstate="Runnable" seed="1151036673" result="Passed" start-time="2020-10-05 16:46:11Z" end-time="2020-10-05 16:46:11Z" duration="0.000212" asserts="8" />
              <test-case id="1-1611" name="FindWordFormInString_WithORCs" fullname="SIL.LCModel.Core.Text.TsStringUtilsTests.FindWordFormInString_WithORCs" methodname="FindWordFormInString_WithORCs" classname="SIL.LCModel.Core.Text.TsStringUtilsTests" runstate="Runnable" seed="751672977" result="Passed" start-time="2020-10-05 16:46:11Z" end-time="2020-10-05 16:46:11Z" duration="0.000320" asserts="15" />
              <test-case id="1-1667" name="GetAbbreviationsNameOnly" fullname="SIL.LCModel.Core.Text.TsStringUtilsTests.GetAbbreviationsNameOnly" methodname="GetAbbreviationsNameOnly" classname="SIL.LCModel.Core.Text.TsStringUtilsTests" runstate="Runnable" seed="40279683" result="Passed" start-time="2020-10-05 16:46:11Z" end-time="2020-10-05 16:46:11Z" duration="0.000198" asserts="3" />
              <test-case id="1-1587" name="GetCleanTsString_Empty" fullname="SIL.LCModel.Core.Text.TsStringUtilsTests.GetCleanTsString_Empty" methodname="GetCleanTsString_Empty" classname="SIL.LCModel.Core.Text.TsStringUtilsTests" runstate="Runnable" seed="1828245390" result="Passed" start-time="2020-10-05 16:46:11Z" end-time="2020-10-05 16:46:11Z" duration="0.001667" asserts="2" />
              <test-case id="1-1590" name="GetCleanTsString_NullTsString" fullname="SIL.LCModel.Core.Text.TsStringUtilsTests.GetCleanTsString_NullTsString" methodname="GetCleanTsString_NullTsString" classname="SIL.LCModel.Core.Text.TsStringUtilsTests" runstate="Runnable" seed="246473011" result="Passed" start-time="2020-10-05 16:46:11Z" end-time="2020-10-05 16:46:11Z" duration="0.000225" asserts="1" />
              <test-case id="1-1585" name="GetCleanTsString_NumbersWithinSpaces" fullname="SIL.LCModel.Core.Text.TsStringUtilsTests.GetCleanTsString_NumbersWithinSpaces" methodname="GetCleanTsString_NumbersWithinSpaces" classname="SIL.LCModel.Core.Text.TsStringUtilsTests" runstate="Runnable" seed="1359917158" result="Passed" start-time="2020-10-05 16:46:11Z" end-time="2020-10-05 16:46:11Z" duration="0.000423" asserts="3" />
              <test-case id="1-1586" name="GetCleanTsString_SingleSpace" fullname="SIL.LCModel.Core.Text.TsStringUtilsTests.GetCleanTsString_SingleSpace" methodname="GetCleanTsString_SingleSpace" classname="SIL.LCModel.Core.Text.TsStringUtilsTests" runstate="Runnable" seed="1735709314" result="Passed" start-time="2020-10-05 16:46:11Z" end-time="2020-10-05 16:46:11Z" duration="0.000109" asserts="1" />
              <test-case id="1-1589" name="GetCleanTsString_SingleUnknownORC_Preserve" fullname="SIL.LCModel.Core.Text.TsStringUtilsTests.GetCleanTsString_SingleUnknownORC_Preserve" methodname="GetCleanTsString_SingleUnknownORC_Preserve" classname="SIL.LCModel.Core.Text.TsStringUtilsTests" runstate="Runnable" seed="1408856669" result="Passed" start-time="2020-10-05 16:46:11Z" end-time="2020-10-05 16:46:11Z" duration="0.000576" asserts="3" />
              <test-case id="1-1588" name="GetCleanTsString_SingleUnknownORC_Remove" fullname="SIL.LCModel.Core.Text.TsStringUtilsTests.GetCleanTsString_SingleUnknownORC_Remove" methodname="GetCleanTsString_SingleUnknownORC_Remove" classname="SIL.LCModel.Core.Text.TsStringUtilsTests" runstate="Runnable" seed="193002179" result="Passed" start-time="2020-10-05 16:46:11Z" end-time="2020-10-05 16:46:11Z" duration="0.000157" asserts="2" />
              <test-case id="1-1584" name="GetCleanTsString_TssHasORCs" fullname="SIL.LCModel.Core.Text.TsStringUtilsTests.GetCleanTsString_TssHasORCs" methodname="GetCleanTsString_TssHasORCs" classname="SIL.LCModel.Core.Text.TsStringUtilsTests" runstate="Runnable" seed="323722022" result="Passed" start-time="2020-10-05 16:46:11Z" end-time="2020-10-05 16:46:11Z" duration="0.000380" asserts="5" />
              <test-case id="1-1594" name="GetGuidFromRun_NoORC" fullname="SIL.LCModel.Core.Text.TsStringUtilsTests.GetGuidFromRun_NoORC" methodname="GetGuidFromRun_NoORC" classname="SIL.LCModel.Core.Text.TsStringUtilsTests" runstate="Runnable" seed="569535214" result="Passed" start-time="2020-10-05 16:46:11Z" end-time="2020-10-05 16:46:11Z" duration="0.000224" asserts="1" />
              <test-case id="1-1591" name="GetGuidFromRun_ORCDoesNotMatchSpecifiedType" fullname="SIL.LCModel.Core.Text.TsStringUtilsTests.GetGuidFromRun_ORCDoesNotMatchSpecifiedType" methodname="GetGuidFromRun_ORCDoesNotMatchSpecifiedType" classname="SIL.LCModel.Core.Text.TsStringUtilsTests" runstate="Runnable" seed="1850204217" result="Passed" start-time="2020-10-05 16:46:11Z" end-time="2020-10-05 16:46:11Z" duration="0.000733" asserts="1" />
              <test-case id="1-1582" name="GetGuidFromRun_ORCMatchesSpecifiedType" fullname="SIL.LCModel.Core.Text.TsStringUtilsTests.GetGuidFromRun_ORCMatchesSpecifiedType" methodname="GetGuidFromRun_ORCMatchesSpecifiedType" classname="SIL.LCModel.Core.Text.TsStringUtilsTests" runstate="Runnable" seed="897443892" result="Passed" start-time="2020-10-05 16:46:11Z" end-time="2020-10-05 16:46:11Z" duration="0.000265" asserts="2" />
              <test-case id="1-1592" name="GetGuidFromRun_WithOwningORC" fullname="SIL.LCModel.Core.Text.TsStringUtilsTests.GetGuidFromRun_WithOwningORC" methodname="GetGuidFromRun_WithOwningORC" classname="SIL.LCModel.Core.Text.TsStringUtilsTests" runstate="Runnable" seed="360170745" result="Passed" start-time="2020-10-05 16:46:11Z" end-time="2020-10-05 16:46:11Z" duration="0.000212" asserts="2" />
              <test-case id="1-1593" name="GetGuidFromRun_WithRefORC" fullname="SIL.LCModel.Core.Text.TsStringUtilsTests.GetGuidFromRun_WithRefORC" methodname="GetGuidFromRun_WithRefORC" classname="SIL.LCModel.Core.Text.TsStringUtilsTests" runstate="Runnable" seed="1757218166" result="Passed" start-time="2020-10-05 16:46:11Z" end-time="2020-10-05 16:46:11Z" duration="0.000202" asserts="2" />
              <test-case id="1-1581" name="GetOwnedGuidFromRun_ORCForUnownedObject" fullname="SIL.LCModel.Core.Text.TsStringUtilsTests.GetOwnedGuidFromRun_ORCForUnownedObject" methodname="GetOwnedGuidFromRun_ORCForUnownedObject" classname="SIL.LCModel.Core.Text.TsStringUtilsTests" runstate="Runnable" seed="1335436982" result="Passed" start-time="2020-10-05 16:46:11Z" end-time="2020-10-05 16:46:11Z" duration="0.000305" asserts="2" />
              <test-case id="1-1580" name="GetOwnedGuidFromRun_WithGuidMoveableObjDispORC" fullname="SIL.LCModel.Core.Text.TsStringUtilsTests.GetOwnedGuidFromRun_WithGuidMoveableObjDispORC" methodname="GetOwnedGuidFromRun_WithGuidMoveableObjDispORC" classname="SIL.LCModel.Core.Text.TsStringUtilsTests" runstate="Runnable" seed="645039420" result="Passed" start-time="2020-10-05 16:46:11Z" end-time="2020-10-05 16:46:11Z" duration="0.000224" asserts="3" />
              <test-case id="1-1579" name="GetOwnedGuidFromRun_WithOwnNameGuidHotORC" fullname="SIL.LCModel.Core.Text.TsStringUtilsTests.GetOwnedGuidFromRun_WithOwnNameGuidHotORC" methodname="GetOwnedGuidFromRun_WithOwnNameGuidHotORC" classname="SIL.LCModel.Core.Text.TsStringUtilsTests" runstate="Runnable" seed="866432664" result="Passed" start-time="2020-10-05 16:46:11Z" end-time="2020-10-05 16:46:11Z" duration="0.000219" asserts="3" />
              <test-case id="1-1583" name="GetOwnedORCs_TssHasORCs" fullname="SIL.LCModel.Core.Text.TsStringUtilsTests.GetOwnedORCs_TssHasORCs" methodname="GetOwnedORCs_TssHasORCs" classname="SIL.LCModel.Core.Text.TsStringUtilsTests" runstate="Runnable" seed="760945015" result="Passed" start-time="2020-10-05 16:46:11Z" end-time="2020-10-05 16:46:11Z" duration="0.000611" asserts="8" />
              <test-case id="1-1671" name="GetXmlRep_EmptyTss" fullname="SIL.LCModel.Core.Text.TsStringUtilsTests.GetXmlRep_EmptyTss" methodname="GetXmlRep_EmptyTss" classname="SIL.LCModel.Core.Text.TsStringUtilsTests" runstate="Runnable" seed="384432982" result="Passed" start-time="2020-10-05 16:46:11Z" end-time="2020-10-05 16:46:11Z" duration="0.000252" asserts="4" />
              <test-case id="1-1651" name="IsValidChar_MultipleBaseCharsThatComposeIntoASingleBaseChar" fullname="SIL.LCModel.Core.Text.TsStringUtilsTests.IsValidChar_MultipleBaseCharsThatComposeIntoASingleBaseChar" methodname="IsValidChar_MultipleBaseCharsThatComposeIntoASingleBaseChar" classname="SIL.LCModel.Core.Text.TsStringUtilsTests" runstate="Runnable" seed="1663865055" result="Passed" start-time="2020-10-05 16:46:11Z" end-time="2020-10-05 16:46:11Z" duration="0.000444" asserts="1" />
              <test-case id="1-1650" name="IsValidChar_SingleBaseCharThatDecomposesIntoMultipleBaseChars" fullname="SIL.LCModel.Core.Text.TsStringUtilsTests.IsValidChar_SingleBaseCharThatDecomposesIntoMultipleBaseChars" methodname="IsValidChar_SingleBaseCharThatDecomposesIntoMultipleBaseChars" classname="SIL.LCModel.Core.Text.TsStringUtilsTests" runstate="Runnable" seed="1943183730" result="Passed" start-time="2020-10-05 16:46:11Z" end-time="2020-10-05 16:46:11Z" duration="0.000089" asserts="1" />
              <test-case id="1-1664" name="LastWord_MultipleRuns" fullname="SIL.LCModel.Core.Text.TsStringUtilsTests.LastWord_MultipleRuns" methodname="LastWord_MultipleRuns" classname="SIL.LCModel.Core.Text.TsStringUtilsTests" runstate="Runnable" seed="780627772" result="Passed" start-time="2020-10-05 16:46:11Z" end-time="2020-10-05 16:46:11Z" duration="0.000564" asserts="1" />
              <test-case id="1-1663" name="LastWord_OneRun" fullname="SIL.LCModel.Core.Text.TsStringUtilsTests.LastWord_OneRun" methodname="LastWord_OneRun" classname="SIL.LCModel.Core.Text.TsStringUtilsTests" runstate="Runnable" seed="1132970550" result="Passed" start-time="2020-10-05 16:46:11Z" end-time="2020-10-05 16:46:11Z" duration="0.000118" asserts="2" />
              <test-case id="1-1665" name="LastWord_TrailingSpaceInDifferentRun" fullname="SIL.LCModel.Core.Text.TsStringUtilsTests.LastWord_TrailingSpaceInDifferentRun" methodname="LastWord_TrailingSpaceInDifferentRun" classname="SIL.LCModel.Core.Text.TsStringUtilsTests" runstate="Runnable" seed="1549313875" result="Passed" start-time="2020-10-05 16:46:11Z" end-time="2020-10-05 16:46:11Z" duration="0.000127" asserts="1" />
              <test-case id="1-1666" name="ObjDataCorrect" fullname="SIL.LCModel.Core.Text.TsStringUtilsTests.ObjDataCorrect" methodname="ObjDataCorrect" classname="SIL.LCModel.Core.Text.TsStringUtilsTests" runstate="Runnable" seed="1930996605" result="Passed" start-time="2020-10-05 16:46:11Z" end-time="2020-10-05 16:46:11Z" duration="0.000143" asserts="2" />
              <test-case id="1-1658" name="ParseCharString_BogusCharacter" fullname="SIL.LCModel.Core.Text.TsStringUtilsTests.ParseCharString_BogusCharacter" methodname="ParseCharString_BogusCharacter" classname="SIL.LCModel.Core.Text.TsStringUtilsTests" runstate="Runnable" seed="843864430" result="Passed" start-time="2020-10-05 16:46:11Z" end-time="2020-10-05 16:46:11Z" duration="0.000732" asserts="3" />
              <test-case id="1-1659" name="ParseCharString_BogusDigraph" fullname="SIL.LCModel.Core.Text.TsStringUtilsTests.ParseCharString_BogusDigraph" methodname="ParseCharString_BogusDigraph" classname="SIL.LCModel.Core.Text.TsStringUtilsTests" runstate="Runnable" seed="1543259781" result="Passed" start-time="2020-10-05 16:46:11Z" end-time="2020-10-05 16:46:11Z" duration="0.000204" asserts="6" />
              <test-case id="1-1660" name="ParseCharString_IgnoreDigraph" fullname="SIL.LCModel.Core.Text.TsStringUtilsTests.ParseCharString_IgnoreDigraph" methodname="ParseCharString_IgnoreDigraph" classname="SIL.LCModel.Core.Text.TsStringUtilsTests" runstate="Runnable" seed="883672440" result="Passed" start-time="2020-10-05 16:46:11Z" end-time="2020-10-05 16:46:11Z" duration="0.000160" asserts="3" />
              <test-case id="1-1657" name="ParseCharString_LeadingSpace" fullname="SIL.LCModel.Core.Text.TsStringUtilsTests.ParseCharString_LeadingSpace" methodname="ParseCharString_LeadingSpace" classname="SIL.LCModel.Core.Text.TsStringUtilsTests" runstate="Runnable" seed="1141190472" result="Passed" start-time="2020-10-05 16:46:11Z" end-time="2020-10-05 16:46:11Z" duration="0.000166" asserts="5" />
              <test-case id="1-1656" name="ParseCharString_Simple" fullname="SIL.LCModel.Core.Text.TsStringUtilsTests.ParseCharString_Simple" methodname="ParseCharString_Simple" classname="SIL.LCModel.Core.Text.TsStringUtilsTests" runstate="Runnable" seed="1398733379" result="Passed" start-time="2020-10-05 16:46:11Z" end-time="2020-10-05 16:46:11Z" duration="0.000236" asserts="5" />
              <test-case id="1-1672" name="RemoveIllegalXmlChars" fullname="SIL.LCModel.Core.Text.TsStringUtilsTests.RemoveIllegalXmlChars" methodname="RemoveIllegalXmlChars" classname="SIL.LCModel.Core.Text.TsStringUtilsTests" runstate="Runnable" seed="328163557" result="Passed" start-time="2020-10-05 16:46:11Z" end-time="2020-10-05 16:46:11Z" duration="0.000983" asserts="10" />
              <test-case id="1-1600" name="RemoveIntProp" fullname="SIL.LCModel.Core.Text.TsStringUtilsTests.RemoveIntProp" methodname="RemoveIntProp" classname="SIL.LCModel.Core.Text.TsStringUtilsTests" runstate="Runnable" seed="1899661323" result="Passed" start-time="2020-10-05 16:46:11Z" end-time="2020-10-05 16:46:11Z" duration="0.000599" asserts="5" />
              <test-case id="1-1601" name="RemoveIntProp_EmptyTss" fullname="SIL.LCModel.Core.Text.TsStringUtilsTests.RemoveIntProp_EmptyTss" methodname="RemoveIntProp_EmptyTss" classname="SIL.LCModel.Core.Text.TsStringUtilsTests" runstate="Runnable" seed="1958492428" result="Passed" start-time="2020-10-05 16:46:11Z" end-time="2020-10-05 16:46:11Z" duration="0.000323" asserts="5" />
              <test-case id="1-1602" name="TrimNonWordFormingCharsTest" fullname="SIL.LCModel.Core.Text.TsStringUtilsTests.TrimNonWordFormingCharsTest" methodname="TrimNonWordFormingCharsTest" classname="SIL.LCModel.Core.Text.TsStringUtilsTests" runstate="Runnable" seed="2062439949" result="Passed" start-time="2020-10-05 16:46:11Z" end-time="2020-10-05 16:46:11Z" duration="0.000640" asserts="11" />
              <test-case id="1-1605" name="TrimNonWordFormingCharsTest_AtEnd" fullname="SIL.LCModel.Core.Text.TsStringUtilsTests.TrimNonWordFormingCharsTest_AtEnd" methodname="TrimNonWordFormingCharsTest_AtEnd" classname="SIL.LCModel.Core.Text.TsStringUtilsTests" runstate="Runnable" seed="325824372" result="Passed" start-time="2020-10-05 16:46:11Z" end-time="2020-10-05 16:46:11Z" duration="0.000319" asserts="9" />
              <test-case id="1-1604" name="TrimNonWordFormingCharsTest_AtStart" fullname="SIL.LCModel.Core.Text.TsStringUtilsTests.TrimNonWordFormingCharsTest_AtStart" methodname="TrimNonWordFormingCharsTest_AtStart" classname="SIL.LCModel.Core.Text.TsStringUtilsTests" runstate="Runnable" seed="932435555" result="Passed" start-time="2020-10-05 16:46:11Z" end-time="2020-10-05 16:46:11Z" duration="0.000188" asserts="8" />
              <test-case id="1-1603" name="TrimNonWordFormingCharsTest_WithNewLine" fullname="SIL.LCModel.Core.Text.TsStringUtilsTests.TrimNonWordFormingCharsTest_WithNewLine" methodname="TrimNonWordFormingCharsTest_WithNewLine" classname="SIL.LCModel.Core.Text.TsStringUtilsTests" runstate="Runnable" seed="1973636253" result="Passed" start-time="2020-10-05 16:46:11Z" end-time="2020-10-05 16:46:11Z" duration="0.000140" asserts="1" />
              <test-case id="1-1599" name="TurnOwnedOrcIntoUnownedOrc_NoOrc" fullname="SIL.LCModel.Core.Text.TsStringUtilsTests.TurnOwnedOrcIntoUnownedOrc_NoOrc" methodname="TurnOwnedOrcIntoUnownedOrc_NoOrc" classname="SIL.LCModel.Core.Text.TsStringUtilsTests" runstate="Runnable" seed="432709560" result="Passed" start-time="2020-10-05 16:46:11Z" end-time="2020-10-05 16:46:11Z" duration="0.000320" asserts="4" />
              <test-case id="1-1596" name="TurnOwnedOrcIntoUnownedOrc_OwnedOrc_DifferentRun" fullname="SIL.LCModel.Core.Text.TsStringUtilsTests.TurnOwnedOrcIntoUnownedOrc_OwnedOrc_DifferentRun" methodname="TurnOwnedOrcIntoUnownedOrc_OwnedOrc_DifferentRun" classname="SIL.LCModel.Core.Text.TsStringUtilsTests" runstate="Runnable" seed="1265407992" result="Passed" start-time="2020-10-05 16:46:11Z" end-time="2020-10-05 16:46:11Z" duration="0.000586" asserts="8" />
              <test-case id="1-1595" name="TurnOwnedOrcIntoUnownedOrc_OwnedOrc_Run0" fullname="SIL.LCModel.Core.Text.TsStringUtilsTests.TurnOwnedOrcIntoUnownedOrc_OwnedOrc_Run0" methodname="TurnOwnedOrcIntoUnownedOrc_OwnedOrc_Run0" classname="SIL.LCModel.Core.Text.TsStringUtilsTests" runstate="Runnable" seed="507493771" result="Passed" start-time="2020-10-05 16:46:11Z" end-time="2020-10-05 16:46:11Z" duration="0.000457" asserts="6" />
              <test-case id="1-1598" name="TurnOwnedOrcIntoUnownedOrc_PictureOrc" fullname="SIL.LCModel.Core.Text.TsStringUtilsTests.TurnOwnedOrcIntoUnownedOrc_PictureOrc" methodname="TurnOwnedOrcIntoUnownedOrc_PictureOrc" classname="SIL.LCModel.Core.Text.TsStringUtilsTests" runstate="Runnable" seed="1263873883" result="Passed" start-time="2020-10-05 16:46:11Z" end-time="2020-10-05 16:46:11Z" duration="0.000311" asserts="6" />
              <test-case id="1-1597" name="TurnOwnedOrcIntoUnownedOrc_UnownedOrc" fullname="SIL.LCModel.Core.Text.TsStringUtilsTests.TurnOwnedOrcIntoUnownedOrc_UnownedOrc" methodname="TurnOwnedOrcIntoUnownedOrc_UnownedOrc" classname="SIL.LCModel.Core.Text.TsStringUtilsTests" runstate="Runnable" seed="388407812" result="Passed" start-time="2020-10-05 16:46:11Z" end-time="2020-10-05 16:46:11Z" duration="0.000302" asserts="6" />
              <test-case id="1-1654" name="ValidateCharacterSequence_AllowZwnj" fullname="SIL.LCModel.Core.Text.TsStringUtilsTests.ValidateCharacterSequence_AllowZwnj" methodname="ValidateCharacterSequence_AllowZwnj" classname="SIL.LCModel.Core.Text.TsStringUtilsTests" runstate="Runnable" seed="134161160" result="Passed" start-time="2020-10-05 16:46:11Z" end-time="2020-10-05 16:46:11Z" duration="0.000074" asserts="1" />
              <test-case id="1-1655" name="ValidateCharacterSequence_AllowZwnjAndZwj" fullname="SIL.LCModel.Core.Text.TsStringUtilsTests.ValidateCharacterSequence_AllowZwnjAndZwj" methodname="ValidateCharacterSequence_AllowZwnjAndZwj" classname="SIL.LCModel.Core.Text.TsStringUtilsTests" runstate="Runnable" seed="1876848636" result="Passed" start-time="2020-10-05 16:46:11Z" end-time="2020-10-05 16:46:11Z" duration="0.000067" asserts="1" />
              <test-case id="1-1644" name="ValidateCharacterSequence_BaseCharacterPlusDiacritic" fullname="SIL.LCModel.Core.Text.TsStringUtilsTests.ValidateCharacterSequence_BaseCharacterPlusDiacritic" methodname="ValidateCharacterSequence_BaseCharacterPlusDiacritic" classname="SIL.LCModel.Core.Text.TsStringUtilsTests" runstate="Runnable" seed="2099934809" result="Passed" start-time="2020-10-05 16:46:11Z" end-time="2020-10-05 16:46:11Z" duration="0.000069" asserts="1" />
              <test-case id="1-1645" name="ValidateCharacterSequence_BaseCharacterPlusMultipleDiacritics" fullname="SIL.LCModel.Core.Text.TsStringUtilsTests.ValidateCharacterSequence_BaseCharacterPlusMultipleDiacritics" methodname="ValidateCharacterSequence_BaseCharacterPlusMultipleDiacritics" classname="SIL.LCModel.Core.Text.TsStringUtilsTests" runstate="Runnable" seed="538995162" result="Passed" start-time="2020-10-05 16:46:11Z" end-time="2020-10-05 16:46:11Z" duration="0.000074" asserts="1" />
              <test-case id="1-1648" name="ValidateCharacterSequence_DiacriticBeforeLetter" fullname="SIL.LCModel.Core.Text.TsStringUtilsTests.ValidateCharacterSequence_DiacriticBeforeLetter" methodname="ValidateCharacterSequence_DiacriticBeforeLetter" classname="SIL.LCModel.Core.Text.TsStringUtilsTests" runstate="Runnable" seed="300920476" result="Passed" start-time="2020-10-05 16:46:11Z" end-time="2020-10-05 16:46:11Z" duration="0.000061" asserts="1" />
              <test-case id="1-1652" name="ValidateCharacterSequence_MultipleBaseCharsJoinedByZWJ" fullname="SIL.LCModel.Core.Text.TsStringUtilsTests.ValidateCharacterSequence_MultipleBaseCharsJoinedByZWJ" methodname="ValidateCharacterSequence_MultipleBaseCharsJoinedByZWJ" classname="SIL.LCModel.Core.Text.TsStringUtilsTests" runstate="Runnable" seed="119752446" result="Passed" start-time="2020-10-05 16:46:11Z" end-time="2020-10-05 16:46:11Z" duration="0.000060" asserts="1" />
              <test-case id="1-1653" name="ValidateCharacterSequence_MultipleBaseCharsJoinedByZWNJ" fullname="SIL.LCModel.Core.Text.TsStringUtilsTests.ValidateCharacterSequence_MultipleBaseCharsJoinedByZWNJ" methodname="ValidateCharacterSequence_MultipleBaseCharsJoinedByZWNJ" classname="SIL.LCModel.Core.Text.TsStringUtilsTests" runstate="Runnable" seed="1540115403" result="Passed" start-time="2020-10-05 16:46:11Z" end-time="2020-10-05 16:46:11Z" duration="0.000058" asserts="1" />
              <test-case id="1-1649" name="ValidateCharacterSequence_MultipleBaseCharsThatComposeIntoASingleBaseChar" fullname="SIL.LCModel.Core.Text.TsStringUtilsTests.ValidateCharacterSequence_MultipleBaseCharsThatComposeIntoASingleBaseChar" methodname="ValidateCharacterSequence_MultipleBaseCharsThatComposeIntoASingleBaseChar" classname="SIL.LCModel.Core.Text.TsStringUtilsTests" runstate="Runnable" seed="1703394008" result="Passed" start-time="2020-10-05 16:46:11Z" end-time="2020-10-05 16:46:11Z" duration="0.000063" asserts="1" />
              <test-case id="1-1647" name="ValidateCharacterSequence_MultipleLetters" fullname="SIL.LCModel.Core.Text.TsStringUtilsTests.ValidateCharacterSequence_MultipleLetters" methodname="ValidateCharacterSequence_MultipleLetters" classname="SIL.LCModel.Core.Text.TsStringUtilsTests" runstate="Runnable" seed="1142503590" result="Passed" start-time="2020-10-05 16:46:11Z" end-time="2020-10-05 16:46:11Z" duration="0.000068" asserts="1" />
              <test-case id="1-1646" name="ValidateCharacterSequence_SingleDiacritic" fullname="SIL.LCModel.Core.Text.TsStringUtilsTests.ValidateCharacterSequence_SingleDiacritic" methodname="ValidateCharacterSequence_SingleDiacritic" classname="SIL.LCModel.Core.Text.TsStringUtilsTests" runstate="Runnable" seed="2043469111" result="Passed" start-time="2020-10-05 16:46:11Z" end-time="2020-10-05 16:46:11Z" duration="0.000063" asserts="1" />
              <test-case id="1-1637" name="ValidateCharacterSequence_SingleFormatCharacter" fullname="SIL.LCModel.Core.Text.TsStringUtilsTests.ValidateCharacterSequence_SingleFormatCharacter" methodname="ValidateCharacterSequence_SingleFormatCharacter" classname="SIL.LCModel.Core.Text.TsStringUtilsTests" runstate="Runnable" seed="53057154" result="Passed" start-time="2020-10-05 16:46:11Z" end-time="2020-10-05 16:46:11Z" duration="0.000057" asserts="1" />
              <test-case id="1-1638" name="ValidateCharacterSequence_SingleLetter" fullname="SIL.LCModel.Core.Text.TsStringUtilsTests.ValidateCharacterSequence_SingleLetter" methodname="ValidateCharacterSequence_SingleLetter" classname="SIL.LCModel.Core.Text.TsStringUtilsTests" runstate="Runnable" seed="1813909409" result="Passed" start-time="2020-10-05 16:46:11Z" end-time="2020-10-05 16:46:11Z" duration="0.000058" asserts="1" />
              <test-case id="1-1635" name="ValidateCharacterSequence_SingleLineSeparator" fullname="SIL.LCModel.Core.Text.TsStringUtilsTests.ValidateCharacterSequence_SingleLineSeparator" methodname="ValidateCharacterSequence_SingleLineSeparator" classname="SIL.LCModel.Core.Text.TsStringUtilsTests" runstate="Runnable" seed="764979304" result="Passed" start-time="2020-10-05 16:46:11Z" end-time="2020-10-05 16:46:11Z" duration="0.000057" asserts="1" />
              <test-case id="1-1639" name="ValidateCharacterSequence_SingleNumber" fullname="SIL.LCModel.Core.Text.TsStringUtilsTests.ValidateCharacterSequence_SingleNumber" methodname="ValidateCharacterSequence_SingleNumber" classname="SIL.LCModel.Core.Text.TsStringUtilsTests" runstate="Runnable" seed="1945985841" result="Passed" start-time="2020-10-05 16:46:11Z" end-time="2020-10-05 16:46:11Z" duration="0.000056" asserts="1" />
              <test-case id="1-1640" name="ValidateCharacterSequence_SinglePUA" fullname="SIL.LCModel.Core.Text.TsStringUtilsTests.ValidateCharacterSequence_SinglePUA" methodname="ValidateCharacterSequence_SinglePUA" classname="SIL.LCModel.Core.Text.TsStringUtilsTests" runstate="Runnable" seed="332211435" result="Passed" start-time="2020-10-05 16:46:11Z" end-time="2020-10-05 16:46:11Z" duration="0.000059" asserts="1" />
              <test-case id="1-1642" name="ValidateCharacterSequence_SinglePunctuation" fullname="SIL.LCModel.Core.Text.TsStringUtilsTests.ValidateCharacterSequence_SinglePunctuation" methodname="ValidateCharacterSequence_SinglePunctuation" classname="SIL.LCModel.Core.Text.TsStringUtilsTests" runstate="Runnable" seed="1336592078" result="Passed" start-time="2020-10-05 16:46:11Z" end-time="2020-10-05 16:46:11Z" duration="0.000058" asserts="1" />
              <test-case id="1-1636" name="ValidateCharacterSequence_SingleSpace" fullname="SIL.LCModel.Core.Text.TsStringUtilsTests.ValidateCharacterSequence_SingleSpace" methodname="ValidateCharacterSequence_SingleSpace" classname="SIL.LCModel.Core.Text.TsStringUtilsTests" runstate="Runnable" seed="1776067355" result="Passed" start-time="2020-10-05 16:46:11Z" end-time="2020-10-05 16:46:11Z" duration="0.000057" asserts="1" />
              <test-case id="1-1643" name="ValidateCharacterSequence_SingleSymbol" fullname="SIL.LCModel.Core.Text.TsStringUtilsTests.ValidateCharacterSequence_SingleSymbol" methodname="ValidateCharacterSequence_SingleSymbol" classname="SIL.LCModel.Core.Text.TsStringUtilsTests" runstate="Runnable" seed="1450615030" result="Passed" start-time="2020-10-05 16:46:11Z" end-time="2020-10-05 16:46:11Z" duration="0.000066" asserts="1" />
              <test-case id="1-1641" name="ValidateCharacterSequence_SingleUndefinedChar" fullname="SIL.LCModel.Core.Text.TsStringUtilsTests.ValidateCharacterSequence_SingleUndefinedChar" methodname="ValidateCharacterSequence_SingleUndefinedChar" classname="SIL.LCModel.Core.Text.TsStringUtilsTests" runstate="Runnable" seed="424114011" result="Passed" start-time="2020-10-05 16:46:11Z" end-time="2020-10-05 16:46:11Z" duration="0.000060" asserts="1" />
              <test-case id="1-1662" name="Words_MultipleRuns" fullname="SIL.LCModel.Core.Text.TsStringUtilsTests.Words_MultipleRuns" methodname="Words_MultipleRuns" classname="SIL.LCModel.Core.Text.TsStringUtilsTests" runstate="Runnable" seed="1083651565" result="Passed" start-time="2020-10-05 16:46:11Z" end-time="2020-10-05 16:46:11Z" duration="0.001278" asserts="4" />
              <test-case id="1-1661" name="Words_OneRun" fullname="SIL.LCModel.Core.Text.TsStringUtilsTests.Words_OneRun" methodname="Words_OneRun" classname="SIL.LCModel.Core.Text.TsStringUtilsTests" runstate="Runnable" seed="1623612080" result="Passed" start-time="2020-10-05 16:46:11Z" end-time="2020-10-05 16:46:11Z" duration="0.000215" asserts="4" />
              <test-case id="1-1633" name="WriteHref_File" fullname="SIL.LCModel.Core.Text.TsStringUtilsTests.WriteHref_File" methodname="WriteHref_File" classname="SIL.LCModel.Core.Text.TsStringUtilsTests" runstate="Runnable" seed="471599535" result="Passed" start-time="2020-10-05 16:46:11Z" end-time="2020-10-05 16:46:11Z" duration="0.001054" asserts="2" />
              <test-case id="1-1634" name="WriteHref_NormalURL" fullname="SIL.LCModel.Core.Text.TsStringUtilsTests.WriteHref_NormalURL" methodname="WriteHref_NormalURL" classname="SIL.LCModel.Core.Text.TsStringUtilsTests" runstate="Runnable" seed="590893443" result="Passed" start-time="2020-10-05 16:46:11Z" end-time="2020-10-05 16:46:11Z" duration="0.000209" asserts="2" />
              <test-case id="1-1630" name="WriteHref_NoURL" fullname="SIL.LCModel.Core.Text.TsStringUtilsTests.WriteHref_NoURL" methodname="WriteHref_NoURL" classname="SIL.LCModel.Core.Text.TsStringUtilsTests" runstate="Runnable" seed="34393103" result="Passed" start-time="2020-10-05 16:46:11Z" end-time="2020-10-05 16:46:11Z" duration="0.000190" asserts="2" />
              <test-case id="1-1632" name="WriteHref_NullStringProp" fullname="SIL.LCModel.Core.Text.TsStringUtilsTests.WriteHref_NullStringProp" methodname="WriteHref_NullStringProp" classname="SIL.LCModel.Core.Text.TsStringUtilsTests" runstate="Runnable" seed="2029824506" result="Passed" start-time="2020-10-05 16:46:11Z" end-time="2020-10-05 16:46:11Z" duration="0.000140" asserts="2" />
              <test-case id="1-1631" name="WriteHref_WrongStringPropObjDataType" fullname="SIL.LCModel.Core.Text.TsStringUtilsTests.WriteHref_WrongStringPropObjDataType" methodname="WriteHref_WrongStringPropObjDataType" classname="SIL.LCModel.Core.Text.TsStringUtilsTests" runstate="Runnable" seed="861849424" result="Passed" start-time="2020-10-05 16:46:11Z" end-time="2020-10-05 16:46:11Z" duration="0.000161" asserts="2" />
              <test-case id="1-1629" name="WriteHref_WrongTextPropType" fullname="SIL.LCModel.Core.Text.TsStringUtilsTests.WriteHref_WrongTextPropType" methodname="WriteHref_WrongTextPropType" classname="SIL.LCModel.Core.Text.TsStringUtilsTests" runstate="Runnable" seed="1907712237" result="Passed" start-time="2020-10-05 16:46:11Z" end-time="2020-10-05 16:46:11Z" duration="0.000168" asserts="2" />
            </test-suite>
            <test-suite type="TestFixture" id="1-1673" name="TsTextPropsHelperTests" fullname="SIL.LCModel.Core.Text.TsTextPropsHelperTests" classname="SIL.LCModel.Core.Text.TsTextPropsHelperTests" runstate="Runnable" testcasecount="4" result="Passed" start-time="2020-10-05 16:46:11Z" end-time="2020-10-05 16:46:11Z" duration="0.001614" total="4" passed="4" failed="0" warnings="0" inconclusive="0" skipped="0" asserts="15">
              <test-case id="1-1674" name="PropsAreEqual" fullname="SIL.LCModel.Core.Text.TsTextPropsHelperTests.PropsAreEqual" methodname="PropsAreEqual" classname="SIL.LCModel.Core.Text.TsTextPropsHelperTests" runstate="Runnable" seed="205308970" result="Passed" start-time="2020-10-05 16:46:11Z" end-time="2020-10-05 16:46:11Z" duration="0.000204" asserts="3" />
              <test-case id="1-1677" name="PropsDifferByCount" fullname="SIL.LCModel.Core.Text.TsTextPropsHelperTests.PropsDifferByCount" methodname="PropsDifferByCount" classname="SIL.LCModel.Core.Text.TsTextPropsHelperTests" runstate="Runnable" seed="854146101" result="Passed" start-time="2020-10-05 16:46:11Z" end-time="2020-10-05 16:46:11Z" duration="0.000852" asserts="4" />
              <test-case id="1-1675" name="PropsDifferByIntProps" fullname="SIL.LCModel.Core.Text.TsTextPropsHelperTests.PropsDifferByIntProps" methodname="PropsDifferByIntProps" classname="SIL.LCModel.Core.Text.TsTextPropsHelperTests" runstate="Runnable" seed="1825358375" result="Passed" start-time="2020-10-05 16:46:11Z" end-time="2020-10-05 16:46:11Z" duration="0.000216" asserts="4" />
              <test-case id="1-1676" name="PropsDifferByStrProps" fullname="SIL.LCModel.Core.Text.TsTextPropsHelperTests.PropsDifferByStrProps" methodname="PropsDifferByStrProps" classname="SIL.LCModel.Core.Text.TsTextPropsHelperTests" runstate="Runnable" seed="1920158246" result="Passed" start-time="2020-10-05 16:46:11Z" end-time="2020-10-05 16:46:11Z" duration="0.000219" asserts="4" />
            </test-suite>
            <test-suite type="TestFixture" id="1-1678" name="TsTextPropsTests" fullname="SIL.LCModel.Core.Text.TsTextPropsTests" classname="SIL.LCModel.Core.Text.TsTextPropsTests" runstate="Runnable" testcasecount="17" result="Passed" start-time="2020-10-05 16:46:11Z" end-time="2020-10-05 16:46:11Z" duration="0.003567" total="17" passed="17" failed="0" warnings="0" inconclusive="0" skipped="0" asserts="27">
              <test-case id="1-1695" name="Equals_NotSame_ReturnsFalse" fullname="SIL.LCModel.Core.Text.TsTextPropsTests.Equals_NotSame_ReturnsFalse" methodname="Equals_NotSame_ReturnsFalse" classname="SIL.LCModel.Core.Text.TsTextPropsTests" runstate="Runnable" seed="1523963456" result="Passed" start-time="2020-10-05 16:46:11Z" end-time="2020-10-05 16:46:11Z" duration="0.000286" asserts="1" />
              <test-case id="1-1693" name="Equals_SameEmpty_ReturnsTrue" fullname="SIL.LCModel.Core.Text.TsTextPropsTests.Equals_SameEmpty_ReturnsTrue" methodname="Equals_SameEmpty_ReturnsTrue" classname="SIL.LCModel.Core.Text.TsTextPropsTests" runstate="Runnable" seed="1273197753" result="Passed" start-time="2020-10-05 16:46:11Z" end-time="2020-10-05 16:46:11Z" duration="0.000107" asserts="1" />
              <test-case id="1-1694" name="Equals_SameNonEmpty_ReturnsTrue" fullname="SIL.LCModel.Core.Text.TsTextPropsTests.Equals_SameNonEmpty_ReturnsTrue" methodname="Equals_SameNonEmpty_ReturnsTrue" classname="SIL.LCModel.Core.Text.TsTextPropsTests" runstate="Runnable" seed="1706713226" result="Passed" start-time="2020-10-05 16:46:11Z" end-time="2020-10-05 16:46:11Z" duration="0.000100" asserts="1" />
              <test-case id="1-1691" name="GetBldr_Empty_ReturnsBldrWithCorrectData" fullname="SIL.LCModel.Core.Text.TsTextPropsTests.GetBldr_Empty_ReturnsBldrWithCorrectData" methodname="GetBldr_Empty_ReturnsBldrWithCorrectData" classname="SIL.LCModel.Core.Text.TsTextPropsTests" runstate="Runnable" seed="1372645752" result="Passed" start-time="2020-10-05 16:46:11Z" end-time="2020-10-05 16:46:11Z" duration="0.000156" asserts="1" />
              <test-case id="1-1692" name="GetBldr_NonEmpty_ReturnsBldrWithCorrectData" fullname="SIL.LCModel.Core.Text.TsTextPropsTests.GetBldr_NonEmpty_ReturnsBldrWithCorrectData" methodname="GetBldr_NonEmpty_ReturnsBldrWithCorrectData" classname="SIL.LCModel.Core.Text.TsTextPropsTests" runstate="Runnable" seed="2139998056" result="Passed" start-time="2020-10-05 16:46:11Z" end-time="2020-10-05 16:46:11Z" duration="0.000132" asserts="1" />
              <test-case id="1-1682" name="GetIntProp_IndexOutOfRange_Throws" fullname="SIL.LCModel.Core.Text.TsTextPropsTests.GetIntProp_IndexOutOfRange_Throws" methodname="GetIntProp_IndexOutOfRange_Throws" classname="SIL.LCModel.Core.Text.TsTextPropsTests" runstate="Runnable" seed="1175664675" result="Passed" start-time="2020-10-05 16:46:11Z" end-time="2020-10-05 16:46:11Z" duration="0.000354" asserts="1" />
              <test-case id="1-1681" name="GetIntProp_ValidIndex_ReturnsCorrectValue" fullname="SIL.LCModel.Core.Text.TsTextPropsTests.GetIntProp_ValidIndex_ReturnsCorrectValue" methodname="GetIntProp_ValidIndex_ReturnsCorrectValue" classname="SIL.LCModel.Core.Text.TsTextPropsTests" runstate="Runnable" seed="265033588" result="Passed" start-time="2020-10-05 16:46:11Z" end-time="2020-10-05 16:46:11Z" duration="0.000310" asserts="6" />
              <test-case id="1-1684" name="GetIntPropValues_DoesNotExist_ReturnsNegativeOne" fullname="SIL.LCModel.Core.Text.TsTextPropsTests.GetIntPropValues_DoesNotExist_ReturnsNegativeOne" methodname="GetIntPropValues_DoesNotExist_ReturnsNegativeOne" classname="SIL.LCModel.Core.Text.TsTextPropsTests" runstate="Runnable" seed="1406506291" result="Passed" start-time="2020-10-05 16:46:11Z" end-time="2020-10-05 16:46:11Z" duration="0.000181" asserts="2" />
              <test-case id="1-1683" name="GetIntPropValues_Exists_ReturnsCorrectValue" fullname="SIL.LCModel.Core.Text.TsTextPropsTests.GetIntPropValues_Exists_ReturnsCorrectValue" methodname="GetIntPropValues_Exists_ReturnsCorrectValue" classname="SIL.LCModel.Core.Text.TsTextPropsTests" runstate="Runnable" seed="1254861950" result="Passed" start-time="2020-10-05 16:46:11Z" end-time="2020-10-05 16:46:11Z" duration="0.000161" asserts="2" />
              <test-case id="1-1688" name="GetStrProp_IndexOutOfRange_Throws" fullname="SIL.LCModel.Core.Text.TsTextPropsTests.GetStrProp_IndexOutOfRange_Throws" methodname="GetStrProp_IndexOutOfRange_Throws" classname="SIL.LCModel.Core.Text.TsTextPropsTests" runstate="Runnable" seed="2001026104" result="Passed" start-time="2020-10-05 16:46:11Z" end-time="2020-10-05 16:46:11Z" duration="0.000358" asserts="1" />
              <test-case id="1-1687" name="GetStrProp_ValidIndex_ReturnsCorrectValue" fullname="SIL.LCModel.Core.Text.TsTextPropsTests.GetStrProp_ValidIndex_ReturnsCorrectValue" methodname="GetStrProp_ValidIndex_ReturnsCorrectValue" classname="SIL.LCModel.Core.Text.TsTextPropsTests" runstate="Runnable" seed="1598493346" result="Passed" start-time="2020-10-05 16:46:11Z" end-time="2020-10-05 16:46:11Z" duration="0.000251" asserts="4" />
              <test-case id="1-1690" name="GetStrPropValue_DoesNotExist_ReturnsNull" fullname="SIL.LCModel.Core.Text.TsTextPropsTests.GetStrPropValue_DoesNotExist_ReturnsNull" methodname="GetStrPropValue_DoesNotExist_ReturnsNull" classname="SIL.LCModel.Core.Text.TsTextPropsTests" runstate="Runnable" seed="523825035" result="Passed" start-time="2020-10-05 16:46:11Z" end-time="2020-10-05 16:46:11Z" duration="0.000151" asserts="1" />
              <test-case id="1-1689" name="GetStrPropValue_Exists_ReturnsCorrectValue" fullname="SIL.LCModel.Core.Text.TsTextPropsTests.GetStrPropValue_Exists_ReturnsCorrectValue" methodname="GetStrPropValue_Exists_ReturnsCorrectValue" classname="SIL.LCModel.Core.Text.TsTextPropsTests" runstate="Runnable" seed="937561969" result="Passed" start-time="2020-10-05 16:46:11Z" end-time="2020-10-05 16:46:11Z" duration="0.000127" asserts="1" />
              <test-case id="1-1679" name="IntPropCount_Empty_ReturnsZero" fullname="SIL.LCModel.Core.Text.TsTextPropsTests.IntPropCount_Empty_ReturnsZero" methodname="IntPropCount_Empty_ReturnsZero" classname="SIL.LCModel.Core.Text.TsTextPropsTests" runstate="Runnable" seed="1111233594" result="Passed" start-time="2020-10-05 16:46:11Z" end-time="2020-10-05 16:46:11Z" duration="0.000143" asserts="1" />
              <test-case id="1-1680" name="IntPropCount_NonEmpty_ReturnsCorrectCount" fullname="SIL.LCModel.Core.Text.TsTextPropsTests.IntPropCount_NonEmpty_ReturnsCorrectCount" methodname="IntPropCount_NonEmpty_ReturnsCorrectCount" classname="SIL.LCModel.Core.Text.TsTextPropsTests" runstate="Runnable" seed="888132987" result="Passed" start-time="2020-10-05 16:46:11Z" end-time="2020-10-05 16:46:11Z" duration="0.000156" asserts="1" />
              <test-case id="1-1685" name="StrPropCount_Empty_ReturnsZero" fullname="SIL.LCModel.Core.Text.TsTextPropsTests.StrPropCount_Empty_ReturnsZero" methodname="StrPropCount_Empty_ReturnsZero" classname="SIL.LCModel.Core.Text.TsTextPropsTests" runstate="Runnable" seed="1909905249" result="Passed" start-time="2020-10-05 16:46:11Z" end-time="2020-10-05 16:46:11Z" duration="0.000153" asserts="1" />
              <test-case id="1-1686" name="StrPropCount_NonEmpty_ReturnsCorrectCount" fullname="SIL.LCModel.Core.Text.TsTextPropsTests.StrPropCount_NonEmpty_ReturnsCorrectCount" methodname="StrPropCount_NonEmpty_ReturnsCorrectCount" classname="SIL.LCModel.Core.Text.TsTextPropsTests" runstate="Runnable" seed="1337953962" result="Passed" start-time="2020-10-05 16:46:11Z" end-time="2020-10-05 16:46:11Z" duration="0.000144" asserts="1" />
            </test-suite>
            <test-suite type="TestFixture" id="1-1696" name="UcdCharacterTests" fullname="SIL.LCModel.Core.Text.UcdCharacterTests" classname="SIL.LCModel.Core.Text.UcdCharacterTests" runstate="Runnable" testcasecount="1" result="Passed" start-time="2020-10-05 16:46:11Z" end-time="2020-10-05 16:46:11Z" duration="0.000796" total="1" passed="1" failed="0" warnings="0" inconclusive="0" skipped="0" asserts="3">
              <test-case id="1-1697" name="CompareTo" fullname="SIL.LCModel.Core.Text.UcdCharacterTests.CompareTo" methodname="CompareTo" classname="SIL.LCModel.Core.Text.UcdCharacterTests" runstate="Runnable" seed="1538134905" result="Passed" start-time="2020-10-05 16:46:11Z" end-time="2020-10-05 16:46:11Z" duration="0.000704" asserts="3" />
            </test-suite>
            <test-suite type="TestFixture" id="1-1698" name="UcdComparerTest" fullname="SIL.LCModel.Core.Text.UcdComparerTest" classname="SIL.LCModel.Core.Text.UcdComparerTest" runstate="Runnable" testcasecount="6" result="Passed" start-time="2020-10-05 16:46:11Z" end-time="2020-10-05 16:46:11Z" duration="0.002052" total="6" passed="6" failed="0" warnings="0" inconclusive="0" skipped="0" asserts="17">
              <test-case id="1-1701" name="PuaWithPua" fullname="SIL.LCModel.Core.Text.UcdComparerTest.PuaWithPua" methodname="PuaWithPua" classname="SIL.LCModel.Core.Text.UcdComparerTest" runstate="Runnable" seed="1034093450" result="Passed" start-time="2020-10-05 16:46:11Z" end-time="2020-10-05 16:46:11Z" duration="0.000565" asserts="4" />
              <test-case id="1-1702" name="PuaWithString" fullname="SIL.LCModel.Core.Text.UcdComparerTest.PuaWithString" methodname="PuaWithString" classname="SIL.LCModel.Core.Text.UcdComparerTest" runstate="Runnable" seed="1200513973" result="Passed" start-time="2020-10-05 16:46:11Z" end-time="2020-10-05 16:46:11Z" duration="0.000162" asserts="2" />
              <test-case id="1-1704" name="StringWithString" fullname="SIL.LCModel.Core.Text.UcdComparerTest.StringWithString" methodname="StringWithString" classname="SIL.LCModel.Core.Text.UcdComparerTest" runstate="Runnable" seed="1739379157" result="Passed" start-time="2020-10-05 16:46:11Z" end-time="2020-10-05 16:46:11Z" duration="0.000295" asserts="1" />
              <test-case id="1-1703" name="UcdWithPua" fullname="SIL.LCModel.Core.Text.UcdComparerTest.UcdWithPua" methodname="UcdWithPua" classname="SIL.LCModel.Core.Text.UcdComparerTest" runstate="Runnable" seed="636014437" result="Passed" start-time="2020-10-05 16:46:11Z" end-time="2020-10-05 16:46:11Z" duration="0.000278" asserts="4" />
              <test-case id="1-1700" name="UcdWithString" fullname="SIL.LCModel.Core.Text.UcdComparerTest.UcdWithString" methodname="UcdWithString" classname="SIL.LCModel.Core.Text.UcdComparerTest" runstate="Runnable" seed="443793895" result="Passed" start-time="2020-10-05 16:46:11Z" end-time="2020-10-05 16:46:11Z" duration="0.000137" asserts="2" />
              <test-case id="1-1699" name="UcdWithUcd" fullname="SIL.LCModel.Core.Text.UcdComparerTest.UcdWithUcd" methodname="UcdWithUcd" classname="SIL.LCModel.Core.Text.UcdComparerTest" runstate="Runnable" seed="506086906" result="Passed" start-time="2020-10-05 16:46:11Z" end-time="2020-10-05 16:46:11Z" duration="0.000344" asserts="4" />
            </test-suite>
          </test-suite>
          <test-suite type="TestSuite" id="1-1817" name="WritingSystems" fullname="SIL.LCModel.Core.WritingSystems" runstate="Runnable" testcasecount="42" result="Passed" start-time="2020-10-05 16:46:09Z" end-time="2020-10-05 16:46:11Z" duration="1.694627" total="42" passed="42" failed="0" warnings="0" inconclusive="0" skipped="0" asserts="139">
            <test-suite type="TestFixture" id="1-1000" name="CoreWritingSystemDefinitionTests" fullname="SIL.LCModel.Core.WritingSystems.CoreWritingSystemDefinitionTests" classname="SIL.LCModel.Core.WritingSystems.CoreWritingSystemDefinitionTests" runstate="Runnable" testcasecount="8" result="Passed" start-time="2020-10-05 16:46:11Z" end-time="2020-10-05 16:46:11Z" duration="0.007604" total="8" passed="8" failed="0" warnings="0" inconclusive="0" skipped="0" asserts="8">
              <test-suite type="ParameterizedMethod" id="1-1009" name="CoreWritingDefinition_DisplayLabel" fullname="SIL.LCModel.Core.WritingSystems.CoreWritingSystemDefinitionTests.CoreWritingDefinition_DisplayLabel" classname="SIL.LCModel.Core.WritingSystems.CoreWritingSystemDefinitionTests" runstate="Runnable" testcasecount="8" result="Passed" start-time="2020-10-05 16:46:11Z" end-time="2020-10-05 16:46:11Z" duration="0.007505" total="8" passed="8" failed="0" warnings="0" inconclusive="0" skipped="0" asserts="8">
                <test-case id="1-1001" name="CoreWritingDefinition_DisplayLabel(&quot;en&quot;,&quot;English&quot;)" fullname="SIL.LCModel.Core.WritingSystems.CoreWritingSystemDefinitionTests.CoreWritingDefinition_DisplayLabel(&quot;en&quot;,&quot;English&quot;)" methodname="CoreWritingDefinition_DisplayLabel" classname="SIL.LCModel.Core.WritingSystems.CoreWritingSystemDefinitionTests" runstate="Runnable" seed="1044574116" result="Passed" start-time="2020-10-05 16:46:11Z" end-time="2020-10-05 16:46:11Z" duration="0.002264" asserts="1" />
                <test-case id="1-1002" name="CoreWritingDefinition_DisplayLabel(&quot;en-Arab&quot;,&quot;English \\(Arabic\\)&quot;)" fullname="SIL.LCModel.Core.WritingSystems.CoreWritingSystemDefinitionTests.CoreWritingDefinition_DisplayLabel(&quot;en-Arab&quot;,&quot;English \\(Arabic\\)&quot;)" methodname="CoreWritingDefinition_DisplayLabel" classname="SIL.LCModel.Core.WritingSystems.CoreWritingSystemDefinitionTests" runstate="Runnable" seed="1823682455" result="Passed" start-time="2020-10-05 16:46:11Z" end-time="2020-10-05 16:46:11Z" duration="0.000264" asserts="1" />
                <test-case id="1-1003" name="CoreWritingDefinition_DisplayLabel(&quot;en-Latn&quot;,&quot;English \\(Latin\\)&quot;)" fullname="SIL.LCModel.Core.WritingSystems.CoreWritingSystemDefinitionTests.CoreWritingDefinition_DisplayLabel(&quot;en-Latn&quot;,&quot;English \\(Latin\\)&quot;)" methodname="CoreWritingDefinition_DisplayLabel" classname="SIL.LCModel.Core.WritingSystems.CoreWritingSystemDefinitionTests" runstate="Runnable" seed="357290181" result="Passed" start-time="2020-10-05 16:46:11Z" end-time="2020-10-05 16:46:11Z" duration="0.000144" asserts="1" />
                <test-case id="1-1004" name="CoreWritingDefinition_DisplayLabel(&quot;en-Latn-US&quot;,&quot;English \\(Latin, United States\\)&quot;)" fullname="SIL.LCModel.Core.WritingSystems.CoreWritingSystemDefinitionTests.CoreWritingDefinition_DisplayLabel(&quot;en-Latn-US&quot;,&quot;English \\(Latin, United States\\)&quot;)" methodname="CoreWritingDefinition_DisplayLabel" classname="SIL.LCModel.Core.WritingSystems.CoreWritingSystemDefinitionTests" runstate="Runnable" seed="80562586" result="Passed" start-time="2020-10-05 16:46:11Z" end-time="2020-10-05 16:46:11Z" duration="0.000525" asserts="1" />
                <test-case id="1-1005" name="CoreWritingDefinition_DisplayLabel(&quot;en-Latn-US-x-special&quot;,&quot;English \\(Latin, United States, special\\)&quot;)" fullname="SIL.LCModel.Core.WritingSystems.CoreWritingSystemDefinitionTests.CoreWritingDefinition_DisplayLabel(&quot;en-Latn-US-x-special&quot;,&quot;English \\(Latin, United States, special\\)&quot;)" methodname="CoreWritingDefinition_DisplayLabel" classname="SIL.LCModel.Core.WritingSystems.CoreWritingSystemDefinitionTests" runstate="Runnable" seed="2089171332" result="Passed" start-time="2020-10-05 16:46:11Z" end-time="2020-10-05 16:46:11Z" duration="0.001827" asserts="1" />
                <test-case id="1-1006" name="CoreWritingDefinition_DisplayLabel(&quot;en-fonipa&quot;,&quot;English \\(International Phonetic Alphabet\\)&quot;)" fullname="SIL.LCModel.Core.WritingSystems.CoreWritingSystemDefinitionTests.CoreWritingDefinition_DisplayLabel(&quot;en-fonipa&quot;,&quot;English \\(International Phonetic Alphabet\\)&quot;)" methodname="CoreWritingDefinition_DisplayLabel" classname="SIL.LCModel.Core.WritingSystems.CoreWritingSystemDefinitionTests" runstate="Runnable" seed="1960067585" result="Passed" start-time="2020-10-05 16:46:11Z" end-time="2020-10-05 16:46:11Z" duration="0.001400" asserts="1" />
                <test-case id="1-1007" name="CoreWritingDefinition_DisplayLabel(&quot;en-Latn-fonipa&quot;,&quot;English \\(Latin, International Phonetic Alphabet\\)&quot;)" fullname="SIL.LCModel.Core.WritingSystems.CoreWritingSystemDefinitionTests.CoreWritingDefinition_DisplayLabel(&quot;en-Latn-fonipa&quot;,&quot;English \\(Latin, International Phonetic Alphabet\\)&quot;)" methodname="CoreWritingDefinition_DisplayLabel" classname="SIL.LCModel.Core.WritingSystems.CoreWritingSystemDefinitionTests" runstate="Runnable" seed="591486177" result="Passed" start-time="2020-10-05 16:46:11Z" end-time="2020-10-05 16:46:11Z" duration="0.000669" asserts="1" />
                <test-case id="1-1008" name="CoreWritingDefinition_DisplayLabel(&quot;en-Zxxx-x-audio&quot;,&quot;English \\(Audio\\)&quot;)" fullname="SIL.LCModel.Core.WritingSystems.CoreWritingSystemDefinitionTests.CoreWritingDefinition_DisplayLabel(&quot;en-Zxxx-x-audio&quot;,&quot;English \\(Audio\\)&quot;)" methodname="CoreWritingDefinition_DisplayLabel" classname="SIL.LCModel.Core.WritingSystems.CoreWritingSystemDefinitionTests" runstate="Runnable" seed="1075269412" result="Passed" start-time="2020-10-05 16:46:11Z" end-time="2020-10-05 16:46:11Z" duration="0.000235" asserts="1" />
              </test-suite>
            </test-suite>
            <test-suite type="TestFixture" id="1-1010" name="ValidCharactersTests" fullname="SIL.LCModel.Core.WritingSystems.ValidCharactersTests" classname="SIL.LCModel.Core.WritingSystems.ValidCharactersTests" runstate="Runnable" testcasecount="23" result="Passed" start-time="2020-10-05 16:46:11Z" end-time="2020-10-05 16:46:11Z" duration="0.121555" total="23" passed="23" failed="0" warnings="0" inconclusive="0" skipped="0" asserts="76">
              <test-case id="1-1019" name="AddCharacter_Duplicate" fullname="SIL.LCModel.Core.WritingSystems.ValidCharactersTests.AddCharacter_Duplicate" methodname="AddCharacter_Duplicate" classname="SIL.LCModel.Core.WritingSystems.ValidCharactersTests" runstate="Runnable" seed="1049681073" result="Passed" start-time="2020-10-05 16:46:11Z" end-time="2020-10-05 16:46:11Z" duration="0.017470" asserts="4" />
              <test-case id="1-1020" name="AddCharacter_DuplicateOfOverriddenWordFormingChar" fullname="SIL.LCModel.Core.WritingSystems.ValidCharactersTests.AddCharacter_DuplicateOfOverriddenWordFormingChar" methodname="AddCharacter_DuplicateOfOverriddenWordFormingChar" classname="SIL.LCModel.Core.WritingSystems.ValidCharactersTests" runstate="Runnable" seed="1283937834" result="Passed" start-time="2020-10-05 16:46:11Z" end-time="2020-10-05 16:46:11Z" duration="0.003992" asserts="11" />
              <test-case id="1-1021" name="AddCharacter_SuperscriptedToneNumber" fullname="SIL.LCModel.Core.WritingSystems.ValidCharactersTests.AddCharacter_SuperscriptedToneNumber" methodname="AddCharacter_SuperscriptedToneNumber" classname="SIL.LCModel.Core.WritingSystems.ValidCharactersTests" runstate="Runnable" seed="806818044" result="Passed" start-time="2020-10-05 16:46:11Z" end-time="2020-10-05 16:46:11Z" duration="0.005903" asserts="4" />
              <test-suite type="ParameterizedMethod" id="1-1031" name="GetNaturalCharType" fullname="SIL.LCModel.Core.WritingSystems.ValidCharactersTests.GetNaturalCharType" classname="SIL.LCModel.Core.WritingSystems.ValidCharactersTests" runstate="Runnable" testcasecount="9" result="Passed" start-time="2020-10-05 16:46:11Z" end-time="2020-10-05 16:46:11Z" duration="0.037495" total="9" passed="9" failed="0" warnings="0" inconclusive="0" skipped="0" asserts="9">
                <test-case id="1-1022" name="GetNaturalCharType('a',WordForming)" fullname="SIL.LCModel.Core.WritingSystems.ValidCharactersTests.GetNaturalCharType('a',WordForming)" methodname="GetNaturalCharType" classname="SIL.LCModel.Core.WritingSystems.ValidCharactersTests" runstate="Runnable" seed="1244743958" result="Passed" start-time="2020-10-05 16:46:11Z" end-time="2020-10-05 16:46:11Z" duration="0.008987" asserts="1" />
                <test-case id="1-1023" name="GetNaturalCharType('-',WordForming)" fullname="SIL.LCModel.Core.WritingSystems.ValidCharactersTests.GetNaturalCharType('-',WordForming)" methodname="GetNaturalCharType" classname="SIL.LCModel.Core.WritingSystems.ValidCharactersTests" runstate="Runnable" seed="728486992" result="Passed" start-time="2020-10-05 16:46:11Z" end-time="2020-10-05 16:46:11Z" duration="0.002830" asserts="1" />
                <test-case id="1-1024" name="GetNaturalCharType('\'',WordForming)" fullname="SIL.LCModel.Core.WritingSystems.ValidCharactersTests.GetNaturalCharType('\'',WordForming)" methodname="GetNaturalCharType" classname="SIL.LCModel.Core.WritingSystems.ValidCharactersTests" runstate="Runnable" seed="1414368467" result="Passed" start-time="2020-10-05 16:46:11Z" end-time="2020-10-05 16:46:11Z" duration="0.003568" asserts="1" />
                <test-case id="1-1025" name="GetNaturalCharType(42891,WordForming)" fullname="SIL.LCModel.Core.WritingSystems.ValidCharactersTests.GetNaturalCharType(42891,WordForming)" methodname="GetNaturalCharType" classname="SIL.LCModel.Core.WritingSystems.ValidCharactersTests" runstate="Runnable" seed="478635644" result="Passed" start-time="2020-10-05 16:46:11Z" end-time="2020-10-05 16:46:11Z" duration="0.004021" asserts="1" />
                <test-case id="1-1026" name="GetNaturalCharType(178,WordForming)" fullname="SIL.LCModel.Core.WritingSystems.ValidCharactersTests.GetNaturalCharType(178,WordForming)" methodname="GetNaturalCharType" classname="SIL.LCModel.Core.WritingSystems.ValidCharactersTests" runstate="Runnable" seed="1356338259" result="Passed" start-time="2020-10-05 16:46:11Z" end-time="2020-10-05 16:46:11Z" duration="0.003326" asserts="1" />
                <test-case id="1-1027" name="GetNaturalCharType(8313,WordForming)" fullname="SIL.LCModel.Core.WritingSystems.ValidCharactersTests.GetNaturalCharType(8313,WordForming)" methodname="GetNaturalCharType" classname="SIL.LCModel.Core.WritingSystems.ValidCharactersTests" runstate="Runnable" seed="1119014561" result="Passed" start-time="2020-10-05 16:46:11Z" end-time="2020-10-05 16:46:11Z" duration="0.003117" asserts="1" />
                <test-case id="1-1028" name="GetNaturalCharType('1',Other)" fullname="SIL.LCModel.Core.WritingSystems.ValidCharactersTests.GetNaturalCharType('1',Other)" methodname="GetNaturalCharType" classname="SIL.LCModel.Core.WritingSystems.ValidCharactersTests" runstate="Runnable" seed="1690246965" result="Passed" start-time="2020-10-05 16:46:11Z" end-time="2020-10-05 16:46:11Z" duration="0.005148" asserts="1" />
                <test-case id="1-1029" name="GetNaturalCharType(' ',Other)" fullname="SIL.LCModel.Core.WritingSystems.ValidCharactersTests.GetNaturalCharType(' ',Other)" methodname="GetNaturalCharType" classname="SIL.LCModel.Core.WritingSystems.ValidCharactersTests" runstate="Runnable" seed="1954746691" result="Passed" start-time="2020-10-05 16:46:11Z" end-time="2020-10-05 16:46:11Z" duration="0.002841" asserts="1" />
                <test-case id="1-1030" name="GetNaturalCharType(',',Other)" fullname="SIL.LCModel.Core.WritingSystems.ValidCharactersTests.GetNaturalCharType(',',Other)" methodname="GetNaturalCharType" classname="SIL.LCModel.Core.WritingSystems.ValidCharactersTests" runstate="Runnable" seed="1041530218" result="Passed" start-time="2020-10-05 16:46:11Z" end-time="2020-10-05 16:46:11Z" duration="0.003418" asserts="1" />
              </test-suite>
              <test-case id="1-1032" name="IsWordFormingChar" fullname="SIL.LCModel.Core.WritingSystems.ValidCharactersTests.IsWordFormingChar" methodname="IsWordFormingChar" classname="SIL.LCModel.Core.WritingSystems.ValidCharactersTests" runstate="Runnable" seed="2002296902" result="Passed" start-time="2020-10-05 16:46:11Z" end-time="2020-10-05 16:46:11Z" duration="0.004367" asserts="1" />
              <test-case id="1-1016" name="Load_AllowGroupedCombiningDiacritics" fullname="SIL.LCModel.Core.WritingSystems.ValidCharactersTests.Load_AllowGroupedCombiningDiacritics" methodname="Load_AllowGroupedCombiningDiacritics" classname="SIL.LCModel.Core.WritingSystems.ValidCharactersTests" runstate="Runnable" seed="1339356423" result="Passed" start-time="2020-10-05 16:46:11Z" end-time="2020-10-05 16:46:11Z" duration="0.006628" asserts="2" />
              <test-case id="1-1013" name="Load_AllowHardLineBreakCharacter" fullname="SIL.LCModel.Core.WritingSystems.ValidCharactersTests.Load_AllowHardLineBreakCharacter" methodname="Load_AllowHardLineBreakCharacter" classname="SIL.LCModel.Core.WritingSystems.ValidCharactersTests" runstate="Runnable" seed="2003896063" result="Passed" start-time="2020-10-05 16:46:11Z" end-time="2020-10-05 16:46:11Z" duration="0.005211" asserts="2" />
              <test-case id="1-1015" name="Load_AllowLoneCombiningDiacritics" fullname="SIL.LCModel.Core.WritingSystems.ValidCharactersTests.Load_AllowLoneCombiningDiacritics" methodname="Load_AllowLoneCombiningDiacritics" classname="SIL.LCModel.Core.WritingSystems.ValidCharactersTests" runstate="Runnable" seed="105584766" result="Passed" start-time="2020-10-05 16:46:11Z" end-time="2020-10-05 16:46:11Z" duration="0.003768" asserts="3" />
              <test-case id="1-1014" name="Load_AllowMultigraphs" fullname="SIL.LCModel.Core.WritingSystems.ValidCharactersTests.Load_AllowMultigraphs" methodname="Load_AllowMultigraphs" classname="SIL.LCModel.Core.WritingSystems.ValidCharactersTests" runstate="Runnable" seed="857380392" result="Passed" start-time="2020-10-05 16:46:11Z" end-time="2020-10-05 16:46:11Z" duration="0.003309" asserts="4" />
              <test-case id="1-1018" name="Load_DuplicateCharacters" fullname="SIL.LCModel.Core.WritingSystems.ValidCharactersTests.Load_DuplicateCharacters" methodname="Load_DuplicateCharacters" classname="SIL.LCModel.Core.WritingSystems.ValidCharactersTests" runstate="Runnable" seed="369166202" result="Passed" start-time="2020-10-05 16:46:11Z" end-time="2020-10-05 16:46:11Z" duration="0.003146" asserts="4" />
              <test-case id="1-1012" name="Load_Empty" fullname="SIL.LCModel.Core.WritingSystems.ValidCharactersTests.Load_Empty" methodname="Load_Empty" classname="SIL.LCModel.Core.WritingSystems.ValidCharactersTests" runstate="Runnable" seed="1183742341" result="Passed" start-time="2020-10-05 16:46:11Z" end-time="2020-10-05 16:46:11Z" duration="0.007160" asserts="3" />
              <test-case id="1-1011" name="Load_Nonempty" fullname="SIL.LCModel.Core.WritingSystems.ValidCharactersTests.Load_Nonempty" methodname="Load_Nonempty" classname="SIL.LCModel.Core.WritingSystems.ValidCharactersTests" runstate="Runnable" seed="499851859" result="Passed" start-time="2020-10-05 16:46:11Z" end-time="2020-10-05 16:46:11Z" duration="0.007229" asserts="10" />
              <test-case id="1-1017" name="Load_SameCharacterInWordFormingAndPunctuationLists" fullname="SIL.LCModel.Core.WritingSystems.ValidCharactersTests.Load_SameCharacterInWordFormingAndPunctuationLists" methodname="Load_SameCharacterInWordFormingAndPunctuationLists" classname="SIL.LCModel.Core.WritingSystems.ValidCharactersTests" runstate="Runnable" seed="1003594039" result="Passed" start-time="2020-10-05 16:46:11Z" end-time="2020-10-05 16:46:11Z" duration="0.003133" asserts="3" />
              <test-case id="1-1034" name="SortAfterAddRange" fullname="SIL.LCModel.Core.WritingSystems.ValidCharactersTests.SortAfterAddRange" methodname="SortAfterAddRange" classname="SIL.LCModel.Core.WritingSystems.ValidCharactersTests" runstate="Runnable" seed="1883160936" result="Passed" start-time="2020-10-05 16:46:11Z" end-time="2020-10-05 16:46:11Z" duration="0.005692" asserts="8" />
              <test-case id="1-1033" name="SortAfterAddSingles" fullname="SIL.LCModel.Core.WritingSystems.ValidCharactersTests.SortAfterAddSingles" methodname="SortAfterAddSingles" classname="SIL.LCModel.Core.WritingSystems.ValidCharactersTests" runstate="Runnable" seed="5781064" result="Passed" start-time="2020-10-05 16:46:11Z" end-time="2020-10-05 16:46:11Z" duration="0.006507" asserts="8" />
            </test-suite>
            <test-suite type="TestFixture" id="1-1035" name="WritingSystemManagerTests" fullname="SIL.LCModel.Core.WritingSystems.WritingSystemManagerTests" classname="SIL.LCModel.Core.WritingSystems.WritingSystemManagerTests" runstate="Runnable" testcasecount="11" result="Passed" start-time="2020-10-05 16:46:11Z" end-time="2020-10-05 16:46:11Z" duration="0.141184" total="11" passed="11" failed="0" warnings="0" inconclusive="0" skipped="0" asserts="55">
              <properties>
                <property name="SetCulture" value="en-US" />
              </properties>
              <test-case id="1-1041" name="Create" fullname="SIL.LCModel.Core.WritingSystems.WritingSystemManagerTests.Create" methodname="Create" classname="SIL.LCModel.Core.WritingSystems.WritingSystemManagerTests" runstate="Runnable" seed="420436354" result="Passed" start-time="2020-10-05 16:46:11Z" end-time="2020-10-05 16:46:11Z" duration="0.005875" asserts="15" />
              <test-case id="1-1045" name="CreateAudioWritingSystemScriptFirst" fullname="SIL.LCModel.Core.WritingSystems.WritingSystemManagerTests.CreateAudioWritingSystemScriptFirst" methodname="CreateAudioWritingSystemScriptFirst" classname="SIL.LCModel.Core.WritingSystems.WritingSystemManagerTests" runstate="Runnable" seed="456011908" result="Passed" start-time="2020-10-05 16:46:11Z" end-time="2020-10-05 16:46:11Z" duration="0.002087" asserts="1" />
              <test-case id="1-1046" name="CreateAudioWritingSystemVariantFirst" fullname="SIL.LCModel.Core.WritingSystems.WritingSystemManagerTests.CreateAudioWritingSystemVariantFirst" methodname="CreateAudioWritingSystemVariantFirst" classname="SIL.LCModel.Core.WritingSystems.WritingSystemManagerTests" runstate="Runnable" seed="960372444" result="Passed" start-time="2020-10-05 16:46:11Z" end-time="2020-10-05 16:46:11Z" duration="0.001217" asserts="1" />
              <test-case id="1-1037" name="get_Engine" fullname="SIL.LCModel.Core.WritingSystems.WritingSystemManagerTests.get_Engine" methodname="get_Engine" classname="SIL.LCModel.Core.WritingSystems.WritingSystemManagerTests" runstate="Runnable" seed="1690281203" result="Passed" start-time="2020-10-05 16:46:11Z" end-time="2020-10-05 16:46:11Z" duration="0.011384" asserts="5" />
              <test-case id="1-1038" name="get_EngineOrNull" fullname="SIL.LCModel.Core.WritingSystems.WritingSystemManagerTests.get_EngineOrNull" methodname="get_EngineOrNull" classname="SIL.LCModel.Core.WritingSystems.WritingSystemManagerTests" runstate="Runnable" seed="1693656814" result="Passed" start-time="2020-10-05 16:46:11Z" end-time="2020-10-05 16:46:11Z" duration="0.004217" asserts="2" />
              <test-case id="1-1043" name="get_IsWordForming" fullname="SIL.LCModel.Core.WritingSystems.WritingSystemManagerTests.get_IsWordForming" methodname="get_IsWordForming" classname="SIL.LCModel.Core.WritingSystems.WritingSystemManagerTests" runstate="Runnable" seed="872942620" result="Passed" start-time="2020-10-05 16:46:11Z" end-time="2020-10-05 16:46:11Z" duration="0.006043" asserts="4" />
              <test-case id="1-1044" name="GetOrSetWorksRepeatedlyOnIdNeedingModification" fullname="SIL.LCModel.Core.WritingSystems.WritingSystemManagerTests.GetOrSetWorksRepeatedlyOnIdNeedingModification" methodname="GetOrSetWorksRepeatedlyOnIdNeedingModification" classname="SIL.LCModel.Core.WritingSystems.WritingSystemManagerTests" runstate="Runnable" seed="2073948493" result="Passed" start-time="2020-10-05 16:46:11Z" end-time="2020-10-05 16:46:11Z" duration="0.010099" asserts="6" />
              <test-case id="1-1040" name="GetStrFromWs" fullname="SIL.LCModel.Core.WritingSystems.WritingSystemManagerTests.GetStrFromWs" methodname="GetStrFromWs" classname="SIL.LCModel.Core.WritingSystems.WritingSystemManagerTests" runstate="Runnable" seed="1610157894" result="Passed" start-time="2020-10-05 16:46:11Z" end-time="2020-10-05 16:46:11Z" duration="0.004519" asserts="2" />
              <test-case id="1-1039" name="GetWsFromStr" fullname="SIL.LCModel.Core.WritingSystems.WritingSystemManagerTests.GetWsFromStr" methodname="GetWsFromStr" classname="SIL.LCModel.Core.WritingSystems.WritingSystemManagerTests" runstate="Runnable" seed="132070128" result="Passed" start-time="2020-10-05 16:46:11Z" end-time="2020-10-05 16:46:11Z" duration="0.004167" asserts="2" />
              <test-case id="1-1042" name="InterpretChrp" fullname="SIL.LCModel.Core.WritingSystems.WritingSystemManagerTests.InterpretChrp" methodname="InterpretChrp" classname="SIL.LCModel.Core.WritingSystems.WritingSystemManagerTests" runstate="Runnable" seed="272832678" result="Passed" start-time="2020-10-05 16:46:11Z" end-time="2020-10-05 16:46:11Z" duration="0.005348" asserts="7" />
              <test-case id="1-1036" name="SerializeDeserialize" fullname="SIL.LCModel.Core.WritingSystems.WritingSystemManagerTests.SerializeDeserialize" methodname="SerializeDeserialize" classname="SIL.LCModel.Core.WritingSystems.WritingSystemManagerTests" runstate="Runnable" seed="1147487684" result="Passed" start-time="2020-10-05 16:46:11Z" end-time="2020-10-05 16:46:11Z" duration="0.085398" asserts="10" />
            </test-suite>
          </test-suite>
        </test-suite>
      </test-suite>
    </test-suite>
  </test-suite>
  <test-suite type="Assembly" id="2-1020" name="SIL.LCModel.FixData.Tests.dll" fullname="/home/eberhard/Develop/liblcm/liblcm-nuget/artifacts/Debug/net461/SIL.LCModel.FixData.Tests.dll" runstate="Runnable" testcasecount="19" result="Passed" start-time="2020-10-05 16:46:09Z" end-time="2020-10-05 16:46:09Z" duration="0.386845" total="19" passed="19" failed="0" warnings="0" inconclusive="0" skipped="0" asserts="168">
    <environment framework-version="3.12.0.0" clr-version="4.0.30319.42000" os-version="Unix 5.4.0.48" platform="Unix" cwd="/home/eberhard/Develop/liblcm/liblcm-nuget" machine-name="nopal" user="eberhard" user-domain="nopal" culture="en-US" uiculture="en-US" os-architecture="x64" />
    <settings>
      <setting name="DisposeRunners" value="True" />
      <setting name="WorkDirectory" value="/home/eberhard/Develop/liblcm/liblcm-nuget" />
      <setting name="ImageRuntimeVersion" value="4.0.30319" />
      <setting name="ImageTargetFrameworkName" value=".NETFramework,Version=v4.6.1" />
      <setting name="ImageRequiresX86" value="False" />
      <setting name="ImageRequiresDefaultAppDomainAssemblyResolver" value="False" />
      <setting name="RuntimeFramework" value="mono-4.0" />
      <setting name="NumberOfTestWorkers" value="8" />
    </settings>
    <properties>
      <property name="_PID" value="23118" />
      <property name="_APPDOMAIN" value="domain-5a3a8f42-SIL.LCModel.FixData.Tests.dll" />
    </properties>
    <output><![CDATA[InitializeIcuAttribute: Setting ICU_DATA to /home/eberhard/Develop/liblcm/liblcm-nuget/artifacts/Debug/net461/IcuData/icudt54l
]]></output>
    <test-suite type="TestSuite" id="2-1021" name="SIL" fullname="SIL" runstate="Runnable" testcasecount="19" result="Passed" start-time="2020-10-05 16:46:09Z" end-time="2020-10-05 16:46:09Z" duration="0.194426" total="19" passed="19" failed="0" warnings="0" inconclusive="0" skipped="0" asserts="168">
      <test-suite type="TestSuite" id="2-1022" name="LCModel" fullname="SIL.LCModel" runstate="Runnable" testcasecount="19" result="Passed" start-time="2020-10-05 16:46:09Z" end-time="2020-10-05 16:46:09Z" duration="0.194231" total="19" passed="19" failed="0" warnings="0" inconclusive="0" skipped="0" asserts="168">
        <test-suite type="TestSuite" id="2-1023" name="FixData" fullname="SIL.LCModel.FixData" runstate="Runnable" testcasecount="19" result="Passed" start-time="2020-10-05 16:46:09Z" end-time="2020-10-05 16:46:09Z" duration="0.194208" total="19" passed="19" failed="0" warnings="0" inconclusive="0" skipped="0" asserts="168">
          <test-suite type="TestSuite" id="2-1024" name="Tests" fullname="SIL.LCModel.FixData.Tests" runstate="Runnable" testcasecount="19" result="Passed" start-time="2020-10-05 16:46:09Z" end-time="2020-10-05 16:46:09Z" duration="0.194187" total="19" passed="19" failed="0" warnings="0" inconclusive="0" skipped="0" asserts="168">
            <test-suite type="TestFixture" id="2-1000" name="FwDataFixerTests" fullname="SIL.LCModel.FixData.Tests.FwDataFixerTests" classname="SIL.LCModel.FixData.Tests.FwDataFixerTests" runstate="Runnable" testcasecount="19" result="Passed" start-time="2020-10-05 16:46:09Z" end-time="2020-10-05 16:46:09Z" duration="0.192286" total="19" passed="19" failed="0" warnings="0" inconclusive="0" skipped="0" asserts="168">
              <test-case id="2-1010" name="DanglingCustomListReferences" fullname="SIL.LCModel.FixData.Tests.FwDataFixerTests.DanglingCustomListReferences" methodname="DanglingCustomListReferences" classname="SIL.LCModel.FixData.Tests.FwDataFixerTests" runstate="Runnable" seed="288100032" result="Passed" start-time="2020-10-05 16:46:09Z" end-time="2020-10-05 16:46:09Z" duration="0.075962" asserts="2" />
              <test-case id="2-1011" name="DanglingCustomProperty" fullname="SIL.LCModel.FixData.Tests.FwDataFixerTests.DanglingCustomProperty" methodname="DanglingCustomProperty" classname="SIL.LCModel.FixData.Tests.FwDataFixerTests" runstate="Runnable" seed="217308065" result="Passed" start-time="2020-10-05 16:46:09Z" end-time="2020-10-05 16:46:09Z" duration="0.002677" asserts="3" />
              <test-case id="2-1005" name="DanglingReferences" fullname="SIL.LCModel.FixData.Tests.FwDataFixerTests.DanglingReferences" methodname="DanglingReferences" classname="SIL.LCModel.FixData.Tests.FwDataFixerTests" runstate="Runnable" seed="1301126455" result="Passed" start-time="2020-10-05 16:46:09Z" end-time="2020-10-05 16:46:09Z" duration="0.005645" asserts="5" />
              <test-case id="2-1009" name="DanglingSenseAndBundleLink" fullname="SIL.LCModel.FixData.Tests.FwDataFixerTests.DanglingSenseAndBundleLink" methodname="DanglingSenseAndBundleLink" classname="SIL.LCModel.FixData.Tests.FwDataFixerTests" runstate="Runnable" seed="1429473450" result="Passed" start-time="2020-10-05 16:46:09Z" end-time="2020-10-05 16:46:09Z" duration="0.005953" asserts="3" />
              <test-case id="2-1017" name="DanglingTextTagAndChartReferences" fullname="SIL.LCModel.FixData.Tests.FwDataFixerTests.DanglingTextTagAndChartReferences" methodname="DanglingTextTagAndChartReferences" classname="SIL.LCModel.FixData.Tests.FwDataFixerTests" runstate="Runnable" seed="1127320850" result="Passed" start-time="2020-10-05 16:46:09Z" end-time="2020-10-05 16:46:09Z" duration="0.009328" asserts="10" />
              <test-case id="2-1008" name="DanglingWordformLinks" fullname="SIL.LCModel.FixData.Tests.FwDataFixerTests.DanglingWordformLinks" methodname="DanglingWordformLinks" classname="SIL.LCModel.FixData.Tests.FwDataFixerTests" runstate="Runnable" seed="581274107" result="Passed" start-time="2020-10-05 16:46:09Z" end-time="2020-10-05 16:46:09Z" duration="0.012111" asserts="9" />
              <test-case id="2-1004" name="DuplicateGuids" fullname="SIL.LCModel.FixData.Tests.FwDataFixerTests.DuplicateGuids" methodname="DuplicateGuids" classname="SIL.LCModel.FixData.Tests.FwDataFixerTests" runstate="Runnable" seed="902963890" result="Passed" start-time="2020-10-05 16:46:09Z" end-time="2020-10-05 16:46:09Z" duration="0.000995" asserts="2" />
              <test-case id="2-1001" name="DuplicateNameCustomLists_OneIsRenamed" fullname="SIL.LCModel.FixData.Tests.FwDataFixerTests.DuplicateNameCustomLists_OneIsRenamed" methodname="DuplicateNameCustomLists_OneIsRenamed" classname="SIL.LCModel.FixData.Tests.FwDataFixerTests" runstate="Runnable" seed="326565305" result="Passed" start-time="2020-10-05 16:46:09Z" end-time="2020-10-05 16:46:09Z" duration="0.002594" asserts="4" />
              <test-case id="2-1006" name="DuplicateStyles" fullname="SIL.LCModel.FixData.Tests.FwDataFixerTests.DuplicateStyles" methodname="DuplicateStyles" classname="SIL.LCModel.FixData.Tests.FwDataFixerTests" runstate="Runnable" seed="1087693853" result="Passed" start-time="2020-10-05 16:46:09Z" end-time="2020-10-05 16:46:09Z" duration="0.005318" asserts="5" />
              <test-case id="2-1002" name="DuplicateWordforms_AreMerged" fullname="SIL.LCModel.FixData.Tests.FwDataFixerTests.DuplicateWordforms_AreMerged" methodname="DuplicateWordforms_AreMerged" classname="SIL.LCModel.FixData.Tests.FwDataFixerTests" runstate="Runnable" seed="572870811" result="Passed" start-time="2020-10-05 16:46:09Z" end-time="2020-10-05 16:46:09Z" duration="0.005935" asserts="3" />
              <test-case id="2-1012" name="DuplicateWritingSystems" fullname="SIL.LCModel.FixData.Tests.FwDataFixerTests.DuplicateWritingSystems" methodname="DuplicateWritingSystems" classname="SIL.LCModel.FixData.Tests.FwDataFixerTests" runstate="Runnable" seed="1510685124" result="Passed" start-time="2020-10-05 16:46:09Z" end-time="2020-10-05 16:46:09Z" duration="0.002489" asserts="1" />
              <test-case id="2-1014" name="EntryWithExtraMSA" fullname="SIL.LCModel.FixData.Tests.FwDataFixerTests.EntryWithExtraMSA" methodname="EntryWithExtraMSA" classname="SIL.LCModel.FixData.Tests.FwDataFixerTests" runstate="Runnable" seed="1487620141" result="Passed" start-time="2020-10-05 16:46:09Z" end-time="2020-10-05 16:46:09Z" duration="0.006959" asserts="2" />
              <test-case id="2-1015" name="EntryWithMsaAndNoSenses" fullname="SIL.LCModel.FixData.Tests.FwDataFixerTests.EntryWithMsaAndNoSenses" methodname="EntryWithMsaAndNoSenses" classname="SIL.LCModel.FixData.Tests.FwDataFixerTests" runstate="Runnable" seed="26408081" result="Passed" start-time="2020-10-05 16:46:09Z" end-time="2020-10-05 16:46:09Z" duration="0.001358" asserts="2" />
              <test-case id="2-1016" name="EntryWithOneExtraMsaAndOneSenseWithABustedRef" fullname="SIL.LCModel.FixData.Tests.FwDataFixerTests.EntryWithOneExtraMsaAndOneSenseWithABustedRef" methodname="EntryWithOneExtraMsaAndOneSenseWithABustedRef" classname="SIL.LCModel.FixData.Tests.FwDataFixerTests" runstate="Runnable" seed="1429262996" result="Passed" start-time="2020-10-05 16:46:09Z" end-time="2020-10-05 16:46:09Z" duration="0.002933" asserts="2" />
              <test-case id="2-1013" name="ForEmptySequences" fullname="SIL.LCModel.FixData.Tests.FwDataFixerTests.ForEmptySequences" methodname="ForEmptySequences" classname="SIL.LCModel.FixData.Tests.FwDataFixerTests" runstate="Runnable" seed="1053773627" result="Passed" start-time="2020-10-05 16:46:09Z" end-time="2020-10-05 16:46:09Z" duration="0.003871" asserts="5" />
              <test-case id="2-1018" name="GenericDateFixup" fullname="SIL.LCModel.FixData.Tests.FwDataFixerTests.GenericDateFixup" methodname="GenericDateFixup" classname="SIL.LCModel.FixData.Tests.FwDataFixerTests" runstate="Runnable" seed="1840147205" result="Passed" start-time="2020-10-05 16:46:09Z" end-time="2020-10-05 16:46:09Z" duration="0.005313" asserts="2" />
              <test-case id="2-1019" name="HomographNumberInconsistency" fullname="SIL.LCModel.FixData.Tests.FwDataFixerTests.HomographNumberInconsistency" methodname="HomographNumberInconsistency" classname="SIL.LCModel.FixData.Tests.FwDataFixerTests" runstate="Runnable" seed="2026303754" result="Passed" start-time="2020-10-05 16:46:09Z" end-time="2020-10-05 16:46:09Z" duration="0.021798" asserts="104" />
              <test-case id="2-1003" name="MissingBasicCustomField" fullname="SIL.LCModel.FixData.Tests.FwDataFixerTests.MissingBasicCustomField" methodname="MissingBasicCustomField" classname="SIL.LCModel.FixData.Tests.FwDataFixerTests" runstate="Runnable" seed="1991797077" result="Passed" start-time="2020-10-05 16:46:09Z" end-time="2020-10-05 16:46:09Z" duration="0.003199" asserts="1" />
              <test-case id="2-1007" name="SingleTargetLexReferences" fullname="SIL.LCModel.FixData.Tests.FwDataFixerTests.SingleTargetLexReferences" methodname="SingleTargetLexReferences" classname="SIL.LCModel.FixData.Tests.FwDataFixerTests" runstate="Runnable" seed="721801792" result="Passed" start-time="2020-10-05 16:46:09Z" end-time="2020-10-05 16:46:09Z" duration="0.003665" asserts="3" />
            </test-suite>
          </test-suite>
        </test-suite>
      </test-suite>
    </test-suite>
  </test-suite>
  <test-suite type="Assembly" id="3-2828" name="SIL.LCModel.Tests.dll" fullname="/home/eberhard/Develop/liblcm/liblcm-nuget/artifacts/Debug/net461/SIL.LCModel.Tests.dll" runstate="Runnable" testcasecount="1652" result="Skipped" label="Ignored" site="Child" start-time="2020-10-05 16:46:09Z" end-time="2020-10-05 16:46:40Z" duration="31.455611" total="1652" passed="1633" failed="0" warnings="0" inconclusive="0" skipped="19" asserts="37113">
    <environment framework-version="3.12.0.0" clr-version="4.0.30319.42000" os-version="Unix 5.4.0.48" platform="Unix" cwd="/home/eberhard/Develop/liblcm/liblcm-nuget" machine-name="nopal" user="eberhard" user-domain="nopal" culture="en-US" uiculture="en-US" os-architecture="x64" />
    <settings>
      <setting name="DisposeRunners" value="True" />
      <setting name="WorkDirectory" value="/home/eberhard/Develop/liblcm/liblcm-nuget" />
      <setting name="ImageRuntimeVersion" value="4.0.30319" />
      <setting name="ImageTargetFrameworkName" value=".NETFramework,Version=v4.6.1" />
      <setting name="ImageRequiresX86" value="False" />
      <setting name="ImageRequiresDefaultAppDomainAssemblyResolver" value="False" />
      <setting name="RuntimeFramework" value="mono-4.0" />
      <setting name="NumberOfTestWorkers" value="8" />
    </settings>
    <properties>
      <property name="_PID" value="23117" />
      <property name="_APPDOMAIN" value="domain-1b9bcdf-SIL.LCModel.Tests.dll" />
    </properties>
    <reason>
      <message><![CDATA[One or more child tests were ignored]]></message>
    </reason>
    <output><![CDATA[InitializeIcuAttribute: Setting ICU_DATA to /home/eberhard/Develop/liblcm/liblcm-nuget/artifacts/Debug/net461/IcuData/icudt54l
]]></output>
    <test-suite type="TestSuite" id="3-2829" name="SIL" fullname="SIL" runstate="Runnable" testcasecount="1652" result="Skipped" label="Ignored" site="Child" start-time="2020-10-05 16:46:09Z" end-time="2020-10-05 16:46:40Z" duration="31.262665" total="1652" passed="1633" failed="0" warnings="0" inconclusive="0" skipped="19" asserts="37113">
      <reason>
        <message><![CDATA[One or more child tests were ignored]]></message>
      </reason>
      <test-suite type="TestSuite" id="3-2830" name="LCModel" fullname="SIL.LCModel" runstate="Runnable" testcasecount="1652" result="Skipped" label="Ignored" site="Child" start-time="2020-10-05 16:46:09Z" end-time="2020-10-05 16:46:40Z" duration="31.262506" total="1652" passed="1633" failed="0" warnings="0" inconclusive="0" skipped="19" asserts="37113">
        <reason>
          <message><![CDATA[One or more child tests were ignored]]></message>
        </reason>
        <test-suite type="TestSuite" id="3-2836" name="Application" fullname="SIL.LCModel.Application" runstate="Runnable" testcasecount="82" result="Passed" start-time="2020-10-05 16:46:09Z" end-time="2020-10-05 16:46:12Z" duration="3.114811" total="82" passed="82" failed="0" warnings="0" inconclusive="0" skipped="0" asserts="1316">
          <test-suite type="TestSuite" id="3-2838" name="ApplicationServices" fullname="SIL.LCModel.Application.ApplicationServices" runstate="Runnable" testcasecount="16" result="Passed" start-time="2020-10-05 16:46:09Z" end-time="2020-10-05 16:46:12Z" duration="2.879801" total="16" passed="16" failed="0" warnings="0" inconclusive="0" skipped="0" asserts="1114">
            <test-suite type="TestFixture" id="3-2809" name="XmlImportDataTests" fullname="SIL.LCModel.Application.ApplicationServices.XmlImportDataTests" classname="SIL.LCModel.Application.ApplicationServices.XmlImportDataTests" runstate="Runnable" testcasecount="11" result="Passed" start-time="2020-10-05 16:46:09Z" end-time="2020-10-05 16:46:11Z" duration="2.505938" total="11" passed="11" failed="0" warnings="0" inconclusive="0" skipped="0" asserts="488">
              <test-case id="3-2820" name="ImportData_CmFolders_EnsureOnlyOneEachForMediaAndPictures" fullname="SIL.LCModel.Application.ApplicationServices.XmlImportDataTests.ImportData_CmFolders_EnsureOnlyOneEachForMediaAndPictures" methodname="ImportData_CmFolders_EnsureOnlyOneEachForMediaAndPictures" classname="SIL.LCModel.Application.ApplicationServices.XmlImportDataTests" runstate="Runnable" seed="1661323463" result="Passed" start-time="2020-10-05 16:46:09Z" end-time="2020-10-05 16:46:10Z" duration="1.484998" asserts="14" />
              <test-case id="3-2810" name="ImportData1" fullname="SIL.LCModel.Application.ApplicationServices.XmlImportDataTests.ImportData1" methodname="ImportData1" classname="SIL.LCModel.Application.ApplicationServices.XmlImportDataTests" runstate="Runnable" seed="2141613696" result="Passed" start-time="2020-10-05 16:46:10Z" end-time="2020-10-05 16:46:11Z" duration="0.130066" asserts="64" />
              <test-case id="3-2811" name="ImportData2" fullname="SIL.LCModel.Application.ApplicationServices.XmlImportDataTests.ImportData2" methodname="ImportData2" classname="SIL.LCModel.Application.ApplicationServices.XmlImportDataTests" runstate="Runnable" seed="2108004605" result="Passed" start-time="2020-10-05 16:46:11Z" end-time="2020-10-05 16:46:11Z" duration="0.123922" asserts="65" />
              <test-case id="3-2812" name="ImportData3" fullname="SIL.LCModel.Application.ApplicationServices.XmlImportDataTests.ImportData3" methodname="ImportData3" classname="SIL.LCModel.Application.ApplicationServices.XmlImportDataTests" runstate="Runnable" seed="180388272" result="Passed" start-time="2020-10-05 16:46:11Z" end-time="2020-10-05 16:46:11Z" duration="0.201642" asserts="270" />
              <test-case id="3-2813" name="ImportData4" fullname="SIL.LCModel.Application.ApplicationServices.XmlImportDataTests.ImportData4" methodname="ImportData4" classname="SIL.LCModel.Application.ApplicationServices.XmlImportDataTests" runstate="Runnable" seed="758203068" result="Passed" start-time="2020-10-05 16:46:11Z" end-time="2020-10-05 16:46:11Z" duration="0.092254" asserts="15" />
              <test-case id="3-2814" name="ImportSequenceRelation" fullname="SIL.LCModel.Application.ApplicationServices.XmlImportDataTests.ImportSequenceRelation" methodname="ImportSequenceRelation" classname="SIL.LCModel.Application.ApplicationServices.XmlImportDataTests" runstate="Runnable" seed="1182236726" result="Passed" start-time="2020-10-05 16:46:11Z" end-time="2020-10-05 16:46:11Z" duration="0.091848" asserts="12" />
              <test-case id="3-2815" name="ImportTreeRelation" fullname="SIL.LCModel.Application.ApplicationServices.XmlImportDataTests.ImportTreeRelation" methodname="ImportTreeRelation" classname="SIL.LCModel.Application.ApplicationServices.XmlImportDataTests" runstate="Runnable" seed="488042877" result="Passed" start-time="2020-10-05 16:46:11Z" end-time="2020-10-05 16:46:11Z" duration="0.067247" asserts="12" />
              <test-case id="3-2816" name="ImportWithoutCreatingMissingLinkEntries" fullname="SIL.LCModel.Application.ApplicationServices.XmlImportDataTests.ImportWithoutCreatingMissingLinkEntries" methodname="ImportWithoutCreatingMissingLinkEntries" classname="SIL.LCModel.Application.ApplicationServices.XmlImportDataTests" runstate="Runnable" seed="730068877" result="Passed" start-time="2020-10-05 16:46:11Z" end-time="2020-10-05 16:46:11Z" duration="0.105605" asserts="11" />
              <test-case id="3-2817" name="ImportWithoutCreatingMissingLinkEntries_ComponentLexemes" fullname="SIL.LCModel.Application.ApplicationServices.XmlImportDataTests.ImportWithoutCreatingMissingLinkEntries_ComponentLexemes" methodname="ImportWithoutCreatingMissingLinkEntries_ComponentLexemes" classname="SIL.LCModel.Application.ApplicationServices.XmlImportDataTests" runstate="Runnable" seed="1972450970" result="Passed" start-time="2020-10-05 16:46:11Z" end-time="2020-10-05 16:46:11Z" duration="0.064889" asserts="6" />
              <test-case id="3-2819" name="NoSubentryVirtualOrderingOnSingleComplexForm" fullname="SIL.LCModel.Application.ApplicationServices.XmlImportDataTests.NoSubentryVirtualOrderingOnSingleComplexForm" methodname="NoSubentryVirtualOrderingOnSingleComplexForm" classname="SIL.LCModel.Application.ApplicationServices.XmlImportDataTests" runstate="Runnable" seed="1603722644" result="Passed" start-time="2020-10-05 16:46:11Z" end-time="2020-10-05 16:46:11Z" duration="0.065850" asserts="9" />
              <test-case id="3-2818" name="SubentryOrderRetained" fullname="SIL.LCModel.Application.ApplicationServices.XmlImportDataTests.SubentryOrderRetained" methodname="SubentryOrderRetained" classname="SIL.LCModel.Application.ApplicationServices.XmlImportDataTests" runstate="Runnable" seed="2096024513" result="Passed" start-time="2020-10-05 16:46:11Z" end-time="2020-10-05 16:46:11Z" duration="0.065982" asserts="10" />
            </test-suite>
            <test-suite type="TestFixture" id="3-2821" name="XmlListTests" fullname="SIL.LCModel.Application.ApplicationServices.XmlListTests" classname="SIL.LCModel.Application.ApplicationServices.XmlListTests" runstate="Runnable" testcasecount="2" result="Passed" start-time="2020-10-05 16:46:11Z" end-time="2020-10-05 16:46:12Z" duration="0.157108" total="2" passed="2" failed="0" warnings="0" inconclusive="0" skipped="0" asserts="204">
              <test-case id="3-2822" name="ImportList" fullname="SIL.LCModel.Application.ApplicationServices.XmlListTests.ImportList" methodname="ImportList" classname="SIL.LCModel.Application.ApplicationServices.XmlListTests" runstate="Runnable" seed="1949813398" result="Passed" start-time="2020-10-05 16:46:11Z" end-time="2020-10-05 16:46:11Z" duration="0.076707" asserts="103" />
              <test-case id="3-2823" name="ImportList2" fullname="SIL.LCModel.Application.ApplicationServices.XmlListTests.ImportList2" methodname="ImportList2" classname="SIL.LCModel.Application.ApplicationServices.XmlListTests" runstate="Runnable" seed="484532707" result="Passed" start-time="2020-10-05 16:46:11Z" end-time="2020-10-05 16:46:12Z" duration="0.074877" asserts="101" />
            </test-suite>
            <test-suite type="TestFixture" id="3-2824" name="XmlTranslatedListsTests" fullname="SIL.LCModel.Application.ApplicationServices.XmlTranslatedListsTests" classname="SIL.LCModel.Application.ApplicationServices.XmlTranslatedListsTests" runstate="Runnable" testcasecount="3" result="Passed" start-time="2020-10-05 16:46:12Z" end-time="2020-10-05 16:46:12Z" duration="0.214209" total="3" passed="3" failed="0" warnings="0" inconclusive="0" skipped="0" asserts="422">
              <test-case id="3-2825" name="ImportTranslatedLists" fullname="SIL.LCModel.Application.ApplicationServices.XmlTranslatedListsTests.ImportTranslatedLists" methodname="ImportTranslatedLists" classname="SIL.LCModel.Application.ApplicationServices.XmlTranslatedListsTests" runstate="Runnable" seed="819062347" result="Passed" start-time="2020-10-05 16:46:12Z" end-time="2020-10-05 16:46:12Z" duration="0.082336" asserts="257" />
              <test-case id="3-2827" name="ImportTranslatedListWithDuplicateSubitemNames" fullname="SIL.LCModel.Application.ApplicationServices.XmlTranslatedListsTests.ImportTranslatedListWithDuplicateSubitemNames" methodname="ImportTranslatedListWithDuplicateSubitemNames" classname="SIL.LCModel.Application.ApplicationServices.XmlTranslatedListsTests" runstate="Runnable" seed="1015123190" result="Passed" start-time="2020-10-05 16:46:12Z" end-time="2020-10-05 16:46:12Z" duration="0.061804" asserts="63" />
              <test-case id="3-2826" name="ImportTranslatedListWithSubclassTypes" fullname="SIL.LCModel.Application.ApplicationServices.XmlTranslatedListsTests.ImportTranslatedListWithSubclassTypes" methodname="ImportTranslatedListWithSubclassTypes" classname="SIL.LCModel.Application.ApplicationServices.XmlTranslatedListsTests" runstate="Runnable" seed="225659382" result="Passed" start-time="2020-10-05 16:46:12Z" end-time="2020-10-05 16:46:12Z" duration="0.062084" asserts="102" />
            </test-suite>
          </test-suite>
          <test-suite type="TestSuite" id="3-2837" name="Impl" fullname="SIL.LCModel.Application.Impl" runstate="Runnable" testcasecount="66" result="Passed" start-time="2020-10-05 16:46:09Z" end-time="2020-10-05 16:46:12Z" duration="3.114777" total="66" passed="66" failed="0" warnings="0" inconclusive="0" skipped="0" asserts="202">
            <test-suite type="TestFixture" id="3-2742" name="DomainDataByFlidTests" fullname="SIL.LCModel.Application.Impl.DomainDataByFlidTests" classname="SIL.LCModel.Application.Impl.DomainDataByFlidTests" runstate="Runnable" testcasecount="66" result="Passed" start-time="2020-10-05 16:46:12Z" end-time="2020-10-05 16:46:12Z" duration="0.234917" total="66" passed="66" failed="0" warnings="0" inconclusive="0" skipped="0" asserts="202">
              <test-case id="3-2778" name="BinaryPropRgbTest" fullname="SIL.LCModel.Application.Impl.DomainDataByFlidTests.BinaryPropRgbTest" methodname="BinaryPropRgbTest" classname="SIL.LCModel.Application.Impl.DomainDataByFlidTests" runstate="Runnable" seed="18292614" result="Passed" start-time="2020-10-05 16:46:12Z" end-time="2020-10-05 16:46:12Z" duration="0.017112" asserts="6" />
              <test-case id="3-2798" name="CheckCustomPropertiesTest" fullname="SIL.LCModel.Application.Impl.DomainDataByFlidTests.CheckCustomPropertiesTest" methodname="CheckCustomPropertiesTest" classname="SIL.LCModel.Application.Impl.DomainDataByFlidTests" runstate="Runnable" seed="1865799801" result="Passed" start-time="2020-10-05 16:46:12Z" end-time="2020-10-05 16:46:12Z" duration="0.007602" asserts="16" />
              <test-case id="3-2797" name="CheckVirtualPropertiesTest" fullname="SIL.LCModel.Application.Impl.DomainDataByFlidTests.CheckVirtualPropertiesTest" methodname="CheckVirtualPropertiesTest" classname="SIL.LCModel.Application.Impl.DomainDataByFlidTests" runstate="Runnable" seed="395706469" result="Passed" start-time="2020-10-05 16:46:12Z" end-time="2020-10-05 16:46:12Z" duration="0.000875" asserts="1" />
              <test-case id="3-2790" name="DeleteObjOwnerTest" fullname="SIL.LCModel.Application.Impl.DomainDataByFlidTests.DeleteObjOwnerTest" methodname="DeleteObjOwnerTest" classname="SIL.LCModel.Application.Impl.DomainDataByFlidTests" runstate="Runnable" seed="182166362" result="Passed" start-time="2020-10-05 16:46:12Z" end-time="2020-10-05 16:46:12Z" duration="0.024520" asserts="5" />
              <test-case id="3-2789" name="DeleteObjTest" fullname="SIL.LCModel.Application.Impl.DomainDataByFlidTests.DeleteObjTest" methodname="DeleteObjTest" classname="SIL.LCModel.Application.Impl.DomainDataByFlidTests" runstate="Runnable" seed="40252425" result="Passed" start-time="2020-10-05 16:46:12Z" end-time="2020-10-05 16:46:12Z" duration="0.005850" asserts="2" />
              <test-case id="3-2779" name="get_BinaryTest" fullname="SIL.LCModel.Application.Impl.DomainDataByFlidTests.get_BinaryTest" methodname="get_BinaryTest" classname="SIL.LCModel.Application.Impl.DomainDataByFlidTests" runstate="Runnable" seed="844862345" result="Passed" start-time="2020-10-05 16:46:12Z" end-time="2020-10-05 16:46:12Z" duration="0.000645" asserts="6" />
              <test-case id="3-2754" name="get_BooleanPropTest" fullname="SIL.LCModel.Application.Impl.DomainDataByFlidTests.get_BooleanPropTest" methodname="get_BooleanPropTest" classname="SIL.LCModel.Application.Impl.DomainDataByFlidTests" runstate="Runnable" seed="1454198172" result="Passed" start-time="2020-10-05 16:46:12Z" end-time="2020-10-05 16:46:12Z" duration="0.000388" asserts="1" />
              <test-case id="3-2771" name="get_GenDatePropTest" fullname="SIL.LCModel.Application.Impl.DomainDataByFlidTests.get_GenDatePropTest" methodname="get_GenDatePropTest" classname="SIL.LCModel.Application.Impl.DomainDataByFlidTests" runstate="Runnable" seed="1160453412" result="Passed" start-time="2020-10-05 16:46:12Z" end-time="2020-10-05 16:46:12Z" duration="0.000596" asserts="1" />
              <test-case id="3-2764" name="get_GuidPropTest" fullname="SIL.LCModel.Application.Impl.DomainDataByFlidTests.get_GuidPropTest" methodname="get_GuidPropTest" classname="SIL.LCModel.Application.Impl.DomainDataByFlidTests" runstate="Runnable" seed="1933628981" result="Passed" start-time="2020-10-05 16:46:12Z" end-time="2020-10-05 16:46:12Z" duration="0.001352" asserts="1" />
              <test-case id="3-2766" name="get_IntPropTest" fullname="SIL.LCModel.Application.Impl.DomainDataByFlidTests.get_IntPropTest" methodname="get_IntPropTest" classname="SIL.LCModel.Application.Impl.DomainDataByFlidTests" runstate="Runnable" seed="470316646" result="Passed" start-time="2020-10-05 16:46:12Z" end-time="2020-10-05 16:46:12Z" duration="0.000411" asserts="1" />
              <test-case id="3-2744" name="get_IsDummyIdTest" fullname="SIL.LCModel.Application.Impl.DomainDataByFlidTests.get_IsDummyIdTest" methodname="get_IsDummyIdTest" classname="SIL.LCModel.Application.Impl.DomainDataByFlidTests" runstate="Runnable" seed="887675808" result="Passed" start-time="2020-10-05 16:46:12Z" end-time="2020-10-05 16:46:12Z" duration="0.005207" asserts="1" />
              <test-case id="3-2791" name="get_IsPropInCacheBadHvoTest" fullname="SIL.LCModel.Application.Impl.DomainDataByFlidTests.get_IsPropInCacheBadHvoTest" methodname="get_IsPropInCacheBadHvoTest" classname="SIL.LCModel.Application.Impl.DomainDataByFlidTests" runstate="Runnable" seed="300334304" result="Passed" start-time="2020-10-05 16:46:12Z" end-time="2020-10-05 16:46:12Z" duration="0.000530" asserts="1" />
              <test-case id="3-2792" name="get_IsPropInCacheBadTagTest" fullname="SIL.LCModel.Application.Impl.DomainDataByFlidTests.get_IsPropInCacheBadTagTest" methodname="get_IsPropInCacheBadTagTest" classname="SIL.LCModel.Application.Impl.DomainDataByFlidTests" runstate="Runnable" seed="1196001033" result="Passed" start-time="2020-10-05 16:46:12Z" end-time="2020-10-05 16:46:12Z" duration="0.000377" asserts="1" />
              <test-case id="3-2793" name="get_IsPropInCacheMismatchedHvoAndTagTest" fullname="SIL.LCModel.Application.Impl.DomainDataByFlidTests.get_IsPropInCacheMismatchedHvoAndTagTest" methodname="get_IsPropInCacheMismatchedHvoAndTagTest" classname="SIL.LCModel.Application.Impl.DomainDataByFlidTests" runstate="Runnable" seed="1429574334" result="Passed" start-time="2020-10-05 16:46:12Z" end-time="2020-10-05 16:46:12Z" duration="0.000421" asserts="1" />
              <test-case id="3-2794" name="get_IsPropInCacheTest" fullname="SIL.LCModel.Application.Impl.DomainDataByFlidTests.get_IsPropInCacheTest" methodname="get_IsPropInCacheTest" classname="SIL.LCModel.Application.Impl.DomainDataByFlidTests" runstate="Runnable" seed="460089230" result="Passed" start-time="2020-10-05 16:46:12Z" end-time="2020-10-05 16:46:12Z" duration="0.000180" asserts="1" />
              <test-case id="3-2747" name="get_IsValidObjectTest" fullname="SIL.LCModel.Application.Impl.DomainDataByFlidTests.get_IsValidObjectTest" methodname="get_IsValidObjectTest" classname="SIL.LCModel.Application.Impl.DomainDataByFlidTests" runstate="Runnable" seed="130315476" result="Passed" start-time="2020-10-05 16:46:12Z" end-time="2020-10-05 16:46:12Z" duration="0.000508" asserts="2" />
              <test-case id="3-2748" name="get_IsValidObjectZeroHvoTest" fullname="SIL.LCModel.Application.Impl.DomainDataByFlidTests.get_IsValidObjectZeroHvoTest" methodname="get_IsValidObjectZeroHvoTest" classname="SIL.LCModel.Application.Impl.DomainDataByFlidTests" runstate="Runnable" seed="1001459490" result="Passed" start-time="2020-10-05 16:46:12Z" end-time="2020-10-05 16:46:12Z" duration="0.000251" asserts="1" />
              <test-case id="3-2783" name="get_MultiTest" fullname="SIL.LCModel.Application.Impl.DomainDataByFlidTests.get_MultiTest" methodname="get_MultiTest" classname="SIL.LCModel.Application.Impl.DomainDataByFlidTests" runstate="Runnable" seed="951215131" result="Passed" start-time="2020-10-05 16:46:12Z" end-time="2020-10-05 16:46:12Z" duration="0.000398" asserts="1" />
              <test-case id="3-2749" name="get_ObjectPropTest" fullname="SIL.LCModel.Application.Impl.DomainDataByFlidTests.get_ObjectPropTest" methodname="get_ObjectPropTest" classname="SIL.LCModel.Application.Impl.DomainDataByFlidTests" runstate="Runnable" seed="1555821374" result="Passed" start-time="2020-10-05 16:46:12Z" end-time="2020-10-05 16:46:12Z" duration="0.000473" asserts="4" />
              <test-case id="3-2762" name="get_ObjFromGuidBadTest" fullname="SIL.LCModel.Application.Impl.DomainDataByFlidTests.get_ObjFromGuidBadTest" methodname="get_ObjFromGuidBadTest" classname="SIL.LCModel.Application.Impl.DomainDataByFlidTests" runstate="Runnable" seed="257696746" result="Passed" start-time="2020-10-05 16:46:12Z" end-time="2020-10-05 16:46:12Z" duration="0.000576" asserts="1" />
              <test-case id="3-2763" name="get_ObjFromGuidTest" fullname="SIL.LCModel.Application.Impl.DomainDataByFlidTests.get_ObjFromGuidTest" methodname="get_ObjFromGuidTest" classname="SIL.LCModel.Application.Impl.DomainDataByFlidTests" runstate="Runnable" seed="1151349276" result="Passed" start-time="2020-10-05 16:46:12Z" end-time="2020-10-05 16:46:12Z" duration="0.000213" asserts="1" />
              <test-case id="3-2781" name="get_StringPropTest" fullname="SIL.LCModel.Application.Impl.DomainDataByFlidTests.get_StringPropTest" methodname="get_StringPropTest" classname="SIL.LCModel.Application.Impl.DomainDataByFlidTests" runstate="Runnable" seed="560153935" result="Passed" start-time="2020-10-05 16:46:12Z" end-time="2020-10-05 16:46:12Z" duration="0.004386" asserts="2" />
              <test-case id="3-2776" name="get_TimePropTest" fullname="SIL.LCModel.Application.Impl.DomainDataByFlidTests.get_TimePropTest" methodname="get_TimePropTest" classname="SIL.LCModel.Application.Impl.DomainDataByFlidTests" runstate="Runnable" seed="1183596919" result="Passed" start-time="2020-10-05 16:46:12Z" end-time="2020-10-05 16:46:12Z" duration="0.000980" asserts="1" />
              <test-case id="3-2773" name="get_UnicodePropTest" fullname="SIL.LCModel.Application.Impl.DomainDataByFlidTests.get_UnicodePropTest" methodname="get_UnicodePropTest" classname="SIL.LCModel.Application.Impl.DomainDataByFlidTests" runstate="Runnable" seed="923093226" result="Passed" start-time="2020-10-05 16:46:12Z" end-time="2020-10-05 16:46:12Z" duration="0.000193" asserts="1" />
              <test-case id="3-2787" name="get_VecItemTest" fullname="SIL.LCModel.Application.Impl.DomainDataByFlidTests.get_VecItemTest" methodname="get_VecItemTest" classname="SIL.LCModel.Application.Impl.DomainDataByFlidTests" runstate="Runnable" seed="762184603" result="Passed" start-time="2020-10-05 16:46:12Z" end-time="2020-10-05 16:46:12Z" duration="0.004779" asserts="2" />
              <test-case id="3-2785" name="get_VecSizeTest" fullname="SIL.LCModel.Application.Impl.DomainDataByFlidTests.get_VecSizeTest" methodname="get_VecSizeTest" classname="SIL.LCModel.Application.Impl.DomainDataByFlidTests" runstate="Runnable" seed="669347253" result="Passed" start-time="2020-10-05 16:46:12Z" end-time="2020-10-05 16:46:12Z" duration="0.000529" asserts="3" />
              <test-case id="3-2745" name="GetActionHandlerTest" fullname="SIL.LCModel.Application.Impl.DomainDataByFlidTests.GetActionHandlerTest" methodname="GetActionHandlerTest" classname="SIL.LCModel.Application.Impl.DomainDataByFlidTests" runstate="Runnable" seed="1417426758" result="Passed" start-time="2020-10-05 16:46:12Z" end-time="2020-10-05 16:46:12Z" duration="0.000203" asserts="2" />
              <test-case id="3-2755" name="GetIntAsBooleanBadTests" fullname="SIL.LCModel.Application.Impl.DomainDataByFlidTests.GetIntAsBooleanBadTests" methodname="GetIntAsBooleanBadTests" classname="SIL.LCModel.Application.Impl.DomainDataByFlidTests" runstate="Runnable" seed="2015955022" result="Passed" start-time="2020-10-05 16:46:12Z" end-time="2020-10-05 16:46:12Z" duration="0.000325" asserts="1" />
              <test-case id="3-2756" name="GetIntAsBooleanGoodTests" fullname="SIL.LCModel.Application.Impl.DomainDataByFlidTests.GetIntAsBooleanGoodTests" methodname="GetIntAsBooleanGoodTests" classname="SIL.LCModel.Application.Impl.DomainDataByFlidTests" runstate="Runnable" seed="1987775678" result="Passed" start-time="2020-10-05 16:46:12Z" end-time="2020-10-05 16:46:12Z" duration="0.000533" asserts="3" />
              <test-case id="3-2788" name="GetObjIndexTest" fullname="SIL.LCModel.Application.Impl.DomainDataByFlidTests.GetObjIndexTest" methodname="GetObjIndexTest" classname="SIL.LCModel.Application.Impl.DomainDataByFlidTests" runstate="Runnable" seed="1586664332" result="Passed" start-time="2020-10-05 16:46:12Z" end-time="2020-10-05 16:46:12Z" duration="0.004109" asserts="2" />
              <test-case id="3-2808" name="GetVectorPropertyCustom" fullname="SIL.LCModel.Application.Impl.DomainDataByFlidTests.GetVectorPropertyCustom" methodname="GetVectorPropertyCustom" classname="SIL.LCModel.Application.Impl.DomainDataByFlidTests" runstate="Runnable" seed="1159753791" result="Passed" start-time="2020-10-05 16:46:12Z" end-time="2020-10-05 16:46:12Z" duration="0.001332" asserts="2" />
              <test-case id="3-2807" name="GetVectorPropertyVirtual" fullname="SIL.LCModel.Application.Impl.DomainDataByFlidTests.GetVectorPropertyVirtual" methodname="GetVectorPropertyVirtual" classname="SIL.LCModel.Application.Impl.DomainDataByFlidTests" runstate="Runnable" seed="617170863" result="Passed" start-time="2020-10-05 16:46:12Z" end-time="2020-10-05 16:46:12Z" duration="0.001281" asserts="1" />
              <test-case id="3-2795" name="IllegalFlidTest1" fullname="SIL.LCModel.Application.Impl.DomainDataByFlidTests.IllegalFlidTest1" methodname="IllegalFlidTest1" classname="SIL.LCModel.Application.Impl.DomainDataByFlidTests" runstate="Runnable" seed="1771858253" result="Passed" start-time="2020-10-05 16:46:12Z" end-time="2020-10-05 16:46:12Z" duration="0.001000" asserts="1" />
              <test-case id="3-2796" name="IllegalFlidTest2" fullname="SIL.LCModel.Application.Impl.DomainDataByFlidTests.IllegalFlidTest2" methodname="IllegalFlidTest2" classname="SIL.LCModel.Application.Impl.DomainDataByFlidTests" runstate="Runnable" seed="964319271" result="Passed" start-time="2020-10-05 16:46:12Z" end-time="2020-10-05 16:46:12Z" duration="0.000364" asserts="1" />
              <test-case id="3-2750" name="InsertNew" fullname="SIL.LCModel.Application.Impl.DomainDataByFlidTests.InsertNew" methodname="InsertNew" classname="SIL.LCModel.Application.Impl.DomainDataByFlidTests" runstate="Runnable" seed="618587900" result="Passed" start-time="2020-10-05 16:46:12Z" end-time="2020-10-05 16:46:12Z" duration="0.005433" asserts="16" />
              <test-case id="3-2800" name="MakeNewAbstractObjectTest" fullname="SIL.LCModel.Application.Impl.DomainDataByFlidTests.MakeNewAbstractObjectTest" methodname="MakeNewAbstractObjectTest" classname="SIL.LCModel.Application.Impl.DomainDataByFlidTests" runstate="Runnable" seed="661297961" result="Passed" start-time="2020-10-05 16:46:12Z" end-time="2020-10-05 16:46:12Z" duration="0.000350" asserts="1" />
              <test-case id="3-2801" name="MakeNewObjectTest" fullname="SIL.LCModel.Application.Impl.DomainDataByFlidTests.MakeNewObjectTest" methodname="MakeNewObjectTest" classname="SIL.LCModel.Application.Impl.DomainDataByFlidTests" runstate="Runnable" seed="1261481708" result="Passed" start-time="2020-10-05 16:46:12Z" end-time="2020-10-05 16:46:12Z" duration="0.001947" asserts="7" />
              <test-case id="3-2803" name="MakeNewObjectTest_StFootnote" fullname="SIL.LCModel.Application.Impl.DomainDataByFlidTests.MakeNewObjectTest_StFootnote" methodname="MakeNewObjectTest_StFootnote" classname="SIL.LCModel.Application.Impl.DomainDataByFlidTests" runstate="Runnable" seed="2035871940" result="Passed" start-time="2020-10-05 16:46:12Z" end-time="2020-10-05 16:46:12Z" duration="0.011818" asserts="3" />
              <test-case id="3-2802" name="MakeNewObjectTest_StTxtPara" fullname="SIL.LCModel.Application.Impl.DomainDataByFlidTests.MakeNewObjectTest_StTxtPara" methodname="MakeNewObjectTest_StTxtPara" classname="SIL.LCModel.Application.Impl.DomainDataByFlidTests" runstate="Runnable" seed="1733426" result="Passed" start-time="2020-10-05 16:46:12Z" end-time="2020-10-05 16:46:12Z" duration="0.001231" asserts="3" />
              <test-case id="3-2743" name="MetaDataCacheGetterTest" fullname="SIL.LCModel.Application.Impl.DomainDataByFlidTests.MetaDataCacheGetterTest" methodname="MetaDataCacheGetterTest" classname="SIL.LCModel.Application.Impl.DomainDataByFlidTests" runstate="Runnable" seed="877407983" result="Passed" start-time="2020-10-05 16:46:12Z" end-time="2020-10-05 16:46:12Z" duration="0.000147" asserts="1" />
              <test-case id="3-2805" name="MoveOwnSeqTest" fullname="SIL.LCModel.Application.Impl.DomainDataByFlidTests.MoveOwnSeqTest" methodname="MoveOwnSeqTest" classname="SIL.LCModel.Application.Impl.DomainDataByFlidTests" runstate="Runnable" seed="1452944377" result="Passed" start-time="2020-10-05 16:46:12Z" end-time="2020-10-05 16:46:12Z" duration="0.004343" asserts="18" />
              <test-case id="3-2806" name="MoveOwnTest" fullname="SIL.LCModel.Application.Impl.DomainDataByFlidTests.MoveOwnTest" methodname="MoveOwnTest" classname="SIL.LCModel.Application.Impl.DomainDataByFlidTests" runstate="Runnable" seed="111163007" result="Passed" start-time="2020-10-05 16:46:12Z" end-time="2020-10-05 16:46:12Z" duration="0.004027" asserts="20" />
              <test-case id="3-2751" name="MoveString" fullname="SIL.LCModel.Application.Impl.DomainDataByFlidTests.MoveString" methodname="MoveString" classname="SIL.LCModel.Application.Impl.DomainDataByFlidTests" runstate="Runnable" seed="270031461" result="Passed" start-time="2020-10-05 16:46:12Z" end-time="2020-10-05 16:46:12Z" duration="0.011580" asserts="6" />
              <test-case id="3-2804" name="ReplaceTest" fullname="SIL.LCModel.Application.Impl.DomainDataByFlidTests.ReplaceTest" methodname="ReplaceTest" classname="SIL.LCModel.Application.Impl.DomainDataByFlidTests" runstate="Runnable" seed="1225233138" result="Passed" start-time="2020-10-05 16:46:12Z" end-time="2020-10-05 16:46:12Z" duration="0.011005" asserts="11" />
              <test-case id="3-2759" name="set_BooleanPropTest" fullname="SIL.LCModel.Application.Impl.DomainDataByFlidTests.set_BooleanPropTest" methodname="set_BooleanPropTest" classname="SIL.LCModel.Application.Impl.DomainDataByFlidTests" runstate="Runnable" seed="1022708647" result="Passed" start-time="2020-10-05 16:46:12Z" end-time="2020-10-05 16:46:12Z" duration="0.000414" asserts="2" />
              <test-case id="3-2767" name="set_Class_IntPropTest" fullname="SIL.LCModel.Application.Impl.DomainDataByFlidTests.set_Class_IntPropTest" methodname="set_Class_IntPropTest" classname="SIL.LCModel.Application.Impl.DomainDataByFlidTests" runstate="Runnable" seed="1963308084" result="Passed" start-time="2020-10-05 16:46:12Z" end-time="2020-10-05 16:46:12Z" duration="0.001029" asserts="1" />
              <test-case id="3-2772" name="set_GenDatePropTest" fullname="SIL.LCModel.Application.Impl.DomainDataByFlidTests.set_GenDatePropTest" methodname="set_GenDatePropTest" classname="SIL.LCModel.Application.Impl.DomainDataByFlidTests" runstate="Runnable" seed="347643438" result="Passed" start-time="2020-10-05 16:46:12Z" end-time="2020-10-05 16:46:12Z" duration="0.002005" asserts="1" />
              <test-case id="3-2765" name="set_GuidPropTest" fullname="SIL.LCModel.Application.Impl.DomainDataByFlidTests.set_GuidPropTest" methodname="set_GuidPropTest" classname="SIL.LCModel.Application.Impl.DomainDataByFlidTests" runstate="Runnable" seed="2041022691" result="Passed" start-time="2020-10-05 16:46:12Z" end-time="2020-10-05 16:46:12Z" duration="0.000647" asserts="1" />
              <test-case id="3-2770" name="set_IntPropTest" fullname="SIL.LCModel.Application.Impl.DomainDataByFlidTests.set_IntPropTest" methodname="set_IntPropTest" classname="SIL.LCModel.Application.Impl.DomainDataByFlidTests" runstate="Runnable" seed="1528388223" result="Passed" start-time="2020-10-05 16:46:12Z" end-time="2020-10-05 16:46:12Z" duration="0.000548" asserts="2" />
              <test-case id="3-2784" name="set_MultiTest" fullname="SIL.LCModel.Application.Impl.DomainDataByFlidTests.set_MultiTest" methodname="set_MultiTest" classname="SIL.LCModel.Application.Impl.DomainDataByFlidTests" runstate="Runnable" seed="1272570306" result="Passed" start-time="2020-10-05 16:46:12Z" end-time="2020-10-05 16:46:12Z" duration="0.000374" asserts="1" />
              <test-case id="3-2752" name="set_ObjectProp_Owning_Test" fullname="SIL.LCModel.Application.Impl.DomainDataByFlidTests.set_ObjectProp_Owning_Test" methodname="set_ObjectProp_Owning_Test" classname="SIL.LCModel.Application.Impl.DomainDataByFlidTests" runstate="Runnable" seed="1637844546" result="Passed" start-time="2020-10-05 16:46:12Z" end-time="2020-10-05 16:46:12Z" duration="0.000500" asserts="1" />
              <test-case id="3-2753" name="set_ObjectProp_Ref_Test" fullname="SIL.LCModel.Application.Impl.DomainDataByFlidTests.set_ObjectProp_Ref_Test" methodname="set_ObjectProp_Ref_Test" classname="SIL.LCModel.Application.Impl.DomainDataByFlidTests" runstate="Runnable" seed="538298019" result="Passed" start-time="2020-10-05 16:46:12Z" end-time="2020-10-05 16:46:12Z" duration="0.002241" asserts="3" />
              <test-case id="3-2768" name="set_OwnFlid_IntPropTest" fullname="SIL.LCModel.Application.Impl.DomainDataByFlidTests.set_OwnFlid_IntPropTest" methodname="set_OwnFlid_IntPropTest" classname="SIL.LCModel.Application.Impl.DomainDataByFlidTests" runstate="Runnable" seed="1231864430" result="Passed" start-time="2020-10-05 16:46:12Z" end-time="2020-10-05 16:46:12Z" duration="0.000317" asserts="1" />
              <test-case id="3-2769" name="set_OwnOrd_IntPropTest" fullname="SIL.LCModel.Application.Impl.DomainDataByFlidTests.set_OwnOrd_IntPropTest" methodname="set_OwnOrd_IntPropTest" classname="SIL.LCModel.Application.Impl.DomainDataByFlidTests" runstate="Runnable" seed="1692859209" result="Passed" start-time="2020-10-05 16:46:12Z" end-time="2020-10-05 16:46:12Z" duration="0.000272" asserts="1" />
              <test-case id="3-2774" name="set_UnicodePropTest" fullname="SIL.LCModel.Application.Impl.DomainDataByFlidTests.set_UnicodePropTest" methodname="set_UnicodePropTest" classname="SIL.LCModel.Application.Impl.DomainDataByFlidTests" runstate="Runnable" seed="1398695676" result="Passed" start-time="2020-10-05 16:46:12Z" end-time="2020-10-05 16:46:12Z" duration="0.000359" asserts="2" />
              <test-case id="3-2746" name="SetActionHandlerTest" fullname="SIL.LCModel.Application.Impl.DomainDataByFlidTests.SetActionHandlerTest" methodname="SetActionHandlerTest" classname="SIL.LCModel.Application.Impl.DomainDataByFlidTests" runstate="Runnable" seed="2145687247" result="Passed" start-time="2020-10-05 16:46:12Z" end-time="2020-10-05 16:46:12Z" duration="0.000285" asserts="1" />
              <test-case id="3-2780" name="SetBinaryTest" fullname="SIL.LCModel.Application.Impl.DomainDataByFlidTests.SetBinaryTest" methodname="SetBinaryTest" classname="SIL.LCModel.Application.Impl.DomainDataByFlidTests" runstate="Runnable" seed="2087801168" result="Passed" start-time="2020-10-05 16:46:12Z" end-time="2020-10-05 16:46:12Z" duration="0.000610" asserts="6" />
              <test-case id="3-2757" name="SetBooleanAsIntBadTests" fullname="SIL.LCModel.Application.Impl.DomainDataByFlidTests.SetBooleanAsIntBadTests" methodname="SetBooleanAsIntBadTests" classname="SIL.LCModel.Application.Impl.DomainDataByFlidTests" runstate="Runnable" seed="1072729651" result="Passed" start-time="2020-10-05 16:46:12Z" end-time="2020-10-05 16:46:12Z" duration="0.000417" asserts="1" />
              <test-case id="3-2758" name="SetBooleanAsIntGoodTests" fullname="SIL.LCModel.Application.Impl.DomainDataByFlidTests.SetBooleanAsIntGoodTests" methodname="SetBooleanAsIntGoodTests" classname="SIL.LCModel.Application.Impl.DomainDataByFlidTests" runstate="Runnable" seed="1782134996" result="Passed" start-time="2020-10-05 16:46:12Z" end-time="2020-10-05 16:46:12Z" duration="0.000356" asserts="2" />
              <test-case id="3-2782" name="SetStringTest" fullname="SIL.LCModel.Application.Impl.DomainDataByFlidTests.SetStringTest" methodname="SetStringTest" classname="SIL.LCModel.Application.Impl.DomainDataByFlidTests" runstate="Runnable" seed="136048218" result="Passed" start-time="2020-10-05 16:46:12Z" end-time="2020-10-05 16:46:12Z" duration="0.000461" asserts="2" />
              <test-case id="3-2777" name="SetTimeTest" fullname="SIL.LCModel.Application.Impl.DomainDataByFlidTests.SetTimeTest" methodname="SetTimeTest" classname="SIL.LCModel.Application.Impl.DomainDataByFlidTests" runstate="Runnable" seed="431756633" result="Passed" start-time="2020-10-05 16:46:12Z" end-time="2020-10-05 16:46:12Z" duration="0.000499" asserts="1" />
              <test-case id="3-2760" name="SetUnknownBadTest" fullname="SIL.LCModel.Application.Impl.DomainDataByFlidTests.SetUnknownBadTest" methodname="SetUnknownBadTest" classname="SIL.LCModel.Application.Impl.DomainDataByFlidTests" runstate="Runnable" seed="1809789450" result="Passed" start-time="2020-10-05 16:46:12Z" end-time="2020-10-05 16:46:12Z" duration="0.000538" asserts="1" />
              <test-case id="3-2775" name="UnicodePropRgchTest" fullname="SIL.LCModel.Application.Impl.DomainDataByFlidTests.UnicodePropRgchTest" methodname="UnicodePropRgchTest" classname="SIL.LCModel.Application.Impl.DomainDataByFlidTests" runstate="Runnable" seed="64268737" result="Passed" start-time="2020-10-05 16:46:12Z" end-time="2020-10-05 16:46:12Z" duration="0.000866" asserts="3" />
              <test-case id="3-2761" name="UnknownTests" fullname="SIL.LCModel.Application.Impl.DomainDataByFlidTests.UnknownTests" methodname="UnknownTests" classname="SIL.LCModel.Application.Impl.DomainDataByFlidTests" runstate="Runnable" seed="586265901" result="Passed" start-time="2020-10-05 16:46:12Z" end-time="2020-10-05 16:46:12Z" duration="0.000744" asserts="2" />
              <test-case id="3-2786" name="VecPropTest" fullname="SIL.LCModel.Application.Impl.DomainDataByFlidTests.VecPropTest" methodname="VecPropTest" classname="SIL.LCModel.Application.Impl.DomainDataByFlidTests" runstate="Runnable" seed="1748962441" result="Passed" start-time="2020-10-05 16:46:12Z" end-time="2020-10-05 16:46:12Z" duration="0.001302" asserts="3" />
              <test-case id="3-2799" name="WrongDataTypeForCustomPropertyTest" fullname="SIL.LCModel.Application.Impl.DomainDataByFlidTests.WrongDataTypeForCustomPropertyTest" methodname="WrongDataTypeForCustomPropertyTest" classname="SIL.LCModel.Application.Impl.DomainDataByFlidTests" runstate="Runnable" seed="647591974" result="Passed" start-time="2020-10-05 16:46:12Z" end-time="2020-10-05 16:46:12Z" duration="0.000578" asserts="1" />
            </test-suite>
          </test-suite>
        </test-suite>
        <test-suite type="TestFixture" id="3-1000" name="CmObjectIdTests" fullname="SIL.LCModel.CmObjectIdTests" classname="SIL.LCModel.CmObjectIdTests" runstate="Runnable" testcasecount="3" result="Passed" start-time="2020-10-05 16:46:12Z" end-time="2020-10-05 16:46:12Z" duration="0.057811" total="3" passed="3" failed="0" warnings="0" inconclusive="0" skipped="0" asserts="8">
          <test-case id="3-1003" name="CmObjectOrIdGetObject" fullname="SIL.LCModel.CmObjectIdTests.CmObjectOrIdGetObject" methodname="CmObjectOrIdGetObject" classname="SIL.LCModel.CmObjectIdTests" runstate="Runnable" seed="1737948193" result="Passed" start-time="2020-10-05 16:46:12Z" end-time="2020-10-05 16:46:12Z" duration="0.000394" asserts="2" />
          <test-case id="3-1002" name="CmObjectOrIdSets" fullname="SIL.LCModel.CmObjectIdTests.CmObjectOrIdSets" methodname="CmObjectOrIdSets" classname="SIL.LCModel.CmObjectIdTests" runstate="Runnable" seed="600368643" result="Passed" start-time="2020-10-05 16:46:12Z" end-time="2020-10-05 16:46:12Z" duration="0.000209" asserts="2" />
          <test-case id="3-1001" name="MakingInstances" fullname="SIL.LCModel.CmObjectIdTests.MakingInstances" methodname="MakingInstances" classname="SIL.LCModel.CmObjectIdTests" runstate="Runnable" seed="73020212" result="Passed" start-time="2020-10-05 16:46:12Z" end-time="2020-10-05 16:46:12Z" duration="0.001457" asserts="4" />
        </test-suite>
        <test-suite type="TestSuite" id="3-2835" name="DomainImpl" fullname="SIL.LCModel.DomainImpl" runstate="Runnable" testcasecount="866" result="Skipped" label="Ignored" site="Child" start-time="2020-10-05 16:46:09Z" end-time="2020-10-05 16:46:20Z" duration="11.518718" total="866" passed="858" failed="0" warnings="0" inconclusive="0" skipped="8" asserts="14753">
          <reason>
            <message><![CDATA[One or more child tests were ignored]]></message>
          </reason>
          <test-suite type="TestFixture" id="3-1817" name="AnalysisAdjusterTests" fullname="SIL.LCModel.DomainImpl.AnalysisAdjusterTests" classname="SIL.LCModel.DomainImpl.AnalysisAdjusterTests" runstate="Runnable" testcasecount="112" result="Skipped" label="Ignored" site="Child" start-time="2020-10-05 16:46:12Z" end-time="2020-10-05 16:46:14Z" duration="2.231225" total="112" passed="111" failed="0" warnings="0" inconclusive="0" skipped="1" asserts="10145">
            <reason>
              <message><![CDATA[One or more child tests were ignored]]></message>
            </reason>
            <test-case id="3-1849" name="ApplyVerseNumberStyleToText_BeginSegment" fullname="SIL.LCModel.DomainImpl.AnalysisAdjusterTests.ApplyVerseNumberStyleToText_BeginSegment" methodname="ApplyVerseNumberStyleToText_BeginSegment" classname="SIL.LCModel.DomainImpl.AnalysisAdjusterTests" runstate="Runnable" seed="1291441368" result="Passed" start-time="2020-10-05 16:46:12Z" end-time="2020-10-05 16:46:12Z" duration="0.049809" asserts="91" />
            <test-case id="3-1850" name="ApplyVerseNumberStyleToText_MidSegment" fullname="SIL.LCModel.DomainImpl.AnalysisAdjusterTests.ApplyVerseNumberStyleToText_MidSegment" methodname="ApplyVerseNumberStyleToText_MidSegment" classname="SIL.LCModel.DomainImpl.AnalysisAdjusterTests" runstate="Runnable" seed="1526323592" result="Passed" start-time="2020-10-05 16:46:12Z" end-time="2020-10-05 16:46:12Z" duration="0.013330" asserts="81" />
            <test-case id="3-1866" name="DeleteAllSentencesResultingInEmptyPara" fullname="SIL.LCModel.DomainImpl.AnalysisAdjusterTests.DeleteAllSentencesResultingInEmptyPara" methodname="DeleteAllSentencesResultingInEmptyPara" classname="SIL.LCModel.DomainImpl.AnalysisAdjusterTests" runstate="Runnable" seed="997731531" result="Passed" start-time="2020-10-05 16:46:12Z" end-time="2020-10-05 16:46:12Z" duration="0.022647" asserts="72" />
            <test-case id="3-1864" name="DeleteFirstTwoSentences" fullname="SIL.LCModel.DomainImpl.AnalysisAdjusterTests.DeleteFirstTwoSentences" methodname="DeleteFirstTwoSentences" classname="SIL.LCModel.DomainImpl.AnalysisAdjusterTests" runstate="Runnable" seed="50794337" result="Passed" start-time="2020-10-05 16:46:12Z" end-time="2020-10-05 16:46:12Z" duration="0.034502" asserts="106" />
            <test-case id="3-1865" name="DeleteLastTwoSentences" fullname="SIL.LCModel.DomainImpl.AnalysisAdjusterTests.DeleteLastTwoSentences" methodname="DeleteLastTwoSentences" classname="SIL.LCModel.DomainImpl.AnalysisAdjusterTests" runstate="Runnable" seed="1388356281" result="Passed" start-time="2020-10-05 16:46:12Z" end-time="2020-10-05 16:46:12Z" duration="0.027030" asserts="115" />
            <test-case id="3-1861" name="DeleteLastWordIn1stSentence" fullname="SIL.LCModel.DomainImpl.AnalysisAdjusterTests.DeleteLastWordIn1stSentence" methodname="DeleteLastWordIn1stSentence" classname="SIL.LCModel.DomainImpl.AnalysisAdjusterTests" runstate="Runnable" seed="170702747" result="Passed" start-time="2020-10-05 16:46:12Z" end-time="2020-10-05 16:46:12Z" duration="0.032744" asserts="179" />
            <test-case id="3-1868" name="DeleteParagraph" fullname="SIL.LCModel.DomainImpl.AnalysisAdjusterTests.DeleteParagraph" methodname="DeleteParagraph" classname="SIL.LCModel.DomainImpl.AnalysisAdjusterTests" runstate="Runnable" seed="1879931331" result="Passed" start-time="2020-10-05 16:46:12Z" end-time="2020-10-05 16:46:12Z" duration="0.017903" asserts="37" />
            <test-case id="3-1869" name="DeleteParagraphBreak" fullname="SIL.LCModel.DomainImpl.AnalysisAdjusterTests.DeleteParagraphBreak" methodname="DeleteParagraphBreak" classname="SIL.LCModel.DomainImpl.AnalysisAdjusterTests" runstate="Runnable" seed="1102128709" result="Passed" start-time="2020-10-05 16:46:12Z" end-time="2020-10-05 16:46:12Z" duration="0.015054" asserts="101" />
            <test-case id="3-1871" name="DeleteParagraphBreakAndMergeSegsButNotWords" fullname="SIL.LCModel.DomainImpl.AnalysisAdjusterTests.DeleteParagraphBreakAndMergeSegsButNotWords" methodname="DeleteParagraphBreakAndMergeSegsButNotWords" classname="SIL.LCModel.DomainImpl.AnalysisAdjusterTests" runstate="Runnable" seed="140091515" result="Passed" start-time="2020-10-05 16:46:12Z" end-time="2020-10-05 16:46:12Z" duration="0.018184" asserts="84" />
            <test-case id="3-1870" name="DeleteParagraphBreakAndMergeWords" fullname="SIL.LCModel.DomainImpl.AnalysisAdjusterTests.DeleteParagraphBreakAndMergeWords" methodname="DeleteParagraphBreakAndMergeWords" classname="SIL.LCModel.DomainImpl.AnalysisAdjusterTests" runstate="Runnable" seed="1974228622" result="Passed" start-time="2020-10-05 16:46:12Z" end-time="2020-10-05 16:46:12Z" duration="0.016780" asserts="81" />
            <test-case id="3-1874" name="DeleteParagraphBreakAndSomeSegsMovingMultipleSegsAndMerging" fullname="SIL.LCModel.DomainImpl.AnalysisAdjusterTests.DeleteParagraphBreakAndSomeSegsMovingMultipleSegsAndMerging" methodname="DeleteParagraphBreakAndSomeSegsMovingMultipleSegsAndMerging" classname="SIL.LCModel.DomainImpl.AnalysisAdjusterTests" runstate="Ignored" seed="1969295162" result="Skipped" label="Ignored" start-time="2020-10-05 16:46:12Z" end-time="2020-10-05 16:46:12Z" duration="0.000517" asserts="0">
              <properties>
                <property name="_SKIPREASON" value="We don't currently support this case" />
              </properties>
              <reason>
                <message><![CDATA[We don't currently support this case]]></message>
              </reason>
            </test-case>
            <test-case id="3-1872" name="DeleteParagraphBreakMovingMultipleSegs" fullname="SIL.LCModel.DomainImpl.AnalysisAdjusterTests.DeleteParagraphBreakMovingMultipleSegs" methodname="DeleteParagraphBreakMovingMultipleSegs" classname="SIL.LCModel.DomainImpl.AnalysisAdjusterTests" runstate="Runnable" seed="87115592" result="Passed" start-time="2020-10-05 16:46:12Z" end-time="2020-10-05 16:46:12Z" duration="0.019412" asserts="130" />
            <test-case id="3-1873" name="DeleteParagraphBreakMovingMultipleSegsAndMerging" fullname="SIL.LCModel.DomainImpl.AnalysisAdjusterTests.DeleteParagraphBreakMovingMultipleSegsAndMerging" methodname="DeleteParagraphBreakMovingMultipleSegsAndMerging" classname="SIL.LCModel.DomainImpl.AnalysisAdjusterTests" runstate="Runnable" seed="553036781" result="Passed" start-time="2020-10-05 16:46:12Z" end-time="2020-10-05 16:46:12Z" duration="0.020009" asserts="113" />
            <test-case id="3-1863" name="DeleteRangeSpanningSegmentBoundaryAndWholeWords" fullname="SIL.LCModel.DomainImpl.AnalysisAdjusterTests.DeleteRangeSpanningSegmentBoundaryAndWholeWords" methodname="DeleteRangeSpanningSegmentBoundaryAndWholeWords" classname="SIL.LCModel.DomainImpl.AnalysisAdjusterTests" runstate="Runnable" seed="528743817" result="Passed" start-time="2020-10-05 16:46:12Z" end-time="2020-10-05 16:46:12Z" duration="0.031189" asserts="153" />
            <test-case id="3-1840" name="DeleteSegmentBreakToMerge2Sentences" fullname="SIL.LCModel.DomainImpl.AnalysisAdjusterTests.DeleteSegmentBreakToMerge2Sentences" methodname="DeleteSegmentBreakToMerge2Sentences" classname="SIL.LCModel.DomainImpl.AnalysisAdjusterTests" runstate="Runnable" seed="1344418789" result="Passed" start-time="2020-10-05 16:46:12Z" end-time="2020-10-05 16:46:12Z" duration="0.028623" asserts="158" />
            <test-case id="3-1867" name="DeleteSentenceWithoutSegmentBreakChar" fullname="SIL.LCModel.DomainImpl.AnalysisAdjusterTests.DeleteSentenceWithoutSegmentBreakChar" methodname="DeleteSentenceWithoutSegmentBreakChar" classname="SIL.LCModel.DomainImpl.AnalysisAdjusterTests" runstate="Runnable" seed="1636392821" result="Passed" start-time="2020-10-05 16:46:12Z" end-time="2020-10-05 16:46:12Z" duration="0.012248" asserts="34" />
            <test-case id="3-1823" name="FocusedObjectPostponesWordformDeletion" fullname="SIL.LCModel.DomainImpl.AnalysisAdjusterTests.FocusedObjectPostponesWordformDeletion" methodname="FocusedObjectPostponesWordformDeletion" classname="SIL.LCModel.DomainImpl.AnalysisAdjusterTests" runstate="Runnable" seed="1832759930" result="Passed" start-time="2020-10-05 16:46:12Z" end-time="2020-10-05 16:46:12Z" duration="0.008980" asserts="3" />
            <test-case id="3-1818" name="FullIdenticalButNewWsReplacementLeavesTranslation" fullname="SIL.LCModel.DomainImpl.AnalysisAdjusterTests.FullIdenticalButNewWsReplacementLeavesTranslation" methodname="FullIdenticalButNewWsReplacementLeavesTranslation" classname="SIL.LCModel.DomainImpl.AnalysisAdjusterTests" runstate="Runnable" seed="849801861" result="Passed" start-time="2020-10-05 16:46:12Z" end-time="2020-10-05 16:46:12Z" duration="0.009001" asserts="35" />
            <test-case id="3-1834" name="InsertAndDeleteSegmentBreakAfter1stWord" fullname="SIL.LCModel.DomainImpl.AnalysisAdjusterTests.InsertAndDeleteSegmentBreakAfter1stWord" methodname="InsertAndDeleteSegmentBreakAfter1stWord" classname="SIL.LCModel.DomainImpl.AnalysisAdjusterTests" runstate="Runnable" seed="1040261015" result="Passed" start-time="2020-10-05 16:46:12Z" end-time="2020-10-05 16:46:13Z" duration="0.031821" asserts="202" />
            <test-case id="3-1827" name="InsertAndDeleteSpaceAtBeginningOfParagraph" fullname="SIL.LCModel.DomainImpl.AnalysisAdjusterTests.InsertAndDeleteSpaceAtBeginningOfParagraph" methodname="InsertAndDeleteSpaceAtBeginningOfParagraph" classname="SIL.LCModel.DomainImpl.AnalysisAdjusterTests" runstate="Runnable" seed="111546685" result="Passed" start-time="2020-10-05 16:46:13Z" end-time="2020-10-05 16:46:13Z" duration="0.026082" asserts="198" />
            <test-case id="3-1831" name="InsertAndDeleteSpaceAtEndOfFirstSentence" fullname="SIL.LCModel.DomainImpl.AnalysisAdjusterTests.InsertAndDeleteSpaceAtEndOfFirstSentence" methodname="InsertAndDeleteSpaceAtEndOfFirstSentence" classname="SIL.LCModel.DomainImpl.AnalysisAdjusterTests" runstate="Runnable" seed="969545693" result="Passed" start-time="2020-10-05 16:46:13Z" end-time="2020-10-05 16:46:13Z" duration="0.030454" asserts="198" />
            <test-case id="3-1819" name="InsertAndDeleteSpaceAtEndOfPara" fullname="SIL.LCModel.DomainImpl.AnalysisAdjusterTests.InsertAndDeleteSpaceAtEndOfPara" methodname="InsertAndDeleteSpaceAtEndOfPara" classname="SIL.LCModel.DomainImpl.AnalysisAdjusterTests" runstate="Runnable" seed="234279714" result="Passed" start-time="2020-10-05 16:46:13Z" end-time="2020-10-05 16:46:13Z" duration="0.041863" asserts="198" />
            <test-case id="3-1821" name="InsertAndDeleteSpaceBeforePeriodAtEndOfPara" fullname="SIL.LCModel.DomainImpl.AnalysisAdjusterTests.InsertAndDeleteSpaceBeforePeriodAtEndOfPara" methodname="InsertAndDeleteSpaceBeforePeriodAtEndOfPara" classname="SIL.LCModel.DomainImpl.AnalysisAdjusterTests" runstate="Runnable" seed="1199695284" result="Passed" start-time="2020-10-05 16:46:13Z" end-time="2020-10-05 16:46:13Z" duration="0.030658" asserts="198" />
            <test-case id="3-1828" name="InsertAndDeleteSpaceInPhrase" fullname="SIL.LCModel.DomainImpl.AnalysisAdjusterTests.InsertAndDeleteSpaceInPhrase" methodname="InsertAndDeleteSpaceInPhrase" classname="SIL.LCModel.DomainImpl.AnalysisAdjusterTests" runstate="Runnable" seed="675886289" result="Passed" start-time="2020-10-05 16:46:13Z" end-time="2020-10-05 16:46:13Z" duration="0.012937" asserts="33" />
            <test-case id="3-1832" name="InsertAndDeleteSpaceInside1stWord" fullname="SIL.LCModel.DomainImpl.AnalysisAdjusterTests.InsertAndDeleteSpaceInside1stWord" methodname="InsertAndDeleteSpaceInside1stWord" classname="SIL.LCModel.DomainImpl.AnalysisAdjusterTests" runstate="Runnable" seed="1579582009" result="Passed" start-time="2020-10-05 16:46:13Z" end-time="2020-10-05 16:46:13Z" duration="0.029726" asserts="177" />
            <test-case id="3-1826" name="InsertAndDeleteSpacesAmidstEndingPunctuation" fullname="SIL.LCModel.DomainImpl.AnalysisAdjusterTests.InsertAndDeleteSpacesAmidstEndingPunctuation" methodname="InsertAndDeleteSpacesAmidstEndingPunctuation" classname="SIL.LCModel.DomainImpl.AnalysisAdjusterTests" runstate="Runnable" seed="2067833787" result="Passed" start-time="2020-10-05 16:46:13Z" end-time="2020-10-05 16:46:13Z" duration="0.191128" asserts="680" />
            <test-case id="3-1824" name="InsertAndDeleteSpacesInFirstSegOfMultiSegPara" fullname="SIL.LCModel.DomainImpl.AnalysisAdjusterTests.InsertAndDeleteSpacesInFirstSegOfMultiSegPara" methodname="InsertAndDeleteSpacesInFirstSegOfMultiSegPara" classname="SIL.LCModel.DomainImpl.AnalysisAdjusterTests" runstate="Runnable" seed="707397896" result="Passed" start-time="2020-10-05 16:46:13Z" end-time="2020-10-05 16:46:13Z" duration="0.027204" asserts="180" />
            <test-case id="3-1825" name="InsertAndDeleteSpacesThroughoutParaMultiSeg" fullname="SIL.LCModel.DomainImpl.AnalysisAdjusterTests.InsertAndDeleteSpacesThroughoutParaMultiSeg" methodname="InsertAndDeleteSpacesThroughoutParaMultiSeg" classname="SIL.LCModel.DomainImpl.AnalysisAdjusterTests" runstate="Runnable" seed="1523775688" result="Passed" start-time="2020-10-05 16:46:13Z" end-time="2020-10-05 16:46:13Z" duration="0.039512" asserts="164" />
            <test-case id="3-1822" name="InsertAndDeleteSpacesThroughoutParaSingleSeg" fullname="SIL.LCModel.DomainImpl.AnalysisAdjusterTests.InsertAndDeleteSpacesThroughoutParaSingleSeg" methodname="InsertAndDeleteSpacesThroughoutParaSingleSeg" classname="SIL.LCModel.DomainImpl.AnalysisAdjusterTests" runstate="Runnable" seed="1871638028" result="Passed" start-time="2020-10-05 16:46:13Z" end-time="2020-10-05 16:46:13Z" duration="0.011710" asserts="72" />
            <test-case id="3-1853" name="InsertAndDeleteWordFormCharInside1stWord" fullname="SIL.LCModel.DomainImpl.AnalysisAdjusterTests.InsertAndDeleteWordFormCharInside1stWord" methodname="InsertAndDeleteWordFormCharInside1stWord" classname="SIL.LCModel.DomainImpl.AnalysisAdjusterTests" runstate="Runnable" seed="1148121991" result="Passed" start-time="2020-10-05 16:46:13Z" end-time="2020-10-05 16:46:13Z" duration="0.028113" asserts="176" />
            <test-case id="3-1820" name="InsertCharacterAtEndOfParaWithPunctuationAndForeignWords" fullname="SIL.LCModel.DomainImpl.AnalysisAdjusterTests.InsertCharacterAtEndOfParaWithPunctuationAndForeignWords" methodname="InsertCharacterAtEndOfParaWithPunctuationAndForeignWords" classname="SIL.LCModel.DomainImpl.AnalysisAdjusterTests" runstate="Runnable" seed="510573296" result="Passed" start-time="2020-10-05 16:46:13Z" end-time="2020-10-05 16:46:13Z" duration="0.018395" asserts="142" />
            <test-case id="3-1859" name="InsertDuplicateWordformIn1stSentence" fullname="SIL.LCModel.DomainImpl.AnalysisAdjusterTests.InsertDuplicateWordformIn1stSentence" methodname="InsertDuplicateWordformIn1stSentence" classname="SIL.LCModel.DomainImpl.AnalysisAdjusterTests" runstate="Runnable" seed="616558491" result="Passed" start-time="2020-10-05 16:46:13Z" end-time="2020-10-05 16:46:13Z" duration="0.026112" asserts="179" />
            <test-case id="3-1846" name="InsertLabelBeforeEOS" fullname="SIL.LCModel.DomainImpl.AnalysisAdjusterTests.InsertLabelBeforeEOS" methodname="InsertLabelBeforeEOS" classname="SIL.LCModel.DomainImpl.AnalysisAdjusterTests" runstate="Runnable" seed="69698240" result="Passed" start-time="2020-10-05 16:46:13Z" end-time="2020-10-05 16:46:13Z" duration="0.025865" asserts="165" />
            <test-case id="3-1843" name="InsertLetterBeforeLabelSegment" fullname="SIL.LCModel.DomainImpl.AnalysisAdjusterTests.InsertLetterBeforeLabelSegment" methodname="InsertLetterBeforeLabelSegment" classname="SIL.LCModel.DomainImpl.AnalysisAdjusterTests" runstate="Runnable" seed="1230436114" result="Passed" start-time="2020-10-05 16:46:13Z" end-time="2020-10-05 16:46:13Z" duration="0.026552" asserts="179" />
            <test-case id="3-1847" name="InsertMultiCharLabelBeforeEOS" fullname="SIL.LCModel.DomainImpl.AnalysisAdjusterTests.InsertMultiCharLabelBeforeEOS" methodname="InsertMultiCharLabelBeforeEOS" classname="SIL.LCModel.DomainImpl.AnalysisAdjusterTests" runstate="Runnable" seed="661747729" result="Passed" start-time="2020-10-05 16:46:13Z" end-time="2020-10-05 16:46:13Z" duration="0.026353" asserts="165" />
            <test-case id="3-1878" name="InsertNewlineInWord" fullname="SIL.LCModel.DomainImpl.AnalysisAdjusterTests.InsertNewlineInWord" methodname="InsertNewlineInWord" classname="SIL.LCModel.DomainImpl.AnalysisAdjusterTests" runstate="Runnable" seed="1860955090" result="Passed" start-time="2020-10-05 16:46:13Z" end-time="2020-10-05 16:46:13Z" duration="0.012755" asserts="86" />
            <test-case id="3-1881" name="InsertNewlineMovingOnlyPunctuation" fullname="SIL.LCModel.DomainImpl.AnalysisAdjusterTests.InsertNewlineMovingOnlyPunctuation" methodname="InsertNewlineMovingOnlyPunctuation" classname="SIL.LCModel.DomainImpl.AnalysisAdjusterTests" runstate="Runnable" seed="1423081566" result="Passed" start-time="2020-10-05 16:46:13Z" end-time="2020-10-05 16:46:13Z" duration="0.013788" asserts="87" />
            <test-case id="3-1879" name="InsertNewlineMovingWordsAndSegs" fullname="SIL.LCModel.DomainImpl.AnalysisAdjusterTests.InsertNewlineMovingWordsAndSegs" methodname="InsertNewlineMovingWordsAndSegs" classname="SIL.LCModel.DomainImpl.AnalysisAdjusterTests" runstate="Runnable" seed="1128709597" result="Passed" start-time="2020-10-05 16:46:13Z" end-time="2020-10-05 16:46:13Z" duration="0.013550" asserts="74" />
            <test-case id="3-1854" name="InsertNewWordIn1stSentence" fullname="SIL.LCModel.DomainImpl.AnalysisAdjusterTests.InsertNewWordIn1stSentence" methodname="InsertNewWordIn1stSentence" classname="SIL.LCModel.DomainImpl.AnalysisAdjusterTests" runstate="Runnable" seed="514121623" result="Passed" start-time="2020-10-05 16:46:13Z" end-time="2020-10-05 16:46:13Z" duration="0.025900" asserts="177" />
            <test-case id="3-1842" name="InsertPunctuationBeforeLabelSegment" fullname="SIL.LCModel.DomainImpl.AnalysisAdjusterTests.InsertPunctuationBeforeLabelSegment" methodname="InsertPunctuationBeforeLabelSegment" classname="SIL.LCModel.DomainImpl.AnalysisAdjusterTests" runstate="Runnable" seed="1946169413" result="Passed" start-time="2020-10-05 16:46:13Z" end-time="2020-10-05 16:46:13Z" duration="0.016143" asserts="94" />
            <test-case id="3-1888" name="InsertSentencesAfterFirstSentence" fullname="SIL.LCModel.DomainImpl.AnalysisAdjusterTests.InsertSentencesAfterFirstSentence" methodname="InsertSentencesAfterFirstSentence" classname="SIL.LCModel.DomainImpl.AnalysisAdjusterTests" runstate="Runnable" seed="1571907427" result="Passed" start-time="2020-10-05 16:46:13Z" end-time="2020-10-05 16:46:13Z" duration="0.036008" asserts="220" />
            <test-case id="3-1844" name="MassiveStyleChangeInScripture" fullname="SIL.LCModel.DomainImpl.AnalysisAdjusterTests.MassiveStyleChangeInScripture" methodname="MassiveStyleChangeInScripture" classname="SIL.LCModel.DomainImpl.AnalysisAdjusterTests" runstate="Runnable" seed="1432034876" result="Passed" start-time="2020-10-05 16:46:13Z" end-time="2020-10-05 16:46:13Z" duration="0.048844" asserts="394" />
            <test-case id="3-1858" name="MergeWords" fullname="SIL.LCModel.DomainImpl.AnalysisAdjusterTests.MergeWords" methodname="MergeWords" classname="SIL.LCModel.DomainImpl.AnalysisAdjusterTests" runstate="Runnable" seed="701702524" result="Passed" start-time="2020-10-05 16:46:13Z" end-time="2020-10-05 16:46:13Z" duration="0.034798" asserts="174" />
            <test-case id="3-1880" name="MoveSentencesFromCompletelyUnanalyzedPara" fullname="SIL.LCModel.DomainImpl.AnalysisAdjusterTests.MoveSentencesFromCompletelyUnanalyzedPara" methodname="MoveSentencesFromCompletelyUnanalyzedPara" classname="SIL.LCModel.DomainImpl.AnalysisAdjusterTests" runstate="Runnable" seed="51298440" result="Passed" start-time="2020-10-05 16:46:13Z" end-time="2020-10-05 16:46:13Z" duration="0.001272" asserts="0" />
            <test-case id="3-1856" name="NoChange" fullname="SIL.LCModel.DomainImpl.AnalysisAdjusterTests.NoChange" methodname="NoChange" classname="SIL.LCModel.DomainImpl.AnalysisAdjusterTests" runstate="Runnable" seed="242654675" result="Passed" start-time="2020-10-05 16:46:13Z" end-time="2020-10-05 16:46:13Z" duration="0.033316" asserts="198" />
            <test-case id="3-1875" name="PasteParaAtStartOfPara" fullname="SIL.LCModel.DomainImpl.AnalysisAdjusterTests.PasteParaAtStartOfPara" methodname="PasteParaAtStartOfPara" classname="SIL.LCModel.DomainImpl.AnalysisAdjusterTests" runstate="Runnable" seed="717037256" result="Passed" start-time="2020-10-05 16:46:13Z" end-time="2020-10-05 16:46:13Z" duration="0.011060" asserts="89" />
            <test-case id="3-1876" name="PasteParaPlusTextAtStartOfPara" fullname="SIL.LCModel.DomainImpl.AnalysisAdjusterTests.PasteParaPlusTextAtStartOfPara" methodname="PasteParaPlusTextAtStartOfPara" classname="SIL.LCModel.DomainImpl.AnalysisAdjusterTests" runstate="Runnable" seed="1405063073" result="Passed" start-time="2020-10-05 16:46:13Z" end-time="2020-10-05 16:46:13Z" duration="0.012838" asserts="83" />
            <test-case id="3-1830" name="PreservePhraseAfterChange" fullname="SIL.LCModel.DomainImpl.AnalysisAdjusterTests.PreservePhraseAfterChange" methodname="PreservePhraseAfterChange" classname="SIL.LCModel.DomainImpl.AnalysisAdjusterTests" runstate="Runnable" seed="853339756" result="Passed" start-time="2020-10-05 16:46:13Z" end-time="2020-10-05 16:46:13Z" duration="0.007092" asserts="35" />
            <test-case id="3-1829" name="PreservePhraseBeforeChange" fullname="SIL.LCModel.DomainImpl.AnalysisAdjusterTests.PreservePhraseBeforeChange" methodname="PreservePhraseBeforeChange" classname="SIL.LCModel.DomainImpl.AnalysisAdjusterTests" runstate="Runnable" seed="1485454770" result="Passed" start-time="2020-10-05 16:46:13Z" end-time="2020-10-05 16:46:13Z" duration="0.007370" asserts="35" />
            <test-case id="3-1862" name="RemoveMiddleOccuranceOfWord" fullname="SIL.LCModel.DomainImpl.AnalysisAdjusterTests.RemoveMiddleOccuranceOfWord" methodname="RemoveMiddleOccuranceOfWord" classname="SIL.LCModel.DomainImpl.AnalysisAdjusterTests" runstate="Runnable" seed="922629898" result="Passed" start-time="2020-10-05 16:46:13Z" end-time="2020-10-05 16:46:13Z" duration="0.024036" asserts="183" />
            <test-case id="3-1838" name="RemoveMiddleSegmentAndMergeTwoLeavingParethesisAndChangeAnalysis" fullname="SIL.LCModel.DomainImpl.AnalysisAdjusterTests.RemoveMiddleSegmentAndMergeTwoLeavingParethesisAndChangeAnalysis" methodname="RemoveMiddleSegmentAndMergeTwoLeavingParethesisAndChangeAnalysis" classname="SIL.LCModel.DomainImpl.AnalysisAdjusterTests" runstate="Runnable" seed="1852285241" result="Passed" start-time="2020-10-05 16:46:13Z" end-time="2020-10-05 16:46:13Z" duration="0.021729" asserts="97" />
            <test-case id="3-1835" name="RemoveMiddleSegmentsAndMergeOuterTwo" fullname="SIL.LCModel.DomainImpl.AnalysisAdjusterTests.RemoveMiddleSegmentsAndMergeOuterTwo" methodname="RemoveMiddleSegmentsAndMergeOuterTwo" classname="SIL.LCModel.DomainImpl.AnalysisAdjusterTests" runstate="Runnable" seed="157372292" result="Passed" start-time="2020-10-05 16:46:13Z" end-time="2020-10-05 16:46:14Z" duration="0.113992" asserts="280" />
            <test-case id="3-1836" name="RemoveMiddleSegmentsAndMergeTwoLeavingParethesis" fullname="SIL.LCModel.DomainImpl.AnalysisAdjusterTests.RemoveMiddleSegmentsAndMergeTwoLeavingParethesis" methodname="RemoveMiddleSegmentsAndMergeTwoLeavingParethesis" classname="SIL.LCModel.DomainImpl.AnalysisAdjusterTests" runstate="Runnable" seed="513961321" result="Passed" start-time="2020-10-05 16:46:14Z" end-time="2020-10-05 16:46:14Z" duration="0.025617" asserts="97" />
            <test-case id="3-1837" name="RemoveMiddleThreeSegmentsAndMergeTwoLeavingParethesis" fullname="SIL.LCModel.DomainImpl.AnalysisAdjusterTests.RemoveMiddleThreeSegmentsAndMergeTwoLeavingParethesis" methodname="RemoveMiddleThreeSegmentsAndMergeTwoLeavingParethesis" classname="SIL.LCModel.DomainImpl.AnalysisAdjusterTests" runstate="Runnable" seed="104390037" result="Passed" start-time="2020-10-05 16:46:14Z" end-time="2020-10-05 16:46:14Z" duration="0.022385" asserts="45" />
            <test-case id="3-1839" name="RemoveMostOfSegmentAndMergeTwoLeavingPeriodandParethesis" fullname="SIL.LCModel.DomainImpl.AnalysisAdjusterTests.RemoveMostOfSegmentAndMergeTwoLeavingPeriodandParethesis" methodname="RemoveMostOfSegmentAndMergeTwoLeavingPeriodandParethesis" classname="SIL.LCModel.DomainImpl.AnalysisAdjusterTests" runstate="Runnable" seed="2023779589" result="Passed" start-time="2020-10-05 16:46:14Z" end-time="2020-10-05 16:46:14Z" duration="0.023720" asserts="120" />
            <test-case id="3-1851" name="ReplaceFootnoteOrcWithAnotherFootnoteOrc" fullname="SIL.LCModel.DomainImpl.AnalysisAdjusterTests.ReplaceFootnoteOrcWithAnotherFootnoteOrc" methodname="ReplaceFootnoteOrcWithAnotherFootnoteOrc" classname="SIL.LCModel.DomainImpl.AnalysisAdjusterTests" runstate="Runnable" seed="582435039" result="Passed" start-time="2020-10-05 16:46:14Z" end-time="2020-10-05 16:46:14Z" duration="0.012552" asserts="70" />
            <test-case id="3-1852" name="ReplaceSegBreakNonSegBreak" fullname="SIL.LCModel.DomainImpl.AnalysisAdjusterTests.ReplaceSegBreakNonSegBreak" methodname="ReplaceSegBreakNonSegBreak" classname="SIL.LCModel.DomainImpl.AnalysisAdjusterTests" runstate="Runnable" seed="1709738086" result="Passed" start-time="2020-10-05 16:46:14Z" end-time="2020-10-05 16:46:14Z" duration="0.026779" asserts="159" />
            <test-case id="3-1841" name="ReplaceSegBreakWithAnotherSegBreak" fullname="SIL.LCModel.DomainImpl.AnalysisAdjusterTests.ReplaceSegBreakWithAnotherSegBreak" methodname="ReplaceSegBreakWithAnotherSegBreak" classname="SIL.LCModel.DomainImpl.AnalysisAdjusterTests" runstate="Runnable" seed="1991790929" result="Passed" start-time="2020-10-05 16:46:14Z" end-time="2020-10-05 16:46:14Z" duration="0.027174" asserts="182" />
            <test-case id="3-1885" name="ReplaceSentencesWithSentence" fullname="SIL.LCModel.DomainImpl.AnalysisAdjusterTests.ReplaceSentencesWithSentence" methodname="ReplaceSentencesWithSentence" classname="SIL.LCModel.DomainImpl.AnalysisAdjusterTests" runstate="Runnable" seed="1518467486" result="Passed" start-time="2020-10-05 16:46:14Z" end-time="2020-10-05 16:46:14Z" duration="0.033317" asserts="88" />
            <test-case id="3-1886" name="ReplaceSentencesWithSentenceKeepingFirstWord" fullname="SIL.LCModel.DomainImpl.AnalysisAdjusterTests.ReplaceSentencesWithSentenceKeepingFirstWord" methodname="ReplaceSentencesWithSentenceKeepingFirstWord" classname="SIL.LCModel.DomainImpl.AnalysisAdjusterTests" runstate="Runnable" seed="179603956" result="Passed" start-time="2020-10-05 16:46:14Z" end-time="2020-10-05 16:46:14Z" duration="0.021098" asserts="97" />
            <test-case id="3-1887" name="ReplaceSentencesWithSentencesChangingResultingStringLength" fullname="SIL.LCModel.DomainImpl.AnalysisAdjusterTests.ReplaceSentencesWithSentencesChangingResultingStringLength" methodname="ReplaceSentencesWithSentencesChangingResultingStringLength" classname="SIL.LCModel.DomainImpl.AnalysisAdjusterTests" runstate="Runnable" seed="423778811" result="Passed" start-time="2020-10-05 16:46:14Z" end-time="2020-10-05 16:46:14Z" duration="0.021386" asserts="130" />
            <test-case id="3-1882" name="ReplaceSentenceWithSameSizeSentence" fullname="SIL.LCModel.DomainImpl.AnalysisAdjusterTests.ReplaceSentenceWithSameSizeSentence" methodname="ReplaceSentenceWithSameSizeSentence" classname="SIL.LCModel.DomainImpl.AnalysisAdjusterTests" runstate="Runnable" seed="1785360940" result="Passed" start-time="2020-10-05 16:46:14Z" end-time="2020-10-05 16:46:14Z" duration="0.026679" asserts="176" />
            <test-case id="3-1883" name="ReplaceSentenceWithSentences" fullname="SIL.LCModel.DomainImpl.AnalysisAdjusterTests.ReplaceSentenceWithSentences" methodname="ReplaceSentenceWithSentences" classname="SIL.LCModel.DomainImpl.AnalysisAdjusterTests" runstate="Runnable" seed="2015464536" result="Passed" start-time="2020-10-05 16:46:14Z" end-time="2020-10-05 16:46:14Z" duration="0.014246" asserts="120" />
            <test-case id="3-1884" name="ReplaceSentenceWithSentences_SameLength" fullname="SIL.LCModel.DomainImpl.AnalysisAdjusterTests.ReplaceSentenceWithSentences_SameLength" methodname="ReplaceSentenceWithSentences_SameLength" classname="SIL.LCModel.DomainImpl.AnalysisAdjusterTests" runstate="Runnable" seed="1520667456" result="Passed" start-time="2020-10-05 16:46:14Z" end-time="2020-10-05 16:46:14Z" duration="0.015359" asserts="120" />
            <test-case id="3-1848" name="ReplaceSpaceWithMultiCharLabelBeforeEOS" fullname="SIL.LCModel.DomainImpl.AnalysisAdjusterTests.ReplaceSpaceWithMultiCharLabelBeforeEOS" methodname="ReplaceSpaceWithMultiCharLabelBeforeEOS" classname="SIL.LCModel.DomainImpl.AnalysisAdjusterTests" runstate="Runnable" seed="592887386" result="Passed" start-time="2020-10-05 16:46:14Z" end-time="2020-10-05 16:46:14Z" duration="0.024688" asserts="165" />
            <test-case id="3-1855" name="ReplaceWordWithSameSizeWord" fullname="SIL.LCModel.DomainImpl.AnalysisAdjusterTests.ReplaceWordWithSameSizeWord" methodname="ReplaceWordWithSameSizeWord" classname="SIL.LCModel.DomainImpl.AnalysisAdjusterTests" runstate="Runnable" seed="2072776770" result="Passed" start-time="2020-10-05 16:46:14Z" end-time="2020-10-05 16:46:14Z" duration="0.025971" asserts="176" />
            <test-case id="3-1857" name="ReplaceWordWithWords" fullname="SIL.LCModel.DomainImpl.AnalysisAdjusterTests.ReplaceWordWithWords" methodname="ReplaceWordWithWords" classname="SIL.LCModel.DomainImpl.AnalysisAdjusterTests" runstate="Runnable" seed="1129718088" result="Passed" start-time="2020-10-05 16:46:14Z" end-time="2020-10-05 16:46:14Z" duration="0.057182" asserts="402" />
            <test-case id="3-1860" name="SegmentIsOutsideOfRange_DoesNotThrowNPE" fullname="SIL.LCModel.DomainImpl.AnalysisAdjusterTests.SegmentIsOutsideOfRange_DoesNotThrowNPE" methodname="SegmentIsOutsideOfRange_DoesNotThrowNPE" classname="SIL.LCModel.DomainImpl.AnalysisAdjusterTests" runstate="Runnable" seed="2010574253" result="Passed" start-time="2020-10-05 16:46:14Z" end-time="2020-10-05 16:46:14Z" duration="0.001430" asserts="9" />
            <test-case id="3-1877" name="SplitTheSecondParagraph" fullname="SIL.LCModel.DomainImpl.AnalysisAdjusterTests.SplitTheSecondParagraph" methodname="SplitTheSecondParagraph" classname="SIL.LCModel.DomainImpl.AnalysisAdjusterTests" runstate="Runnable" seed="1433800760" result="Passed" start-time="2020-10-05 16:46:14Z" end-time="2020-10-05 16:46:14Z" duration="0.016352" asserts="130" />
            <test-case id="3-1833" name="TypingCleansUpSpuriousWordforms" fullname="SIL.LCModel.DomainImpl.AnalysisAdjusterTests.TypingCleansUpSpuriousWordforms" methodname="TypingCleansUpSpuriousWordforms" classname="SIL.LCModel.DomainImpl.AnalysisAdjusterTests" runstate="Runnable" seed="426963037" result="Passed" start-time="2020-10-05 16:46:14Z" end-time="2020-10-05 16:46:14Z" duration="0.004907" asserts="5" />
            <test-case id="3-1909" name="WithChart_ChangeWordBeginning" fullname="SIL.LCModel.DomainImpl.AnalysisAdjusterTests.WithChart_ChangeWordBeginning" methodname="WithChart_ChangeWordBeginning" classname="SIL.LCModel.DomainImpl.AnalysisAdjusterTests" runstate="Runnable" seed="41914724" result="Passed" start-time="2020-10-05 16:46:14Z" end-time="2020-10-05 16:46:14Z" duration="0.029534" asserts="11" />
            <test-case id="3-1910" name="WithChart_ChangeWordEnding" fullname="SIL.LCModel.DomainImpl.AnalysisAdjusterTests.WithChart_ChangeWordEnding" methodname="WithChart_ChangeWordEnding" classname="SIL.LCModel.DomainImpl.AnalysisAdjusterTests" runstate="Runnable" seed="618322029" result="Passed" start-time="2020-10-05 16:46:14Z" end-time="2020-10-05 16:46:14Z" duration="0.006316" asserts="11" />
            <test-case id="3-1917" name="WithChart_DeleteParagraphBreakMergingSegments" fullname="SIL.LCModel.DomainImpl.AnalysisAdjusterTests.WithChart_DeleteParagraphBreakMergingSegments" methodname="WithChart_DeleteParagraphBreakMergingSegments" classname="SIL.LCModel.DomainImpl.AnalysisAdjusterTests" runstate="Runnable" seed="1375564000" result="Passed" start-time="2020-10-05 16:46:14Z" end-time="2020-10-05 16:46:14Z" duration="0.007860" asserts="13" />
            <test-case id="3-1921" name="WithChart_DeleteSegment" fullname="SIL.LCModel.DomainImpl.AnalysisAdjusterTests.WithChart_DeleteSegment" methodname="WithChart_DeleteSegment" classname="SIL.LCModel.DomainImpl.AnalysisAdjusterTests" runstate="Runnable" seed="628333243" result="Passed" start-time="2020-10-05 16:46:14Z" end-time="2020-10-05 16:46:14Z" duration="0.006540" asserts="14" />
            <test-case id="3-1924" name="WithChart_DeleteSegment_1stPartOfCell" fullname="SIL.LCModel.DomainImpl.AnalysisAdjusterTests.WithChart_DeleteSegment_1stPartOfCell" methodname="WithChart_DeleteSegment_1stPartOfCell" classname="SIL.LCModel.DomainImpl.AnalysisAdjusterTests" runstate="Runnable" seed="687832322" result="Passed" start-time="2020-10-05 16:46:14Z" end-time="2020-10-05 16:46:14Z" duration="0.006695" asserts="13" />
            <test-case id="3-1922" name="WithChart_DeleteSegment_CoveringTag" fullname="SIL.LCModel.DomainImpl.AnalysisAdjusterTests.WithChart_DeleteSegment_CoveringTag" methodname="WithChart_DeleteSegment_CoveringTag" classname="SIL.LCModel.DomainImpl.AnalysisAdjusterTests" runstate="Runnable" seed="2132923799" result="Passed" start-time="2020-10-05 16:46:14Z" end-time="2020-10-05 16:46:14Z" duration="0.005901" asserts="11" />
            <test-case id="3-1923" name="WithChart_DeleteSegment_InternalTag" fullname="SIL.LCModel.DomainImpl.AnalysisAdjusterTests.WithChart_DeleteSegment_InternalTag" methodname="WithChart_DeleteSegment_InternalTag" classname="SIL.LCModel.DomainImpl.AnalysisAdjusterTests" runstate="Runnable" seed="1724194179" result="Passed" start-time="2020-10-05 16:46:14Z" end-time="2020-10-05 16:46:14Z" duration="0.006857" asserts="9" />
            <test-case id="3-1926" name="WithChart_DeleteSegmentBreak_CellBeginInDeletedSection" fullname="SIL.LCModel.DomainImpl.AnalysisAdjusterTests.WithChart_DeleteSegmentBreak_CellBeginInDeletedSection" methodname="WithChart_DeleteSegmentBreak_CellBeginInDeletedSection" classname="SIL.LCModel.DomainImpl.AnalysisAdjusterTests" runstate="Runnable" seed="111257054" result="Passed" start-time="2020-10-05 16:46:14Z" end-time="2020-10-05 16:46:14Z" duration="0.006613" asserts="12" />
            <test-case id="3-1925" name="WithChart_DeleteSegmentBreak_CellEndsInDeletedSection" fullname="SIL.LCModel.DomainImpl.AnalysisAdjusterTests.WithChart_DeleteSegmentBreak_CellEndsInDeletedSection" methodname="WithChart_DeleteSegmentBreak_CellEndsInDeletedSection" classname="SIL.LCModel.DomainImpl.AnalysisAdjusterTests" runstate="Runnable" seed="1962923043" result="Passed" start-time="2020-10-05 16:46:14Z" end-time="2020-10-05 16:46:14Z" duration="0.005380" asserts="12" />
            <test-case id="3-1927" name="WithChart_DeleteSegmentBreakInsideOfCell" fullname="SIL.LCModel.DomainImpl.AnalysisAdjusterTests.WithChart_DeleteSegmentBreakInsideOfCell" methodname="WithChart_DeleteSegmentBreakInsideOfCell" classname="SIL.LCModel.DomainImpl.AnalysisAdjusterTests" runstate="Runnable" seed="86881481" result="Passed" start-time="2020-10-05 16:46:14Z" end-time="2020-10-05 16:46:14Z" duration="0.005523" asserts="12" />
            <test-case id="3-1913" name="WithChart_DeleteWordAfter" fullname="SIL.LCModel.DomainImpl.AnalysisAdjusterTests.WithChart_DeleteWordAfter" methodname="WithChart_DeleteWordAfter" classname="SIL.LCModel.DomainImpl.AnalysisAdjusterTests" runstate="Runnable" seed="1523833700" result="Passed" start-time="2020-10-05 16:46:14Z" end-time="2020-10-05 16:46:14Z" duration="0.006093" asserts="11" />
            <test-case id="3-1912" name="WithChart_DeleteWordBefore" fullname="SIL.LCModel.DomainImpl.AnalysisAdjusterTests.WithChart_DeleteWordBefore" methodname="WithChart_DeleteWordBefore" classname="SIL.LCModel.DomainImpl.AnalysisAdjusterTests" runstate="Runnable" seed="1096250078" result="Passed" start-time="2020-10-05 16:46:14Z" end-time="2020-10-05 16:46:14Z" duration="0.005937" asserts="11" />
            <test-case id="3-1908" name="WithChart_DeleteWordInternal" fullname="SIL.LCModel.DomainImpl.AnalysisAdjusterTests.WithChart_DeleteWordInternal" methodname="WithChart_DeleteWordInternal" classname="SIL.LCModel.DomainImpl.AnalysisAdjusterTests" runstate="Runnable" seed="1763361726" result="Passed" start-time="2020-10-05 16:46:14Z" end-time="2020-10-05 16:46:14Z" duration="0.006508" asserts="12" />
            <test-case id="3-1918" name="WithChart_InsertNewlineBeforeWord" fullname="SIL.LCModel.DomainImpl.AnalysisAdjusterTests.WithChart_InsertNewlineBeforeWord" methodname="WithChart_InsertNewlineBeforeWord" classname="SIL.LCModel.DomainImpl.AnalysisAdjusterTests" runstate="Runnable" seed="1093871968" result="Passed" start-time="2020-10-05 16:46:14Z" end-time="2020-10-05 16:46:14Z" duration="0.005424" asserts="12" />
            <test-case id="3-1916" name="WithChart_InsertNewlineInWord" fullname="SIL.LCModel.DomainImpl.AnalysisAdjusterTests.WithChart_InsertNewlineInWord" methodname="WithChart_InsertNewlineInWord" classname="SIL.LCModel.DomainImpl.AnalysisAdjusterTests" runstate="Runnable" seed="751222422" result="Passed" start-time="2020-10-05 16:46:14Z" end-time="2020-10-05 16:46:14Z" duration="0.006427" asserts="13" />
            <test-case id="3-1915" name="WithChart_InsertSpacesAsIfGuessWordBreaksCalled" fullname="SIL.LCModel.DomainImpl.AnalysisAdjusterTests.WithChart_InsertSpacesAsIfGuessWordBreaksCalled" methodname="WithChart_InsertSpacesAsIfGuessWordBreaksCalled" classname="SIL.LCModel.DomainImpl.AnalysisAdjusterTests" runstate="Runnable" seed="998311609" result="Passed" start-time="2020-10-05 16:46:14Z" end-time="2020-10-05 16:46:14Z" duration="0.016504" asserts="9" />
            <test-case id="3-1914" name="WithChart_InsertWordAfter" fullname="SIL.LCModel.DomainImpl.AnalysisAdjusterTests.WithChart_InsertWordAfter" methodname="WithChart_InsertWordAfter" classname="SIL.LCModel.DomainImpl.AnalysisAdjusterTests" runstate="Runnable" seed="790771347" result="Passed" start-time="2020-10-05 16:46:14Z" end-time="2020-10-05 16:46:14Z" duration="0.007527" asserts="13" />
            <test-case id="3-1911" name="WithChart_InsertWordBefore" fullname="SIL.LCModel.DomainImpl.AnalysisAdjusterTests.WithChart_InsertWordBefore" methodname="WithChart_InsertWordBefore" classname="SIL.LCModel.DomainImpl.AnalysisAdjusterTests" runstate="Runnable" seed="409936582" result="Passed" start-time="2020-10-05 16:46:14Z" end-time="2020-10-05 16:46:14Z" duration="0.006335" asserts="11" />
            <test-case id="3-1907" name="WithChart_InsertWordInternal" fullname="SIL.LCModel.DomainImpl.AnalysisAdjusterTests.WithChart_InsertWordInternal" methodname="WithChart_InsertWordInternal" classname="SIL.LCModel.DomainImpl.AnalysisAdjusterTests" runstate="Runnable" seed="1712332324" result="Passed" start-time="2020-10-05 16:46:14Z" end-time="2020-10-05 16:46:14Z" duration="0.005898" asserts="13" />
            <test-case id="3-1929" name="WithChart_InsertWordsAndSegmentPunctuation" fullname="SIL.LCModel.DomainImpl.AnalysisAdjusterTests.WithChart_InsertWordsAndSegmentPunctuation" methodname="WithChart_InsertWordsAndSegmentPunctuation" classname="SIL.LCModel.DomainImpl.AnalysisAdjusterTests" runstate="Runnable" seed="1684935021" result="Passed" start-time="2020-10-05 16:46:14Z" end-time="2020-10-05 16:46:14Z" duration="0.006787" asserts="14" />
            <test-case id="3-1928" name="WithChart_ModInDifferentSegment" fullname="SIL.LCModel.DomainImpl.AnalysisAdjusterTests.WithChart_ModInDifferentSegment" methodname="WithChart_ModInDifferentSegment" classname="SIL.LCModel.DomainImpl.AnalysisAdjusterTests" runstate="Runnable" seed="569484952" result="Passed" start-time="2020-10-05 16:46:14Z" end-time="2020-10-05 16:46:14Z" duration="0.006057" asserts="13" />
            <test-case id="3-1919" name="WithChart_ReplaceSegBreakNonSegBreak" fullname="SIL.LCModel.DomainImpl.AnalysisAdjusterTests.WithChart_ReplaceSegBreakNonSegBreak" methodname="WithChart_ReplaceSegBreakNonSegBreak" classname="SIL.LCModel.DomainImpl.AnalysisAdjusterTests" runstate="Runnable" seed="959545828" result="Passed" start-time="2020-10-05 16:46:14Z" end-time="2020-10-05 16:46:14Z" duration="0.006691" asserts="14" />
            <test-case id="3-1920" name="WithChart_ReplaceSegBreakNonSegBreakSpanEnd" fullname="SIL.LCModel.DomainImpl.AnalysisAdjusterTests.WithChart_ReplaceSegBreakNonSegBreakSpanEnd" methodname="WithChart_ReplaceSegBreakNonSegBreakSpanEnd" classname="SIL.LCModel.DomainImpl.AnalysisAdjusterTests" runstate="Runnable" seed="1598162592" result="Passed" start-time="2020-10-05 16:46:14Z" end-time="2020-10-05 16:46:14Z" duration="0.005026" asserts="11" />
            <test-case id="3-1891" name="WithTags_ChangeWordBeginning" fullname="SIL.LCModel.DomainImpl.AnalysisAdjusterTests.WithTags_ChangeWordBeginning" methodname="WithTags_ChangeWordBeginning" classname="SIL.LCModel.DomainImpl.AnalysisAdjusterTests" runstate="Runnable" seed="1831501213" result="Passed" start-time="2020-10-05 16:46:14Z" end-time="2020-10-05 16:46:14Z" duration="0.011861" asserts="4" />
            <test-case id="3-1892" name="WithTags_ChangeWordEnding" fullname="SIL.LCModel.DomainImpl.AnalysisAdjusterTests.WithTags_ChangeWordEnding" methodname="WithTags_ChangeWordEnding" classname="SIL.LCModel.DomainImpl.AnalysisAdjusterTests" runstate="Runnable" seed="560967195" result="Passed" start-time="2020-10-05 16:46:14Z" end-time="2020-10-05 16:46:14Z" duration="0.003958" asserts="4" />
            <test-case id="3-1898" name="WithTags_DeleteParagraphBreakMergingSegments" fullname="SIL.LCModel.DomainImpl.AnalysisAdjusterTests.WithTags_DeleteParagraphBreakMergingSegments" methodname="WithTags_DeleteParagraphBreakMergingSegments" classname="SIL.LCModel.DomainImpl.AnalysisAdjusterTests" runstate="Runnable" seed="1549420811" result="Passed" start-time="2020-10-05 16:46:14Z" end-time="2020-10-05 16:46:14Z" duration="0.005804" asserts="4" />
            <test-case id="3-1902" name="WithTags_DeleteSegment" fullname="SIL.LCModel.DomainImpl.AnalysisAdjusterTests.WithTags_DeleteSegment" methodname="WithTags_DeleteSegment" classname="SIL.LCModel.DomainImpl.AnalysisAdjusterTests" runstate="Runnable" seed="1458638963" result="Passed" start-time="2020-10-05 16:46:14Z" end-time="2020-10-05 16:46:14Z" duration="0.005676" asserts="6" />
            <test-case id="3-1905" name="WithTags_DeleteSegment_1stPartOfTag" fullname="SIL.LCModel.DomainImpl.AnalysisAdjusterTests.WithTags_DeleteSegment_1stPartOfTag" methodname="WithTags_DeleteSegment_1stPartOfTag" classname="SIL.LCModel.DomainImpl.AnalysisAdjusterTests" runstate="Runnable" seed="1856540017" result="Passed" start-time="2020-10-05 16:46:14Z" end-time="2020-10-05 16:46:14Z" duration="0.003917" asserts="4" />
            <test-case id="3-1903" name="WithTags_DeleteSegment_CoveringTag" fullname="SIL.LCModel.DomainImpl.AnalysisAdjusterTests.WithTags_DeleteSegment_CoveringTag" methodname="WithTags_DeleteSegment_CoveringTag" classname="SIL.LCModel.DomainImpl.AnalysisAdjusterTests" runstate="Runnable" seed="1894880901" result="Passed" start-time="2020-10-05 16:46:14Z" end-time="2020-10-05 16:46:14Z" duration="0.004730" asserts="4" />
            <test-case id="3-1904" name="WithTags_DeleteSegment_InternalTag" fullname="SIL.LCModel.DomainImpl.AnalysisAdjusterTests.WithTags_DeleteSegment_InternalTag" methodname="WithTags_DeleteSegment_InternalTag" classname="SIL.LCModel.DomainImpl.AnalysisAdjusterTests" runstate="Runnable" seed="1735075718" result="Passed" start-time="2020-10-05 16:46:14Z" end-time="2020-10-05 16:46:14Z" duration="0.004711" asserts="3" />
            <test-case id="3-1895" name="WithTags_DeleteWordAfter" fullname="SIL.LCModel.DomainImpl.AnalysisAdjusterTests.WithTags_DeleteWordAfter" methodname="WithTags_DeleteWordAfter" classname="SIL.LCModel.DomainImpl.AnalysisAdjusterTests" runstate="Runnable" seed="142949623" result="Passed" start-time="2020-10-05 16:46:14Z" end-time="2020-10-05 16:46:14Z" duration="0.005766" asserts="4" />
            <test-case id="3-1894" name="WithTags_DeleteWordBefore" fullname="SIL.LCModel.DomainImpl.AnalysisAdjusterTests.WithTags_DeleteWordBefore" methodname="WithTags_DeleteWordBefore" classname="SIL.LCModel.DomainImpl.AnalysisAdjusterTests" runstate="Runnable" seed="513104841" result="Passed" start-time="2020-10-05 16:46:14Z" end-time="2020-10-05 16:46:14Z" duration="0.004220" asserts="4" />
            <test-case id="3-1890" name="WithTags_DeleteWordInternal" fullname="SIL.LCModel.DomainImpl.AnalysisAdjusterTests.WithTags_DeleteWordInternal" methodname="WithTags_DeleteWordInternal" classname="SIL.LCModel.DomainImpl.AnalysisAdjusterTests" runstate="Runnable" seed="1657612675" result="Passed" start-time="2020-10-05 16:46:14Z" end-time="2020-10-05 16:46:14Z" duration="0.005093" asserts="4" />
            <test-case id="3-1899" name="WithTags_InsertNewlineBeforeWord" fullname="SIL.LCModel.DomainImpl.AnalysisAdjusterTests.WithTags_InsertNewlineBeforeWord" methodname="WithTags_InsertNewlineBeforeWord" classname="SIL.LCModel.DomainImpl.AnalysisAdjusterTests" runstate="Runnable" seed="1961076596" result="Passed" start-time="2020-10-05 16:46:14Z" end-time="2020-10-05 16:46:14Z" duration="0.005398" asserts="4" />
            <test-case id="3-1897" name="WithTags_InsertNewlineInWord" fullname="SIL.LCModel.DomainImpl.AnalysisAdjusterTests.WithTags_InsertNewlineInWord" methodname="WithTags_InsertNewlineInWord" classname="SIL.LCModel.DomainImpl.AnalysisAdjusterTests" runstate="Runnable" seed="1978144710" result="Passed" start-time="2020-10-05 16:46:14Z" end-time="2020-10-05 16:46:14Z" duration="0.005164" asserts="4" />
            <test-case id="3-1896" name="WithTags_InsertWordAfter" fullname="SIL.LCModel.DomainImpl.AnalysisAdjusterTests.WithTags_InsertWordAfter" methodname="WithTags_InsertWordAfter" classname="SIL.LCModel.DomainImpl.AnalysisAdjusterTests" runstate="Runnable" seed="625973788" result="Passed" start-time="2020-10-05 16:46:14Z" end-time="2020-10-05 16:46:14Z" duration="0.005176" asserts="4" />
            <test-case id="3-1893" name="WithTags_InsertWordBefore" fullname="SIL.LCModel.DomainImpl.AnalysisAdjusterTests.WithTags_InsertWordBefore" methodname="WithTags_InsertWordBefore" classname="SIL.LCModel.DomainImpl.AnalysisAdjusterTests" runstate="Runnable" seed="859996381" result="Passed" start-time="2020-10-05 16:46:14Z" end-time="2020-10-05 16:46:14Z" duration="0.004290" asserts="4" />
            <test-case id="3-1889" name="WithTags_InsertWordInternal" fullname="SIL.LCModel.DomainImpl.AnalysisAdjusterTests.WithTags_InsertWordInternal" methodname="WithTags_InsertWordInternal" classname="SIL.LCModel.DomainImpl.AnalysisAdjusterTests" runstate="Runnable" seed="625336456" result="Passed" start-time="2020-10-05 16:46:14Z" end-time="2020-10-05 16:46:14Z" duration="0.005363" asserts="5" />
            <test-case id="3-1906" name="WithTags_ModInDifferentSegment" fullname="SIL.LCModel.DomainImpl.AnalysisAdjusterTests.WithTags_ModInDifferentSegment" methodname="WithTags_ModInDifferentSegment" classname="SIL.LCModel.DomainImpl.AnalysisAdjusterTests" runstate="Runnable" seed="1967392617" result="Passed" start-time="2020-10-05 16:46:14Z" end-time="2020-10-05 16:46:14Z" duration="0.004217" asserts="5" />
            <test-case id="3-1900" name="WithTags_ReplaceSegBreakNonSegBreak" fullname="SIL.LCModel.DomainImpl.AnalysisAdjusterTests.WithTags_ReplaceSegBreakNonSegBreak" methodname="WithTags_ReplaceSegBreakNonSegBreak" classname="SIL.LCModel.DomainImpl.AnalysisAdjusterTests" runstate="Runnable" seed="1068827719" result="Passed" start-time="2020-10-05 16:46:14Z" end-time="2020-10-05 16:46:14Z" duration="0.005659" asserts="5" />
            <test-case id="3-1901" name="WithTags_ReplaceSegBreakNonSegBreakSpanEnd" fullname="SIL.LCModel.DomainImpl.AnalysisAdjusterTests.WithTags_ReplaceSegBreakNonSegBreakSpanEnd" methodname="WithTags_ReplaceSegBreakNonSegBreakSpanEnd" classname="SIL.LCModel.DomainImpl.AnalysisAdjusterTests" runstate="Runnable" seed="432774104" result="Passed" start-time="2020-10-05 16:46:14Z" end-time="2020-10-05 16:46:14Z" duration="0.004958" asserts="4" />
            <test-case id="3-1845" name="WSChangeInScripture" fullname="SIL.LCModel.DomainImpl.AnalysisAdjusterTests.WSChangeInScripture" methodname="WSChangeInScripture" classname="SIL.LCModel.DomainImpl.AnalysisAdjusterTests" runstate="Runnable" seed="1639018842" result="Passed" start-time="2020-10-05 16:46:14Z" end-time="2020-10-05 16:46:14Z" duration="0.060921" asserts="318" />
          </test-suite>
          <test-suite type="TestFixture" id="3-2060" name="AtomicPropertyAccessorTests" fullname="SIL.LCModel.DomainImpl.AtomicPropertyAccessorTests" classname="SIL.LCModel.DomainImpl.AtomicPropertyAccessorTests" runstate="Runnable" testcasecount="6" result="Passed" start-time="2020-10-05 16:46:14Z" end-time="2020-10-05 16:46:14Z" duration="0.080537" total="6" passed="6" failed="0" warnings="0" inconclusive="0" skipped="0" asserts="101">
            <test-case id="3-2065" name="AtomicOwningPropertyAccessor_ChangeOwner" fullname="SIL.LCModel.DomainImpl.AtomicPropertyAccessorTests.AtomicOwningPropertyAccessor_ChangeOwner" methodname="AtomicOwningPropertyAccessor_ChangeOwner" classname="SIL.LCModel.DomainImpl.AtomicPropertyAccessorTests" runstate="Runnable" seed="737649802" result="Passed" start-time="2020-10-05 16:46:14Z" end-time="2020-10-05 16:46:14Z" duration="0.005631" asserts="11" />
            <test-case id="3-2066" name="AtomicOwningPropertyAccessor_ChangeOwningFlid" fullname="SIL.LCModel.DomainImpl.AtomicPropertyAccessorTests.AtomicOwningPropertyAccessor_ChangeOwningFlid" methodname="AtomicOwningPropertyAccessor_ChangeOwningFlid" classname="SIL.LCModel.DomainImpl.AtomicPropertyAccessorTests" runstate="Runnable" seed="247084771" result="Passed" start-time="2020-10-05 16:46:14Z" end-time="2020-10-05 16:46:14Z" duration="0.000801" asserts="11" />
            <test-case id="3-2064" name="AtomicOwningPropertyAccessorTest_SetAndChange" fullname="SIL.LCModel.DomainImpl.AtomicPropertyAccessorTests.AtomicOwningPropertyAccessorTest_SetAndChange" methodname="AtomicOwningPropertyAccessorTest_SetAndChange" classname="SIL.LCModel.DomainImpl.AtomicPropertyAccessorTests" runstate="Runnable" seed="663795281" result="Passed" start-time="2020-10-05 16:46:14Z" end-time="2020-10-05 16:46:14Z" duration="0.000838" asserts="11" />
            <test-case id="3-2061" name="AtomicReferencePropertyAccessorTest" fullname="SIL.LCModel.DomainImpl.AtomicPropertyAccessorTests.AtomicReferencePropertyAccessorTest" methodname="AtomicReferencePropertyAccessorTest" classname="SIL.LCModel.DomainImpl.AtomicPropertyAccessorTests" runstate="Runnable" seed="1513628432" result="Passed" start-time="2020-10-05 16:46:14Z" end-time="2020-10-05 16:46:14Z" duration="0.006074" asserts="9" />
            <test-case id="3-2062" name="IncomingReferenceTest" fullname="SIL.LCModel.DomainImpl.AtomicPropertyAccessorTests.IncomingReferenceTest" methodname="IncomingReferenceTest" classname="SIL.LCModel.DomainImpl.AtomicPropertyAccessorTests" runstate="Runnable" seed="1322405842" result="Passed" start-time="2020-10-05 16:46:14Z" end-time="2020-10-05 16:46:14Z" duration="0.004379" asserts="29" />
            <test-case id="3-2063" name="UndoRedoIncomingRefs" fullname="SIL.LCModel.DomainImpl.AtomicPropertyAccessorTests.UndoRedoIncomingRefs" methodname="UndoRedoIncomingRefs" classname="SIL.LCModel.DomainImpl.AtomicPropertyAccessorTests" runstate="Runnable" seed="1201957299" result="Passed" start-time="2020-10-05 16:46:14Z" end-time="2020-10-05 16:46:14Z" duration="0.009703" asserts="30" />
          </test-suite>
          <test-suite type="TestFixture" id="3-1930" name="AtomicPropertyTests" fullname="SIL.LCModel.DomainImpl.AtomicPropertyTests" classname="SIL.LCModel.DomainImpl.AtomicPropertyTests" runstate="Runnable" testcasecount="1" result="Passed" start-time="2020-10-05 16:46:14Z" end-time="2020-10-05 16:46:14Z" duration="0.066990" total="1" passed="1" failed="0" warnings="0" inconclusive="0" skipped="0" asserts="1">
            <test-case id="3-1931" name="MovingToAtomicOwnedObject_MarksMovedObjectModified" fullname="SIL.LCModel.DomainImpl.AtomicPropertyTests.MovingToAtomicOwnedObject_MarksMovedObjectModified" methodname="MovingToAtomicOwnedObject_MarksMovedObjectModified" classname="SIL.LCModel.DomainImpl.AtomicPropertyTests" runstate="Runnable" seed="1696299796" result="Passed" start-time="2020-10-05 16:46:14Z" end-time="2020-10-05 16:46:14Z" duration="0.011676" asserts="1" />
          </test-suite>
          <test-suite type="TestFixture" id="3-2051" name="BasicPropertyAccessorTests" fullname="SIL.LCModel.DomainImpl.BasicPropertyAccessorTests" classname="SIL.LCModel.DomainImpl.BasicPropertyAccessorTests" runstate="Runnable" testcasecount="8" result="Passed" start-time="2020-10-05 16:46:14Z" end-time="2020-10-05 16:46:14Z" duration="0.058771" total="8" passed="8" failed="0" warnings="0" inconclusive="0" skipped="0" asserts="19">
            <test-case id="3-2057" name="kcptBinaryTests" fullname="SIL.LCModel.DomainImpl.BasicPropertyAccessorTests.kcptBinaryTests" methodname="kcptBinaryTests" classname="SIL.LCModel.DomainImpl.BasicPropertyAccessorTests" runstate="Runnable" seed="1856440168" result="Passed" start-time="2020-10-05 16:46:14Z" end-time="2020-10-05 16:46:14Z" duration="0.000747" asserts="2" />
            <test-case id="3-2052" name="kcptBooleanTests" fullname="SIL.LCModel.DomainImpl.BasicPropertyAccessorTests.kcptBooleanTests" methodname="kcptBooleanTests" classname="SIL.LCModel.DomainImpl.BasicPropertyAccessorTests" runstate="Runnable" seed="174626846" result="Passed" start-time="2020-10-05 16:46:14Z" end-time="2020-10-05 16:46:14Z" duration="0.000691" asserts="2" />
            <test-case id="3-2056" name="kcptGenDateTests" fullname="SIL.LCModel.DomainImpl.BasicPropertyAccessorTests.kcptGenDateTests" methodname="kcptGenDateTests" classname="SIL.LCModel.DomainImpl.BasicPropertyAccessorTests" runstate="Runnable" seed="602074373" result="Passed" start-time="2020-10-05 16:46:14Z" end-time="2020-10-05 16:46:14Z" duration="0.000423" asserts="2" />
            <test-case id="3-2055" name="kcptGuidTests" fullname="SIL.LCModel.DomainImpl.BasicPropertyAccessorTests.kcptGuidTests" methodname="kcptGuidTests" classname="SIL.LCModel.DomainImpl.BasicPropertyAccessorTests" runstate="Runnable" seed="93097861" result="Passed" start-time="2020-10-05 16:46:14Z" end-time="2020-10-05 16:46:14Z" duration="0.000443" asserts="3" />
            <test-case id="3-2053" name="kcptIntegerTests" fullname="SIL.LCModel.DomainImpl.BasicPropertyAccessorTests.kcptIntegerTests" methodname="kcptIntegerTests" classname="SIL.LCModel.DomainImpl.BasicPropertyAccessorTests" runstate="Runnable" seed="1634388590" result="Passed" start-time="2020-10-05 16:46:14Z" end-time="2020-10-05 16:46:14Z" duration="0.000363" asserts="2" />
            <test-case id="3-2059" name="kcptStringTests" fullname="SIL.LCModel.DomainImpl.BasicPropertyAccessorTests.kcptStringTests" methodname="kcptStringTests" classname="SIL.LCModel.DomainImpl.BasicPropertyAccessorTests" runstate="Runnable" seed="40930880" result="Passed" start-time="2020-10-05 16:46:14Z" end-time="2020-10-05 16:46:14Z" duration="0.000460" asserts="4" />
            <test-case id="3-2054" name="kcptTimeTests" fullname="SIL.LCModel.DomainImpl.BasicPropertyAccessorTests.kcptTimeTests" methodname="kcptTimeTests" classname="SIL.LCModel.DomainImpl.BasicPropertyAccessorTests" runstate="Runnable" seed="2145561261" result="Passed" start-time="2020-10-05 16:46:14Z" end-time="2020-10-05 16:46:14Z" duration="0.000402" asserts="2" />
            <test-case id="3-2058" name="kcptUnicodeTests" fullname="SIL.LCModel.DomainImpl.BasicPropertyAccessorTests.kcptUnicodeTests" methodname="kcptUnicodeTests" classname="SIL.LCModel.DomainImpl.BasicPropertyAccessorTests" runstate="Runnable" seed="469041578" result="Passed" start-time="2020-10-05 16:46:14Z" end-time="2020-10-05 16:46:14Z" duration="0.000207" asserts="2" />
          </test-suite>
          <test-suite type="TestFixture" id="3-1951" name="CircularReferenceTests" fullname="SIL.LCModel.DomainImpl.CircularReferenceTests" classname="SIL.LCModel.DomainImpl.CircularReferenceTests" runstate="Runnable" testcasecount="1" result="Passed" start-time="2020-10-05 16:46:14Z" end-time="2020-10-05 16:46:15Z" duration="0.064797" total="1" passed="1" failed="0" warnings="0" inconclusive="0" skipped="0" asserts="10">
            <test-case id="3-1952" name="IsComponent" fullname="SIL.LCModel.DomainImpl.CircularReferenceTests.IsComponent" methodname="IsComponent" classname="SIL.LCModel.DomainImpl.CircularReferenceTests" runstate="Runnable" seed="1411850748" result="Passed" start-time="2020-10-05 16:46:15Z" end-time="2020-10-05 16:46:15Z" duration="0.010809" asserts="10" />
          </test-suite>
          <test-suite type="TestFixture" id="3-1932" name="CmAgentTests" fullname="SIL.LCModel.DomainImpl.CmAgentTests" classname="SIL.LCModel.DomainImpl.CmAgentTests" runstate="Runnable" testcasecount="5" result="Passed" start-time="2020-10-05 16:46:15Z" end-time="2020-10-05 16:46:15Z" duration="0.066669" total="5" passed="5" failed="0" warnings="0" inconclusive="0" skipped="0" asserts="24">
            <test-case id="3-1936" name="MakeEvaluation" fullname="SIL.LCModel.DomainImpl.CmAgentTests.MakeEvaluation" methodname="MakeEvaluation" classname="SIL.LCModel.DomainImpl.CmAgentTests" runstate="Runnable" seed="492186401" result="Passed" start-time="2020-10-05 16:46:15Z" end-time="2020-10-05 16:46:15Z" duration="0.006758" asserts="17" />
            <test-case id="3-1933" name="NullTargetTest" fullname="SIL.LCModel.DomainImpl.CmAgentTests.NullTargetTest" methodname="NullTargetTest" classname="SIL.LCModel.DomainImpl.CmAgentTests" runstate="Runnable" seed="974665614" result="Passed" start-time="2020-10-05 16:46:15Z" end-time="2020-10-05 16:46:15Z" duration="0.000354" asserts="1" />
            <test-case id="3-1935" name="ResetEvaluation" fullname="SIL.LCModel.DomainImpl.CmAgentTests.ResetEvaluation" methodname="ResetEvaluation" classname="SIL.LCModel.DomainImpl.CmAgentTests" runstate="Runnable" seed="477525402" result="Passed" start-time="2020-10-05 16:46:15Z" end-time="2020-10-05 16:46:15Z" duration="0.000655" asserts="1" />
            <test-case id="3-1937" name="SideEffectsForCmPictureTests" fullname="SIL.LCModel.DomainImpl.CmAgentTests.SideEffectsForCmPictureTests" methodname="SideEffectsForCmPictureTests" classname="SIL.LCModel.DomainImpl.CmAgentTests" runstate="Runnable" seed="1109720608" result="Passed" start-time="2020-10-05 16:46:15Z" end-time="2020-10-05 16:46:15Z" duration="0.001601" asserts="4" />
            <test-case id="3-1934" name="TargetClassNotGoodTest" fullname="SIL.LCModel.DomainImpl.CmAgentTests.TargetClassNotGoodTest" methodname="TargetClassNotGoodTest" classname="SIL.LCModel.DomainImpl.CmAgentTests" runstate="Runnable" seed="1161613208" result="Passed" start-time="2020-10-05 16:46:15Z" end-time="2020-10-05 16:46:15Z" duration="0.000329" asserts="1" />
          </test-suite>
          <test-suite type="TestFixture" id="3-1953" name="CmCellTests" fullname="SIL.LCModel.DomainImpl.CmCellTests" classname="SIL.LCModel.DomainImpl.CmCellTests" runstate="Runnable" testcasecount="20" result="Passed" start-time="2020-10-05 16:46:15Z" end-time="2020-10-05 16:46:15Z" duration="0.091731" total="20" passed="20" failed="0" warnings="0" inconclusive="0" skipped="0" asserts="48">
            <test-case id="3-1957" name="BuildIntegerMatchCriteria_Equality" fullname="SIL.LCModel.DomainImpl.CmCellTests.BuildIntegerMatchCriteria_Equality" methodname="BuildIntegerMatchCriteria_Equality" classname="SIL.LCModel.DomainImpl.CmCellTests" runstate="Runnable" seed="271921759" result="Passed" start-time="2020-10-05 16:46:15Z" end-time="2020-10-05 16:46:15Z" duration="0.011573" asserts="0" />
            <test-case id="3-1958" name="BuildIntegerMatchCriteria_GreaterThanOrEqual" fullname="SIL.LCModel.DomainImpl.CmCellTests.BuildIntegerMatchCriteria_GreaterThanOrEqual" methodname="BuildIntegerMatchCriteria_GreaterThanOrEqual" classname="SIL.LCModel.DomainImpl.CmCellTests" runstate="Runnable" seed="879189451" result="Passed" start-time="2020-10-05 16:46:15Z" end-time="2020-10-05 16:46:15Z" duration="0.001161" asserts="0" />
            <test-case id="3-1959" name="BuildIntegerMatchCriteria_LessThanOrEqual" fullname="SIL.LCModel.DomainImpl.CmCellTests.BuildIntegerMatchCriteria_LessThanOrEqual" methodname="BuildIntegerMatchCriteria_LessThanOrEqual" classname="SIL.LCModel.DomainImpl.CmCellTests" runstate="Runnable" seed="350038602" result="Passed" start-time="2020-10-05 16:46:15Z" end-time="2020-10-05 16:46:15Z" duration="0.001073" asserts="0" />
            <test-case id="3-1960" name="BuildObjectMatchCriteria_NoDefaultExcludeSubitemsExcludeEmpty" fullname="SIL.LCModel.DomainImpl.CmCellTests.BuildObjectMatchCriteria_NoDefaultExcludeSubitemsExcludeEmpty" methodname="BuildObjectMatchCriteria_NoDefaultExcludeSubitemsExcludeEmpty" classname="SIL.LCModel.DomainImpl.CmCellTests" runstate="Runnable" seed="1933219109" result="Passed" start-time="2020-10-05 16:46:15Z" end-time="2020-10-05 16:46:15Z" duration="0.001504" asserts="0" />
            <test-case id="3-1964" name="BuildObjectMatchCriteria_NoDefaultIncludeSubitemsExcludeEmpty" fullname="SIL.LCModel.DomainImpl.CmCellTests.BuildObjectMatchCriteria_NoDefaultIncludeSubitemsExcludeEmpty" methodname="BuildObjectMatchCriteria_NoDefaultIncludeSubitemsExcludeEmpty" classname="SIL.LCModel.DomainImpl.CmCellTests" runstate="Runnable" seed="801105990" result="Passed" start-time="2020-10-05 16:46:15Z" end-time="2020-10-05 16:46:15Z" duration="0.000970" asserts="0" />
            <test-case id="3-1961" name="BuildObjectMatchCriteria_WithDefaultExcludeSubitemsExcludeEmpty" fullname="SIL.LCModel.DomainImpl.CmCellTests.BuildObjectMatchCriteria_WithDefaultExcludeSubitemsExcludeEmpty" methodname="BuildObjectMatchCriteria_WithDefaultExcludeSubitemsExcludeEmpty" classname="SIL.LCModel.DomainImpl.CmCellTests" runstate="Runnable" seed="135627705" result="Passed" start-time="2020-10-05 16:46:15Z" end-time="2020-10-05 16:46:15Z" duration="0.001253" asserts="0" />
            <test-case id="3-1962" name="BuildObjectMatchCriteria_WithDefaultExcludeSubitemsIncludeEmpty" fullname="SIL.LCModel.DomainImpl.CmCellTests.BuildObjectMatchCriteria_WithDefaultExcludeSubitemsIncludeEmpty" methodname="BuildObjectMatchCriteria_WithDefaultExcludeSubitemsIncludeEmpty" classname="SIL.LCModel.DomainImpl.CmCellTests" runstate="Runnable" seed="868356673" result="Passed" start-time="2020-10-05 16:46:15Z" end-time="2020-10-05 16:46:15Z" duration="0.001069" asserts="0" />
            <test-case id="3-1963" name="BuildObjectMatchCriteria_WithDefaultIncludeSubitemsIncludeEmpty" fullname="SIL.LCModel.DomainImpl.CmCellTests.BuildObjectMatchCriteria_WithDefaultIncludeSubitemsIncludeEmpty" methodname="BuildObjectMatchCriteria_WithDefaultIncludeSubitemsIncludeEmpty" classname="SIL.LCModel.DomainImpl.CmCellTests" runstate="Runnable" seed="1959949766" result="Passed" start-time="2020-10-05 16:46:15Z" end-time="2020-10-05 16:46:15Z" duration="0.002332" asserts="0" />
            <test-case id="3-1966" name="MatchesCriteria_AtomicObjectMatch_NotEmptyNoSubitems" fullname="SIL.LCModel.DomainImpl.CmCellTests.MatchesCriteria_AtomicObjectMatch_NotEmptyNoSubitems" methodname="MatchesCriteria_AtomicObjectMatch_NotEmptyNoSubitems" classname="SIL.LCModel.DomainImpl.CmCellTests" runstate="Runnable" seed="1157683550" result="Passed" start-time="2020-10-05 16:46:15Z" end-time="2020-10-05 16:46:15Z" duration="0.002101" asserts="2" />
            <test-case id="3-1965" name="MatchesCriteria_Int_Equals" fullname="SIL.LCModel.DomainImpl.CmCellTests.MatchesCriteria_Int_Equals" methodname="MatchesCriteria_Int_Equals" classname="SIL.LCModel.DomainImpl.CmCellTests" runstate="Runnable" seed="767431616" result="Passed" start-time="2020-10-05 16:46:15Z" end-time="2020-10-05 16:46:15Z" duration="0.000911" asserts="3" />
            <test-case id="3-1969" name="MatchesCriteria_VectorObjectMatch_EmptyExcludeSubitems" fullname="SIL.LCModel.DomainImpl.CmCellTests.MatchesCriteria_VectorObjectMatch_EmptyExcludeSubitems" methodname="MatchesCriteria_VectorObjectMatch_EmptyExcludeSubitems" classname="SIL.LCModel.DomainImpl.CmCellTests" runstate="Runnable" seed="612231839" result="Passed" start-time="2020-10-05 16:46:15Z" end-time="2020-10-05 16:46:15Z" duration="0.001053" asserts="5" />
            <test-case id="3-1967" name="MatchesCriteria_VectorObjectMatch_NotEmptyExcludeSubitems" fullname="SIL.LCModel.DomainImpl.CmCellTests.MatchesCriteria_VectorObjectMatch_NotEmptyExcludeSubitems" methodname="MatchesCriteria_VectorObjectMatch_NotEmptyExcludeSubitems" classname="SIL.LCModel.DomainImpl.CmCellTests" runstate="Runnable" seed="1362663552" result="Passed" start-time="2020-10-05 16:46:15Z" end-time="2020-10-05 16:46:15Z" duration="0.000722" asserts="5" />
            <test-case id="3-1968" name="MatchesCriteria_VectorObjectMatch_NotEmptyIncludeSubitems" fullname="SIL.LCModel.DomainImpl.CmCellTests.MatchesCriteria_VectorObjectMatch_NotEmptyIncludeSubitems" methodname="MatchesCriteria_VectorObjectMatch_NotEmptyIncludeSubitems" classname="SIL.LCModel.DomainImpl.CmCellTests" runstate="Runnable" seed="874242035" result="Passed" start-time="2020-10-05 16:46:15Z" end-time="2020-10-05 16:46:15Z" duration="0.000703" asserts="5" />
            <test-case id="3-1954" name="ParseIntegerMatchCriteria_Equality" fullname="SIL.LCModel.DomainImpl.CmCellTests.ParseIntegerMatchCriteria_Equality" methodname="ParseIntegerMatchCriteria_Equality" classname="SIL.LCModel.DomainImpl.CmCellTests" runstate="Runnable" seed="818457050" result="Passed" start-time="2020-10-05 16:46:15Z" end-time="2020-10-05 16:46:15Z" duration="0.001314" asserts="4" />
            <test-case id="3-1955" name="ParseIntegerMatchCriteria_GreaterThanEqual" fullname="SIL.LCModel.DomainImpl.CmCellTests.ParseIntegerMatchCriteria_GreaterThanEqual" methodname="ParseIntegerMatchCriteria_GreaterThanEqual" classname="SIL.LCModel.DomainImpl.CmCellTests" runstate="Runnable" seed="1411106886" result="Passed" start-time="2020-10-05 16:46:15Z" end-time="2020-10-05 16:46:15Z" duration="0.000796" asserts="4" />
            <test-case id="3-1956" name="ParseIntegerMatchCriteria_LessThanEqual" fullname="SIL.LCModel.DomainImpl.CmCellTests.ParseIntegerMatchCriteria_LessThanEqual" methodname="ParseIntegerMatchCriteria_LessThanEqual" classname="SIL.LCModel.DomainImpl.CmCellTests" runstate="Runnable" seed="1278021036" result="Passed" start-time="2020-10-05 16:46:15Z" end-time="2020-10-05 16:46:15Z" duration="0.000805" asserts="4" />
            <test-case id="3-1973" name="ParseObjectMatchCriteria_MatchEmptyOrObjectWithoutSubitems" fullname="SIL.LCModel.DomainImpl.CmCellTests.ParseObjectMatchCriteria_MatchEmptyOrObjectWithoutSubitems" methodname="ParseObjectMatchCriteria_MatchEmptyOrObjectWithoutSubitems" classname="SIL.LCModel.DomainImpl.CmCellTests" runstate="Runnable" seed="1281233093" result="Passed" start-time="2020-10-05 16:46:15Z" end-time="2020-10-05 16:46:15Z" duration="0.004765" asserts="4" />
            <test-case id="3-1971" name="ParseObjectMatchCriteria_MatchWithoutSubItemsDefaultSet" fullname="SIL.LCModel.DomainImpl.CmCellTests.ParseObjectMatchCriteria_MatchWithoutSubItemsDefaultSet" methodname="ParseObjectMatchCriteria_MatchWithoutSubItemsDefaultSet" classname="SIL.LCModel.DomainImpl.CmCellTests" runstate="Runnable" seed="1588555556" result="Passed" start-time="2020-10-05 16:46:15Z" end-time="2020-10-05 16:46:15Z" duration="0.001012" asserts="4" />
            <test-case id="3-1970" name="ParseObjectMatchCriteria_MatchWithoutSubItemsNoDefault" fullname="SIL.LCModel.DomainImpl.CmCellTests.ParseObjectMatchCriteria_MatchWithoutSubItemsNoDefault" methodname="ParseObjectMatchCriteria_MatchWithoutSubItemsNoDefault" classname="SIL.LCModel.DomainImpl.CmCellTests" runstate="Runnable" seed="1583439851" result="Passed" start-time="2020-10-05 16:46:15Z" end-time="2020-10-05 16:46:15Z" duration="0.000919" asserts="4" />
            <test-case id="3-1972" name="ParseObjectMatchCriteria_MatchWithSubItemsDefaultSet" fullname="SIL.LCModel.DomainImpl.CmCellTests.ParseObjectMatchCriteria_MatchWithSubItemsDefaultSet" methodname="ParseObjectMatchCriteria_MatchWithSubItemsDefaultSet" classname="SIL.LCModel.DomainImpl.CmCellTests" runstate="Runnable" seed="471517102" result="Passed" start-time="2020-10-05 16:46:15Z" end-time="2020-10-05 16:46:15Z" duration="0.000832" asserts="4" />
          </test-suite>
          <test-suite type="TestFixture" id="3-1974" name="CmFilterTests" fullname="SIL.LCModel.DomainImpl.CmFilterTests" classname="SIL.LCModel.DomainImpl.CmFilterTests" runstate="Runnable" testcasecount="6" result="Passed" start-time="2020-10-05 16:46:15Z" end-time="2020-10-05 16:46:15Z" duration="0.075525" total="6" passed="6" failed="0" warnings="0" inconclusive="0" skipped="0" asserts="15">
            <test-case id="3-1975" name="BuildCmFilter" fullname="SIL.LCModel.DomainImpl.CmFilterTests.BuildCmFilter" methodname="BuildCmFilter" classname="SIL.LCModel.DomainImpl.CmFilterTests" runstate="Runnable" seed="877666816" result="Passed" start-time="2020-10-05 16:46:15Z" end-time="2020-10-05 16:46:15Z" duration="0.003040" asserts="1" />
            <test-case id="3-1976" name="BuildCmFilter2" fullname="SIL.LCModel.DomainImpl.CmFilterTests.BuildCmFilter2" methodname="BuildCmFilter2" classname="SIL.LCModel.DomainImpl.CmFilterTests" runstate="Runnable" seed="1030411315" result="Passed" start-time="2020-10-05 16:46:15Z" end-time="2020-10-05 16:46:15Z" duration="0.001198" asserts="1" />
            <test-case id="3-1980" name="Equality" fullname="SIL.LCModel.DomainImpl.CmFilterTests.Equality" methodname="Equality" classname="SIL.LCModel.DomainImpl.CmFilterTests" runstate="Runnable" seed="820981216" result="Passed" start-time="2020-10-05 16:46:15Z" end-time="2020-10-05 16:46:15Z" duration="0.000914" asserts="3" />
            <test-case id="3-1977" name="GreaterThanOrEqual" fullname="SIL.LCModel.DomainImpl.CmFilterTests.GreaterThanOrEqual" methodname="GreaterThanOrEqual" classname="SIL.LCModel.DomainImpl.CmFilterTests" runstate="Runnable" seed="1671353381" result="Passed" start-time="2020-10-05 16:46:15Z" end-time="2020-10-05 16:46:15Z" duration="0.001339" asserts="3" />
            <test-case id="3-1978" name="LessThanOrEqual" fullname="SIL.LCModel.DomainImpl.CmFilterTests.LessThanOrEqual" methodname="LessThanOrEqual" classname="SIL.LCModel.DomainImpl.CmFilterTests" runstate="Runnable" seed="751950598" result="Passed" start-time="2020-10-05 16:46:15Z" end-time="2020-10-05 16:46:15Z" duration="0.001001" asserts="3" />
            <test-case id="3-1979" name="Range" fullname="SIL.LCModel.DomainImpl.CmFilterTests.Range" methodname="Range" classname="SIL.LCModel.DomainImpl.CmFilterTests" runstate="Runnable" seed="2130151103" result="Passed" start-time="2020-10-05 16:46:15Z" end-time="2020-10-05 16:46:15Z" duration="0.001180" asserts="4" />
          </test-suite>
          <test-suite type="TestFixture" id="3-1981" name="CmObjectTests" fullname="SIL.LCModel.DomainImpl.CmObjectTests" classname="SIL.LCModel.DomainImpl.CmObjectTests" runstate="Runnable" testcasecount="6" result="Passed" start-time="2020-10-05 16:46:15Z" end-time="2020-10-05 16:46:15Z" duration="0.089371" total="6" passed="6" failed="0" warnings="0" inconclusive="0" skipped="0" asserts="22">
            <test-case id="3-1987" name="AllOwnedObjects_IncludesChildrenOfChildren" fullname="SIL.LCModel.DomainImpl.CmObjectTests.AllOwnedObjects_IncludesChildrenOfChildren" methodname="AllOwnedObjects_IncludesChildrenOfChildren" classname="SIL.LCModel.DomainImpl.CmObjectTests" runstate="Runnable" seed="1899899026" result="Passed" start-time="2020-10-05 16:46:15Z" end-time="2020-10-05 16:46:15Z" duration="0.005564" asserts="5" />
            <test-case id="3-1983" name="AllReferencedObjects" fullname="SIL.LCModel.DomainImpl.CmObjectTests.AllReferencedObjects" methodname="AllReferencedObjects" classname="SIL.LCModel.DomainImpl.CmObjectTests" runstate="Runnable" seed="492421400" result="Passed" start-time="2020-10-05 16:46:15Z" end-time="2020-10-05 16:46:15Z" duration="0.007688" asserts="5" />
            <test-case id="3-1984" name="OwnedObjects_IncludesAtomicChild" fullname="SIL.LCModel.DomainImpl.CmObjectTests.OwnedObjects_IncludesAtomicChild" methodname="OwnedObjects_IncludesAtomicChild" classname="SIL.LCModel.DomainImpl.CmObjectTests" runstate="Runnable" seed="1312213529" result="Passed" start-time="2020-10-05 16:46:15Z" end-time="2020-10-05 16:46:15Z" duration="0.001083" asserts="1" />
            <test-case id="3-1986" name="OwnedObjects_IncludesCollectionChildren" fullname="SIL.LCModel.DomainImpl.CmObjectTests.OwnedObjects_IncludesCollectionChildren" methodname="OwnedObjects_IncludesCollectionChildren" classname="SIL.LCModel.DomainImpl.CmObjectTests" runstate="Runnable" seed="751780270" result="Passed" start-time="2020-10-05 16:46:15Z" end-time="2020-10-05 16:46:15Z" duration="0.002407" asserts="1" />
            <test-case id="3-1985" name="OwnedObjects_IncludesSequenceChildren" fullname="SIL.LCModel.DomainImpl.CmObjectTests.OwnedObjects_IncludesSequenceChildren" methodname="OwnedObjects_IncludesSequenceChildren" classname="SIL.LCModel.DomainImpl.CmObjectTests" runstate="Runnable" seed="245295046" result="Passed" start-time="2020-10-05 16:46:15Z" end-time="2020-10-05 16:46:15Z" duration="0.001138" asserts="2" />
            <test-case id="3-1982" name="TestOwningFlid" fullname="SIL.LCModel.DomainImpl.CmObjectTests.TestOwningFlid" methodname="TestOwningFlid" classname="SIL.LCModel.DomainImpl.CmObjectTests" runstate="Runnable" seed="543780135" result="Passed" start-time="2020-10-05 16:46:15Z" end-time="2020-10-05 16:46:15Z" duration="0.001831" asserts="8" />
          </test-suite>
          <test-suite type="TestFixture" id="3-1988" name="CmPictureTests" fullname="SIL.LCModel.DomainImpl.CmPictureTests" classname="SIL.LCModel.DomainImpl.CmPictureTests" runstate="Runnable" testcasecount="29" result="Skipped" label="Ignored" site="Child" start-time="2020-10-05 16:46:15Z" end-time="2020-10-05 16:46:15Z" duration="0.094068" total="29" passed="28" failed="0" warnings="0" inconclusive="0" skipped="1" asserts="194">
            <reason>
              <message><![CDATA[One or more child tests were ignored]]></message>
            </reason>
            <test-case id="3-1992" name="CmFileFinder_NoPreExistingCmFile" fullname="SIL.LCModel.DomainImpl.CmPictureTests.CmFileFinder_NoPreExistingCmFile" methodname="CmFileFinder_NoPreExistingCmFile" classname="SIL.LCModel.DomainImpl.CmPictureTests" runstate="Runnable" seed="1858375998" result="Passed" start-time="2020-10-05 16:46:15Z" end-time="2020-10-05 16:46:15Z" duration="0.006505" asserts="8" />
            <test-case id="3-1990" name="CmFileFinder_OrigFileMissing" fullname="SIL.LCModel.DomainImpl.CmPictureTests.CmFileFinder_OrigFileMissing" methodname="CmFileFinder_OrigFileMissing" classname="SIL.LCModel.DomainImpl.CmPictureTests" runstate="Runnable" seed="1804919025" result="Passed" start-time="2020-10-05 16:46:15Z" end-time="2020-10-05 16:46:15Z" duration="0.001367" asserts="6" />
            <test-case id="3-1991" name="CmFileFinder_OrigFilesMatch" fullname="SIL.LCModel.DomainImpl.CmPictureTests.CmFileFinder_OrigFilesMatch" methodname="CmFileFinder_OrigFilesMatch" classname="SIL.LCModel.DomainImpl.CmPictureTests" runstate="Runnable" seed="243157229" result="Passed" start-time="2020-10-05 16:46:15Z" end-time="2020-10-05 16:46:15Z" duration="0.000569" asserts="5" />
            <test-case id="3-2002" name="CmPicture_GetTextRepOfPicture" fullname="SIL.LCModel.DomainImpl.CmPictureTests.CmPicture_GetTextRepOfPicture" methodname="CmPicture_GetTextRepOfPicture" classname="SIL.LCModel.DomainImpl.CmPictureTests" runstate="Runnable" seed="469900165" result="Passed" start-time="2020-10-05 16:46:15Z" end-time="2020-10-05 16:46:15Z" duration="0.001980" asserts="11" />
            <test-case id="3-2001" name="CmPictureConstructor_FromEmptyGuid" fullname="SIL.LCModel.DomainImpl.CmPictureTests.CmPictureConstructor_FromEmptyGuid" methodname="CmPictureConstructor_FromEmptyGuid" classname="SIL.LCModel.DomainImpl.CmPictureTests" runstate="Runnable" seed="851744895" result="Passed" start-time="2020-10-05 16:46:15Z" end-time="2020-10-05 16:46:15Z" duration="0.002092" asserts="5" />
            <test-case id="3-2000" name="CmPictureConstructor_FromGuid" fullname="SIL.LCModel.DomainImpl.CmPictureTests.CmPictureConstructor_FromGuid" methodname="CmPictureConstructor_FromGuid" classname="SIL.LCModel.DomainImpl.CmPictureTests" runstate="Runnable" seed="2097729918" result="Passed" start-time="2020-10-05 16:46:15Z" end-time="2020-10-05 16:46:15Z" duration="0.001207" asserts="5" />
            <test-case id="3-1993" name="CmPictureConstructor_FromTextRep" fullname="SIL.LCModel.DomainImpl.CmPictureTests.CmPictureConstructor_FromTextRep" methodname="CmPictureConstructor_FromTextRep" classname="SIL.LCModel.DomainImpl.CmPictureTests" runstate="Runnable" seed="402679336" result="Passed" start-time="2020-10-05 16:46:15Z" end-time="2020-10-05 16:46:15Z" duration="0.002184" asserts="15" />
            <test-case id="3-1999" name="CmPictureConstructor_FromTextRep_FilenameNotFullPath" fullname="SIL.LCModel.DomainImpl.CmPictureTests.CmPictureConstructor_FromTextRep_FilenameNotFullPath" methodname="CmPictureConstructor_FromTextRep_FilenameNotFullPath" classname="SIL.LCModel.DomainImpl.CmPictureTests" runstate="Ignored" seed="884922203" result="Skipped" label="Ignored" start-time="2020-10-05 16:46:15Z" end-time="2020-10-05 16:46:15Z" duration="0.000003" asserts="0">
              <properties>
                <property name="_SKIPREASON" value="Todo RickM (JohnT): I think we no longer throw exceptions if the picture file is not rooted? Is there something we should test instead?" />
              </properties>
              <reason>
                <message><![CDATA[Todo RickM (JohnT): I think we no longer throw exceptions if the picture file is not rooted? Is there something we should test instead?]]></message>
              </reason>
            </test-case>
            <test-case id="3-1998" name="CmPictureConstructor_FromTextRep_InvalidFilename" fullname="SIL.LCModel.DomainImpl.CmPictureTests.CmPictureConstructor_FromTextRep_InvalidFilename" methodname="CmPictureConstructor_FromTextRep_InvalidFilename" classname="SIL.LCModel.DomainImpl.CmPictureTests" runstate="Runnable" seed="29494886" result="Passed" start-time="2020-10-05 16:46:15Z" end-time="2020-10-05 16:46:15Z" duration="0.004913" asserts="5" />
            <test-case id="3-1996" name="CmPictureConstructor_FromTextRep_MissingCmPictureToken" fullname="SIL.LCModel.DomainImpl.CmPictureTests.CmPictureConstructor_FromTextRep_MissingCmPictureToken" methodname="CmPictureConstructor_FromTextRep_MissingCmPictureToken" classname="SIL.LCModel.DomainImpl.CmPictureTests" runstate="Runnable" seed="1182804788" result="Passed" start-time="2020-10-05 16:46:15Z" end-time="2020-10-05 16:46:15Z" duration="0.001032" asserts="5" />
            <test-case id="3-1997" name="CmPictureConstructor_FromTextRep_MissingFilename" fullname="SIL.LCModel.DomainImpl.CmPictureTests.CmPictureConstructor_FromTextRep_MissingFilename" methodname="CmPictureConstructor_FromTextRep_MissingFilename" classname="SIL.LCModel.DomainImpl.CmPictureTests" runstate="Runnable" seed="1270741236" result="Passed" start-time="2020-10-05 16:46:15Z" end-time="2020-10-05 16:46:15Z" duration="0.001011" asserts="5" />
            <test-case id="3-1995" name="CmPictureConstructor_FromTextRep_TooFewParams" fullname="SIL.LCModel.DomainImpl.CmPictureTests.CmPictureConstructor_FromTextRep_TooFewParams" methodname="CmPictureConstructor_FromTextRep_TooFewParams" classname="SIL.LCModel.DomainImpl.CmPictureTests" runstate="Runnable" seed="748982936" result="Passed" start-time="2020-10-05 16:46:15Z" end-time="2020-10-05 16:46:15Z" duration="0.000724" asserts="5" />
            <test-case id="3-1994" name="CmPictureConstructor_FullParamsMultipleDescriptionVariants" fullname="SIL.LCModel.DomainImpl.CmPictureTests.CmPictureConstructor_FullParamsMultipleDescriptionVariants" methodname="CmPictureConstructor_FullParamsMultipleDescriptionVariants" classname="SIL.LCModel.DomainImpl.CmPictureTests" runstate="Runnable" seed="1743539459" result="Passed" start-time="2020-10-05 16:46:15Z" end-time="2020-10-05 16:46:15Z" duration="0.001409" asserts="16" />
            <test-case id="3-2006" name="InsertORCAt_Simple" fullname="SIL.LCModel.DomainImpl.CmPictureTests.InsertORCAt_Simple" methodname="InsertORCAt_Simple" classname="SIL.LCModel.DomainImpl.CmPictureTests" runstate="Runnable" seed="810854024" result="Passed" start-time="2020-10-05 16:46:15Z" end-time="2020-10-05 16:46:15Z" duration="0.001055" asserts="10" />
            <test-case id="3-2008" name="ParseLayoutPos_Invalid" fullname="SIL.LCModel.DomainImpl.CmPictureTests.ParseLayoutPos_Invalid" methodname="ParseLayoutPos_Invalid" classname="SIL.LCModel.DomainImpl.CmPictureTests" runstate="Runnable" seed="1435787465" result="Passed" start-time="2020-10-05 16:46:15Z" end-time="2020-10-05 16:46:15Z" duration="0.000862" asserts="5" />
            <test-case id="3-2007" name="ParseLayoutPos_Valid" fullname="SIL.LCModel.DomainImpl.CmPictureTests.ParseLayoutPos_Valid" methodname="ParseLayoutPos_Valid" classname="SIL.LCModel.DomainImpl.CmPictureTests" runstate="Runnable" seed="1691898658" result="Passed" start-time="2020-10-05 16:46:15Z" end-time="2020-10-05 16:46:15Z" duration="0.001166" asserts="18" />
            <test-case id="3-2011" name="ParseScale_Empty" fullname="SIL.LCModel.DomainImpl.CmPictureTests.ParseScale_Empty" methodname="ParseScale_Empty" classname="SIL.LCModel.DomainImpl.CmPictureTests" runstate="Runnable" seed="1506952598" result="Passed" start-time="2020-10-05 16:46:15Z" end-time="2020-10-05 16:46:15Z" duration="0.000604" asserts="5" />
            <test-case id="3-2016" name="ParseScale_HumongousNumber" fullname="SIL.LCModel.DomainImpl.CmPictureTests.ParseScale_HumongousNumber" methodname="ParseScale_HumongousNumber" classname="SIL.LCModel.DomainImpl.CmPictureTests" runstate="Runnable" seed="1501080139" result="Passed" start-time="2020-10-05 16:46:15Z" end-time="2020-10-05 16:46:15Z" duration="0.000495" asserts="5" />
            <test-case id="3-2014" name="ParseScale_MultipleNumbers" fullname="SIL.LCModel.DomainImpl.CmPictureTests.ParseScale_MultipleNumbers" methodname="ParseScale_MultipleNumbers" classname="SIL.LCModel.DomainImpl.CmPictureTests" runstate="Runnable" seed="1319024678" result="Passed" start-time="2020-10-05 16:46:15Z" end-time="2020-10-05 16:46:15Z" duration="0.000722" asserts="5" />
            <test-case id="3-2012" name="ParseScale_Negative" fullname="SIL.LCModel.DomainImpl.CmPictureTests.ParseScale_Negative" methodname="ParseScale_Negative" classname="SIL.LCModel.DomainImpl.CmPictureTests" runstate="Runnable" seed="1521413784" result="Passed" start-time="2020-10-05 16:46:15Z" end-time="2020-10-05 16:46:15Z" duration="0.000596" asserts="5" />
            <test-case id="3-2009" name="ParseScale_Normal" fullname="SIL.LCModel.DomainImpl.CmPictureTests.ParseScale_Normal" methodname="ParseScale_Normal" classname="SIL.LCModel.DomainImpl.CmPictureTests" runstate="Runnable" seed="118728539" result="Passed" start-time="2020-10-05 16:46:15Z" end-time="2020-10-05 16:46:15Z" duration="0.000614" asserts="5" />
            <test-case id="3-2010" name="ParseScale_Null" fullname="SIL.LCModel.DomainImpl.CmPictureTests.ParseScale_Null" methodname="ParseScale_Null" classname="SIL.LCModel.DomainImpl.CmPictureTests" runstate="Runnable" seed="329600882" result="Passed" start-time="2020-10-05 16:46:15Z" end-time="2020-10-05 16:46:15Z" duration="0.001356" asserts="5" />
            <test-case id="3-2017" name="ParseScale_PercentSign" fullname="SIL.LCModel.DomainImpl.CmPictureTests.ParseScale_PercentSign" methodname="ParseScale_PercentSign" classname="SIL.LCModel.DomainImpl.CmPictureTests" runstate="Runnable" seed="1430572719" result="Passed" start-time="2020-10-05 16:46:15Z" end-time="2020-10-05 16:46:15Z" duration="0.000707" asserts="5" />
            <test-case id="3-2013" name="ParseScale_TextAndNumber" fullname="SIL.LCModel.DomainImpl.CmPictureTests.ParseScale_TextAndNumber" methodname="ParseScale_TextAndNumber" classname="SIL.LCModel.DomainImpl.CmPictureTests" runstate="Runnable" seed="1072268203" result="Passed" start-time="2020-10-05 16:46:15Z" end-time="2020-10-05 16:46:15Z" duration="0.000560" asserts="5" />
            <test-case id="3-2015" name="ParseScale_Zero" fullname="SIL.LCModel.DomainImpl.CmPictureTests.ParseScale_Zero" methodname="ParseScale_Zero" classname="SIL.LCModel.DomainImpl.CmPictureTests" runstate="Runnable" seed="1026558289" result="Passed" start-time="2020-10-05 16:46:15Z" end-time="2020-10-05 16:46:15Z" duration="0.000686" asserts="5" />
            <test-case id="3-2005" name="TextRepOfPicture" fullname="SIL.LCModel.DomainImpl.CmPictureTests.TextRepOfPicture" methodname="TextRepOfPicture" classname="SIL.LCModel.DomainImpl.CmPictureTests" runstate="Runnable" seed="465154891" result="Passed" start-time="2020-10-05 16:46:15Z" end-time="2020-10-05 16:46:15Z" duration="0.000635" asserts="5" />
            <test-case id="3-1989" name="UndoOfCreateCmPicture" fullname="SIL.LCModel.DomainImpl.CmPictureTests.UndoOfCreateCmPicture" methodname="UndoOfCreateCmPicture" classname="SIL.LCModel.DomainImpl.CmPictureTests" runstate="Runnable" seed="531561813" result="Passed" start-time="2020-10-05 16:46:15Z" end-time="2020-10-05 16:46:15Z" duration="0.000665" asserts="5" />
            <test-case id="3-2003" name="UpdateCmPicture" fullname="SIL.LCModel.DomainImpl.CmPictureTests.UpdateCmPicture" methodname="UpdateCmPicture" classname="SIL.LCModel.DomainImpl.CmPictureTests" runstate="Runnable" seed="1242827374" result="Passed" start-time="2020-10-05 16:46:15Z" end-time="2020-10-05 16:46:15Z" duration="0.001283" asserts="7" />
            <test-case id="3-2004" name="UpdateCmPicture_FileNotFound" fullname="SIL.LCModel.DomainImpl.CmPictureTests.UpdateCmPicture_FileNotFound" methodname="UpdateCmPicture_FileNotFound" classname="SIL.LCModel.DomainImpl.CmPictureTests" runstate="Runnable" seed="971335018" result="Passed" start-time="2020-10-05 16:46:15Z" end-time="2020-10-05 16:46:15Z" duration="0.002133" asserts="8" />
          </test-suite>
          <test-suite type="TestFixture" id="3-1938" name="CmTranslationFactoryTests" fullname="SIL.LCModel.DomainImpl.CmTranslationFactoryTests" classname="SIL.LCModel.DomainImpl.CmTranslationFactoryTests" runstate="Runnable" testcasecount="5" result="Passed" start-time="2020-10-05 16:46:15Z" end-time="2020-10-05 16:46:15Z" duration="0.061310" total="5" passed="5" failed="0" warnings="0" inconclusive="0" skipped="0" asserts="8">
            <test-case id="3-1940" name="Ensure_smart_method_throws_on_null_owner_example_sentence" fullname="SIL.LCModel.DomainImpl.CmTranslationFactoryTests.Ensure_smart_method_throws_on_null_owner_example_sentence" methodname="Ensure_smart_method_throws_on_null_owner_example_sentence" classname="SIL.LCModel.DomainImpl.CmTranslationFactoryTests" runstate="Runnable" seed="654096822" result="Passed" start-time="2020-10-05 16:46:15Z" end-time="2020-10-05 16:46:15Z" duration="0.000547" asserts="1" />
            <test-case id="3-1939" name="Ensure_smart_method_throws_on_null_owner_paragraph" fullname="SIL.LCModel.DomainImpl.CmTranslationFactoryTests.Ensure_smart_method_throws_on_null_owner_paragraph" methodname="Ensure_smart_method_throws_on_null_owner_paragraph" classname="SIL.LCModel.DomainImpl.CmTranslationFactoryTests" runstate="Runnable" seed="1451987581" result="Passed" start-time="2020-10-05 16:46:15Z" end-time="2020-10-05 16:46:15Z" duration="0.000391" asserts="1" />
            <test-case id="3-1942" name="Ensure_smart_method_throws_on_null_translation_type_example_sentence" fullname="SIL.LCModel.DomainImpl.CmTranslationFactoryTests.Ensure_smart_method_throws_on_null_translation_type_example_sentence" methodname="Ensure_smart_method_throws_on_null_translation_type_example_sentence" classname="SIL.LCModel.DomainImpl.CmTranslationFactoryTests" runstate="Runnable" seed="1016031324" result="Passed" start-time="2020-10-05 16:46:15Z" end-time="2020-10-05 16:46:15Z" duration="0.000354" asserts="1" />
            <test-case id="3-1941" name="Ensure_smart_method_throws_on_null_translation_type_paragraph" fullname="SIL.LCModel.DomainImpl.CmTranslationFactoryTests.Ensure_smart_method_throws_on_null_translation_type_paragraph" methodname="Ensure_smart_method_throws_on_null_translation_type_paragraph" classname="SIL.LCModel.DomainImpl.CmTranslationFactoryTests" runstate="Runnable" seed="377481779" result="Passed" start-time="2020-10-05 16:46:15Z" end-time="2020-10-05 16:46:15Z" duration="0.000321" asserts="1" />
            <test-case id="3-1943" name="Ensure_smart_methods_work" fullname="SIL.LCModel.DomainImpl.CmTranslationFactoryTests.Ensure_smart_methods_work" methodname="Ensure_smart_methods_work" classname="SIL.LCModel.DomainImpl.CmTranslationFactoryTests" runstate="Runnable" seed="653361192" result="Passed" start-time="2020-10-05 16:46:15Z" end-time="2020-10-05 16:46:15Z" duration="0.003600" asserts="4" />
          </test-suite>
          <test-suite type="TestFixture" id="3-2018" name="ConfigureHomographTests" fullname="SIL.LCModel.DomainImpl.ConfigureHomographTests" classname="SIL.LCModel.DomainImpl.ConfigureHomographTests" runstate="Runnable" testcasecount="7" result="Passed" start-time="2020-10-05 16:46:15Z" end-time="2020-10-05 16:46:15Z" duration="0.064010" total="7" passed="7" failed="0" warnings="0" inconclusive="0" skipped="0" asserts="336">
            <test-case id="3-2020" name="HeadwordRef" fullname="SIL.LCModel.DomainImpl.ConfigureHomographTests.HeadwordRef" methodname="HeadwordRef" classname="SIL.LCModel.DomainImpl.ConfigureHomographTests" runstate="Runnable" seed="975552976" result="Passed" start-time="2020-10-05 16:46:15Z" end-time="2020-10-05 16:46:15Z" duration="0.001269" asserts="41" />
            <test-case id="3-2021" name="HeadwordReversal" fullname="SIL.LCModel.DomainImpl.ConfigureHomographTests.HeadwordReversal" methodname="HeadwordReversal" classname="SIL.LCModel.DomainImpl.ConfigureHomographTests" runstate="Runnable" seed="1910767172" result="Passed" start-time="2020-10-05 16:46:15Z" end-time="2020-10-05 16:46:15Z" duration="0.000509" asserts="41" />
            <test-case id="3-2019" name="MLHeadword" fullname="SIL.LCModel.DomainImpl.ConfigureHomographTests.MLHeadword" methodname="MLHeadword" classname="SIL.LCModel.DomainImpl.ConfigureHomographTests" runstate="Runnable" seed="1965426806" result="Passed" start-time="2020-10-05 16:46:15Z" end-time="2020-10-05 16:46:15Z" duration="0.000544" asserts="41" />
            <test-case id="3-2022" name="OwnerOutlineName" fullname="SIL.LCModel.DomainImpl.ConfigureHomographTests.OwnerOutlineName" methodname="OwnerOutlineName" classname="SIL.LCModel.DomainImpl.ConfigureHomographTests" runstate="Runnable" seed="325338391" result="Passed" start-time="2020-10-05 16:46:15Z" end-time="2020-10-05 16:46:15Z" duration="0.001539" asserts="91" />
            <test-case id="3-2025" name="PersistData" fullname="SIL.LCModel.DomainImpl.ConfigureHomographTests.PersistData" methodname="PersistData" classname="SIL.LCModel.DomainImpl.ConfigureHomographTests" runstate="Runnable" seed="1298181367" result="Passed" start-time="2020-10-05 16:46:15Z" end-time="2020-10-05 16:46:15Z" duration="0.001152" asserts="18" />
            <test-case id="3-2023" name="ReversalName" fullname="SIL.LCModel.DomainImpl.ConfigureHomographTests.ReversalName" methodname="ReversalName" classname="SIL.LCModel.DomainImpl.ConfigureHomographTests" runstate="Runnable" seed="1023977966" result="Passed" start-time="2020-10-05 16:46:15Z" end-time="2020-10-05 16:46:15Z" duration="0.000498" asserts="91" />
            <test-case id="3-2024" name="SenseNumberFormatting" fullname="SIL.LCModel.DomainImpl.ConfigureHomographTests.SenseNumberFormatting" methodname="SenseNumberFormatting" classname="SIL.LCModel.DomainImpl.ConfigureHomographTests" runstate="Runnable" seed="503336653" result="Passed" start-time="2020-10-05 16:46:15Z" end-time="2020-10-05 16:46:15Z" duration="0.001531" asserts="13" />
          </test-suite>
          <test-suite type="TestFixture" id="3-2026" name="CreateModifyTimeTests" fullname="SIL.LCModel.DomainImpl.CreateModifyTimeTests" classname="SIL.LCModel.DomainImpl.CreateModifyTimeTests" runstate="Runnable" testcasecount="2" result="Passed" start-time="2020-10-05 16:46:15Z" end-time="2020-10-05 16:46:15Z" duration="0.056826" total="2" passed="2" failed="0" warnings="0" inconclusive="0" skipped="0" asserts="6">
            <test-case id="3-2027" name="ModifyMajorObject" fullname="SIL.LCModel.DomainImpl.CreateModifyTimeTests.ModifyMajorObject" methodname="ModifyMajorObject" classname="SIL.LCModel.DomainImpl.CreateModifyTimeTests" runstate="Runnable" seed="968375157" result="Passed" start-time="2020-10-05 16:46:15Z" end-time="2020-10-05 16:46:15Z" duration="0.001688" asserts="2" />
            <test-case id="3-2028" name="ModifyMinorObject" fullname="SIL.LCModel.DomainImpl.CreateModifyTimeTests.ModifyMinorObject" methodname="ModifyMinorObject" classname="SIL.LCModel.DomainImpl.CreateModifyTimeTests" runstate="Runnable" seed="1794367117" result="Passed" start-time="2020-10-05 16:46:15Z" end-time="2020-10-05 16:46:15Z" duration="0.001333" asserts="4" />
          </test-suite>
          <test-suite type="TestFixture" id="3-2029" name="DeleteTests" fullname="SIL.LCModel.DomainImpl.DeleteTests" classname="SIL.LCModel.DomainImpl.DeleteTests" runstate="Runnable" testcasecount="1" result="Passed" start-time="2020-10-05 16:46:15Z" end-time="2020-10-05 16:46:15Z" duration="0.057030" total="1" passed="1" failed="0" warnings="0" inconclusive="0" skipped="0" asserts="6">
            <test-case id="3-2030" name="ClearIncomingRefs" fullname="SIL.LCModel.DomainImpl.DeleteTests.ClearIncomingRefs" methodname="ClearIncomingRefs" classname="SIL.LCModel.DomainImpl.DeleteTests" runstate="Runnable" seed="1921087980" result="Passed" start-time="2020-10-05 16:46:15Z" end-time="2020-10-05 16:46:15Z" duration="0.001931" asserts="6" />
          </test-suite>
          <test-suite type="TestFixture" id="3-2031" name="DsChartTests" fullname="SIL.LCModel.DomainImpl.DsChartTests" classname="SIL.LCModel.DomainImpl.DsChartTests" runstate="Runnable" testcasecount="6" result="Passed" start-time="2020-10-05 16:46:15Z" end-time="2020-10-05 16:46:15Z" duration="0.094200" total="6" passed="6" failed="0" warnings="0" inconclusive="0" skipped="0" asserts="25">
            <test-case id="3-2034" name="DeleteCellParts_AllInFirstRow" fullname="SIL.LCModel.DomainImpl.DsChartTests.DeleteCellParts_AllInFirstRow" methodname="DeleteCellParts_AllInFirstRow" classname="SIL.LCModel.DomainImpl.DsChartTests" runstate="Runnable" seed="1551521543" result="Passed" start-time="2020-10-05 16:46:15Z" end-time="2020-10-05 16:46:15Z" duration="0.010778" asserts="3" />
            <test-case id="3-2033" name="DeleteCellParts_AllInLastRow" fullname="SIL.LCModel.DomainImpl.DsChartTests.DeleteCellParts_AllInLastRow" methodname="DeleteCellParts_AllInLastRow" classname="SIL.LCModel.DomainImpl.DsChartTests" runstate="Runnable" seed="1229881713" result="Passed" start-time="2020-10-05 16:46:15Z" end-time="2020-10-05 16:46:15Z" duration="0.002327" asserts="3" />
            <test-case id="3-2035" name="DeleteCellParts_OneInFirstRow" fullname="SIL.LCModel.DomainImpl.DsChartTests.DeleteCellParts_OneInFirstRow" methodname="DeleteCellParts_OneInFirstRow" classname="SIL.LCModel.DomainImpl.DsChartTests" runstate="Runnable" seed="1853545132" result="Passed" start-time="2020-10-05 16:46:15Z" end-time="2020-10-05 16:46:15Z" duration="0.002205" asserts="4" />
            <test-case id="3-2032" name="DeleteChart_Basic" fullname="SIL.LCModel.DomainImpl.DsChartTests.DeleteChart_Basic" methodname="DeleteChart_Basic" classname="SIL.LCModel.DomainImpl.DsChartTests" runstate="Runnable" seed="1771130666" result="Passed" start-time="2020-10-05 16:46:15Z" end-time="2020-10-05 16:46:15Z" duration="0.003471" asserts="6" />
            <test-case id="3-2037" name="DeleteRow_ReferencingClauseMarker" fullname="SIL.LCModel.DomainImpl.DsChartTests.DeleteRow_ReferencingClauseMarker" methodname="DeleteRow_ReferencingClauseMarker" classname="SIL.LCModel.DomainImpl.DsChartTests" runstate="Runnable" seed="233566120" result="Passed" start-time="2020-10-05 16:46:15Z" end-time="2020-10-05 16:46:15Z" duration="0.005422" asserts="5" />
            <test-case id="3-2036" name="DeleteWordGroup_ReferencingMTMarker" fullname="SIL.LCModel.DomainImpl.DsChartTests.DeleteWordGroup_ReferencingMTMarker" methodname="DeleteWordGroup_ReferencingMTMarker" classname="SIL.LCModel.DomainImpl.DsChartTests" runstate="Runnable" seed="577423117" result="Passed" start-time="2020-10-05 16:46:15Z" end-time="2020-10-05 16:46:15Z" duration="0.004350" asserts="4" />
          </test-suite>
          <test-suite type="TestFixture" id="3-2176" name="EqualMsaTests" fullname="SIL.LCModel.DomainImpl.EqualMsaTests" classname="SIL.LCModel.DomainImpl.EqualMsaTests" runstate="Runnable" testcasecount="6" result="Skipped" label="Ignored" site="Child" start-time="2020-10-05 16:46:15Z" end-time="2020-10-05 16:46:15Z" duration="0.138912" total="6" passed="5" failed="0" warnings="0" inconclusive="0" skipped="1" asserts="84">
            <reason>
              <message><![CDATA[One or more child tests were ignored]]></message>
            </reason>
            <test-case id="3-2181" name="MoDerivAffMsa_EqualMsa" fullname="SIL.LCModel.DomainImpl.EqualMsaTests.MoDerivAffMsa_EqualMsa" methodname="MoDerivAffMsa_EqualMsa" classname="SIL.LCModel.DomainImpl.EqualMsaTests" runstate="Runnable" seed="975900887" result="Passed" start-time="2020-10-05 16:46:15Z" end-time="2020-10-05 16:46:15Z" duration="0.054196" asserts="32" />
            <test-case id="3-2180" name="MoDerivStepMsa_EqualMsa" fullname="SIL.LCModel.DomainImpl.EqualMsaTests.MoDerivStepMsa_EqualMsa" methodname="MoDerivStepMsa_EqualMsa" classname="SIL.LCModel.DomainImpl.EqualMsaTests" runstate="Ignored" seed="334356549" result="Skipped" label="Ignored" start-time="2020-10-05 16:46:15Z" end-time="2020-10-05 16:46:15Z" duration="0.000005" asserts="0">
              <properties>
                <property name="_SKIPREASON" value="Add this test after we start using MoDerivStepMsa." />
              </properties>
              <reason>
                <message><![CDATA[Add this test after we start using MoDerivStepMsa.]]></message>
              </reason>
            </test-case>
            <test-case id="3-2179" name="MoInflAffMsa_EqualMsa" fullname="SIL.LCModel.DomainImpl.EqualMsaTests.MoInflAffMsa_EqualMsa" methodname="MoInflAffMsa_EqualMsa" classname="SIL.LCModel.DomainImpl.EqualMsaTests" runstate="Runnable" seed="1418913446" result="Passed" start-time="2020-10-05 16:46:15Z" end-time="2020-10-05 16:46:15Z" duration="0.013223" asserts="18" />
            <test-case id="3-2177" name="MoStemMsa_EqualMsa" fullname="SIL.LCModel.DomainImpl.EqualMsaTests.MoStemMsa_EqualMsa" methodname="MoStemMsa_EqualMsa" classname="SIL.LCModel.DomainImpl.EqualMsaTests" runstate="Runnable" seed="1545683253" result="Passed" start-time="2020-10-05 16:46:15Z" end-time="2020-10-05 16:46:15Z" duration="0.006052" asserts="17" />
            <test-case id="3-2182" name="MoUnclassifiedAffixMsa_EqualMsa" fullname="SIL.LCModel.DomainImpl.EqualMsaTests.MoUnclassifiedAffixMsa_EqualMsa" methodname="MoUnclassifiedAffixMsa_EqualMsa" classname="SIL.LCModel.DomainImpl.EqualMsaTests" runstate="Runnable" seed="758925874" result="Passed" start-time="2020-10-05 16:46:15Z" end-time="2020-10-05 16:46:15Z" duration="0.002242" asserts="8" />
            <test-case id="3-2178" name="OnRefresh_SetNullInflFeatsOAWhenInvalidFeature" fullname="SIL.LCModel.DomainImpl.EqualMsaTests.OnRefresh_SetNullInflFeatsOAWhenInvalidFeature" methodname="OnRefresh_SetNullInflFeatsOAWhenInvalidFeature" classname="SIL.LCModel.DomainImpl.EqualMsaTests" runstate="Runnable" seed="699975253" result="Passed" start-time="2020-10-05 16:46:15Z" end-time="2020-10-05 16:46:15Z" duration="0.007007" asserts="9" />
          </test-suite>
          <test-suite type="TestFixture" id="3-2038" name="FactoryAdditionsTests" fullname="SIL.LCModel.DomainImpl.FactoryAdditionsTests" classname="SIL.LCModel.DomainImpl.FactoryAdditionsTests" runstate="Runnable" testcasecount="4" result="Passed" start-time="2020-10-05 16:46:15Z" end-time="2020-10-05 16:46:16Z" duration="0.068744" total="4" passed="4" failed="0" warnings="0" inconclusive="0" skipped="0" asserts="8">
            <test-case id="3-2040" name="Create_AppliesWSFromGlossTsString" fullname="SIL.LCModel.DomainImpl.FactoryAdditionsTests.Create_AppliesWSFromGlossTsString" methodname="Create_AppliesWSFromGlossTsString" classname="SIL.LCModel.DomainImpl.FactoryAdditionsTests" runstate="Runnable" seed="1592552826" result="Passed" start-time="2020-10-05 16:46:15Z" end-time="2020-10-05 16:46:16Z" duration="0.005889" asserts="2" />
            <test-case id="3-2039" name="EntryCreatedWithNonDefaultAnalysisGlossDoesNotFillInDefaultAnalysisGloss" fullname="SIL.LCModel.DomainImpl.FactoryAdditionsTests.EntryCreatedWithNonDefaultAnalysisGlossDoesNotFillInDefaultAnalysisGloss" methodname="EntryCreatedWithNonDefaultAnalysisGlossDoesNotFillInDefaultAnalysisGloss" classname="SIL.LCModel.DomainImpl.FactoryAdditionsTests" runstate="Runnable" seed="1895077904" result="Passed" start-time="2020-10-05 16:46:16Z" end-time="2020-10-05 16:46:16Z" duration="0.003854" asserts="2" />
            <test-case id="3-2042" name="LexSenseFactoryCreate_NullGlossTss_DoesNotThrow" fullname="SIL.LCModel.DomainImpl.FactoryAdditionsTests.LexSenseFactoryCreate_NullGlossTss_DoesNotThrow" methodname="LexSenseFactoryCreate_NullGlossTss_DoesNotThrow" classname="SIL.LCModel.DomainImpl.FactoryAdditionsTests" runstate="Runnable" seed="1145635125" result="Passed" start-time="2020-10-05 16:46:16Z" end-time="2020-10-05 16:46:16Z" duration="0.003897" asserts="2" />
            <test-case id="3-2041" name="LexSenseFactoryCreate_UsesWsFromGlossTss" fullname="SIL.LCModel.DomainImpl.FactoryAdditionsTests.LexSenseFactoryCreate_UsesWsFromGlossTss" methodname="LexSenseFactoryCreate_UsesWsFromGlossTss" classname="SIL.LCModel.DomainImpl.FactoryAdditionsTests" runstate="Runnable" seed="566323800" result="Passed" start-time="2020-10-05 16:46:16Z" end-time="2020-10-05 16:46:16Z" duration="0.000742" asserts="2" />
          </test-suite>
          <test-suite type="TestFixture" id="3-2043" name="FeatureSystemTests" fullname="SIL.LCModel.DomainImpl.FeatureSystemTests" classname="SIL.LCModel.DomainImpl.FeatureSystemTests" runstate="Runnable" testcasecount="2" result="Passed" start-time="2020-10-05 16:46:16Z" end-time="2020-10-05 16:46:16Z" duration="0.071029" total="2" passed="2" failed="0" warnings="0" inconclusive="0" skipped="0" asserts="36">
            <test-case id="3-2044" name="AddFeatureFromXml_HandlesClosedFeatures" fullname="SIL.LCModel.DomainImpl.FeatureSystemTests.AddFeatureFromXml_HandlesClosedFeatures" methodname="AddFeatureFromXml_HandlesClosedFeatures" classname="SIL.LCModel.DomainImpl.FeatureSystemTests" runstate="Runnable" seed="758735307" result="Passed" start-time="2020-10-05 16:46:16Z" end-time="2020-10-05 16:46:16Z" duration="0.004816" asserts="24" />
            <test-case id="3-2045" name="AddFeatureFromXml_HandlesComplexFeatures" fullname="SIL.LCModel.DomainImpl.FeatureSystemTests.AddFeatureFromXml_HandlesComplexFeatures" methodname="AddFeatureFromXml_HandlesComplexFeatures" classname="SIL.LCModel.DomainImpl.FeatureSystemTests" runstate="Runnable" seed="254220795" result="Passed" start-time="2020-10-05 16:46:16Z" end-time="2020-10-05 16:46:16Z" duration="0.006216" asserts="12" />
          </test-suite>
          <test-suite type="TestFixture" id="3-2500" name="FindCorrespondingVernParaForSegmentTests" fullname="SIL.LCModel.DomainImpl.FindCorrespondingVernParaForSegmentTests" classname="SIL.LCModel.DomainImpl.FindCorrespondingVernParaForSegmentTests" runstate="Runnable" testcasecount="18" result="Passed" start-time="2020-10-05 16:46:16Z" end-time="2020-10-05 16:46:16Z" duration="0.302083" total="18" passed="18" failed="0" warnings="0" inconclusive="0" skipped="0" asserts="30">
            <test-case id="3-2518" name="FailToFindParaByReference_NonExistentReference" fullname="SIL.LCModel.DomainImpl.FindCorrespondingVernParaForSegmentTests.FailToFindParaByReference_NonExistentReference" methodname="FailToFindParaByReference_NonExistentReference" classname="SIL.LCModel.DomainImpl.FindCorrespondingVernParaForSegmentTests" runstate="Runnable" seed="1553196590" result="Passed" start-time="2020-10-05 16:46:16Z" end-time="2020-10-05 16:46:16Z" duration="0.041846" asserts="1" />
            <test-case id="3-2515" name="FailToFindSecondTitlePara" fullname="SIL.LCModel.DomainImpl.FindCorrespondingVernParaForSegmentTests.FailToFindSecondTitlePara" methodname="FailToFindSecondTitlePara" classname="SIL.LCModel.DomainImpl.FindCorrespondingVernParaForSegmentTests" runstate="Runnable" seed="920006404" result="Passed" start-time="2020-10-05 16:46:16Z" end-time="2020-10-05 16:46:16Z" duration="0.013202" asserts="1" />
            <test-case id="3-2504" name="FailToFindSectionHeadPara_IncorrectStyle" fullname="SIL.LCModel.DomainImpl.FindCorrespondingVernParaForSegmentTests.FailToFindSectionHeadPara_IncorrectStyle" methodname="FailToFindSectionHeadPara_IncorrectStyle" classname="SIL.LCModel.DomainImpl.FindCorrespondingVernParaForSegmentTests" runstate="Runnable" seed="912396831" result="Passed" start-time="2020-10-05 16:46:16Z" end-time="2020-10-05 16:46:16Z" duration="0.012056" asserts="1" />
            <test-case id="3-2503" name="FailToFindSectionHeadPara_ParaIndexTooBig" fullname="SIL.LCModel.DomainImpl.FindCorrespondingVernParaForSegmentTests.FailToFindSectionHeadPara_ParaIndexTooBig" methodname="FailToFindSectionHeadPara_ParaIndexTooBig" classname="SIL.LCModel.DomainImpl.FindCorrespondingVernParaForSegmentTests" runstate="Runnable" seed="260874287" result="Passed" start-time="2020-10-05 16:46:16Z" end-time="2020-10-05 16:46:16Z" duration="0.011681" asserts="1" />
            <test-case id="3-2516" name="FailToFindTitlePara_DifferentStyles" fullname="SIL.LCModel.DomainImpl.FindCorrespondingVernParaForSegmentTests.FailToFindTitlePara_DifferentStyles" methodname="FailToFindTitlePara_DifferentStyles" classname="SIL.LCModel.DomainImpl.FindCorrespondingVernParaForSegmentTests" runstate="Runnable" seed="816042057" result="Passed" start-time="2020-10-05 16:46:16Z" end-time="2020-10-05 16:46:16Z" duration="0.011149" asserts="1" />
            <test-case id="3-2514" name="FailToFindTitlePara_NoCorrespondingVernBook" fullname="SIL.LCModel.DomainImpl.FindCorrespondingVernParaForSegmentTests.FailToFindTitlePara_NoCorrespondingVernBook" methodname="FailToFindTitlePara_NoCorrespondingVernBook" classname="SIL.LCModel.DomainImpl.FindCorrespondingVernParaForSegmentTests" runstate="Runnable" seed="1936207719" result="Passed" start-time="2020-10-05 16:46:16Z" end-time="2020-10-05 16:46:16Z" duration="0.011502" asserts="1" />
            <test-case id="3-2511" name="FailToFindVerse_DifferentParaStyle" fullname="SIL.LCModel.DomainImpl.FindCorrespondingVernParaForSegmentTests.FailToFindVerse_DifferentParaStyle" methodname="FailToFindVerse_DifferentParaStyle" classname="SIL.LCModel.DomainImpl.FindCorrespondingVernParaForSegmentTests" runstate="Runnable" seed="1031799696" result="Passed" start-time="2020-10-05 16:46:16Z" end-time="2020-10-05 16:46:16Z" duration="0.010855" asserts="2" />
            <test-case id="3-2510" name="FailToFindVerse_MissingVerse" fullname="SIL.LCModel.DomainImpl.FindCorrespondingVernParaForSegmentTests.FailToFindVerse_MissingVerse" methodname="FailToFindVerse_MissingVerse" classname="SIL.LCModel.DomainImpl.FindCorrespondingVernParaForSegmentTests" runstate="Runnable" seed="1973307098" result="Passed" start-time="2020-10-05 16:46:16Z" end-time="2020-10-05 16:46:16Z" duration="0.010707" asserts="2" />
            <test-case id="3-2507" name="FindContentParaWithNoVerseNumber" fullname="SIL.LCModel.DomainImpl.FindCorrespondingVernParaForSegmentTests.FindContentParaWithNoVerseNumber" methodname="FindContentParaWithNoVerseNumber" classname="SIL.LCModel.DomainImpl.FindCorrespondingVernParaForSegmentTests" runstate="Runnable" seed="1375074520" result="Passed" start-time="2020-10-05 16:46:16Z" end-time="2020-10-05 16:46:16Z" duration="0.011708" asserts="2" />
            <test-case id="3-2517" name="FindParaByReference" fullname="SIL.LCModel.DomainImpl.FindCorrespondingVernParaForSegmentTests.FindParaByReference" methodname="FindParaByReference" classname="SIL.LCModel.DomainImpl.FindCorrespondingVernParaForSegmentTests" runstate="Runnable" seed="632206943" result="Passed" start-time="2020-10-05 16:46:16Z" end-time="2020-10-05 16:46:16Z" duration="0.013294" asserts="2" />
            <test-case id="3-2501" name="FindSectionHeadPara" fullname="SIL.LCModel.DomainImpl.FindCorrespondingVernParaForSegmentTests.FindSectionHeadPara" methodname="FindSectionHeadPara" classname="SIL.LCModel.DomainImpl.FindCorrespondingVernParaForSegmentTests" runstate="Runnable" seed="725324692" result="Passed" start-time="2020-10-05 16:46:16Z" end-time="2020-10-05 16:46:16Z" duration="0.012355" asserts="2" />
            <test-case id="3-2502" name="FindSectionHeadPara_VeryFirst" fullname="SIL.LCModel.DomainImpl.FindCorrespondingVernParaForSegmentTests.FindSectionHeadPara_VeryFirst" methodname="FindSectionHeadPara_VeryFirst" classname="SIL.LCModel.DomainImpl.FindCorrespondingVernParaForSegmentTests" runstate="Runnable" seed="2107223602" result="Passed" start-time="2020-10-05 16:46:16Z" end-time="2020-10-05 16:46:16Z" duration="0.010846" asserts="4" />
            <test-case id="3-2512" name="FindTitlePara" fullname="SIL.LCModel.DomainImpl.FindCorrespondingVernParaForSegmentTests.FindTitlePara" methodname="FindTitlePara" classname="SIL.LCModel.DomainImpl.FindCorrespondingVernParaForSegmentTests" runstate="Runnable" seed="237741625" result="Passed" start-time="2020-10-05 16:46:16Z" end-time="2020-10-05 16:46:16Z" duration="0.011802" asserts="1" />
            <test-case id="3-2513" name="FindTitlePara_SecondPara" fullname="SIL.LCModel.DomainImpl.FindCorrespondingVernParaForSegmentTests.FindTitlePara_SecondPara" methodname="FindTitlePara_SecondPara" classname="SIL.LCModel.DomainImpl.FindCorrespondingVernParaForSegmentTests" runstate="Runnable" seed="1235951805" result="Passed" start-time="2020-10-05 16:46:16Z" end-time="2020-10-05 16:46:16Z" duration="0.011306" asserts="1" />
            <test-case id="3-2509" name="FindVerseInBridge" fullname="SIL.LCModel.DomainImpl.FindCorrespondingVernParaForSegmentTests.FindVerseInBridge" methodname="FindVerseInBridge" classname="SIL.LCModel.DomainImpl.FindCorrespondingVernParaForSegmentTests" runstate="Runnable" seed="925679812" result="Passed" start-time="2020-10-05 16:46:16Z" end-time="2020-10-05 16:46:16Z" duration="0.011899" asserts="2" />
            <test-case id="3-2506" name="FindVerseInNormalPara" fullname="SIL.LCModel.DomainImpl.FindCorrespondingVernParaForSegmentTests.FindVerseInNormalPara" methodname="FindVerseInNormalPara" classname="SIL.LCModel.DomainImpl.FindCorrespondingVernParaForSegmentTests" runstate="Runnable" seed="504306807" result="Passed" start-time="2020-10-05 16:46:16Z" end-time="2020-10-05 16:46:16Z" duration="0.011853" asserts="2" />
            <test-case id="3-2505" name="FindVerseInNormalPara_VeryFirst" fullname="SIL.LCModel.DomainImpl.FindCorrespondingVernParaForSegmentTests.FindVerseInNormalPara_VeryFirst" methodname="FindVerseInNormalPara_VeryFirst" classname="SIL.LCModel.DomainImpl.FindCorrespondingVernParaForSegmentTests" runstate="Runnable" seed="1611767974" result="Passed" start-time="2020-10-05 16:46:16Z" end-time="2020-10-05 16:46:16Z" duration="0.010971" asserts="2" />
            <test-case id="3-2508" name="FindVerseInPoetryPara" fullname="SIL.LCModel.DomainImpl.FindCorrespondingVernParaForSegmentTests.FindVerseInPoetryPara" methodname="FindVerseInPoetryPara" classname="SIL.LCModel.DomainImpl.FindCorrespondingVernParaForSegmentTests" runstate="Runnable" seed="789068787" result="Passed" start-time="2020-10-05 16:46:16Z" end-time="2020-10-05 16:46:16Z" duration="0.011836" asserts="2" />
          </test-suite>
          <test-suite type="TestFixture" id="3-2046" name="FreeTransEditTests" fullname="SIL.LCModel.DomainImpl.FreeTransEditTests" classname="SIL.LCModel.DomainImpl.FreeTransEditTests" runstate="Runnable" testcasecount="4" result="Passed" start-time="2020-10-05 16:46:16Z" end-time="2020-10-05 16:46:16Z" duration="0.078315" total="4" passed="4" failed="0" warnings="0" inconclusive="0" skipped="0" asserts="10">
            <test-case id="3-2048" name="CreateAndUpdateOneOfTwoFts" fullname="SIL.LCModel.DomainImpl.FreeTransEditTests.CreateAndUpdateOneOfTwoFts" methodname="CreateAndUpdateOneOfTwoFts" classname="SIL.LCModel.DomainImpl.FreeTransEditTests" runstate="Runnable" seed="1305612333" result="Passed" start-time="2020-10-05 16:46:16Z" end-time="2020-10-05 16:46:16Z" duration="0.005442" asserts="4" />
            <test-case id="3-2047" name="CreateAndUpdateSingleFt" fullname="SIL.LCModel.DomainImpl.FreeTransEditTests.CreateAndUpdateSingleFt" methodname="CreateAndUpdateSingleFt" classname="SIL.LCModel.DomainImpl.FreeTransEditTests" runstate="Runnable" seed="1214773428" result="Passed" start-time="2020-10-05 16:46:16Z" end-time="2020-10-05 16:46:16Z" duration="0.001166" asserts="4" />
            <test-case id="3-2050" name="NonScriptureText" fullname="SIL.LCModel.DomainImpl.FreeTransEditTests.NonScriptureText" methodname="NonScriptureText" classname="SIL.LCModel.DomainImpl.FreeTransEditTests" runstate="Runnable" seed="812293812" result="Passed" start-time="2020-10-05 16:46:16Z" end-time="2020-10-05 16:46:16Z" duration="0.002440" asserts="1" />
            <test-case id="3-2049" name="UpdateFtAddsSpacesBetweenLabels" fullname="SIL.LCModel.DomainImpl.FreeTransEditTests.UpdateFtAddsSpacesBetweenLabels" methodname="UpdateFtAddsSpacesBetweenLabels" classname="SIL.LCModel.DomainImpl.FreeTransEditTests" runstate="Runnable" seed="1891785444" result="Passed" start-time="2020-10-05 16:46:16Z" end-time="2020-10-05 16:46:16Z" duration="0.006931" asserts="1" />
          </test-suite>
          <test-suite type="TestFixture" id="3-2607" name="GetRefsAtPositionTests" fullname="SIL.LCModel.DomainImpl.GetRefsAtPositionTests" classname="SIL.LCModel.DomainImpl.GetRefsAtPositionTests" runstate="Runnable" testcasecount="15" result="Passed" start-time="2020-10-05 16:46:16Z" end-time="2020-10-05 16:46:16Z" duration="0.098239" total="15" passed="15" failed="0" warnings="0" inconclusive="0" skipped="0" asserts="32">
            <test-case id="3-2608" name="AtEnd" fullname="SIL.LCModel.DomainImpl.GetRefsAtPositionTests.AtEnd" methodname="AtEnd" classname="SIL.LCModel.DomainImpl.GetRefsAtPositionTests" runstate="Runnable" seed="1809452547" result="Passed" start-time="2020-10-05 16:46:16Z" end-time="2020-10-05 16:46:16Z" duration="0.003152" asserts="2" />
            <test-case id="3-2619" name="ChapterNumberAndVerseBridgeInPara" fullname="SIL.LCModel.DomainImpl.GetRefsAtPositionTests.ChapterNumberAndVerseBridgeInPara" methodname="ChapterNumberAndVerseBridgeInPara" classname="SIL.LCModel.DomainImpl.GetRefsAtPositionTests" runstate="Runnable" seed="659126711" result="Passed" start-time="2020-10-05 16:46:16Z" end-time="2020-10-05 16:46:16Z" duration="0.002355" asserts="2" />
            <test-case id="3-2620" name="ChapterNumberInPara" fullname="SIL.LCModel.DomainImpl.GetRefsAtPositionTests.ChapterNumberInPara" methodname="ChapterNumberInPara" classname="SIL.LCModel.DomainImpl.GetRefsAtPositionTests" runstate="Runnable" seed="2112269452" result="Passed" start-time="2020-10-05 16:46:16Z" end-time="2020-10-05 16:46:16Z" duration="0.002232" asserts="2" />
            <test-case id="3-2622" name="ChapterNumberInPrevPara" fullname="SIL.LCModel.DomainImpl.GetRefsAtPositionTests.ChapterNumberInPrevPara" methodname="ChapterNumberInPrevPara" classname="SIL.LCModel.DomainImpl.GetRefsAtPositionTests" runstate="Runnable" seed="816052653" result="Passed" start-time="2020-10-05 16:46:16Z" end-time="2020-10-05 16:46:16Z" duration="0.004756" asserts="2" />
            <test-case id="3-2621" name="FromPrevParagraph_SecondSection" fullname="SIL.LCModel.DomainImpl.GetRefsAtPositionTests.FromPrevParagraph_SecondSection" methodname="FromPrevParagraph_SecondSection" classname="SIL.LCModel.DomainImpl.GetRefsAtPositionTests" runstate="Runnable" seed="2095426745" result="Passed" start-time="2020-10-05 16:46:16Z" end-time="2020-10-05 16:46:16Z" duration="0.003283" asserts="2" />
            <test-case id="3-2610" name="InvalidPos_IndexPastEnd" fullname="SIL.LCModel.DomainImpl.GetRefsAtPositionTests.InvalidPos_IndexPastEnd" methodname="InvalidPos_IndexPastEnd" classname="SIL.LCModel.DomainImpl.GetRefsAtPositionTests" runstate="Runnable" seed="1109089227" result="Passed" start-time="2020-10-05 16:46:16Z" end-time="2020-10-05 16:46:16Z" duration="0.001837" asserts="2" />
            <test-case id="3-2609" name="InvalidPos_NegativeIndex" fullname="SIL.LCModel.DomainImpl.GetRefsAtPositionTests.InvalidPos_NegativeIndex" methodname="InvalidPos_NegativeIndex" classname="SIL.LCModel.DomainImpl.GetRefsAtPositionTests" runstate="Runnable" seed="545692506" result="Passed" start-time="2020-10-05 16:46:16Z" end-time="2020-10-05 16:46:16Z" duration="0.001525" asserts="2" />
            <test-case id="3-2615" name="MiddleOfPara_MiddleOfSection_AssocPrevFalse" fullname="SIL.LCModel.DomainImpl.GetRefsAtPositionTests.MiddleOfPara_MiddleOfSection_AssocPrevFalse" methodname="MiddleOfPara_MiddleOfSection_AssocPrevFalse" classname="SIL.LCModel.DomainImpl.GetRefsAtPositionTests" runstate="Runnable" seed="609590191" result="Passed" start-time="2020-10-05 16:46:16Z" end-time="2020-10-05 16:46:16Z" duration="0.002062" asserts="2" />
            <test-case id="3-2614" name="MiddleOfPara_MiddleOfSection_AssocPrevTrue" fullname="SIL.LCModel.DomainImpl.GetRefsAtPositionTests.MiddleOfPara_MiddleOfSection_AssocPrevTrue" methodname="MiddleOfPara_MiddleOfSection_AssocPrevTrue" classname="SIL.LCModel.DomainImpl.GetRefsAtPositionTests" runstate="Runnable" seed="611091856" result="Passed" start-time="2020-10-05 16:46:16Z" end-time="2020-10-05 16:46:16Z" duration="0.001371" asserts="2" />
            <test-case id="3-2613" name="MiddleOfVerseNumber" fullname="SIL.LCModel.DomainImpl.GetRefsAtPositionTests.MiddleOfVerseNumber" methodname="MiddleOfVerseNumber" classname="SIL.LCModel.DomainImpl.GetRefsAtPositionTests" runstate="Runnable" seed="742199621" result="Passed" start-time="2020-10-05 16:46:16Z" end-time="2020-10-05 16:46:16Z" duration="0.001659" asserts="2" />
            <test-case id="3-2617" name="NewParaInExistingSection_Begin" fullname="SIL.LCModel.DomainImpl.GetRefsAtPositionTests.NewParaInExistingSection_Begin" methodname="NewParaInExistingSection_Begin" classname="SIL.LCModel.DomainImpl.GetRefsAtPositionTests" runstate="Runnable" seed="626258004" result="Passed" start-time="2020-10-05 16:46:16Z" end-time="2020-10-05 16:46:16Z" duration="0.002458" asserts="4" />
            <test-case id="3-2618" name="NewParaInExistingSection_End" fullname="SIL.LCModel.DomainImpl.GetRefsAtPositionTests.NewParaInExistingSection_End" methodname="NewParaInExistingSection_End" classname="SIL.LCModel.DomainImpl.GetRefsAtPositionTests" runstate="Runnable" seed="1512523180" result="Passed" start-time="2020-10-05 16:46:16Z" end-time="2020-10-05 16:46:16Z" duration="0.002051" asserts="2" />
            <test-case id="3-2616" name="NewParaInNewSection" fullname="SIL.LCModel.DomainImpl.GetRefsAtPositionTests.NewParaInNewSection" methodname="NewParaInNewSection" classname="SIL.LCModel.DomainImpl.GetRefsAtPositionTests" runstate="Runnable" seed="1622741674" result="Passed" start-time="2020-10-05 16:46:16Z" end-time="2020-10-05 16:46:16Z" duration="0.003701" asserts="2" />
            <test-case id="3-2611" name="StartOfPara_AssocPrevTrue" fullname="SIL.LCModel.DomainImpl.GetRefsAtPositionTests.StartOfPara_AssocPrevTrue" methodname="StartOfPara_AssocPrevTrue" classname="SIL.LCModel.DomainImpl.GetRefsAtPositionTests" runstate="Runnable" seed="1751193462" result="Passed" start-time="2020-10-05 16:46:16Z" end-time="2020-10-05 16:46:16Z" duration="0.001796" asserts="2" />
            <test-case id="3-2612" name="StartOfPara_StartOfSection_AssocPrevFalse" fullname="SIL.LCModel.DomainImpl.GetRefsAtPositionTests.StartOfPara_StartOfSection_AssocPrevFalse" methodname="StartOfPara_StartOfSection_AssocPrevFalse" classname="SIL.LCModel.DomainImpl.GetRefsAtPositionTests" runstate="Runnable" seed="407727340" result="Passed" start-time="2020-10-05 16:46:16Z" end-time="2020-10-05 16:46:16Z" duration="0.001504" asserts="2" />
          </test-suite>
          <test-suite type="TestFixture" id="3-2623" name="GetRefsAtPositionTestsWithChapterNumbers" fullname="SIL.LCModel.DomainImpl.GetRefsAtPositionTestsWithChapterNumbers" classname="SIL.LCModel.DomainImpl.GetRefsAtPositionTestsWithChapterNumbers" runstate="Runnable" testcasecount="6" result="Passed" start-time="2020-10-05 16:46:16Z" end-time="2020-10-05 16:46:16Z" duration="0.080492" total="6" passed="6" failed="0" warnings="0" inconclusive="0" skipped="0" asserts="12">
            <test-case id="3-2628" name="AfterChapterNumber" fullname="SIL.LCModel.DomainImpl.GetRefsAtPositionTestsWithChapterNumbers.AfterChapterNumber" methodname="AfterChapterNumber" classname="SIL.LCModel.DomainImpl.GetRefsAtPositionTestsWithChapterNumbers" runstate="Runnable" seed="482546378" result="Passed" start-time="2020-10-05 16:46:16Z" end-time="2020-10-05 16:46:16Z" duration="0.002256" asserts="2" />
            <test-case id="3-2624" name="AtEnd" fullname="SIL.LCModel.DomainImpl.GetRefsAtPositionTestsWithChapterNumbers.AtEnd" methodname="AtEnd" classname="SIL.LCModel.DomainImpl.GetRefsAtPositionTestsWithChapterNumbers" runstate="Runnable" seed="15237473" result="Passed" start-time="2020-10-05 16:46:16Z" end-time="2020-10-05 16:46:16Z" duration="0.001940" asserts="2" />
            <test-case id="3-2626" name="BeforeChapterNumber_AssocPrevFalse" fullname="SIL.LCModel.DomainImpl.GetRefsAtPositionTestsWithChapterNumbers.BeforeChapterNumber_AssocPrevFalse" methodname="BeforeChapterNumber_AssocPrevFalse" classname="SIL.LCModel.DomainImpl.GetRefsAtPositionTestsWithChapterNumbers" runstate="Runnable" seed="461074225" result="Passed" start-time="2020-10-05 16:46:16Z" end-time="2020-10-05 16:46:16Z" duration="0.002774" asserts="2" />
            <test-case id="3-2627" name="BeforeChapterNumber_AssocPrevTrue" fullname="SIL.LCModel.DomainImpl.GetRefsAtPositionTestsWithChapterNumbers.BeforeChapterNumber_AssocPrevTrue" methodname="BeforeChapterNumber_AssocPrevTrue" classname="SIL.LCModel.DomainImpl.GetRefsAtPositionTestsWithChapterNumbers" runstate="Runnable" seed="611974255" result="Passed" start-time="2020-10-05 16:46:16Z" end-time="2020-10-05 16:46:16Z" duration="0.001608" asserts="2" />
            <test-case id="3-2629" name="GetRefsAtPosition_WithNonNumericChapter" fullname="SIL.LCModel.DomainImpl.GetRefsAtPositionTestsWithChapterNumbers.GetRefsAtPosition_WithNonNumericChapter" methodname="GetRefsAtPosition_WithNonNumericChapter" classname="SIL.LCModel.DomainImpl.GetRefsAtPositionTestsWithChapterNumbers" runstate="Runnable" seed="2042426769" result="Passed" start-time="2020-10-05 16:46:16Z" end-time="2020-10-05 16:46:16Z" duration="0.001547" asserts="2" />
            <test-case id="3-2625" name="StartOfPara" fullname="SIL.LCModel.DomainImpl.GetRefsAtPositionTestsWithChapterNumbers.StartOfPara" methodname="StartOfPara" classname="SIL.LCModel.DomainImpl.GetRefsAtPositionTestsWithChapterNumbers" runstate="Runnable" seed="717853890" result="Passed" start-time="2020-10-05 16:46:16Z" end-time="2020-10-05 16:46:16Z" duration="0.001486" asserts="2" />
          </test-suite>
          <test-suite type="TestFixture" id="3-2067" name="HomographConfigurationTests" fullname="SIL.LCModel.DomainImpl.HomographConfigurationTests" classname="SIL.LCModel.DomainImpl.HomographConfigurationTests" runstate="Runnable" testcasecount="3" result="Passed" start-time="2020-10-05 16:46:16Z" end-time="2020-10-05 16:46:16Z" duration="0.002013" total="3" passed="3" failed="0" warnings="0" inconclusive="0" skipped="0" asserts="16">
            <test-case id="3-2069" name="HomographConfiguration_Persist_Restores_WritingSystemAndCustomNumbers" fullname="SIL.LCModel.DomainImpl.HomographConfigurationTests.HomographConfiguration_Persist_Restores_WritingSystemAndCustomNumbers" methodname="HomographConfiguration_Persist_Restores_WritingSystemAndCustomNumbers" classname="SIL.LCModel.DomainImpl.HomographConfigurationTests" runstate="Runnable" seed="634104348" result="Passed" start-time="2020-10-05 16:46:16Z" end-time="2020-10-05 16:46:16Z" duration="0.000865" asserts="4" />
            <test-case id="3-2068" name="HomographConfiguration_Persist_RestoresOldConfig" fullname="SIL.LCModel.DomainImpl.HomographConfigurationTests.HomographConfiguration_Persist_RestoresOldConfig" methodname="HomographConfiguration_Persist_RestoresOldConfig" classname="SIL.LCModel.DomainImpl.HomographConfigurationTests" runstate="Runnable" seed="738941764" result="Passed" start-time="2020-10-05 16:46:16Z" end-time="2020-10-05 16:46:16Z" duration="0.000184" asserts="10" />
            <test-case id="3-2070" name="HomographConfiguration_Persist_Saves_WritingSystemAndCustomNumbers" fullname="SIL.LCModel.DomainImpl.HomographConfigurationTests.HomographConfiguration_Persist_Saves_WritingSystemAndCustomNumbers" methodname="HomographConfiguration_Persist_Saves_WritingSystemAndCustomNumbers" classname="SIL.LCModel.DomainImpl.HomographConfigurationTests" runstate="Runnable" seed="1524650468" result="Passed" start-time="2020-10-05 16:46:16Z" end-time="2020-10-05 16:46:16Z" duration="0.000800" asserts="2" />
          </test-suite>
          <test-suite type="TestFixture" id="3-2071" name="LangProjectTests" fullname="SIL.LCModel.DomainImpl.LangProjectTests" classname="SIL.LCModel.DomainImpl.LangProjectTests" runstate="Runnable" testcasecount="4" result="Passed" start-time="2020-10-05 16:46:16Z" end-time="2020-10-05 16:46:16Z" duration="0.067224" total="4" passed="4" failed="0" warnings="0" inconclusive="0" skipped="0" asserts="50">
            <test-case id="3-2074" name="AddingWritingSystems" fullname="SIL.LCModel.DomainImpl.LangProjectTests.AddingWritingSystems" methodname="AddingWritingSystems" classname="SIL.LCModel.DomainImpl.LangProjectTests" runstate="Runnable" seed="464405334" result="Passed" start-time="2020-10-05 16:46:16Z" end-time="2020-10-05 16:46:16Z" duration="0.002056" asserts="17" />
            <test-case id="3-2075" name="LinkedFilesRootDirTests" fullname="SIL.LCModel.DomainImpl.LangProjectTests.LinkedFilesRootDirTests" methodname="LinkedFilesRootDirTests" classname="SIL.LCModel.DomainImpl.LangProjectTests" runstate="Runnable" seed="1836414367" result="Passed" start-time="2020-10-05 16:46:16Z" end-time="2020-10-05 16:46:16Z" duration="0.003038" asserts="5" />
            <test-case id="3-2073" name="MoreWritingSystemLists" fullname="SIL.LCModel.DomainImpl.LangProjectTests.MoreWritingSystemLists" methodname="MoreWritingSystemLists" classname="SIL.LCModel.DomainImpl.LangProjectTests" runstate="Runnable" seed="1069069751" result="Passed" start-time="2020-10-05 16:46:16Z" end-time="2020-10-05 16:46:16Z" duration="0.001687" asserts="16" />
            <test-case id="3-2072" name="WritingSystemsLists" fullname="SIL.LCModel.DomainImpl.LangProjectTests.WritingSystemsLists" methodname="WritingSystemsLists" classname="SIL.LCModel.DomainImpl.LangProjectTests" runstate="Runnable" seed="336520643" result="Passed" start-time="2020-10-05 16:46:16Z" end-time="2020-10-05 16:46:16Z" duration="0.003524" asserts="12" />
          </test-suite>
          <test-suite type="TestFixture" id="3-2736" name="LcmMinimalVectorTests" fullname="SIL.LCModel.DomainImpl.LcmMinimalVectorTests" classname="SIL.LCModel.DomainImpl.LcmMinimalVectorTests" runstate="Runnable" testcasecount="5" result="Passed" start-time="2020-10-05 16:46:16Z" end-time="2020-10-05 16:46:16Z" duration="0.063002" total="5" passed="5" failed="0" warnings="0" inconclusive="0" skipped="0" asserts="9">
            <test-case id="3-2739" name="AddDeletedItemToVectorTest" fullname="SIL.LCModel.DomainImpl.LcmMinimalVectorTests.AddDeletedItemToVectorTest" methodname="AddDeletedItemToVectorTest" classname="SIL.LCModel.DomainImpl.LcmMinimalVectorTests" runstate="Runnable" seed="1708152475" result="Passed" start-time="2020-10-05 16:46:16Z" end-time="2020-10-05 16:46:16Z" duration="0.001269" asserts="4" />
            <test-case id="3-2740" name="AddDuplicateOwnedItemToVectorTest" fullname="SIL.LCModel.DomainImpl.LcmMinimalVectorTests.AddDuplicateOwnedItemToVectorTest" methodname="AddDuplicateOwnedItemToVectorTest" classname="SIL.LCModel.DomainImpl.LcmMinimalVectorTests" runstate="Runnable" seed="807096449" result="Passed" start-time="2020-10-05 16:46:16Z" end-time="2020-10-05 16:46:16Z" duration="0.000391" asserts="2" />
            <test-case id="3-2738" name="AddNullItem2ToVectorTest" fullname="SIL.LCModel.DomainImpl.LcmMinimalVectorTests.AddNullItem2ToVectorTest" methodname="AddNullItem2ToVectorTest" classname="SIL.LCModel.DomainImpl.LcmMinimalVectorTests" runstate="Runnable" seed="382223096" result="Passed" start-time="2020-10-05 16:46:16Z" end-time="2020-10-05 16:46:16Z" duration="0.000948" asserts="1" />
            <test-case id="3-2737" name="AddNullItemToVectorTest" fullname="SIL.LCModel.DomainImpl.LcmMinimalVectorTests.AddNullItemToVectorTest" methodname="AddNullItemToVectorTest" classname="SIL.LCModel.DomainImpl.LcmMinimalVectorTests" runstate="Runnable" seed="1734642171" result="Passed" start-time="2020-10-05 16:46:16Z" end-time="2020-10-05 16:46:16Z" duration="0.000281" asserts="1" />
            <test-case id="3-2741" name="IndexedSetter_EmptyList" fullname="SIL.LCModel.DomainImpl.LcmMinimalVectorTests.IndexedSetter_EmptyList" methodname="IndexedSetter_EmptyList" classname="SIL.LCModel.DomainImpl.LcmMinimalVectorTests" runstate="Runnable" seed="1248160680" result="Passed" start-time="2020-10-05 16:46:16Z" end-time="2020-10-05 16:46:16Z" duration="0.001445" asserts="1" />
          </test-suite>
          <test-suite type="TestFixture" id="3-2183" name="LexDbTests" fullname="SIL.LCModel.DomainImpl.LexDbTests" classname="SIL.LCModel.DomainImpl.LexDbTests" runstate="Runnable" testcasecount="4" result="Passed" start-time="2020-10-05 16:46:16Z" end-time="2020-10-05 16:46:16Z" duration="0.077158" total="4" passed="4" failed="0" warnings="0" inconclusive="0" skipped="0" asserts="29">
            <test-case id="3-2186" name="ConvertLexEntryInflTypes" fullname="SIL.LCModel.DomainImpl.LexDbTests.ConvertLexEntryInflTypes" methodname="ConvertLexEntryInflTypes" classname="SIL.LCModel.DomainImpl.LexDbTests" runstate="Runnable" seed="1930174961" result="Passed" start-time="2020-10-05 16:46:16Z" end-time="2020-10-05 16:46:16Z" duration="0.012587" asserts="11" />
            <test-case id="3-2187" name="ConvertLexEntryTypes" fullname="SIL.LCModel.DomainImpl.LexDbTests.ConvertLexEntryTypes" methodname="ConvertLexEntryTypes" classname="SIL.LCModel.DomainImpl.LexDbTests" runstate="Runnable" seed="521634174" result="Passed" start-time="2020-10-05 16:46:16Z" end-time="2020-10-05 16:46:16Z" duration="0.002678" asserts="11" />
            <test-case id="3-2184" name="PublicationTypesCreation" fullname="SIL.LCModel.DomainImpl.LexDbTests.PublicationTypesCreation" methodname="PublicationTypesCreation" classname="SIL.LCModel.DomainImpl.LexDbTests" runstate="Runnable" seed="914422649" result="Passed" start-time="2020-10-05 16:46:16Z" end-time="2020-10-05 16:46:16Z" duration="0.000509" asserts="6" />
            <test-case id="3-2185" name="PublicationTypesCreationNeedingUow" fullname="SIL.LCModel.DomainImpl.LexDbTests.PublicationTypesCreationNeedingUow" methodname="PublicationTypesCreationNeedingUow" classname="SIL.LCModel.DomainImpl.LexDbTests" runstate="Runnable" seed="769114631" result="Passed" start-time="2020-10-05 16:46:16Z" end-time="2020-10-05 16:46:16Z" duration="0.000238" asserts="1" />
          </test-suite>
          <test-suite type="TestFixture" id="3-2076" name="LexEntryTests" fullname="SIL.LCModel.DomainImpl.LexEntryTests" classname="SIL.LCModel.DomainImpl.LexEntryTests" runstate="Runnable" testcasecount="29" result="Passed" start-time="2020-10-05 16:46:16Z" end-time="2020-10-05 16:46:17Z" duration="0.254658" total="29" passed="29" failed="0" warnings="0" inconclusive="0" skipped="0" asserts="322">
            <test-case id="3-2088" name="AddComponentToVariant" fullname="SIL.LCModel.DomainImpl.LexEntryTests.AddComponentToVariant" methodname="AddComponentToVariant" classname="SIL.LCModel.DomainImpl.LexEntryTests" runstate="Runnable" seed="38710048" result="Passed" start-time="2020-10-05 16:46:16Z" end-time="2020-10-05 16:46:16Z" duration="0.008100" asserts="12" />
            <test-case id="3-2084" name="AddComponentWhenAlreadyPresent" fullname="SIL.LCModel.DomainImpl.LexEntryTests.AddComponentWhenAlreadyPresent" methodname="AddComponentWhenAlreadyPresent" classname="SIL.LCModel.DomainImpl.LexEntryTests" runstate="Runnable" seed="1785363269" result="Passed" start-time="2020-10-05 16:46:16Z" end-time="2020-10-05 16:46:16Z" duration="0.001478" asserts="8" />
            <test-case id="3-2083" name="AddComponentWhenEmpty" fullname="SIL.LCModel.DomainImpl.LexEntryTests.AddComponentWhenEmpty" methodname="AddComponentWhenEmpty" classname="SIL.LCModel.DomainImpl.LexEntryTests" runstate="Runnable" seed="332654865" result="Passed" start-time="2020-10-05 16:46:16Z" end-time="2020-10-05 16:46:16Z" duration="0.001592" asserts="8" />
            <test-case id="3-2085" name="AddComponentWhenNotEmpty" fullname="SIL.LCModel.DomainImpl.LexEntryTests.AddComponentWhenNotEmpty" methodname="AddComponentWhenNotEmpty" classname="SIL.LCModel.DomainImpl.LexEntryTests" runstate="Runnable" seed="2060383615" result="Passed" start-time="2020-10-05 16:46:16Z" end-time="2020-10-05 16:46:16Z" duration="0.003446" asserts="8" />
            <test-case id="3-2082" name="AddToPrimaryLexemesAddsToVisibleComplexForms" fullname="SIL.LCModel.DomainImpl.LexEntryTests.AddToPrimaryLexemesAddsToVisibleComplexForms" methodname="AddToPrimaryLexemesAddsToVisibleComplexForms" classname="SIL.LCModel.DomainImpl.LexEntryTests" runstate="Runnable" seed="1655418162" result="Passed" start-time="2020-10-05 16:46:16Z" end-time="2020-10-05 16:46:16Z" duration="0.004237" asserts="3" />
            <test-case id="3-2080" name="AffixProcessesRemainUnchangedWhenSenseMovedToNewEntry" fullname="SIL.LCModel.DomainImpl.LexEntryTests.AffixProcessesRemainUnchangedWhenSenseMovedToNewEntry" methodname="AffixProcessesRemainUnchangedWhenSenseMovedToNewEntry" classname="SIL.LCModel.DomainImpl.LexEntryTests" runstate="Runnable" seed="790189736" result="Passed" start-time="2020-10-05 16:46:16Z" end-time="2020-10-05 16:46:16Z" duration="0.025884" asserts="4" />
            <test-case id="3-2097" name="AllomorphsHaveCorrectMorphTypes" fullname="SIL.LCModel.DomainImpl.LexEntryTests.AllomorphsHaveCorrectMorphTypes" methodname="AllomorphsHaveCorrectMorphTypes" classname="SIL.LCModel.DomainImpl.LexEntryTests" runstate="Runnable" seed="77277906" result="Passed" start-time="2020-10-05 16:46:16Z" end-time="2020-10-05 16:46:16Z" duration="0.001713" asserts="2" />
            <test-case id="3-2092" name="CanInsertHomographIntoNonStandardSequence" fullname="SIL.LCModel.DomainImpl.LexEntryTests.CanInsertHomographIntoNonStandardSequence" methodname="CanInsertHomographIntoNonStandardSequence" classname="SIL.LCModel.DomainImpl.LexEntryTests" runstate="Runnable" seed="1047169499" result="Passed" start-time="2020-10-05 16:46:16Z" end-time="2020-10-05 16:46:16Z" duration="0.002267" asserts="9" />
            <test-case id="3-2086" name="ComplexFormRefsWithComponent" fullname="SIL.LCModel.DomainImpl.LexEntryTests.ComplexFormRefsWithComponent" methodname="ComplexFormRefsWithComponent" classname="SIL.LCModel.DomainImpl.LexEntryTests" runstate="Runnable" seed="258941365" result="Passed" start-time="2020-10-05 16:46:16Z" end-time="2020-10-05 16:46:16Z" duration="0.002791" asserts="9" />
            <test-case id="3-2105" name="DeletingNaturalClass_DeletesEnvironmentWithNonOptionalUse" fullname="SIL.LCModel.DomainImpl.LexEntryTests.DeletingNaturalClass_DeletesEnvironmentWithNonOptionalUse" methodname="DeletingNaturalClass_DeletesEnvironmentWithNonOptionalUse" classname="SIL.LCModel.DomainImpl.LexEntryTests" runstate="Runnable" seed="2019389993" result="Passed" start-time="2020-10-05 16:46:16Z" end-time="2020-10-05 16:46:16Z" duration="0.017665" asserts="1" />
            <test-case id="3-2101" name="DeletingNaturalClass_RemovesOptionalUseFromEnvironment" fullname="SIL.LCModel.DomainImpl.LexEntryTests.DeletingNaturalClass_RemovesOptionalUseFromEnvironment" methodname="DeletingNaturalClass_RemovesOptionalUseFromEnvironment" classname="SIL.LCModel.DomainImpl.LexEntryTests" runstate="Runnable" seed="2013742214" result="Passed" start-time="2020-10-05 16:46:16Z" end-time="2020-10-05 16:46:16Z" duration="0.001262" asserts="1" />
            <test-case id="3-2104" name="DeletingNaturalClass_ReplacesIndexedUseWithDeletedStringInAffixAllomorph" fullname="SIL.LCModel.DomainImpl.LexEntryTests.DeletingNaturalClass_ReplacesIndexedUseWithDeletedStringInAffixAllomorph" methodname="DeletingNaturalClass_ReplacesIndexedUseWithDeletedStringInAffixAllomorph" classname="SIL.LCModel.DomainImpl.LexEntryTests" runstate="Runnable" seed="1186423958" result="Passed" start-time="2020-10-05 16:46:16Z" end-time="2020-10-05 16:46:16Z" duration="0.004900" asserts="1" />
            <test-case id="3-2102" name="DeletingNaturalClass_ReplacesIndexedUseWithDeletedStringInEnvironment" fullname="SIL.LCModel.DomainImpl.LexEntryTests.DeletingNaturalClass_ReplacesIndexedUseWithDeletedStringInEnvironment" methodname="DeletingNaturalClass_ReplacesIndexedUseWithDeletedStringInEnvironment" classname="SIL.LCModel.DomainImpl.LexEntryTests" runstate="Runnable" seed="2021716262" result="Passed" start-time="2020-10-05 16:46:16Z" end-time="2020-10-05 16:46:16Z" duration="0.001484" asserts="1" />
            <test-case id="3-2103" name="DeletingNaturalClass_ReplacesIndexedUseWithDeletedStringInStemAllomorph" fullname="SIL.LCModel.DomainImpl.LexEntryTests.DeletingNaturalClass_ReplacesIndexedUseWithDeletedStringInStemAllomorph" methodname="DeletingNaturalClass_ReplacesIndexedUseWithDeletedStringInStemAllomorph" classname="SIL.LCModel.DomainImpl.LexEntryTests" runstate="Runnable" seed="1767819273" result="Passed" start-time="2020-10-05 16:46:16Z" end-time="2020-10-05 16:46:16Z" duration="0.001712" asserts="1" />
            <test-case id="3-2098" name="FullSortKey" fullname="SIL.LCModel.DomainImpl.LexEntryTests.FullSortKey" methodname="FullSortKey" classname="SIL.LCModel.DomainImpl.LexEntryTests" runstate="Runnable" seed="1919404956" result="Passed" start-time="2020-10-05 16:46:16Z" end-time="2020-10-05 16:46:17Z" duration="0.002058" asserts="11" />
            <test-case id="3-2095" name="HomographMerging" fullname="SIL.LCModel.DomainImpl.LexEntryTests.HomographMerging" methodname="HomographMerging" classname="SIL.LCModel.DomainImpl.LexEntryTests" runstate="Runnable" seed="1683737734" result="Passed" start-time="2020-10-05 16:46:17Z" end-time="2020-10-05 16:46:17Z" duration="0.014388" asserts="7" />
            <test-case id="3-2091" name="HomographRenumbering" fullname="SIL.LCModel.DomainImpl.LexEntryTests.HomographRenumbering" methodname="HomographRenumbering" classname="SIL.LCModel.DomainImpl.LexEntryTests" runstate="Runnable" seed="1921322456" result="Passed" start-time="2020-10-05 16:46:17Z" end-time="2020-10-05 16:46:17Z" duration="0.003606" asserts="22" />
            <test-case id="3-2096" name="HomographsAndMorphTypes" fullname="SIL.LCModel.DomainImpl.LexEntryTests.HomographsAndMorphTypes" methodname="HomographsAndMorphTypes" classname="SIL.LCModel.DomainImpl.LexEntryTests" runstate="Runnable" seed="1645117930" result="Passed" start-time="2020-10-05 16:46:17Z" end-time="2020-10-05 16:46:17Z" duration="0.004120" asserts="32" />
            <test-case id="3-2094" name="HomographsChangingHgWs" fullname="SIL.LCModel.DomainImpl.LexEntryTests.HomographsChangingHgWs" methodname="HomographsChangingHgWs" classname="SIL.LCModel.DomainImpl.LexEntryTests" runstate="Runnable" seed="1673851372" result="Passed" start-time="2020-10-05 16:46:17Z" end-time="2020-10-05 16:46:17Z" duration="0.007102" asserts="20" />
            <test-case id="3-2093" name="HomographsWithChangingVernWs" fullname="SIL.LCModel.DomainImpl.LexEntryTests.HomographsWithChangingVernWs" methodname="HomographsWithChangingVernWs" classname="SIL.LCModel.DomainImpl.LexEntryTests" runstate="Runnable" seed="578322283" result="Passed" start-time="2020-10-05 16:46:17Z" end-time="2020-10-05 16:46:17Z" duration="0.002678" asserts="14" />
            <test-case id="3-2081" name="LexEntryRef_PrimaryEntryRoots" fullname="SIL.LCModel.DomainImpl.LexEntryTests.LexEntryRef_PrimaryEntryRoots" methodname="LexEntryRef_PrimaryEntryRoots" classname="SIL.LCModel.DomainImpl.LexEntryTests" runstate="Runnable" seed="420567699" result="Passed" start-time="2020-10-05 16:46:17Z" end-time="2020-10-05 16:46:17Z" duration="0.012458" asserts="22" />
            <test-case id="3-2077" name="MlHeadword" fullname="SIL.LCModel.DomainImpl.LexEntryTests.MlHeadword" methodname="MlHeadword" classname="SIL.LCModel.DomainImpl.LexEntryTests" runstate="Runnable" seed="1599381553" result="Passed" start-time="2020-10-05 16:46:17Z" end-time="2020-10-05 16:46:17Z" duration="0.001789" asserts="6" />
            <test-case id="3-2079" name="MorphBundleRefsFixedWhenSenseMovedToExistingEntry" fullname="SIL.LCModel.DomainImpl.LexEntryTests.MorphBundleRefsFixedWhenSenseMovedToExistingEntry" methodname="MorphBundleRefsFixedWhenSenseMovedToExistingEntry" classname="SIL.LCModel.DomainImpl.LexEntryTests" runstate="Runnable" seed="717402324" result="Passed" start-time="2020-10-05 16:46:17Z" end-time="2020-10-05 16:46:17Z" duration="0.015250" asserts="21" />
            <test-case id="3-2078" name="MorphBundleRefsFixedWhenSenseMovedToNewEntry" fullname="SIL.LCModel.DomainImpl.LexEntryTests.MorphBundleRefsFixedWhenSenseMovedToNewEntry" methodname="MorphBundleRefsFixedWhenSenseMovedToNewEntry" classname="SIL.LCModel.DomainImpl.LexEntryTests" runstate="Runnable" seed="1846177894" result="Passed" start-time="2020-10-05 16:46:17Z" end-time="2020-10-05 16:46:17Z" duration="0.006863" asserts="17" />
            <test-case id="3-2089" name="MoveSenseToCopy" fullname="SIL.LCModel.DomainImpl.LexEntryTests.MoveSenseToCopy" methodname="MoveSenseToCopy" classname="SIL.LCModel.DomainImpl.LexEntryTests" runstate="Runnable" seed="1470225321" result="Passed" start-time="2020-10-05 16:46:17Z" end-time="2020-10-05 16:46:17Z" duration="0.013782" asserts="46" />
            <test-case id="3-2090" name="NumberOfSenses" fullname="SIL.LCModel.DomainImpl.LexEntryTests.NumberOfSenses" methodname="NumberOfSenses" classname="SIL.LCModel.DomainImpl.LexEntryTests" runstate="Runnable" seed="1410759257" result="Passed" start-time="2020-10-05 16:46:17Z" end-time="2020-10-05 16:46:17Z" duration="0.003858" asserts="12" />
            <test-case id="3-2087" name="ReorderComponentsDoesNotClearPrimaryLexemes" fullname="SIL.LCModel.DomainImpl.LexEntryTests.ReorderComponentsDoesNotClearPrimaryLexemes" methodname="ReorderComponentsDoesNotClearPrimaryLexemes" classname="SIL.LCModel.DomainImpl.LexEntryTests" runstate="Runnable" seed="533517869" result="Passed" start-time="2020-10-05 16:46:17Z" end-time="2020-10-05 16:46:17Z" duration="0.002621" asserts="3" />
            <test-case id="3-2100" name="ReplaceObsoleteMsas" fullname="SIL.LCModel.DomainImpl.LexEntryTests.ReplaceObsoleteMsas" methodname="ReplaceObsoleteMsas" classname="SIL.LCModel.DomainImpl.LexEntryTests" runstate="Runnable" seed="279522653" result="Passed" start-time="2020-10-05 16:46:17Z" end-time="2020-10-05 16:46:17Z" duration="0.007415" asserts="20" />
            <test-case id="3-2099" name="ReplaceObsoleteMsas_NullProps" fullname="SIL.LCModel.DomainImpl.LexEntryTests.ReplaceObsoleteMsas_NullProps" methodname="ReplaceObsoleteMsas_NullProps" classname="SIL.LCModel.DomainImpl.LexEntryTests" runstate="Runnable" seed="954175746" result="Passed" start-time="2020-10-05 16:46:17Z" end-time="2020-10-05 16:46:17Z" duration="0.007009" asserts="1" />
          </test-suite>
          <test-suite type="TestFixture" id="3-2106" name="LexSenseTests" fullname="SIL.LCModel.DomainImpl.LexSenseTests" classname="SIL.LCModel.DomainImpl.LexSenseTests" runstate="Runnable" testcasecount="4" result="Passed" start-time="2020-10-05 16:46:17Z" end-time="2020-10-05 16:46:17Z" duration="0.068275" total="4" passed="4" failed="0" warnings="0" inconclusive="0" skipped="0" asserts="18">
            <test-case id="3-2110" name="DefinitionOrGloss_AnalysisWsReturnsDefaultAnalysisDefinition" fullname="SIL.LCModel.DomainImpl.LexSenseTests.DefinitionOrGloss_AnalysisWsReturnsDefaultAnalysisDefinition" methodname="DefinitionOrGloss_AnalysisWsReturnsDefaultAnalysisDefinition" classname="SIL.LCModel.DomainImpl.LexSenseTests" runstate="Runnable" seed="1561513046" result="Passed" start-time="2020-10-05 16:46:17Z" end-time="2020-10-05 16:46:17Z" duration="0.002007" asserts="2" />
            <test-case id="3-2108" name="DefinitionOrGloss_DefinitionBeatsGloss" fullname="SIL.LCModel.DomainImpl.LexSenseTests.DefinitionOrGloss_DefinitionBeatsGloss" methodname="DefinitionOrGloss_DefinitionBeatsGloss" classname="SIL.LCModel.DomainImpl.LexSenseTests" runstate="Runnable" seed="1384702937" result="Passed" start-time="2020-10-05 16:46:17Z" end-time="2020-10-05 16:46:17Z" duration="0.000911" asserts="1" />
            <test-case id="3-2109" name="DefinitionOrGloss_DefinitionNullOrEmptyGivesGloss" fullname="SIL.LCModel.DomainImpl.LexSenseTests.DefinitionOrGloss_DefinitionNullOrEmptyGivesGloss" methodname="DefinitionOrGloss_DefinitionNullOrEmptyGivesGloss" classname="SIL.LCModel.DomainImpl.LexSenseTests" runstate="Runnable" seed="745593250" result="Passed" start-time="2020-10-05 16:46:17Z" end-time="2020-10-05 16:46:17Z" duration="0.000848" asserts="2" />
            <test-case id="3-2107" name="TestLexSenseSideEffects" fullname="SIL.LCModel.DomainImpl.LexSenseTests.TestLexSenseSideEffects" methodname="TestLexSenseSideEffects" classname="SIL.LCModel.DomainImpl.LexSenseTests" runstate="Runnable" seed="2062051507" result="Passed" start-time="2020-10-05 16:46:17Z" end-time="2020-10-05 16:46:17Z" duration="0.005225" asserts="13" />
          </test-suite>
          <test-suite type="TestFixture" id="3-2188" name="Ling_WfiTests" fullname="SIL.LCModel.DomainImpl.Ling_WfiTests" classname="SIL.LCModel.DomainImpl.Ling_WfiTests" runstate="Runnable" testcasecount="9" result="Passed" start-time="2020-10-05 16:46:17Z" end-time="2020-10-05 16:46:17Z" duration="0.097564" total="9" passed="9" failed="0" warnings="0" inconclusive="0" skipped="0" asserts="100">
            <test-case id="3-2194" name="Analysis_IsComplete" fullname="SIL.LCModel.DomainImpl.Ling_WfiTests.Analysis_IsComplete" methodname="Analysis_IsComplete" classname="SIL.LCModel.DomainImpl.Ling_WfiTests" runstate="Runnable" seed="1979741142" result="Passed" start-time="2020-10-05 16:46:17Z" end-time="2020-10-05 16:46:17Z" duration="0.013583" asserts="17" />
            <test-case id="3-2197" name="CanDelete" fullname="SIL.LCModel.DomainImpl.Ling_WfiTests.CanDelete" methodname="CanDelete" classname="SIL.LCModel.DomainImpl.Ling_WfiTests" runstate="Runnable" seed="502543986" result="Passed" start-time="2020-10-05 16:46:17Z" end-time="2020-10-05 16:46:17Z" duration="0.006766" asserts="8" />
            <test-case id="3-2195" name="MorphBundle_IsComplete" fullname="SIL.LCModel.DomainImpl.Ling_WfiTests.MorphBundle_IsComplete" methodname="MorphBundle_IsComplete" classname="SIL.LCModel.DomainImpl.Ling_WfiTests" runstate="Runnable" seed="1186057893" result="Passed" start-time="2020-10-05 16:46:17Z" end-time="2020-10-05 16:46:17Z" duration="0.002289" asserts="11" />
            <test-case id="3-2196" name="MorphBundle_UpdateMorphRA" fullname="SIL.LCModel.DomainImpl.Ling_WfiTests.MorphBundle_UpdateMorphRA" methodname="MorphBundle_UpdateMorphRA" classname="SIL.LCModel.DomainImpl.Ling_WfiTests" runstate="Runnable" seed="1016737484" result="Passed" start-time="2020-10-05 16:46:17Z" end-time="2020-10-05 16:46:17Z" duration="0.001319" asserts="14" />
            <test-case id="3-2191" name="UpdatingOccurrencesList" fullname="SIL.LCModel.DomainImpl.Ling_WfiTests.UpdatingOccurrencesList" methodname="UpdatingOccurrencesList" classname="SIL.LCModel.DomainImpl.Ling_WfiTests" runstate="Runnable" seed="1479249831" result="Passed" start-time="2020-10-05 16:46:17Z" end-time="2020-10-05 16:46:17Z" duration="0.000723" asserts="5" />
            <test-case id="3-2192" name="Wordform_AttestedPos" fullname="SIL.LCModel.DomainImpl.Ling_WfiTests.Wordform_AttestedPos" methodname="Wordform_AttestedPos" classname="SIL.LCModel.DomainImpl.Ling_WfiTests" runstate="Runnable" seed="1768327339" result="Passed" start-time="2020-10-05 16:46:17Z" end-time="2020-10-05 16:46:17Z" duration="0.003732" asserts="15" />
            <test-case id="3-2189" name="Wordform_ConflictCount" fullname="SIL.LCModel.DomainImpl.Ling_WfiTests.Wordform_ConflictCount" methodname="Wordform_ConflictCount" classname="SIL.LCModel.DomainImpl.Ling_WfiTests" runstate="Runnable" seed="1959816793" result="Passed" start-time="2020-10-05 16:46:17Z" end-time="2020-10-05 16:46:17Z" duration="0.002124" asserts="8" />
            <test-case id="3-2193" name="Wordform_IsComplete" fullname="SIL.LCModel.DomainImpl.Ling_WfiTests.Wordform_IsComplete" methodname="Wordform_IsComplete" classname="SIL.LCModel.DomainImpl.Ling_WfiTests" runstate="Runnable" seed="615661984" result="Passed" start-time="2020-10-05 16:46:17Z" end-time="2020-10-05 16:46:17Z" duration="0.004824" asserts="7" />
            <test-case id="3-2190" name="Wordform_TextGenres" fullname="SIL.LCModel.DomainImpl.Ling_WfiTests.Wordform_TextGenres" methodname="Wordform_TextGenres" classname="SIL.LCModel.DomainImpl.Ling_WfiTests" runstate="Runnable" seed="1970269278" result="Passed" start-time="2020-10-05 16:46:17Z" end-time="2020-10-05 16:46:17Z" duration="0.004206" asserts="15" />
          </test-suite>
          <test-suite type="TestFixture" id="3-2137" name="LingTests" fullname="SIL.LCModel.DomainImpl.LingTests" classname="SIL.LCModel.DomainImpl.LingTests" runstate="Runnable" testcasecount="29" result="Passed" start-time="2020-10-05 16:46:17Z" end-time="2020-10-05 16:46:17Z" duration="0.209567" total="29" passed="29" failed="0" warnings="0" inconclusive="0" skipped="0" asserts="219">
            <test-case id="3-2139" name="AddWordformSpecialCharacter" fullname="SIL.LCModel.DomainImpl.LingTests.AddWordformSpecialCharacter" methodname="AddWordformSpecialCharacter" classname="SIL.LCModel.DomainImpl.LingTests" runstate="Runnable" seed="1360185518" result="Passed" start-time="2020-10-05 16:46:17Z" end-time="2020-10-05 16:46:17Z" duration="0.000625" asserts="2" />
            <test-case id="3-2140" name="CheckAgentCounts" fullname="SIL.LCModel.DomainImpl.LingTests.CheckAgentCounts" methodname="CheckAgentCounts" classname="SIL.LCModel.DomainImpl.LingTests" runstate="Runnable" seed="443060969" result="Passed" start-time="2020-10-05 16:46:17Z" end-time="2020-10-05 16:46:17Z" duration="0.001717" asserts="5" />
            <test-case id="3-2146" name="CheckEndoCentricCompound" fullname="SIL.LCModel.DomainImpl.LingTests.CheckEndoCentricCompound" methodname="CheckEndoCentricCompound" classname="SIL.LCModel.DomainImpl.LingTests" runstate="Runnable" seed="556921546" result="Passed" start-time="2020-10-05 16:46:17Z" end-time="2020-10-05 16:46:17Z" duration="0.005781" asserts="2" />
            <test-case id="3-2147" name="CheckEnvironmentMessages" fullname="SIL.LCModel.DomainImpl.LingTests.CheckEnvironmentMessages" methodname="CheckEnvironmentMessages" classname="SIL.LCModel.DomainImpl.LingTests" runstate="Runnable" seed="1661868645" result="Passed" start-time="2020-10-05 16:46:17Z" end-time="2020-10-05 16:46:17Z" duration="0.024558" asserts="15" />
            <test-case id="3-2148" name="CheckExoCentricCompound" fullname="SIL.LCModel.DomainImpl.LingTests.CheckExoCentricCompound" methodname="CheckExoCentricCompound" classname="SIL.LCModel.DomainImpl.LingTests" runstate="Runnable" seed="803695301" result="Passed" start-time="2020-10-05 16:46:17Z" end-time="2020-10-05 16:46:17Z" duration="0.003199" asserts="3" />
            <test-case id="3-2143" name="CheckNumberOfEntries" fullname="SIL.LCModel.DomainImpl.LingTests.CheckNumberOfEntries" methodname="CheckNumberOfEntries" classname="SIL.LCModel.DomainImpl.LingTests" runstate="Runnable" seed="1374895880" result="Passed" start-time="2020-10-05 16:46:17Z" end-time="2020-10-05 16:46:17Z" duration="0.001839" asserts="5" />
            <test-case id="3-2158" name="CitationFormWithAffixType" fullname="SIL.LCModel.DomainImpl.LingTests.CitationFormWithAffixType" methodname="CitationFormWithAffixType" classname="SIL.LCModel.DomainImpl.LingTests" runstate="Runnable" seed="1359818801" result="Passed" start-time="2020-10-05 16:46:17Z" end-time="2020-10-05 16:46:17Z" duration="0.004752" asserts="19" />
            <test-case id="3-2161" name="CliticVsStemMsaWithoutCategory" fullname="SIL.LCModel.DomainImpl.LingTests.CliticVsStemMsaWithoutCategory" methodname="CliticVsStemMsaWithoutCategory" classname="SIL.LCModel.DomainImpl.LingTests" runstate="Runnable" seed="956064887" result="Passed" start-time="2020-10-05 16:46:17Z" end-time="2020-10-05 16:46:17Z" duration="0.001228" asserts="2" />
            <test-case id="3-2151" name="ComplexFormCollectionsDoNotGetLostAfterLexReferenceCleanup" fullname="SIL.LCModel.DomainImpl.LingTests.ComplexFormCollectionsDoNotGetLostAfterLexReferenceCleanup" methodname="ComplexFormCollectionsDoNotGetLostAfterLexReferenceCleanup" classname="SIL.LCModel.DomainImpl.LingTests" runstate="Runnable" seed="192569437" result="Passed" start-time="2020-10-05 16:46:17Z" end-time="2020-10-05 16:46:17Z" duration="0.004272" asserts="4" />
            <test-case id="3-2155" name="CreatePhPhonemeWithPhCode" fullname="SIL.LCModel.DomainImpl.LingTests.CreatePhPhonemeWithPhCode" methodname="CreatePhPhonemeWithPhCode" classname="SIL.LCModel.DomainImpl.LingTests" runstate="Runnable" seed="938526956" result="Passed" start-time="2020-10-05 16:46:17Z" end-time="2020-10-05 16:46:17Z" duration="0.009163" asserts="1" />
            <test-case id="3-2162" name="FromPartsOfSpeechIsRelevant" fullname="SIL.LCModel.DomainImpl.LingTests.FromPartsOfSpeechIsRelevant" methodname="FromPartsOfSpeechIsRelevant" classname="SIL.LCModel.DomainImpl.LingTests" runstate="Runnable" seed="1345718617" result="Passed" start-time="2020-10-05 16:46:17Z" end-time="2020-10-05 16:46:17Z" duration="0.004548" asserts="33" />
            <test-case id="3-2144" name="GetNaturalClassAbbreviations" fullname="SIL.LCModel.DomainImpl.LingTests.GetNaturalClassAbbreviations" methodname="GetNaturalClassAbbreviations" classname="SIL.LCModel.DomainImpl.LingTests" runstate="Runnable" seed="372134048" result="Passed" start-time="2020-10-05 16:46:17Z" end-time="2020-10-05 16:46:17Z" duration="0.003588" asserts="2" />
            <test-case id="3-2145" name="HomographCollectionWorks" fullname="SIL.LCModel.DomainImpl.LingTests.HomographCollectionWorks" methodname="HomographCollectionWorks" classname="SIL.LCModel.DomainImpl.LingTests" runstate="Runnable" seed="623094301" result="Passed" start-time="2020-10-05 16:46:17Z" end-time="2020-10-05 16:46:17Z" duration="0.002659" asserts="7" />
            <test-case id="3-2138" name="HomographValidationWorks" fullname="SIL.LCModel.DomainImpl.LingTests.HomographValidationWorks" methodname="HomographValidationWorks" classname="SIL.LCModel.DomainImpl.LingTests" runstate="Runnable" seed="1496212343" result="Passed" start-time="2020-10-05 16:46:17Z" end-time="2020-10-05 16:46:17Z" duration="0.002064" asserts="11" />
            <test-case id="3-2157" name="InflAffixSlotShortName" fullname="SIL.LCModel.DomainImpl.LingTests.InflAffixSlotShortName" methodname="InflAffixSlotShortName" classname="SIL.LCModel.DomainImpl.LingTests" runstate="Runnable" seed="2058855026" result="Passed" start-time="2020-10-05 16:46:17Z" end-time="2020-10-05 16:46:17Z" duration="0.001244" asserts="2" />
            <test-case id="3-2163" name="InflectionClassInCompoundStemMsasIsRelevant" fullname="SIL.LCModel.DomainImpl.LingTests.InflectionClassInCompoundStemMsasIsRelevant" methodname="InflectionClassInCompoundStemMsasIsRelevant" classname="SIL.LCModel.DomainImpl.LingTests" runstate="Runnable" seed="520144248" result="Passed" start-time="2020-10-05 16:46:17Z" end-time="2020-10-05 16:46:17Z" duration="0.002224" asserts="4" />
            <test-case id="3-2160" name="InflectionClassIsRelevant" fullname="SIL.LCModel.DomainImpl.LingTests.InflectionClassIsRelevant" methodname="InflectionClassIsRelevant" classname="SIL.LCModel.DomainImpl.LingTests" runstate="Runnable" seed="393449953" result="Passed" start-time="2020-10-05 16:46:17Z" end-time="2020-10-05 16:46:17Z" duration="0.001435" asserts="5" />
            <test-case id="3-2164" name="LexemeFormStemAllomorphIsRelevant" fullname="SIL.LCModel.DomainImpl.LingTests.LexemeFormStemAllomorphIsRelevant" methodname="LexemeFormStemAllomorphIsRelevant" classname="SIL.LCModel.DomainImpl.LingTests" runstate="Runnable" seed="601920684" result="Passed" start-time="2020-10-05 16:46:17Z" end-time="2020-10-05 16:46:17Z" duration="0.002036" asserts="22" />
            <test-case id="3-2165" name="LexReferenceDeleteLexReferences" fullname="SIL.LCModel.DomainImpl.LingTests.LexReferenceDeleteLexReferences" methodname="LexReferenceDeleteLexReferences" classname="SIL.LCModel.DomainImpl.LingTests" runstate="Runnable" seed="1607796395" result="Passed" start-time="2020-10-05 16:46:17Z" end-time="2020-10-05 16:46:17Z" duration="0.003596" asserts="8" />
            <test-case id="3-2166" name="LexReferenceRemoveAllReferences" fullname="SIL.LCModel.DomainImpl.LingTests.LexReferenceRemoveAllReferences" methodname="LexReferenceRemoveAllReferences" classname="SIL.LCModel.DomainImpl.LingTests" runstate="Runnable" seed="1839802410" result="Passed" start-time="2020-10-05 16:46:17Z" end-time="2020-10-05 16:46:17Z" duration="0.002420" asserts="8" />
            <test-case id="3-2150" name="Merge2EntriesWithReferencesToAThird" fullname="SIL.LCModel.DomainImpl.LingTests.Merge2EntriesWithReferencesToAThird" methodname="Merge2EntriesWithReferencesToAThird" classname="SIL.LCModel.DomainImpl.LingTests" runstate="Runnable" seed="934980959" result="Passed" start-time="2020-10-05 16:46:17Z" end-time="2020-10-05 16:46:17Z" duration="0.010292" asserts="7" />
            <test-case id="3-2152" name="Merge2SensesWithReferences" fullname="SIL.LCModel.DomainImpl.LingTests.Merge2SensesWithReferences" methodname="Merge2SensesWithReferences" classname="SIL.LCModel.DomainImpl.LingTests" runstate="Runnable" seed="1015765466" result="Passed" start-time="2020-10-05 16:46:17Z" end-time="2020-10-05 16:46:17Z" duration="0.010372" asserts="6" />
            <test-case id="3-2153" name="MergeEntryAllomorphs" fullname="SIL.LCModel.DomainImpl.LingTests.MergeEntryAllomorphs" methodname="MergeEntryAllomorphs" classname="SIL.LCModel.DomainImpl.LingTests" runstate="Runnable" seed="1887228928" result="Passed" start-time="2020-10-05 16:46:17Z" end-time="2020-10-05 16:46:17Z" duration="0.003422" asserts="1" />
            <test-case id="3-2149" name="MergeEntryMSAs" fullname="SIL.LCModel.DomainImpl.LingTests.MergeEntryMSAs" methodname="MergeEntryMSAs" classname="SIL.LCModel.DomainImpl.LingTests" runstate="Runnable" seed="759055701" result="Passed" start-time="2020-10-05 16:46:17Z" end-time="2020-10-05 16:46:17Z" duration="0.007229" asserts="1" />
            <test-case id="3-2154" name="MoForm_GetFormWithMarkers" fullname="SIL.LCModel.DomainImpl.LingTests.MoForm_GetFormWithMarkers" methodname="MoForm_GetFormWithMarkers" classname="SIL.LCModel.DomainImpl.LingTests" runstate="Runnable" seed="2021056028" result="Passed" start-time="2020-10-05 16:46:17Z" end-time="2020-10-05 16:46:17Z" duration="0.003334" asserts="7" />
            <test-case id="3-2159" name="POSRequiresInflection" fullname="SIL.LCModel.DomainImpl.LingTests.POSRequiresInflection" methodname="POSRequiresInflection" classname="SIL.LCModel.DomainImpl.LingTests" runstate="Runnable" seed="1042844388" result="Passed" start-time="2020-10-05 16:46:17Z" end-time="2020-10-05 16:46:17Z" duration="0.005607" asserts="10" />
            <test-case id="3-2156" name="RebuildPhonRuleFeats" fullname="SIL.LCModel.DomainImpl.LingTests.RebuildPhonRuleFeats" methodname="RebuildPhonRuleFeats" classname="SIL.LCModel.DomainImpl.LingTests" runstate="Runnable" seed="561729314" result="Passed" start-time="2020-10-05 16:46:17Z" end-time="2020-10-05 16:46:17Z" duration="0.009538" asserts="7" />
            <test-case id="3-2142" name="TestExceptionFeaturesTss" fullname="SIL.LCModel.DomainImpl.LingTests.TestExceptionFeaturesTss" methodname="TestExceptionFeaturesTss" classname="SIL.LCModel.DomainImpl.LingTests" runstate="Runnable" seed="1878626738" result="Passed" start-time="2020-10-05 16:46:17Z" end-time="2020-10-05 16:46:17Z" duration="0.007834" asserts="10" />
            <test-case id="3-2141" name="TestFeaturesTss" fullname="SIL.LCModel.DomainImpl.LingTests.TestFeaturesTss" methodname="TestFeaturesTss" classname="SIL.LCModel.DomainImpl.LingTests" runstate="Runnable" seed="528181546" result="Passed" start-time="2020-10-05 16:46:17Z" end-time="2020-10-05 16:46:17Z" duration="0.004853" asserts="10" />
          </test-suite>
          <test-suite type="TestFixture" id="3-2710" name="MainVectorTests" fullname="SIL.LCModel.DomainImpl.MainVectorTests" classname="SIL.LCModel.DomainImpl.MainVectorTests" runstate="Runnable" testcasecount="25" result="Passed" start-time="2020-10-05 16:46:17Z" end-time="2020-10-05 16:46:17Z" duration="0.211461" total="25" passed="25" failed="0" warnings="0" inconclusive="0" skipped="0" asserts="135">
            <test-case id="3-2723" name="AddTo_RefColToRefCol" fullname="SIL.LCModel.DomainImpl.MainVectorTests.AddTo_RefColToRefCol" methodname="AddTo_RefColToRefCol" classname="SIL.LCModel.DomainImpl.MainVectorTests" runstate="Runnable" seed="1733431588" result="Passed" start-time="2020-10-05 16:46:17Z" end-time="2020-10-05 16:46:17Z" duration="0.003622" asserts="3" />
            <test-case id="3-2716" name="ContainsMethodTests" fullname="SIL.LCModel.DomainImpl.MainVectorTests.ContainsMethodTests" methodname="ContainsMethodTests" classname="SIL.LCModel.DomainImpl.MainVectorTests" runstate="Runnable" seed="1110660700" result="Passed" start-time="2020-10-05 16:46:17Z" end-time="2020-10-05 16:46:17Z" duration="0.000829" asserts="2" />
            <test-case id="3-2721" name="CopyTo_NoItemsInEmptyItemListTest" fullname="SIL.LCModel.DomainImpl.MainVectorTests.CopyTo_NoItemsInEmptyItemListTest" methodname="CopyTo_NoItemsInEmptyItemListTest" classname="SIL.LCModel.DomainImpl.MainVectorTests" runstate="Runnable" seed="901596005" result="Passed" start-time="2020-10-05 16:46:17Z" end-time="2020-10-05 16:46:17Z" duration="0.000325" asserts="0" />
            <test-case id="3-2719" name="CopyTo_OneItemInLongListTest" fullname="SIL.LCModel.DomainImpl.MainVectorTests.CopyTo_OneItemInLongListTest" methodname="CopyTo_OneItemInLongListTest" classname="SIL.LCModel.DomainImpl.MainVectorTests" runstate="Runnable" seed="1221481487" result="Passed" start-time="2020-10-05 16:46:17Z" end-time="2020-10-05 16:46:17Z" duration="0.000560" asserts="5" />
            <test-case id="3-2720" name="CopyTo_OneItemInOneItemListTest" fullname="SIL.LCModel.DomainImpl.MainVectorTests.CopyTo_OneItemInOneItemListTest" methodname="CopyTo_OneItemInOneItemListTest" classname="SIL.LCModel.DomainImpl.MainVectorTests" runstate="Runnable" seed="1920585686" result="Passed" start-time="2020-10-05 16:46:17Z" end-time="2020-10-05 16:46:17Z" duration="0.000423" asserts="1" />
            <test-case id="3-2722" name="CopyTo_RefSeqToRefSeq" fullname="SIL.LCModel.DomainImpl.MainVectorTests.CopyTo_RefSeqToRefSeq" methodname="CopyTo_RefSeqToRefSeq" classname="SIL.LCModel.DomainImpl.MainVectorTests" runstate="Runnable" seed="103281675" result="Passed" start-time="2020-10-05 16:46:17Z" end-time="2020-10-05 16:46:17Z" duration="0.001270" asserts="3" />
            <test-case id="3-2711" name="CountPropertyTests" fullname="SIL.LCModel.DomainImpl.MainVectorTests.CountPropertyTests" methodname="CountPropertyTests" classname="SIL.LCModel.DomainImpl.MainVectorTests" runstate="Runnable" seed="873409993" result="Passed" start-time="2020-10-05 16:46:17Z" end-time="2020-10-05 16:46:17Z" duration="0.000766" asserts="4" />
            <test-case id="3-2735" name="GetAllPossibilities" fullname="SIL.LCModel.DomainImpl.MainVectorTests.GetAllPossibilities" methodname="GetAllPossibilities" classname="SIL.LCModel.DomainImpl.MainVectorTests" runstate="Runnable" seed="1869707300" result="Passed" start-time="2020-10-05 16:46:17Z" end-time="2020-10-05 16:46:17Z" duration="0.000901" asserts="1" />
            <test-case id="3-2715" name="IndexedSetterUsedToMoveObjBetweenOwningSequences" fullname="SIL.LCModel.DomainImpl.MainVectorTests.IndexedSetterUsedToMoveObjBetweenOwningSequences" methodname="IndexedSetterUsedToMoveObjBetweenOwningSequences" classname="SIL.LCModel.DomainImpl.MainVectorTests" runstate="Runnable" seed="918032929" result="Passed" start-time="2020-10-05 16:46:17Z" end-time="2020-10-05 16:46:17Z" duration="0.001885" asserts="18" />
            <test-case id="3-2725" name="Insert_Deleted" fullname="SIL.LCModel.DomainImpl.MainVectorTests.Insert_Deleted" methodname="Insert_Deleted" classname="SIL.LCModel.DomainImpl.MainVectorTests" runstate="Runnable" seed="527090915" result="Passed" start-time="2020-10-05 16:46:17Z" end-time="2020-10-05 16:46:17Z" duration="0.002006" asserts="1" />
            <test-case id="3-2724" name="Insert_Null" fullname="SIL.LCModel.DomainImpl.MainVectorTests.Insert_Null" methodname="Insert_Null" classname="SIL.LCModel.DomainImpl.MainVectorTests" runstate="Runnable" seed="819791373" result="Passed" start-time="2020-10-05 16:46:17Z" end-time="2020-10-05 16:46:17Z" duration="0.001510" asserts="1" />
            <test-case id="3-2727" name="Insert_UnownableObject" fullname="SIL.LCModel.DomainImpl.MainVectorTests.Insert_UnownableObject" methodname="Insert_UnownableObject" classname="SIL.LCModel.DomainImpl.MainVectorTests" runstate="Runnable" seed="1772028757" result="Passed" start-time="2020-10-05 16:46:17Z" end-time="2020-10-05 16:46:17Z" duration="0.001567" asserts="1" />
            <test-case id="3-2726" name="InsertIntoRefSequence_Uninitialized" fullname="SIL.LCModel.DomainImpl.MainVectorTests.InsertIntoRefSequence_Uninitialized" methodname="InsertIntoRefSequence_Uninitialized" classname="SIL.LCModel.DomainImpl.MainVectorTests" runstate="Runnable" seed="251370290" result="Passed" start-time="2020-10-05 16:46:17Z" end-time="2020-10-05 16:46:17Z" duration="0.099098" asserts="1" />
            <test-case id="3-2714" name="InsertUsedToMoveObjBetweenOwningSequences" fullname="SIL.LCModel.DomainImpl.MainVectorTests.InsertUsedToMoveObjBetweenOwningSequences" methodname="InsertUsedToMoveObjBetweenOwningSequences" classname="SIL.LCModel.DomainImpl.MainVectorTests" runstate="Runnable" seed="227345908" result="Passed" start-time="2020-10-05 16:46:17Z" end-time="2020-10-05 16:46:17Z" duration="0.001185" asserts="16" />
            <test-case id="3-2733" name="LcmOwningCollection_ReAddToOC" fullname="SIL.LCModel.DomainImpl.MainVectorTests.LcmOwningCollection_ReAddToOC" methodname="LcmOwningCollection_ReAddToOC" classname="SIL.LCModel.DomainImpl.MainVectorTests" runstate="Runnable" seed="941876845" result="Passed" start-time="2020-10-05 16:46:17Z" end-time="2020-10-05 16:46:17Z" duration="0.002180" asserts="1" />
            <test-case id="3-2731" name="MoveTo_DestListLargerThenSrcTest" fullname="SIL.LCModel.DomainImpl.MainVectorTests.MoveTo_DestListLargerThenSrcTest" methodname="MoveTo_DestListLargerThenSrcTest" classname="SIL.LCModel.DomainImpl.MainVectorTests" runstate="Runnable" seed="340053578" result="Passed" start-time="2020-10-05 16:46:17Z" end-time="2020-10-05 16:46:17Z" duration="0.007337" asserts="5" />
            <test-case id="3-2728" name="MoveTo_EmptyListTest" fullname="SIL.LCModel.DomainImpl.MainVectorTests.MoveTo_EmptyListTest" methodname="MoveTo_EmptyListTest" classname="SIL.LCModel.DomainImpl.MainVectorTests" runstate="Runnable" seed="1654095102" result="Passed" start-time="2020-10-05 16:46:17Z" end-time="2020-10-05 16:46:17Z" duration="0.000654" asserts="4" />
            <test-case id="3-2729" name="MoveTo_PopulatedListTest" fullname="SIL.LCModel.DomainImpl.MainVectorTests.MoveTo_PopulatedListTest" methodname="MoveTo_PopulatedListTest" classname="SIL.LCModel.DomainImpl.MainVectorTests" runstate="Runnable" seed="414716541" result="Passed" start-time="2020-10-05 16:46:17Z" end-time="2020-10-05 16:46:17Z" duration="0.000725" asserts="6" />
            <test-case id="3-2730" name="MoveTo_RemoveSideEffects" fullname="SIL.LCModel.DomainImpl.MainVectorTests.MoveTo_RemoveSideEffects" methodname="MoveTo_RemoveSideEffects" classname="SIL.LCModel.DomainImpl.MainVectorTests" runstate="Runnable" seed="103321455" result="Passed" start-time="2020-10-05 16:46:17Z" end-time="2020-10-05 16:46:17Z" duration="0.006117" asserts="5" />
            <test-case id="3-2734" name="OwningCollectionContainsObject" fullname="SIL.LCModel.DomainImpl.MainVectorTests.OwningCollectionContainsObject" methodname="OwningCollectionContainsObject" classname="SIL.LCModel.DomainImpl.MainVectorTests" runstate="Runnable" seed="1846011278" result="Passed" start-time="2020-10-05 16:46:17Z" end-time="2020-10-05 16:46:17Z" duration="0.000353" asserts="2" />
            <test-case id="3-2713" name="OwningSequence_OwnOrd_Tests" fullname="SIL.LCModel.DomainImpl.MainVectorTests.OwningSequence_OwnOrd_Tests" methodname="OwningSequence_OwnOrd_Tests" classname="SIL.LCModel.DomainImpl.MainVectorTests" runstate="Runnable" seed="779578530" result="Passed" start-time="2020-10-05 16:46:17Z" end-time="2020-10-05 16:46:17Z" duration="0.001031" asserts="19" />
            <test-case id="3-2717" name="ReplaceUndoTest" fullname="SIL.LCModel.DomainImpl.MainVectorTests.ReplaceUndoTest" methodname="ReplaceUndoTest" classname="SIL.LCModel.DomainImpl.MainVectorTests" runstate="Runnable" seed="1755888644" result="Passed" start-time="2020-10-05 16:46:17Z" end-time="2020-10-05 16:46:17Z" duration="0.008193" asserts="28" />
            <test-case id="3-2712" name="TestOwningSequenceIndexOverwriteDeletesObject" fullname="SIL.LCModel.DomainImpl.MainVectorTests.TestOwningSequenceIndexOverwriteDeletesObject" methodname="TestOwningSequenceIndexOverwriteDeletesObject" classname="SIL.LCModel.DomainImpl.MainVectorTests" runstate="Runnable" seed="1250585038" result="Passed" start-time="2020-10-05 16:46:17Z" end-time="2020-10-05 16:46:17Z" duration="0.000875" asserts="3" />
            <test-case id="3-2718" name="TestReplaceLastItem" fullname="SIL.LCModel.DomainImpl.MainVectorTests.TestReplaceLastItem" methodname="TestReplaceLastItem" classname="SIL.LCModel.DomainImpl.MainVectorTests" runstate="Runnable" seed="702137540" result="Passed" start-time="2020-10-05 16:46:17Z" end-time="2020-10-05 16:46:17Z" duration="0.003228" asserts="3" />
            <test-case id="3-2732" name="VectorCount" fullname="SIL.LCModel.DomainImpl.MainVectorTests.VectorCount" methodname="VectorCount" classname="SIL.LCModel.DomainImpl.MainVectorTests" runstate="Runnable" seed="780224422" result="Passed" start-time="2020-10-05 16:46:17Z" end-time="2020-10-05 16:46:17Z" duration="0.000655" asserts="2" />
          </test-suite>
          <test-suite type="TestFixture" id="3-2198" name="MergeObjectsTests" fullname="SIL.LCModel.DomainImpl.MergeObjectsTests" classname="SIL.LCModel.DomainImpl.MergeObjectsTests" runstate="Runnable" testcasecount="25" result="Passed" start-time="2020-10-05 16:46:17Z" end-time="2020-10-05 16:46:17Z" duration="0.199299" total="25" passed="25" failed="0" warnings="0" inconclusive="0" skipped="0" asserts="115">
            <test-case id="3-2203" name="MergeAppendAtomic" fullname="SIL.LCModel.DomainImpl.MergeObjectsTests.MergeAppendAtomic" methodname="MergeAppendAtomic" classname="SIL.LCModel.DomainImpl.MergeObjectsTests" runstate="Runnable" seed="1585758067" result="Passed" start-time="2020-10-05 16:46:17Z" end-time="2020-10-05 16:46:17Z" duration="0.003247" asserts="2" />
            <test-case id="3-2220" name="MergeAtomicPropertyBackReferences" fullname="SIL.LCModel.DomainImpl.MergeObjectsTests.MergeAtomicPropertyBackReferences" methodname="MergeAtomicPropertyBackReferences" classname="SIL.LCModel.DomainImpl.MergeObjectsTests" runstate="Runnable" seed="10549347" result="Passed" start-time="2020-10-05 16:46:17Z" end-time="2020-10-05 16:46:17Z" duration="0.001550" asserts="1" />
            <test-case id="3-2222" name="MergeCollectionPropertyBackReferences" fullname="SIL.LCModel.DomainImpl.MergeObjectsTests.MergeCollectionPropertyBackReferences" methodname="MergeCollectionPropertyBackReferences" classname="SIL.LCModel.DomainImpl.MergeObjectsTests" runstate="Runnable" seed="1136612900" result="Passed" start-time="2020-10-05 16:46:17Z" end-time="2020-10-05 16:46:17Z" duration="0.001505" asserts="1" />
            <test-case id="3-2223" name="MergeComponentEntry" fullname="SIL.LCModel.DomainImpl.MergeObjectsTests.MergeComponentEntry" methodname="MergeComponentEntry" classname="SIL.LCModel.DomainImpl.MergeObjectsTests" runstate="Runnable" seed="1505845341" result="Passed" start-time="2020-10-05 16:46:17Z" end-time="2020-10-05 16:46:17Z" duration="0.004655" asserts="5" />
            <test-case id="3-2200" name="MergeEntryAdjustsHomographsAndMakesAllomorphs" fullname="SIL.LCModel.DomainImpl.MergeObjectsTests.MergeEntryAdjustsHomographsAndMakesAllomorphs" methodname="MergeEntryAdjustsHomographsAndMakesAllomorphs" classname="SIL.LCModel.DomainImpl.MergeObjectsTests" runstate="Runnable" seed="182097178" result="Passed" start-time="2020-10-05 16:46:17Z" end-time="2020-10-05 16:46:17Z" duration="0.003456" asserts="14" />
            <test-case id="3-2211" name="MergeEntryWhereDestIsComponentOfSource" fullname="SIL.LCModel.DomainImpl.MergeObjectsTests.MergeEntryWhereDestIsComponentOfSource" methodname="MergeEntryWhereDestIsComponentOfSource" classname="SIL.LCModel.DomainImpl.MergeObjectsTests" runstate="Runnable" seed="1044842404" result="Passed" start-time="2020-10-05 16:46:17Z" end-time="2020-10-05 16:46:17Z" duration="0.005703" asserts="4" />
            <test-case id="3-2210" name="MergeEntryWhereSourceIsComponentOfDest" fullname="SIL.LCModel.DomainImpl.MergeObjectsTests.MergeEntryWhereSourceIsComponentOfDest" methodname="MergeEntryWhereSourceIsComponentOfDest" classname="SIL.LCModel.DomainImpl.MergeObjectsTests" runstate="Runnable" seed="607267988" result="Passed" start-time="2020-10-05 16:46:17Z" end-time="2020-10-05 16:46:17Z" duration="0.005486" asserts="4" />
            <test-case id="3-2212" name="MergeEntryWithComponentSense" fullname="SIL.LCModel.DomainImpl.MergeObjectsTests.MergeEntryWithComponentSense" methodname="MergeEntryWithComponentSense" classname="SIL.LCModel.DomainImpl.MergeObjectsTests" runstate="Runnable" seed="35838516" result="Passed" start-time="2020-10-05 16:46:17Z" end-time="2020-10-05 16:46:17Z" duration="0.005182" asserts="5" />
            <test-case id="3-2202" name="MergeGuids" fullname="SIL.LCModel.DomainImpl.MergeObjectsTests.MergeGuids" methodname="MergeGuids" classname="SIL.LCModel.DomainImpl.MergeObjectsTests" runstate="Runnable" seed="224419981" result="Passed" start-time="2020-10-05 16:46:17Z" end-time="2020-10-05 16:46:17Z" duration="0.003778" asserts="4" />
            <test-case id="3-2206" name="MergeMultiStrings" fullname="SIL.LCModel.DomainImpl.MergeObjectsTests.MergeMultiStrings" methodname="MergeMultiStrings" classname="SIL.LCModel.DomainImpl.MergeObjectsTests" runstate="Runnable" seed="15445568" result="Passed" start-time="2020-10-05 16:46:17Z" end-time="2020-10-05 16:46:17Z" duration="0.010024" asserts="8" />
            <test-case id="3-2213" name="MergeMultiUnicode" fullname="SIL.LCModel.DomainImpl.MergeObjectsTests.MergeMultiUnicode" methodname="MergeMultiUnicode" classname="SIL.LCModel.DomainImpl.MergeObjectsTests" runstate="Runnable" seed="446092978" result="Passed" start-time="2020-10-05 16:46:17Z" end-time="2020-10-05 16:46:17Z" duration="0.005536" asserts="6" />
            <test-case id="3-2214" name="MergeOwningAtomic" fullname="SIL.LCModel.DomainImpl.MergeObjectsTests.MergeOwningAtomic" methodname="MergeOwningAtomic" classname="SIL.LCModel.DomainImpl.MergeObjectsTests" runstate="Runnable" seed="1517418618" result="Passed" start-time="2020-10-05 16:46:17Z" end-time="2020-10-05 16:46:17Z" duration="0.003004" asserts="2" />
            <test-case id="3-2216" name="MergeOwningCollection" fullname="SIL.LCModel.DomainImpl.MergeObjectsTests.MergeOwningCollection" methodname="MergeOwningCollection" classname="SIL.LCModel.DomainImpl.MergeObjectsTests" runstate="Runnable" seed="234169387" result="Passed" start-time="2020-10-05 16:46:17Z" end-time="2020-10-05 16:46:17Z" duration="0.003396" asserts="3" />
            <test-case id="3-2218" name="MergeOwningSequence" fullname="SIL.LCModel.DomainImpl.MergeObjectsTests.MergeOwningSequence" methodname="MergeOwningSequence" classname="SIL.LCModel.DomainImpl.MergeObjectsTests" runstate="Runnable" seed="782309267" result="Passed" start-time="2020-10-05 16:46:17Z" end-time="2020-10-05 16:46:17Z" duration="0.005585" asserts="3" />
            <test-case id="3-2215" name="MergeReferenceAtomic" fullname="SIL.LCModel.DomainImpl.MergeObjectsTests.MergeReferenceAtomic" methodname="MergeReferenceAtomic" classname="SIL.LCModel.DomainImpl.MergeObjectsTests" runstate="Runnable" seed="270552379" result="Passed" start-time="2020-10-05 16:46:17Z" end-time="2020-10-05 16:46:17Z" duration="0.005684" asserts="3" />
            <test-case id="3-2217" name="MergeReferenceCollection" fullname="SIL.LCModel.DomainImpl.MergeObjectsTests.MergeReferenceCollection" methodname="MergeReferenceCollection" classname="SIL.LCModel.DomainImpl.MergeObjectsTests" runstate="Runnable" seed="1956618331" result="Passed" start-time="2020-10-05 16:46:17Z" end-time="2020-10-05 16:46:17Z" duration="0.005531" asserts="6" />
            <test-case id="3-2219" name="MergeReferenceSequence" fullname="SIL.LCModel.DomainImpl.MergeObjectsTests.MergeReferenceSequence" methodname="MergeReferenceSequence" classname="SIL.LCModel.DomainImpl.MergeObjectsTests" runstate="Runnable" seed="1929200140" result="Passed" start-time="2020-10-05 16:46:17Z" end-time="2020-10-05 16:46:17Z" duration="0.002951" asserts="5" />
            <test-case id="3-2207" name="MergeSenses" fullname="SIL.LCModel.DomainImpl.MergeObjectsTests.MergeSenses" methodname="MergeSenses" classname="SIL.LCModel.DomainImpl.MergeObjectsTests" runstate="Runnable" seed="418910661" result="Passed" start-time="2020-10-05 16:46:17Z" end-time="2020-10-05 16:46:17Z" duration="0.002570" asserts="2" />
            <test-case id="3-2208" name="MergeSensesWithLexRefs" fullname="SIL.LCModel.DomainImpl.MergeObjectsTests.MergeSensesWithLexRefs" methodname="MergeSensesWithLexRefs" classname="SIL.LCModel.DomainImpl.MergeObjectsTests" runstate="Runnable" seed="355191208" result="Passed" start-time="2020-10-05 16:46:17Z" end-time="2020-10-05 16:46:17Z" duration="0.004062" asserts="1" />
            <test-case id="3-2221" name="MergeSequencePropertyBackReferences" fullname="SIL.LCModel.DomainImpl.MergeObjectsTests.MergeSequencePropertyBackReferences" methodname="MergeSequencePropertyBackReferences" classname="SIL.LCModel.DomainImpl.MergeObjectsTests" runstate="Runnable" seed="2143064117" result="Passed" start-time="2020-10-05 16:46:17Z" end-time="2020-10-05 16:46:17Z" duration="0.001465" asserts="1" />
            <test-case id="3-2199" name="MergeShowMainEntryIn" fullname="SIL.LCModel.DomainImpl.MergeObjectsTests.MergeShowMainEntryIn" methodname="MergeShowMainEntryIn" classname="SIL.LCModel.DomainImpl.MergeObjectsTests" runstate="Runnable" seed="1886641906" result="Passed" start-time="2020-10-05 16:46:17Z" end-time="2020-10-05 16:46:17Z" duration="0.013738" asserts="10" />
            <test-case id="3-2205" name="MergeStrings" fullname="SIL.LCModel.DomainImpl.MergeObjectsTests.MergeStrings" methodname="MergeStrings" classname="SIL.LCModel.DomainImpl.MergeObjectsTests" runstate="Runnable" seed="1074239727" result="Passed" start-time="2020-10-05 16:46:17Z" end-time="2020-10-05 16:46:17Z" duration="0.015144" asserts="7" />
            <test-case id="3-2201" name="MergeTimes" fullname="SIL.LCModel.DomainImpl.MergeObjectsTests.MergeTimes" methodname="MergeTimes" classname="SIL.LCModel.DomainImpl.MergeObjectsTests" runstate="Runnable" seed="1343653352" result="Passed" start-time="2020-10-05 16:46:17Z" end-time="2020-10-05 16:46:17Z" duration="0.007195" asserts="3" />
            <test-case id="3-2209" name="MergeUnicode" fullname="SIL.LCModel.DomainImpl.MergeObjectsTests.MergeUnicode" methodname="MergeUnicode" classname="SIL.LCModel.DomainImpl.MergeObjectsTests" runstate="Runnable" seed="879837191" result="Passed" start-time="2020-10-05 16:46:17Z" end-time="2020-10-05 16:46:17Z" duration="0.004583" asserts="6" />
            <test-case id="3-2204" name="OtherLexEntryHomographs_AreNotAffectedByMerge" fullname="SIL.LCModel.DomainImpl.MergeObjectsTests.OtherLexEntryHomographs_AreNotAffectedByMerge" methodname="OtherLexEntryHomographs_AreNotAffectedByMerge" classname="SIL.LCModel.DomainImpl.MergeObjectsTests" runstate="Runnable" seed="498933535" result="Passed" start-time="2020-10-05 16:46:17Z" end-time="2020-10-05 16:46:17Z" duration="0.004831" asserts="9" />
          </test-suite>
          <test-suite type="TestFixture" id="3-1944" name="MoreCellarTests" fullname="SIL.LCModel.DomainImpl.MoreCellarTests" classname="SIL.LCModel.DomainImpl.MoreCellarTests" runstate="Runnable" testcasecount="4" result="Passed" start-time="2020-10-05 16:46:17Z" end-time="2020-10-05 16:46:18Z" duration="0.121899" total="4" passed="4" failed="0" warnings="0" inconclusive="0" skipped="0" asserts="79">
            <test-case id="3-1946" name="AddClosedFeaturesToFeatureSystemAndThenToAFeatureStructure" fullname="SIL.LCModel.DomainImpl.MoreCellarTests.AddClosedFeaturesToFeatureSystemAndThenToAFeatureStructure" methodname="AddClosedFeaturesToFeatureSystemAndThenToAFeatureStructure" classname="SIL.LCModel.DomainImpl.MoreCellarTests" runstate="Runnable" seed="1146041823" result="Passed" start-time="2020-10-05 16:46:17Z" end-time="2020-10-05 16:46:17Z" duration="0.021267" asserts="29" />
            <test-case id="3-1947" name="AddComplexFeaturesToFeatureSystemAndThenToAFeatureStructure" fullname="SIL.LCModel.DomainImpl.MoreCellarTests.AddComplexFeaturesToFeatureSystemAndThenToAFeatureStructure" methodname="AddComplexFeaturesToFeatureSystemAndThenToAFeatureStructure" classname="SIL.LCModel.DomainImpl.MoreCellarTests" runstate="Runnable" seed="936395786" result="Passed" start-time="2020-10-05 16:46:17Z" end-time="2020-10-05 16:46:18Z" duration="0.025649" asserts="40" />
            <test-case id="3-1945" name="CmSemanticDomainReferringSensesAreSorted" fullname="SIL.LCModel.DomainImpl.MoreCellarTests.CmSemanticDomainReferringSensesAreSorted" methodname="CmSemanticDomainReferringSensesAreSorted" classname="SIL.LCModel.DomainImpl.MoreCellarTests" runstate="Runnable" seed="186985895" result="Passed" start-time="2020-10-05 16:46:18Z" end-time="2020-10-05 16:46:18Z" duration="0.008391" asserts="6" />
            <test-case id="3-1948" name="SetAgentOpinion" fullname="SIL.LCModel.DomainImpl.MoreCellarTests.SetAgentOpinion" methodname="SetAgentOpinion" classname="SIL.LCModel.DomainImpl.MoreCellarTests" runstate="Runnable" seed="133305975" result="Passed" start-time="2020-10-05 16:46:18Z" end-time="2020-10-05 16:46:18Z" duration="0.001064" asserts="4" />
          </test-suite>
          <test-suite type="TestFixture" id="3-2111" name="MoreLexSenseTests" fullname="SIL.LCModel.DomainImpl.MoreLexSenseTests" classname="SIL.LCModel.DomainImpl.MoreLexSenseTests" runstate="Runnable" testcasecount="20" result="Passed" start-time="2020-10-05 16:46:18Z" end-time="2020-10-05 16:46:18Z" duration="0.163331" total="20" passed="20" failed="0" warnings="0" inconclusive="0" skipped="0" asserts="157">
            <test-case id="3-2112" name="RdeMerge" fullname="SIL.LCModel.DomainImpl.MoreLexSenseTests.RdeMerge" methodname="RdeMerge" classname="SIL.LCModel.DomainImpl.MoreLexSenseTests" runstate="Runnable" seed="2000833497" result="Passed" start-time="2020-10-05 16:46:18Z" end-time="2020-10-05 16:46:18Z" duration="0.019068" asserts="32" />
            <test-case id="3-2114" name="RdeMerge_CitationFormCouldMatchLexeme" fullname="SIL.LCModel.DomainImpl.MoreLexSenseTests.RdeMerge_CitationFormCouldMatchLexeme" methodname="RdeMerge_CitationFormCouldMatchLexeme" classname="SIL.LCModel.DomainImpl.MoreLexSenseTests" runstate="Runnable" seed="192417518" result="Passed" start-time="2020-10-05 16:46:18Z" end-time="2020-10-05 16:46:18Z" duration="0.005142" asserts="4" />
            <test-case id="3-2118" name="RdeMerge_DoesNotMatchWithNewDefn" fullname="SIL.LCModel.DomainImpl.MoreLexSenseTests.RdeMerge_DoesNotMatchWithNewDefn" methodname="RdeMerge_DoesNotMatchWithNewDefn" classname="SIL.LCModel.DomainImpl.MoreLexSenseTests" runstate="Runnable" seed="809117269" result="Passed" start-time="2020-10-05 16:46:18Z" end-time="2020-10-05 16:46:18Z" duration="0.002107" asserts="6" />
            <test-case id="3-2120" name="RdeMerge_DoesNotMatchWithNewGloss" fullname="SIL.LCModel.DomainImpl.MoreLexSenseTests.RdeMerge_DoesNotMatchWithNewGloss" methodname="RdeMerge_DoesNotMatchWithNewGloss" classname="SIL.LCModel.DomainImpl.MoreLexSenseTests" runstate="Runnable" seed="1919680996" result="Passed" start-time="2020-10-05 16:46:18Z" end-time="2020-10-05 16:46:18Z" duration="0.002452" asserts="6" />
            <test-case id="3-2116" name="RdeMerge_ExtraFields" fullname="SIL.LCModel.DomainImpl.MoreLexSenseTests.RdeMerge_ExtraFields" methodname="RdeMerge_ExtraFields" classname="SIL.LCModel.DomainImpl.MoreLexSenseTests" runstate="Runnable" seed="332175709" result="Passed" start-time="2020-10-05 16:46:18Z" end-time="2020-10-05 16:46:18Z" duration="0.008100" asserts="18" />
            <test-case id="3-2113" name="RdeMerge_GlossAndCf" fullname="SIL.LCModel.DomainImpl.MoreLexSenseTests.RdeMerge_GlossAndCf" methodname="RdeMerge_GlossAndCf" classname="SIL.LCModel.DomainImpl.MoreLexSenseTests" runstate="Runnable" seed="964931603" result="Passed" start-time="2020-10-05 16:46:18Z" end-time="2020-10-05 16:46:18Z" duration="0.027507" asserts="44" />
            <test-case id="3-2115" name="RdeMerge_LexemeFormCouldMatchCitation" fullname="SIL.LCModel.DomainImpl.MoreLexSenseTests.RdeMerge_LexemeFormCouldMatchCitation" methodname="RdeMerge_LexemeFormCouldMatchCitation" classname="SIL.LCModel.DomainImpl.MoreLexSenseTests" runstate="Runnable" seed="1509573017" result="Passed" start-time="2020-10-05 16:46:18Z" end-time="2020-10-05 16:46:18Z" duration="0.003669" asserts="4" />
            <test-case id="3-2117" name="RdeMerge_MatchesDefnToGloss" fullname="SIL.LCModel.DomainImpl.MoreLexSenseTests.RdeMerge_MatchesDefnToGloss" methodname="RdeMerge_MatchesDefnToGloss" classname="SIL.LCModel.DomainImpl.MoreLexSenseTests" runstate="Runnable" seed="189953776" result="Passed" start-time="2020-10-05 16:46:18Z" end-time="2020-10-05 16:46:18Z" duration="0.003721" asserts="5" />
            <test-case id="3-2119" name="RdeMerge_MatchesGlossToDefn" fullname="SIL.LCModel.DomainImpl.MoreLexSenseTests.RdeMerge_MatchesGlossToDefn" methodname="RdeMerge_MatchesGlossToDefn" classname="SIL.LCModel.DomainImpl.MoreLexSenseTests" runstate="Runnable" seed="1438997236" result="Passed" start-time="2020-10-05 16:46:18Z" end-time="2020-10-05 16:46:18Z" duration="0.002045" asserts="5" />
            <test-case id="3-2123" name="RDENewSense_Handles_CitationFormAndGloss" fullname="SIL.LCModel.DomainImpl.MoreLexSenseTests.RDENewSense_Handles_CitationFormAndGloss" methodname="RDENewSense_Handles_CitationFormAndGloss" classname="SIL.LCModel.DomainImpl.MoreLexSenseTests" runstate="Runnable" seed="332332262" result="Passed" start-time="2020-10-05 16:46:18Z" end-time="2020-10-05 16:46:18Z" duration="0.005083" asserts="4" />
            <test-case id="3-2130" name="RDENewSense_Handles_CrashWhenNoDialectLabel" fullname="SIL.LCModel.DomainImpl.MoreLexSenseTests.RDENewSense_Handles_CrashWhenNoDialectLabel" methodname="RDENewSense_Handles_CrashWhenNoDialectLabel" classname="SIL.LCModel.DomainImpl.MoreLexSenseTests" runstate="Runnable" seed="793949297" result="Passed" start-time="2020-10-05 16:46:18Z" end-time="2020-10-05 16:46:18Z" duration="0.002806" asserts="1" />
            <test-case id="3-2124" name="RDENewSense_Handles_FourColumns" fullname="SIL.LCModel.DomainImpl.MoreLexSenseTests.RDENewSense_Handles_FourColumns" methodname="RDENewSense_Handles_FourColumns" classname="SIL.LCModel.DomainImpl.MoreLexSenseTests" runstate="Runnable" seed="941414998" result="Passed" start-time="2020-10-05 16:46:18Z" end-time="2020-10-05 16:46:18Z" duration="0.001384" asserts="6" />
            <test-case id="3-2131" name="RDENewSense_Handles_LexEditTransduce" fullname="SIL.LCModel.DomainImpl.MoreLexSenseTests.RDENewSense_Handles_LexEditTransduce" methodname="RDENewSense_Handles_LexEditTransduce" classname="SIL.LCModel.DomainImpl.MoreLexSenseTests" runstate="Runnable" seed="1071807630" result="Passed" start-time="2020-10-05 16:46:18Z" end-time="2020-10-05 16:46:18Z" duration="0.003002" asserts="9" />
            <test-case id="3-2122" name="RDENewSense_Handles_LexemeFormAndDefinition" fullname="SIL.LCModel.DomainImpl.MoreLexSenseTests.RDENewSense_Handles_LexemeFormAndDefinition" methodname="RDENewSense_Handles_LexemeFormAndDefinition" classname="SIL.LCModel.DomainImpl.MoreLexSenseTests" runstate="Runnable" seed="1421718859" result="Passed" start-time="2020-10-05 16:46:18Z" end-time="2020-10-05 16:46:18Z" duration="0.001784" asserts="2" />
            <test-case id="3-2126" name="RDENewSense_Handles_MatchingDialectLabel" fullname="SIL.LCModel.DomainImpl.MoreLexSenseTests.RDENewSense_Handles_MatchingDialectLabel" methodname="RDENewSense_Handles_MatchingDialectLabel" classname="SIL.LCModel.DomainImpl.MoreLexSenseTests" runstate="Runnable" seed="252546388" result="Passed" start-time="2020-10-05 16:46:18Z" end-time="2020-10-05 16:46:18Z" duration="0.001937" asserts="1" />
            <test-case id="3-2128" name="RDENewSense_Handles_MatchingDialectLabelAbbrev" fullname="SIL.LCModel.DomainImpl.MoreLexSenseTests.RDENewSense_Handles_MatchingDialectLabelAbbrev" methodname="RDENewSense_Handles_MatchingDialectLabelAbbrev" classname="SIL.LCModel.DomainImpl.MoreLexSenseTests" runstate="Runnable" seed="1854739302" result="Passed" start-time="2020-10-05 16:46:18Z" end-time="2020-10-05 16:46:18Z" duration="0.001229" asserts="1" />
            <test-case id="3-2129" name="RDENewSense_Handles_MatchingDialectLabelIgnoreCaseAndDiacritic" fullname="SIL.LCModel.DomainImpl.MoreLexSenseTests.RDENewSense_Handles_MatchingDialectLabelIgnoreCaseAndDiacritic" methodname="RDENewSense_Handles_MatchingDialectLabelIgnoreCaseAndDiacritic" classname="SIL.LCModel.DomainImpl.MoreLexSenseTests" runstate="Runnable" seed="1661498083" result="Passed" start-time="2020-10-05 16:46:18Z" end-time="2020-10-05 16:46:18Z" duration="0.001294" asserts="1" />
            <test-case id="3-2125" name="RDENewSense_Handles_NonEditColumn" fullname="SIL.LCModel.DomainImpl.MoreLexSenseTests.RDENewSense_Handles_NonEditColumn" methodname="RDENewSense_Handles_NonEditColumn" classname="SIL.LCModel.DomainImpl.MoreLexSenseTests" runstate="Runnable" seed="759152885" result="Passed" start-time="2020-10-05 16:46:18Z" end-time="2020-10-05 16:46:18Z" duration="0.001789" asserts="2" />
            <test-case id="3-2127" name="RDENewSense_Handles_NonMatchingDialectLabel" fullname="SIL.LCModel.DomainImpl.MoreLexSenseTests.RDENewSense_Handles_NonMatchingDialectLabel" methodname="RDENewSense_Handles_NonMatchingDialectLabel" classname="SIL.LCModel.DomainImpl.MoreLexSenseTests" runstate="Runnable" seed="1507404280" result="Passed" start-time="2020-10-05 16:46:18Z" end-time="2020-10-05 16:46:18Z" duration="0.002335" asserts="1" />
            <test-case id="3-2121" name="SetSandboxMSA" fullname="SIL.LCModel.DomainImpl.MoreLexSenseTests.SetSandboxMSA" methodname="SetSandboxMSA" classname="SIL.LCModel.DomainImpl.MoreLexSenseTests" runstate="Runnable" seed="1295493450" result="Passed" start-time="2020-10-05 16:46:18Z" end-time="2020-10-05 16:46:18Z" duration="0.006916" asserts="5" />
          </test-suite>
          <test-suite type="TestFixture" id="3-2132" name="MorphologyTests" fullname="SIL.LCModel.DomainImpl.MorphologyTests" classname="SIL.LCModel.DomainImpl.MorphologyTests" runstate="Runnable" testcasecount="4" result="Passed" start-time="2020-10-05 16:46:18Z" end-time="2020-10-05 16:46:18Z" duration="0.080485" total="4" passed="4" failed="0" warnings="0" inconclusive="0" skipped="0" asserts="21">
            <test-case id="3-2133" name="InflAffixTemplate_ReferenceTargetCandidates" fullname="SIL.LCModel.DomainImpl.MorphologyTests.InflAffixTemplate_ReferenceTargetCandidates" methodname="InflAffixTemplate_ReferenceTargetCandidates" classname="SIL.LCModel.DomainImpl.MorphologyTests" runstate="Runnable" seed="456519614" result="Passed" start-time="2020-10-05 16:46:18Z" end-time="2020-10-05 16:46:18Z" duration="0.007064" asserts="15" />
            <test-case id="3-2135" name="NewInflectionalTemplateHasFinalTrue" fullname="SIL.LCModel.DomainImpl.MorphologyTests.NewInflectionalTemplateHasFinalTrue" methodname="NewInflectionalTemplateHasFinalTrue" classname="SIL.LCModel.DomainImpl.MorphologyTests" runstate="Runnable" seed="1559438993" result="Passed" start-time="2020-10-05 16:46:18Z" end-time="2020-10-05 16:46:18Z" duration="0.000715" asserts="1" />
            <test-case id="3-2134" name="NewMoAffixProcessHasInputAndOutput" fullname="SIL.LCModel.DomainImpl.MorphologyTests.NewMoAffixProcessHasInputAndOutput" methodname="NewMoAffixProcessHasInputAndOutput" classname="SIL.LCModel.DomainImpl.MorphologyTests" runstate="Runnable" seed="1647449704" result="Passed" start-time="2020-10-05 16:46:18Z" end-time="2020-10-05 16:46:18Z" duration="0.001584" asserts="4" />
            <test-case id="3-2136" name="NewStemNameHasFeatures" fullname="SIL.LCModel.DomainImpl.MorphologyTests.NewStemNameHasFeatures" methodname="NewStemNameHasFeatures" classname="SIL.LCModel.DomainImpl.MorphologyTests" runstate="Runnable" seed="808134324" result="Passed" start-time="2020-10-05 16:46:18Z" end-time="2020-10-05 16:46:18Z" duration="0.001257" asserts="1" />
          </test-suite>
          <test-suite type="TestFixture" id="3-2167" name="MsaCleanupTests" fullname="SIL.LCModel.DomainImpl.MsaCleanupTests" classname="SIL.LCModel.DomainImpl.MsaCleanupTests" runstate="Runnable" testcasecount="8" result="Passed" start-time="2020-10-05 16:46:18Z" end-time="2020-10-05 16:46:18Z" duration="0.081505" total="8" passed="8" failed="0" warnings="0" inconclusive="0" skipped="0" asserts="28">
            <test-case id="3-2170" name="CanDeleteIfSenseDeleted" fullname="SIL.LCModel.DomainImpl.MsaCleanupTests.CanDeleteIfSenseDeleted" methodname="CanDeleteIfSenseDeleted" classname="SIL.LCModel.DomainImpl.MsaCleanupTests" runstate="Runnable" seed="392346182" result="Passed" start-time="2020-10-05 16:46:18Z" end-time="2020-10-05 16:46:18Z" duration="0.003450" asserts="8" />
            <test-case id="3-2171" name="ChangeMsaOnLexSense" fullname="SIL.LCModel.DomainImpl.MsaCleanupTests.ChangeMsaOnLexSense" methodname="ChangeMsaOnLexSense" classname="SIL.LCModel.DomainImpl.MsaCleanupTests" runstate="Runnable" seed="1532516624" result="Passed" start-time="2020-10-05 16:46:18Z" end-time="2020-10-05 16:46:18Z" duration="0.001183" asserts="2" />
            <test-case id="3-2173" name="ChangeMsaOnWfiMorphBundle" fullname="SIL.LCModel.DomainImpl.MsaCleanupTests.ChangeMsaOnWfiMorphBundle" methodname="ChangeMsaOnWfiMorphBundle" classname="SIL.LCModel.DomainImpl.MsaCleanupTests" runstate="Runnable" seed="477103040" result="Passed" start-time="2020-10-05 16:46:18Z" end-time="2020-10-05 16:46:18Z" duration="0.001354" asserts="4" />
            <test-case id="3-2168" name="DeleteLexSense" fullname="SIL.LCModel.DomainImpl.MsaCleanupTests.DeleteLexSense" methodname="DeleteLexSense" classname="SIL.LCModel.DomainImpl.MsaCleanupTests" runstate="Runnable" seed="1756921933" result="Passed" start-time="2020-10-05 16:46:18Z" end-time="2020-10-05 16:46:18Z" duration="0.000913" asserts="2" />
            <test-case id="3-2174" name="DeleteMoMorphAdhocProhib" fullname="SIL.LCModel.DomainImpl.MsaCleanupTests.DeleteMoMorphAdhocProhib" methodname="DeleteMoMorphAdhocProhib" classname="SIL.LCModel.DomainImpl.MsaCleanupTests" runstate="Runnable" seed="1152403885" result="Passed" start-time="2020-10-05 16:46:18Z" end-time="2020-10-05 16:46:18Z" duration="0.003744" asserts="4" />
            <test-case id="3-2175" name="DeleteMoMorphSynAnalysis" fullname="SIL.LCModel.DomainImpl.MsaCleanupTests.DeleteMoMorphSynAnalysis" methodname="DeleteMoMorphSynAnalysis" classname="SIL.LCModel.DomainImpl.MsaCleanupTests" runstate="Runnable" seed="1601180612" result="Passed" start-time="2020-10-05 16:46:18Z" end-time="2020-10-05 16:46:18Z" duration="0.001757" asserts="2" />
            <test-case id="3-2169" name="DeleteSecondLexSense" fullname="SIL.LCModel.DomainImpl.MsaCleanupTests.DeleteSecondLexSense" methodname="DeleteSecondLexSense" classname="SIL.LCModel.DomainImpl.MsaCleanupTests" runstate="Runnable" seed="435721479" result="Passed" start-time="2020-10-05 16:46:18Z" end-time="2020-10-05 16:46:18Z" duration="0.003014" asserts="4" />
            <test-case id="3-2172" name="DeleteSenseWithMsaInMorphBundle" fullname="SIL.LCModel.DomainImpl.MsaCleanupTests.DeleteSenseWithMsaInMorphBundle" methodname="DeleteSenseWithMsaInMorphBundle" classname="SIL.LCModel.DomainImpl.MsaCleanupTests" runstate="Runnable" seed="905890874" result="Passed" start-time="2020-10-05 16:46:18Z" end-time="2020-10-05 16:46:18Z" duration="0.001479" asserts="2" />
          </test-suite>
          <test-suite type="TestFixture" id="3-2678" name="MultiAccessorTests" fullname="SIL.LCModel.DomainImpl.MultiAccessorTests" classname="SIL.LCModel.DomainImpl.MultiAccessorTests" runstate="Runnable" testcasecount="11" result="Passed" start-time="2020-10-05 16:46:18Z" end-time="2020-10-05 16:46:18Z" duration="0.073305" total="11" passed="11" failed="0" warnings="0" inconclusive="0" skipped="0" asserts="29">
            <test-case id="3-2689" name="AppendAlternativesTest" fullname="SIL.LCModel.DomainImpl.MultiAccessorTests.AppendAlternativesTest" methodname="AppendAlternativesTest" classname="SIL.LCModel.DomainImpl.MultiAccessorTests" runstate="Runnable" seed="899829716" result="Passed" start-time="2020-10-05 16:46:18Z" end-time="2020-10-05 16:46:18Z" duration="0.001443" asserts="4" />
            <test-case id="3-2683" name="Bad0IndexTest" fullname="SIL.LCModel.DomainImpl.MultiAccessorTests.Bad0IndexTest" methodname="Bad0IndexTest" classname="SIL.LCModel.DomainImpl.MultiAccessorTests" runstate="Runnable" seed="1174300426" result="Passed" start-time="2020-10-05 16:46:18Z" end-time="2020-10-05 16:46:18Z" duration="0.000500" asserts="1" />
            <test-case id="3-2684" name="BadHighIndexTest" fullname="SIL.LCModel.DomainImpl.MultiAccessorTests.BadHighIndexTest" methodname="BadHighIndexTest" classname="SIL.LCModel.DomainImpl.MultiAccessorTests" runstate="Runnable" seed="1977011983" result="Passed" start-time="2020-10-05 16:46:18Z" end-time="2020-10-05 16:46:18Z" duration="0.000336" asserts="1" />
            <test-case id="3-2685" name="CountTest" fullname="SIL.LCModel.DomainImpl.MultiAccessorTests.CountTest" methodname="CountTest" classname="SIL.LCModel.DomainImpl.MultiAccessorTests" runstate="Runnable" seed="1212648191" result="Passed" start-time="2020-10-05 16:46:18Z" end-time="2020-10-05 16:46:18Z" duration="0.000594" asserts="3" />
            <test-case id="3-2681" name="GetStringFromIndexAndget_StringTests" fullname="SIL.LCModel.DomainImpl.MultiAccessorTests.GetStringFromIndexAndget_StringTests" methodname="GetStringFromIndexAndget_StringTests" classname="SIL.LCModel.DomainImpl.MultiAccessorTests" runstate="Runnable" seed="1751163442" result="Passed" start-time="2020-10-05 16:46:18Z" end-time="2020-10-05 16:46:18Z" duration="0.000296" asserts="3" />
            <test-case id="3-2686" name="GoodMultiUnicodeTest" fullname="SIL.LCModel.DomainImpl.MultiAccessorTests.GoodMultiUnicodeTest" methodname="GoodMultiUnicodeTest" classname="SIL.LCModel.DomainImpl.MultiAccessorTests" runstate="Runnable" seed="814318096" result="Passed" start-time="2020-10-05 16:46:18Z" end-time="2020-10-05 16:46:18Z" duration="0.000905" asserts="7" />
            <test-case id="3-2688" name="MergeAlternativesTest" fullname="SIL.LCModel.DomainImpl.MultiAccessorTests.MergeAlternativesTest" methodname="MergeAlternativesTest" classname="SIL.LCModel.DomainImpl.MultiAccessorTests" runstate="Runnable" seed="668975319" result="Passed" start-time="2020-10-05 16:46:18Z" end-time="2020-10-05 16:46:18Z" duration="0.001019" asserts="4" />
            <test-case id="3-2682" name="MissingWsTest" fullname="SIL.LCModel.DomainImpl.MultiAccessorTests.MissingWsTest" methodname="MissingWsTest" classname="SIL.LCModel.DomainImpl.MultiAccessorTests" runstate="Runnable" seed="993746104" result="Passed" start-time="2020-10-05 16:46:18Z" end-time="2020-10-05 16:46:18Z" duration="0.000271" asserts="2" />
            <test-case id="3-2687" name="PlainStringTest" fullname="SIL.LCModel.DomainImpl.MultiAccessorTests.PlainStringTest" methodname="PlainStringTest" classname="SIL.LCModel.DomainImpl.MultiAccessorTests" runstate="Runnable" seed="301725626" result="Passed" start-time="2020-10-05 16:46:18Z" end-time="2020-10-05 16:46:18Z" duration="0.000547" asserts="2" />
            <test-case id="3-2679" name="StringCountTests1" fullname="SIL.LCModel.DomainImpl.MultiAccessorTests.StringCountTests1" methodname="StringCountTests1" classname="SIL.LCModel.DomainImpl.MultiAccessorTests" runstate="Runnable" seed="1821178492" result="Passed" start-time="2020-10-05 16:46:18Z" end-time="2020-10-05 16:46:18Z" duration="0.000149" asserts="1" />
            <test-case id="3-2680" name="StringCountTests2" fullname="SIL.LCModel.DomainImpl.MultiAccessorTests.StringCountTests2" methodname="StringCountTests2" classname="SIL.LCModel.DomainImpl.MultiAccessorTests" runstate="Runnable" seed="860511588" result="Passed" start-time="2020-10-05 16:46:18Z" end-time="2020-10-05 16:46:18Z" duration="0.000167" asserts="1" />
          </test-suite>
          <test-suite type="TestFixture" id="3-2224" name="NotebookTests" fullname="SIL.LCModel.DomainImpl.NotebookTests" classname="SIL.LCModel.DomainImpl.NotebookTests" runstate="Runnable" testcasecount="4" result="Skipped" label="Ignored" site="Child" start-time="2020-10-05 16:46:18Z" end-time="2020-10-05 16:46:18Z" duration="0.084060" total="4" passed="2" failed="0" warnings="0" inconclusive="0" skipped="2" asserts="16">
            <reason>
              <message><![CDATA[One or more child tests were ignored]]></message>
            </reason>
            <test-case id="3-2228" name="DeleteNotebookRecord_NotOwnedText" fullname="SIL.LCModel.DomainImpl.NotebookTests.DeleteNotebookRecord_NotOwnedText" methodname="DeleteNotebookRecord_NotOwnedText" classname="SIL.LCModel.DomainImpl.NotebookTests" runstate="Runnable" seed="57779703" result="Passed" start-time="2020-10-05 16:46:18Z" end-time="2020-10-05 16:46:18Z" duration="0.006024" asserts="4" />
            <test-case id="3-2227" name="MoveToNotebook_DoesNotMoveNotebookText" fullname="SIL.LCModel.DomainImpl.NotebookTests.MoveToNotebook_DoesNotMoveNotebookText" methodname="MoveToNotebook_DoesNotMoveNotebookText" classname="SIL.LCModel.DomainImpl.NotebookTests" runstate="Ignored" seed="1644234375" result="Skipped" label="Ignored" start-time="2020-10-05 16:46:18Z" end-time="2020-10-05 16:46:18Z" duration="0.000007" asserts="0">
              <properties>
                <property name="_SKIPREASON" value="Texts no longer have owners" />
              </properties>
              <reason>
                <message><![CDATA[Texts no longer have owners]]></message>
              </reason>
            </test-case>
            <test-case id="3-2226" name="MoveToNotebook_MovesLangProjText" fullname="SIL.LCModel.DomainImpl.NotebookTests.MoveToNotebook_MovesLangProjText" methodname="MoveToNotebook_MovesLangProjText" classname="SIL.LCModel.DomainImpl.NotebookTests" runstate="Ignored" seed="461087589" result="Skipped" label="Ignored" start-time="2020-10-05 16:46:18Z" end-time="2020-10-05 16:46:18Z" duration="0.000002" asserts="0">
              <properties>
                <property name="_SKIPREASON" value="Texts no longer have owners" />
              </properties>
              <reason>
                <message><![CDATA[Texts no longer have owners]]></message>
              </reason>
            </test-case>
            <test-case id="3-2225" name="SubrecordOfKey" fullname="SIL.LCModel.DomainImpl.NotebookTests.SubrecordOfKey" methodname="SubrecordOfKey" classname="SIL.LCModel.DomainImpl.NotebookTests" runstate="Runnable" seed="1128948136" result="Passed" start-time="2020-10-05 16:46:18Z" end-time="2020-10-05 16:46:18Z" duration="0.010308" asserts="12" />
          </test-suite>
          <test-suite type="TestFixture" id="3-1949" name="PhonologyTests" fullname="SIL.LCModel.DomainImpl.PhonologyTests" classname="SIL.LCModel.DomainImpl.PhonologyTests" runstate="Runnable" testcasecount="1" result="Passed" start-time="2020-10-05 16:46:18Z" end-time="2020-10-05 16:46:18Z" duration="0.069305" total="1" passed="1" failed="0" warnings="0" inconclusive="0" skipped="0" asserts="25">
            <test-case id="3-1950" name="PhonologicalFeatures" fullname="SIL.LCModel.DomainImpl.PhonologyTests.PhonologicalFeatures" methodname="PhonologicalFeatures" classname="SIL.LCModel.DomainImpl.PhonologyTests" runstate="Runnable" seed="114621897" result="Passed" start-time="2020-10-05 16:46:18Z" end-time="2020-10-05 16:46:18Z" duration="0.008568" asserts="25" />
          </test-suite>
          <test-suite type="TestFixture" id="3-2229" name="ReadWriteServicesTests" fullname="SIL.LCModel.DomainImpl.ReadWriteServicesTests" classname="SIL.LCModel.DomainImpl.ReadWriteServicesTests" runstate="Runnable" testcasecount="7" result="Passed" start-time="2020-10-05 16:46:18Z" end-time="2020-10-05 16:46:18Z" duration="0.002493" total="7" passed="7" failed="0" warnings="0" inconclusive="0" skipped="0" asserts="7">
            <test-suite type="ParameterizedMethod" id="3-2237" name="LoadDateTime" fullname="SIL.LCModel.DomainImpl.ReadWriteServicesTests.LoadDateTime" classname="SIL.LCModel.DomainImpl.ReadWriteServicesTests" runstate="Runnable" testcasecount="7" result="Passed" start-time="2020-10-05 16:46:18Z" end-time="2020-10-05 16:46:18Z" duration="0.002256" total="7" passed="7" failed="0" warnings="0" inconclusive="0" skipped="0" asserts="7">
              <test-case id="3-2230" name="LoadDateTime(&quot;2016-7-7 4:2:2&quot;)" fullname="SIL.LCModel.DomainImpl.ReadWriteServicesTests.LoadDateTime(&quot;2016-7-7 4:2:2&quot;)" methodname="LoadDateTime" classname="SIL.LCModel.DomainImpl.ReadWriteServicesTests" runstate="Runnable" seed="131231948" result="Passed" start-time="2020-10-05 16:46:18Z" end-time="2020-10-05 16:46:18Z" duration="0.001187" asserts="1" />
              <test-case id="3-2231" name="LoadDateTime(&quot;2016-7-7 4:2:2.0&quot;)" fullname="SIL.LCModel.DomainImpl.ReadWriteServicesTests.LoadDateTime(&quot;2016-7-7 4:2:2.0&quot;)" methodname="LoadDateTime" classname="SIL.LCModel.DomainImpl.ReadWriteServicesTests" runstate="Runnable" seed="749371590" result="Passed" start-time="2020-10-05 16:46:18Z" end-time="2020-10-05 16:46:18Z" duration="0.000135" asserts="1" />
              <test-case id="3-2232" name="LoadDateTime(&quot;2016-7-7 4:2:2.007&quot;)" fullname="SIL.LCModel.DomainImpl.ReadWriteServicesTests.LoadDateTime(&quot;2016-7-7 4:2:2.007&quot;)" methodname="LoadDateTime" classname="SIL.LCModel.DomainImpl.ReadWriteServicesTests" runstate="Runnable" seed="1822128683" result="Passed" start-time="2020-10-05 16:46:18Z" end-time="2020-10-05 16:46:18Z" duration="0.000091" asserts="1" />
              <test-case id="3-2233" name="LoadDateTime(&quot;2016-07-07 04:02:02.700&quot;)" fullname="SIL.LCModel.DomainImpl.ReadWriteServicesTests.LoadDateTime(&quot;2016-07-07 04:02:02.700&quot;)" methodname="LoadDateTime" classname="SIL.LCModel.DomainImpl.ReadWriteServicesTests" runstate="Runnable" seed="1116956337" result="Passed" start-time="2020-10-05 16:46:18Z" end-time="2020-10-05 16:46:18Z" duration="0.000088" asserts="1" />
              <test-case id="3-2234" name="LoadDateTime(&quot;2016-7-7 4:2:2.700&quot;)" fullname="SIL.LCModel.DomainImpl.ReadWriteServicesTests.LoadDateTime(&quot;2016-7-7 4:2:2.700&quot;)" methodname="LoadDateTime" classname="SIL.LCModel.DomainImpl.ReadWriteServicesTests" runstate="Runnable" seed="1175190082" result="Passed" start-time="2020-10-05 16:46:18Z" end-time="2020-10-05 16:46:18Z" duration="0.000084" asserts="1" />
              <test-case id="3-2235" name="LoadDateTime(&quot;2016-7-7 4:2:2.70&quot;)" fullname="SIL.LCModel.DomainImpl.ReadWriteServicesTests.LoadDateTime(&quot;2016-7-7 4:2:2.70&quot;)" methodname="LoadDateTime" classname="SIL.LCModel.DomainImpl.ReadWriteServicesTests" runstate="Runnable" seed="1813717569" result="Passed" start-time="2020-10-05 16:46:18Z" end-time="2020-10-05 16:46:18Z" duration="0.000133" asserts="1" />
              <test-case id="3-2236" name="LoadDateTime(&quot;2016-7-7 4:2:2.7&quot;)" fullname="SIL.LCModel.DomainImpl.ReadWriteServicesTests.LoadDateTime(&quot;2016-7-7 4:2:2.7&quot;)" methodname="LoadDateTime" classname="SIL.LCModel.DomainImpl.ReadWriteServicesTests" runstate="Runnable" seed="1667787684" result="Passed" start-time="2020-10-05 16:46:18Z" end-time="2020-10-05 16:46:18Z" duration="0.000085" asserts="1" />
            </test-suite>
          </test-suite>
          <test-suite type="TestFixture" id="3-2238" name="ReversalIndexTests" fullname="SIL.LCModel.DomainImpl.ReversalIndexTests" classname="SIL.LCModel.DomainImpl.ReversalIndexTests" runstate="Runnable" testcasecount="2" result="Passed" start-time="2020-10-05 16:46:18Z" end-time="2020-10-05 16:46:18Z" duration="0.086004" total="2" passed="2" failed="0" warnings="0" inconclusive="0" skipped="0" asserts="32">
            <test-case id="3-2239" name="FindOrCreateReversalEntry" fullname="SIL.LCModel.DomainImpl.ReversalIndexTests.FindOrCreateReversalEntry" methodname="FindOrCreateReversalEntry" classname="SIL.LCModel.DomainImpl.ReversalIndexTests" runstate="Runnable" seed="1995139177" result="Passed" start-time="2020-10-05 16:46:18Z" end-time="2020-10-05 16:46:18Z" duration="0.010889" asserts="18" />
            <test-case id="3-2240" name="ReversalEntriesBulkText" fullname="SIL.LCModel.DomainImpl.ReversalIndexTests.ReversalEntriesBulkText" methodname="ReversalEntriesBulkText" classname="SIL.LCModel.DomainImpl.ReversalIndexTests" runstate="Runnable" seed="933950047" result="Passed" start-time="2020-10-05 16:46:18Z" end-time="2020-10-05 16:46:18Z" duration="0.014301" asserts="14" />
          </test-suite>
          <test-suite type="TestFixture" id="3-2241" name="ScrBookTests" fullname="SIL.LCModel.DomainImpl.ScrBookTests" classname="SIL.LCModel.DomainImpl.ScrBookTests" runstate="Runnable" testcasecount="37" result="Passed" start-time="2020-10-05 16:46:18Z" end-time="2020-10-05 16:46:18Z" duration="0.139347" total="37" passed="37" failed="0" warnings="0" inconclusive="0" skipped="0" asserts="115">
            <test-case id="3-2276" name="BackTransWs_NoBTs" fullname="SIL.LCModel.DomainImpl.ScrBookTests.BackTransWs_NoBTs" methodname="BackTransWs_NoBTs" classname="SIL.LCModel.DomainImpl.ScrBookTests" runstate="Runnable" seed="1644315464" result="Passed" start-time="2020-10-05 16:46:18Z" end-time="2020-10-05 16:46:18Z" duration="0.003644" asserts="1" />
            <test-case id="3-2277" name="BackTransWs_OneBT" fullname="SIL.LCModel.DomainImpl.ScrBookTests.BackTransWs_OneBT" methodname="BackTransWs_OneBT" classname="SIL.LCModel.DomainImpl.ScrBookTests" runstate="Runnable" seed="1789520483" result="Passed" start-time="2020-10-05 16:46:18Z" end-time="2020-10-05 16:46:18Z" duration="0.003709" asserts="3" />
            <test-case id="3-2278" name="BackTransWs_ThreeBTs" fullname="SIL.LCModel.DomainImpl.ScrBookTests.BackTransWs_ThreeBTs" methodname="BackTransWs_ThreeBTs" classname="SIL.LCModel.DomainImpl.ScrBookTests" runstate="Runnable" seed="326942399" result="Passed" start-time="2020-10-05 16:46:18Z" end-time="2020-10-05 16:46:18Z" duration="0.002035" asserts="5" />
            <test-case id="3-2243" name="BestUIName" fullname="SIL.LCModel.DomainImpl.ScrBookTests.BestUIName" methodname="BestUIName" classname="SIL.LCModel.DomainImpl.ScrBookTests" runstate="Runnable" seed="40378294" result="Passed" start-time="2020-10-05 16:46:18Z" end-time="2020-10-05 16:46:18Z" duration="0.001151" asserts="1" />
            <test-case id="3-2242" name="Create" fullname="SIL.LCModel.DomainImpl.ScrBookTests.Create" methodname="Create" classname="SIL.LCModel.DomainImpl.ScrBookTests" runstate="Runnable" seed="1180063692" result="Passed" start-time="2020-10-05 16:46:18Z" end-time="2020-10-05 16:46:18Z" duration="0.001233" asserts="18" />
            <test-case id="3-2259" name="DetermineOverwritability_DataLoss_MissingSectionBefore" fullname="SIL.LCModel.DomainImpl.ScrBookTests.DetermineOverwritability_DataLoss_MissingSectionBefore" methodname="DetermineOverwritability_DataLoss_MissingSectionBefore" classname="SIL.LCModel.DomainImpl.ScrBookTests" runstate="Runnable" seed="861170631" result="Passed" start-time="2020-10-05 16:46:18Z" end-time="2020-10-05 16:46:18Z" duration="0.005550" asserts="3" />
            <test-case id="3-2260" name="DetermineOverwritability_DataLoss_MultipleHolesBefore" fullname="SIL.LCModel.DomainImpl.ScrBookTests.DetermineOverwritability_DataLoss_MultipleHolesBefore" methodname="DetermineOverwritability_DataLoss_MultipleHolesBefore" classname="SIL.LCModel.DomainImpl.ScrBookTests" runstate="Runnable" seed="306293715" result="Passed" start-time="2020-10-05 16:46:18Z" end-time="2020-10-05 16:46:18Z" duration="0.002121" asserts="3" />
            <test-case id="3-2262" name="DetermineOverwritability_DataLoss_NastyMismatchedHoles" fullname="SIL.LCModel.DomainImpl.ScrBookTests.DetermineOverwritability_DataLoss_NastyMismatchedHoles" methodname="DetermineOverwritability_DataLoss_NastyMismatchedHoles" classname="SIL.LCModel.DomainImpl.ScrBookTests" runstate="Runnable" seed="700335199" result="Passed" start-time="2020-10-05 16:46:18Z" end-time="2020-10-05 16:46:18Z" duration="0.004659" asserts="3" />
            <test-case id="3-2257" name="DetermineOverwritability_DataLoss_OneVerseAddedToEnd" fullname="SIL.LCModel.DomainImpl.ScrBookTests.DetermineOverwritability_DataLoss_OneVerseAddedToEnd" methodname="DetermineOverwritability_DataLoss_OneVerseAddedToEnd" classname="SIL.LCModel.DomainImpl.ScrBookTests" runstate="Runnable" seed="1034962703" result="Passed" start-time="2020-10-05 16:46:18Z" end-time="2020-10-05 16:46:18Z" duration="0.000969" asserts="3" />
            <test-case id="3-2258" name="DetermineOverwritability_DataLoss_OneVerseAddedToStart" fullname="SIL.LCModel.DomainImpl.ScrBookTests.DetermineOverwritability_DataLoss_OneVerseAddedToStart" methodname="DetermineOverwritability_DataLoss_OneVerseAddedToStart" classname="SIL.LCModel.DomainImpl.ScrBookTests" runstate="Runnable" seed="902086731" result="Passed" start-time="2020-10-05 16:46:18Z" end-time="2020-10-05 16:46:18Z" duration="0.000868" asserts="3" />
            <test-case id="3-2255" name="DetermineOverwritability_DataLoss_SavedEndsBeforeCurrent" fullname="SIL.LCModel.DomainImpl.ScrBookTests.DetermineOverwritability_DataLoss_SavedEndsBeforeCurrent" methodname="DetermineOverwritability_DataLoss_SavedEndsBeforeCurrent" classname="SIL.LCModel.DomainImpl.ScrBookTests" runstate="Runnable" seed="242191222" result="Passed" start-time="2020-10-05 16:46:18Z" end-time="2020-10-05 16:46:18Z" duration="0.001107" asserts="3" />
            <test-case id="3-2261" name="DetermineOverwritability_DataLoss_SavedHasHoles" fullname="SIL.LCModel.DomainImpl.ScrBookTests.DetermineOverwritability_DataLoss_SavedHasHoles" methodname="DetermineOverwritability_DataLoss_SavedHasHoles" classname="SIL.LCModel.DomainImpl.ScrBookTests" runstate="Runnable" seed="2104747980" result="Passed" start-time="2020-10-05 16:46:18Z" end-time="2020-10-05 16:46:18Z" duration="0.001802" asserts="3" />
            <test-case id="3-2254" name="DetermineOverwritability_DataLoss_SavedStartsAfterCurrent" fullname="SIL.LCModel.DomainImpl.ScrBookTests.DetermineOverwritability_DataLoss_SavedStartsAfterCurrent" methodname="DetermineOverwritability_DataLoss_SavedStartsAfterCurrent" classname="SIL.LCModel.DomainImpl.ScrBookTests" runstate="Runnable" seed="1329455657" result="Passed" start-time="2020-10-05 16:46:18Z" end-time="2020-10-05 16:46:18Z" duration="0.000867" asserts="3" />
            <test-case id="3-2256" name="DetermineOverwritability_DataLoss_SavedSubsetOfCurrent" fullname="SIL.LCModel.DomainImpl.ScrBookTests.DetermineOverwritability_DataLoss_SavedSubsetOfCurrent" methodname="DetermineOverwritability_DataLoss_SavedSubsetOfCurrent" classname="SIL.LCModel.DomainImpl.ScrBookTests" runstate="Runnable" seed="315069919" result="Passed" start-time="2020-10-05 16:46:18Z" end-time="2020-10-05 16:46:18Z" duration="0.000865" asserts="3" />
            <test-case id="3-2263" name="DetermineOverwritability_DataLoss_SectionContainsOutOfOrderVerses" fullname="SIL.LCModel.DomainImpl.ScrBookTests.DetermineOverwritability_DataLoss_SectionContainsOutOfOrderVerses" methodname="DetermineOverwritability_DataLoss_SectionContainsOutOfOrderVerses" classname="SIL.LCModel.DomainImpl.ScrBookTests" runstate="Runnable" seed="474479014" result="Passed" start-time="2020-10-05 16:46:18Z" end-time="2020-10-05 16:46:18Z" duration="0.001775" asserts="2" />
            <test-case id="3-2252" name="DetermineOverwritability_FullNoDataLoss_CurrentHasNoScripture" fullname="SIL.LCModel.DomainImpl.ScrBookTests.DetermineOverwritability_FullNoDataLoss_CurrentHasNoScripture" methodname="DetermineOverwritability_FullNoDataLoss_CurrentHasNoScripture" classname="SIL.LCModel.DomainImpl.ScrBookTests" runstate="Runnable" seed="1086733088" result="Passed" start-time="2020-10-05 16:46:18Z" end-time="2020-10-05 16:46:18Z" duration="0.001125" asserts="3" />
            <test-case id="3-2251" name="DetermineOverwritability_FullNoDataLoss_IdenticalHoleAtEndOfChapter" fullname="SIL.LCModel.DomainImpl.ScrBookTests.DetermineOverwritability_FullNoDataLoss_IdenticalHoleAtEndOfChapter" methodname="DetermineOverwritability_FullNoDataLoss_IdenticalHoleAtEndOfChapter" classname="SIL.LCModel.DomainImpl.ScrBookTests" runstate="Runnable" seed="693404505" result="Passed" start-time="2020-10-05 16:46:18Z" end-time="2020-10-05 16:46:18Z" duration="0.001193" asserts="2" />
            <test-case id="3-2250" name="DetermineOverwritability_FullNoDataLoss_MatchingHoles" fullname="SIL.LCModel.DomainImpl.ScrBookTests.DetermineOverwritability_FullNoDataLoss_MatchingHoles" methodname="DetermineOverwritability_FullNoDataLoss_MatchingHoles" classname="SIL.LCModel.DomainImpl.ScrBookTests" runstate="Runnable" seed="196391087" result="Passed" start-time="2020-10-05 16:46:18Z" end-time="2020-10-05 16:46:18Z" duration="0.002547" asserts="2" />
            <test-case id="3-2249" name="DetermineOverwritability_FullNoDataLoss_MatchingScrSectionsButOnlySavedHasIntroSection" fullname="SIL.LCModel.DomainImpl.ScrBookTests.DetermineOverwritability_FullNoDataLoss_MatchingScrSectionsButOnlySavedHasIntroSection" methodname="DetermineOverwritability_FullNoDataLoss_MatchingScrSectionsButOnlySavedHasIntroSection" classname="SIL.LCModel.DomainImpl.ScrBookTests" runstate="Runnable" seed="751153540" result="Passed" start-time="2020-10-05 16:46:18Z" end-time="2020-10-05 16:46:18Z" duration="0.002230" asserts="2" />
            <test-case id="3-2248" name="DetermineOverwritability_FullNoDataLoss_SavedAndCurrentHaveOnlyIntroSections" fullname="SIL.LCModel.DomainImpl.ScrBookTests.DetermineOverwritability_FullNoDataLoss_SavedAndCurrentHaveOnlyIntroSections" methodname="DetermineOverwritability_FullNoDataLoss_SavedAndCurrentHaveOnlyIntroSections" classname="SIL.LCModel.DomainImpl.ScrBookTests" runstate="Runnable" seed="1739952321" result="Passed" start-time="2020-10-05 16:46:18Z" end-time="2020-10-05 16:46:18Z" duration="0.001314" asserts="2" />
            <test-case id="3-2246" name="DetermineOverwritability_FullNoDataLoss_SavedIsSupersetOfCurrent_SingleSection_MatchingEnd" fullname="SIL.LCModel.DomainImpl.ScrBookTests.DetermineOverwritability_FullNoDataLoss_SavedIsSupersetOfCurrent_SingleSection_MatchingEnd" methodname="DetermineOverwritability_FullNoDataLoss_SavedIsSupersetOfCurrent_SingleSection_MatchingEnd" classname="SIL.LCModel.DomainImpl.ScrBookTests" runstate="Runnable" seed="315935214" result="Passed" start-time="2020-10-05 16:46:18Z" end-time="2020-10-05 16:46:18Z" duration="0.001049" asserts="2" />
            <test-case id="3-2245" name="DetermineOverwritability_FullNoDataLoss_SavedIsSupersetOfCurrent_SingleSection_MatchingStart" fullname="SIL.LCModel.DomainImpl.ScrBookTests.DetermineOverwritability_FullNoDataLoss_SavedIsSupersetOfCurrent_SingleSection_MatchingStart" methodname="DetermineOverwritability_FullNoDataLoss_SavedIsSupersetOfCurrent_SingleSection_MatchingStart" classname="SIL.LCModel.DomainImpl.ScrBookTests" runstate="Runnable" seed="273806373" result="Passed" start-time="2020-10-05 16:46:18Z" end-time="2020-10-05 16:46:18Z" duration="0.001135" asserts="2" />
            <test-case id="3-2247" name="DetermineOverwritability_FullNoDataLoss_SavedIsSupersetOfCurrent_SingleSection_StartAndEndDifferent" fullname="SIL.LCModel.DomainImpl.ScrBookTests.DetermineOverwritability_FullNoDataLoss_SavedIsSupersetOfCurrent_SingleSection_StartAndEndDifferent" methodname="DetermineOverwritability_FullNoDataLoss_SavedIsSupersetOfCurrent_SingleSection_StartAndEndDifferent" classname="SIL.LCModel.DomainImpl.ScrBookTests" runstate="Runnable" seed="258510532" result="Passed" start-time="2020-10-05 16:46:18Z" end-time="2020-10-05 16:46:18Z" duration="0.001944" asserts="2" />
            <test-case id="3-2253" name="DetermineOverwritability_FullNoDataLoss_SectionContainsOutOfOrderVerses" fullname="SIL.LCModel.DomainImpl.ScrBookTests.DetermineOverwritability_FullNoDataLoss_SectionContainsOutOfOrderVerses" methodname="DetermineOverwritability_FullNoDataLoss_SectionContainsOutOfOrderVerses" classname="SIL.LCModel.DomainImpl.ScrBookTests" runstate="Runnable" seed="362811249" result="Passed" start-time="2020-10-05 16:46:18Z" end-time="2020-10-05 16:46:18Z" duration="0.001159" asserts="2" />
            <test-case id="3-2264" name="DetermineOverwritability_Partial_MatchingScrSections_SavedHasNoIntro" fullname="SIL.LCModel.DomainImpl.ScrBookTests.DetermineOverwritability_Partial_MatchingScrSections_SavedHasNoIntro" methodname="DetermineOverwritability_Partial_MatchingScrSections_SavedHasNoIntro" classname="SIL.LCModel.DomainImpl.ScrBookTests" runstate="Runnable" seed="650206619" result="Passed" start-time="2020-10-05 16:46:18Z" end-time="2020-10-05 16:46:18Z" duration="0.001246" asserts="3" />
            <test-case id="3-2265" name="DetermineOverwritability_Partial_SavedHasHoles_ExactlyCoveredByCurrent" fullname="SIL.LCModel.DomainImpl.ScrBookTests.DetermineOverwritability_Partial_SavedHasHoles_ExactlyCoveredByCurrent" methodname="DetermineOverwritability_Partial_SavedHasHoles_ExactlyCoveredByCurrent" classname="SIL.LCModel.DomainImpl.ScrBookTests" runstate="Runnable" seed="369804015" result="Passed" start-time="2020-10-05 16:46:18Z" end-time="2020-10-05 16:46:18Z" duration="0.001381" asserts="4" />
            <test-case id="3-2266" name="DetermineOverwritability_Partial_SavedHasHoles_PartiallyCoveredByCurrent" fullname="SIL.LCModel.DomainImpl.ScrBookTests.DetermineOverwritability_Partial_SavedHasHoles_PartiallyCoveredByCurrent" methodname="DetermineOverwritability_Partial_SavedHasHoles_PartiallyCoveredByCurrent" classname="SIL.LCModel.DomainImpl.ScrBookTests" runstate="Runnable" seed="950228603" result="Passed" start-time="2020-10-05 16:46:18Z" end-time="2020-10-05 16:46:18Z" duration="0.001618" asserts="4" />
            <test-case id="3-2267" name="DetermineOverwritability_Partial_SavedHasHolesAndExtendsBeyondCurrent" fullname="SIL.LCModel.DomainImpl.ScrBookTests.DetermineOverwritability_Partial_SavedHasHolesAndExtendsBeyondCurrent" methodname="DetermineOverwritability_Partial_SavedHasHolesAndExtendsBeyondCurrent" classname="SIL.LCModel.DomainImpl.ScrBookTests" runstate="Runnable" seed="391437481" result="Passed" start-time="2020-10-05 16:46:18Z" end-time="2020-10-05 16:46:18Z" duration="0.001718" asserts="2" />
            <test-case id="3-2268" name="DetermineOverwritability_Partial_SavedHasNoScripture" fullname="SIL.LCModel.DomainImpl.ScrBookTests.DetermineOverwritability_Partial_SavedHasNoScripture" methodname="DetermineOverwritability_Partial_SavedHasNoScripture" classname="SIL.LCModel.DomainImpl.ScrBookTests" runstate="Runnable" seed="843335568" result="Passed" start-time="2020-10-05 16:46:18Z" end-time="2020-10-05 16:46:18Z" duration="0.001561" asserts="4" />
            <test-case id="3-2272" name="FindMissingBt_CurrentSubset" fullname="SIL.LCModel.DomainImpl.ScrBookTests.FindMissingBt_CurrentSubset" methodname="FindMissingBt_CurrentSubset" classname="SIL.LCModel.DomainImpl.ScrBookTests" runstate="Runnable" seed="532404161" result="Passed" start-time="2020-10-05 16:46:18Z" end-time="2020-10-05 16:46:18Z" duration="0.001046" asserts="1" />
            <test-case id="3-2269" name="FindMissingBt_NoWs" fullname="SIL.LCModel.DomainImpl.ScrBookTests.FindMissingBt_NoWs" methodname="FindMissingBt_NoWs" classname="SIL.LCModel.DomainImpl.ScrBookTests" runstate="Runnable" seed="751372481" result="Passed" start-time="2020-10-05 16:46:18Z" end-time="2020-10-05 16:46:18Z" duration="0.000676" asserts="1" />
            <test-case id="3-2271" name="FindMissingBt_VersionSubset" fullname="SIL.LCModel.DomainImpl.ScrBookTests.FindMissingBt_VersionSubset" methodname="FindMissingBt_VersionSubset" classname="SIL.LCModel.DomainImpl.ScrBookTests" runstate="Runnable" seed="900125625" result="Passed" start-time="2020-10-05 16:46:18Z" end-time="2020-10-05 16:46:18Z" duration="0.000449" asserts="4" />
            <test-case id="3-2270" name="FindMissingBt_WsSame" fullname="SIL.LCModel.DomainImpl.ScrBookTests.FindMissingBt_WsSame" methodname="FindMissingBt_WsSame" classname="SIL.LCModel.DomainImpl.ScrBookTests" runstate="Runnable" seed="2129826117" result="Passed" start-time="2020-10-05 16:46:18Z" end-time="2020-10-05 16:46:18Z" duration="0.000315" asserts="1" />
            <test-case id="3-2244" name="InitTitlePara" fullname="SIL.LCModel.DomainImpl.ScrBookTests.InitTitlePara" methodname="InitTitlePara" classname="SIL.LCModel.DomainImpl.ScrBookTests" runstate="Runnable" seed="1713955647" result="Passed" start-time="2020-10-05 16:46:18Z" end-time="2020-10-05 16:46:18Z" duration="0.002227" asserts="5" />
            <test-case id="3-2273" name="RemoveSections_All" fullname="SIL.LCModel.DomainImpl.ScrBookTests.RemoveSections_All" methodname="RemoveSections_All" classname="SIL.LCModel.DomainImpl.ScrBookTests" runstate="Runnable" seed="1050945724" result="Passed" start-time="2020-10-05 16:46:18Z" end-time="2020-10-05 16:46:18Z" duration="0.013188" asserts="2" />
            <test-case id="3-2275" name="RemoveSections_AtEnd" fullname="SIL.LCModel.DomainImpl.ScrBookTests.RemoveSections_AtEnd" methodname="RemoveSections_AtEnd" classname="SIL.LCModel.DomainImpl.ScrBookTests" runstate="Runnable" seed="642115852" result="Passed" start-time="2020-10-05 16:46:18Z" end-time="2020-10-05 16:46:18Z" duration="0.002333" asserts="4" />
            <test-case id="3-2274" name="RemoveSections_AtStart" fullname="SIL.LCModel.DomainImpl.ScrBookTests.RemoveSections_AtStart" methodname="RemoveSections_AtStart" classname="SIL.LCModel.DomainImpl.ScrBookTests" runstate="Runnable" seed="875279402" result="Passed" start-time="2020-10-05 16:46:18Z" end-time="2020-10-05 16:46:18Z" duration="0.003226" asserts="4" />
          </test-suite>
          <test-suite type="TestFixture" id="3-2279" name="ScrBookTestsWithData" fullname="SIL.LCModel.DomainImpl.ScrBookTestsWithData" classname="SIL.LCModel.DomainImpl.ScrBookTestsWithData" runstate="Runnable" testcasecount="12" result="Passed" start-time="2020-10-05 16:46:18Z" end-time="2020-10-05 16:46:18Z" duration="0.133953" total="12" passed="12" failed="0" warnings="0" inconclusive="0" skipped="0" asserts="50">
            <test-case id="3-2285" name="MergeSectionContentIntoPreviousSectionContent" fullname="SIL.LCModel.DomainImpl.ScrBookTestsWithData.MergeSectionContentIntoPreviousSectionContent" methodname="MergeSectionContentIntoPreviousSectionContent" classname="SIL.LCModel.DomainImpl.ScrBookTestsWithData" runstate="Runnable" seed="1458878425" result="Passed" start-time="2020-10-05 16:46:18Z" end-time="2020-10-05 16:46:18Z" duration="0.006967" asserts="5" />
            <test-case id="3-2286" name="MergeSectionContentIntoPreviousSectionContent_NoPreviousSection" fullname="SIL.LCModel.DomainImpl.ScrBookTestsWithData.MergeSectionContentIntoPreviousSectionContent_NoPreviousSection" methodname="MergeSectionContentIntoPreviousSectionContent_NoPreviousSection" classname="SIL.LCModel.DomainImpl.ScrBookTestsWithData" runstate="Runnable" seed="1075753625" result="Passed" start-time="2020-10-05 16:46:18Z" end-time="2020-10-05 16:46:18Z" duration="0.005900" asserts="1" />
            <test-case id="3-2287" name="MergeSectionIntoNextSectionHeading" fullname="SIL.LCModel.DomainImpl.ScrBookTestsWithData.MergeSectionIntoNextSectionHeading" methodname="MergeSectionIntoNextSectionHeading" classname="SIL.LCModel.DomainImpl.ScrBookTestsWithData" runstate="Runnable" seed="1760815262" result="Passed" start-time="2020-10-05 16:46:18Z" end-time="2020-10-05 16:46:18Z" duration="0.005619" asserts="6" />
            <test-case id="3-2288" name="MergeSectionIntoNextSectionHeading_NoNextSection" fullname="SIL.LCModel.DomainImpl.ScrBookTestsWithData.MergeSectionIntoNextSectionHeading_NoNextSection" methodname="MergeSectionIntoNextSectionHeading_NoNextSection" classname="SIL.LCModel.DomainImpl.ScrBookTestsWithData" runstate="Runnable" seed="666652563" result="Passed" start-time="2020-10-05 16:46:18Z" end-time="2020-10-05 16:46:18Z" duration="0.004266" asserts="1" />
            <test-case id="3-2280" name="MergeSectionIntoPreviousSectionContent" fullname="SIL.LCModel.DomainImpl.ScrBookTestsWithData.MergeSectionIntoPreviousSectionContent" methodname="MergeSectionIntoPreviousSectionContent" classname="SIL.LCModel.DomainImpl.ScrBookTestsWithData" runstate="Runnable" seed="673524311" result="Passed" start-time="2020-10-05 16:46:18Z" end-time="2020-10-05 16:46:18Z" duration="0.006528" asserts="7" />
            <test-case id="3-2281" name="MergeSectionIntoPreviousSectionContent_NoPreviousSection" fullname="SIL.LCModel.DomainImpl.ScrBookTestsWithData.MergeSectionIntoPreviousSectionContent_NoPreviousSection" methodname="MergeSectionIntoPreviousSectionContent_NoPreviousSection" classname="SIL.LCModel.DomainImpl.ScrBookTestsWithData" runstate="Runnable" seed="1508558264" result="Passed" start-time="2020-10-05 16:46:18Z" end-time="2020-10-05 16:46:18Z" duration="0.003853" asserts="1" />
            <test-case id="3-2291" name="MoveContentParasToNextSectionHeading_AllParas" fullname="SIL.LCModel.DomainImpl.ScrBookTestsWithData.MoveContentParasToNextSectionHeading_AllParas" methodname="MoveContentParasToNextSectionHeading_AllParas" classname="SIL.LCModel.DomainImpl.ScrBookTestsWithData" runstate="Runnable" seed="1029142733" result="Passed" start-time="2020-10-05 16:46:18Z" end-time="2020-10-05 16:46:18Z" duration="0.005488" asserts="1" />
            <test-case id="3-2289" name="MoveContentParasToNextSectionHeading_LastPara" fullname="SIL.LCModel.DomainImpl.ScrBookTestsWithData.MoveContentParasToNextSectionHeading_LastPara" methodname="MoveContentParasToNextSectionHeading_LastPara" classname="SIL.LCModel.DomainImpl.ScrBookTestsWithData" runstate="Runnable" seed="1899901180" result="Passed" start-time="2020-10-05 16:46:18Z" end-time="2020-10-05 16:46:18Z" duration="0.005761" asserts="6" />
            <test-case id="3-2290" name="MoveContentParasToNextSectionHeading_LastSection" fullname="SIL.LCModel.DomainImpl.ScrBookTestsWithData.MoveContentParasToNextSectionHeading_LastSection" methodname="MoveContentParasToNextSectionHeading_LastSection" classname="SIL.LCModel.DomainImpl.ScrBookTestsWithData" runstate="Runnable" seed="2132778772" result="Passed" start-time="2020-10-05 16:46:18Z" end-time="2020-10-05 16:46:18Z" duration="0.005418" asserts="1" />
            <test-case id="3-2284" name="MoveHeadingParasToPreviousSectionContent_AllParas" fullname="SIL.LCModel.DomainImpl.ScrBookTestsWithData.MoveHeadingParasToPreviousSectionContent_AllParas" methodname="MoveHeadingParasToPreviousSectionContent_AllParas" classname="SIL.LCModel.DomainImpl.ScrBookTestsWithData" runstate="Runnable" seed="1396995400" result="Passed" start-time="2020-10-05 16:46:18Z" end-time="2020-10-05 16:46:18Z" duration="0.005086" asserts="3" />
            <test-case id="3-2282" name="MoveHeadingParasToPreviousSectionContent_FirstPara" fullname="SIL.LCModel.DomainImpl.ScrBookTestsWithData.MoveHeadingParasToPreviousSectionContent_FirstPara" methodname="MoveHeadingParasToPreviousSectionContent_FirstPara" classname="SIL.LCModel.DomainImpl.ScrBookTestsWithData" runstate="Runnable" seed="2051732090" result="Passed" start-time="2020-10-05 16:46:18Z" end-time="2020-10-05 16:46:18Z" duration="0.008370" asserts="9" />
            <test-case id="3-2283" name="MoveHeadingParasToPreviousSectionContent_TwoParas" fullname="SIL.LCModel.DomainImpl.ScrBookTestsWithData.MoveHeadingParasToPreviousSectionContent_TwoParas" methodname="MoveHeadingParasToPreviousSectionContent_TwoParas" classname="SIL.LCModel.DomainImpl.ScrBookTestsWithData" runstate="Runnable" seed="1309676540" result="Passed" start-time="2020-10-05 16:46:18Z" end-time="2020-10-05 16:46:18Z" duration="0.006094" asserts="9" />
          </test-suite>
          <test-suite type="TestFixture" id="3-2292" name="ScrFootnoteTests" fullname="SIL.LCModel.DomainImpl.ScrFootnoteTests" classname="SIL.LCModel.DomainImpl.ScrFootnoteTests" runstate="Runnable" testcasecount="54" result="Passed" start-time="2020-10-05 16:46:18Z" end-time="2020-10-05 16:46:19Z" duration="0.371337" total="54" passed="54" failed="0" warnings="0" inconclusive="0" skipped="0" asserts="179">
            <test-case id="3-2343" name="FindCurrentFootnote_AfterMarker" fullname="SIL.LCModel.DomainImpl.ScrFootnoteTests.FindCurrentFootnote_AfterMarker" methodname="FindCurrentFootnote_AfterMarker" classname="SIL.LCModel.DomainImpl.ScrFootnoteTests" runstate="Runnable" seed="858459687" result="Passed" start-time="2020-10-05 16:46:18Z" end-time="2020-10-05 16:46:19Z" duration="0.007857" asserts="1" />
            <test-case id="3-2342" name="FindCurrentFootnote_BeforeMarker" fullname="SIL.LCModel.DomainImpl.ScrFootnoteTests.FindCurrentFootnote_BeforeMarker" methodname="FindCurrentFootnote_BeforeMarker" classname="SIL.LCModel.DomainImpl.ScrFootnoteTests" runstate="Runnable" seed="570796306" result="Passed" start-time="2020-10-05 16:46:19Z" end-time="2020-10-05 16:46:19Z" duration="0.004926" asserts="1" />
            <test-case id="3-2344" name="FindCurrentFootnote_NotOnMarker" fullname="SIL.LCModel.DomainImpl.ScrFootnoteTests.FindCurrentFootnote_NotOnMarker" methodname="FindCurrentFootnote_NotOnMarker" classname="SIL.LCModel.DomainImpl.ScrFootnoteTests" runstate="Runnable" seed="2015524299" result="Passed" start-time="2020-10-05 16:46:19Z" end-time="2020-10-05 16:46:19Z" duration="0.003758" asserts="1" />
            <test-case id="3-2295" name="FindNextFootnote_IPAfterOnlyFootnoteInTitle" fullname="SIL.LCModel.DomainImpl.ScrFootnoteTests.FindNextFootnote_IPAfterOnlyFootnoteInTitle" methodname="FindNextFootnote_IPAfterOnlyFootnoteInTitle" classname="SIL.LCModel.DomainImpl.ScrFootnoteTests" runstate="Runnable" seed="46786989" result="Passed" start-time="2020-10-05 16:46:19Z" end-time="2020-10-05 16:46:19Z" duration="0.006565" asserts="6" />
            <test-case id="3-2311" name="FindNextFootnote_IPBeginningOfContentFootnoteBeginOfNextPara" fullname="SIL.LCModel.DomainImpl.ScrFootnoteTests.FindNextFootnote_IPBeginningOfContentFootnoteBeginOfNextPara" methodname="FindNextFootnote_IPBeginningOfContentFootnoteBeginOfNextPara" classname="SIL.LCModel.DomainImpl.ScrFootnoteTests" runstate="Runnable" seed="2013209174" result="Passed" start-time="2020-10-05 16:46:19Z" end-time="2020-10-05 16:46:19Z" duration="0.004121" asserts="6" />
            <test-case id="3-2310" name="FindNextFootnote_IPBeginningOfContentFootnoteInContentOfNextSection" fullname="SIL.LCModel.DomainImpl.ScrFootnoteTests.FindNextFootnote_IPBeginningOfContentFootnoteInContentOfNextSection" methodname="FindNextFootnote_IPBeginningOfContentFootnoteInContentOfNextSection" classname="SIL.LCModel.DomainImpl.ScrFootnoteTests" runstate="Runnable" seed="1529094913" result="Passed" start-time="2020-10-05 16:46:19Z" end-time="2020-10-05 16:46:19Z" duration="0.005595" asserts="6" />
            <test-case id="3-2309" name="FindNextFootnote_IPBeginningOfContentFootnoteInNextHeading" fullname="SIL.LCModel.DomainImpl.ScrFootnoteTests.FindNextFootnote_IPBeginningOfContentFootnoteInNextHeading" methodname="FindNextFootnote_IPBeginningOfContentFootnoteInNextHeading" classname="SIL.LCModel.DomainImpl.ScrFootnoteTests" runstate="Runnable" seed="959039033" result="Passed" start-time="2020-10-05 16:46:19Z" end-time="2020-10-05 16:46:19Z" duration="0.005217" asserts="6" />
            <test-case id="3-2308" name="FindNextFootnote_IPBeginningOfContentFootnoteInNextPara" fullname="SIL.LCModel.DomainImpl.ScrFootnoteTests.FindNextFootnote_IPBeginningOfContentFootnoteInNextPara" methodname="FindNextFootnote_IPBeginningOfContentFootnoteInNextPara" classname="SIL.LCModel.DomainImpl.ScrFootnoteTests" runstate="Runnable" seed="1259049855" result="Passed" start-time="2020-10-05 16:46:19Z" end-time="2020-10-05 16:46:19Z" duration="0.005230" asserts="6" />
            <test-case id="3-2307" name="FindNextFootnote_IPBeginningOfContentFootnoteInSamePara" fullname="SIL.LCModel.DomainImpl.ScrFootnoteTests.FindNextFootnote_IPBeginningOfContentFootnoteInSamePara" methodname="FindNextFootnote_IPBeginningOfContentFootnoteInSamePara" classname="SIL.LCModel.DomainImpl.ScrFootnoteTests" runstate="Runnable" seed="1851393370" result="Passed" start-time="2020-10-05 16:46:19Z" end-time="2020-10-05 16:46:19Z" duration="0.003948" asserts="6" />
            <test-case id="3-2306" name="FindNextFootnote_IPBeginningOfHeadingFootnoteInContentOfNextSection" fullname="SIL.LCModel.DomainImpl.ScrFootnoteTests.FindNextFootnote_IPBeginningOfHeadingFootnoteInContentOfNextSection" methodname="FindNextFootnote_IPBeginningOfHeadingFootnoteInContentOfNextSection" classname="SIL.LCModel.DomainImpl.ScrFootnoteTests" runstate="Runnable" seed="506713463" result="Passed" start-time="2020-10-05 16:46:19Z" end-time="2020-10-05 16:46:19Z" duration="0.006748" asserts="6" />
            <test-case id="3-2303" name="FindNextFootnote_IPBeginningOfHeadingFootnoteInContents" fullname="SIL.LCModel.DomainImpl.ScrFootnoteTests.FindNextFootnote_IPBeginningOfHeadingFootnoteInContents" methodname="FindNextFootnote_IPBeginningOfHeadingFootnoteInContents" classname="SIL.LCModel.DomainImpl.ScrFootnoteTests" runstate="Runnable" seed="1927448213" result="Passed" start-time="2020-10-05 16:46:19Z" end-time="2020-10-05 16:46:19Z" duration="0.006951" asserts="6" />
            <test-case id="3-2302" name="FindNextFootnote_IPBeginningOfHeadingFootnoteInHeading" fullname="SIL.LCModel.DomainImpl.ScrFootnoteTests.FindNextFootnote_IPBeginningOfHeadingFootnoteInHeading" methodname="FindNextFootnote_IPBeginningOfHeadingFootnoteInHeading" classname="SIL.LCModel.DomainImpl.ScrFootnoteTests" runstate="Runnable" seed="736493314" result="Passed" start-time="2020-10-05 16:46:19Z" end-time="2020-10-05 16:46:19Z" duration="0.006078" asserts="6" />
            <test-case id="3-2305" name="FindNextFootnote_IPBeginningOfHeadingFootnoteInNextHeading" fullname="SIL.LCModel.DomainImpl.ScrFootnoteTests.FindNextFootnote_IPBeginningOfHeadingFootnoteInNextHeading" methodname="FindNextFootnote_IPBeginningOfHeadingFootnoteInNextHeading" classname="SIL.LCModel.DomainImpl.ScrFootnoteTests" runstate="Runnable" seed="1676693864" result="Passed" start-time="2020-10-05 16:46:19Z" end-time="2020-10-05 16:46:19Z" duration="0.007162" asserts="6" />
            <test-case id="3-2297" name="FindNextFootnote_IPBeginningOfTitleFootnoteInHeading" fullname="SIL.LCModel.DomainImpl.ScrFootnoteTests.FindNextFootnote_IPBeginningOfTitleFootnoteInHeading" methodname="FindNextFootnote_IPBeginningOfTitleFootnoteInHeading" classname="SIL.LCModel.DomainImpl.ScrFootnoteTests" runstate="Runnable" seed="1571254695" result="Passed" start-time="2020-10-05 16:46:19Z" end-time="2020-10-05 16:46:19Z" duration="0.004503" asserts="6" />
            <test-case id="3-2293" name="FindNextFootnote_IPBeginningOfTitleFootnoteInIntro" fullname="SIL.LCModel.DomainImpl.ScrFootnoteTests.FindNextFootnote_IPBeginningOfTitleFootnoteInIntro" methodname="FindNextFootnote_IPBeginningOfTitleFootnoteInIntro" classname="SIL.LCModel.DomainImpl.ScrFootnoteTests" runstate="Runnable" seed="1152488851" result="Passed" start-time="2020-10-05 16:46:19Z" end-time="2020-10-05 16:46:19Z" duration="0.008532" asserts="6" />
            <test-case id="3-2294" name="FindNextFootnote_IPBeginningOfTitleFootnoteInTitle" fullname="SIL.LCModel.DomainImpl.ScrFootnoteTests.FindNextFootnote_IPBeginningOfTitleFootnoteInTitle" methodname="FindNextFootnote_IPBeginningOfTitleFootnoteInTitle" classname="SIL.LCModel.DomainImpl.ScrFootnoteTests" runstate="Runnable" seed="908049907" result="Passed" start-time="2020-10-05 16:46:19Z" end-time="2020-10-05 16:46:19Z" duration="0.004543" asserts="6" />
            <test-case id="3-2296" name="FindNextFootnote_IPEndOfBookFootnoteInTitle" fullname="SIL.LCModel.DomainImpl.ScrFootnoteTests.FindNextFootnote_IPEndOfBookFootnoteInTitle" methodname="FindNextFootnote_IPEndOfBookFootnoteInTitle" classname="SIL.LCModel.DomainImpl.ScrFootnoteTests" runstate="Runnable" seed="106994761" result="Passed" start-time="2020-10-05 16:46:19Z" end-time="2020-10-05 16:46:19Z" duration="0.007988" asserts="1" />
            <test-case id="3-2301" name="FindNextFootnote_IPInContentNoFootnoteInBook" fullname="SIL.LCModel.DomainImpl.ScrFootnoteTests.FindNextFootnote_IPInContentNoFootnoteInBook" methodname="FindNextFootnote_IPInContentNoFootnoteInBook" classname="SIL.LCModel.DomainImpl.ScrFootnoteTests" runstate="Runnable" seed="1711426456" result="Passed" start-time="2020-10-05 16:46:19Z" end-time="2020-10-05 16:46:19Z" duration="0.012720" asserts="1" />
            <test-case id="3-2300" name="FindNextFootnote_IPInHeadingNoFootnoteInBook" fullname="SIL.LCModel.DomainImpl.ScrFootnoteTests.FindNextFootnote_IPInHeadingNoFootnoteInBook" methodname="FindNextFootnote_IPInHeadingNoFootnoteInBook" classname="SIL.LCModel.DomainImpl.ScrFootnoteTests" runstate="Runnable" seed="254017600" result="Passed" start-time="2020-10-05 16:46:19Z" end-time="2020-10-05 16:46:19Z" duration="0.004964" asserts="1" />
            <test-case id="3-2304" name="FindNextFootnote_IPInMultiParaHeadingFootnoteInContents" fullname="SIL.LCModel.DomainImpl.ScrFootnoteTests.FindNextFootnote_IPInMultiParaHeadingFootnoteInContents" methodname="FindNextFootnote_IPInMultiParaHeadingFootnoteInContents" classname="SIL.LCModel.DomainImpl.ScrFootnoteTests" runstate="Runnable" seed="1577462989" result="Passed" start-time="2020-10-05 16:46:19Z" end-time="2020-10-05 16:46:19Z" duration="0.005836" asserts="6" />
            <test-case id="3-2299" name="FindNextFootnote_IPInTitleFootnoteBeforeIP" fullname="SIL.LCModel.DomainImpl.ScrFootnoteTests.FindNextFootnote_IPInTitleFootnoteBeforeIP" methodname="FindNextFootnote_IPInTitleFootnoteBeforeIP" classname="SIL.LCModel.DomainImpl.ScrFootnoteTests" runstate="Runnable" seed="472304595" result="Passed" start-time="2020-10-05 16:46:19Z" end-time="2020-10-05 16:46:19Z" duration="0.006121" asserts="1" />
            <test-case id="3-2298" name="FindNextFootnote_IPInTitleNoFootnoteInBook" fullname="SIL.LCModel.DomainImpl.ScrFootnoteTests.FindNextFootnote_IPInTitleNoFootnoteInBook" methodname="FindNextFootnote_IPInTitleNoFootnoteInBook" classname="SIL.LCModel.DomainImpl.ScrFootnoteTests" runstate="Runnable" seed="1958293701" result="Passed" start-time="2020-10-05 16:46:19Z" end-time="2020-10-05 16:46:19Z" duration="0.008004" asserts="1" />
            <test-case id="3-2314" name="FindPreviousFootnote_IPEndOfBookFootnoteAtEndOfLastSectionHead" fullname="SIL.LCModel.DomainImpl.ScrFootnoteTests.FindPreviousFootnote_IPEndOfBookFootnoteAtEndOfLastSectionHead" methodname="FindPreviousFootnote_IPEndOfBookFootnoteAtEndOfLastSectionHead" classname="SIL.LCModel.DomainImpl.ScrFootnoteTests" runstate="Runnable" seed="1541407880" result="Passed" start-time="2020-10-05 16:46:19Z" end-time="2020-10-05 16:46:19Z" duration="0.007342" asserts="6" />
            <test-case id="3-2315" name="FindPreviousFootnote_IPEndOfBookFootnoteInBookTitle" fullname="SIL.LCModel.DomainImpl.ScrFootnoteTests.FindPreviousFootnote_IPEndOfBookFootnoteInBookTitle" methodname="FindPreviousFootnote_IPEndOfBookFootnoteInBookTitle" classname="SIL.LCModel.DomainImpl.ScrFootnoteTests" runstate="Runnable" seed="1984276965" result="Passed" start-time="2020-10-05 16:46:19Z" end-time="2020-10-05 16:46:19Z" duration="0.006131" asserts="6" />
            <test-case id="3-2312" name="FindPreviousFootnote_IPEndOfBookFootnoteInLastSection" fullname="SIL.LCModel.DomainImpl.ScrFootnoteTests.FindPreviousFootnote_IPEndOfBookFootnoteInLastSection" methodname="FindPreviousFootnote_IPEndOfBookFootnoteInLastSection" classname="SIL.LCModel.DomainImpl.ScrFootnoteTests" runstate="Runnable" seed="632673197" result="Passed" start-time="2020-10-05 16:46:19Z" end-time="2020-10-05 16:46:19Z" duration="0.004370" asserts="6" />
            <test-case id="3-2313" name="FindPreviousFootnote_IPEndOfBookFootnoteInLastSectionHead" fullname="SIL.LCModel.DomainImpl.ScrFootnoteTests.FindPreviousFootnote_IPEndOfBookFootnoteInLastSectionHead" methodname="FindPreviousFootnote_IPEndOfBookFootnoteInLastSectionHead" classname="SIL.LCModel.DomainImpl.ScrFootnoteTests" runstate="Runnable" seed="970839241" result="Passed" start-time="2020-10-05 16:46:19Z" end-time="2020-10-05 16:46:19Z" duration="0.005353" asserts="6" />
            <test-case id="3-2322" name="FindPreviousFootnote_IPEndOfBookNoFootnoteInBook" fullname="SIL.LCModel.DomainImpl.ScrFootnoteTests.FindPreviousFootnote_IPEndOfBookNoFootnoteInBook" methodname="FindPreviousFootnote_IPEndOfBookNoFootnoteInBook" classname="SIL.LCModel.DomainImpl.ScrFootnoteTests" runstate="Runnable" seed="13780975" result="Passed" start-time="2020-10-05 16:46:19Z" end-time="2020-10-05 16:46:19Z" duration="0.005613" asserts="5" />
            <test-case id="3-2321" name="FindPreviousFootnote_IPInBookTitleFootnoteAfterIP" fullname="SIL.LCModel.DomainImpl.ScrFootnoteTests.FindPreviousFootnote_IPInBookTitleFootnoteAfterIP" methodname="FindPreviousFootnote_IPInBookTitleFootnoteAfterIP" classname="SIL.LCModel.DomainImpl.ScrFootnoteTests" runstate="Runnable" seed="1649329648" result="Passed" start-time="2020-10-05 16:46:19Z" end-time="2020-10-05 16:46:19Z" duration="0.005267" asserts="5" />
            <test-case id="3-2320" name="FindPreviousFootnote_IPInBookTitleFootnoteInBookTitle" fullname="SIL.LCModel.DomainImpl.ScrFootnoteTests.FindPreviousFootnote_IPInBookTitleFootnoteInBookTitle" methodname="FindPreviousFootnote_IPInBookTitleFootnoteInBookTitle" classname="SIL.LCModel.DomainImpl.ScrFootnoteTests" runstate="Runnable" seed="726502310" result="Passed" start-time="2020-10-05 16:46:19Z" end-time="2020-10-05 16:46:19Z" duration="0.004433" asserts="6" />
            <test-case id="3-2323" name="FindPreviousFootnote_IPInMultiParaHeadingFootnoteInPrevSectionContents" fullname="SIL.LCModel.DomainImpl.ScrFootnoteTests.FindPreviousFootnote_IPInMultiParaHeadingFootnoteInPrevSectionContents" methodname="FindPreviousFootnote_IPInMultiParaHeadingFootnoteInPrevSectionContents" classname="SIL.LCModel.DomainImpl.ScrFootnoteTests" runstate="Runnable" seed="198482800" result="Passed" start-time="2020-10-05 16:46:19Z" end-time="2020-10-05 16:46:19Z" duration="0.005112" asserts="6" />
            <test-case id="3-2319" name="FindPreviousFootnote_IPLastSectionHeadFootnoteAtEndOfBookTitle" fullname="SIL.LCModel.DomainImpl.ScrFootnoteTests.FindPreviousFootnote_IPLastSectionHeadFootnoteAtEndOfBookTitle" methodname="FindPreviousFootnote_IPLastSectionHeadFootnoteAtEndOfBookTitle" classname="SIL.LCModel.DomainImpl.ScrFootnoteTests" runstate="Runnable" seed="1028070618" result="Passed" start-time="2020-10-05 16:46:19Z" end-time="2020-10-05 16:46:19Z" duration="0.006752" asserts="6" />
            <test-case id="3-2318" name="FindPreviousFootnote_IPLastSectionHeadFootnoteInBookTitle" fullname="SIL.LCModel.DomainImpl.ScrFootnoteTests.FindPreviousFootnote_IPLastSectionHeadFootnoteInBookTitle" methodname="FindPreviousFootnote_IPLastSectionHeadFootnoteInBookTitle" classname="SIL.LCModel.DomainImpl.ScrFootnoteTests" runstate="Runnable" seed="159902847" result="Passed" start-time="2020-10-05 16:46:19Z" end-time="2020-10-05 16:46:19Z" duration="0.005238" asserts="6" />
            <test-case id="3-2316" name="FindPreviousFootnote_IPLastSectionHeadFootnoteInPrevSectionContent" fullname="SIL.LCModel.DomainImpl.ScrFootnoteTests.FindPreviousFootnote_IPLastSectionHeadFootnoteInPrevSectionContent" methodname="FindPreviousFootnote_IPLastSectionHeadFootnoteInPrevSectionContent" classname="SIL.LCModel.DomainImpl.ScrFootnoteTests" runstate="Runnable" seed="1307219962" result="Passed" start-time="2020-10-05 16:46:19Z" end-time="2020-10-05 16:46:19Z" duration="0.004603" asserts="6" />
            <test-case id="3-2317" name="FindPreviousFootnote_IPLastSectionHeadFootnoteInPrevSectionHeading" fullname="SIL.LCModel.DomainImpl.ScrFootnoteTests.FindPreviousFootnote_IPLastSectionHeadFootnoteInPrevSectionHeading" methodname="FindPreviousFootnote_IPLastSectionHeadFootnoteInPrevSectionHeading" classname="SIL.LCModel.DomainImpl.ScrFootnoteTests" runstate="Runnable" seed="1603511962" result="Passed" start-time="2020-10-05 16:46:19Z" end-time="2020-10-05 16:46:19Z" duration="0.005812" asserts="6" />
            <test-case id="3-2331" name="FootnoteRefVerseBridge" fullname="SIL.LCModel.DomainImpl.ScrFootnoteTests.FootnoteRefVerseBridge" methodname="FootnoteRefVerseBridge" classname="SIL.LCModel.DomainImpl.ScrFootnoteTests" runstate="Runnable" seed="820890938" result="Passed" start-time="2020-10-05 16:46:19Z" end-time="2020-10-05 16:46:19Z" duration="0.008047" asserts="2" />
            <test-case id="3-2339" name="GetMarkerForCrossRef_Scripture_AutoNumbered" fullname="SIL.LCModel.DomainImpl.ScrFootnoteTests.GetMarkerForCrossRef_Scripture_AutoNumbered" methodname="GetMarkerForCrossRef_Scripture_AutoNumbered" classname="SIL.LCModel.DomainImpl.ScrFootnoteTests" runstate="Runnable" seed="2110214224" result="Passed" start-time="2020-10-05 16:46:19Z" end-time="2020-10-05 16:46:19Z" duration="0.004674" asserts="0" />
            <test-case id="3-2341" name="GetMarkerForCrossRef_Scripture_LiteralSymbol" fullname="SIL.LCModel.DomainImpl.ScrFootnoteTests.GetMarkerForCrossRef_Scripture_LiteralSymbol" methodname="GetMarkerForCrossRef_Scripture_LiteralSymbol" classname="SIL.LCModel.DomainImpl.ScrFootnoteTests" runstate="Runnable" seed="528289045" result="Passed" start-time="2020-10-05 16:46:19Z" end-time="2020-10-05 16:46:19Z" duration="0.006251" asserts="0" />
            <test-case id="3-2340" name="GetMarkerForCrossRef_Scripture_Nothing" fullname="SIL.LCModel.DomainImpl.ScrFootnoteTests.GetMarkerForCrossRef_Scripture_Nothing" methodname="GetMarkerForCrossRef_Scripture_Nothing" classname="SIL.LCModel.DomainImpl.ScrFootnoteTests" runstate="Runnable" seed="870098885" result="Passed" start-time="2020-10-05 16:46:19Z" end-time="2020-10-05 16:46:19Z" duration="0.004050" asserts="0" />
            <test-case id="3-2336" name="GetMarkerForFootnote_Scripture_AutoNumbered" fullname="SIL.LCModel.DomainImpl.ScrFootnoteTests.GetMarkerForFootnote_Scripture_AutoNumbered" methodname="GetMarkerForFootnote_Scripture_AutoNumbered" classname="SIL.LCModel.DomainImpl.ScrFootnoteTests" runstate="Runnable" seed="49330383" result="Passed" start-time="2020-10-05 16:46:19Z" end-time="2020-10-05 16:46:19Z" duration="0.004922" asserts="0" />
            <test-case id="3-2338" name="GetMarkerForFootnote_Scripture_LiteralSymbol" fullname="SIL.LCModel.DomainImpl.ScrFootnoteTests.GetMarkerForFootnote_Scripture_LiteralSymbol" methodname="GetMarkerForFootnote_Scripture_LiteralSymbol" classname="SIL.LCModel.DomainImpl.ScrFootnoteTests" runstate="Runnable" seed="1741838738" result="Passed" start-time="2020-10-05 16:46:19Z" end-time="2020-10-05 16:46:19Z" duration="0.003992" asserts="0" />
            <test-case id="3-2337" name="GetMarkerForFootnote_Scripture_Nothing" fullname="SIL.LCModel.DomainImpl.ScrFootnoteTests.GetMarkerForFootnote_Scripture_Nothing" methodname="GetMarkerForFootnote_Scripture_Nothing" classname="SIL.LCModel.DomainImpl.ScrFootnoteTests" runstate="Runnable" seed="286068718" result="Passed" start-time="2020-10-05 16:46:19Z" end-time="2020-10-05 16:46:19Z" duration="0.005265" asserts="0" />
            <test-case id="3-2326" name="GetRefForCrossRef_Scripture" fullname="SIL.LCModel.DomainImpl.ScrFootnoteTests.GetRefForCrossRef_Scripture" methodname="GetRefForCrossRef_Scripture" classname="SIL.LCModel.DomainImpl.ScrFootnoteTests" runstate="Runnable" seed="1130052276" result="Passed" start-time="2020-10-05 16:46:19Z" end-time="2020-10-05 16:46:19Z" duration="0.005483" asserts="1" />
            <test-case id="3-2327" name="GetRefForCrossRef_Scripture_DontDisplay" fullname="SIL.LCModel.DomainImpl.ScrFootnoteTests.GetRefForCrossRef_Scripture_DontDisplay" methodname="GetRefForCrossRef_Scripture_DontDisplay" classname="SIL.LCModel.DomainImpl.ScrFootnoteTests" runstate="Runnable" seed="404047712" result="Passed" start-time="2020-10-05 16:46:19Z" end-time="2020-10-05 16:46:19Z" duration="0.004636" asserts="1" />
            <test-case id="3-2328" name="GetRefForFootnote_IntroPara" fullname="SIL.LCModel.DomainImpl.ScrFootnoteTests.GetRefForFootnote_IntroPara" methodname="GetRefForFootnote_IntroPara" classname="SIL.LCModel.DomainImpl.ScrFootnoteTests" runstate="Runnable" seed="5529196" result="Passed" start-time="2020-10-05 16:46:19Z" end-time="2020-10-05 16:46:19Z" duration="0.004436" asserts="1" />
            <test-case id="3-2324" name="GetRefForFootnote_Scripture" fullname="SIL.LCModel.DomainImpl.ScrFootnoteTests.GetRefForFootnote_Scripture" methodname="GetRefForFootnote_Scripture" classname="SIL.LCModel.DomainImpl.ScrFootnoteTests" runstate="Runnable" seed="1263018792" result="Passed" start-time="2020-10-05 16:46:19Z" end-time="2020-10-05 16:46:19Z" duration="0.004866" asserts="1" />
            <test-case id="3-2325" name="GetRefForFootnote_Scripture_DontDisplay" fullname="SIL.LCModel.DomainImpl.ScrFootnoteTests.GetRefForFootnote_Scripture_DontDisplay" methodname="GetRefForFootnote_Scripture_DontDisplay" classname="SIL.LCModel.DomainImpl.ScrFootnoteTests" runstate="Runnable" seed="639913110" result="Passed" start-time="2020-10-05 16:46:19Z" end-time="2020-10-05 16:46:19Z" duration="0.003948" asserts="1" />
            <test-case id="3-2345" name="PreventMultipleFootnoteParagraphs_AddToEnd" fullname="SIL.LCModel.DomainImpl.ScrFootnoteTests.PreventMultipleFootnoteParagraphs_AddToEnd" methodname="PreventMultipleFootnoteParagraphs_AddToEnd" classname="SIL.LCModel.DomainImpl.ScrFootnoteTests" runstate="Runnable" seed="1439227229" result="Passed" start-time="2020-10-05 16:46:19Z" end-time="2020-10-05 16:46:19Z" duration="0.004999" asserts="1" />
            <test-case id="3-2346" name="PreventMultipleFootnoteParagraphs_InsertAtBeginning" fullname="SIL.LCModel.DomainImpl.ScrFootnoteTests.PreventMultipleFootnoteParagraphs_InsertAtBeginning" methodname="PreventMultipleFootnoteParagraphs_InsertAtBeginning" classname="SIL.LCModel.DomainImpl.ScrFootnoteTests" runstate="Runnable" seed="1783379684" result="Passed" start-time="2020-10-05 16:46:19Z" end-time="2020-10-05 16:46:19Z" duration="0.004234" asserts="1" />
            <test-case id="3-2332" name="UpdateFootnoteRef_ChapterMidSection" fullname="SIL.LCModel.DomainImpl.ScrFootnoteTests.UpdateFootnoteRef_ChapterMidSection" methodname="UpdateFootnoteRef_ChapterMidSection" classname="SIL.LCModel.DomainImpl.ScrFootnoteTests" runstate="Runnable" seed="1147306856" result="Passed" start-time="2020-10-05 16:46:19Z" end-time="2020-10-05 16:46:19Z" duration="0.004953" asserts="1" />
            <test-case id="3-2333" name="UpdateFootnoteRef_NoChapterVerseInPara" fullname="SIL.LCModel.DomainImpl.ScrFootnoteTests.UpdateFootnoteRef_NoChapterVerseInPara" methodname="UpdateFootnoteRef_NoChapterVerseInPara" classname="SIL.LCModel.DomainImpl.ScrFootnoteTests" runstate="Runnable" seed="156180137" result="Passed" start-time="2020-10-05 16:46:19Z" end-time="2020-10-05 16:46:19Z" duration="0.003323" asserts="1" />
            <test-case id="3-2335" name="UpdateFootnoteRef_PrevFootnoteInPrevPara" fullname="SIL.LCModel.DomainImpl.ScrFootnoteTests.UpdateFootnoteRef_PrevFootnoteInPrevPara" methodname="UpdateFootnoteRef_PrevFootnoteInPrevPara" classname="SIL.LCModel.DomainImpl.ScrFootnoteTests" runstate="Runnable" seed="1954443396" result="Passed" start-time="2020-10-05 16:46:19Z" end-time="2020-10-05 16:46:19Z" duration="0.005387" asserts="1" />
            <test-case id="3-2334" name="UpdateFootnoteRef_PrevFootnoteInSamePara" fullname="SIL.LCModel.DomainImpl.ScrFootnoteTests.UpdateFootnoteRef_PrevFootnoteInSamePara" methodname="UpdateFootnoteRef_PrevFootnoteInSamePara" classname="SIL.LCModel.DomainImpl.ScrFootnoteTests" runstate="Runnable" seed="1779070553" result="Passed" start-time="2020-10-05 16:46:19Z" end-time="2020-10-05 16:46:19Z" duration="0.004301" asserts="1" />
            <test-case id="3-2330" name="UpdateRefForFootnote_DeleteVerse" fullname="SIL.LCModel.DomainImpl.ScrFootnoteTests.UpdateRefForFootnote_DeleteVerse" methodname="UpdateRefForFootnote_DeleteVerse" classname="SIL.LCModel.DomainImpl.ScrFootnoteTests" runstate="Runnable" seed="940777501" result="Passed" start-time="2020-10-05 16:46:19Z" end-time="2020-10-05 16:46:19Z" duration="0.005107" asserts="2" />
            <test-case id="3-2329" name="UpdateRefForFootnote_InsertVerse" fullname="SIL.LCModel.DomainImpl.ScrFootnoteTests.UpdateRefForFootnote_InsertVerse" methodname="UpdateRefForFootnote_InsertVerse" classname="SIL.LCModel.DomainImpl.ScrFootnoteTests" runstate="Runnable" seed="1705174357" result="Passed" start-time="2020-10-05 16:46:19Z" end-time="2020-10-05 16:46:19Z" duration="0.003697" asserts="2" />
          </test-suite>
          <test-suite type="TestFixture" id="3-2347" name="ScrImportFileInfoTests" fullname="SIL.LCModel.DomainImpl.ScrImportFileInfoTests" classname="SIL.LCModel.DomainImpl.ScrImportFileInfoTests" runstate="Runnable" testcasecount="61" result="Passed" start-time="2020-10-05 16:46:19Z" end-time="2020-10-05 16:46:19Z" duration="0.037494" total="61" passed="61" failed="0" warnings="0" inconclusive="0" skipped="0" asserts="172">
            <test-case id="3-2381" name="DataFileInvalid_BogusVerseNumbers_ReverseRange" fullname="SIL.LCModel.DomainImpl.ScrImportFileInfoTests.DataFileInvalid_BogusVerseNumbers_ReverseRange" methodname="DataFileInvalid_BogusVerseNumbers_ReverseRange" classname="SIL.LCModel.DomainImpl.ScrImportFileInfoTests" runstate="Runnable" seed="483727308" result="Passed" start-time="2020-10-05 16:46:19Z" end-time="2020-10-05 16:46:19Z" duration="0.009210" asserts="1" />
            <test-case id="3-2380" name="DataFileInvalid_BogusVerseNumbers_Text" fullname="SIL.LCModel.DomainImpl.ScrImportFileInfoTests.DataFileInvalid_BogusVerseNumbers_Text" methodname="DataFileInvalid_BogusVerseNumbers_Text" classname="SIL.LCModel.DomainImpl.ScrImportFileInfoTests" runstate="Runnable" seed="557361963" result="Passed" start-time="2020-10-05 16:46:19Z" end-time="2020-10-05 16:46:19Z" duration="0.000277" asserts="1" />
            <test-case id="3-2374" name="DataFileInvalid_ChapterNoBook" fullname="SIL.LCModel.DomainImpl.ScrImportFileInfoTests.DataFileInvalid_ChapterNoBook" methodname="DataFileInvalid_ChapterNoBook" classname="SIL.LCModel.DomainImpl.ScrImportFileInfoTests" runstate="Runnable" seed="1359664844" result="Passed" start-time="2020-10-05 16:46:19Z" end-time="2020-10-05 16:46:19Z" duration="0.000208" asserts="1" />
            <test-case id="3-2385" name="DataFileInvalid_ChapterWithoutID" fullname="SIL.LCModel.DomainImpl.ScrImportFileInfoTests.DataFileInvalid_ChapterWithoutID" methodname="DataFileInvalid_ChapterWithoutID" classname="SIL.LCModel.DomainImpl.ScrImportFileInfoTests" runstate="Runnable" seed="2146175145" result="Passed" start-time="2020-10-05 16:46:19Z" end-time="2020-10-05 16:46:19Z" duration="0.000194" asserts="1" />
            <test-case id="3-2387" name="DataFileInvalid_Empty" fullname="SIL.LCModel.DomainImpl.ScrImportFileInfoTests.DataFileInvalid_Empty" methodname="DataFileInvalid_Empty" classname="SIL.LCModel.DomainImpl.ScrImportFileInfoTests" runstate="Runnable" seed="1903169593" result="Passed" start-time="2020-10-05 16:46:19Z" end-time="2020-10-05 16:46:19Z" duration="0.000184" asserts="1" />
            <test-case id="3-2384" name="DataFileInvalid_InvalidBook" fullname="SIL.LCModel.DomainImpl.ScrImportFileInfoTests.DataFileInvalid_InvalidBook" methodname="DataFileInvalid_InvalidBook" classname="SIL.LCModel.DomainImpl.ScrImportFileInfoTests" runstate="Runnable" seed="563546702" result="Passed" start-time="2020-10-05 16:46:19Z" end-time="2020-10-05 16:46:19Z" duration="0.006683" asserts="2" />
            <test-case id="3-2386" name="DataFileInvalid_InvalidChapterNumber" fullname="SIL.LCModel.DomainImpl.ScrImportFileInfoTests.DataFileInvalid_InvalidChapterNumber" methodname="DataFileInvalid_InvalidChapterNumber" classname="SIL.LCModel.DomainImpl.ScrImportFileInfoTests" runstate="Runnable" seed="810710970" result="Passed" start-time="2020-10-05 16:46:19Z" end-time="2020-10-05 16:46:19Z" duration="0.000267" asserts="1" />
            <test-case id="3-2379" name="DataFileInvalid_InvalidMarkerCharacters" fullname="SIL.LCModel.DomainImpl.ScrImportFileInfoTests.DataFileInvalid_InvalidMarkerCharacters" methodname="DataFileInvalid_InvalidMarkerCharacters" classname="SIL.LCModel.DomainImpl.ScrImportFileInfoTests" runstate="Runnable" seed="362507716" result="Passed" start-time="2020-10-05 16:46:19Z" end-time="2020-10-05 16:46:19Z" duration="0.001150" asserts="1" />
            <test-case id="3-2378" name="DataFileInvalid_MissingIdMarker" fullname="SIL.LCModel.DomainImpl.ScrImportFileInfoTests.DataFileInvalid_MissingIdMarker" methodname="DataFileInvalid_MissingIdMarker" classname="SIL.LCModel.DomainImpl.ScrImportFileInfoTests" runstate="Runnable" seed="1073744278" result="Passed" start-time="2020-10-05 16:46:19Z" end-time="2020-10-05 16:46:19Z" duration="0.000296" asserts="1" />
            <test-case id="3-2376" name="DataFileInvalid_NoChapter_required" fullname="SIL.LCModel.DomainImpl.ScrImportFileInfoTests.DataFileInvalid_NoChapter_required" methodname="DataFileInvalid_NoChapter_required" classname="SIL.LCModel.DomainImpl.ScrImportFileInfoTests" runstate="Runnable" seed="7647860" result="Passed" start-time="2020-10-05 16:46:19Z" end-time="2020-10-05 16:46:19Z" duration="0.000406" asserts="1" />
            <test-case id="3-2383" name="DataFileInvalid_NonExcludedMarkersBeforeIdLine" fullname="SIL.LCModel.DomainImpl.ScrImportFileInfoTests.DataFileInvalid_NonExcludedMarkersBeforeIdLine" methodname="DataFileInvalid_NonExcludedMarkersBeforeIdLine" classname="SIL.LCModel.DomainImpl.ScrImportFileInfoTests" runstate="Runnable" seed="1446061186" result="Passed" start-time="2020-10-05 16:46:19Z" end-time="2020-10-05 16:46:19Z" duration="0.000665" asserts="3" />
            <test-case id="3-2375" name="DataFileInvalid_VerseNoBook" fullname="SIL.LCModel.DomainImpl.ScrImportFileInfoTests.DataFileInvalid_VerseNoBook" methodname="DataFileInvalid_VerseNoBook" classname="SIL.LCModel.DomainImpl.ScrImportFileInfoTests" runstate="Runnable" seed="1053116594" result="Passed" start-time="2020-10-05 16:46:19Z" end-time="2020-10-05 16:46:19Z" duration="0.000221" asserts="1" />
            <test-case id="3-2372" name="DataFileInvalid_VerseNoChapter_required" fullname="SIL.LCModel.DomainImpl.ScrImportFileInfoTests.DataFileInvalid_VerseNoChapter_required" methodname="DataFileInvalid_VerseNoChapter_required" classname="SIL.LCModel.DomainImpl.ScrImportFileInfoTests" runstate="Runnable" seed="1919890071" result="Passed" start-time="2020-10-05 16:46:19Z" end-time="2020-10-05 16:46:19Z" duration="0.000218" asserts="1" />
            <test-case id="3-2382" name="DataFileValid_BlankLines" fullname="SIL.LCModel.DomainImpl.ScrImportFileInfoTests.DataFileValid_BlankLines" methodname="DataFileValid_BlankLines" classname="SIL.LCModel.DomainImpl.ScrImportFileInfoTests" runstate="Runnable" seed="1077758228" result="Passed" start-time="2020-10-05 16:46:19Z" end-time="2020-10-05 16:46:19Z" duration="0.000125" asserts="0" />
            <test-case id="3-2377" name="DataFileValid_NoChapter_optional" fullname="SIL.LCModel.DomainImpl.ScrImportFileInfoTests.DataFileValid_NoChapter_optional" methodname="DataFileValid_NoChapter_optional" classname="SIL.LCModel.DomainImpl.ScrImportFileInfoTests" runstate="Runnable" seed="613068002" result="Passed" start-time="2020-10-05 16:46:19Z" end-time="2020-10-05 16:46:19Z" duration="0.000107" asserts="0" />
            <test-case id="3-2373" name="DataFileValid_VerseNoChapter_optional" fullname="SIL.LCModel.DomainImpl.ScrImportFileInfoTests.DataFileValid_VerseNoChapter_optional" methodname="DataFileValid_VerseNoChapter_optional" classname="SIL.LCModel.DomainImpl.ScrImportFileInfoTests" runstate="Runnable" seed="1180636560" result="Passed" start-time="2020-10-05 16:46:19Z" end-time="2020-10-05 16:46:19Z" duration="0.000107" asserts="0" />
            <test-case id="3-2393" name="FigureEntries_bad_tooFewTokens" fullname="SIL.LCModel.DomainImpl.ScrImportFileInfoTests.FigureEntries_bad_tooFewTokens" methodname="FigureEntries_bad_tooFewTokens" classname="SIL.LCModel.DomainImpl.ScrImportFileInfoTests" runstate="Runnable" seed="33983356" result="Passed" start-time="2020-10-05 16:46:19Z" end-time="2020-10-05 16:46:19Z" duration="0.000438" asserts="3" />
            <test-case id="3-2399" name="FigureEntries_excluded" fullname="SIL.LCModel.DomainImpl.ScrImportFileInfoTests.FigureEntries_excluded" methodname="FigureEntries_excluded" classname="SIL.LCModel.DomainImpl.ScrImportFileInfoTests" runstate="Runnable" seed="348320821" result="Passed" start-time="2020-10-05 16:46:19Z" end-time="2020-10-05 16:46:19Z" duration="0.000226" asserts="1" />
            <test-case id="3-2390" name="FigureEntries_good_NoEndMarker" fullname="SIL.LCModel.DomainImpl.ScrImportFileInfoTests.FigureEntries_good_NoEndMarker" methodname="FigureEntries_good_NoEndMarker" classname="SIL.LCModel.DomainImpl.ScrImportFileInfoTests" runstate="Runnable" seed="2146347800" result="Passed" start-time="2020-10-05 16:46:19Z" end-time="2020-10-05 16:46:19Z" duration="0.000340" asserts="2" />
            <test-case id="3-2395" name="FigureEntries_good_SplitAcrossLine_EachParamOnItsOwnLine" fullname="SIL.LCModel.DomainImpl.ScrImportFileInfoTests.FigureEntries_good_SplitAcrossLine_EachParamOnItsOwnLine" methodname="FigureEntries_good_SplitAcrossLine_EachParamOnItsOwnLine" classname="SIL.LCModel.DomainImpl.ScrImportFileInfoTests" runstate="Runnable" seed="1019104012" result="Passed" start-time="2020-10-05 16:46:19Z" end-time="2020-10-05 16:46:19Z" duration="0.000314" asserts="2" />
            <test-case id="3-2396" name="FigureEntries_good_SplitAcrossLine_InlineMarkerFollowing" fullname="SIL.LCModel.DomainImpl.ScrImportFileInfoTests.FigureEntries_good_SplitAcrossLine_InlineMarkerFollowing" methodname="FigureEntries_good_SplitAcrossLine_InlineMarkerFollowing" classname="SIL.LCModel.DomainImpl.ScrImportFileInfoTests" runstate="Runnable" seed="1171556961" result="Passed" start-time="2020-10-05 16:46:19Z" end-time="2020-10-05 16:46:19Z" duration="0.000408" asserts="2" />
            <test-case id="3-2398" name="FigureEntries_good_SplitAcrossLine_LineWithMarkerFollowing" fullname="SIL.LCModel.DomainImpl.ScrImportFileInfoTests.FigureEntries_good_SplitAcrossLine_LineWithMarkerFollowing" methodname="FigureEntries_good_SplitAcrossLine_LineWithMarkerFollowing" classname="SIL.LCModel.DomainImpl.ScrImportFileInfoTests" runstate="Runnable" seed="2068909106" result="Passed" start-time="2020-10-05 16:46:19Z" end-time="2020-10-05 16:46:19Z" duration="0.000324" asserts="2" />
            <test-case id="3-2394" name="FigureEntries_good_SplitAcrossLine_NothingFollowing" fullname="SIL.LCModel.DomainImpl.ScrImportFileInfoTests.FigureEntries_good_SplitAcrossLine_NothingFollowing" methodname="FigureEntries_good_SplitAcrossLine_NothingFollowing" classname="SIL.LCModel.DomainImpl.ScrImportFileInfoTests" runstate="Runnable" seed="161592444" result="Passed" start-time="2020-10-05 16:46:19Z" end-time="2020-10-05 16:46:19Z" duration="0.000289" asserts="2" />
            <test-case id="3-2397" name="FigureEntries_good_SplitAcrossLine_WithClosingMarker" fullname="SIL.LCModel.DomainImpl.ScrImportFileInfoTests.FigureEntries_good_SplitAcrossLine_WithClosingMarker" methodname="FigureEntries_good_SplitAcrossLine_WithClosingMarker" classname="SIL.LCModel.DomainImpl.ScrImportFileInfoTests" runstate="Runnable" seed="1254720134" result="Passed" start-time="2020-10-05 16:46:19Z" end-time="2020-10-05 16:46:19Z" duration="0.000410" asserts="2" />
            <test-case id="3-2391" name="FigureEntries_good_WithEndMarker" fullname="SIL.LCModel.DomainImpl.ScrImportFileInfoTests.FigureEntries_good_WithEndMarker" methodname="FigureEntries_good_WithEndMarker" classname="SIL.LCModel.DomainImpl.ScrImportFileInfoTests" runstate="Runnable" seed="1803217539" result="Passed" start-time="2020-10-05 16:46:19Z" end-time="2020-10-05 16:46:19Z" duration="0.000359" asserts="2" />
            <test-case id="3-2368" name="NoOverlapInOneBook" fullname="SIL.LCModel.DomainImpl.ScrImportFileInfoTests.NoOverlapInOneBook" methodname="NoOverlapInOneBook" classname="SIL.LCModel.DomainImpl.ScrImportFileInfoTests" runstate="Runnable" seed="1695362815" result="Passed" start-time="2020-10-05 16:46:19Z" end-time="2020-10-05 16:46:19Z" duration="0.000709" asserts="6" />
            <test-case id="3-2367" name="NoOverlapInTwoBooks" fullname="SIL.LCModel.DomainImpl.ScrImportFileInfoTests.NoOverlapInTwoBooks" methodname="NoOverlapInTwoBooks" classname="SIL.LCModel.DomainImpl.ScrImportFileInfoTests" runstate="Runnable" seed="1845621404" result="Passed" start-time="2020-10-05 16:46:19Z" end-time="2020-10-05 16:46:19Z" duration="0.000270" asserts="6" />
            <test-case id="3-2369" name="OverlapInOneBook" fullname="SIL.LCModel.DomainImpl.ScrImportFileInfoTests.OverlapInOneBook" methodname="OverlapInOneBook" classname="SIL.LCModel.DomainImpl.ScrImportFileInfoTests" runstate="Runnable" seed="1531730076" result="Passed" start-time="2020-10-05 16:46:19Z" end-time="2020-10-05 16:46:19Z" duration="0.000266" asserts="6" />
            <test-case id="3-2371" name="OverlapInTwoFiles" fullname="SIL.LCModel.DomainImpl.ScrImportFileInfoTests.OverlapInTwoFiles" methodname="OverlapInTwoFiles" classname="SIL.LCModel.DomainImpl.ScrImportFileInfoTests" runstate="Runnable" seed="310620463" result="Passed" start-time="2020-10-05 16:46:19Z" end-time="2020-10-05 16:46:19Z" duration="0.000354" asserts="8" />
            <test-case id="3-2350" name="OverlapsRange_EntirelyAfterBook" fullname="SIL.LCModel.DomainImpl.ScrImportFileInfoTests.OverlapsRange_EntirelyAfterBook" methodname="OverlapsRange_EntirelyAfterBook" classname="SIL.LCModel.DomainImpl.ScrImportFileInfoTests" runstate="Runnable" seed="638647746" result="Passed" start-time="2020-10-05 16:46:19Z" end-time="2020-10-05 16:46:19Z" duration="0.000255" asserts="1" />
            <test-case id="3-2351" name="OverlapsRange_EntirelyAfterLastChapter" fullname="SIL.LCModel.DomainImpl.ScrImportFileInfoTests.OverlapsRange_EntirelyAfterLastChapter" methodname="OverlapsRange_EntirelyAfterLastChapter" classname="SIL.LCModel.DomainImpl.ScrImportFileInfoTests" runstate="Runnable" seed="596688178" result="Passed" start-time="2020-10-05 16:46:19Z" end-time="2020-10-05 16:46:19Z" duration="0.000141" asserts="2" />
            <test-case id="3-2348" name="OverlapsRange_EntirelyBeforeBook" fullname="SIL.LCModel.DomainImpl.ScrImportFileInfoTests.OverlapsRange_EntirelyBeforeBook" methodname="OverlapsRange_EntirelyBeforeBook" classname="SIL.LCModel.DomainImpl.ScrImportFileInfoTests" runstate="Runnable" seed="1067955873" result="Passed" start-time="2020-10-05 16:46:19Z" end-time="2020-10-05 16:46:19Z" duration="0.000129" asserts="2" />
            <test-case id="3-2349" name="OverlapsRange_EntirelyBeforeFirstChapter" fullname="SIL.LCModel.DomainImpl.ScrImportFileInfoTests.OverlapsRange_EntirelyBeforeFirstChapter" methodname="OverlapsRange_EntirelyBeforeFirstChapter" classname="SIL.LCModel.DomainImpl.ScrImportFileInfoTests" runstate="Runnable" seed="66820682" result="Passed" start-time="2020-10-05 16:46:19Z" end-time="2020-10-05 16:46:19Z" duration="0.000131" asserts="2" />
            <test-case id="3-2352" name="OverlapsRange_EntirelyContainedBook" fullname="SIL.LCModel.DomainImpl.ScrImportFileInfoTests.OverlapsRange_EntirelyContainedBook" methodname="OverlapsRange_EntirelyContainedBook" classname="SIL.LCModel.DomainImpl.ScrImportFileInfoTests" runstate="Runnable" seed="845676798" result="Passed" start-time="2020-10-05 16:46:19Z" end-time="2020-10-05 16:46:19Z" duration="0.000104" asserts="1" />
            <test-case id="3-2360" name="OverlapsRange_EntirelyContainedChaptersInEndBook" fullname="SIL.LCModel.DomainImpl.ScrImportFileInfoTests.OverlapsRange_EntirelyContainedChaptersInEndBook" methodname="OverlapsRange_EntirelyContainedChaptersInEndBook" classname="SIL.LCModel.DomainImpl.ScrImportFileInfoTests" runstate="Runnable" seed="420048058" result="Passed" start-time="2020-10-05 16:46:19Z" end-time="2020-10-05 16:46:19Z" duration="0.000100" asserts="1" />
            <test-case id="3-2361" name="OverlapsRange_EntirelyContainedChaptersInStartAndEndBook" fullname="SIL.LCModel.DomainImpl.ScrImportFileInfoTests.OverlapsRange_EntirelyContainedChaptersInStartAndEndBook" methodname="OverlapsRange_EntirelyContainedChaptersInStartAndEndBook" classname="SIL.LCModel.DomainImpl.ScrImportFileInfoTests" runstate="Runnable" seed="856669520" result="Passed" start-time="2020-10-05 16:46:19Z" end-time="2020-10-05 16:46:19Z" duration="0.000098" asserts="1" />
            <test-case id="3-2359" name="OverlapsRange_EntirelyContainedChaptersInStartBook" fullname="SIL.LCModel.DomainImpl.ScrImportFileInfoTests.OverlapsRange_EntirelyContainedChaptersInStartBook" methodname="OverlapsRange_EntirelyContainedChaptersInStartBook" classname="SIL.LCModel.DomainImpl.ScrImportFileInfoTests" runstate="Runnable" seed="67337064" result="Passed" start-time="2020-10-05 16:46:19Z" end-time="2020-10-05 16:46:19Z" duration="0.000099" asserts="1" />
            <test-case id="3-2353" name="OverlapsRange_ExactlyEqual" fullname="SIL.LCModel.DomainImpl.ScrImportFileInfoTests.OverlapsRange_ExactlyEqual" methodname="OverlapsRange_ExactlyEqual" classname="SIL.LCModel.DomainImpl.ScrImportFileInfoTests" runstate="Runnable" seed="662893407" result="Passed" start-time="2020-10-05 16:46:19Z" end-time="2020-10-05 16:46:19Z" duration="0.000156" asserts="1" />
            <test-case id="3-2358" name="OverlapsRange_StartEqual_EndsAfter" fullname="SIL.LCModel.DomainImpl.ScrImportFileInfoTests.OverlapsRange_StartEqual_EndsAfter" methodname="OverlapsRange_StartEqual_EndsAfter" classname="SIL.LCModel.DomainImpl.ScrImportFileInfoTests" runstate="Runnable" seed="1886430086" result="Passed" start-time="2020-10-05 16:46:19Z" end-time="2020-10-05 16:46:19Z" duration="0.000129" asserts="1" />
            <test-case id="3-2354" name="OverlapsRange_StartEqual_EndsWithin" fullname="SIL.LCModel.DomainImpl.ScrImportFileInfoTests.OverlapsRange_StartEqual_EndsWithin" methodname="OverlapsRange_StartEqual_EndsWithin" classname="SIL.LCModel.DomainImpl.ScrImportFileInfoTests" runstate="Runnable" seed="795758989" result="Passed" start-time="2020-10-05 16:46:19Z" end-time="2020-10-05 16:46:19Z" duration="0.000159" asserts="2" />
            <test-case id="3-2357" name="OverlapsRange_StartsBefore_EndEqual" fullname="SIL.LCModel.DomainImpl.ScrImportFileInfoTests.OverlapsRange_StartsBefore_EndEqual" methodname="OverlapsRange_StartsBefore_EndEqual" classname="SIL.LCModel.DomainImpl.ScrImportFileInfoTests" runstate="Runnable" seed="1862207055" result="Passed" start-time="2020-10-05 16:46:19Z" end-time="2020-10-05 16:46:19Z" duration="0.000119" asserts="1" />
            <test-case id="3-2355" name="OverlapsRange_StartsBefore_EndsWithin" fullname="SIL.LCModel.DomainImpl.ScrImportFileInfoTests.OverlapsRange_StartsBefore_EndsWithin" methodname="OverlapsRange_StartsBefore_EndsWithin" classname="SIL.LCModel.DomainImpl.ScrImportFileInfoTests" runstate="Runnable" seed="750466242" result="Passed" start-time="2020-10-05 16:46:19Z" end-time="2020-10-05 16:46:19Z" duration="0.000200" asserts="2" />
            <test-case id="3-2356" name="OverlapsRange_StartsWithin_EndEqual" fullname="SIL.LCModel.DomainImpl.ScrImportFileInfoTests.OverlapsRange_StartsWithin_EndEqual" methodname="OverlapsRange_StartsWithin_EndEqual" classname="SIL.LCModel.DomainImpl.ScrImportFileInfoTests" runstate="Runnable" seed="1977623612" result="Passed" start-time="2020-10-05 16:46:19Z" end-time="2020-10-05 16:46:19Z" duration="0.000143" asserts="2" />
            <test-case id="3-2370" name="OverlapWhenOneFileContainsSubset" fullname="SIL.LCModel.DomainImpl.ScrImportFileInfoTests.OverlapWhenOneFileContainsSubset" methodname="OverlapWhenOneFileContainsSubset" classname="SIL.LCModel.DomainImpl.ScrImportFileInfoTests" runstate="Runnable" seed="127821524" result="Passed" start-time="2020-10-05 16:46:19Z" end-time="2020-10-05 16:46:19Z" duration="0.000341" asserts="6" />
            <test-case id="3-2405" name="Paratext5MappingDetection_AsteriskedMarkerPrecedesBeginMarker" fullname="SIL.LCModel.DomainImpl.ScrImportFileInfoTests.Paratext5MappingDetection_AsteriskedMarkerPrecedesBeginMarker" methodname="Paratext5MappingDetection_AsteriskedMarkerPrecedesBeginMarker" classname="SIL.LCModel.DomainImpl.ScrImportFileInfoTests" runstate="Runnable" seed="1052846730" result="Passed" start-time="2020-10-05 16:46:19Z" end-time="2020-10-05 16:46:19Z" duration="0.000877" asserts="5" />
            <test-case id="3-2404" name="Paratext5MappingDetection_AsteriskedMarkersWithNoBeginMarker" fullname="SIL.LCModel.DomainImpl.ScrImportFileInfoTests.Paratext5MappingDetection_AsteriskedMarkersWithNoBeginMarker" methodname="Paratext5MappingDetection_AsteriskedMarkersWithNoBeginMarker" classname="SIL.LCModel.DomainImpl.ScrImportFileInfoTests" runstate="Runnable" seed="1097093480" result="Passed" start-time="2020-10-05 16:46:19Z" end-time="2020-10-05 16:46:19Z" duration="0.000431" asserts="4" />
            <test-case id="3-2406" name="Paratext5MappingDetection_AsteriskedMarkerWithFollowingComma" fullname="SIL.LCModel.DomainImpl.ScrImportFileInfoTests.Paratext5MappingDetection_AsteriskedMarkerWithFollowingComma" methodname="Paratext5MappingDetection_AsteriskedMarkerWithFollowingComma" classname="SIL.LCModel.DomainImpl.ScrImportFileInfoTests" runstate="Runnable" seed="90308260" result="Passed" start-time="2020-10-05 16:46:19Z" end-time="2020-10-05 16:46:19Z" duration="0.000467" asserts="5" />
            <test-case id="3-2403" name="Paratext5MappingDetection_EndMarkers" fullname="SIL.LCModel.DomainImpl.ScrImportFileInfoTests.Paratext5MappingDetection_EndMarkers" methodname="Paratext5MappingDetection_EndMarkers" classname="SIL.LCModel.DomainImpl.ScrImportFileInfoTests" runstate="Runnable" seed="1050705479" result="Passed" start-time="2020-10-05 16:46:19Z" end-time="2020-10-05 16:46:19Z" duration="0.000503" asserts="6" />
            <test-case id="3-2407" name="Paratext5MappingDetection_InlineMappingAtEndOfLine" fullname="SIL.LCModel.DomainImpl.ScrImportFileInfoTests.Paratext5MappingDetection_InlineMappingAtEndOfLine" methodname="Paratext5MappingDetection_InlineMappingAtEndOfLine" classname="SIL.LCModel.DomainImpl.ScrImportFileInfoTests" runstate="Runnable" seed="400190542" result="Passed" start-time="2020-10-05 16:46:19Z" end-time="2020-10-05 16:46:19Z" duration="0.000457" asserts="4" />
            <test-case id="3-2408" name="Paratext5MappingDetection_InlineMappingInSecondLine" fullname="SIL.LCModel.DomainImpl.ScrImportFileInfoTests.Paratext5MappingDetection_InlineMappingInSecondLine" methodname="Paratext5MappingDetection_InlineMappingInSecondLine" classname="SIL.LCModel.DomainImpl.ScrImportFileInfoTests" runstate="Runnable" seed="844576853" result="Passed" start-time="2020-10-05 16:46:19Z" end-time="2020-10-05 16:46:19Z" duration="0.000541" asserts="4" />
            <test-case id="3-2402" name="Paratext5MappingDetection_MultipleInlineMappings" fullname="SIL.LCModel.DomainImpl.ScrImportFileInfoTests.Paratext5MappingDetection_MultipleInlineMappings" methodname="Paratext5MappingDetection_MultipleInlineMappings" classname="SIL.LCModel.DomainImpl.ScrImportFileInfoTests" runstate="Runnable" seed="1805129317" result="Passed" start-time="2020-10-05 16:46:19Z" end-time="2020-10-05 16:46:19Z" duration="0.000563" asserts="4" />
            <test-case id="3-2400" name="Paratext5MappingDetection_NoInlineMappings_Baseline" fullname="SIL.LCModel.DomainImpl.ScrImportFileInfoTests.Paratext5MappingDetection_NoInlineMappings_Baseline" methodname="Paratext5MappingDetection_NoInlineMappings_Baseline" classname="SIL.LCModel.DomainImpl.ScrImportFileInfoTests" runstate="Runnable" seed="533866281" result="Passed" start-time="2020-10-05 16:46:19Z" end-time="2020-10-05 16:46:19Z" duration="0.000708" asserts="4" />
            <test-case id="3-2401" name="Paratext5MappingDetection_SingleInlineMapping" fullname="SIL.LCModel.DomainImpl.ScrImportFileInfoTests.Paratext5MappingDetection_SingleInlineMapping" methodname="Paratext5MappingDetection_SingleInlineMapping" classname="SIL.LCModel.DomainImpl.ScrImportFileInfoTests" runstate="Runnable" seed="1317494447" result="Passed" start-time="2020-10-05 16:46:19Z" end-time="2020-10-05 16:46:19Z" duration="0.000427" asserts="4" />
            <test-case id="3-2363" name="ScanMultiBookFile" fullname="SIL.LCModel.DomainImpl.ScrImportFileInfoTests.ScanMultiBookFile" methodname="ScanMultiBookFile" classname="SIL.LCModel.DomainImpl.ScrImportFileInfoTests" runstate="Runnable" seed="412134106" result="Passed" start-time="2020-10-05 16:46:19Z" end-time="2020-10-05 16:46:19Z" duration="0.000404" asserts="11" />
            <test-case id="3-2366" name="ScanNoChapterFile" fullname="SIL.LCModel.DomainImpl.ScrImportFileInfoTests.ScanNoChapterFile" methodname="ScanNoChapterFile" classname="SIL.LCModel.DomainImpl.ScrImportFileInfoTests" runstate="Runnable" seed="1224177748" result="Passed" start-time="2020-10-05 16:46:19Z" end-time="2020-10-05 16:46:19Z" duration="0.000278" asserts="6" />
            <test-case id="3-2364" name="ScanOutOfOrderChapterFile" fullname="SIL.LCModel.DomainImpl.ScrImportFileInfoTests.ScanOutOfOrderChapterFile" methodname="ScanOutOfOrderChapterFile" classname="SIL.LCModel.DomainImpl.ScrImportFileInfoTests" runstate="Runnable" seed="868120473" result="Passed" start-time="2020-10-05 16:46:19Z" end-time="2020-10-05 16:46:19Z" duration="0.000296" asserts="7" />
            <test-case id="3-2362" name="ScanSingleBookFile" fullname="SIL.LCModel.DomainImpl.ScrImportFileInfoTests.ScanSingleBookFile" methodname="ScanSingleBookFile" classname="SIL.LCModel.DomainImpl.ScrImportFileInfoTests" runstate="Runnable" seed="1451255503" result="Passed" start-time="2020-10-05 16:46:19Z" end-time="2020-10-05 16:46:19Z" duration="0.000276" asserts="7" />
            <test-case id="3-2365" name="ScanSingleChapterFile" fullname="SIL.LCModel.DomainImpl.ScrImportFileInfoTests.ScanSingleChapterFile" methodname="ScanSingleChapterFile" classname="SIL.LCModel.DomainImpl.ScrImportFileInfoTests" runstate="Runnable" seed="1837734955" result="Passed" start-time="2020-10-05 16:46:19Z" end-time="2020-10-05 16:46:19Z" duration="0.000258" asserts="7" />
            <test-case id="3-2389" name="ScrImportFileInfo_InitializedWithEncoding_ASCII" fullname="SIL.LCModel.DomainImpl.ScrImportFileInfoTests.ScrImportFileInfo_InitializedWithEncoding_ASCII" methodname="ScrImportFileInfo_InitializedWithEncoding_ASCII" classname="SIL.LCModel.DomainImpl.ScrImportFileInfoTests" runstate="Runnable" seed="1496031026" result="Passed" start-time="2020-10-05 16:46:19Z" end-time="2020-10-05 16:46:19Z" duration="0.001487" asserts="2" />
            <test-case id="3-2388" name="ScrImportFileInfo_InitializedWithEncoding_UnicodeBOM" fullname="SIL.LCModel.DomainImpl.ScrImportFileInfoTests.ScrImportFileInfo_InitializedWithEncoding_UnicodeBOM" methodname="ScrImportFileInfo_InitializedWithEncoding_UnicodeBOM" classname="SIL.LCModel.DomainImpl.ScrImportFileInfoTests" runstate="Runnable" seed="27300967" result="Passed" start-time="2020-10-05 16:46:19Z" end-time="2020-10-05 16:46:19Z" duration="0.000198" asserts="2" />
            <test-case id="3-2392" name="TwoFigureEntries_good_NotScanningInline" fullname="SIL.LCModel.DomainImpl.ScrImportFileInfoTests.TwoFigureEntries_good_NotScanningInline" methodname="TwoFigureEntries_good_NotScanningInline" classname="SIL.LCModel.DomainImpl.ScrImportFileInfoTests" runstate="Runnable" seed="1533693524" result="Passed" start-time="2020-10-05 16:46:19Z" end-time="2020-10-05 16:46:19Z" duration="0.000531" asserts="4" />
          </test-suite>
          <test-suite type="TestFixture" id="3-2409" name="ScrImportSetTests" fullname="SIL.LCModel.DomainImpl.ScrImportSetTests" classname="SIL.LCModel.DomainImpl.ScrImportSetTests" runstate="Runnable" testcasecount="21" result="Passed" start-time="2020-10-05 16:46:19Z" end-time="2020-10-05 16:46:19Z" duration="0.162385" total="21" passed="21" failed="0" warnings="0" inconclusive="0" skipped="0" asserts="335">
            <test-case id="3-2418" name="AddFile_AddingExistingFile" fullname="SIL.LCModel.DomainImpl.ScrImportSetTests.AddFile_AddingExistingFile" methodname="AddFile_AddingExistingFile" classname="SIL.LCModel.DomainImpl.ScrImportSetTests" runstate="Runnable" seed="1817608107" result="Passed" start-time="2020-10-05 16:46:19Z" end-time="2020-10-05 16:46:19Z" duration="0.012121" asserts="12" />
            <test-case id="3-2416" name="AddFile_Main" fullname="SIL.LCModel.DomainImpl.ScrImportSetTests.AddFile_Main" methodname="AddFile_Main" classname="SIL.LCModel.DomainImpl.ScrImportSetTests" runstate="Runnable" seed="1717222200" result="Passed" start-time="2020-10-05 16:46:19Z" end-time="2020-10-05 16:46:19Z" duration="0.028353" asserts="2" />
            <test-case id="3-2417" name="AddNonexistentFileToProject" fullname="SIL.LCModel.DomainImpl.ScrImportSetTests.AddNonexistentFileToProject" methodname="AddNonexistentFileToProject" classname="SIL.LCModel.DomainImpl.ScrImportSetTests" runstate="Runnable" seed="428174275" result="Passed" start-time="2020-10-05 16:46:19Z" end-time="2020-10-05 16:46:19Z" duration="0.000424" asserts="0" />
            <test-case id="3-2423" name="AttemptToUseSameParatextProjectTwice" fullname="SIL.LCModel.DomainImpl.ScrImportSetTests.AttemptToUseSameParatextProjectTwice" methodname="AttemptToUseSameParatextProjectTwice" classname="SIL.LCModel.DomainImpl.ScrImportSetTests" runstate="Runnable" seed="585475616" result="Passed" start-time="2020-10-05 16:46:19Z" end-time="2020-10-05 16:46:19Z" duration="0.005782" asserts="1" />
            <test-case id="3-2429" name="BasicSettingsExist_Other" fullname="SIL.LCModel.DomainImpl.ScrImportSetTests.BasicSettingsExist_Other" methodname="BasicSettingsExist_Other" classname="SIL.LCModel.DomainImpl.ScrImportSetTests" runstate="Runnable" seed="668439037" result="Passed" start-time="2020-10-05 16:46:19Z" end-time="2020-10-05 16:46:19Z" duration="0.001771" asserts="6" />
            <test-case id="3-2428" name="BasicSettingsExist_Paratext6" fullname="SIL.LCModel.DomainImpl.ScrImportSetTests.BasicSettingsExist_Paratext6" methodname="BasicSettingsExist_Paratext6" classname="SIL.LCModel.DomainImpl.ScrImportSetTests" runstate="Runnable" seed="1671177903" result="Passed" start-time="2020-10-05 16:46:19Z" end-time="2020-10-05 16:46:19Z" duration="0.001514" asserts="5" />
            <test-case id="3-2430" name="BasicSettingsExist_Paretxt5" fullname="SIL.LCModel.DomainImpl.ScrImportSetTests.BasicSettingsExist_Paretxt5" methodname="BasicSettingsExist_Paretxt5" classname="SIL.LCModel.DomainImpl.ScrImportSetTests" runstate="Runnable" seed="766886572" result="Passed" start-time="2020-10-05 16:46:19Z" end-time="2020-10-05 16:46:19Z" duration="0.000395" asserts="2" />
            <test-case id="3-2427" name="BasicSettingsExist_Unknown" fullname="SIL.LCModel.DomainImpl.ScrImportSetTests.BasicSettingsExist_Unknown" methodname="BasicSettingsExist_Unknown" classname="SIL.LCModel.DomainImpl.ScrImportSetTests" runstate="Runnable" seed="218642136" result="Passed" start-time="2020-10-05 16:46:19Z" end-time="2020-10-05 16:46:19Z" duration="0.001941" asserts="1" />
            <test-case id="3-2425" name="HasNonInterleavedBT_Paratext5" fullname="SIL.LCModel.DomainImpl.ScrImportSetTests.HasNonInterleavedBT_Paratext5" methodname="HasNonInterleavedBT_Paratext5" classname="SIL.LCModel.DomainImpl.ScrImportSetTests" runstate="Runnable" seed="467404189" result="Passed" start-time="2020-10-05 16:46:19Z" end-time="2020-10-05 16:46:19Z" duration="0.000729" asserts="2" />
            <test-case id="3-2426" name="HasNonInterleavedNotes_Paratext5" fullname="SIL.LCModel.DomainImpl.ScrImportSetTests.HasNonInterleavedNotes_Paratext5" methodname="HasNonInterleavedNotes_Paratext5" classname="SIL.LCModel.DomainImpl.ScrImportSetTests" runstate="Runnable" seed="1020839005" result="Passed" start-time="2020-10-05 16:46:19Z" end-time="2020-10-05 16:46:19Z" duration="0.000681" asserts="2" />
            <test-case id="3-2419" name="MarkMappingsInUse_FlagsClearedWhenAllFilesRemoved" fullname="SIL.LCModel.DomainImpl.ScrImportSetTests.MarkMappingsInUse_FlagsClearedWhenAllFilesRemoved" methodname="MarkMappingsInUse_FlagsClearedWhenAllFilesRemoved" classname="SIL.LCModel.DomainImpl.ScrImportSetTests" runstate="Runnable" seed="1693271285" result="Passed" start-time="2020-10-05 16:46:19Z" end-time="2020-10-05 16:46:19Z" duration="0.001608" asserts="5" />
            <test-case id="3-2422" name="MarkMappingsInUse_SwitchFromParatext5ToOther_Annotations" fullname="SIL.LCModel.DomainImpl.ScrImportSetTests.MarkMappingsInUse_SwitchFromParatext5ToOther_Annotations" methodname="MarkMappingsInUse_SwitchFromParatext5ToOther_Annotations" classname="SIL.LCModel.DomainImpl.ScrImportSetTests" runstate="Runnable" seed="66463378" result="Passed" start-time="2020-10-05 16:46:19Z" end-time="2020-10-05 16:46:19Z" duration="0.000821" asserts="3" />
            <test-case id="3-2421" name="MarkMappingsInUse_SwitchFromParatext5ToOther_Main" fullname="SIL.LCModel.DomainImpl.ScrImportSetTests.MarkMappingsInUse_SwitchFromParatext5ToOther_Main" methodname="MarkMappingsInUse_SwitchFromParatext5ToOther_Main" classname="SIL.LCModel.DomainImpl.ScrImportSetTests" runstate="Runnable" seed="1693890684" result="Passed" start-time="2020-10-05 16:46:19Z" end-time="2020-10-05 16:46:19Z" duration="0.000496" asserts="3" />
            <test-case id="3-2420" name="MarkMappingsInUse_SwitchFromParatext6ToOther" fullname="SIL.LCModel.DomainImpl.ScrImportSetTests.MarkMappingsInUse_SwitchFromParatext6ToOther" methodname="MarkMappingsInUse_SwitchFromParatext6ToOther" classname="SIL.LCModel.DomainImpl.ScrImportSetTests" runstate="Runnable" seed="2032513140" result="Passed" start-time="2020-10-05 16:46:19Z" end-time="2020-10-05 16:46:19Z" duration="0.000720" asserts="0" />
            <test-case id="3-2410" name="SaveAndLoadMappings" fullname="SIL.LCModel.DomainImpl.ScrImportSetTests.SaveAndLoadMappings" methodname="SaveAndLoadMappings" classname="SIL.LCModel.DomainImpl.ScrImportSetTests" runstate="Runnable" seed="1293903979" result="Passed" start-time="2020-10-05 16:46:19Z" end-time="2020-10-05 16:46:19Z" duration="0.016962" asserts="164" />
            <test-case id="3-2411" name="SaveAndLoadMappings_DeleteModify" fullname="SIL.LCModel.DomainImpl.ScrImportSetTests.SaveAndLoadMappings_DeleteModify" methodname="SaveAndLoadMappings_DeleteModify" classname="SIL.LCModel.DomainImpl.ScrImportSetTests" runstate="Runnable" seed="597484602" result="Passed" start-time="2020-10-05 16:46:19Z" end-time="2020-10-05 16:46:19Z" duration="0.003980" asserts="23" />
            <test-case id="3-2415" name="SaveAndReloadParatext6Projects" fullname="SIL.LCModel.DomainImpl.ScrImportSetTests.SaveAndReloadParatext6Projects" methodname="SaveAndReloadParatext6Projects" classname="SIL.LCModel.DomainImpl.ScrImportSetTests" runstate="Runnable" seed="1680447028" result="Passed" start-time="2020-10-05 16:46:19Z" end-time="2020-10-05 16:46:19Z" duration="0.001373" asserts="10" />
            <test-case id="3-2414" name="SaveAndReloadProjectFiles_Other" fullname="SIL.LCModel.DomainImpl.ScrImportSetTests.SaveAndReloadProjectFiles_Other" methodname="SaveAndReloadProjectFiles_Other" classname="SIL.LCModel.DomainImpl.ScrImportSetTests" runstate="Runnable" seed="773570241" result="Passed" start-time="2020-10-05 16:46:19Z" end-time="2020-10-05 16:46:19Z" duration="0.008222" asserts="57" />
            <test-case id="3-2412" name="SaveAndReloadProjectFiles_P5" fullname="SIL.LCModel.DomainImpl.ScrImportSetTests.SaveAndReloadProjectFiles_P5" methodname="SaveAndReloadProjectFiles_P5" classname="SIL.LCModel.DomainImpl.ScrImportSetTests" runstate="Runnable" seed="1059712621" result="Passed" start-time="2020-10-05 16:46:19Z" end-time="2020-10-05 16:46:19Z" duration="0.003313" asserts="16" />
            <test-case id="3-2413" name="SaveAndReloadSources_SaveSeparateSourcesWhenImportTypeChanges" fullname="SIL.LCModel.DomainImpl.ScrImportSetTests.SaveAndReloadSources_SaveSeparateSourcesWhenImportTypeChanges" methodname="SaveAndReloadSources_SaveSeparateSourcesWhenImportTypeChanges" classname="SIL.LCModel.DomainImpl.ScrImportSetTests" runstate="Runnable" seed="403693543" result="Passed" start-time="2020-10-05 16:46:19Z" end-time="2020-10-05 16:46:19Z" duration="0.003568" asserts="19" />
            <test-case id="3-2424" name="SwitchFromParatext6ToParatext5Project" fullname="SIL.LCModel.DomainImpl.ScrImportSetTests.SwitchFromParatext6ToParatext5Project" methodname="SwitchFromParatext6ToParatext5Project" classname="SIL.LCModel.DomainImpl.ScrImportSetTests" runstate="Runnable" seed="1936883983" result="Passed" start-time="2020-10-05 16:46:19Z" end-time="2020-10-05 16:46:19Z" duration="0.000732" asserts="2" />
          </test-suite>
          <test-suite type="TestFixture" id="3-2431" name="ScriptureSideEffectsTests" fullname="SIL.LCModel.DomainImpl.ScriptureSideEffectsTests" classname="SIL.LCModel.DomainImpl.ScriptureSideEffectsTests" runstate="Runnable" testcasecount="24" result="Skipped" label="Ignored" site="Child" start-time="2020-10-05 16:46:19Z" end-time="2020-10-05 16:46:19Z" duration="0.119384" total="24" passed="22" failed="0" warnings="0" inconclusive="0" skipped="2" asserts="79">
            <reason>
              <message><![CDATA[One or more child tests were ignored]]></message>
            </reason>
            <test-case id="3-2447" name="AdjustSectionReferences_ChangedChapterNumAtBeginning" fullname="SIL.LCModel.DomainImpl.ScriptureSideEffectsTests.AdjustSectionReferences_ChangedChapterNumAtBeginning" methodname="AdjustSectionReferences_ChangedChapterNumAtBeginning" classname="SIL.LCModel.DomainImpl.ScriptureSideEffectsTests" runstate="Runnable" seed="1944778318" result="Passed" start-time="2020-10-05 16:46:19Z" end-time="2020-10-05 16:46:19Z" duration="0.004449" asserts="8" />
            <test-case id="3-2435" name="AdjustSectionReferences_DeleteCascadeChangeToNextsection" fullname="SIL.LCModel.DomainImpl.ScriptureSideEffectsTests.AdjustSectionReferences_DeleteCascadeChangeToNextsection" methodname="AdjustSectionReferences_DeleteCascadeChangeToNextsection" classname="SIL.LCModel.DomainImpl.ScriptureSideEffectsTests" runstate="Runnable" seed="543858483" result="Passed" start-time="2020-10-05 16:46:19Z" end-time="2020-10-05 16:46:19Z" duration="0.002601" asserts="6" />
            <test-case id="3-2434" name="AdjustSectionReferences_DeleteCascadeNoChangeIfNextSectionStartsWithVerse" fullname="SIL.LCModel.DomainImpl.ScriptureSideEffectsTests.AdjustSectionReferences_DeleteCascadeNoChangeIfNextSectionStartsWithVerse" methodname="AdjustSectionReferences_DeleteCascadeNoChangeIfNextSectionStartsWithVerse" classname="SIL.LCModel.DomainImpl.ScriptureSideEffectsTests" runstate="Runnable" seed="1026095549" result="Passed" start-time="2020-10-05 16:46:19Z" end-time="2020-10-05 16:46:19Z" duration="0.001661" asserts="4" />
            <test-case id="3-2446" name="AdjustSectionReferences_DeletedChapterNumAtBeginning" fullname="SIL.LCModel.DomainImpl.ScriptureSideEffectsTests.AdjustSectionReferences_DeletedChapterNumAtBeginning" methodname="AdjustSectionReferences_DeletedChapterNumAtBeginning" classname="SIL.LCModel.DomainImpl.ScriptureSideEffectsTests" runstate="Runnable" seed="930698895" result="Passed" start-time="2020-10-05 16:46:19Z" end-time="2020-10-05 16:46:19Z" duration="0.002426" asserts="4" />
            <test-case id="3-2444" name="AdjustSectionReferences_DeletedVerseAtBeginning" fullname="SIL.LCModel.DomainImpl.ScriptureSideEffectsTests.AdjustSectionReferences_DeletedVerseAtBeginning" methodname="AdjustSectionReferences_DeletedVerseAtBeginning" classname="SIL.LCModel.DomainImpl.ScriptureSideEffectsTests" runstate="Runnable" seed="1494344332" result="Passed" start-time="2020-10-05 16:46:19Z" end-time="2020-10-05 16:46:19Z" duration="0.003342" asserts="4" />
            <test-case id="3-2445" name="AdjustSectionReferences_DeletedVerseNumAtBeginning" fullname="SIL.LCModel.DomainImpl.ScriptureSideEffectsTests.AdjustSectionReferences_DeletedVerseNumAtBeginning" methodname="AdjustSectionReferences_DeletedVerseNumAtBeginning" classname="SIL.LCModel.DomainImpl.ScriptureSideEffectsTests" runstate="Runnable" seed="1240155479" result="Passed" start-time="2020-10-05 16:46:19Z" end-time="2020-10-05 16:46:19Z" duration="0.002016" asserts="4" />
            <test-case id="3-2441" name="AdjustSectionReferences_ExtendVerseRangeAtBeginning" fullname="SIL.LCModel.DomainImpl.ScriptureSideEffectsTests.AdjustSectionReferences_ExtendVerseRangeAtBeginning" methodname="AdjustSectionReferences_ExtendVerseRangeAtBeginning" classname="SIL.LCModel.DomainImpl.ScriptureSideEffectsTests" runstate="Runnable" seed="957619887" result="Passed" start-time="2020-10-05 16:46:19Z" end-time="2020-10-05 16:46:19Z" duration="0.001127" asserts="4" />
            <test-case id="3-2433" name="AdjustSectionReferences_InsertCascadeChangeToNextsection" fullname="SIL.LCModel.DomainImpl.ScriptureSideEffectsTests.AdjustSectionReferences_InsertCascadeChangeToNextsection" methodname="AdjustSectionReferences_InsertCascadeChangeToNextsection" classname="SIL.LCModel.DomainImpl.ScriptureSideEffectsTests" runstate="Runnable" seed="639275103" result="Passed" start-time="2020-10-05 16:46:19Z" end-time="2020-10-05 16:46:19Z" duration="0.002150" asserts="4" />
            <test-case id="3-2438" name="AdjustSectionReferences_InsertedBadVerseNumAtBeginning" fullname="SIL.LCModel.DomainImpl.ScriptureSideEffectsTests.AdjustSectionReferences_InsertedBadVerseNumAtBeginning" methodname="AdjustSectionReferences_InsertedBadVerseNumAtBeginning" classname="SIL.LCModel.DomainImpl.ScriptureSideEffectsTests" runstate="Runnable" seed="84544179" result="Passed" start-time="2020-10-05 16:46:19Z" end-time="2020-10-05 16:46:19Z" duration="0.001497" asserts="4" />
            <test-case id="3-2437" name="AdjustSectionReferences_InsertedBadVerseNumAtEnd" fullname="SIL.LCModel.DomainImpl.ScriptureSideEffectsTests.AdjustSectionReferences_InsertedBadVerseNumAtEnd" methodname="AdjustSectionReferences_InsertedBadVerseNumAtEnd" classname="SIL.LCModel.DomainImpl.ScriptureSideEffectsTests" runstate="Runnable" seed="762315817" result="Passed" start-time="2020-10-05 16:46:19Z" end-time="2020-10-05 16:46:19Z" duration="0.001537" asserts="4" />
            <test-case id="3-2436" name="AdjustSectionReferences_InsertedPartialVerseNumAtEnd" fullname="SIL.LCModel.DomainImpl.ScriptureSideEffectsTests.AdjustSectionReferences_InsertedPartialVerseNumAtEnd" methodname="AdjustSectionReferences_InsertedPartialVerseNumAtEnd" classname="SIL.LCModel.DomainImpl.ScriptureSideEffectsTests" runstate="Ignored" seed="50885838" result="Skipped" label="Ignored" start-time="2020-10-05 16:46:19Z" end-time="2020-10-05 16:46:19Z" duration="0.000004" asserts="0">
              <properties>
                <property name="_SKIPREASON" value="Not sure if we want this rqmt. Expensive to do, and not a critical bug right now." />
              </properties>
              <reason>
                <message><![CDATA[Not sure if we want this rqmt. Expensive to do, and not a critical bug right now.]]></message>
              </reason>
            </test-case>
            <test-case id="3-2448" name="AdjustSectionReferences_InsertedScriptureSectionAfterIntro" fullname="SIL.LCModel.DomainImpl.ScriptureSideEffectsTests.AdjustSectionReferences_InsertedScriptureSectionAfterIntro" methodname="AdjustSectionReferences_InsertedScriptureSectionAfterIntro" classname="SIL.LCModel.DomainImpl.ScriptureSideEffectsTests" runstate="Runnable" seed="346179034" result="Passed" start-time="2020-10-05 16:46:19Z" end-time="2020-10-05 16:46:19Z" duration="0.002858" asserts="2" />
            <test-case id="3-2442" name="AdjustSectionReferences_InsertedVerseAtBeginning_BeginOfBook" fullname="SIL.LCModel.DomainImpl.ScriptureSideEffectsTests.AdjustSectionReferences_InsertedVerseAtBeginning_BeginOfBook" methodname="AdjustSectionReferences_InsertedVerseAtBeginning_BeginOfBook" classname="SIL.LCModel.DomainImpl.ScriptureSideEffectsTests" runstate="Runnable" seed="1378184590" result="Passed" start-time="2020-10-05 16:46:19Z" end-time="2020-10-05 16:46:19Z" duration="0.002046" asserts="4" />
            <test-case id="3-2443" name="AdjustSectionReferences_InsertedVerseAtBeginning_MiddleOfBook" fullname="SIL.LCModel.DomainImpl.ScriptureSideEffectsTests.AdjustSectionReferences_InsertedVerseAtBeginning_MiddleOfBook" methodname="AdjustSectionReferences_InsertedVerseAtBeginning_MiddleOfBook" classname="SIL.LCModel.DomainImpl.ScriptureSideEffectsTests" runstate="Runnable" seed="1684754362" result="Passed" start-time="2020-10-05 16:46:19Z" end-time="2020-10-05 16:46:19Z" duration="0.002345" asserts="4" />
            <test-case id="3-2432" name="AdjustSectionReferences_InsertedVerseAtEnd" fullname="SIL.LCModel.DomainImpl.ScriptureSideEffectsTests.AdjustSectionReferences_InsertedVerseAtEnd" methodname="AdjustSectionReferences_InsertedVerseAtEnd" classname="SIL.LCModel.DomainImpl.ScriptureSideEffectsTests" runstate="Runnable" seed="2078259596" result="Passed" start-time="2020-10-05 16:46:19Z" end-time="2020-10-05 16:46:19Z" duration="0.001166" asserts="2" />
            <test-case id="3-2439" name="AdjustSectionReferences_ParaContentsDeleted" fullname="SIL.LCModel.DomainImpl.ScriptureSideEffectsTests.AdjustSectionReferences_ParaContentsDeleted" methodname="AdjustSectionReferences_ParaContentsDeleted" classname="SIL.LCModel.DomainImpl.ScriptureSideEffectsTests" runstate="Runnable" seed="1225982903" result="Passed" start-time="2020-10-05 16:46:19Z" end-time="2020-10-05 16:46:19Z" duration="0.001599" asserts="4" />
            <test-case id="3-2440" name="AdjustSectionReferences_TrimFirstVerseToSingleDigit" fullname="SIL.LCModel.DomainImpl.ScriptureSideEffectsTests.AdjustSectionReferences_TrimFirstVerseToSingleDigit" methodname="AdjustSectionReferences_TrimFirstVerseToSingleDigit" classname="SIL.LCModel.DomainImpl.ScriptureSideEffectsTests" runstate="Ignored" seed="1582308327" result="Skipped" label="Ignored" start-time="2020-10-05 16:46:19Z" end-time="2020-10-05 16:46:19Z" duration="0.000004" asserts="0">
              <properties>
                <property name="_SKIPREASON" value="This problem with section reference range is corrected when user corrects verse numbers" />
              </properties>
              <reason>
                <message><![CDATA[This problem with section reference range is corrected when user corrects verse numbers]]></message>
              </reason>
            </test-case>
            <test-case id="3-2453" name="CreateBtsWhenContentParagraphIsReplacedByMultipleOtherParagraphs" fullname="SIL.LCModel.DomainImpl.ScriptureSideEffectsTests.CreateBtsWhenContentParagraphIsReplacedByMultipleOtherParagraphs" methodname="CreateBtsWhenContentParagraphIsReplacedByMultipleOtherParagraphs" classname="SIL.LCModel.DomainImpl.ScriptureSideEffectsTests" runstate="Runnable" seed="628312767" result="Passed" start-time="2020-10-05 16:46:19Z" end-time="2020-10-05 16:46:19Z" duration="0.001165" asserts="6" />
            <test-case id="3-2455" name="CreateBtWhenBookTitleParagraphIsAdded" fullname="SIL.LCModel.DomainImpl.ScriptureSideEffectsTests.CreateBtWhenBookTitleParagraphIsAdded" methodname="CreateBtWhenBookTitleParagraphIsAdded" classname="SIL.LCModel.DomainImpl.ScriptureSideEffectsTests" runstate="Runnable" seed="1182504510" result="Passed" start-time="2020-10-05 16:46:19Z" end-time="2020-10-05 16:46:19Z" duration="0.002288" asserts="4" />
            <test-case id="3-2452" name="CreateBtWhenContentParagraphIsAdded" fullname="SIL.LCModel.DomainImpl.ScriptureSideEffectsTests.CreateBtWhenContentParagraphIsAdded" methodname="CreateBtWhenContentParagraphIsAdded" classname="SIL.LCModel.DomainImpl.ScriptureSideEffectsTests" runstate="Runnable" seed="355627126" result="Passed" start-time="2020-10-05 16:46:19Z" end-time="2020-10-05 16:46:19Z" duration="0.000709" asserts="2" />
            <test-case id="3-2454" name="CreateBtWhenHeadingParagraphIsAdded" fullname="SIL.LCModel.DomainImpl.ScriptureSideEffectsTests.CreateBtWhenHeadingParagraphIsAdded" methodname="CreateBtWhenHeadingParagraphIsAdded" classname="SIL.LCModel.DomainImpl.ScriptureSideEffectsTests" runstate="Runnable" seed="1632820" result="Passed" start-time="2020-10-05 16:46:19Z" end-time="2020-10-05 16:46:19Z" duration="0.000852" asserts="2" />
            <test-case id="3-2450" name="LeaveBtStatusUnchangedIfNothingInParaChanged" fullname="SIL.LCModel.DomainImpl.ScriptureSideEffectsTests.LeaveBtStatusUnchangedIfNothingInParaChanged" methodname="LeaveBtStatusUnchangedIfNothingInParaChanged" classname="SIL.LCModel.DomainImpl.ScriptureSideEffectsTests" runstate="Runnable" seed="647144287" result="Passed" start-time="2020-10-05 16:46:19Z" end-time="2020-10-05 16:46:19Z" duration="0.002794" asserts="1" />
            <test-case id="3-2451" name="MarkBtAsUnfinishedOnBtEdit" fullname="SIL.LCModel.DomainImpl.ScriptureSideEffectsTests.MarkBtAsUnfinishedOnBtEdit" methodname="MarkBtAsUnfinishedOnBtEdit" classname="SIL.LCModel.DomainImpl.ScriptureSideEffectsTests" runstate="Runnable" seed="965844019" result="Passed" start-time="2020-10-05 16:46:19Z" end-time="2020-10-05 16:46:19Z" duration="0.001425" asserts="1" />
            <test-case id="3-2449" name="MarkBtAsUnfinishedOnVernacularEdit" fullname="SIL.LCModel.DomainImpl.ScriptureSideEffectsTests.MarkBtAsUnfinishedOnVernacularEdit" methodname="MarkBtAsUnfinishedOnVernacularEdit" classname="SIL.LCModel.DomainImpl.ScriptureSideEffectsTests" runstate="Runnable" seed="1933567113" result="Passed" start-time="2020-10-05 16:46:19Z" end-time="2020-10-05 16:46:19Z" duration="0.001885" asserts="1" />
          </test-suite>
          <test-suite type="TestFixture" id="3-2456" name="ScriptureTests" fullname="SIL.LCModel.DomainImpl.ScriptureTests" classname="SIL.LCModel.DomainImpl.ScriptureTests" runstate="Runnable" testcasecount="43" result="Passed" start-time="2020-10-05 16:46:19Z" end-time="2020-10-05 16:46:19Z" duration="0.182907" total="43" passed="43" failed="0" warnings="0" inconclusive="0" skipped="0" asserts="249">
            <test-case id="3-2470" name="AdjustAnnotationReferences_FirstIntroPara" fullname="SIL.LCModel.DomainImpl.ScriptureTests.AdjustAnnotationReferences_FirstIntroPara" methodname="AdjustAnnotationReferences_FirstIntroPara" classname="SIL.LCModel.DomainImpl.ScriptureTests" runstate="Runnable" seed="688639578" result="Passed" start-time="2020-10-05 16:46:19Z" end-time="2020-10-05 16:46:19Z" duration="0.013226" asserts="2" />
            <test-case id="3-2471" name="AdjustAnnotationReferences_FirstTitlePara" fullname="SIL.LCModel.DomainImpl.ScriptureTests.AdjustAnnotationReferences_FirstTitlePara" methodname="AdjustAnnotationReferences_FirstTitlePara" classname="SIL.LCModel.DomainImpl.ScriptureTests" runstate="Runnable" seed="1822371529" result="Passed" start-time="2020-10-05 16:46:19Z" end-time="2020-10-05 16:46:19Z" duration="0.002943" asserts="2" />
            <test-case id="3-2472" name="AdjustAnnotationReferences_ParaInArchive" fullname="SIL.LCModel.DomainImpl.ScriptureTests.AdjustAnnotationReferences_ParaInArchive" methodname="AdjustAnnotationReferences_ParaInArchive" classname="SIL.LCModel.DomainImpl.ScriptureTests" runstate="Runnable" seed="2021328724" result="Passed" start-time="2020-10-05 16:46:19Z" end-time="2020-10-05 16:46:19Z" duration="0.016112" asserts="2" />
            <test-case id="3-2473" name="AdjustAnnotationReferences_WithQuote" fullname="SIL.LCModel.DomainImpl.ScriptureTests.AdjustAnnotationReferences_WithQuote" methodname="AdjustAnnotationReferences_WithQuote" classname="SIL.LCModel.DomainImpl.ScriptureTests" runstate="Runnable" seed="800017982" result="Passed" start-time="2020-10-05 16:46:19Z" end-time="2020-10-05 16:46:19Z" duration="0.005496" asserts="4" />
            <test-case id="3-2464" name="ChapterVerseBridgeAsStringTest" fullname="SIL.LCModel.DomainImpl.ScriptureTests.ChapterVerseBridgeAsStringTest" methodname="ChapterVerseBridgeAsStringTest" classname="SIL.LCModel.DomainImpl.ScriptureTests" runstate="Runnable" seed="296640252" result="Passed" start-time="2020-10-05 16:46:19Z" end-time="2020-10-05 16:46:19Z" duration="0.000425" asserts="1" />
            <test-case id="3-2462" name="ChapterVerseBridgeAsStringTest_DifferentBooks" fullname="SIL.LCModel.DomainImpl.ScriptureTests.ChapterVerseBridgeAsStringTest_DifferentBooks" methodname="ChapterVerseBridgeAsStringTest_DifferentBooks" classname="SIL.LCModel.DomainImpl.ScriptureTests" runstate="Runnable" seed="449721974" result="Passed" start-time="2020-10-05 16:46:19Z" end-time="2020-10-05 16:46:19Z" duration="0.000523" asserts="1" />
            <test-case id="3-2463" name="ChapterVerseBridgeAsStringTest_DifferentChapters" fullname="SIL.LCModel.DomainImpl.ScriptureTests.ChapterVerseBridgeAsStringTest_DifferentChapters" methodname="ChapterVerseBridgeAsStringTest_DifferentChapters" classname="SIL.LCModel.DomainImpl.ScriptureTests" runstate="Runnable" seed="2088095859" result="Passed" start-time="2020-10-05 16:46:19Z" end-time="2020-10-05 16:46:19Z" duration="0.000534" asserts="1" />
            <test-case id="3-2461" name="ChapterVerseRefAsStringTest" fullname="SIL.LCModel.DomainImpl.ScriptureTests.ChapterVerseRefAsStringTest" methodname="ChapterVerseRefAsStringTest" classname="SIL.LCModel.DomainImpl.ScriptureTests" runstate="Runnable" seed="1004213023" result="Passed" start-time="2020-10-05 16:46:19Z" end-time="2020-10-05 16:46:19Z" duration="0.000441" asserts="4" />
            <test-case id="3-2460" name="ConvertToStringTests" fullname="SIL.LCModel.DomainImpl.ScriptureTests.ConvertToStringTests" methodname="ConvertToStringTests" classname="SIL.LCModel.DomainImpl.ScriptureTests" runstate="Runnable" seed="23552752" result="Passed" start-time="2020-10-05 16:46:19Z" end-time="2020-10-05 16:46:19Z" duration="0.000440" asserts="4" />
            <test-case id="3-2490" name="CreateScriptureCreatesBookAnnotations" fullname="SIL.LCModel.DomainImpl.ScriptureTests.CreateScriptureCreatesBookAnnotations" methodname="CreateScriptureCreatesBookAnnotations" classname="SIL.LCModel.DomainImpl.ScriptureTests" runstate="Runnable" seed="116857705" result="Passed" start-time="2020-10-05 16:46:19Z" end-time="2020-10-05 16:46:19Z" duration="0.014038" asserts="3" />
            <test-case id="3-2492" name="DetermineFootnoteMarkerType_CrossRef" fullname="SIL.LCModel.DomainImpl.ScriptureTests.DetermineFootnoteMarkerType_CrossRef" methodname="DetermineFootnoteMarkerType_CrossRef" classname="SIL.LCModel.DomainImpl.ScriptureTests" runstate="Runnable" seed="1437250615" result="Passed" start-time="2020-10-05 16:46:19Z" end-time="2020-10-05 16:46:19Z" duration="0.000445" asserts="3" />
            <test-case id="3-2491" name="DetermineFootnoteMarkerType_Normal" fullname="SIL.LCModel.DomainImpl.ScriptureTests.DetermineFootnoteMarkerType_Normal" methodname="DetermineFootnoteMarkerType_Normal" classname="SIL.LCModel.DomainImpl.ScriptureTests" runstate="Runnable" seed="1302603233" result="Passed" start-time="2020-10-05 16:46:19Z" end-time="2020-10-05 16:46:19Z" duration="0.000301" asserts="4" />
            <test-case id="3-2499" name="EnsureBooksChangeEventFires" fullname="SIL.LCModel.DomainImpl.ScriptureTests.EnsureBooksChangeEventFires" methodname="EnsureBooksChangeEventFires" classname="SIL.LCModel.DomainImpl.ScriptureTests" runstate="Runnable" seed="1965046465" result="Passed" start-time="2020-10-05 16:46:19Z" end-time="2020-10-05 16:46:19Z" duration="0.001152" asserts="10" />
            <test-case id="3-2457" name="FindBookByID" fullname="SIL.LCModel.DomainImpl.ScriptureTests.FindBookByID" methodname="FindBookByID" classname="SIL.LCModel.DomainImpl.ScriptureTests" runstate="Runnable" seed="403984246" result="Passed" start-time="2020-10-05 16:46:19Z" end-time="2020-10-05 16:46:19Z" duration="0.000557" asserts="7" />
            <test-case id="3-2465" name="FindStyle_Exists" fullname="SIL.LCModel.DomainImpl.ScriptureTests.FindStyle_Exists" methodname="FindStyle_Exists" classname="SIL.LCModel.DomainImpl.ScriptureTests" runstate="Runnable" seed="1861981674" result="Passed" start-time="2020-10-05 16:46:19Z" end-time="2020-10-05 16:46:19Z" duration="0.000500" asserts="2" />
            <test-case id="3-2466" name="FindStyle_NotExist" fullname="SIL.LCModel.DomainImpl.ScriptureTests.FindStyle_NotExist" methodname="FindStyle_NotExist" classname="SIL.LCModel.DomainImpl.ScriptureTests" runstate="Runnable" seed="1355257397" result="Passed" start-time="2020-10-05 16:46:19Z" end-time="2020-10-05 16:46:19Z" duration="0.000142" asserts="1" />
            <test-case id="3-2469" name="InsertNote_AtListBeginEnd" fullname="SIL.LCModel.DomainImpl.ScriptureTests.InsertNote_AtListBeginEnd" methodname="InsertNote_AtListBeginEnd" classname="SIL.LCModel.DomainImpl.ScriptureTests" runstate="Runnable" seed="441320706" result="Passed" start-time="2020-10-05 16:46:19Z" end-time="2020-10-05 16:46:19Z" duration="0.003837" asserts="14" />
            <test-case id="3-2468" name="InsertNote_InEmptyList" fullname="SIL.LCModel.DomainImpl.ScriptureTests.InsertNote_InEmptyList" methodname="InsertNote_InEmptyList" classname="SIL.LCModel.DomainImpl.ScriptureTests" runstate="Runnable" seed="1160599979" result="Passed" start-time="2020-10-05 16:46:19Z" end-time="2020-10-05 16:46:19Z" duration="0.002762" asserts="21" />
            <test-case id="3-2489" name="ParsePictureLoc_BBCCCVVVRange_BookOutsideORCLocation" fullname="SIL.LCModel.DomainImpl.ScriptureTests.ParsePictureLoc_BBCCCVVVRange_BookOutsideORCLocation" methodname="ParsePictureLoc_BBCCCVVVRange_BookOutsideORCLocation" classname="SIL.LCModel.DomainImpl.ScriptureTests" runstate="Runnable" seed="919211459" result="Passed" start-time="2020-10-05 16:46:19Z" end-time="2020-10-05 16:46:19Z" duration="0.001178" asserts="1" />
            <test-case id="3-2487" name="ParsePictureLoc_BBCCCVVVRange_MatchesORCLocation" fullname="SIL.LCModel.DomainImpl.ScriptureTests.ParsePictureLoc_BBCCCVVVRange_MatchesORCLocation" methodname="ParsePictureLoc_BBCCCVVVRange_MatchesORCLocation" classname="SIL.LCModel.DomainImpl.ScriptureTests" runstate="Runnable" seed="1235523048" result="Passed" start-time="2020-10-05 16:46:19Z" end-time="2020-10-05 16:46:19Z" duration="0.000201" asserts="3" />
            <test-case id="3-2488" name="ParsePictureLoc_BBCCCVVVRange_VerseOutsideORCLocation" fullname="SIL.LCModel.DomainImpl.ScriptureTests.ParsePictureLoc_BBCCCVVVRange_VerseOutsideORCLocation" methodname="ParsePictureLoc_BBCCCVVVRange_VerseOutsideORCLocation" classname="SIL.LCModel.DomainImpl.ScriptureTests" runstate="Runnable" seed="442283793" result="Passed" start-time="2020-10-05 16:46:19Z" end-time="2020-10-05 16:46:19Z" duration="0.000155" asserts="1" />
            <test-case id="3-2484" name="ParsePictureLoc_BogusReferenceRange_Backwards" fullname="SIL.LCModel.DomainImpl.ScriptureTests.ParsePictureLoc_BogusReferenceRange_Backwards" methodname="ParsePictureLoc_BogusReferenceRange_Backwards" classname="SIL.LCModel.DomainImpl.ScriptureTests" runstate="Runnable" seed="3881974" result="Passed" start-time="2020-10-05 16:46:19Z" end-time="2020-10-05 16:46:19Z" duration="0.000193" asserts="1" />
            <test-case id="3-2483" name="ParsePictureLoc_BogusReferenceRange_MultipleBooks" fullname="SIL.LCModel.DomainImpl.ScriptureTests.ParsePictureLoc_BogusReferenceRange_MultipleBooks" methodname="ParsePictureLoc_BogusReferenceRange_MultipleBooks" classname="SIL.LCModel.DomainImpl.ScriptureTests" runstate="Runnable" seed="664485761" result="Passed" start-time="2020-10-05 16:46:19Z" end-time="2020-10-05 16:46:19Z" duration="0.000176" asserts="1" />
            <test-case id="3-2482" name="ParsePictureLoc_BogusReferenceRange_Unintelligible" fullname="SIL.LCModel.DomainImpl.ScriptureTests.ParsePictureLoc_BogusReferenceRange_Unintelligible" methodname="ParsePictureLoc_BogusReferenceRange_Unintelligible" classname="SIL.LCModel.DomainImpl.ScriptureTests" runstate="Runnable" seed="84940605" result="Passed" start-time="2020-10-05 16:46:19Z" end-time="2020-10-05 16:46:19Z" duration="0.000152" asserts="1" />
            <test-case id="3-2485" name="ParsePictureLoc_NormalParaRangeInIntro" fullname="SIL.LCModel.DomainImpl.ScriptureTests.ParsePictureLoc_NormalParaRangeInIntro" methodname="ParsePictureLoc_NormalParaRangeInIntro" classname="SIL.LCModel.DomainImpl.ScriptureTests" runstate="Runnable" seed="790051900" result="Passed" start-time="2020-10-05 16:46:19Z" end-time="2020-10-05 16:46:19Z" duration="0.000269" asserts="3" />
            <test-case id="3-2477" name="ParsePictureLoc_NormalVerseRange_BookNotSpecified" fullname="SIL.LCModel.DomainImpl.ScriptureTests.ParsePictureLoc_NormalVerseRange_BookNotSpecified" methodname="ParsePictureLoc_NormalVerseRange_BookNotSpecified" classname="SIL.LCModel.DomainImpl.ScriptureTests" runstate="Runnable" seed="282966081" result="Passed" start-time="2020-10-05 16:46:19Z" end-time="2020-10-05 16:46:19Z" duration="0.000599" asserts="3" />
            <test-case id="3-2475" name="ParsePictureLoc_NormalVerseRange_BookSpecifiedOnce" fullname="SIL.LCModel.DomainImpl.ScriptureTests.ParsePictureLoc_NormalVerseRange_BookSpecifiedOnce" methodname="ParsePictureLoc_NormalVerseRange_BookSpecifiedOnce" classname="SIL.LCModel.DomainImpl.ScriptureTests" runstate="Runnable" seed="1932639795" result="Passed" start-time="2020-10-05 16:46:19Z" end-time="2020-10-05 16:46:19Z" duration="0.000225" asserts="3" />
            <test-case id="3-2476" name="ParsePictureLoc_NormalVerseRange_BookSpecifiedTwice" fullname="SIL.LCModel.DomainImpl.ScriptureTests.ParsePictureLoc_NormalVerseRange_BookSpecifiedTwice" methodname="ParsePictureLoc_NormalVerseRange_BookSpecifiedTwice" classname="SIL.LCModel.DomainImpl.ScriptureTests" runstate="Runnable" seed="1194891646" result="Passed" start-time="2020-10-05 16:46:19Z" end-time="2020-10-05 16:46:19Z" duration="0.000213" asserts="3" />
            <test-case id="3-2478" name="ParsePictureLoc_NormalVerseRange_ChapterNotSpecified" fullname="SIL.LCModel.DomainImpl.ScriptureTests.ParsePictureLoc_NormalVerseRange_ChapterNotSpecified" methodname="ParsePictureLoc_NormalVerseRange_ChapterNotSpecified" classname="SIL.LCModel.DomainImpl.ScriptureTests" runstate="Runnable" seed="15193996" result="Passed" start-time="2020-10-05 16:46:19Z" end-time="2020-10-05 16:46:19Z" duration="0.000262" asserts="3" />
            <test-case id="3-2481" name="ParsePictureLoc_Range_DoesNotCoverORCLocation" fullname="SIL.LCModel.DomainImpl.ScriptureTests.ParsePictureLoc_Range_DoesNotCoverORCLocation" methodname="ParsePictureLoc_Range_DoesNotCoverORCLocation" classname="SIL.LCModel.DomainImpl.ScriptureTests" runstate="Runnable" seed="413822086" result="Passed" start-time="2020-10-05 16:46:19Z" end-time="2020-10-05 16:46:19Z" duration="0.000160" asserts="1" />
            <test-case id="3-2486" name="ParsePictureLoc_ReferenceRangeInIntro" fullname="SIL.LCModel.DomainImpl.ScriptureTests.ParsePictureLoc_ReferenceRangeInIntro" methodname="ParsePictureLoc_ReferenceRangeInIntro" classname="SIL.LCModel.DomainImpl.ScriptureTests" runstate="Runnable" seed="803000957" result="Passed" start-time="2020-10-05 16:46:19Z" end-time="2020-10-05 16:46:19Z" duration="0.000149" asserts="1" />
            <test-case id="3-2480" name="ParsePictureLoc_SingleReference_DoesNotMatchORCLocation" fullname="SIL.LCModel.DomainImpl.ScriptureTests.ParsePictureLoc_SingleReference_DoesNotMatchORCLocation" methodname="ParsePictureLoc_SingleReference_DoesNotMatchORCLocation" classname="SIL.LCModel.DomainImpl.ScriptureTests" runstate="Runnable" seed="1289938179" result="Passed" start-time="2020-10-05 16:46:19Z" end-time="2020-10-05 16:46:19Z" duration="0.000151" asserts="1" />
            <test-case id="3-2479" name="ParsePictureLoc_SingleReference_MatchesORCLocation" fullname="SIL.LCModel.DomainImpl.ScriptureTests.ParsePictureLoc_SingleReference_MatchesORCLocation" methodname="ParsePictureLoc_SingleReference_MatchesORCLocation" classname="SIL.LCModel.DomainImpl.ScriptureTests" runstate="Runnable" seed="1641285682" result="Passed" start-time="2020-10-05 16:46:19Z" end-time="2020-10-05 16:46:19Z" duration="0.000212" asserts="3" />
            <test-case id="3-2474" name="ParsePictureLoc_USFMStyleChapterRange" fullname="SIL.LCModel.DomainImpl.ScriptureTests.ParsePictureLoc_USFMStyleChapterRange" methodname="ParsePictureLoc_USFMStyleChapterRange" classname="SIL.LCModel.DomainImpl.ScriptureTests" runstate="Runnable" seed="1515372684" result="Passed" start-time="2020-10-05 16:46:19Z" end-time="2020-10-05 16:46:19Z" duration="0.000470" asserts="3" />
            <test-case id="3-2495" name="SavedVersion_BogusUnownedFootnoteORC" fullname="SIL.LCModel.DomainImpl.ScriptureTests.SavedVersion_BogusUnownedFootnoteORC" methodname="SavedVersion_BogusUnownedFootnoteORC" classname="SIL.LCModel.DomainImpl.ScriptureTests" runstate="Runnable" seed="626804819" result="Passed" start-time="2020-10-05 16:46:19Z" end-time="2020-10-05 16:46:19Z" duration="0.008646" asserts="24" />
            <test-case id="3-2493" name="SavedVersion_DateCreated" fullname="SIL.LCModel.DomainImpl.ScriptureTests.SavedVersion_DateCreated" methodname="SavedVersion_DateCreated" classname="SIL.LCModel.DomainImpl.ScriptureTests" runstate="Runnable" seed="750828529" result="Passed" start-time="2020-10-05 16:46:19Z" end-time="2020-10-05 16:46:19Z" duration="0.001695" asserts="1" />
            <test-case id="3-2496" name="SavedVersion_TestBtFootnotes" fullname="SIL.LCModel.DomainImpl.ScriptureTests.SavedVersion_TestBtFootnotes" methodname="SavedVersion_TestBtFootnotes" classname="SIL.LCModel.DomainImpl.ScriptureTests" runstate="Runnable" seed="1689738218" result="Passed" start-time="2020-10-05 16:46:19Z" end-time="2020-10-05 16:46:19Z" duration="0.011709" asserts="30" />
            <test-case id="3-2494" name="SavedVersion_TestFootnoteOrder" fullname="SIL.LCModel.DomainImpl.ScriptureTests.SavedVersion_TestFootnoteOrder" methodname="SavedVersion_TestFootnoteOrder" classname="SIL.LCModel.DomainImpl.ScriptureTests" runstate="Runnable" seed="143328140" result="Passed" start-time="2020-10-05 16:46:19Z" end-time="2020-10-05 16:46:19Z" duration="0.005347" asserts="34" />
            <test-case id="3-2497" name="SavedVersion_WithMultipleBooks" fullname="SIL.LCModel.DomainImpl.ScriptureTests.SavedVersion_WithMultipleBooks" methodname="SavedVersion_WithMultipleBooks" classname="SIL.LCModel.DomainImpl.ScriptureTests" runstate="Runnable" seed="750773439" result="Passed" start-time="2020-10-05 16:46:19Z" end-time="2020-10-05 16:46:19Z" duration="0.009284" asserts="16" />
            <test-case id="3-2498" name="SavedVersion_WithOneBookAndAPicture" fullname="SIL.LCModel.DomainImpl.ScriptureTests.SavedVersion_WithOneBookAndAPicture" methodname="SavedVersion_WithOneBookAndAPicture" classname="SIL.LCModel.DomainImpl.ScriptureTests" runstate="Runnable" seed="888891681" result="Passed" start-time="2020-10-05 16:46:19Z" end-time="2020-10-05 16:46:19Z" duration="0.008873" asserts="16" />
            <test-case id="3-2467" name="TestCreateAnnotationResponse" fullname="SIL.LCModel.DomainImpl.ScriptureTests.TestCreateAnnotationResponse" methodname="TestCreateAnnotationResponse" classname="SIL.LCModel.DomainImpl.ScriptureTests" runstate="Runnable" seed="723270070" result="Passed" start-time="2020-10-05 16:46:19Z" end-time="2020-10-05 16:46:19Z" duration="0.003807" asserts="6" />
            <test-case id="3-2458" name="UIBookAbbrev" fullname="SIL.LCModel.DomainImpl.ScriptureTests.UIBookAbbrev" methodname="UIBookAbbrev" classname="SIL.LCModel.DomainImpl.ScriptureTests" runstate="Runnable" seed="1854879554" result="Passed" start-time="2020-10-05 16:46:19Z" end-time="2020-10-05 16:46:19Z" duration="0.000642" asserts="2" />
            <test-case id="3-2459" name="UIBookName" fullname="SIL.LCModel.DomainImpl.ScriptureTests.UIBookName" methodname="UIBookName" classname="SIL.LCModel.DomainImpl.ScriptureTests" runstate="Runnable" seed="1197125555" result="Passed" start-time="2020-10-05 16:46:19Z" end-time="2020-10-05 16:46:19Z" duration="0.000855" asserts="2" />
          </test-suite>
          <test-suite type="TestFixture" id="3-2519" name="ScrMappingListTests" fullname="SIL.LCModel.DomainImpl.ScrMappingListTests" classname="SIL.LCModel.DomainImpl.ScrMappingListTests" runstate="Runnable" testcasecount="15" result="Passed" start-time="2020-10-05 16:46:19Z" end-time="2020-10-05 16:46:19Z" duration="0.024068" total="15" passed="15" failed="0" warnings="0" inconclusive="0" skipped="0" asserts="105">
            <test-case id="3-2534" name="AddBlankMarker" fullname="SIL.LCModel.DomainImpl.ScrMappingListTests.AddBlankMarker" methodname="AddBlankMarker" classname="SIL.LCModel.DomainImpl.ScrMappingListTests" runstate="Runnable" seed="1003389809" result="Passed" start-time="2020-10-05 16:46:19Z" end-time="2020-10-05 16:46:19Z" duration="0.000313" asserts="1" />
            <test-case id="3-2529" name="AddDefaultMappingIfNeeded_btMappings" fullname="SIL.LCModel.DomainImpl.ScrMappingListTests.AddDefaultMappingIfNeeded_btMappings" methodname="AddDefaultMappingIfNeeded_btMappings" classname="SIL.LCModel.DomainImpl.ScrMappingListTests" runstate="Runnable" seed="753212054" result="Passed" start-time="2020-10-05 16:46:19Z" end-time="2020-10-05 16:46:19Z" duration="0.016101" asserts="29" />
            <test-case id="3-2530" name="AddDefaultMappingIfNeeded_btMappingsWithNonDefaultMappings" fullname="SIL.LCModel.DomainImpl.ScrMappingListTests.AddDefaultMappingIfNeeded_btMappingsWithNonDefaultMappings" methodname="AddDefaultMappingIfNeeded_btMappingsWithNonDefaultMappings" classname="SIL.LCModel.DomainImpl.ScrMappingListTests" runstate="Runnable" seed="1038198652" result="Passed" start-time="2020-10-05 16:46:19Z" end-time="2020-10-05 16:46:19Z" duration="0.001561" asserts="5" />
            <test-case id="3-2531" name="AddDefaultMappingIfNeeded_btNotFromTeStyle" fullname="SIL.LCModel.DomainImpl.ScrMappingListTests.AddDefaultMappingIfNeeded_btNotFromTeStyle" methodname="AddDefaultMappingIfNeeded_btNotFromTeStyle" classname="SIL.LCModel.DomainImpl.ScrMappingListTests" runstate="Runnable" seed="15594587" result="Passed" start-time="2020-10-05 16:46:19Z" end-time="2020-10-05 16:46:19Z" duration="0.000952" asserts="7" />
            <test-case id="3-2528" name="AddDefaultMappingIfNeeded_FigureMarkers" fullname="SIL.LCModel.DomainImpl.ScrMappingListTests.AddDefaultMappingIfNeeded_FigureMarkers" methodname="AddDefaultMappingIfNeeded_FigureMarkers" classname="SIL.LCModel.DomainImpl.ScrMappingListTests" runstate="Runnable" seed="1669233301" result="Passed" start-time="2020-10-05 16:46:19Z" end-time="2020-10-05 16:46:19Z" duration="0.001079" asserts="17" />
            <test-case id="3-2533" name="AddInfoWithNullMarker" fullname="SIL.LCModel.DomainImpl.ScrMappingListTests.AddInfoWithNullMarker" methodname="AddInfoWithNullMarker" classname="SIL.LCModel.DomainImpl.ScrMappingListTests" runstate="Runnable" seed="359917484" result="Passed" start-time="2020-10-05 16:46:19Z" end-time="2020-10-05 16:46:19Z" duration="0.000257" asserts="1" />
            <test-case id="3-2532" name="AddNullMappingInfo" fullname="SIL.LCModel.DomainImpl.ScrMappingListTests.AddNullMappingInfo" methodname="AddNullMappingInfo" classname="SIL.LCModel.DomainImpl.ScrMappingListTests" runstate="Runnable" seed="245458654" result="Passed" start-time="2020-10-05 16:46:19Z" end-time="2020-10-05 16:46:19Z" duration="0.000268" asserts="1" />
            <test-case id="3-2522" name="Delete" fullname="SIL.LCModel.DomainImpl.ScrMappingListTests.Delete" methodname="Delete" classname="SIL.LCModel.DomainImpl.ScrMappingListTests" runstate="Runnable" seed="1994646382" result="Passed" start-time="2020-10-05 16:46:19Z" end-time="2020-10-05 16:46:19Z" duration="0.000221" asserts="4" />
            <test-case id="3-2527" name="Enumerator" fullname="SIL.LCModel.DomainImpl.ScrMappingListTests.Enumerator" methodname="Enumerator" classname="SIL.LCModel.DomainImpl.ScrMappingListTests" runstate="Runnable" seed="1428657929" result="Passed" start-time="2020-10-05 16:46:19Z" end-time="2020-10-05 16:46:19Z" duration="0.000225" asserts="4" />
            <test-case id="3-2523" name="HasChanged" fullname="SIL.LCModel.DomainImpl.ScrMappingListTests.HasChanged" methodname="HasChanged" classname="SIL.LCModel.DomainImpl.ScrMappingListTests" runstate="Runnable" seed="1440192681" result="Passed" start-time="2020-10-05 16:46:19Z" end-time="2020-10-05 16:46:19Z" duration="0.000689" asserts="5" />
            <test-case id="3-2524" name="Index_OutOfRange" fullname="SIL.LCModel.DomainImpl.ScrMappingListTests.Index_OutOfRange" methodname="Index_OutOfRange" classname="SIL.LCModel.DomainImpl.ScrMappingListTests" runstate="Runnable" seed="786138248" result="Passed" start-time="2020-10-05 16:46:19Z" end-time="2020-10-05 16:46:19Z" duration="0.000554" asserts="1" />
            <test-case id="3-2525" name="LookupByKey" fullname="SIL.LCModel.DomainImpl.ScrMappingListTests.LookupByKey" methodname="LookupByKey" classname="SIL.LCModel.DomainImpl.ScrMappingListTests" runstate="Runnable" seed="827950548" result="Passed" start-time="2020-10-05 16:46:19Z" end-time="2020-10-05 16:46:19Z" duration="0.000165" asserts="2" />
            <test-case id="3-2526" name="LookupByKey_NonExistent" fullname="SIL.LCModel.DomainImpl.ScrMappingListTests.LookupByKey_NonExistent" methodname="LookupByKey_NonExistent" classname="SIL.LCModel.DomainImpl.ScrMappingListTests" runstate="Runnable" seed="998462347" result="Passed" start-time="2020-10-05 16:46:19Z" end-time="2020-10-05 16:46:19Z" duration="0.000107" asserts="1" />
            <test-case id="3-2520" name="SetMappings_Main" fullname="SIL.LCModel.DomainImpl.ScrMappingListTests.SetMappings_Main" methodname="SetMappings_Main" classname="SIL.LCModel.DomainImpl.ScrMappingListTests" runstate="Runnable" seed="1495851451" result="Passed" start-time="2020-10-05 16:46:19Z" end-time="2020-10-05 16:46:19Z" duration="0.000864" asserts="22" />
            <test-case id="3-2521" name="SetMappings_Notes" fullname="SIL.LCModel.DomainImpl.ScrMappingListTests.SetMappings_Notes" methodname="SetMappings_Notes" classname="SIL.LCModel.DomainImpl.ScrMappingListTests" runstate="Runnable" seed="593655689" result="Passed" start-time="2020-10-05 16:46:19Z" end-time="2020-10-05 16:46:19Z" duration="0.000392" asserts="5" />
          </test-suite>
          <test-suite type="TestFixture" id="3-2535" name="ScrSectionTests" fullname="SIL.LCModel.DomainImpl.ScrSectionTests" classname="SIL.LCModel.DomainImpl.ScrSectionTests" runstate="Runnable" testcasecount="43" result="Passed" start-time="2020-10-05 16:46:19Z" end-time="2020-10-05 16:46:20Z" duration="0.323496" total="43" passed="43" failed="0" warnings="0" inconclusive="0" skipped="0" asserts="392">
            <test-case id="3-2555" name="AddSection_InAnotherBook" fullname="SIL.LCModel.DomainImpl.ScrSectionTests.AddSection_InAnotherBook" methodname="AddSection_InAnotherBook" classname="SIL.LCModel.DomainImpl.ScrSectionTests" runstate="Runnable" seed="1604381134" result="Passed" start-time="2020-10-05 16:46:19Z" end-time="2020-10-05 16:46:19Z" duration="0.004665" asserts="1" />
            <test-case id="3-2545" name="AdjustReferences_ChapterOutOfOrder" fullname="SIL.LCModel.DomainImpl.ScrSectionTests.AdjustReferences_ChapterOutOfOrder" methodname="AdjustReferences_ChapterOutOfOrder" classname="SIL.LCModel.DomainImpl.ScrSectionTests" runstate="Runnable" seed="50656762" result="Passed" start-time="2020-10-05 16:46:19Z" end-time="2020-10-05 16:46:19Z" duration="0.007029" asserts="4" />
            <test-case id="3-2550" name="AdjustReferences_ChapterWithImpliedVerseOne" fullname="SIL.LCModel.DomainImpl.ScrSectionTests.AdjustReferences_ChapterWithImpliedVerseOne" methodname="AdjustReferences_ChapterWithImpliedVerseOne" classname="SIL.LCModel.DomainImpl.ScrSectionTests" runstate="Runnable" seed="1842918284" result="Passed" start-time="2020-10-05 16:46:19Z" end-time="2020-10-05 16:46:19Z" duration="0.006703" asserts="4" />
            <test-case id="3-2551" name="AdjustReferences_ChapterWithVerseOtherThanOne" fullname="SIL.LCModel.DomainImpl.ScrSectionTests.AdjustReferences_ChapterWithVerseOtherThanOne" methodname="AdjustReferences_ChapterWithVerseOtherThanOne" classname="SIL.LCModel.DomainImpl.ScrSectionTests" runstate="Runnable" seed="1628261120" result="Passed" start-time="2020-10-05 16:46:19Z" end-time="2020-10-05 16:46:19Z" duration="0.004909" asserts="4" />
            <test-case id="3-2552" name="AdjustReferences_ImportSimulation" fullname="SIL.LCModel.DomainImpl.ScrSectionTests.AdjustReferences_ImportSimulation" methodname="AdjustReferences_ImportSimulation" classname="SIL.LCModel.DomainImpl.ScrSectionTests" runstate="Runnable" seed="1252476836" result="Passed" start-time="2020-10-05 16:46:19Z" end-time="2020-10-05 16:46:19Z" duration="0.006215" asserts="8" />
            <test-case id="3-2547" name="AdjustReferences_InvalidChapterNumberInMiddle" fullname="SIL.LCModel.DomainImpl.ScrSectionTests.AdjustReferences_InvalidChapterNumberInMiddle" methodname="AdjustReferences_InvalidChapterNumberInMiddle" classname="SIL.LCModel.DomainImpl.ScrSectionTests" runstate="Runnable" seed="1706318771" result="Passed" start-time="2020-10-05 16:46:19Z" end-time="2020-10-05 16:46:19Z" duration="0.006698" asserts="4" />
            <test-case id="3-2548" name="AdjustReferences_InvalidVerseNumberAtEnd" fullname="SIL.LCModel.DomainImpl.ScrSectionTests.AdjustReferences_InvalidVerseNumberAtEnd" methodname="AdjustReferences_InvalidVerseNumberAtEnd" classname="SIL.LCModel.DomainImpl.ScrSectionTests" runstate="Runnable" seed="1266268608" result="Passed" start-time="2020-10-05 16:46:19Z" end-time="2020-10-05 16:46:19Z" duration="0.005611" asserts="4" />
            <test-case id="3-2546" name="AdjustReferences_InvalidVerseNumberAtStart" fullname="SIL.LCModel.DomainImpl.ScrSectionTests.AdjustReferences_InvalidVerseNumberAtStart" methodname="AdjustReferences_InvalidVerseNumberAtStart" classname="SIL.LCModel.DomainImpl.ScrSectionTests" runstate="Runnable" seed="1984863666" result="Passed" start-time="2020-10-05 16:46:19Z" end-time="2020-10-05 16:46:19Z" duration="0.004606" asserts="4" />
            <test-case id="3-2549" name="AdjustReferences_InvalidVerseNumberInMiddle" fullname="SIL.LCModel.DomainImpl.ScrSectionTests.AdjustReferences_InvalidVerseNumberInMiddle" methodname="AdjustReferences_InvalidVerseNumberInMiddle" classname="SIL.LCModel.DomainImpl.ScrSectionTests" runstate="Runnable" seed="764812461" result="Passed" start-time="2020-10-05 16:46:19Z" end-time="2020-10-05 16:46:19Z" duration="0.006049" asserts="4" />
            <test-case id="3-2543" name="AdjustReferences_LastVerseBeforeFirst" fullname="SIL.LCModel.DomainImpl.ScrSectionTests.AdjustReferences_LastVerseBeforeFirst" methodname="AdjustReferences_LastVerseBeforeFirst" classname="SIL.LCModel.DomainImpl.ScrSectionTests" runstate="Runnable" seed="182655560" result="Passed" start-time="2020-10-05 16:46:19Z" end-time="2020-10-05 16:46:19Z" duration="0.006309" asserts="4" />
            <test-case id="3-2544" name="AdjustReferences_LastVerseLess" fullname="SIL.LCModel.DomainImpl.ScrSectionTests.AdjustReferences_LastVerseLess" methodname="AdjustReferences_LastVerseLess" classname="SIL.LCModel.DomainImpl.ScrSectionTests" runstate="Runnable" seed="2142087440" result="Passed" start-time="2020-10-05 16:46:19Z" end-time="2020-10-05 16:46:19Z" duration="0.004996" asserts="4" />
            <test-case id="3-2542" name="AdjustReferences_NormalRange" fullname="SIL.LCModel.DomainImpl.ScrSectionTests.AdjustReferences_NormalRange" methodname="AdjustReferences_NormalRange" classname="SIL.LCModel.DomainImpl.ScrSectionTests" runstate="Runnable" seed="1961589575" result="Passed" start-time="2020-10-05 16:46:19Z" end-time="2020-10-05 16:46:19Z" duration="0.006109" asserts="4" />
            <test-case id="3-2538" name="CreateScrSection_AtEndOfBook" fullname="SIL.LCModel.DomainImpl.ScrSectionTests.CreateScrSection_AtEndOfBook" methodname="CreateScrSection_AtEndOfBook" classname="SIL.LCModel.DomainImpl.ScrSectionTests" runstate="Runnable" seed="129304417" result="Passed" start-time="2020-10-05 16:46:19Z" end-time="2020-10-05 16:46:19Z" duration="0.005920" asserts="13" />
            <test-case id="3-2536" name="CreateScrSection_AtEndOfIntro" fullname="SIL.LCModel.DomainImpl.ScrSectionTests.CreateScrSection_AtEndOfIntro" methodname="CreateScrSection_AtEndOfIntro" classname="SIL.LCModel.DomainImpl.ScrSectionTests" runstate="Runnable" seed="971681494" result="Passed" start-time="2020-10-05 16:46:19Z" end-time="2020-10-05 16:46:19Z" duration="0.004922" asserts="13" />
            <test-case id="3-2537" name="CreateScrSection_AtMiddleOfIntro" fullname="SIL.LCModel.DomainImpl.ScrSectionTests.CreateScrSection_AtMiddleOfIntro" methodname="CreateScrSection_AtMiddleOfIntro" classname="SIL.LCModel.DomainImpl.ScrSectionTests" runstate="Runnable" seed="1253460767" result="Passed" start-time="2020-10-05 16:46:19Z" end-time="2020-10-05 16:46:19Z" duration="0.005894" asserts="13" />
            <test-case id="3-2539" name="CreateScrSection_AtStartOfBook" fullname="SIL.LCModel.DomainImpl.ScrSectionTests.CreateScrSection_AtStartOfBook" methodname="CreateScrSection_AtStartOfBook" classname="SIL.LCModel.DomainImpl.ScrSectionTests" runstate="Runnable" seed="1626789068" result="Passed" start-time="2020-10-05 16:46:19Z" end-time="2020-10-05 16:46:19Z" duration="0.005244" asserts="13" />
            <test-case id="3-2540" name="CreateScrSection_AtStartOfFirstScriptureSection" fullname="SIL.LCModel.DomainImpl.ScrSectionTests.CreateScrSection_AtStartOfFirstScriptureSection" methodname="CreateScrSection_AtStartOfFirstScriptureSection" classname="SIL.LCModel.DomainImpl.ScrSectionTests" runstate="Runnable" seed="484017934" result="Passed" start-time="2020-10-05 16:46:19Z" end-time="2020-10-05 16:46:19Z" duration="0.004429" asserts="13" />
            <test-case id="3-2553" name="GetFootnotes_InHeadingAndContents" fullname="SIL.LCModel.DomainImpl.ScrSectionTests.GetFootnotes_InHeadingAndContents" methodname="GetFootnotes_InHeadingAndContents" classname="SIL.LCModel.DomainImpl.ScrSectionTests" runstate="Runnable" seed="2041423047" result="Passed" start-time="2020-10-05 16:46:19Z" end-time="2020-10-05 16:46:19Z" duration="0.007297" asserts="5" />
            <test-case id="3-2554" name="GetFootnotes_NoFootnotes" fullname="SIL.LCModel.DomainImpl.ScrSectionTests.GetFootnotes_NoFootnotes" methodname="GetFootnotes_NoFootnotes" classname="SIL.LCModel.DomainImpl.ScrSectionTests" runstate="Runnable" seed="2002984102" result="Passed" start-time="2020-10-05 16:46:19Z" end-time="2020-10-05 16:46:19Z" duration="0.004153" asserts="1" />
            <test-case id="3-2541" name="GetSectionFromParagraph" fullname="SIL.LCModel.DomainImpl.ScrSectionTests.GetSectionFromParagraph" methodname="GetSectionFromParagraph" classname="SIL.LCModel.DomainImpl.ScrSectionTests" runstate="Runnable" seed="653546227" result="Passed" start-time="2020-10-05 16:46:19Z" end-time="2020-10-05 16:46:19Z" duration="0.004978" asserts="5" />
            <test-case id="3-2556" name="InsertSection_InAnotherBook" fullname="SIL.LCModel.DomainImpl.ScrSectionTests.InsertSection_InAnotherBook" methodname="InsertSection_InAnotherBook" classname="SIL.LCModel.DomainImpl.ScrSectionTests" runstate="Runnable" seed="738066668" result="Passed" start-time="2020-10-05 16:46:19Z" end-time="2020-10-05 16:46:20Z" duration="0.005344" asserts="1" />
            <test-case id="3-2560" name="MoveContent_ToContent_AtEnd" fullname="SIL.LCModel.DomainImpl.ScrSectionTests.MoveContent_ToContent_AtEnd" methodname="MoveContent_ToContent_AtEnd" classname="SIL.LCModel.DomainImpl.ScrSectionTests" runstate="Runnable" seed="732132515" result="Passed" start-time="2020-10-05 16:46:20Z" end-time="2020-10-05 16:46:20Z" duration="0.004596" asserts="6" />
            <test-case id="3-2559" name="MoveContent_ToContent_AtStart" fullname="SIL.LCModel.DomainImpl.ScrSectionTests.MoveContent_ToContent_AtStart" methodname="MoveContent_ToContent_AtStart" classname="SIL.LCModel.DomainImpl.ScrSectionTests" runstate="Runnable" seed="292836582" result="Passed" start-time="2020-10-05 16:46:20Z" end-time="2020-10-05 16:46:20Z" duration="0.005297" asserts="6" />
            <test-case id="3-2557" name="MoveContent_ToHeading_AtEnd" fullname="SIL.LCModel.DomainImpl.ScrSectionTests.MoveContent_ToHeading_AtEnd" methodname="MoveContent_ToHeading_AtEnd" classname="SIL.LCModel.DomainImpl.ScrSectionTests" runstate="Runnable" seed="777226246" result="Passed" start-time="2020-10-05 16:46:20Z" end-time="2020-10-05 16:46:20Z" duration="0.005329" asserts="8" />
            <test-case id="3-2558" name="MoveContent_ToHeading_AtStart" fullname="SIL.LCModel.DomainImpl.ScrSectionTests.MoveContent_ToHeading_AtStart" methodname="MoveContent_ToHeading_AtStart" classname="SIL.LCModel.DomainImpl.ScrSectionTests" runstate="Runnable" seed="665717841" result="Passed" start-time="2020-10-05 16:46:20Z" end-time="2020-10-05 16:46:20Z" duration="0.006013" asserts="8" />
            <test-case id="3-2567" name="MoveContentParasToHeading_ParaHasChapterVerses" fullname="SIL.LCModel.DomainImpl.ScrSectionTests.MoveContentParasToHeading_ParaHasChapterVerses" methodname="MoveContentParasToHeading_ParaHasChapterVerses" classname="SIL.LCModel.DomainImpl.ScrSectionTests" runstate="Runnable" seed="115816606" result="Passed" start-time="2020-10-05 16:46:20Z" end-time="2020-10-05 16:46:20Z" duration="0.005151" asserts="2" />
            <test-case id="3-2566" name="MoveContentParasToHeading_SectionStart" fullname="SIL.LCModel.DomainImpl.ScrSectionTests.MoveContentParasToHeading_SectionStart" methodname="MoveContentParasToHeading_SectionStart" classname="SIL.LCModel.DomainImpl.ScrSectionTests" runstate="Runnable" seed="381656582" result="Passed" start-time="2020-10-05 16:46:20Z" end-time="2020-10-05 16:46:20Z" duration="0.006524" asserts="6" />
            <test-case id="3-2564" name="MoveHeading_ToContent_AtEnd" fullname="SIL.LCModel.DomainImpl.ScrSectionTests.MoveHeading_ToContent_AtEnd" methodname="MoveHeading_ToContent_AtEnd" classname="SIL.LCModel.DomainImpl.ScrSectionTests" runstate="Runnable" seed="663750155" result="Passed" start-time="2020-10-05 16:46:20Z" end-time="2020-10-05 16:46:20Z" duration="0.007437" asserts="9" />
            <test-case id="3-2563" name="MoveHeading_ToContent_AtStart" fullname="SIL.LCModel.DomainImpl.ScrSectionTests.MoveHeading_ToContent_AtStart" methodname="MoveHeading_ToContent_AtStart" classname="SIL.LCModel.DomainImpl.ScrSectionTests" runstate="Runnable" seed="897449108" result="Passed" start-time="2020-10-05 16:46:20Z" end-time="2020-10-05 16:46:20Z" duration="0.006327" asserts="8" />
            <test-case id="3-2561" name="MoveHeading_ToHeading_AtEnd" fullname="SIL.LCModel.DomainImpl.ScrSectionTests.MoveHeading_ToHeading_AtEnd" methodname="MoveHeading_ToHeading_AtEnd" classname="SIL.LCModel.DomainImpl.ScrSectionTests" runstate="Runnable" seed="1476041236" result="Passed" start-time="2020-10-05 16:46:20Z" end-time="2020-10-05 16:46:20Z" duration="0.005646" asserts="6" />
            <test-case id="3-2562" name="MoveHeading_ToHeading_AtStart" fullname="SIL.LCModel.DomainImpl.ScrSectionTests.MoveHeading_ToHeading_AtStart" methodname="MoveHeading_ToHeading_AtStart" classname="SIL.LCModel.DomainImpl.ScrSectionTests" runstate="Runnable" seed="823539026" result="Passed" start-time="2020-10-05 16:46:20Z" end-time="2020-10-05 16:46:20Z" duration="0.004681" asserts="6" />
            <test-case id="3-2565" name="MoveHeadingParasToContent" fullname="SIL.LCModel.DomainImpl.ScrSectionTests.MoveHeadingParasToContent" methodname="MoveHeadingParasToContent" classname="SIL.LCModel.DomainImpl.ScrSectionTests" runstate="Runnable" seed="653282845" result="Passed" start-time="2020-10-05 16:46:20Z" end-time="2020-10-05 16:46:20Z" duration="0.009009" asserts="6" />
            <test-case id="3-2575" name="SplitSectionContent_atIP_ContentEnd" fullname="SIL.LCModel.DomainImpl.ScrSectionTests.SplitSectionContent_atIP_ContentEnd" methodname="SplitSectionContent_atIP_ContentEnd" classname="SIL.LCModel.DomainImpl.ScrSectionTests" runstate="Runnable" seed="377331542" result="Passed" start-time="2020-10-05 16:46:20Z" end-time="2020-10-05 16:46:20Z" duration="0.005523" asserts="17" />
            <test-case id="3-2571" name="SplitSectionContent_atIP_ContentStart" fullname="SIL.LCModel.DomainImpl.ScrSectionTests.SplitSectionContent_atIP_ContentStart" methodname="SplitSectionContent_atIP_ContentStart" classname="SIL.LCModel.DomainImpl.ScrSectionTests" runstate="Runnable" seed="1114015277" result="Passed" start-time="2020-10-05 16:46:20Z" end-time="2020-10-05 16:46:20Z" duration="0.006080" asserts="17" />
            <test-case id="3-2573" name="SplitSectionContent_atIP_MidParaEnd" fullname="SIL.LCModel.DomainImpl.ScrSectionTests.SplitSectionContent_atIP_MidParaEnd" methodname="SplitSectionContent_atIP_MidParaEnd" classname="SIL.LCModel.DomainImpl.ScrSectionTests" runstate="Runnable" seed="952776046" result="Passed" start-time="2020-10-05 16:46:20Z" end-time="2020-10-05 16:46:20Z" duration="0.007706" asserts="18" />
            <test-case id="3-2574" name="SplitSectionContent_atIP_MidParaMidIch" fullname="SIL.LCModel.DomainImpl.ScrSectionTests.SplitSectionContent_atIP_MidParaMidIch" methodname="SplitSectionContent_atIP_MidParaMidIch" classname="SIL.LCModel.DomainImpl.ScrSectionTests" runstate="Runnable" seed="590120976" result="Passed" start-time="2020-10-05 16:46:20Z" end-time="2020-10-05 16:46:20Z" duration="0.007923" asserts="19" />
            <test-case id="3-2572" name="SplitSectionContent_atIP_MidParaStart" fullname="SIL.LCModel.DomainImpl.ScrSectionTests.SplitSectionContent_atIP_MidParaStart" methodname="SplitSectionContent_atIP_MidParaStart" classname="SIL.LCModel.DomainImpl.ScrSectionTests" runstate="Runnable" seed="1936395163" result="Passed" start-time="2020-10-05 16:46:20Z" end-time="2020-10-05 16:46:20Z" duration="0.007288" asserts="18" />
            <test-case id="3-2576" name="SplitSectionContent_atIP_NewContent_ContentStart" fullname="SIL.LCModel.DomainImpl.ScrSectionTests.SplitSectionContent_atIP_NewContent_ContentStart" methodname="SplitSectionContent_atIP_NewContent_ContentStart" classname="SIL.LCModel.DomainImpl.ScrSectionTests" runstate="Runnable" seed="2121189949" result="Passed" start-time="2020-10-05 16:46:20Z" end-time="2020-10-05 16:46:20Z" duration="0.006573" asserts="17" />
            <test-case id="3-2577" name="SplitSectionContent_atIP_NewContent_MidParaMidIch" fullname="SIL.LCModel.DomainImpl.ScrSectionTests.SplitSectionContent_atIP_NewContent_MidParaMidIch" methodname="SplitSectionContent_atIP_NewContent_MidParaMidIch" classname="SIL.LCModel.DomainImpl.ScrSectionTests" runstate="Runnable" seed="529739613" result="Passed" start-time="2020-10-05 16:46:20Z" end-time="2020-10-05 16:46:20Z" duration="0.008018" asserts="19" />
            <test-case id="3-2578" name="SplitSectionContent_ExistingParaBecomesHeading" fullname="SIL.LCModel.DomainImpl.ScrSectionTests.SplitSectionContent_ExistingParaBecomesHeading" methodname="SplitSectionContent_ExistingParaBecomesHeading" classname="SIL.LCModel.DomainImpl.ScrSectionTests" runstate="Runnable" seed="167860908" result="Passed" start-time="2020-10-05 16:46:20Z" end-time="2020-10-05 16:46:20Z" duration="0.005852" asserts="17" />
            <test-case id="3-2569" name="SplitSectionHeading_atIP_HeadingEnd" fullname="SIL.LCModel.DomainImpl.ScrSectionTests.SplitSectionHeading_atIP_HeadingEnd" methodname="SplitSectionHeading_atIP_HeadingEnd" classname="SIL.LCModel.DomainImpl.ScrSectionTests" runstate="Runnable" seed="195497865" result="Passed" start-time="2020-10-05 16:46:20Z" end-time="2020-10-05 16:46:20Z" duration="0.005643" asserts="17" />
            <test-case id="3-2568" name="SplitSectionHeading_atIP_HeadingStart" fullname="SIL.LCModel.DomainImpl.ScrSectionTests.SplitSectionHeading_atIP_HeadingStart" methodname="SplitSectionHeading_atIP_HeadingStart" classname="SIL.LCModel.DomainImpl.ScrSectionTests" runstate="Runnable" seed="545263248" result="Passed" start-time="2020-10-05 16:46:20Z" end-time="2020-10-05 16:46:20Z" duration="0.008327" asserts="17" />
            <test-case id="3-2570" name="SplitSectionHeading_atIP_MidParaMidIch" fullname="SIL.LCModel.DomainImpl.ScrSectionTests.SplitSectionHeading_atIP_MidParaMidIch" methodname="SplitSectionHeading_atIP_MidParaMidIch" classname="SIL.LCModel.DomainImpl.ScrSectionTests" runstate="Runnable" seed="1497011554" result="Passed" start-time="2020-10-05 16:46:20Z" end-time="2020-10-05 16:46:20Z" duration="0.006913" asserts="19" />
          </test-suite>
          <test-suite type="TestFixture" id="3-2579" name="ScrTxtParaTests" fullname="SIL.LCModel.DomainImpl.ScrTxtParaTests" classname="SIL.LCModel.DomainImpl.ScrTxtParaTests" runstate="Runnable" testcasecount="27" result="Passed" start-time="2020-10-05 16:46:20Z" end-time="2020-10-05 16:46:20Z" duration="0.132732" total="27" passed="27" failed="0" warnings="0" inconclusive="0" skipped="0" asserts="54">
            <test-case id="3-2589" name="Context_Footnote" fullname="SIL.LCModel.DomainImpl.ScrTxtParaTests.Context_Footnote" methodname="Context_Footnote" classname="SIL.LCModel.DomainImpl.ScrTxtParaTests" runstate="Runnable" seed="379383840" result="Passed" start-time="2020-10-05 16:46:20Z" end-time="2020-10-05 16:46:20Z" duration="0.001964" asserts="1" />
            <test-case id="3-2587" name="Context_Intro" fullname="SIL.LCModel.DomainImpl.ScrTxtParaTests.Context_Intro" methodname="Context_Intro" classname="SIL.LCModel.DomainImpl.ScrTxtParaTests" runstate="Runnable" seed="1727527252" result="Passed" start-time="2020-10-05 16:46:20Z" end-time="2020-10-05 16:46:20Z" duration="0.002164" asserts="2" />
            <test-case id="3-2586" name="Context_Scripture" fullname="SIL.LCModel.DomainImpl.ScrTxtParaTests.Context_Scripture" methodname="Context_Scripture" classname="SIL.LCModel.DomainImpl.ScrTxtParaTests" runstate="Runnable" seed="1085291176" result="Passed" start-time="2020-10-05 16:46:20Z" end-time="2020-10-05 16:46:20Z" duration="0.001488" asserts="2" />
            <test-case id="3-2588" name="Context_Title" fullname="SIL.LCModel.DomainImpl.ScrTxtParaTests.Context_Title" methodname="Context_Title" classname="SIL.LCModel.DomainImpl.ScrTxtParaTests" runstate="Runnable" seed="1781387109" result="Passed" start-time="2020-10-05 16:46:20Z" end-time="2020-10-05 16:46:20Z" duration="0.000709" asserts="1" />
            <test-case id="3-2598" name="FootnoteIndexTest_AfterDeletedStuff" fullname="SIL.LCModel.DomainImpl.ScrTxtParaTests.FootnoteIndexTest_AfterDeletedStuff" methodname="FootnoteIndexTest_AfterDeletedStuff" classname="SIL.LCModel.DomainImpl.ScrTxtParaTests" runstate="Runnable" seed="376942325" result="Passed" start-time="2020-10-05 16:46:20Z" end-time="2020-10-05 16:46:20Z" duration="0.009780" asserts="1" />
            <test-case id="3-2597" name="FootnoteIndexTest_BookWithNoFootnotes_AtEnd" fullname="SIL.LCModel.DomainImpl.ScrTxtParaTests.FootnoteIndexTest_BookWithNoFootnotes_AtEnd" methodname="FootnoteIndexTest_BookWithNoFootnotes_AtEnd" classname="SIL.LCModel.DomainImpl.ScrTxtParaTests" runstate="Runnable" seed="1372169308" result="Passed" start-time="2020-10-05 16:46:20Z" end-time="2020-10-05 16:46:20Z" duration="0.002823" asserts="1" />
            <test-case id="3-2596" name="FootnoteIndexTest_BookWithNoFootnotes_AtStart" fullname="SIL.LCModel.DomainImpl.ScrTxtParaTests.FootnoteIndexTest_BookWithNoFootnotes_AtStart" methodname="FootnoteIndexTest_BookWithNoFootnotes_AtStart" classname="SIL.LCModel.DomainImpl.ScrTxtParaTests" runstate="Runnable" seed="129526839" result="Passed" start-time="2020-10-05 16:46:20Z" end-time="2020-10-05 16:46:20Z" duration="0.003353" asserts="1" />
            <test-case id="3-2599" name="FootnoteIndexTest_EndOfBook" fullname="SIL.LCModel.DomainImpl.ScrTxtParaTests.FootnoteIndexTest_EndOfBook" methodname="FootnoteIndexTest_EndOfBook" classname="SIL.LCModel.DomainImpl.ScrTxtParaTests" runstate="Runnable" seed="1638815269" result="Passed" start-time="2020-10-05 16:46:20Z" end-time="2020-10-05 16:46:20Z" duration="0.004492" asserts="1" />
            <test-case id="3-2595" name="FootnoteIndexTest_InTitle" fullname="SIL.LCModel.DomainImpl.ScrTxtParaTests.FootnoteIndexTest_InTitle" methodname="FootnoteIndexTest_InTitle" classname="SIL.LCModel.DomainImpl.ScrTxtParaTests" runstate="Runnable" seed="1680928473" result="Passed" start-time="2020-10-05 16:46:20Z" end-time="2020-10-05 16:46:20Z" duration="0.003014" asserts="1" />
            <test-case id="3-2582" name="GetStyleName_BaseOperation" fullname="SIL.LCModel.DomainImpl.ScrTxtParaTests.GetStyleName_BaseOperation" methodname="GetStyleName_BaseOperation" classname="SIL.LCModel.DomainImpl.ScrTxtParaTests" runstate="Runnable" seed="960033100" result="Passed" start-time="2020-10-05 16:46:20Z" end-time="2020-10-05 16:46:20Z" duration="0.000999" asserts="2" />
            <test-case id="3-2594" name="HasChapterOrVerseNumbers_InScripture" fullname="SIL.LCModel.DomainImpl.ScrTxtParaTests.HasChapterOrVerseNumbers_InScripture" methodname="HasChapterOrVerseNumbers_InScripture" classname="SIL.LCModel.DomainImpl.ScrTxtParaTests" runstate="Runnable" seed="1239181186" result="Passed" start-time="2020-10-05 16:46:20Z" end-time="2020-10-05 16:46:20Z" duration="0.000695" asserts="1" />
            <test-case id="3-2593" name="HasChapterOrVerseNumbers_IntroSection" fullname="SIL.LCModel.DomainImpl.ScrTxtParaTests.HasChapterOrVerseNumbers_IntroSection" methodname="HasChapterOrVerseNumbers_IntroSection" classname="SIL.LCModel.DomainImpl.ScrTxtParaTests" runstate="Runnable" seed="1634033808" result="Passed" start-time="2020-10-05 16:46:20Z" end-time="2020-10-05 16:46:20Z" duration="0.000600" asserts="1" />
            <test-case id="3-2605" name="InsertNextVerseNumberInBt_VernC1V1_BtEmpty" fullname="SIL.LCModel.DomainImpl.ScrTxtParaTests.InsertNextVerseNumberInBt_VernC1V1_BtEmpty" methodname="InsertNextVerseNumberInBt_VernC1V1_BtEmpty" classname="SIL.LCModel.DomainImpl.ScrTxtParaTests" runstate="Runnable" seed="1310279867" result="Passed" start-time="2020-10-05 16:46:20Z" end-time="2020-10-05 16:46:20Z" duration="0.003789" asserts="3" />
            <test-case id="3-2606" name="NewlyCreatedHasBackTrans" fullname="SIL.LCModel.DomainImpl.ScrTxtParaTests.NewlyCreatedHasBackTrans" methodname="NewlyCreatedHasBackTrans" classname="SIL.LCModel.DomainImpl.ScrTxtParaTests" runstate="Runnable" seed="1685887635" result="Passed" start-time="2020-10-05 16:46:20Z" end-time="2020-10-05 16:46:20Z" duration="0.003909" asserts="1" />
            <test-case id="3-2583" name="OnStyleRulesChange_ParaStyle" fullname="SIL.LCModel.DomainImpl.ScrTxtParaTests.OnStyleRulesChange_ParaStyle" methodname="OnStyleRulesChange_ParaStyle" classname="SIL.LCModel.DomainImpl.ScrTxtParaTests" runstate="Runnable" seed="1109330424" result="Passed" start-time="2020-10-05 16:46:20Z" end-time="2020-10-05 16:46:20Z" duration="0.000865" asserts="2" />
            <test-case id="3-2585" name="OnStylesRuleChange_MultiCharStyles" fullname="SIL.LCModel.DomainImpl.ScrTxtParaTests.OnStylesRuleChange_MultiCharStyles" methodname="OnStylesRuleChange_MultiCharStyles" classname="SIL.LCModel.DomainImpl.ScrTxtParaTests" runstate="Runnable" seed="988476082" result="Passed" start-time="2020-10-05 16:46:20Z" end-time="2020-10-05 16:46:20Z" duration="0.001322" asserts="4" />
            <test-case id="3-2584" name="OnStylesRuleChange_OneCharStyle" fullname="SIL.LCModel.DomainImpl.ScrTxtParaTests.OnStylesRuleChange_OneCharStyle" methodname="OnStylesRuleChange_OneCharStyle" classname="SIL.LCModel.DomainImpl.ScrTxtParaTests" runstate="Runnable" seed="276483228" result="Passed" start-time="2020-10-05 16:46:20Z" end-time="2020-10-05 16:46:20Z" duration="0.001036" asserts="2" />
            <test-case id="3-2590" name="OwnerStartAndEndRefs" fullname="SIL.LCModel.DomainImpl.ScrTxtParaTests.OwnerStartAndEndRefs" methodname="OwnerStartAndEndRefs" classname="SIL.LCModel.DomainImpl.ScrTxtParaTests" runstate="Runnable" seed="358266268" result="Passed" start-time="2020-10-05 16:46:20Z" end-time="2020-10-05 16:46:20Z" duration="0.001899" asserts="4" />
            <test-case id="3-2601" name="PreventMovingParagraphsBetweenBooks_Add" fullname="SIL.LCModel.DomainImpl.ScrTxtParaTests.PreventMovingParagraphsBetweenBooks_Add" methodname="PreventMovingParagraphsBetweenBooks_Add" classname="SIL.LCModel.DomainImpl.ScrTxtParaTests" runstate="Runnable" seed="2056577111" result="Passed" start-time="2020-10-05 16:46:20Z" end-time="2020-10-05 16:46:20Z" duration="0.002221" asserts="1" />
            <test-case id="3-2604" name="PreventMovingParagraphsBetweenBooks_IndexedSetter" fullname="SIL.LCModel.DomainImpl.ScrTxtParaTests.PreventMovingParagraphsBetweenBooks_IndexedSetter" methodname="PreventMovingParagraphsBetweenBooks_IndexedSetter" classname="SIL.LCModel.DomainImpl.ScrTxtParaTests" runstate="Runnable" seed="1309023180" result="Passed" start-time="2020-10-05 16:46:20Z" end-time="2020-10-05 16:46:20Z" duration="0.001219" asserts="1" />
            <test-case id="3-2602" name="PreventMovingParagraphsBetweenBooks_Insert" fullname="SIL.LCModel.DomainImpl.ScrTxtParaTests.PreventMovingParagraphsBetweenBooks_Insert" methodname="PreventMovingParagraphsBetweenBooks_Insert" classname="SIL.LCModel.DomainImpl.ScrTxtParaTests" runstate="Runnable" seed="481948516" result="Passed" start-time="2020-10-05 16:46:20Z" end-time="2020-10-05 16:46:20Z" duration="0.001170" asserts="1" />
            <test-case id="3-2603" name="PreventMovingParagraphsBetweenBooks_Replace" fullname="SIL.LCModel.DomainImpl.ScrTxtParaTests.PreventMovingParagraphsBetweenBooks_Replace" methodname="PreventMovingParagraphsBetweenBooks_Replace" classname="SIL.LCModel.DomainImpl.ScrTxtParaTests" runstate="Runnable" seed="1079532194" result="Passed" start-time="2020-10-05 16:46:20Z" end-time="2020-10-05 16:46:20Z" duration="0.001260" asserts="1" />
            <test-case id="3-2600" name="Reference" fullname="SIL.LCModel.DomainImpl.ScrTxtParaTests.Reference" methodname="Reference" classname="SIL.LCModel.DomainImpl.ScrTxtParaTests" runstate="Runnable" seed="638418367" result="Passed" start-time="2020-10-05 16:46:20Z" end-time="2020-10-05 16:46:20Z" duration="0.005288" asserts="5" />
            <test-case id="3-2592" name="SectionReferences_BookTitle" fullname="SIL.LCModel.DomainImpl.ScrTxtParaTests.SectionReferences_BookTitle" methodname="SectionReferences_BookTitle" classname="SIL.LCModel.DomainImpl.ScrTxtParaTests" runstate="Runnable" seed="1830413185" result="Passed" start-time="2020-10-05 16:46:20Z" end-time="2020-10-05 16:46:20Z" duration="0.000904" asserts="2" />
            <test-case id="3-2591" name="SectionReferences_IntroPara" fullname="SIL.LCModel.DomainImpl.ScrTxtParaTests.SectionReferences_IntroPara" methodname="SectionReferences_IntroPara" classname="SIL.LCModel.DomainImpl.ScrTxtParaTests" runstate="Runnable" seed="2073919653" result="Passed" start-time="2020-10-05 16:46:20Z" end-time="2020-10-05 16:46:20Z" duration="0.001559" asserts="2" />
            <test-case id="3-2580" name="SplitParaAt_NoFootnotes" fullname="SIL.LCModel.DomainImpl.ScrTxtParaTests.SplitParaAt_NoFootnotes" methodname="SplitParaAt_NoFootnotes" classname="SIL.LCModel.DomainImpl.ScrTxtParaTests" runstate="Runnable" seed="342889887" result="Passed" start-time="2020-10-05 16:46:20Z" end-time="2020-10-05 16:46:20Z" duration="0.003324" asserts="4" />
            <test-case id="3-2581" name="SplitParaAt_WithFootnotes" fullname="SIL.LCModel.DomainImpl.ScrTxtParaTests.SplitParaAt_WithFootnotes" methodname="SplitParaAt_WithFootnotes" classname="SIL.LCModel.DomainImpl.ScrTxtParaTests" runstate="Runnable" seed="40153060" result="Passed" start-time="2020-10-05 16:46:20Z" end-time="2020-10-05 16:46:20Z" duration="0.004148" asserts="6" />
          </test-suite>
          <test-suite type="TestFixture" id="3-2630" name="ScrTxtParaTests_FootnoteRelated" fullname="SIL.LCModel.DomainImpl.ScrTxtParaTests_FootnoteRelated" classname="SIL.LCModel.DomainImpl.ScrTxtParaTests_FootnoteRelated" runstate="Runnable" testcasecount="20" result="Passed" start-time="2020-10-05 16:46:20Z" end-time="2020-10-05 16:46:20Z" duration="0.138996" total="20" passed="20" failed="0" warnings="0" inconclusive="0" skipped="0" asserts="175">
            <test-case id="3-2650" name="CopyObject" fullname="SIL.LCModel.DomainImpl.ScrTxtParaTests_FootnoteRelated.CopyObject" methodname="CopyObject" classname="SIL.LCModel.DomainImpl.ScrTxtParaTests_FootnoteRelated" runstate="Runnable" seed="1870210900" result="Passed" start-time="2020-10-05 16:46:20Z" end-time="2020-10-05 16:46:20Z" duration="0.008776" asserts="42" />
            <test-case id="3-2631" name="CopyTo" fullname="SIL.LCModel.DomainImpl.ScrTxtParaTests_FootnoteRelated.CopyTo" methodname="CopyTo" classname="SIL.LCModel.DomainImpl.ScrTxtParaTests_FootnoteRelated" runstate="Runnable" seed="1000355933" result="Passed" start-time="2020-10-05 16:46:20Z" end-time="2020-10-05 16:46:20Z" duration="0.006293" asserts="42" />
            <test-case id="3-2642" name="CreateOwnedObjects_AtEnd" fullname="SIL.LCModel.DomainImpl.ScrTxtParaTests_FootnoteRelated.CreateOwnedObjects_AtEnd" methodname="CreateOwnedObjects_AtEnd" classname="SIL.LCModel.DomainImpl.ScrTxtParaTests_FootnoteRelated" runstate="Runnable" seed="287390245" result="Passed" start-time="2020-10-05 16:46:20Z" end-time="2020-10-05 16:46:20Z" duration="0.003697" asserts="6" />
            <test-case id="3-2638" name="CreateOwnedObjects_Footnote" fullname="SIL.LCModel.DomainImpl.ScrTxtParaTests_FootnoteRelated.CreateOwnedObjects_Footnote" methodname="CreateOwnedObjects_Footnote" classname="SIL.LCModel.DomainImpl.ScrTxtParaTests_FootnoteRelated" runstate="Runnable" seed="816424182" result="Passed" start-time="2020-10-05 16:46:20Z" end-time="2020-10-05 16:46:20Z" duration="0.002669" asserts="5" />
            <test-case id="3-2643" name="CreateOwnedObjects_MultipleAtEnd" fullname="SIL.LCModel.DomainImpl.ScrTxtParaTests_FootnoteRelated.CreateOwnedObjects_MultipleAtEnd" methodname="CreateOwnedObjects_MultipleAtEnd" classname="SIL.LCModel.DomainImpl.ScrTxtParaTests_FootnoteRelated" runstate="Runnable" seed="266636844" result="Passed" start-time="2020-10-05 16:46:20Z" end-time="2020-10-05 16:46:20Z" duration="0.003273" asserts="10" />
            <test-case id="3-2639" name="CreateOwnedObjects_MultipleFootnotesStartAt0" fullname="SIL.LCModel.DomainImpl.ScrTxtParaTests_FootnoteRelated.CreateOwnedObjects_MultipleFootnotesStartAt0" methodname="CreateOwnedObjects_MultipleFootnotesStartAt0" classname="SIL.LCModel.DomainImpl.ScrTxtParaTests_FootnoteRelated" runstate="Runnable" seed="690525449" result="Passed" start-time="2020-10-05 16:46:20Z" end-time="2020-10-05 16:46:20Z" duration="0.005149" asserts="13" />
            <test-case id="3-2640" name="CreateOwnedObjects_MultipleFootnotesStartInMiddle" fullname="SIL.LCModel.DomainImpl.ScrTxtParaTests_FootnoteRelated.CreateOwnedObjects_MultipleFootnotesStartInMiddle" methodname="CreateOwnedObjects_MultipleFootnotesStartInMiddle" classname="SIL.LCModel.DomainImpl.ScrTxtParaTests_FootnoteRelated" runstate="Runnable" seed="106644616" result="Passed" start-time="2020-10-05 16:46:20Z" end-time="2020-10-05 16:46:20Z" duration="0.004497" asserts="13" />
            <test-case id="3-2641" name="CreateOwnedObjects_Picture" fullname="SIL.LCModel.DomainImpl.ScrTxtParaTests_FootnoteRelated.CreateOwnedObjects_Picture" methodname="CreateOwnedObjects_Picture" classname="SIL.LCModel.DomainImpl.ScrTxtParaTests_FootnoteRelated" runstate="Runnable" seed="1877317864" result="Passed" start-time="2020-10-05 16:46:20Z" end-time="2020-10-05 16:46:20Z" duration="0.003412" asserts="3" />
            <test-case id="3-2633" name="MoveText_WithFootnotes" fullname="SIL.LCModel.DomainImpl.ScrTxtParaTests_FootnoteRelated.MoveText_WithFootnotes" methodname="MoveText_WithFootnotes" classname="SIL.LCModel.DomainImpl.ScrTxtParaTests_FootnoteRelated" runstate="Runnable" seed="1754789054" result="Passed" start-time="2020-10-05 16:46:20Z" end-time="2020-10-05 16:46:20Z" duration="0.005383" asserts="4" />
            <test-case id="3-2636" name="RemoveOwnedObjectsForString_FootnotesWithBT" fullname="SIL.LCModel.DomainImpl.ScrTxtParaTests_FootnoteRelated.RemoveOwnedObjectsForString_FootnotesWithBT" methodname="RemoveOwnedObjectsForString_FootnotesWithBT" classname="SIL.LCModel.DomainImpl.ScrTxtParaTests_FootnoteRelated" runstate="Runnable" seed="448349236" result="Passed" start-time="2020-10-05 16:46:20Z" end-time="2020-10-05 16:46:20Z" duration="0.007217" asserts="7" />
            <test-case id="3-2634" name="RemoveOwnedObjectsForString_Simple" fullname="SIL.LCModel.DomainImpl.ScrTxtParaTests_FootnoteRelated.RemoveOwnedObjectsForString_Simple" methodname="RemoveOwnedObjectsForString_Simple" classname="SIL.LCModel.DomainImpl.ScrTxtParaTests_FootnoteRelated" runstate="Runnable" seed="1704542097" result="Passed" start-time="2020-10-05 16:46:20Z" end-time="2020-10-05 16:46:20Z" duration="0.002426" asserts="2" />
            <test-case id="3-2635" name="RemoveOwnedObjectsForString_TwoFootnotes" fullname="SIL.LCModel.DomainImpl.ScrTxtParaTests_FootnoteRelated.RemoveOwnedObjectsForString_TwoFootnotes" methodname="RemoveOwnedObjectsForString_TwoFootnotes" classname="SIL.LCModel.DomainImpl.ScrTxtParaTests_FootnoteRelated" runstate="Runnable" seed="1769883485" result="Passed" start-time="2020-10-05 16:46:20Z" end-time="2020-10-05 16:46:20Z" duration="0.002583" asserts="2" />
            <test-case id="3-2632" name="ReplaceText" fullname="SIL.LCModel.DomainImpl.ScrTxtParaTests_FootnoteRelated.ReplaceText" methodname="ReplaceText" classname="SIL.LCModel.DomainImpl.ScrTxtParaTests_FootnoteRelated" runstate="Runnable" seed="1088334033" result="Passed" start-time="2020-10-05 16:46:20Z" end-time="2020-10-05 16:46:20Z" duration="0.008712" asserts="8" />
            <test-case id="3-2648" name="SetContainingPara_MultipleFootnoteAdded" fullname="SIL.LCModel.DomainImpl.ScrTxtParaTests_FootnoteRelated.SetContainingPara_MultipleFootnoteAdded" methodname="SetContainingPara_MultipleFootnoteAdded" classname="SIL.LCModel.DomainImpl.ScrTxtParaTests_FootnoteRelated" runstate="Runnable" seed="369567287" result="Passed" start-time="2020-10-05 16:46:20Z" end-time="2020-10-05 16:46:20Z" duration="0.001821" asserts="2" />
            <test-case id="3-2649" name="SetContainingPara_ReplaceFootnote" fullname="SIL.LCModel.DomainImpl.ScrTxtParaTests_FootnoteRelated.SetContainingPara_ReplaceFootnote" methodname="SetContainingPara_ReplaceFootnote" classname="SIL.LCModel.DomainImpl.ScrTxtParaTests_FootnoteRelated" runstate="Runnable" seed="995954698" result="Passed" start-time="2020-10-05 16:46:20Z" end-time="2020-10-05 16:46:20Z" duration="0.001651" asserts="2" />
            <test-case id="3-2647" name="SetContainingPara_SingleFootnoteAdded" fullname="SIL.LCModel.DomainImpl.ScrTxtParaTests_FootnoteRelated.SetContainingPara_SingleFootnoteAdded" methodname="SetContainingPara_SingleFootnoteAdded" classname="SIL.LCModel.DomainImpl.ScrTxtParaTests_FootnoteRelated" runstate="Runnable" seed="1871222323" result="Passed" start-time="2020-10-05 16:46:20Z" end-time="2020-10-05 16:46:20Z" duration="0.001177" asserts="1" />
            <test-case id="3-2637" name="SplitParagraphBeforeFootnoteOrc" fullname="SIL.LCModel.DomainImpl.ScrTxtParaTests_FootnoteRelated.SplitParagraphBeforeFootnoteOrc" methodname="SplitParagraphBeforeFootnoteOrc" classname="SIL.LCModel.DomainImpl.ScrTxtParaTests_FootnoteRelated" runstate="Runnable" seed="528353771" result="Passed" start-time="2020-10-05 16:46:20Z" end-time="2020-10-05 16:46:20Z" duration="0.002768" asserts="2" />
            <test-case id="3-2646" name="TestGetFootnotes_More" fullname="SIL.LCModel.DomainImpl.ScrTxtParaTests_FootnoteRelated.TestGetFootnotes_More" methodname="TestGetFootnotes_More" classname="SIL.LCModel.DomainImpl.ScrTxtParaTests_FootnoteRelated" runstate="Runnable" seed="818436717" result="Passed" start-time="2020-10-05 16:46:20Z" end-time="2020-10-05 16:46:20Z" duration="0.002201" asserts="7" />
            <test-case id="3-2645" name="TestGetFootnotes_None" fullname="SIL.LCModel.DomainImpl.ScrTxtParaTests_FootnoteRelated.TestGetFootnotes_None" methodname="TestGetFootnotes_None" classname="SIL.LCModel.DomainImpl.ScrTxtParaTests_FootnoteRelated" runstate="Runnable" seed="1945409114" result="Passed" start-time="2020-10-05 16:46:20Z" end-time="2020-10-05 16:46:20Z" duration="0.001702" asserts="1" />
            <test-case id="3-2644" name="TestGetFootnotes_One" fullname="SIL.LCModel.DomainImpl.ScrTxtParaTests_FootnoteRelated.TestGetFootnotes_One" methodname="TestGetFootnotes_One" classname="SIL.LCModel.DomainImpl.ScrTxtParaTests_FootnoteRelated" runstate="Runnable" seed="2087923721" result="Passed" start-time="2020-10-05 16:46:20Z" end-time="2020-10-05 16:46:20Z" duration="0.002455" asserts="3" />
          </test-suite>
          <test-suite type="TestFixture" id="3-2651" name="SenseOrEntryTests" fullname="SIL.LCModel.DomainImpl.SenseOrEntryTests" classname="SIL.LCModel.DomainImpl.SenseOrEntryTests" runstate="Runnable" testcasecount="2" result="Passed" start-time="2020-10-05 16:46:20Z" end-time="2020-10-05 16:46:20Z" duration="0.061877" total="2" passed="2" failed="0" warnings="0" inconclusive="0" skipped="0" asserts="2">
            <test-case id="3-2652" name="ISenseOrEntryHeadwordRef_IncludesSenseNumber" fullname="SIL.LCModel.DomainImpl.SenseOrEntryTests.ISenseOrEntryHeadwordRef_IncludesSenseNumber" methodname="ISenseOrEntryHeadwordRef_IncludesSenseNumber" classname="SIL.LCModel.DomainImpl.SenseOrEntryTests" runstate="Runnable" seed="1060256337" result="Passed" start-time="2020-10-05 16:46:20Z" end-time="2020-10-05 16:46:20Z" duration="0.001843" asserts="1" />
            <test-case id="3-2653" name="ISenseOrEntryHeadwordRef_SenseNumberNotShownWhenHCSenseIsNotShown" fullname="SIL.LCModel.DomainImpl.SenseOrEntryTests.ISenseOrEntryHeadwordRef_SenseNumberNotShownWhenHCSenseIsNotShown" methodname="ISenseOrEntryHeadwordRef_SenseNumberNotShownWhenHCSenseIsNotShown" classname="SIL.LCModel.DomainImpl.SenseOrEntryTests" runstate="Runnable" seed="1386819779" result="Passed" start-time="2020-10-05 16:46:20Z" end-time="2020-10-05 16:46:20Z" duration="0.002085" asserts="1" />
          </test-suite>
          <test-suite type="TestFixture" id="3-2654" name="StFootnoteTests" fullname="SIL.LCModel.DomainImpl.StFootnoteTests" classname="SIL.LCModel.DomainImpl.StFootnoteTests" runstate="Runnable" testcasecount="23" result="Skipped" label="Ignored" site="Child" start-time="2020-10-05 16:46:20Z" end-time="2020-10-05 16:46:20Z" duration="0.101662" total="23" passed="22" failed="0" warnings="0" inconclusive="0" skipped="1" asserts="57">
            <reason>
              <message><![CDATA[One or more child tests were ignored]]></message>
            </reason>
            <test-case id="3-2672" name="CreateFromStringRep_BT_MultiCharStylePara" fullname="SIL.LCModel.DomainImpl.StFootnoteTests.CreateFromStringRep_BT_MultiCharStylePara" methodname="CreateFromStringRep_BT_MultiCharStylePara" classname="SIL.LCModel.DomainImpl.StFootnoteTests" runstate="Runnable" seed="2026552849" result="Passed" start-time="2020-10-05 16:46:20Z" end-time="2020-10-05 16:46:20Z" duration="0.006484" asserts="5" />
            <test-case id="3-2671" name="CreateFromStringRep_BT_withBrackets" fullname="SIL.LCModel.DomainImpl.StFootnoteTests.CreateFromStringRep_BT_withBrackets" methodname="CreateFromStringRep_BT_withBrackets" classname="SIL.LCModel.DomainImpl.StFootnoteTests" runstate="Runnable" seed="677350397" result="Passed" start-time="2020-10-05 16:46:20Z" end-time="2020-10-05 16:46:20Z" duration="0.001845" asserts="5" />
            <test-case id="3-2668" name="CreateFromStringRep_charStylePara" fullname="SIL.LCModel.DomainImpl.StFootnoteTests.CreateFromStringRep_charStylePara" methodname="CreateFromStringRep_charStylePara" classname="SIL.LCModel.DomainImpl.StFootnoteTests" runstate="Runnable" seed="561742004" result="Passed" start-time="2020-10-05 16:46:20Z" end-time="2020-10-05 16:46:20Z" duration="0.000991" asserts="5" />
            <test-case id="3-2665" name="CreateFromStringRep_easy1Para" fullname="SIL.LCModel.DomainImpl.StFootnoteTests.CreateFromStringRep_easy1Para" methodname="CreateFromStringRep_easy1Para" classname="SIL.LCModel.DomainImpl.StFootnoteTests" runstate="Runnable" seed="296485639" result="Passed" start-time="2020-10-05 16:46:20Z" end-time="2020-10-05 16:46:20Z" duration="0.000774" asserts="5" />
            <test-case id="3-2674" name="CreateFromStringRep_ExcptnInvalidICU" fullname="SIL.LCModel.DomainImpl.StFootnoteTests.CreateFromStringRep_ExcptnInvalidICU" methodname="CreateFromStringRep_ExcptnInvalidICU" classname="SIL.LCModel.DomainImpl.StFootnoteTests" runstate="Runnable" seed="1197398347" result="Passed" start-time="2020-10-05 16:46:20Z" end-time="2020-10-05 16:46:20Z" duration="0.001004" asserts="1" />
            <test-case id="3-2673" name="CreateFromStringRep_ExcptnUnknownElement" fullname="SIL.LCModel.DomainImpl.StFootnoteTests.CreateFromStringRep_ExcptnUnknownElement" methodname="CreateFromStringRep_ExcptnUnknownElement" classname="SIL.LCModel.DomainImpl.StFootnoteTests" runstate="Runnable" seed="1603169592" result="Passed" start-time="2020-10-05 16:46:20Z" end-time="2020-10-05 16:46:20Z" duration="0.001420" asserts="1" />
            <test-case id="3-2675" name="CreateFromStringRep_ExcptnUnknownTRANS_Element" fullname="SIL.LCModel.DomainImpl.StFootnoteTests.CreateFromStringRep_ExcptnUnknownTRANS_Element" methodname="CreateFromStringRep_ExcptnUnknownTRANS_Element" classname="SIL.LCModel.DomainImpl.StFootnoteTests" runstate="Runnable" seed="1819611924" result="Passed" start-time="2020-10-05 16:46:20Z" end-time="2020-10-05 16:46:20Z" duration="0.001125" asserts="1" />
            <test-case id="3-2676" name="CreateFromStringRep_ExcptnWSMissingFromRunElement" fullname="SIL.LCModel.DomainImpl.StFootnoteTests.CreateFromStringRep_ExcptnWSMissingFromRunElement" methodname="CreateFromStringRep_ExcptnWSMissingFromRunElement" classname="SIL.LCModel.DomainImpl.StFootnoteTests" runstate="Runnable" seed="1615648809" result="Passed" start-time="2020-10-05 16:46:20Z" end-time="2020-10-05 16:46:20Z" duration="0.001141" asserts="1" />
            <test-case id="3-2677" name="CreateFromStringRep_ExcptnWSWithoutValue" fullname="SIL.LCModel.DomainImpl.StFootnoteTests.CreateFromStringRep_ExcptnWSWithoutValue" methodname="CreateFromStringRep_ExcptnWSWithoutValue" classname="SIL.LCModel.DomainImpl.StFootnoteTests" runstate="Runnable" seed="597597581" result="Passed" start-time="2020-10-05 16:46:20Z" end-time="2020-10-05 16:46:20Z" duration="0.001485" asserts="1" />
            <test-case id="3-2667" name="CreateFromStringRep_nullFootnoteMarker" fullname="SIL.LCModel.DomainImpl.StFootnoteTests.CreateFromStringRep_nullFootnoteMarker" methodname="CreateFromStringRep_nullFootnoteMarker" classname="SIL.LCModel.DomainImpl.StFootnoteTests" runstate="Runnable" seed="452120897" result="Passed" start-time="2020-10-05 16:46:20Z" end-time="2020-10-05 16:46:20Z" duration="0.000871" asserts="5" />
            <test-case id="3-2669" name="CreateFromStringRep_twoCharStylePara" fullname="SIL.LCModel.DomainImpl.StFootnoteTests.CreateFromStringRep_twoCharStylePara" methodname="CreateFromStringRep_twoCharStylePara" classname="SIL.LCModel.DomainImpl.StFootnoteTests" runstate="Runnable" seed="725028582" result="Passed" start-time="2020-10-05 16:46:20Z" end-time="2020-10-05 16:46:20Z" duration="0.002436" asserts="5" />
            <test-case id="3-2670" name="CreateFromStringRep_twoParas" fullname="SIL.LCModel.DomainImpl.StFootnoteTests.CreateFromStringRep_twoParas" methodname="CreateFromStringRep_twoParas" classname="SIL.LCModel.DomainImpl.StFootnoteTests" runstate="Runnable" seed="2085315398" result="Passed" start-time="2020-10-05 16:46:20Z" end-time="2020-10-05 16:46:20Z" duration="0.001832" asserts="8" />
            <test-case id="3-2666" name="CreateFromStringRep_withBrackets" fullname="SIL.LCModel.DomainImpl.StFootnoteTests.CreateFromStringRep_withBrackets" methodname="CreateFromStringRep_withBrackets" classname="SIL.LCModel.DomainImpl.StFootnoteTests" runstate="Runnable" seed="1256222237" result="Passed" start-time="2020-10-05 16:46:20Z" end-time="2020-10-05 16:46:20Z" duration="0.001157" asserts="5" />
            <test-case id="3-2662" name="GetTextRepresentation_BT_emptyPara" fullname="SIL.LCModel.DomainImpl.StFootnoteTests.GetTextRepresentation_BT_emptyPara" methodname="GetTextRepresentation_BT_emptyPara" classname="SIL.LCModel.DomainImpl.StFootnoteTests" runstate="Runnable" seed="916596478" result="Passed" start-time="2020-10-05 16:46:20Z" end-time="2020-10-05 16:46:20Z" duration="0.001434" asserts="1" />
            <test-case id="3-2664" name="GetTextRepresentation_BT_MultiCharStylePara" fullname="SIL.LCModel.DomainImpl.StFootnoteTests.GetTextRepresentation_BT_MultiCharStylePara" methodname="GetTextRepresentation_BT_MultiCharStylePara" classname="SIL.LCModel.DomainImpl.StFootnoteTests" runstate="Runnable" seed="292055277" result="Passed" start-time="2020-10-05 16:46:20Z" end-time="2020-10-05 16:46:20Z" duration="0.001392" asserts="1" />
            <test-case id="3-2663" name="GetTextRepresentation_BT_withBrackets" fullname="SIL.LCModel.DomainImpl.StFootnoteTests.GetTextRepresentation_BT_withBrackets" methodname="GetTextRepresentation_BT_withBrackets" classname="SIL.LCModel.DomainImpl.StFootnoteTests" runstate="Runnable" seed="1519465956" result="Passed" start-time="2020-10-05 16:46:20Z" end-time="2020-10-05 16:46:20Z" duration="0.000919" asserts="1" />
            <test-case id="3-2659" name="GetTextRepresentation_charStylePara" fullname="SIL.LCModel.DomainImpl.StFootnoteTests.GetTextRepresentation_charStylePara" methodname="GetTextRepresentation_charStylePara" classname="SIL.LCModel.DomainImpl.StFootnoteTests" runstate="Runnable" seed="1657437314" result="Passed" start-time="2020-10-05 16:46:20Z" end-time="2020-10-05 16:46:20Z" duration="0.000821" asserts="1" />
            <test-case id="3-2655" name="GetTextRepresentation_easy1Para" fullname="SIL.LCModel.DomainImpl.StFootnoteTests.GetTextRepresentation_easy1Para" methodname="GetTextRepresentation_easy1Para" classname="SIL.LCModel.DomainImpl.StFootnoteTests" runstate="Runnable" seed="858102859" result="Passed" start-time="2020-10-05 16:46:20Z" end-time="2020-10-05 16:46:20Z" duration="0.000420" asserts="1" />
            <test-case id="3-2660" name="GetTextRepresentation_MultiCharStylePara" fullname="SIL.LCModel.DomainImpl.StFootnoteTests.GetTextRepresentation_MultiCharStylePara" methodname="GetTextRepresentation_MultiCharStylePara" classname="SIL.LCModel.DomainImpl.StFootnoteTests" runstate="Runnable" seed="713703843" result="Passed" start-time="2020-10-05 16:46:20Z" end-time="2020-10-05 16:46:20Z" duration="0.000778" asserts="1" />
            <test-case id="3-2657" name="GetTextRepresentation_nullFootnoteMarker" fullname="SIL.LCModel.DomainImpl.StFootnoteTests.GetTextRepresentation_nullFootnoteMarker" methodname="GetTextRepresentation_nullFootnoteMarker" classname="SIL.LCModel.DomainImpl.StFootnoteTests" runstate="Runnable" seed="831515551" result="Passed" start-time="2020-10-05 16:46:20Z" end-time="2020-10-05 16:46:20Z" duration="0.000427" asserts="1" />
            <test-case id="3-2658" name="GetTextRepresentation_SymbolicFootnoteMarker" fullname="SIL.LCModel.DomainImpl.StFootnoteTests.GetTextRepresentation_SymbolicFootnoteMarker" methodname="GetTextRepresentation_SymbolicFootnoteMarker" classname="SIL.LCModel.DomainImpl.StFootnoteTests" runstate="Runnable" seed="1085550485" result="Passed" start-time="2020-10-05 16:46:20Z" end-time="2020-10-05 16:46:20Z" duration="0.001302" asserts="1" />
            <test-case id="3-2661" name="GetTextRepresentation_twoParas" fullname="SIL.LCModel.DomainImpl.StFootnoteTests.GetTextRepresentation_twoParas" methodname="GetTextRepresentation_twoParas" classname="SIL.LCModel.DomainImpl.StFootnoteTests" runstate="Ignored" seed="2010141693" result="Skipped" label="Ignored" start-time="2020-10-05 16:46:20Z" end-time="2020-10-05 16:46:20Z" duration="0.000018" asserts="0">
              <properties>
                <property name="_SKIPREASON" value="'ValidateAddObjectInternal' won't allow two paras in one footnote." />
              </properties>
              <reason>
                <message><![CDATA['ValidateAddObjectInternal' won't allow two paras in one footnote.]]></message>
              </reason>
            </test-case>
            <test-case id="3-2656" name="GetTextRepresentation_withBrackets" fullname="SIL.LCModel.DomainImpl.StFootnoteTests.GetTextRepresentation_withBrackets" methodname="GetTextRepresentation_withBrackets" classname="SIL.LCModel.DomainImpl.StFootnoteTests" runstate="Runnable" seed="405970285" result="Passed" start-time="2020-10-05 16:46:20Z" end-time="2020-10-05 16:46:20Z" duration="0.001105" asserts="1" />
          </test-suite>
          <test-suite type="TestFixture" id="3-2690" name="StringsTests" fullname="SIL.LCModel.DomainImpl.StringsTests" classname="SIL.LCModel.DomainImpl.StringsTests" runstate="Runnable" testcasecount="5" result="Passed" start-time="2020-10-05 16:46:20Z" end-time="2020-10-05 16:46:20Z" duration="0.066028" total="5" passed="5" failed="0" warnings="0" inconclusive="0" skipped="0" asserts="5">
            <test-case id="3-2691" name="TestGetBestAnalysisAlternative_DefaultAnalExists" fullname="SIL.LCModel.DomainImpl.StringsTests.TestGetBestAnalysisAlternative_DefaultAnalExists" methodname="TestGetBestAnalysisAlternative_DefaultAnalExists" classname="SIL.LCModel.DomainImpl.StringsTests" runstate="Runnable" seed="109961787" result="Passed" start-time="2020-10-05 16:46:20Z" end-time="2020-10-05 16:46:20Z" duration="0.001756" asserts="1" />
            <test-case id="3-2692" name="TestGetBestAnalysisAlternative_EnglishExists" fullname="SIL.LCModel.DomainImpl.StringsTests.TestGetBestAnalysisAlternative_EnglishExists" methodname="TestGetBestAnalysisAlternative_EnglishExists" classname="SIL.LCModel.DomainImpl.StringsTests" runstate="Runnable" seed="1338364492" result="Passed" start-time="2020-10-05 16:46:20Z" end-time="2020-10-05 16:46:20Z" duration="0.004136" asserts="1" />
            <test-case id="3-2693" name="TestGetBestAnalysisAlternative_NoAlternativesExist" fullname="SIL.LCModel.DomainImpl.StringsTests.TestGetBestAnalysisAlternative_NoAlternativesExist" methodname="TestGetBestAnalysisAlternative_NoAlternativesExist" classname="SIL.LCModel.DomainImpl.StringsTests" runstate="Runnable" seed="1309534031" result="Passed" start-time="2020-10-05 16:46:20Z" end-time="2020-10-05 16:46:20Z" duration="0.000599" asserts="1" />
            <test-case id="3-2694" name="TestGetBestAnalysisAlternative_OtherAnalExists" fullname="SIL.LCModel.DomainImpl.StringsTests.TestGetBestAnalysisAlternative_OtherAnalExists" methodname="TestGetBestAnalysisAlternative_OtherAnalExists" classname="SIL.LCModel.DomainImpl.StringsTests" runstate="Runnable" seed="1011949317" result="Passed" start-time="2020-10-05 16:46:20Z" end-time="2020-10-05 16:46:20Z" duration="0.000555" asserts="1" />
            <test-case id="3-2695" name="TestGetBestAnalysisAlternative_UIExists" fullname="SIL.LCModel.DomainImpl.StringsTests.TestGetBestAnalysisAlternative_UIExists" methodname="TestGetBestAnalysisAlternative_UIExists" classname="SIL.LCModel.DomainImpl.StringsTests" runstate="Runnable" seed="336867293" result="Passed" start-time="2020-10-05 16:46:20Z" end-time="2020-10-05 16:46:20Z" duration="0.000589" asserts="1" />
          </test-suite>
          <test-suite type="TestFixture" id="3-2696" name="StTextTests" fullname="SIL.LCModel.DomainImpl.StTextTests" classname="SIL.LCModel.DomainImpl.StTextTests" runstate="Runnable" testcasecount="2" result="Passed" start-time="2020-10-05 16:46:20Z" end-time="2020-10-05 16:46:20Z" duration="0.072370" total="2" passed="2" failed="0" warnings="0" inconclusive="0" skipped="0" asserts="6">
            <test-case id="3-2698" name="DeleteStTextWithoutDeletingOwner" fullname="SIL.LCModel.DomainImpl.StTextTests.DeleteStTextWithoutDeletingOwner" methodname="DeleteStTextWithoutDeletingOwner" classname="SIL.LCModel.DomainImpl.StTextTests" runstate="Runnable" seed="1561313957" result="Passed" start-time="2020-10-05 16:46:20Z" end-time="2020-10-05 16:46:20Z" duration="0.001754" asserts="2" />
            <test-case id="3-2697" name="DeleteText_emptyChart" fullname="SIL.LCModel.DomainImpl.StTextTests.DeleteText_emptyChart" methodname="DeleteText_emptyChart" classname="SIL.LCModel.DomainImpl.StTextTests" runstate="Runnable" seed="1013086367" result="Passed" start-time="2020-10-05 16:46:20Z" end-time="2020-10-05 16:46:20Z" duration="0.003493" asserts="4" />
          </test-suite>
          <test-suite type="TestFixture" id="3-2699" name="StTxtParaTests" fullname="SIL.LCModel.DomainImpl.StTxtParaTests" classname="SIL.LCModel.DomainImpl.StTxtParaTests" runstate="Runnable" testcasecount="8" result="Passed" start-time="2020-10-05 16:46:20Z" end-time="2020-10-05 16:46:20Z" duration="0.087327" total="8" passed="8" failed="0" warnings="0" inconclusive="0" skipped="0" asserts="188">
            <test-case id="3-2700" name="ReplaceTextRange_Append" fullname="SIL.LCModel.DomainImpl.StTxtParaTests.ReplaceTextRange_Append" methodname="ReplaceTextRange_Append" classname="SIL.LCModel.DomainImpl.StTxtParaTests" runstate="Runnable" seed="886497188" result="Passed" start-time="2020-10-05 16:46:20Z" end-time="2020-10-05 16:46:20Z" duration="0.006433" asserts="21" />
            <test-case id="3-2701" name="ReplaceTextRange_Append_WithNWFC" fullname="SIL.LCModel.DomainImpl.StTxtParaTests.ReplaceTextRange_Append_WithNWFC" methodname="ReplaceTextRange_Append_WithNWFC" classname="SIL.LCModel.DomainImpl.StTxtParaTests" runstate="Runnable" seed="1263869978" result="Passed" start-time="2020-10-05 16:46:20Z" end-time="2020-10-05 16:46:20Z" duration="0.002129" asserts="23" />
            <test-case id="3-2702" name="ReplaceTextRange_InsertAtBeginning" fullname="SIL.LCModel.DomainImpl.StTxtParaTests.ReplaceTextRange_InsertAtBeginning" methodname="ReplaceTextRange_InsertAtBeginning" classname="SIL.LCModel.DomainImpl.StTxtParaTests" runstate="Runnable" seed="1111111224" result="Passed" start-time="2020-10-05 16:46:20Z" end-time="2020-10-05 16:46:20Z" duration="0.003279" asserts="21" />
            <test-case id="3-2703" name="ReplaceTextRange_InsertAtBeginning_WithNWFC" fullname="SIL.LCModel.DomainImpl.StTxtParaTests.ReplaceTextRange_InsertAtBeginning_WithNWFC" methodname="ReplaceTextRange_InsertAtBeginning_WithNWFC" classname="SIL.LCModel.DomainImpl.StTxtParaTests" runstate="Runnable" seed="118567193" result="Passed" start-time="2020-10-05 16:46:20Z" end-time="2020-10-05 16:46:20Z" duration="0.002186" asserts="23" />
            <test-case id="3-2707" name="ReplaceTextRange_ReplaceRangeAtBeginning_PartialSegment" fullname="SIL.LCModel.DomainImpl.StTxtParaTests.ReplaceTextRange_ReplaceRangeAtBeginning_PartialSegment" methodname="ReplaceTextRange_ReplaceRangeAtBeginning_PartialSegment" classname="SIL.LCModel.DomainImpl.StTxtParaTests" runstate="Runnable" seed="899279383" result="Passed" start-time="2020-10-05 16:46:20Z" end-time="2020-10-05 16:46:20Z" duration="0.002699" asserts="31" />
            <test-case id="3-2706" name="ReplaceTextRange_ReplaceRangeAtBeginning_WholeSegment" fullname="SIL.LCModel.DomainImpl.StTxtParaTests.ReplaceTextRange_ReplaceRangeAtBeginning_WholeSegment" methodname="ReplaceTextRange_ReplaceRangeAtBeginning_WholeSegment" classname="SIL.LCModel.DomainImpl.StTxtParaTests" runstate="Runnable" seed="239594993" result="Passed" start-time="2020-10-05 16:46:20Z" end-time="2020-10-05 16:46:20Z" duration="0.004698" asserts="25" />
            <test-case id="3-2705" name="ReplaceTextRange_ReplaceRangeAtEnd_PartialSegment" fullname="SIL.LCModel.DomainImpl.StTxtParaTests.ReplaceTextRange_ReplaceRangeAtEnd_PartialSegment" methodname="ReplaceTextRange_ReplaceRangeAtEnd_PartialSegment" classname="SIL.LCModel.DomainImpl.StTxtParaTests" runstate="Runnable" seed="949457487" result="Passed" start-time="2020-10-05 16:46:20Z" end-time="2020-10-05 16:46:20Z" duration="0.002974" asserts="23" />
            <test-case id="3-2704" name="ReplaceTextRange_ReplaceRangeAtEnd_WholeSegment" fullname="SIL.LCModel.DomainImpl.StTxtParaTests.ReplaceTextRange_ReplaceRangeAtEnd_WholeSegment" methodname="ReplaceTextRange_ReplaceRangeAtEnd_WholeSegment" classname="SIL.LCModel.DomainImpl.StTxtParaTests" runstate="Runnable" seed="1578066841" result="Passed" start-time="2020-10-05 16:46:20Z" end-time="2020-10-05 16:46:20Z" duration="0.003092" asserts="21" />
          </test-suite>
          <test-suite type="TestFixture" id="3-2708" name="ValidationTests" fullname="SIL.LCModel.DomainImpl.ValidationTests" classname="SIL.LCModel.DomainImpl.ValidationTests" runstate="Runnable" testcasecount="1" result="Passed" start-time="2020-10-05 16:46:20Z" end-time="2020-10-05 16:46:20Z" duration="0.085437" total="1" passed="1" failed="0" warnings="0" inconclusive="0" skipped="0" asserts="11">
            <test-case id="3-2709" name="ValidatePhEnvironment_StringRepresentation" fullname="SIL.LCModel.DomainImpl.ValidationTests.ValidatePhEnvironment_StringRepresentation" methodname="ValidatePhEnvironment_StringRepresentation" classname="SIL.LCModel.DomainImpl.ValidationTests" runstate="Runnable" seed="1152299563" result="Passed" start-time="2020-10-05 16:46:20Z" end-time="2020-10-05 16:46:20Z" duration="0.021603" asserts="11" />
          </test-suite>
        </test-suite>
        <test-suite type="TestSuite" id="3-2833" name="DomainServices" fullname="SIL.LCModel.DomainServices" runstate="Runnable" testcasecount="471" result="Skipped" label="Ignored" site="Child" start-time="2020-10-05 16:46:09Z" end-time="2020-10-05 16:46:27Z" duration="18.517386" total="471" passed="461" failed="0" warnings="0" inconclusive="0" skipped="10" asserts="8038">
          <reason>
            <message><![CDATA[One or more child tests were ignored]]></message>
          </reason>
          <test-suite type="TestFixture" id="3-1259" name="AnalysisGuessServicesTests" fullname="SIL.LCModel.DomainServices.AnalysisGuessServicesTests" classname="SIL.LCModel.DomainServices.AnalysisGuessServicesTests" runstate="Runnable" testcasecount="44" result="Skipped" label="Ignored" site="Child" start-time="2020-10-05 16:46:20Z" end-time="2020-10-05 16:46:23Z" duration="2.703941" total="44" passed="43" failed="0" warnings="0" inconclusive="0" skipped="1" asserts="67">
            <reason>
              <message><![CDATA[One or more child tests were ignored]]></message>
            </reason>
            <test-case id="3-1292" name="ExpectedAnalysisGuess_ForSentenceInitialOnlyLowercase" fullname="SIL.LCModel.DomainServices.AnalysisGuessServicesTests.ExpectedAnalysisGuess_ForSentenceInitialOnlyLowercase" methodname="ExpectedAnalysisGuess_ForSentenceInitialOnlyLowercase" classname="SIL.LCModel.DomainServices.AnalysisGuessServicesTests" runstate="Runnable" seed="1936997269" result="Passed" start-time="2020-10-05 16:46:20Z" end-time="2020-10-05 16:46:21Z" duration="0.074110" asserts="1" />
            <test-case id="3-1290" name="ExpectedAnalysisGuess_ForSentenceInitialPositionLowerCaseAlternative" fullname="SIL.LCModel.DomainServices.AnalysisGuessServicesTests.ExpectedAnalysisGuess_ForSentenceInitialPositionLowerCaseAlternative" methodname="ExpectedAnalysisGuess_ForSentenceInitialPositionLowerCaseAlternative" classname="SIL.LCModel.DomainServices.AnalysisGuessServicesTests" runstate="Runnable" seed="1500550183" result="Passed" start-time="2020-10-05 16:46:21Z" end-time="2020-10-05 16:46:21Z" duration="0.063653" asserts="1" />
            <test-case id="3-1291" name="ExpectedAnalysisGuess_ForSentenceInitialPositionUpperCaseAlternative" fullname="SIL.LCModel.DomainServices.AnalysisGuessServicesTests.ExpectedAnalysisGuess_ForSentenceInitialPositionUpperCaseAlternative" methodname="ExpectedAnalysisGuess_ForSentenceInitialPositionUpperCaseAlternative" classname="SIL.LCModel.DomainServices.AnalysisGuessServicesTests" runstate="Runnable" seed="1937915866" result="Passed" start-time="2020-10-05 16:46:21Z" end-time="2020-10-05 16:46:21Z" duration="0.059008" asserts="1" />
            <test-case id="3-1293" name="ExpectedAnalysisGuess_ForSentenceInitialUppercaseWithAnalysis" fullname="SIL.LCModel.DomainServices.AnalysisGuessServicesTests.ExpectedAnalysisGuess_ForSentenceInitialUppercaseWithAnalysis" methodname="ExpectedAnalysisGuess_ForSentenceInitialUppercaseWithAnalysis" classname="SIL.LCModel.DomainServices.AnalysisGuessServicesTests" runstate="Runnable" seed="242866694" result="Passed" start-time="2020-10-05 16:46:21Z" end-time="2020-10-05 16:46:21Z" duration="0.057576" asserts="1" />
            <test-case id="3-1289" name="ExpectedAnalysisGuess_MultipleAnalyses_PreferAnalysisInText" fullname="SIL.LCModel.DomainServices.AnalysisGuessServicesTests.ExpectedAnalysisGuess_MultipleAnalyses_PreferAnalysisInText" methodname="ExpectedAnalysisGuess_MultipleAnalyses_PreferAnalysisInText" classname="SIL.LCModel.DomainServices.AnalysisGuessServicesTests" runstate="Runnable" seed="1119984198" result="Passed" start-time="2020-10-05 16:46:21Z" end-time="2020-10-05 16:46:21Z" duration="0.058582" asserts="1" />
            <test-case id="3-1287" name="ExpectedAnalysisGuess_MultipleAnalyses_PreferOneApprovedInText" fullname="SIL.LCModel.DomainServices.AnalysisGuessServicesTests.ExpectedAnalysisGuess_MultipleAnalyses_PreferOneApprovedInText" methodname="ExpectedAnalysisGuess_MultipleAnalyses_PreferOneApprovedInText" classname="SIL.LCModel.DomainServices.AnalysisGuessServicesTests" runstate="Runnable" seed="1065776070" result="Passed" start-time="2020-10-05 16:46:21Z" end-time="2020-10-05 16:46:21Z" duration="0.057717" asserts="1" />
            <test-case id="3-1299" name="ExpectedAnalysisGuess_PreferFrequentGlossOverLessFrequentAnalysis" fullname="SIL.LCModel.DomainServices.AnalysisGuessServicesTests.ExpectedAnalysisGuess_PreferFrequentGlossOverLessFrequentAnalysis" methodname="ExpectedAnalysisGuess_PreferFrequentGlossOverLessFrequentAnalysis" classname="SIL.LCModel.DomainServices.AnalysisGuessServicesTests" runstate="Runnable" seed="137673621" result="Passed" start-time="2020-10-05 16:46:21Z" end-time="2020-10-05 16:46:21Z" duration="0.056749" asserts="1" />
            <test-case id="3-1295" name="ExpectedAnalysisGuessForAnalysis_GlossOfApprovedAnalysis" fullname="SIL.LCModel.DomainServices.AnalysisGuessServicesTests.ExpectedAnalysisGuessForAnalysis_GlossOfApprovedAnalysis" methodname="ExpectedAnalysisGuessForAnalysis_GlossOfApprovedAnalysis" classname="SIL.LCModel.DomainServices.AnalysisGuessServicesTests" runstate="Runnable" seed="696161229" result="Passed" start-time="2020-10-05 16:46:21Z" end-time="2020-10-05 16:46:21Z" duration="0.066308" asserts="1" />
            <test-case id="3-1301" name="ExpectedAnalysisGuessForAnalysis_PreferFrequentGlossOverLessFrequentGloss" fullname="SIL.LCModel.DomainServices.AnalysisGuessServicesTests.ExpectedAnalysisGuessForAnalysis_PreferFrequentGlossOverLessFrequentGloss" methodname="ExpectedAnalysisGuessForAnalysis_PreferFrequentGlossOverLessFrequentGloss" classname="SIL.LCModel.DomainServices.AnalysisGuessServicesTests" runstate="Runnable" seed="1719378853" result="Passed" start-time="2020-10-05 16:46:21Z" end-time="2020-10-05 16:46:21Z" duration="0.059664" asserts="1" />
            <test-case id="3-1297" name="ExpectedAnalysisGuessForAnalysis_PreferOneGlossOverOneAnalysis" fullname="SIL.LCModel.DomainServices.AnalysisGuessServicesTests.ExpectedAnalysisGuessForAnalysis_PreferOneGlossOverOneAnalysis" methodname="ExpectedAnalysisGuessForAnalysis_PreferOneGlossOverOneAnalysis" classname="SIL.LCModel.DomainServices.AnalysisGuessServicesTests" runstate="Runnable" seed="198489320" result="Passed" start-time="2020-10-05 16:46:21Z" end-time="2020-10-05 16:46:21Z" duration="0.058360" asserts="1" />
            <test-case id="3-1294" name="ExpectedAnalysisGuessForWord_GlossOfApprovedAnalysis" fullname="SIL.LCModel.DomainServices.AnalysisGuessServicesTests.ExpectedAnalysisGuessForWord_GlossOfApprovedAnalysis" methodname="ExpectedAnalysisGuessForWord_GlossOfApprovedAnalysis" classname="SIL.LCModel.DomainServices.AnalysisGuessServicesTests" runstate="Runnable" seed="1612033115" result="Passed" start-time="2020-10-05 16:46:21Z" end-time="2020-10-05 16:46:21Z" duration="0.058016" asserts="1" />
            <test-case id="3-1298" name="ExpectedAnalysisGuessForWord_PreferFrequentAnalysisOverLessFrequentGloss" fullname="SIL.LCModel.DomainServices.AnalysisGuessServicesTests.ExpectedAnalysisGuessForWord_PreferFrequentAnalysisOverLessFrequentGloss" methodname="ExpectedAnalysisGuessForWord_PreferFrequentAnalysisOverLessFrequentGloss" classname="SIL.LCModel.DomainServices.AnalysisGuessServicesTests" runstate="Runnable" seed="1380646309" result="Passed" start-time="2020-10-05 16:46:21Z" end-time="2020-10-05 16:46:21Z" duration="0.059156" asserts="1" />
            <test-case id="3-1300" name="ExpectedAnalysisGuessForWord_PreferFrequentGlossOverLessFrequentGloss" fullname="SIL.LCModel.DomainServices.AnalysisGuessServicesTests.ExpectedAnalysisGuessForWord_PreferFrequentGlossOverLessFrequentGloss" methodname="ExpectedAnalysisGuessForWord_PreferFrequentGlossOverLessFrequentGloss" classname="SIL.LCModel.DomainServices.AnalysisGuessServicesTests" runstate="Runnable" seed="171974945" result="Passed" start-time="2020-10-05 16:46:21Z" end-time="2020-10-05 16:46:21Z" duration="0.058524" asserts="1" />
            <test-case id="3-1296" name="ExpectedAnalysisGuessForWord_PreferOneGlossOverOneAnalysis" fullname="SIL.LCModel.DomainServices.AnalysisGuessServicesTests.ExpectedAnalysisGuessForWord_PreferOneGlossOverOneAnalysis" methodname="ExpectedAnalysisGuessForWord_PreferOneGlossOverOneAnalysis" classname="SIL.LCModel.DomainServices.AnalysisGuessServicesTests" runstate="Runnable" seed="169573907" result="Passed" start-time="2020-10-05 16:46:21Z" end-time="2020-10-05 16:46:21Z" duration="0.058622" asserts="1" />
            <test-case id="3-1283" name="ExpectedGuess_MultipleAnalyses_EquallyApproved_NoneInTexts" fullname="SIL.LCModel.DomainServices.AnalysisGuessServicesTests.ExpectedGuess_MultipleAnalyses_EquallyApproved_NoneInTexts" methodname="ExpectedGuess_MultipleAnalyses_EquallyApproved_NoneInTexts" classname="SIL.LCModel.DomainServices.AnalysisGuessServicesTests" runstate="Runnable" seed="1178980590" result="Passed" start-time="2020-10-05 16:46:21Z" end-time="2020-10-05 16:46:21Z" duration="0.058039" asserts="1" />
            <test-case id="3-1302" name="ExpectedGuess_MultipleAnalyses_MostApprovedAfterDisapproved" fullname="SIL.LCModel.DomainServices.AnalysisGuessServicesTests.ExpectedGuess_MultipleAnalyses_MostApprovedAfterDisapproved" methodname="ExpectedGuess_MultipleAnalyses_MostApprovedAfterDisapproved" classname="SIL.LCModel.DomainServices.AnalysisGuessServicesTests" runstate="Runnable" seed="2043357772" result="Passed" start-time="2020-10-05 16:46:21Z" end-time="2020-10-05 16:46:21Z" duration="0.060002" asserts="1" />
            <test-case id="3-1288" name="ExpectedGuess_MultipleAnalyses_PreferOneApprovedInTextToMatchingEntry" fullname="SIL.LCModel.DomainServices.AnalysisGuessServicesTests.ExpectedGuess_MultipleAnalyses_PreferOneApprovedInTextToMatchingEntry" methodname="ExpectedGuess_MultipleAnalyses_PreferOneApprovedInTextToMatchingEntry" classname="SIL.LCModel.DomainServices.AnalysisGuessServicesTests" runstate="Runnable" seed="1972376982" result="Passed" start-time="2020-10-05 16:46:21Z" end-time="2020-10-05 16:46:21Z" duration="0.064928" asserts="1" />
            <test-case id="3-1284" name="ExpectedGuess_MultipleAnalyses_PreferOneApprovedToNoEvaluation" fullname="SIL.LCModel.DomainServices.AnalysisGuessServicesTests.ExpectedGuess_MultipleAnalyses_PreferOneApprovedToNoEvaluation" methodname="ExpectedGuess_MultipleAnalyses_PreferOneApprovedToNoEvaluation" classname="SIL.LCModel.DomainServices.AnalysisGuessServicesTests" runstate="Runnable" seed="1658667659" result="Passed" start-time="2020-10-05 16:46:21Z" end-time="2020-10-05 16:46:22Z" duration="0.058400" asserts="1" />
            <test-case id="3-1285" name="ExpectedGuess_MultipleAnalyses_PreferParserAgentGuessOverMatchingEntryGuess" fullname="SIL.LCModel.DomainServices.AnalysisGuessServicesTests.ExpectedGuess_MultipleAnalyses_PreferParserAgentGuessOverMatchingEntryGuess" methodname="ExpectedGuess_MultipleAnalyses_PreferParserAgentGuessOverMatchingEntryGuess" classname="SIL.LCModel.DomainServices.AnalysisGuessServicesTests" runstate="Runnable" seed="610135453" result="Passed" start-time="2020-10-05 16:46:22Z" end-time="2020-10-05 16:46:22Z" duration="0.064995" asserts="1" />
            <test-case id="3-1286" name="ExpectedGuess_MultipleAnalyses_PreferUserAgentGuessOverMatchingEntryGuess" fullname="SIL.LCModel.DomainServices.AnalysisGuessServicesTests.ExpectedGuess_MultipleAnalyses_PreferUserAgentGuessOverMatchingEntryGuess" methodname="ExpectedGuess_MultipleAnalyses_PreferUserAgentGuessOverMatchingEntryGuess" classname="SIL.LCModel.DomainServices.AnalysisGuessServicesTests" runstate="Runnable" seed="994387274" result="Passed" start-time="2020-10-05 16:46:22Z" end-time="2020-10-05 16:46:22Z" duration="0.061361" asserts="1" />
            <test-case id="3-1275" name="ExpectedGuess_OneAnalysis_HumanApproves" fullname="SIL.LCModel.DomainServices.AnalysisGuessServicesTests.ExpectedGuess_OneAnalysis_HumanApproves" methodname="ExpectedGuess_OneAnalysis_HumanApproves" classname="SIL.LCModel.DomainServices.AnalysisGuessServicesTests" runstate="Runnable" seed="1355526811" result="Passed" start-time="2020-10-05 16:46:22Z" end-time="2020-10-05 16:46:22Z" duration="0.060750" asserts="1" />
            <test-case id="3-1276" name="ExpectedGuess_OneAnalysis_HumanApproves_ParserDisapproves" fullname="SIL.LCModel.DomainServices.AnalysisGuessServicesTests.ExpectedGuess_OneAnalysis_HumanApproves_ParserDisapproves" methodname="ExpectedGuess_OneAnalysis_HumanApproves_ParserDisapproves" classname="SIL.LCModel.DomainServices.AnalysisGuessServicesTests" runstate="Runnable" seed="1382197580" result="Passed" start-time="2020-10-05 16:46:22Z" end-time="2020-10-05 16:46:22Z" duration="0.056861" asserts="1" />
            <test-case id="3-1280" name="ExpectedGuess_OneAnalysis_NoOpinion" fullname="SIL.LCModel.DomainServices.AnalysisGuessServicesTests.ExpectedGuess_OneAnalysis_NoOpinion" methodname="ExpectedGuess_OneAnalysis_NoOpinion" classname="SIL.LCModel.DomainServices.AnalysisGuessServicesTests" runstate="Runnable" seed="1875546469" result="Passed" start-time="2020-10-05 16:46:22Z" end-time="2020-10-05 16:46:22Z" duration="0.056653" asserts="1" />
            <test-case id="3-1279" name="ExpectedGuess_OneAnalysis_ParserApproves" fullname="SIL.LCModel.DomainServices.AnalysisGuessServicesTests.ExpectedGuess_OneAnalysis_ParserApproves" methodname="ExpectedGuess_OneAnalysis_ParserApproves" classname="SIL.LCModel.DomainServices.AnalysisGuessServicesTests" runstate="Runnable" seed="387198654" result="Passed" start-time="2020-10-05 16:46:22Z" end-time="2020-10-05 16:46:22Z" duration="0.055399" asserts="1" />
            <test-case id="3-1303" name="ExpectedGuess_PreferUserApprovedAnalysisOverParserApprovedAnalysis" fullname="SIL.LCModel.DomainServices.AnalysisGuessServicesTests.ExpectedGuess_PreferUserApprovedAnalysisOverParserApprovedAnalysis" methodname="ExpectedGuess_PreferUserApprovedAnalysisOverParserApprovedAnalysis" classname="SIL.LCModel.DomainServices.AnalysisGuessServicesTests" runstate="Runnable" seed="233311959" result="Passed" start-time="2020-10-05 16:46:22Z" end-time="2020-10-05 16:46:22Z" duration="0.055558" asserts="1" />
            <test-case id="3-1278" name="ExpectedGuessForAnalysis_OneGloss_HumanApprovesAnalysis" fullname="SIL.LCModel.DomainServices.AnalysisGuessServicesTests.ExpectedGuessForAnalysis_OneGloss_HumanApprovesAnalysis" methodname="ExpectedGuessForAnalysis_OneGloss_HumanApprovesAnalysis" classname="SIL.LCModel.DomainServices.AnalysisGuessServicesTests" runstate="Runnable" seed="1078443171" result="Passed" start-time="2020-10-05 16:46:22Z" end-time="2020-10-05 16:46:22Z" duration="0.058144" asserts="1" />
            <test-case id="3-1282" name="ExpectedGuessForAnalysis_OneGloss_NoOpinion" fullname="SIL.LCModel.DomainServices.AnalysisGuessServicesTests.ExpectedGuessForAnalysis_OneGloss_NoOpinion" methodname="ExpectedGuessForAnalysis_OneGloss_NoOpinion" classname="SIL.LCModel.DomainServices.AnalysisGuessServicesTests" runstate="Runnable" seed="821997989" result="Passed" start-time="2020-10-05 16:46:22Z" end-time="2020-10-05 16:46:22Z" duration="0.055794" asserts="1" />
            <test-case id="3-1271" name="ExpectedGuessForWord_MatchingEntry" fullname="SIL.LCModel.DomainServices.AnalysisGuessServicesTests.ExpectedGuessForWord_MatchingEntry" methodname="ExpectedGuessForWord_MatchingEntry" classname="SIL.LCModel.DomainServices.AnalysisGuessServicesTests" runstate="Runnable" seed="1994732986" result="Passed" start-time="2020-10-05 16:46:22Z" end-time="2020-10-05 16:46:22Z" duration="0.061293" asserts="9" />
            <test-case id="3-1274" name="ExpectedGuessForWord_MatchingVariantHavingSense" fullname="SIL.LCModel.DomainServices.AnalysisGuessServicesTests.ExpectedGuessForWord_MatchingVariantHavingSense" methodname="ExpectedGuessForWord_MatchingVariantHavingSense" classname="SIL.LCModel.DomainServices.AnalysisGuessServicesTests" runstate="Ignored" seed="380848474" result="Skipped" label="Ignored" start-time="2020-10-05 16:46:22Z" end-time="2020-10-05 16:46:22Z" duration="0.000005" asserts="0">
              <properties>
                <property name="_SKIPREASON" value="support for LT-9681. Not sure how the MorphRA/SenseRA/MsaRA data should be represented for this case." />
              </properties>
              <reason>
                <message><![CDATA[support for LT-9681. Not sure how the MorphRA/SenseRA/MsaRA data should be represented for this case.]]></message>
              </reason>
            </test-case>
            <test-case id="3-1272" name="ExpectedGuessForWord_MatchingVariantOfEntry" fullname="SIL.LCModel.DomainServices.AnalysisGuessServicesTests.ExpectedGuessForWord_MatchingVariantOfEntry" methodname="ExpectedGuessForWord_MatchingVariantOfEntry" classname="SIL.LCModel.DomainServices.AnalysisGuessServicesTests" runstate="Runnable" seed="507290807" result="Passed" start-time="2020-10-05 16:46:22Z" end-time="2020-10-05 16:46:22Z" duration="0.058368" asserts="8" />
            <test-case id="3-1273" name="ExpectedGuessForWord_MatchingVariantofSense" fullname="SIL.LCModel.DomainServices.AnalysisGuessServicesTests.ExpectedGuessForWord_MatchingVariantofSense" methodname="ExpectedGuessForWord_MatchingVariantofSense" classname="SIL.LCModel.DomainServices.AnalysisGuessServicesTests" runstate="Runnable" seed="1626532734" result="Passed" start-time="2020-10-05 16:46:22Z" end-time="2020-10-05 16:46:22Z" duration="0.060693" asserts="8" />
            <test-case id="3-1277" name="ExpectedGuessForWord_OneGloss_HumanApprovesAnalysis" fullname="SIL.LCModel.DomainServices.AnalysisGuessServicesTests.ExpectedGuessForWord_OneGloss_HumanApprovesAnalysis" methodname="ExpectedGuessForWord_OneGloss_HumanApprovesAnalysis" classname="SIL.LCModel.DomainServices.AnalysisGuessServicesTests" runstate="Runnable" seed="3250324" result="Passed" start-time="2020-10-05 16:46:22Z" end-time="2020-10-05 16:46:22Z" duration="0.059016" asserts="1" />
            <test-case id="3-1281" name="ExpectedGuessForWord_OneGloss_NoOpinion" fullname="SIL.LCModel.DomainServices.AnalysisGuessServicesTests.ExpectedGuessForWord_OneGloss_NoOpinion" methodname="ExpectedGuessForWord_OneGloss_NoOpinion" classname="SIL.LCModel.DomainServices.AnalysisGuessServicesTests" runstate="Runnable" seed="519394260" result="Passed" start-time="2020-10-05 16:46:22Z" end-time="2020-10-05 16:46:22Z" duration="0.062450" asserts="1" />
            <test-case id="3-1264" name="NoExpectedGuessForAnalysis_DisapprovesHumanAnalysis" fullname="SIL.LCModel.DomainServices.AnalysisGuessServicesTests.NoExpectedGuessForAnalysis_DisapprovesHumanAnalysis" methodname="NoExpectedGuessForAnalysis_DisapprovesHumanAnalysis" classname="SIL.LCModel.DomainServices.AnalysisGuessServicesTests" runstate="Runnable" seed="170354727" result="Passed" start-time="2020-10-05 16:46:22Z" end-time="2020-10-05 16:46:22Z" duration="0.061564" asserts="1" />
            <test-case id="3-1266" name="NoExpectedGuessForAnalysis_DisapprovesHumanAnalysisOfGloss" fullname="SIL.LCModel.DomainServices.AnalysisGuessServicesTests.NoExpectedGuessForAnalysis_DisapprovesHumanAnalysisOfGloss" methodname="NoExpectedGuessForAnalysis_DisapprovesHumanAnalysisOfGloss" classname="SIL.LCModel.DomainServices.AnalysisGuessServicesTests" runstate="Runnable" seed="1081843633" result="Passed" start-time="2020-10-05 16:46:22Z" end-time="2020-10-05 16:46:23Z" duration="0.064395" asserts="1" />
            <test-case id="3-1270" name="NoExpectedGuessForAnalysis_DisapprovesParserApprovedAnalysis" fullname="SIL.LCModel.DomainServices.AnalysisGuessServicesTests.NoExpectedGuessForAnalysis_DisapprovesParserApprovedAnalysis" methodname="NoExpectedGuessForAnalysis_DisapprovesParserApprovedAnalysis" classname="SIL.LCModel.DomainServices.AnalysisGuessServicesTests" runstate="Runnable" seed="1311957975" result="Passed" start-time="2020-10-05 16:46:23Z" end-time="2020-10-05 16:46:23Z" duration="0.059937" asserts="1" />
            <test-case id="3-1261" name="NoExpectedGuessForAnalysis_NoAnalyses" fullname="SIL.LCModel.DomainServices.AnalysisGuessServicesTests.NoExpectedGuessForAnalysis_NoAnalyses" methodname="NoExpectedGuessForAnalysis_NoAnalyses" classname="SIL.LCModel.DomainServices.AnalysisGuessServicesTests" runstate="Runnable" seed="284766168" result="Passed" start-time="2020-10-05 16:46:23Z" end-time="2020-10-05 16:46:23Z" duration="0.075632" asserts="1" />
            <test-case id="3-1262" name="NoExpectedGuessForAnalysis_NoGlosses" fullname="SIL.LCModel.DomainServices.AnalysisGuessServicesTests.NoExpectedGuessForAnalysis_NoGlosses" methodname="NoExpectedGuessForAnalysis_NoGlosses" classname="SIL.LCModel.DomainServices.AnalysisGuessServicesTests" runstate="Runnable" seed="1880005316" result="Passed" start-time="2020-10-05 16:46:23Z" end-time="2020-10-05 16:46:23Z" duration="0.074081" asserts="1" />
            <test-case id="3-1263" name="NoExpectedGuessForWord_DisapprovesHumanAnalysis" fullname="SIL.LCModel.DomainServices.AnalysisGuessServicesTests.NoExpectedGuessForWord_DisapprovesHumanAnalysis" methodname="NoExpectedGuessForWord_DisapprovesHumanAnalysis" classname="SIL.LCModel.DomainServices.AnalysisGuessServicesTests" runstate="Runnable" seed="987056993" result="Passed" start-time="2020-10-05 16:46:23Z" end-time="2020-10-05 16:46:23Z" duration="0.071231" asserts="1" />
            <test-case id="3-1265" name="NoExpectedGuessForWord_DisapprovesHumanAnalysisOfGloss" fullname="SIL.LCModel.DomainServices.AnalysisGuessServicesTests.NoExpectedGuessForWord_DisapprovesHumanAnalysisOfGloss" methodname="NoExpectedGuessForWord_DisapprovesHumanAnalysisOfGloss" classname="SIL.LCModel.DomainServices.AnalysisGuessServicesTests" runstate="Runnable" seed="1093436520" result="Passed" start-time="2020-10-05 16:46:23Z" end-time="2020-10-05 16:46:23Z" duration="0.059119" asserts="1" />
            <test-case id="3-1267" name="NoExpectedGuessForWord_DisapprovesParserApprovedAnalysis" fullname="SIL.LCModel.DomainServices.AnalysisGuessServicesTests.NoExpectedGuessForWord_DisapprovesParserApprovedAnalysis" methodname="NoExpectedGuessForWord_DisapprovesParserApprovedAnalysis" classname="SIL.LCModel.DomainServices.AnalysisGuessServicesTests" runstate="Runnable" seed="94249467" result="Passed" start-time="2020-10-05 16:46:23Z" end-time="2020-10-05 16:46:23Z" duration="0.066823" asserts="1" />
            <test-case id="3-1269" name="NoExpectedGuessForWord_DontMatchBoundedStemOrRoot" fullname="SIL.LCModel.DomainServices.AnalysisGuessServicesTests.NoExpectedGuessForWord_DontMatchBoundedStemOrRoot" methodname="NoExpectedGuessForWord_DontMatchBoundedStemOrRoot" classname="SIL.LCModel.DomainServices.AnalysisGuessServicesTests" runstate="Runnable" seed="454695589" result="Passed" start-time="2020-10-05 16:46:23Z" end-time="2020-10-05 16:46:23Z" duration="0.072211" asserts="2" />
            <test-case id="3-1260" name="NoExpectedGuessForWord_NoAnalyses" fullname="SIL.LCModel.DomainServices.AnalysisGuessServicesTests.NoExpectedGuessForWord_NoAnalyses" methodname="NoExpectedGuessForWord_NoAnalyses" classname="SIL.LCModel.DomainServices.AnalysisGuessServicesTests" runstate="Runnable" seed="458127446" result="Passed" start-time="2020-10-05 16:46:23Z" end-time="2020-10-05 16:46:23Z" duration="0.057502" asserts="1" />
            <test-case id="3-1268" name="NoExpectedGuessForWord_NoMatchingEntries" fullname="SIL.LCModel.DomainServices.AnalysisGuessServicesTests.NoExpectedGuessForWord_NoMatchingEntries" methodname="NoExpectedGuessForWord_NoMatchingEntries" classname="SIL.LCModel.DomainServices.AnalysisGuessServicesTests" runstate="Runnable" seed="1750368405" result="Passed" start-time="2020-10-05 16:46:23Z" end-time="2020-10-05 16:46:23Z" duration="0.061152" asserts="2" />
          </test-suite>
          <test-suite type="TestFixture" id="3-1304" name="AnalysisOccurrenceTests" fullname="SIL.LCModel.DomainServices.AnalysisOccurrenceTests" classname="SIL.LCModel.DomainServices.AnalysisOccurrenceTests" runstate="Runnable" testcasecount="25" result="Skipped" label="Ignored" site="Child" start-time="2020-10-05 16:46:23Z" end-time="2020-10-05 16:46:23Z" duration="0.081823" total="25" passed="23" failed="0" warnings="0" inconclusive="0" skipped="2" asserts="102">
            <reason>
              <message><![CDATA[One or more child tests were ignored]]></message>
            </reason>
            <test-case id="3-1313" name="GetAdvancingAnOcs_DifferentParagraphs_BadOrder" fullname="SIL.LCModel.DomainServices.AnalysisOccurrenceTests.GetAdvancingAnOcs_DifferentParagraphs_BadOrder" methodname="GetAdvancingAnOcs_DifferentParagraphs_BadOrder" classname="SIL.LCModel.DomainServices.AnalysisOccurrenceTests" runstate="Ignored" seed="1452249808" result="Skipped" label="Ignored" start-time="2020-10-05 16:46:23Z" end-time="2020-10-05 16:46:23Z" duration="0.000011" asserts="0">
              <properties>
                <property name="_SKIPREASON" value="Multi-paragraph tags/cellparts not yet implemented." />
              </properties>
              <reason>
                <message><![CDATA[Multi-paragraph tags/cellparts not yet implemented.]]></message>
              </reason>
            </test-case>
            <test-case id="3-1312" name="GetAdvancingAnOcs_DifferentSegments_BadOrder" fullname="SIL.LCModel.DomainServices.AnalysisOccurrenceTests.GetAdvancingAnOcs_DifferentSegments_BadOrder" methodname="GetAdvancingAnOcs_DifferentSegments_BadOrder" classname="SIL.LCModel.DomainServices.AnalysisOccurrenceTests" runstate="Runnable" seed="1630487295" result="Passed" start-time="2020-10-05 16:46:23Z" end-time="2020-10-05 16:46:23Z" duration="0.000565" asserts="0" />
            <test-case id="3-1314" name="GetAdvancingAnOcs_DifferentText" fullname="SIL.LCModel.DomainServices.AnalysisOccurrenceTests.GetAdvancingAnOcs_DifferentText" methodname="GetAdvancingAnOcs_DifferentText" classname="SIL.LCModel.DomainServices.AnalysisOccurrenceTests" runstate="Runnable" seed="212399003" result="Passed" start-time="2020-10-05 16:46:23Z" end-time="2020-10-05 16:46:23Z" duration="0.001202" asserts="0" />
            <test-case id="3-1309" name="GetAdvancingAnOcs_MultipleSegments" fullname="SIL.LCModel.DomainServices.AnalysisOccurrenceTests.GetAdvancingAnOcs_MultipleSegments" methodname="GetAdvancingAnOcs_MultipleSegments" classname="SIL.LCModel.DomainServices.AnalysisOccurrenceTests" runstate="Runnable" seed="714172762" result="Passed" start-time="2020-10-05 16:46:23Z" end-time="2020-10-05 16:46:23Z" duration="0.001321" asserts="14" />
            <test-case id="3-1308" name="GetAdvancingAnOcs_SameParaDifferentSegment" fullname="SIL.LCModel.DomainServices.AnalysisOccurrenceTests.GetAdvancingAnOcs_SameParaDifferentSegment" methodname="GetAdvancingAnOcs_SameParaDifferentSegment" classname="SIL.LCModel.DomainServices.AnalysisOccurrenceTests" runstate="Runnable" seed="362522190" result="Passed" start-time="2020-10-05 16:46:23Z" end-time="2020-10-05 16:46:23Z" duration="0.000297" asserts="9" />
            <test-case id="3-1306" name="GetAdvancingAnOcs_SameSegment" fullname="SIL.LCModel.DomainServices.AnalysisOccurrenceTests.GetAdvancingAnOcs_SameSegment" methodname="GetAdvancingAnOcs_SameSegment" classname="SIL.LCModel.DomainServices.AnalysisOccurrenceTests" runstate="Runnable" seed="1013338501" result="Passed" start-time="2020-10-05 16:46:23Z" end-time="2020-10-05 16:46:23Z" duration="0.000231" asserts="4" />
            <test-case id="3-1311" name="GetAdvancingAnOcs_SameSegment_BadOrder" fullname="SIL.LCModel.DomainServices.AnalysisOccurrenceTests.GetAdvancingAnOcs_SameSegment_BadOrder" methodname="GetAdvancingAnOcs_SameSegment_BadOrder" classname="SIL.LCModel.DomainServices.AnalysisOccurrenceTests" runstate="Runnable" seed="1211435547" result="Passed" start-time="2020-10-05 16:46:23Z" end-time="2020-10-05 16:46:23Z" duration="0.000157" asserts="0" />
            <test-case id="3-1310" name="GetAdvancingWordforms_DifferentPara" fullname="SIL.LCModel.DomainServices.AnalysisOccurrenceTests.GetAdvancingWordforms_DifferentPara" methodname="GetAdvancingWordforms_DifferentPara" classname="SIL.LCModel.DomainServices.AnalysisOccurrenceTests" runstate="Ignored" seed="2116865103" result="Skipped" label="Ignored" start-time="2020-10-05 16:46:23Z" end-time="2020-10-05 16:46:23Z" duration="0.000003" asserts="0">
              <properties>
                <property name="_SKIPREASON" value="Multi-paragraph tags/cellparts not yet implemented." />
              </properties>
              <reason>
                <message><![CDATA[Multi-paragraph tags/cellparts not yet implemented.]]></message>
              </reason>
            </test-case>
            <test-case id="3-1307" name="GetAdvancingWordforms_SameParaDifferentSegment" fullname="SIL.LCModel.DomainServices.AnalysisOccurrenceTests.GetAdvancingWordforms_SameParaDifferentSegment" methodname="GetAdvancingWordforms_SameParaDifferentSegment" classname="SIL.LCModel.DomainServices.AnalysisOccurrenceTests" runstate="Runnable" seed="688327652" result="Passed" start-time="2020-10-05 16:46:23Z" end-time="2020-10-05 16:46:23Z" duration="0.001067" asserts="4" />
            <test-case id="3-1305" name="GetAdvancingWordforms_SameSegment" fullname="SIL.LCModel.DomainServices.AnalysisOccurrenceTests.GetAdvancingWordforms_SameSegment" methodname="GetAdvancingWordforms_SameSegment" classname="SIL.LCModel.DomainServices.AnalysisOccurrenceTests" runstate="Runnable" seed="163632479" result="Passed" start-time="2020-10-05 16:46:23Z" end-time="2020-10-05 16:46:23Z" duration="0.000285" asserts="5" />
            <test-case id="3-1326" name="GetBeginOffset_FirstWord" fullname="SIL.LCModel.DomainServices.AnalysisOccurrenceTests.GetBeginOffset_FirstWord" methodname="GetBeginOffset_FirstWord" classname="SIL.LCModel.DomainServices.AnalysisOccurrenceTests" runstate="Runnable" seed="1536237274" result="Passed" start-time="2020-10-05 16:46:23Z" end-time="2020-10-05 16:46:23Z" duration="0.000197" asserts="1" />
            <test-case id="3-1327" name="GetBeginOffset_MiddleOf2ndSegment" fullname="SIL.LCModel.DomainServices.AnalysisOccurrenceTests.GetBeginOffset_MiddleOf2ndSegment" methodname="GetBeginOffset_MiddleOf2ndSegment" classname="SIL.LCModel.DomainServices.AnalysisOccurrenceTests" runstate="Runnable" seed="428428724" result="Passed" start-time="2020-10-05 16:46:23Z" end-time="2020-10-05 16:46:23Z" duration="0.000164" asserts="1" />
            <test-case id="3-1328" name="GetOccurrencesOfAnalysis" fullname="SIL.LCModel.DomainServices.AnalysisOccurrenceTests.GetOccurrencesOfAnalysis" methodname="GetOccurrencesOfAnalysis" classname="SIL.LCModel.DomainServices.AnalysisOccurrenceTests" runstate="Runnable" seed="1949289636" result="Passed" start-time="2020-10-05 16:46:23Z" end-time="2020-10-05 16:46:23Z" duration="0.003561" asserts="25" />
            <test-case id="3-1329" name="MakeAndBreakPhrase" fullname="SIL.LCModel.DomainServices.AnalysisOccurrenceTests.MakeAndBreakPhrase" methodname="MakeAndBreakPhrase" classname="SIL.LCModel.DomainServices.AnalysisOccurrenceTests" runstate="Runnable" seed="1833546270" result="Passed" start-time="2020-10-05 16:46:23Z" end-time="2020-10-05 16:46:23Z" duration="0.004487" asserts="19" />
            <test-case id="3-1318" name="NextAnOc_EndOfParagraph" fullname="SIL.LCModel.DomainServices.AnalysisOccurrenceTests.NextAnOc_EndOfParagraph" methodname="NextAnOc_EndOfParagraph" classname="SIL.LCModel.DomainServices.AnalysisOccurrenceTests" runstate="Runnable" seed="462981492" result="Passed" start-time="2020-10-05 16:46:23Z" end-time="2020-10-05 16:46:23Z" duration="0.000367" asserts="2" />
            <test-case id="3-1316" name="NextAnOc_EndOfSegment" fullname="SIL.LCModel.DomainServices.AnalysisOccurrenceTests.NextAnOc_EndOfSegment" methodname="NextAnOc_EndOfSegment" classname="SIL.LCModel.DomainServices.AnalysisOccurrenceTests" runstate="Runnable" seed="1940226145" result="Passed" start-time="2020-10-05 16:46:23Z" end-time="2020-10-05 16:46:23Z" duration="0.000226" asserts="2" />
            <test-case id="3-1320" name="NextAnOc_EndOfText" fullname="SIL.LCModel.DomainServices.AnalysisOccurrenceTests.NextAnOc_EndOfText" methodname="NextAnOc_EndOfText" classname="SIL.LCModel.DomainServices.AnalysisOccurrenceTests" runstate="Runnable" seed="2052015468" result="Passed" start-time="2020-10-05 16:46:23Z" end-time="2020-10-05 16:46:23Z" duration="0.000177" asserts="1" />
            <test-case id="3-1315" name="NextAnOc_StartOfSegment" fullname="SIL.LCModel.DomainServices.AnalysisOccurrenceTests.NextAnOc_StartOfSegment" methodname="NextAnOc_StartOfSegment" classname="SIL.LCModel.DomainServices.AnalysisOccurrenceTests" runstate="Runnable" seed="1495857494" result="Passed" start-time="2020-10-05 16:46:23Z" end-time="2020-10-05 16:46:23Z" duration="0.000150" asserts="2" />
            <test-case id="3-1319" name="NextWordform_AlmostEndOfParagraph" fullname="SIL.LCModel.DomainServices.AnalysisOccurrenceTests.NextWordform_AlmostEndOfParagraph" methodname="NextWordform_AlmostEndOfParagraph" classname="SIL.LCModel.DomainServices.AnalysisOccurrenceTests" runstate="Runnable" seed="1484605658" result="Passed" start-time="2020-10-05 16:46:23Z" end-time="2020-10-05 16:46:23Z" duration="0.000206" asserts="2" />
            <test-case id="3-1317" name="NextWordform_AlmostEndOfSegment" fullname="SIL.LCModel.DomainServices.AnalysisOccurrenceTests.NextWordform_AlmostEndOfSegment" methodname="NextWordform_AlmostEndOfSegment" classname="SIL.LCModel.DomainServices.AnalysisOccurrenceTests" runstate="Runnable" seed="1485024454" result="Passed" start-time="2020-10-05 16:46:23Z" end-time="2020-10-05 16:46:23Z" duration="0.000155" asserts="2" />
            <test-case id="3-1323" name="PreviousAnOc_BeginningOfParagraph" fullname="SIL.LCModel.DomainServices.AnalysisOccurrenceTests.PreviousAnOc_BeginningOfParagraph" methodname="PreviousAnOc_BeginningOfParagraph" classname="SIL.LCModel.DomainServices.AnalysisOccurrenceTests" runstate="Runnable" seed="171936696" result="Passed" start-time="2020-10-05 16:46:23Z" end-time="2020-10-05 16:46:23Z" duration="0.000450" asserts="2" />
            <test-case id="3-1321" name="PreviousAnOc_BeginningOfSegment" fullname="SIL.LCModel.DomainServices.AnalysisOccurrenceTests.PreviousAnOc_BeginningOfSegment" methodname="PreviousAnOc_BeginningOfSegment" classname="SIL.LCModel.DomainServices.AnalysisOccurrenceTests" runstate="Runnable" seed="1227936638" result="Passed" start-time="2020-10-05 16:46:23Z" end-time="2020-10-05 16:46:23Z" duration="0.000142" asserts="2" />
            <test-case id="3-1325" name="PreviousAnOc_BeginningOfText" fullname="SIL.LCModel.DomainServices.AnalysisOccurrenceTests.PreviousAnOc_BeginningOfText" methodname="PreviousAnOc_BeginningOfText" classname="SIL.LCModel.DomainServices.AnalysisOccurrenceTests" runstate="Runnable" seed="398749792" result="Passed" start-time="2020-10-05 16:46:23Z" end-time="2020-10-05 16:46:23Z" duration="0.000129" asserts="1" />
            <test-case id="3-1324" name="PreviousWordform_BeginningOfParagraph" fullname="SIL.LCModel.DomainServices.AnalysisOccurrenceTests.PreviousWordform_BeginningOfParagraph" methodname="PreviousWordform_BeginningOfParagraph" classname="SIL.LCModel.DomainServices.AnalysisOccurrenceTests" runstate="Runnable" seed="1749233274" result="Passed" start-time="2020-10-05 16:46:23Z" end-time="2020-10-05 16:46:23Z" duration="0.000168" asserts="2" />
            <test-case id="3-1322" name="PreviousWordform_BeginningOfSegment" fullname="SIL.LCModel.DomainServices.AnalysisOccurrenceTests.PreviousWordform_BeginningOfSegment" methodname="PreviousWordform_BeginningOfSegment" classname="SIL.LCModel.DomainServices.AnalysisOccurrenceTests" runstate="Runnable" seed="770797830" result="Passed" start-time="2020-10-05 16:46:23Z" end-time="2020-10-05 16:46:23Z" duration="0.002158" asserts="2" />
          </test-suite>
          <test-suite type="TestFixture" id="3-1330" name="BaseStyleInfoTests" fullname="SIL.LCModel.DomainServices.BaseStyleInfoTests" classname="SIL.LCModel.DomainServices.BaseStyleInfoTests" runstate="Runnable" testcasecount="7" result="Passed" start-time="2020-10-05 16:46:23Z" end-time="2020-10-05 16:46:23Z" duration="0.094527" total="7" passed="7" failed="0" warnings="0" inconclusive="0" skipped="0" asserts="86">
            <test-case id="3-1333" name="ConstructBasedOnStyle" fullname="SIL.LCModel.DomainServices.BaseStyleInfoTests.ConstructBasedOnStyle" methodname="ConstructBasedOnStyle" classname="SIL.LCModel.DomainServices.BaseStyleInfoTests" runstate="Runnable" seed="544057911" result="Passed" start-time="2020-10-05 16:46:23Z" end-time="2020-10-05 16:46:23Z" duration="0.003653" asserts="25" />
            <test-case id="3-1332" name="ConstructBasedOnStyleAndEffects" fullname="SIL.LCModel.DomainServices.BaseStyleInfoTests.ConstructBasedOnStyleAndEffects" methodname="ConstructBasedOnStyleAndEffects" classname="SIL.LCModel.DomainServices.BaseStyleInfoTests" runstate="Runnable" seed="959829886" result="Passed" start-time="2020-10-05 16:46:23Z" end-time="2020-10-05 16:46:23Z" duration="0.004646" asserts="1" />
            <test-case id="3-1331" name="CreateCopy" fullname="SIL.LCModel.DomainServices.BaseStyleInfoTests.CreateCopy" methodname="CreateCopy" classname="SIL.LCModel.DomainServices.BaseStyleInfoTests" runstate="Runnable" seed="1705477183" result="Passed" start-time="2020-10-05 16:46:23Z" end-time="2020-10-05 16:46:23Z" duration="0.003638" asserts="12" />
            <test-case id="3-1334" name="SetBasedOnStyleAndInheritValues_WsOverrideInChildInheritsParentValues" fullname="SIL.LCModel.DomainServices.BaseStyleInfoTests.SetBasedOnStyleAndInheritValues_WsOverrideInChildInheritsParentValues" methodname="SetBasedOnStyleAndInheritValues_WsOverrideInChildInheritsParentValues" classname="SIL.LCModel.DomainServices.BaseStyleInfoTests" runstate="Runnable" seed="137171563" result="Passed" start-time="2020-10-05 16:46:23Z" end-time="2020-10-05 16:46:23Z" duration="0.008127" asserts="5" />
            <test-case id="3-1337" name="WsSpecificOverrides_FontFamily" fullname="SIL.LCModel.DomainServices.BaseStyleInfoTests.WsSpecificOverrides_FontFamily" methodname="WsSpecificOverrides_FontFamily" classname="SIL.LCModel.DomainServices.BaseStyleInfoTests" runstate="Runnable" seed="1623827246" result="Passed" start-time="2020-10-05 16:46:23Z" end-time="2020-10-05 16:46:23Z" duration="0.000658" asserts="8" />
            <test-case id="3-1335" name="WsSpecificOverrides_OneWs" fullname="SIL.LCModel.DomainServices.BaseStyleInfoTests.WsSpecificOverrides_OneWs" methodname="WsSpecificOverrides_OneWs" classname="SIL.LCModel.DomainServices.BaseStyleInfoTests" runstate="Runnable" seed="1180401348" result="Passed" start-time="2020-10-05 16:46:23Z" end-time="2020-10-05 16:46:23Z" duration="0.005329" asserts="14" />
            <test-case id="3-1336" name="WsSpecificOverrides_TwoWs" fullname="SIL.LCModel.DomainServices.BaseStyleInfoTests.WsSpecificOverrides_TwoWs" methodname="WsSpecificOverrides_TwoWs" classname="SIL.LCModel.DomainServices.BaseStyleInfoTests" runstate="Runnable" seed="1295386726" result="Passed" start-time="2020-10-05 16:46:23Z" end-time="2020-10-05 16:46:23Z" duration="0.001146" asserts="21" />
          </test-suite>
          <test-suite type="TestFixture" id="3-1338" name="BtConverterTests" fullname="SIL.LCModel.DomainServices.BtConverterTests" classname="SIL.LCModel.DomainServices.BtConverterTests" runstate="Runnable" testcasecount="20" result="Passed" start-time="2020-10-05 16:46:23Z" end-time="2020-10-05 16:46:23Z" duration="0.081299" total="20" passed="20" failed="0" warnings="0" inconclusive="0" skipped="0" asserts="100">
            <test-case id="3-1353" name="BothStartWithVerse" fullname="SIL.LCModel.DomainServices.BtConverterTests.BothStartWithVerse" methodname="BothStartWithVerse" classname="SIL.LCModel.DomainServices.BtConverterTests" runstate="Runnable" seed="1199920003" result="Passed" start-time="2020-10-05 16:46:23Z" end-time="2020-10-05 16:46:23Z" duration="0.002008" asserts="5" />
            <test-case id="3-1354" name="ChapterAndWhiteSpace" fullname="SIL.LCModel.DomainServices.BtConverterTests.ChapterAndWhiteSpace" methodname="ChapterAndWhiteSpace" classname="SIL.LCModel.DomainServices.BtConverterTests" runstate="Runnable" seed="369264901" result="Passed" start-time="2020-10-05 16:46:23Z" end-time="2020-10-05 16:46:23Z" duration="0.000978" asserts="6" />
            <test-case id="3-1340" name="EmptyPara" fullname="SIL.LCModel.DomainServices.BtConverterTests.EmptyPara" methodname="EmptyPara" classname="SIL.LCModel.DomainServices.BtConverterTests" runstate="Runnable" seed="1162018473" result="Passed" start-time="2020-10-05 16:46:23Z" end-time="2020-10-05 16:46:23Z" duration="0.000217" asserts="1" />
            <test-case id="3-1352" name="ExtraAtStartOfBt" fullname="SIL.LCModel.DomainServices.BtConverterTests.ExtraAtStartOfBt" methodname="ExtraAtStartOfBt" classname="SIL.LCModel.DomainServices.BtConverterTests" runstate="Runnable" seed="1265410909" result="Passed" start-time="2020-10-05 16:46:23Z" end-time="2020-10-05 16:46:23Z" duration="0.001072" asserts="5" />
            <test-case id="3-1346" name="ExtraSegsInBt" fullname="SIL.LCModel.DomainServices.BtConverterTests.ExtraSegsInBt" methodname="ExtraSegsInBt" classname="SIL.LCModel.DomainServices.BtConverterTests" runstate="Runnable" seed="1848684225" result="Passed" start-time="2020-10-05 16:46:23Z" end-time="2020-10-05 16:46:23Z" duration="0.000981" asserts="4" />
            <test-case id="3-1344" name="ExtraSegsInBtVerseNotMatching" fullname="SIL.LCModel.DomainServices.BtConverterTests.ExtraSegsInBtVerseNotMatching" methodname="ExtraSegsInBtVerseNotMatching" classname="SIL.LCModel.DomainServices.BtConverterTests" runstate="Runnable" seed="1720449899" result="Passed" start-time="2020-10-05 16:46:23Z" end-time="2020-10-05 16:46:23Z" duration="0.000966" asserts="4" />
            <test-case id="3-1347" name="ExtraSegsInBtWithDiffNumberSystem" fullname="SIL.LCModel.DomainServices.BtConverterTests.ExtraSegsInBtWithDiffNumberSystem" methodname="ExtraSegsInBtWithDiffNumberSystem" classname="SIL.LCModel.DomainServices.BtConverterTests" runstate="Runnable" seed="712736361" result="Passed" start-time="2020-10-05 16:46:23Z" end-time="2020-10-05 16:46:23Z" duration="0.001216" asserts="4" />
            <test-case id="3-1343" name="ExtraSegsInPara_BtMissingForSomeVerses" fullname="SIL.LCModel.DomainServices.BtConverterTests.ExtraSegsInPara_BtMissingForSomeVerses" methodname="ExtraSegsInPara_BtMissingForSomeVerses" classname="SIL.LCModel.DomainServices.BtConverterTests" runstate="Runnable" seed="2094342740" result="Passed" start-time="2020-10-05 16:46:23Z" end-time="2020-10-05 16:46:23Z" duration="0.001072" asserts="3" />
            <test-case id="3-1342" name="ExtraSegsInPara_BTsForAllVerses" fullname="SIL.LCModel.DomainServices.BtConverterTests.ExtraSegsInPara_BTsForAllVerses" methodname="ExtraSegsInPara_BTsForAllVerses" classname="SIL.LCModel.DomainServices.BtConverterTests" runstate="Runnable" seed="1979923321" result="Passed" start-time="2020-10-05 16:46:23Z" end-time="2020-10-05 16:46:23Z" duration="0.001883" asserts="4" />
            <test-case id="3-1345" name="ExtraSegsInParaVerseNotMatching" fullname="SIL.LCModel.DomainServices.BtConverterTests.ExtraSegsInParaVerseNotMatching" methodname="ExtraSegsInParaVerseNotMatching" classname="SIL.LCModel.DomainServices.BtConverterTests" runstate="Runnable" seed="903578183" result="Passed" start-time="2020-10-05 16:46:23Z" end-time="2020-10-05 16:46:23Z" duration="0.000952" asserts="4" />
            <test-case id="3-1341" name="MatchingVerses" fullname="SIL.LCModel.DomainServices.BtConverterTests.MatchingVerses" methodname="MatchingVerses" classname="SIL.LCModel.DomainServices.BtConverterTests" runstate="Runnable" seed="91237133" result="Passed" start-time="2020-10-05 16:46:23Z" end-time="2020-10-05 16:46:23Z" duration="0.000723" asserts="3" />
            <test-case id="3-1349" name="MissingBtVerse" fullname="SIL.LCModel.DomainServices.BtConverterTests.MissingBtVerse" methodname="MissingBtVerse" classname="SIL.LCModel.DomainServices.BtConverterTests" runstate="Runnable" seed="96334254" result="Passed" start-time="2020-10-05 16:46:23Z" end-time="2020-10-05 16:46:23Z" duration="0.001014" asserts="5" />
            <test-case id="3-1350" name="MultipleORCsInOneVerse" fullname="SIL.LCModel.DomainServices.BtConverterTests.MultipleORCsInOneVerse" methodname="MultipleORCsInOneVerse" classname="SIL.LCModel.DomainServices.BtConverterTests" runstate="Runnable" seed="1757108799" result="Passed" start-time="2020-10-05 16:46:23Z" end-time="2020-10-05 16:46:23Z" duration="0.000974" asserts="5" />
            <test-case id="3-1351" name="NothingAtStartOfBt" fullname="SIL.LCModel.DomainServices.BtConverterTests.NothingAtStartOfBt" methodname="NothingAtStartOfBt" classname="SIL.LCModel.DomainServices.BtConverterTests" runstate="Runnable" seed="1483726789" result="Passed" start-time="2020-10-05 16:46:23Z" end-time="2020-10-05 16:46:23Z" duration="0.000997" asserts="5" />
            <test-case id="3-1339" name="SingleSegment" fullname="SIL.LCModel.DomainServices.BtConverterTests.SingleSegment" methodname="SingleSegment" classname="SIL.LCModel.DomainServices.BtConverterTests" runstate="Runnable" seed="1444534350" result="Passed" start-time="2020-10-05 16:46:23Z" end-time="2020-10-05 16:46:23Z" duration="0.000445" asserts="2" />
            <test-case id="3-1355" name="SmartResync" fullname="SIL.LCModel.DomainServices.BtConverterTests.SmartResync" methodname="SmartResync" classname="SIL.LCModel.DomainServices.BtConverterTests" runstate="Runnable" seed="1852899649" result="Passed" start-time="2020-10-05 16:46:23Z" end-time="2020-10-05 16:46:23Z" duration="0.001679" asserts="11" />
            <test-case id="3-1358" name="TestStringsEndWithSameWord_AppliedStyle" fullname="SIL.LCModel.DomainServices.BtConverterTests.TestStringsEndWithSameWord_AppliedStyle" methodname="TestStringsEndWithSameWord_AppliedStyle" classname="SIL.LCModel.DomainServices.BtConverterTests" runstate="Runnable" seed="132918535" result="Passed" start-time="2020-10-05 16:46:23Z" end-time="2020-10-05 16:46:23Z" duration="0.000424" asserts="7" />
            <test-case id="3-1357" name="TestStringsEndWithSameWord_DifferByWritingSystem" fullname="SIL.LCModel.DomainServices.BtConverterTests.TestStringsEndWithSameWord_DifferByWritingSystem" methodname="TestStringsEndWithSameWord_DifferByWritingSystem" classname="SIL.LCModel.DomainServices.BtConverterTests" runstate="Runnable" seed="1626424640" result="Passed" start-time="2020-10-05 16:46:23Z" end-time="2020-10-05 16:46:23Z" duration="0.000296" asserts="3" />
            <test-case id="3-1356" name="TestStringsEndWithSameWord_Simple" fullname="SIL.LCModel.DomainServices.BtConverterTests.TestStringsEndWithSameWord_Simple" methodname="TestStringsEndWithSameWord_Simple" classname="SIL.LCModel.DomainServices.BtConverterTests" runstate="Runnable" seed="1733954449" result="Passed" start-time="2020-10-05 16:46:23Z" end-time="2020-10-05 16:46:23Z" duration="0.000469" asserts="12" />
            <test-case id="3-1348" name="VersesOutOfOrder" fullname="SIL.LCModel.DomainServices.BtConverterTests.VersesOutOfOrder" methodname="VersesOutOfOrder" classname="SIL.LCModel.DomainServices.BtConverterTests" runstate="Runnable" seed="308161368" result="Passed" start-time="2020-10-05 16:46:23Z" end-time="2020-10-05 16:46:23Z" duration="0.001085" asserts="7" />
          </test-suite>
          <test-suite type="TestFixture" id="3-1359" name="BulletInfoTests" fullname="SIL.LCModel.DomainServices.BulletInfoTests" classname="SIL.LCModel.DomainServices.BulletInfoTests" runstate="Runnable" testcasecount="3" result="Passed" start-time="2020-10-05 16:46:23Z" end-time="2020-10-05 16:46:23Z" duration="0.011087" total="3" passed="3" failed="0" warnings="0" inconclusive="0" skipped="0" asserts="3">
            <test-case id="3-1360" name="DecodeBackwardCompatible_EverythingSet" fullname="SIL.LCModel.DomainServices.BulletInfoTests.DecodeBackwardCompatible_EverythingSet" methodname="DecodeBackwardCompatible_EverythingSet" classname="SIL.LCModel.DomainServices.BulletInfoTests" runstate="Runnable" seed="1342671311" result="Passed" start-time="2020-10-05 16:46:23Z" end-time="2020-10-05 16:46:23Z" duration="0.008281" asserts="1" />
            <test-case id="3-1361" name="DecodeBackwardCompatible_PartiallySet" fullname="SIL.LCModel.DomainServices.BulletInfoTests.DecodeBackwardCompatible_PartiallySet" methodname="DecodeBackwardCompatible_PartiallySet" classname="SIL.LCModel.DomainServices.BulletInfoTests" runstate="Runnable" seed="1295700966" result="Passed" start-time="2020-10-05 16:46:23Z" end-time="2020-10-05 16:46:23Z" duration="0.000291" asserts="1" />
            <test-case id="3-1362" name="RoundTripEncodingAndDecodingOfFontInfo" fullname="SIL.LCModel.DomainServices.BulletInfoTests.RoundTripEncodingAndDecodingOfFontInfo" methodname="RoundTripEncodingAndDecodingOfFontInfo" classname="SIL.LCModel.DomainServices.BulletInfoTests" runstate="Runnable" seed="1896829487" result="Passed" start-time="2020-10-05 16:46:23Z" end-time="2020-10-05 16:46:23Z" duration="0.002337" asserts="1" />
          </test-suite>
          <test-suite type="TestFixture" id="3-1363" name="CollectSegmentsTests" fullname="SIL.LCModel.DomainServices.CollectSegmentsTests" classname="SIL.LCModel.DomainServices.CollectSegmentsTests" runstate="Runnable" testcasecount="5" result="Passed" start-time="2020-10-05 16:46:23Z" end-time="2020-10-05 16:46:23Z" duration="0.065179" total="5" passed="5" failed="0" warnings="0" inconclusive="0" skipped="0" asserts="135">
            <test-case id="3-1365" name="EllipsesAndRefs" fullname="SIL.LCModel.DomainServices.CollectSegmentsTests.EllipsesAndRefs" methodname="EllipsesAndRefs" classname="SIL.LCModel.DomainServices.CollectSegmentsTests" runstate="Runnable" seed="1215866681" result="Passed" start-time="2020-10-05 16:46:23Z" end-time="2020-10-05 16:46:23Z" duration="0.002382" asserts="33" />
            <test-case id="3-1368" name="HardLineBreaks" fullname="SIL.LCModel.DomainServices.CollectSegmentsTests.HardLineBreaks" methodname="HardLineBreaks" classname="SIL.LCModel.DomainServices.CollectSegmentsTests" runstate="Runnable" seed="10728113" result="Passed" start-time="2020-10-05 16:46:23Z" end-time="2020-10-05 16:46:23Z" duration="0.000719" asserts="22" />
            <test-case id="3-1366" name="LeadingPunctuation" fullname="SIL.LCModel.DomainServices.CollectSegmentsTests.LeadingPunctuation" methodname="LeadingPunctuation" classname="SIL.LCModel.DomainServices.CollectSegmentsTests" runstate="Runnable" seed="1527444123" result="Passed" start-time="2020-10-05 16:46:23Z" end-time="2020-10-05 16:46:23Z" duration="0.000632" asserts="13" />
            <test-case id="3-1367" name="OrcIsNotLabel" fullname="SIL.LCModel.DomainServices.CollectSegmentsTests.OrcIsNotLabel" methodname="OrcIsNotLabel" classname="SIL.LCModel.DomainServices.CollectSegmentsTests" runstate="Runnable" seed="1816557834" result="Passed" start-time="2020-10-05 16:46:23Z" end-time="2020-10-05 16:46:23Z" duration="0.001419" asserts="5" />
            <test-case id="3-1364" name="SegmentBreaks" fullname="SIL.LCModel.DomainServices.CollectSegmentsTests.SegmentBreaks" methodname="SegmentBreaks" classname="SIL.LCModel.DomainServices.CollectSegmentsTests" runstate="Runnable" seed="1652129772" result="Passed" start-time="2020-10-05 16:46:23Z" end-time="2020-10-05 16:46:23Z" duration="0.002654" asserts="62" />
          </test-suite>
          <test-suite type="TestFixture" id="3-1369" name="CopyObjectTests" fullname="SIL.LCModel.DomainServices.CopyObjectTests" classname="SIL.LCModel.DomainServices.CopyObjectTests" runstate="Runnable" testcasecount="4" result="Passed" start-time="2020-10-05 16:46:23Z" end-time="2020-10-05 16:46:24Z" duration="0.075283" total="4" passed="4" failed="0" warnings="0" inconclusive="0" skipped="0" asserts="37">
            <test-case id="3-1371" name="CopyConstChart" fullname="SIL.LCModel.DomainServices.CopyObjectTests.CopyConstChart" methodname="CopyConstChart" classname="SIL.LCModel.DomainServices.CopyObjectTests" runstate="Runnable" seed="1868612877" result="Passed" start-time="2020-10-05 16:46:23Z" end-time="2020-10-05 16:46:23Z" duration="0.008210" asserts="11" />
            <test-case id="3-1370" name="CopyParagraph" fullname="SIL.LCModel.DomainServices.CopyObjectTests.CopyParagraph" methodname="CopyParagraph" classname="SIL.LCModel.DomainServices.CopyObjectTests" runstate="Runnable" seed="641964723" result="Passed" start-time="2020-10-05 16:46:23Z" end-time="2020-10-05 16:46:24Z" duration="0.001710" asserts="10" />
            <test-case id="3-1373" name="CopySeveralObjects_interrelated" fullname="SIL.LCModel.DomainServices.CopyObjectTests.CopySeveralObjects_interrelated" methodname="CopySeveralObjects_interrelated" classname="SIL.LCModel.DomainServices.CopyObjectTests" runstate="Runnable" seed="1826525198" result="Passed" start-time="2020-10-05 16:46:24Z" end-time="2020-10-05 16:46:24Z" duration="0.004584" asserts="8" />
            <test-case id="3-1372" name="CopySeveralObjects_unrelated" fullname="SIL.LCModel.DomainServices.CopyObjectTests.CopySeveralObjects_unrelated" methodname="CopySeveralObjects_unrelated" classname="SIL.LCModel.DomainServices.CopyObjectTests" runstate="Runnable" seed="738704783" result="Passed" start-time="2020-10-05 16:46:24Z" end-time="2020-10-05 16:46:24Z" duration="0.003280" asserts="8" />
          </test-suite>
          <test-suite type="TestSuite" id="3-2834" name="DataMigration" fullname="SIL.LCModel.DomainServices.DataMigration" runstate="Runnable" testcasecount="103" result="Passed" start-time="2020-10-05 16:46:09Z" end-time="2020-10-05 16:46:24Z" duration="15.364220" total="103" passed="103" failed="0" warnings="0" inconclusive="0" skipped="0" asserts="3388">
            <test-suite type="TestFixture" id="3-1738" name="DataMigration7000037Tests" fullname="SIL.LCModel.DomainServices.DataMigration.DataMigration7000037Tests" classname="SIL.LCModel.DomainServices.DataMigration.DataMigration7000037Tests" runstate="Runnable" testcasecount="1" result="Passed" start-time="2020-10-05 16:46:24Z" end-time="2020-10-05 16:46:24Z" duration="0.050856" total="1" passed="1" failed="0" warnings="0" inconclusive="0" skipped="0" asserts="96">
              <test-case id="3-1739" name="DataMigration7000037Test" fullname="SIL.LCModel.DomainServices.DataMigration.DataMigration7000037Tests.DataMigration7000037Test" methodname="DataMigration7000037Test" classname="SIL.LCModel.DomainServices.DataMigration.DataMigration7000037Tests" runstate="Runnable" seed="926472325" result="Passed" start-time="2020-10-05 16:46:24Z" end-time="2020-10-05 16:46:24Z" duration="0.050671" asserts="96" />
            </test-suite>
            <test-suite type="TestFixture" id="3-1740" name="DataMigration7000040Tests" fullname="SIL.LCModel.DomainServices.DataMigration.DataMigration7000040Tests" classname="SIL.LCModel.DomainServices.DataMigration.DataMigration7000040Tests" runstate="Runnable" testcasecount="1" result="Passed" start-time="2020-10-05 16:46:24Z" end-time="2020-10-05 16:46:24Z" duration="0.004007" total="1" passed="1" failed="0" warnings="0" inconclusive="0" skipped="0" asserts="20">
              <test-case id="3-1741" name="DataMigration7000040Test" fullname="SIL.LCModel.DomainServices.DataMigration.DataMigration7000040Tests.DataMigration7000040Test" methodname="DataMigration7000040Test" classname="SIL.LCModel.DomainServices.DataMigration.DataMigration7000040Tests" runstate="Runnable" seed="1049731692" result="Passed" start-time="2020-10-05 16:46:24Z" end-time="2020-10-05 16:46:24Z" duration="0.003817" asserts="20" />
            </test-suite>
            <test-suite type="TestFixture" id="3-1742" name="DataMigration7000041Tests" fullname="SIL.LCModel.DomainServices.DataMigration.DataMigration7000041Tests" classname="SIL.LCModel.DomainServices.DataMigration.DataMigration7000041Tests" runstate="Runnable" testcasecount="1" result="Passed" start-time="2020-10-05 16:46:24Z" end-time="2020-10-05 16:46:24Z" duration="0.004264" total="1" passed="1" failed="0" warnings="0" inconclusive="0" skipped="0" asserts="28">
              <test-case id="3-1743" name="DataMigration7000041Test" fullname="SIL.LCModel.DomainServices.DataMigration.DataMigration7000041Tests.DataMigration7000041Test" methodname="DataMigration7000041Test" classname="SIL.LCModel.DomainServices.DataMigration.DataMigration7000041Tests" runstate="Runnable" seed="1675170180" result="Passed" start-time="2020-10-05 16:46:24Z" end-time="2020-10-05 16:46:24Z" duration="0.004142" asserts="28" />
            </test-suite>
            <test-suite type="TestFixture" id="3-1744" name="DataMigration7000042Tests" fullname="SIL.LCModel.DomainServices.DataMigration.DataMigration7000042Tests" classname="SIL.LCModel.DomainServices.DataMigration.DataMigration7000042Tests" runstate="Runnable" testcasecount="5" result="Passed" start-time="2020-10-05 16:46:24Z" end-time="2020-10-05 16:46:24Z" duration="0.055407" total="5" passed="5" failed="0" warnings="0" inconclusive="0" skipped="0" asserts="825">
              <test-case id="3-1745" name="DataMigration7000042TestA" fullname="SIL.LCModel.DomainServices.DataMigration.DataMigration7000042Tests.DataMigration7000042TestA" methodname="DataMigration7000042TestA" classname="SIL.LCModel.DomainServices.DataMigration.DataMigration7000042Tests" runstate="Runnable" seed="580480484" result="Passed" start-time="2020-10-05 16:46:24Z" end-time="2020-10-05 16:46:24Z" duration="0.008755" asserts="109" />
              <test-case id="3-1746" name="DataMigration7000042TestB" fullname="SIL.LCModel.DomainServices.DataMigration.DataMigration7000042Tests.DataMigration7000042TestB" methodname="DataMigration7000042TestB" classname="SIL.LCModel.DomainServices.DataMigration.DataMigration7000042Tests" runstate="Runnable" seed="347058580" result="Passed" start-time="2020-10-05 16:46:24Z" end-time="2020-10-05 16:46:24Z" duration="0.020356" asserts="129" />
              <test-case id="3-1747" name="DataMigration7000042TestC" fullname="SIL.LCModel.DomainServices.DataMigration.DataMigration7000042Tests.DataMigration7000042TestC" methodname="DataMigration7000042TestC" classname="SIL.LCModel.DomainServices.DataMigration.DataMigration7000042Tests" runstate="Runnable" seed="1449283471" result="Passed" start-time="2020-10-05 16:46:24Z" end-time="2020-10-05 16:46:24Z" duration="0.014169" asserts="317" />
              <test-case id="3-1748" name="DataMigration7000042TestD" fullname="SIL.LCModel.DomainServices.DataMigration.DataMigration7000042Tests.DataMigration7000042TestD" methodname="DataMigration7000042TestD" classname="SIL.LCModel.DomainServices.DataMigration.DataMigration7000042Tests" runstate="Runnable" seed="2022536989" result="Passed" start-time="2020-10-05 16:46:24Z" end-time="2020-10-05 16:46:24Z" duration="0.004137" asserts="125" />
              <test-case id="3-1749" name="DataMigration7000042TestE" fullname="SIL.LCModel.DomainServices.DataMigration.DataMigration7000042Tests.DataMigration7000042TestE" methodname="DataMigration7000042TestE" classname="SIL.LCModel.DomainServices.DataMigration.DataMigration7000042Tests" runstate="Runnable" seed="1940982134" result="Passed" start-time="2020-10-05 16:46:24Z" end-time="2020-10-05 16:46:24Z" duration="0.007146" asserts="145" />
            </test-suite>
            <test-suite type="TestFixture" id="3-1750" name="DataMigration7000044Tests" fullname="SIL.LCModel.DomainServices.DataMigration.DataMigration7000044Tests" classname="SIL.LCModel.DomainServices.DataMigration.DataMigration7000044Tests" runstate="Runnable" testcasecount="1" result="Passed" start-time="2020-10-05 16:46:24Z" end-time="2020-10-05 16:46:24Z" duration="0.081760" total="1" passed="1" failed="0" warnings="0" inconclusive="0" skipped="0" asserts="36">
              <test-case id="3-1751" name="DataMigration7000044Test" fullname="SIL.LCModel.DomainServices.DataMigration.DataMigration7000044Tests.DataMigration7000044Test" methodname="DataMigration7000044Test" classname="SIL.LCModel.DomainServices.DataMigration.DataMigration7000044Tests" runstate="Runnable" seed="2020609657" result="Passed" start-time="2020-10-05 16:46:24Z" end-time="2020-10-05 16:46:24Z" duration="0.081547" asserts="36" />
            </test-suite>
            <test-suite type="TestFixture" id="3-1774" name="DataMigration7000063Tests" fullname="SIL.LCModel.DomainServices.DataMigration.DataMigration7000063Tests" classname="SIL.LCModel.DomainServices.DataMigration.DataMigration7000063Tests" runstate="Runnable" testcasecount="1" result="Passed" start-time="2020-10-05 16:46:24Z" end-time="2020-10-05 16:46:24Z" duration="0.001275" total="1" passed="1" failed="0" warnings="0" inconclusive="0" skipped="0" asserts="4">
              <test-case id="3-1775" name="DataMigration7000063Test" fullname="SIL.LCModel.DomainServices.DataMigration.DataMigration7000063Tests.DataMigration7000063Test" methodname="DataMigration7000063Test" classname="SIL.LCModel.DomainServices.DataMigration.DataMigration7000063Tests" runstate="Runnable" seed="610400761" result="Passed" start-time="2020-10-05 16:46:24Z" end-time="2020-10-05 16:46:24Z" duration="0.001168" asserts="4" />
            </test-suite>
            <test-suite type="TestFixture" id="3-1776" name="DataMigration7000065Tests" fullname="SIL.LCModel.DomainServices.DataMigration.DataMigration7000065Tests" classname="SIL.LCModel.DomainServices.DataMigration.DataMigration7000065Tests" runstate="Runnable" testcasecount="1" result="Passed" start-time="2020-10-05 16:46:24Z" end-time="2020-10-05 16:46:24Z" duration="0.003524" total="1" passed="1" failed="0" warnings="0" inconclusive="0" skipped="0" asserts="12">
              <test-case id="3-1777" name="DataMigration7000065Test" fullname="SIL.LCModel.DomainServices.DataMigration.DataMigration7000065Tests.DataMigration7000065Test" methodname="DataMigration7000065Test" classname="SIL.LCModel.DomainServices.DataMigration.DataMigration7000065Tests" runstate="Runnable" seed="1845675242" result="Passed" start-time="2020-10-05 16:46:24Z" end-time="2020-10-05 16:46:24Z" duration="0.003428" asserts="12" />
            </test-suite>
            <test-suite type="TestFixture" id="3-1778" name="DataMigration7000066Tests" fullname="SIL.LCModel.DomainServices.DataMigration.DataMigration7000066Tests" classname="SIL.LCModel.DomainServices.DataMigration.DataMigration7000066Tests" runstate="Runnable" testcasecount="4" result="Passed" start-time="2020-10-05 16:46:24Z" end-time="2020-10-05 16:46:24Z" duration="0.017611" total="4" passed="4" failed="0" warnings="0" inconclusive="0" skipped="0" asserts="51">
              <test-case id="3-1781" name="AllCustomBasicDataPropertiesExistAfterDataMigration66" fullname="SIL.LCModel.DomainServices.DataMigration.DataMigration7000066Tests.AllCustomBasicDataPropertiesExistAfterDataMigration66" methodname="AllCustomBasicDataPropertiesExistAfterDataMigration66" classname="SIL.LCModel.DomainServices.DataMigration.DataMigration7000066Tests" runstate="Runnable" seed="857620317" result="Passed" start-time="2020-10-05 16:46:24Z" end-time="2020-10-05 16:46:24Z" duration="0.014106" asserts="12" />
              <test-case id="3-1782" name="AllInheritedCustomBasicDataPropertiesExistAfterDataMigration66" fullname="SIL.LCModel.DomainServices.DataMigration.DataMigration7000066Tests.AllInheritedCustomBasicDataPropertiesExistAfterDataMigration66" methodname="AllInheritedCustomBasicDataPropertiesExistAfterDataMigration66" classname="SIL.LCModel.DomainServices.DataMigration.DataMigration7000066Tests" runstate="Runnable" seed="1913741884" result="Passed" start-time="2020-10-05 16:46:24Z" end-time="2020-10-05 16:46:24Z" duration="0.001002" asserts="12" />
              <test-case id="3-1780" name="AllInheritedRegularBasicDataPropertiesExistAfterDataMigration66" fullname="SIL.LCModel.DomainServices.DataMigration.DataMigration7000066Tests.AllInheritedRegularBasicDataPropertiesExistAfterDataMigration66" methodname="AllInheritedRegularBasicDataPropertiesExistAfterDataMigration66" classname="SIL.LCModel.DomainServices.DataMigration.DataMigration7000066Tests" runstate="Runnable" seed="1199538422" result="Passed" start-time="2020-10-05 16:46:24Z" end-time="2020-10-05 16:46:24Z" duration="0.001506" asserts="16" />
              <test-case id="3-1779" name="AllRegularBasicDataPropertiesExistAfterDataMigration66" fullname="SIL.LCModel.DomainServices.DataMigration.DataMigration7000066Tests.AllRegularBasicDataPropertiesExistAfterDataMigration66" methodname="AllRegularBasicDataPropertiesExistAfterDataMigration66" classname="SIL.LCModel.DomainServices.DataMigration.DataMigration7000066Tests" runstate="Runnable" seed="809127065" result="Passed" start-time="2020-10-05 16:46:24Z" end-time="2020-10-05 16:46:24Z" duration="0.000839" asserts="11" />
            </test-suite>
            <test-suite type="TestFixture" id="3-1783" name="DataMigration7000067Tests" fullname="SIL.LCModel.DomainServices.DataMigration.DataMigration7000067Tests" classname="SIL.LCModel.DomainServices.DataMigration.DataMigration7000067Tests" runstate="Runnable" testcasecount="1" result="Passed" start-time="2020-10-05 16:46:24Z" end-time="2020-10-05 16:46:24Z" duration="0.002274" total="1" passed="1" failed="0" warnings="0" inconclusive="0" skipped="0" asserts="8">
              <test-case id="3-1784" name="UniElementPropertiesAreRemoved" fullname="SIL.LCModel.DomainServices.DataMigration.DataMigration7000067Tests.UniElementPropertiesAreRemoved" methodname="UniElementPropertiesAreRemoved" classname="SIL.LCModel.DomainServices.DataMigration.DataMigration7000067Tests" runstate="Runnable" seed="1362137145" result="Passed" start-time="2020-10-05 16:46:24Z" end-time="2020-10-05 16:46:24Z" duration="0.002173" asserts="8" />
            </test-suite>
            <test-suite type="TestFixture" id="3-1785" name="DataMigration7000070Tests" fullname="SIL.LCModel.DomainServices.DataMigration.DataMigration7000070Tests" classname="SIL.LCModel.DomainServices.DataMigration.DataMigration7000070Tests" runstate="Runnable" testcasecount="3" result="Passed" start-time="2020-10-05 16:46:24Z" end-time="2020-10-05 16:46:24Z" duration="0.010498" total="3" passed="3" failed="0" warnings="0" inconclusive="0" skipped="0" asserts="39">
              <test-case id="3-1788" name="BadListDisplayOptionAndChoiceOptionAreFixed" fullname="SIL.LCModel.DomainServices.DataMigration.DataMigration7000070Tests.BadListDisplayOptionAndChoiceOptionAreFixed" methodname="BadListDisplayOptionAndChoiceOptionAreFixed" classname="SIL.LCModel.DomainServices.DataMigration.DataMigration7000070Tests" runstate="Runnable" seed="1924853326" result="Passed" start-time="2020-10-05 16:46:24Z" end-time="2020-10-05 16:46:24Z" duration="0.005712" asserts="5" />
              <test-case id="3-1787" name="DuplicatedListsAreMarkedAsCustom" fullname="SIL.LCModel.DomainServices.DataMigration.DataMigration7000070Tests.DuplicatedListsAreMarkedAsCustom" methodname="DuplicatedListsAreMarkedAsCustom" classname="SIL.LCModel.DomainServices.DataMigration.DataMigration7000070Tests" runstate="Runnable" seed="1855015153" result="Passed" start-time="2020-10-05 16:46:24Z" end-time="2020-10-05 16:46:24Z" duration="0.002249" asserts="6" />
              <test-case id="3-1786" name="VerifyDefaultTypeInLexEntryRefs" fullname="SIL.LCModel.DomainServices.DataMigration.DataMigration7000070Tests.VerifyDefaultTypeInLexEntryRefs" methodname="VerifyDefaultTypeInLexEntryRefs" classname="SIL.LCModel.DomainServices.DataMigration.DataMigration7000070Tests" runstate="Runnable" seed="552572752" result="Passed" start-time="2020-10-05 16:46:24Z" end-time="2020-10-05 16:46:24Z" duration="0.002360" asserts="28" />
            </test-suite>
            <test-suite type="TestFixture" id="3-1789" name="DataMigration7000071Tests" fullname="SIL.LCModel.DomainServices.DataMigration.DataMigration7000071Tests" classname="SIL.LCModel.DomainServices.DataMigration.DataMigration7000071Tests" runstate="Runnable" testcasecount="1" result="Passed" start-time="2020-10-05 16:46:24Z" end-time="2020-10-05 16:46:24Z" duration="0.104878" total="1" passed="1" failed="0" warnings="0" inconclusive="0" skipped="0" asserts="37">
              <test-case id="3-1790" name="DataMigration7000071Test" fullname="SIL.LCModel.DomainServices.DataMigration.DataMigration7000071Tests.DataMigration7000071Test" methodname="DataMigration7000071Test" classname="SIL.LCModel.DomainServices.DataMigration.DataMigration7000071Tests" runstate="Runnable" seed="1436691605" result="Passed" start-time="2020-10-05 16:46:24Z" end-time="2020-10-05 16:46:24Z" duration="0.104702" asserts="37" />
            </test-suite>
            <test-suite type="TestFixture" id="3-1791" name="DataMigration7000072Tests" fullname="SIL.LCModel.DomainServices.DataMigration.DataMigration7000072Tests" classname="SIL.LCModel.DomainServices.DataMigration.DataMigration7000072Tests" runstate="Runnable" testcasecount="1" result="Passed" start-time="2020-10-05 16:46:24Z" end-time="2020-10-05 16:46:24Z" duration="0.002438" total="1" passed="1" failed="0" warnings="0" inconclusive="0" skipped="0" asserts="9">
              <test-case id="3-1792" name="DataMigration7000072Test" fullname="SIL.LCModel.DomainServices.DataMigration.DataMigration7000072Tests.DataMigration7000072Test" methodname="DataMigration7000072Test" classname="SIL.LCModel.DomainServices.DataMigration.DataMigration7000072Tests" runstate="Runnable" seed="578285598" result="Passed" start-time="2020-10-05 16:46:24Z" end-time="2020-10-05 16:46:24Z" duration="0.002324" asserts="9" />
            </test-suite>
            <test-suite type="TestFixture" id="3-1793" name="DataMigrationBasicTests" fullname="SIL.LCModel.DomainServices.DataMigration.DataMigrationBasicTests" classname="SIL.LCModel.DomainServices.DataMigration.DataMigrationBasicTests" runstate="Runnable" testcasecount="8" result="Passed" start-time="2020-10-05 16:46:24Z" end-time="2020-10-05 16:46:24Z" duration="0.003829" total="8" passed="8" failed="0" warnings="0" inconclusive="0" skipped="0" asserts="8">
              <test-case id="3-1801" name="DoesNotNeedARealMigrationTest" fullname="SIL.LCModel.DomainServices.DataMigration.DataMigrationBasicTests.DoesNotNeedARealMigrationTest" methodname="DoesNotNeedARealMigrationTest" classname="SIL.LCModel.DomainServices.DataMigration.DataMigrationBasicTests" runstate="Runnable" seed="2027949058" result="Passed" start-time="2020-10-05 16:46:24Z" end-time="2020-10-05 16:46:24Z" duration="0.000608" asserts="1" />
              <test-case id="3-1795" name="DowngradeMigrationTest" fullname="SIL.LCModel.DomainServices.DataMigration.DataMigrationBasicTests.DowngradeMigrationTest" methodname="DowngradeMigrationTest" classname="SIL.LCModel.DomainServices.DataMigration.DataMigrationBasicTests" runstate="Runnable" seed="1953624511" result="Passed" start-time="2020-10-05 16:46:24Z" end-time="2020-10-05 16:46:24Z" duration="0.000595" asserts="1" />
              <test-case id="3-1797" name="EndingVersionNumberTooHighTest" fullname="SIL.LCModel.DomainServices.DataMigration.DataMigrationBasicTests.EndingVersionNumberTooHighTest" methodname="EndingVersionNumberTooHighTest" classname="SIL.LCModel.DomainServices.DataMigration.DataMigrationBasicTests" runstate="Runnable" seed="2088993871" result="Passed" start-time="2020-10-05 16:46:24Z" end-time="2020-10-05 16:46:24Z" duration="0.000476" asserts="1" />
              <test-case id="3-1800" name="MigrationToSameVersionDoesNotNeedARealMigrationTest" fullname="SIL.LCModel.DomainServices.DataMigration.DataMigrationBasicTests.MigrationToSameVersionDoesNotNeedARealMigrationTest" methodname="MigrationToSameVersionDoesNotNeedARealMigrationTest" classname="SIL.LCModel.DomainServices.DataMigration.DataMigrationBasicTests" runstate="Runnable" seed="1270472499" result="Passed" start-time="2020-10-05 16:46:24Z" end-time="2020-10-05 16:46:24Z" duration="0.000307" asserts="1" />
              <test-case id="3-1799" name="NeedsARealMigrationTest" fullname="SIL.LCModel.DomainServices.DataMigration.DataMigrationBasicTests.NeedsARealMigrationTest" methodname="NeedsARealMigrationTest" classname="SIL.LCModel.DomainServices.DataMigration.DataMigrationBasicTests" runstate="Runnable" seed="1891596348" result="Passed" start-time="2020-10-05 16:46:24Z" end-time="2020-10-05 16:46:24Z" duration="0.000279" asserts="1" />
              <test-case id="3-1794" name="NullRepositoryTest" fullname="SIL.LCModel.DomainServices.DataMigration.DataMigrationBasicTests.NullRepositoryTest" methodname="NullRepositoryTest" classname="SIL.LCModel.DomainServices.DataMigration.DataMigrationBasicTests" runstate="Runnable" seed="1594035044" result="Passed" start-time="2020-10-05 16:46:24Z" end-time="2020-10-05 16:46:24Z" duration="0.000392" asserts="1" />
              <test-case id="3-1798" name="StartingVersionNumberHigherThanEndingVersionNumberTest" fullname="SIL.LCModel.DomainServices.DataMigration.DataMigrationBasicTests.StartingVersionNumberHigherThanEndingVersionNumberTest" methodname="StartingVersionNumberHigherThanEndingVersionNumberTest" classname="SIL.LCModel.DomainServices.DataMigration.DataMigrationBasicTests" runstate="Runnable" seed="807859162" result="Passed" start-time="2020-10-05 16:46:24Z" end-time="2020-10-05 16:46:24Z" duration="0.000475" asserts="1" />
              <test-case id="3-1796" name="StartingVersionNumberTooLowTest" fullname="SIL.LCModel.DomainServices.DataMigration.DataMigrationBasicTests.StartingVersionNumberTooLowTest" methodname="StartingVersionNumberTooLowTest" classname="SIL.LCModel.DomainServices.DataMigration.DataMigrationBasicTests" runstate="Runnable" seed="1059118537" result="Passed" start-time="2020-10-05 16:46:24Z" end-time="2020-10-05 16:46:24Z" duration="0.000486" asserts="1" />
            </test-suite>
            <test-suite type="TestFixture" id="3-1655" name="DataMigrationTests7000001" fullname="SIL.LCModel.DomainServices.DataMigration.DataMigrationTests7000001" classname="SIL.LCModel.DomainServices.DataMigration.DataMigrationTests7000001" runstate="Runnable" testcasecount="1" result="Passed" start-time="2020-10-05 16:46:24Z" end-time="2020-10-05 16:46:24Z" duration="0.007537" total="1" passed="1" failed="0" warnings="0" inconclusive="0" skipped="0" asserts="22">
              <test-case id="3-1656" name="DataMigration7000001_and_Delint_Tests" fullname="SIL.LCModel.DomainServices.DataMigration.DataMigrationTests7000001.DataMigration7000001_and_Delint_Tests" methodname="DataMigration7000001_and_Delint_Tests" classname="SIL.LCModel.DomainServices.DataMigration.DataMigrationTests7000001" runstate="Runnable" seed="1364403398" result="Passed" start-time="2020-10-05 16:46:24Z" end-time="2020-10-05 16:46:24Z" duration="0.007372" asserts="22" />
            </test-suite>
            <test-suite type="TestFixture" id="3-1657" name="DataMigrationTests7000002" fullname="SIL.LCModel.DomainServices.DataMigration.DataMigrationTests7000002" classname="SIL.LCModel.DomainServices.DataMigration.DataMigrationTests7000002" runstate="Runnable" testcasecount="1" result="Passed" start-time="2020-10-05 16:46:24Z" end-time="2020-10-05 16:46:24Z" duration="0.003948" total="1" passed="1" failed="0" warnings="0" inconclusive="0" skipped="0" asserts="10">
              <test-case id="3-1658" name="DataMigration7000002Test" fullname="SIL.LCModel.DomainServices.DataMigration.DataMigrationTests7000002.DataMigration7000002Test" methodname="DataMigration7000002Test" classname="SIL.LCModel.DomainServices.DataMigration.DataMigrationTests7000002" runstate="Runnable" seed="1510046147" result="Passed" start-time="2020-10-05 16:46:24Z" end-time="2020-10-05 16:46:24Z" duration="0.003829" asserts="10" />
            </test-suite>
            <test-suite type="TestFixture" id="3-1659" name="DataMigrationTests7000003" fullname="SIL.LCModel.DomainServices.DataMigration.DataMigrationTests7000003" classname="SIL.LCModel.DomainServices.DataMigration.DataMigrationTests7000003" runstate="Runnable" testcasecount="1" result="Passed" start-time="2020-10-05 16:46:24Z" end-time="2020-10-05 16:46:24Z" duration="0.002254" total="1" passed="1" failed="0" warnings="0" inconclusive="0" skipped="0" asserts="5">
              <test-case id="3-1660" name="DataMigration7000003Test" fullname="SIL.LCModel.DomainServices.DataMigration.DataMigrationTests7000003.DataMigration7000003Test" methodname="DataMigration7000003Test" classname="SIL.LCModel.DomainServices.DataMigration.DataMigrationTests7000003" runstate="Runnable" seed="160279018" result="Passed" start-time="2020-10-05 16:46:24Z" end-time="2020-10-05 16:46:24Z" duration="0.002132" asserts="5" />
            </test-suite>
            <test-suite type="TestFixture" id="3-1661" name="DataMigrationTests7000005" fullname="SIL.LCModel.DomainServices.DataMigration.DataMigrationTests7000005" classname="SIL.LCModel.DomainServices.DataMigration.DataMigrationTests7000005" runstate="Runnable" testcasecount="1" result="Passed" start-time="2020-10-05 16:46:24Z" end-time="2020-10-05 16:46:24Z" duration="0.006214" total="1" passed="1" failed="0" warnings="0" inconclusive="0" skipped="0" asserts="11">
              <test-case id="3-1662" name="DataMigration7000005Test" fullname="SIL.LCModel.DomainServices.DataMigration.DataMigrationTests7000005.DataMigration7000005Test" methodname="DataMigration7000005Test" classname="SIL.LCModel.DomainServices.DataMigration.DataMigrationTests7000005" runstate="Runnable" seed="464366497" result="Passed" start-time="2020-10-05 16:46:24Z" end-time="2020-10-05 16:46:24Z" duration="0.006042" asserts="11" />
            </test-suite>
            <test-suite type="TestFixture" id="3-1663" name="DataMigrationTests7000006" fullname="SIL.LCModel.DomainServices.DataMigration.DataMigrationTests7000006" classname="SIL.LCModel.DomainServices.DataMigration.DataMigrationTests7000006" runstate="Runnable" testcasecount="1" result="Passed" start-time="2020-10-05 16:46:24Z" end-time="2020-10-05 16:46:24Z" duration="0.002167" total="1" passed="1" failed="0" warnings="0" inconclusive="0" skipped="0" asserts="3">
              <test-case id="3-1664" name="DataMigration7000006Test" fullname="SIL.LCModel.DomainServices.DataMigration.DataMigrationTests7000006.DataMigration7000006Test" methodname="DataMigration7000006Test" classname="SIL.LCModel.DomainServices.DataMigration.DataMigrationTests7000006" runstate="Runnable" seed="2111711956" result="Passed" start-time="2020-10-05 16:46:24Z" end-time="2020-10-05 16:46:24Z" duration="0.002015" asserts="3" />
            </test-suite>
            <test-suite type="TestFixture" id="3-1665" name="DataMigrationTests7000007" fullname="SIL.LCModel.DomainServices.DataMigration.DataMigrationTests7000007" classname="SIL.LCModel.DomainServices.DataMigration.DataMigrationTests7000007" runstate="Runnable" testcasecount="1" result="Passed" start-time="2020-10-05 16:46:24Z" end-time="2020-10-05 16:46:24Z" duration="0.003039" total="1" passed="1" failed="0" warnings="0" inconclusive="0" skipped="0" asserts="7">
              <test-case id="3-1666" name="DataMigration7000007Test" fullname="SIL.LCModel.DomainServices.DataMigration.DataMigrationTests7000007.DataMigration7000007Test" methodname="DataMigration7000007Test" classname="SIL.LCModel.DomainServices.DataMigration.DataMigrationTests7000007" runstate="Runnable" seed="570171574" result="Passed" start-time="2020-10-05 16:46:24Z" end-time="2020-10-05 16:46:24Z" duration="0.002887" asserts="7" />
            </test-suite>
            <test-suite type="TestFixture" id="3-1667" name="DataMigrationTests7000008" fullname="SIL.LCModel.DomainServices.DataMigration.DataMigrationTests7000008" classname="SIL.LCModel.DomainServices.DataMigration.DataMigrationTests7000008" runstate="Runnable" testcasecount="1" result="Passed" start-time="2020-10-05 16:46:24Z" end-time="2020-10-05 16:46:24Z" duration="0.002731" total="1" passed="1" failed="0" warnings="0" inconclusive="0" skipped="0" asserts="5">
              <test-case id="3-1668" name="DataMigration7000008Test" fullname="SIL.LCModel.DomainServices.DataMigration.DataMigrationTests7000008.DataMigration7000008Test" methodname="DataMigration7000008Test" classname="SIL.LCModel.DomainServices.DataMigration.DataMigrationTests7000008" runstate="Runnable" seed="2076882802" result="Passed" start-time="2020-10-05 16:46:24Z" end-time="2020-10-05 16:46:24Z" duration="0.002565" asserts="5" />
            </test-suite>
            <test-suite type="TestFixture" id="3-1669" name="DataMigrationTests7000009" fullname="SIL.LCModel.DomainServices.DataMigration.DataMigrationTests7000009" classname="SIL.LCModel.DomainServices.DataMigration.DataMigrationTests7000009" runstate="Runnable" testcasecount="1" result="Passed" start-time="2020-10-05 16:46:24Z" end-time="2020-10-05 16:46:24Z" duration="0.001820" total="1" passed="1" failed="0" warnings="0" inconclusive="0" skipped="0" asserts="3">
              <test-case id="3-1670" name="DataMigration7000009Test" fullname="SIL.LCModel.DomainServices.DataMigration.DataMigrationTests7000009.DataMigration7000009Test" methodname="DataMigration7000009Test" classname="SIL.LCModel.DomainServices.DataMigration.DataMigrationTests7000009" runstate="Runnable" seed="1334942780" result="Passed" start-time="2020-10-05 16:46:24Z" end-time="2020-10-05 16:46:24Z" duration="0.001648" asserts="3" />
            </test-suite>
            <test-suite type="TestFixture" id="3-1671" name="DataMigrationTests7000010" fullname="SIL.LCModel.DomainServices.DataMigration.DataMigrationTests7000010" classname="SIL.LCModel.DomainServices.DataMigration.DataMigrationTests7000010" runstate="Runnable" testcasecount="11" result="Passed" start-time="2020-10-05 16:46:24Z" end-time="2020-10-05 16:46:24Z" duration="0.133077" total="11" passed="11" failed="0" warnings="0" inconclusive="0" skipped="0" asserts="741">
              <test-case id="3-1672" name="DataMigration7000010_AnnotationDefns_Removed_Test" fullname="SIL.LCModel.DomainServices.DataMigration.DataMigrationTests7000010.DataMigration7000010_AnnotationDefns_Removed_Test" methodname="DataMigration7000010_AnnotationDefns_Removed_Test" classname="SIL.LCModel.DomainServices.DataMigration.DataMigrationTests7000010" runstate="Runnable" seed="2039554603" result="Passed" start-time="2020-10-05 16:46:24Z" end-time="2020-10-05 16:46:24Z" duration="0.013872" asserts="14" />
              <test-case id="3-1681" name="DataMigration7000010_BadCcaReference_Test" fullname="SIL.LCModel.DomainServices.DataMigration.DataMigrationTests7000010.DataMigration7000010_BadCcaReference_Test" methodname="DataMigration7000010_BadCcaReference_Test" classname="SIL.LCModel.DomainServices.DataMigration.DataMigrationTests7000010" runstate="Runnable" seed="1116028485" result="Passed" start-time="2020-10-05 16:46:24Z" end-time="2020-10-05 16:46:24Z" duration="0.033694" asserts="34" />
              <test-case id="3-1673" name="DataMigration7000010_BasicSegmentMigration_Test" fullname="SIL.LCModel.DomainServices.DataMigration.DataMigrationTests7000010.DataMigration7000010_BasicSegmentMigration_Test" methodname="DataMigration7000010_BasicSegmentMigration_Test" classname="SIL.LCModel.DomainServices.DataMigration.DataMigrationTests7000010" runstate="Runnable" seed="943406077" result="Passed" start-time="2020-10-05 16:46:24Z" end-time="2020-10-05 16:46:24Z" duration="0.013676" asserts="82" />
              <test-case id="3-1682" name="DataMigration7000010_DiscourseMigration_Test" fullname="SIL.LCModel.DomainServices.DataMigration.DataMigrationTests7000010.DataMigration7000010_DiscourseMigration_Test" methodname="DataMigration7000010_DiscourseMigration_Test" classname="SIL.LCModel.DomainServices.DataMigration.DataMigrationTests7000010" runstate="Runnable" seed="583059393" result="Passed" start-time="2020-10-05 16:46:24Z" end-time="2020-10-05 16:46:24Z" duration="0.012678" asserts="115" />
              <test-case id="3-1680" name="DataMigration7000010_DiscoursePunctuation_Test" fullname="SIL.LCModel.DomainServices.DataMigration.DataMigrationTests7000010.DataMigration7000010_DiscoursePunctuation_Test" methodname="DataMigration7000010_DiscoursePunctuation_Test" classname="SIL.LCModel.DomainServices.DataMigration.DataMigrationTests7000010" runstate="Runnable" seed="1221959384" result="Passed" start-time="2020-10-05 16:46:24Z" end-time="2020-10-05 16:46:24Z" duration="0.008382" asserts="74" />
              <test-case id="3-1678" name="DataMigration7000010_PathologicalCCRMigration_Test" fullname="SIL.LCModel.DomainServices.DataMigration.DataMigrationTests7000010.DataMigration7000010_PathologicalCCRMigration_Test" methodname="DataMigration7000010_PathologicalCCRMigration_Test" classname="SIL.LCModel.DomainServices.DataMigration.DataMigrationTests7000010" runstate="Runnable" seed="362509017" result="Passed" start-time="2020-10-05 16:46:24Z" end-time="2020-10-05 16:46:24Z" duration="0.004119" asserts="8" />
              <test-case id="3-1677" name="DataMigration7000010_PathologicalSegmentMigration_Duplicates_Test" fullname="SIL.LCModel.DomainServices.DataMigration.DataMigrationTests7000010.DataMigration7000010_PathologicalSegmentMigration_Duplicates_Test" methodname="DataMigration7000010_PathologicalSegmentMigration_Duplicates_Test" classname="SIL.LCModel.DomainServices.DataMigration.DataMigrationTests7000010" runstate="Runnable" seed="385551360" result="Passed" start-time="2020-10-05 16:46:24Z" end-time="2020-10-05 16:46:24Z" duration="0.008212" asserts="109" />
              <test-case id="3-1676" name="DataMigration7000010_PathologicalSegmentMigration_Test" fullname="SIL.LCModel.DomainServices.DataMigration.DataMigrationTests7000010.DataMigration7000010_PathologicalSegmentMigration_Test" methodname="DataMigration7000010_PathologicalSegmentMigration_Test" classname="SIL.LCModel.DomainServices.DataMigration.DataMigrationTests7000010" runstate="Runnable" seed="206548921" result="Passed" start-time="2020-10-05 16:46:24Z" end-time="2020-10-05 16:46:24Z" duration="0.014558" asserts="126" />
              <test-case id="3-1674" name="DataMigration7000010_SegmentsNoXfics_Test" fullname="SIL.LCModel.DomainServices.DataMigration.DataMigrationTests7000010.DataMigration7000010_SegmentsNoXfics_Test" methodname="DataMigration7000010_SegmentsNoXfics_Test" classname="SIL.LCModel.DomainServices.DataMigration.DataMigrationTests7000010" runstate="Runnable" seed="1593889602" result="Passed" start-time="2020-10-05 16:46:24Z" end-time="2020-10-05 16:46:24Z" duration="0.011651" asserts="50" />
              <test-case id="3-1675" name="DataMigration7000010_TextTagMigration_Test" fullname="SIL.LCModel.DomainServices.DataMigration.DataMigrationTests7000010.DataMigration7000010_TextTagMigration_Test" methodname="DataMigration7000010_TextTagMigration_Test" classname="SIL.LCModel.DomainServices.DataMigration.DataMigrationTests7000010" runstate="Runnable" seed="1066788707" result="Passed" start-time="2020-10-05 16:46:24Z" end-time="2020-10-05 16:46:24Z" duration="0.007248" asserts="113" />
              <test-case id="3-1679" name="DataMigration7000010_WrongMovedTextMarkerWsTest" fullname="SIL.LCModel.DomainServices.DataMigration.DataMigrationTests7000010.DataMigration7000010_WrongMovedTextMarkerWsTest" methodname="DataMigration7000010_WrongMovedTextMarkerWsTest" classname="SIL.LCModel.DomainServices.DataMigration.DataMigrationTests7000010" runstate="Runnable" seed="1250323843" result="Passed" start-time="2020-10-05 16:46:24Z" end-time="2020-10-05 16:46:24Z" duration="0.004418" asserts="16" />
            </test-suite>
            <test-suite type="TestFixture" id="3-1683" name="DataMigrationTests7000011" fullname="SIL.LCModel.DomainServices.DataMigration.DataMigrationTests7000011" classname="SIL.LCModel.DomainServices.DataMigration.DataMigrationTests7000011" runstate="Runnable" testcasecount="1" result="Passed" start-time="2020-10-05 16:46:24Z" end-time="2020-10-05 16:46:24Z" duration="0.004763" total="1" passed="1" failed="0" warnings="0" inconclusive="0" skipped="0" asserts="16">
              <test-case id="3-1684" name="DataMigration7000011Test" fullname="SIL.LCModel.DomainServices.DataMigration.DataMigrationTests7000011.DataMigration7000011Test" methodname="DataMigration7000011Test" classname="SIL.LCModel.DomainServices.DataMigration.DataMigrationTests7000011" runstate="Runnable" seed="1824582342" result="Passed" start-time="2020-10-05 16:46:24Z" end-time="2020-10-05 16:46:24Z" duration="0.004589" asserts="16" />
            </test-suite>
            <test-suite type="TestFixture" id="3-1685" name="DataMigrationTests7000012" fullname="SIL.LCModel.DomainServices.DataMigration.DataMigrationTests7000012" classname="SIL.LCModel.DomainServices.DataMigration.DataMigrationTests7000012" runstate="Runnable" testcasecount="1" result="Passed" start-time="2020-10-05 16:46:24Z" end-time="2020-10-05 16:46:24Z" duration="0.005450" total="1" passed="1" failed="0" warnings="0" inconclusive="0" skipped="0" asserts="166">
              <test-case id="3-1686" name="DataMigration7000012_Unneeded_UserViewField_Removed_Test" fullname="SIL.LCModel.DomainServices.DataMigration.DataMigrationTests7000012.DataMigration7000012_Unneeded_UserViewField_Removed_Test" methodname="DataMigration7000012_Unneeded_UserViewField_Removed_Test" classname="SIL.LCModel.DomainServices.DataMigration.DataMigrationTests7000012" runstate="Runnable" seed="67639960" result="Passed" start-time="2020-10-05 16:46:24Z" end-time="2020-10-05 16:46:24Z" duration="0.005271" asserts="166" />
            </test-suite>
            <test-suite type="TestFixture" id="3-1687" name="DataMigrationTests7000013" fullname="SIL.LCModel.DomainServices.DataMigration.DataMigrationTests7000013" classname="SIL.LCModel.DomainServices.DataMigration.DataMigrationTests7000013" runstate="Runnable" testcasecount="1" result="Passed" start-time="2020-10-05 16:46:24Z" end-time="2020-10-05 16:46:24Z" duration="0.002871" total="1" passed="1" failed="0" warnings="0" inconclusive="0" skipped="0" asserts="23">
              <test-case id="3-1688" name="DataMigration7000013Test" fullname="SIL.LCModel.DomainServices.DataMigration.DataMigrationTests7000013.DataMigration7000013Test" methodname="DataMigration7000013Test" classname="SIL.LCModel.DomainServices.DataMigration.DataMigrationTests7000013" runstate="Runnable" seed="622086734" result="Passed" start-time="2020-10-05 16:46:24Z" end-time="2020-10-05 16:46:24Z" duration="0.002720" asserts="23" />
            </test-suite>
            <test-suite type="TestFixture" id="3-1689" name="DataMigrationTests7000014" fullname="SIL.LCModel.DomainServices.DataMigration.DataMigrationTests7000014" classname="SIL.LCModel.DomainServices.DataMigration.DataMigrationTests7000014" runstate="Runnable" testcasecount="1" result="Passed" start-time="2020-10-05 16:46:24Z" end-time="2020-10-05 16:46:24Z" duration="0.004395" total="1" passed="1" failed="0" warnings="0" inconclusive="0" skipped="0" asserts="82">
              <test-case id="3-1690" name="DataMigration7000014Test" fullname="SIL.LCModel.DomainServices.DataMigration.DataMigrationTests7000014.DataMigration7000014Test" methodname="DataMigration7000014Test" classname="SIL.LCModel.DomainServices.DataMigration.DataMigrationTests7000014" runstate="Runnable" seed="1764128129" result="Passed" start-time="2020-10-05 16:46:24Z" end-time="2020-10-05 16:46:24Z" duration="0.004263" asserts="82" />
            </test-suite>
            <test-suite type="TestFixture" id="3-1691" name="DataMigrationTests7000015" fullname="SIL.LCModel.DomainServices.DataMigration.DataMigrationTests7000015" classname="SIL.LCModel.DomainServices.DataMigration.DataMigrationTests7000015" runstate="Runnable" testcasecount="1" result="Passed" start-time="2020-10-05 16:46:24Z" end-time="2020-10-05 16:46:24Z" duration="0.002619" total="1" passed="1" failed="0" warnings="0" inconclusive="0" skipped="0" asserts="17">
              <test-case id="3-1692" name="DataMigration7000015Test" fullname="SIL.LCModel.DomainServices.DataMigration.DataMigrationTests7000015.DataMigration7000015Test" methodname="DataMigration7000015Test" classname="SIL.LCModel.DomainServices.DataMigration.DataMigrationTests7000015" runstate="Runnable" seed="1819994825" result="Passed" start-time="2020-10-05 16:46:24Z" end-time="2020-10-05 16:46:24Z" duration="0.002488" asserts="17" />
            </test-suite>
            <test-suite type="TestFixture" id="3-1693" name="DataMigrationTests7000016" fullname="SIL.LCModel.DomainServices.DataMigration.DataMigrationTests7000016" classname="SIL.LCModel.DomainServices.DataMigration.DataMigrationTests7000016" runstate="Runnable" testcasecount="2" result="Passed" start-time="2020-10-05 16:46:24Z" end-time="2020-10-05 16:46:24Z" duration="0.005451" total="2" passed="2" failed="0" warnings="0" inconclusive="0" skipped="0" asserts="34">
              <test-case id="3-1695" name="CheckOnNoPossibilitiesInListAtStart" fullname="SIL.LCModel.DomainServices.DataMigration.DataMigrationTests7000016.CheckOnNoPossibilitiesInListAtStart" methodname="CheckOnNoPossibilitiesInListAtStart" classname="SIL.LCModel.DomainServices.DataMigration.DataMigrationTests7000016" runstate="Runnable" seed="1633418116" result="Passed" start-time="2020-10-05 16:46:24Z" end-time="2020-10-05 16:46:24Z" duration="0.002056" asserts="4" />
              <test-case id="3-1694" name="DataMigration7000016Test" fullname="SIL.LCModel.DomainServices.DataMigration.DataMigrationTests7000016.DataMigration7000016Test" methodname="DataMigration7000016Test" classname="SIL.LCModel.DomainServices.DataMigration.DataMigrationTests7000016" runstate="Runnable" seed="229068356" result="Passed" start-time="2020-10-05 16:46:24Z" end-time="2020-10-05 16:46:24Z" duration="0.002973" asserts="30" />
            </test-suite>
            <test-suite type="TestFixture" id="3-1696" name="DataMigrationTests7000017" fullname="SIL.LCModel.DomainServices.DataMigration.DataMigrationTests7000017" classname="SIL.LCModel.DomainServices.DataMigration.DataMigrationTests7000017" runstate="Runnable" testcasecount="4" result="Passed" start-time="2020-10-05 16:46:24Z" end-time="2020-10-05 16:46:24Z" duration="0.015583" total="4" passed="4" failed="0" warnings="0" inconclusive="0" skipped="0" asserts="126">
              <test-case id="3-1700" name="ConvertWeatherToCustomListAndFieldForMixedOverlay" fullname="SIL.LCModel.DomainServices.DataMigration.DataMigrationTests7000017.ConvertWeatherToCustomListAndFieldForMixedOverlay" methodname="ConvertWeatherToCustomListAndFieldForMixedOverlay" classname="SIL.LCModel.DomainServices.DataMigration.DataMigrationTests7000017" runstate="Runnable" seed="1279284868" result="Passed" start-time="2020-10-05 16:46:24Z" end-time="2020-10-05 16:46:24Z" duration="0.007001" asserts="28" />
              <test-case id="3-1699" name="ConvertWeatherToCustomListAndFieldForPhraseTagsField" fullname="SIL.LCModel.DomainServices.DataMigration.DataMigrationTests7000017.ConvertWeatherToCustomListAndFieldForPhraseTagsField" methodname="ConvertWeatherToCustomListAndFieldForPhraseTagsField" classname="SIL.LCModel.DomainServices.DataMigration.DataMigrationTests7000017" runstate="Runnable" seed="427449063" result="Passed" start-time="2020-10-05 16:46:24Z" end-time="2020-10-05 16:46:24Z" duration="0.001924" asserts="28" />
              <test-case id="3-1698" name="ConvertWeatherToCustomListAndFieldForWeatherField" fullname="SIL.LCModel.DomainServices.DataMigration.DataMigrationTests7000017.ConvertWeatherToCustomListAndFieldForWeatherField" methodname="ConvertWeatherToCustomListAndFieldForWeatherField" classname="SIL.LCModel.DomainServices.DataMigration.DataMigrationTests7000017" runstate="Runnable" seed="2043324860" result="Passed" start-time="2020-10-05 16:46:24Z" end-time="2020-10-05 16:46:24Z" duration="0.002087" asserts="34" />
              <test-case id="3-1697" name="DeleteWeatherListAndField" fullname="SIL.LCModel.DomainServices.DataMigration.DataMigrationTests7000017.DeleteWeatherListAndField" methodname="DeleteWeatherListAndField" classname="SIL.LCModel.DomainServices.DataMigration.DataMigrationTests7000017" runstate="Runnable" seed="2037456663" result="Passed" start-time="2020-10-05 16:46:24Z" end-time="2020-10-05 16:46:24Z" duration="0.004363" asserts="36" />
            </test-suite>
            <test-suite type="TestFixture" id="3-1701" name="DataMigrationTests7000018" fullname="SIL.LCModel.DomainServices.DataMigration.DataMigrationTests7000018" classname="SIL.LCModel.DomainServices.DataMigration.DataMigrationTests7000018" runstate="Runnable" testcasecount="1" result="Passed" start-time="2020-10-05 16:46:24Z" end-time="2020-10-05 16:46:24Z" duration="0.027295" total="1" passed="1" failed="0" warnings="0" inconclusive="0" skipped="0" asserts="452">
              <test-case id="3-1702" name="PerformMigration7000018" fullname="SIL.LCModel.DomainServices.DataMigration.DataMigrationTests7000018.PerformMigration7000018" methodname="PerformMigration7000018" classname="SIL.LCModel.DomainServices.DataMigration.DataMigrationTests7000018" runstate="Runnable" seed="173267702" result="Passed" start-time="2020-10-05 16:46:24Z" end-time="2020-10-05 16:46:24Z" duration="0.027167" asserts="452" />
            </test-suite>
            <test-suite type="TestFixture" id="3-1703" name="DataMigrationTests7000019" fullname="SIL.LCModel.DomainServices.DataMigration.DataMigrationTests7000019" classname="SIL.LCModel.DomainServices.DataMigration.DataMigrationTests7000019" runstate="Runnable" testcasecount="1" result="Passed" start-time="2020-10-05 16:46:24Z" end-time="2020-10-05 16:46:24Z" duration="0.025039" total="1" passed="1" failed="0" warnings="0" inconclusive="0" skipped="0" asserts="14">
              <test-case id="3-1704" name="DataMigration7000019Test" fullname="SIL.LCModel.DomainServices.DataMigration.DataMigrationTests7000019.DataMigration7000019Test" methodname="DataMigration7000019Test" classname="SIL.LCModel.DomainServices.DataMigration.DataMigrationTests7000019" runstate="Runnable" seed="1117191450" result="Passed" start-time="2020-10-05 16:46:24Z" end-time="2020-10-05 16:46:24Z" duration="0.024397" asserts="14" />
            </test-suite>
            <test-suite type="TestFixture" id="3-1705" name="DataMigrationTests7000020" fullname="SIL.LCModel.DomainServices.DataMigration.DataMigrationTests7000020" classname="SIL.LCModel.DomainServices.DataMigration.DataMigrationTests7000020" runstate="Runnable" testcasecount="1" result="Passed" start-time="2020-10-05 16:46:24Z" end-time="2020-10-05 16:46:24Z" duration="0.015174" total="1" passed="1" failed="0" warnings="0" inconclusive="0" skipped="0" asserts="11">
              <test-case id="3-1706" name="DataMigration7000020Test" fullname="SIL.LCModel.DomainServices.DataMigration.DataMigrationTests7000020.DataMigration7000020Test" methodname="DataMigration7000020Test" classname="SIL.LCModel.DomainServices.DataMigration.DataMigrationTests7000020" runstate="Runnable" seed="1344942479" result="Passed" start-time="2020-10-05 16:46:24Z" end-time="2020-10-05 16:46:24Z" duration="0.014996" asserts="11" />
            </test-suite>
            <test-suite type="TestFixture" id="3-1707" name="DataMigrationTests7000022" fullname="SIL.LCModel.DomainServices.DataMigration.DataMigrationTests7000022" classname="SIL.LCModel.DomainServices.DataMigration.DataMigrationTests7000022" runstate="Runnable" testcasecount="1" result="Passed" start-time="2020-10-05 16:46:24Z" end-time="2020-10-05 16:46:24Z" duration="0.009872" total="1" passed="1" failed="0" warnings="0" inconclusive="0" skipped="0" asserts="80">
              <test-case id="3-1708" name="DataMigration7000022Test" fullname="SIL.LCModel.DomainServices.DataMigration.DataMigrationTests7000022.DataMigration7000022Test" methodname="DataMigration7000022Test" classname="SIL.LCModel.DomainServices.DataMigration.DataMigrationTests7000022" runstate="Runnable" seed="1412987891" result="Passed" start-time="2020-10-05 16:46:24Z" end-time="2020-10-05 16:46:24Z" duration="0.009710" asserts="80" />
            </test-suite>
            <test-suite type="TestFixture" id="3-1709" name="DataMigrationTests7000023" fullname="SIL.LCModel.DomainServices.DataMigration.DataMigrationTests7000023" classname="SIL.LCModel.DomainServices.DataMigration.DataMigrationTests7000023" runstate="Runnable" testcasecount="1" result="Passed" start-time="2020-10-05 16:46:24Z" end-time="2020-10-05 16:46:24Z" duration="0.003319" total="1" passed="1" failed="0" warnings="0" inconclusive="0" skipped="0" asserts="12">
              <test-case id="3-1710" name="DataMigration7000023Test" fullname="SIL.LCModel.DomainServices.DataMigration.DataMigrationTests7000023.DataMigration7000023Test" methodname="DataMigration7000023Test" classname="SIL.LCModel.DomainServices.DataMigration.DataMigrationTests7000023" runstate="Runnable" seed="279494916" result="Passed" start-time="2020-10-05 16:46:24Z" end-time="2020-10-05 16:46:24Z" duration="0.003172" asserts="12" />
            </test-suite>
            <test-suite type="TestFixture" id="3-1711" name="DataMigrationTests7000024" fullname="SIL.LCModel.DomainServices.DataMigration.DataMigrationTests7000024" classname="SIL.LCModel.DomainServices.DataMigration.DataMigrationTests7000024" runstate="Runnable" testcasecount="2" result="Passed" start-time="2020-10-05 16:46:24Z" end-time="2020-10-05 16:46:24Z" duration="0.013817" total="2" passed="2" failed="0" warnings="0" inconclusive="0" skipped="0" asserts="40">
              <test-case id="3-1712" name="DataMigration7000024Test" fullname="SIL.LCModel.DomainServices.DataMigration.DataMigrationTests7000024.DataMigration7000024Test" methodname="DataMigration7000024Test" classname="SIL.LCModel.DomainServices.DataMigration.DataMigrationTests7000024" runstate="Runnable" seed="559362592" result="Passed" start-time="2020-10-05 16:46:24Z" end-time="2020-10-05 16:46:24Z" duration="0.011169" asserts="27" />
              <test-case id="3-1713" name="DataMigration7000024Test1" fullname="SIL.LCModel.DomainServices.DataMigration.DataMigrationTests7000024.DataMigration7000024Test1" methodname="DataMigration7000024Test1" classname="SIL.LCModel.DomainServices.DataMigration.DataMigrationTests7000024" runstate="Runnable" seed="1623547141" result="Passed" start-time="2020-10-05 16:46:24Z" end-time="2020-10-05 16:46:24Z" duration="0.002461" asserts="13" />
            </test-suite>
            <test-suite type="TestFixture" id="3-1714" name="DataMigrationTests7000025" fullname="SIL.LCModel.DomainServices.DataMigration.DataMigrationTests7000025" classname="SIL.LCModel.DomainServices.DataMigration.DataMigrationTests7000025" runstate="Runnable" testcasecount="1" result="Passed" start-time="2020-10-05 16:46:24Z" end-time="2020-10-05 16:46:24Z" duration="0.008245" total="1" passed="1" failed="0" warnings="0" inconclusive="0" skipped="0" asserts="22">
              <test-case id="3-1715" name="DataMigration7000025Test" fullname="SIL.LCModel.DomainServices.DataMigration.DataMigrationTests7000025.DataMigration7000025Test" methodname="DataMigration7000025Test" classname="SIL.LCModel.DomainServices.DataMigration.DataMigrationTests7000025" runstate="Runnable" seed="748790965" result="Passed" start-time="2020-10-05 16:46:24Z" end-time="2020-10-05 16:46:24Z" duration="0.007582" asserts="22" />
            </test-suite>
            <test-suite type="TestFixture" id="3-1716" name="DataMigrationTests7000026" fullname="SIL.LCModel.DomainServices.DataMigration.DataMigrationTests7000026" classname="SIL.LCModel.DomainServices.DataMigration.DataMigrationTests7000026" runstate="Runnable" testcasecount="1" result="Passed" start-time="2020-10-05 16:46:24Z" end-time="2020-10-05 16:46:24Z" duration="0.001576" total="1" passed="1" failed="0" warnings="0" inconclusive="0" skipped="0" asserts="4">
              <test-case id="3-1717" name="DataMigration7000026Test" fullname="SIL.LCModel.DomainServices.DataMigration.DataMigrationTests7000026.DataMigration7000026Test" methodname="DataMigration7000026Test" classname="SIL.LCModel.DomainServices.DataMigration.DataMigrationTests7000026" runstate="Runnable" seed="311782221" result="Passed" start-time="2020-10-05 16:46:24Z" end-time="2020-10-05 16:46:24Z" duration="0.001478" asserts="4" />
            </test-suite>
            <test-suite type="TestFixture" id="3-1718" name="DataMigrationTests7000027" fullname="SIL.LCModel.DomainServices.DataMigration.DataMigrationTests7000027" classname="SIL.LCModel.DomainServices.DataMigration.DataMigrationTests7000027" runstate="Runnable" testcasecount="1" result="Passed" start-time="2020-10-05 16:46:24Z" end-time="2020-10-05 16:46:24Z" duration="0.002866" total="1" passed="1" failed="0" warnings="0" inconclusive="0" skipped="0" asserts="5">
              <test-case id="3-1719" name="DataMigration7000027Test" fullname="SIL.LCModel.DomainServices.DataMigration.DataMigrationTests7000027.DataMigration7000027Test" methodname="DataMigration7000027Test" classname="SIL.LCModel.DomainServices.DataMigration.DataMigrationTests7000027" runstate="Runnable" seed="1077042942" result="Passed" start-time="2020-10-05 16:46:24Z" end-time="2020-10-05 16:46:24Z" duration="0.002736" asserts="5" />
            </test-suite>
            <test-suite type="TestFixture" id="3-1720" name="DataMigrationTests7000028" fullname="SIL.LCModel.DomainServices.DataMigration.DataMigrationTests7000028" classname="SIL.LCModel.DomainServices.DataMigration.DataMigrationTests7000028" runstate="Runnable" testcasecount="1" result="Passed" start-time="2020-10-05 16:46:24Z" end-time="2020-10-05 16:46:24Z" duration="0.001458" total="1" passed="1" failed="0" warnings="0" inconclusive="0" skipped="0" asserts="4">
              <test-case id="3-1721" name="DataMigration7000028Test" fullname="SIL.LCModel.DomainServices.DataMigration.DataMigrationTests7000028.DataMigration7000028Test" methodname="DataMigration7000028Test" classname="SIL.LCModel.DomainServices.DataMigration.DataMigrationTests7000028" runstate="Runnable" seed="564002187" result="Passed" start-time="2020-10-05 16:46:24Z" end-time="2020-10-05 16:46:24Z" duration="0.001349" asserts="4" />
            </test-suite>
            <test-suite type="TestFixture" id="3-1722" name="DataMigrationTests7000029" fullname="SIL.LCModel.DomainServices.DataMigration.DataMigrationTests7000029" classname="SIL.LCModel.DomainServices.DataMigration.DataMigrationTests7000029" runstate="Runnable" testcasecount="1" result="Passed" start-time="2020-10-05 16:46:24Z" end-time="2020-10-05 16:46:24Z" duration="0.003383" total="1" passed="1" failed="0" warnings="0" inconclusive="0" skipped="0" asserts="20">
              <test-case id="3-1723" name="DataMigration7000029Test" fullname="SIL.LCModel.DomainServices.DataMigration.DataMigrationTests7000029.DataMigration7000029Test" methodname="DataMigration7000029Test" classname="SIL.LCModel.DomainServices.DataMigration.DataMigrationTests7000029" runstate="Runnable" seed="1312538121" result="Passed" start-time="2020-10-05 16:46:24Z" end-time="2020-10-05 16:46:24Z" duration="0.003219" asserts="20" />
            </test-suite>
            <test-suite type="TestFixture" id="3-1724" name="DataMigrationTests7000030" fullname="SIL.LCModel.DomainServices.DataMigration.DataMigrationTests7000030" classname="SIL.LCModel.DomainServices.DataMigration.DataMigrationTests7000030" runstate="Runnable" testcasecount="1" result="Passed" start-time="2020-10-05 16:46:24Z" end-time="2020-10-05 16:46:24Z" duration="0.008514" total="1" passed="1" failed="0" warnings="0" inconclusive="0" skipped="0" asserts="75">
              <test-case id="3-1725" name="DataMigration7000030Test" fullname="SIL.LCModel.DomainServices.DataMigration.DataMigrationTests7000030.DataMigration7000030Test" methodname="DataMigration7000030Test" classname="SIL.LCModel.DomainServices.DataMigration.DataMigrationTests7000030" runstate="Runnable" seed="627374415" result="Passed" start-time="2020-10-05 16:46:24Z" end-time="2020-10-05 16:46:24Z" duration="0.008329" asserts="75" />
            </test-suite>
            <test-suite type="TestFixture" id="3-1726" name="DataMigrationTests7000031" fullname="SIL.LCModel.DomainServices.DataMigration.DataMigrationTests7000031" classname="SIL.LCModel.DomainServices.DataMigration.DataMigrationTests7000031" runstate="Runnable" testcasecount="1" result="Passed" start-time="2020-10-05 16:46:24Z" end-time="2020-10-05 16:46:24Z" duration="0.015250" total="1" passed="1" failed="0" warnings="0" inconclusive="0" skipped="0" asserts="11">
              <test-case id="3-1727" name="DataMigration7000031Test" fullname="SIL.LCModel.DomainServices.DataMigration.DataMigrationTests7000031.DataMigration7000031Test" methodname="DataMigration7000031Test" classname="SIL.LCModel.DomainServices.DataMigration.DataMigrationTests7000031" runstate="Runnable" seed="99357299" result="Passed" start-time="2020-10-05 16:46:24Z" end-time="2020-10-05 16:46:24Z" duration="0.015105" asserts="11" />
            </test-suite>
            <test-suite type="TestFixture" id="3-1728" name="DataMigrationTests7000032" fullname="SIL.LCModel.DomainServices.DataMigration.DataMigrationTests7000032" classname="SIL.LCModel.DomainServices.DataMigration.DataMigrationTests7000032" runstate="Runnable" testcasecount="1" result="Passed" start-time="2020-10-05 16:46:24Z" end-time="2020-10-05 16:46:24Z" duration="0.002680" total="1" passed="1" failed="0" warnings="0" inconclusive="0" skipped="0" asserts="15">
              <test-case id="3-1729" name="DataMigration7000032Test" fullname="SIL.LCModel.DomainServices.DataMigration.DataMigrationTests7000032.DataMigration7000032Test" methodname="DataMigration7000032Test" classname="SIL.LCModel.DomainServices.DataMigration.DataMigrationTests7000032" runstate="Runnable" seed="1247110912" result="Passed" start-time="2020-10-05 16:46:24Z" end-time="2020-10-05 16:46:24Z" duration="0.002543" asserts="15" />
            </test-suite>
            <test-suite type="TestFixture" id="3-1730" name="DataMigrationTests7000033" fullname="SIL.LCModel.DomainServices.DataMigration.DataMigrationTests7000033" classname="SIL.LCModel.DomainServices.DataMigration.DataMigrationTests7000033" runstate="Runnable" testcasecount="1" result="Passed" start-time="2020-10-05 16:46:24Z" end-time="2020-10-05 16:46:24Z" duration="0.002837" total="1" passed="1" failed="0" warnings="0" inconclusive="0" skipped="0" asserts="7">
              <test-case id="3-1731" name="DataMigration7000032Test" fullname="SIL.LCModel.DomainServices.DataMigration.DataMigrationTests7000033.DataMigration7000032Test" methodname="DataMigration7000032Test" classname="SIL.LCModel.DomainServices.DataMigration.DataMigrationTests7000033" runstate="Runnable" seed="38650640" result="Passed" start-time="2020-10-05 16:46:24Z" end-time="2020-10-05 16:46:24Z" duration="0.001948" asserts="7" />
            </test-suite>
            <test-suite type="TestFixture" id="3-1732" name="DataMigrationTests7000034" fullname="SIL.LCModel.DomainServices.DataMigration.DataMigrationTests7000034" classname="SIL.LCModel.DomainServices.DataMigration.DataMigrationTests7000034" runstate="Runnable" testcasecount="1" result="Passed" start-time="2020-10-05 16:46:24Z" end-time="2020-10-05 16:46:24Z" duration="0.005119" total="1" passed="1" failed="0" warnings="0" inconclusive="0" skipped="0" asserts="12">
              <test-case id="3-1733" name="DataMigration7000034Test" fullname="SIL.LCModel.DomainServices.DataMigration.DataMigrationTests7000034.DataMigration7000034Test" methodname="DataMigration7000034Test" classname="SIL.LCModel.DomainServices.DataMigration.DataMigrationTests7000034" runstate="Runnable" seed="359121790" result="Passed" start-time="2020-10-05 16:46:24Z" end-time="2020-10-05 16:46:24Z" duration="0.004988" asserts="12" />
            </test-suite>
            <test-suite type="TestFixture" id="3-1734" name="DataMigrationTests7000035" fullname="SIL.LCModel.DomainServices.DataMigration.DataMigrationTests7000035" classname="SIL.LCModel.DomainServices.DataMigration.DataMigrationTests7000035" runstate="Runnable" testcasecount="1" result="Passed" start-time="2020-10-05 16:46:24Z" end-time="2020-10-05 16:46:24Z" duration="0.002747" total="1" passed="1" failed="0" warnings="0" inconclusive="0" skipped="0" asserts="8">
              <test-case id="3-1735" name="DataMigration7000035Test" fullname="SIL.LCModel.DomainServices.DataMigration.DataMigrationTests7000035.DataMigration7000035Test" methodname="DataMigration7000035Test" classname="SIL.LCModel.DomainServices.DataMigration.DataMigrationTests7000035" runstate="Runnable" seed="498804747" result="Passed" start-time="2020-10-05 16:46:24Z" end-time="2020-10-05 16:46:24Z" duration="0.002622" asserts="8" />
            </test-suite>
            <test-suite type="TestFixture" id="3-1736" name="DataMigrationTests7000036" fullname="SIL.LCModel.DomainServices.DataMigration.DataMigrationTests7000036" classname="SIL.LCModel.DomainServices.DataMigration.DataMigrationTests7000036" runstate="Runnable" testcasecount="1" result="Passed" start-time="2020-10-05 16:46:24Z" end-time="2020-10-05 16:46:24Z" duration="0.003798" total="1" passed="1" failed="0" warnings="0" inconclusive="0" skipped="0" asserts="20">
              <test-case id="3-1737" name="DataMigration7000036Test" fullname="SIL.LCModel.DomainServices.DataMigration.DataMigrationTests7000036.DataMigration7000036Test" methodname="DataMigration7000036Test" classname="SIL.LCModel.DomainServices.DataMigration.DataMigrationTests7000036" runstate="Runnable" seed="197617311" result="Passed" start-time="2020-10-05 16:46:24Z" end-time="2020-10-05 16:46:24Z" duration="0.003655" asserts="20" />
            </test-suite>
            <test-suite type="TestFixture" id="3-1752" name="DataMigrationTests7000047" fullname="SIL.LCModel.DomainServices.DataMigration.DataMigrationTests7000047" classname="SIL.LCModel.DomainServices.DataMigration.DataMigrationTests7000047" runstate="Runnable" testcasecount="1" result="Passed" start-time="2020-10-05 16:46:24Z" end-time="2020-10-05 16:46:24Z" duration="0.004417" total="1" passed="1" failed="0" warnings="0" inconclusive="0" skipped="0" asserts="9">
              <test-case id="3-1753" name="DataMigration7000047Test" fullname="SIL.LCModel.DomainServices.DataMigration.DataMigrationTests7000047.DataMigration7000047Test" methodname="DataMigration7000047Test" classname="SIL.LCModel.DomainServices.DataMigration.DataMigrationTests7000047" runstate="Runnable" seed="622255036" result="Passed" start-time="2020-10-05 16:46:24Z" end-time="2020-10-05 16:46:24Z" duration="0.004278" asserts="9" />
            </test-suite>
            <test-suite type="TestFixture" id="3-1754" name="DataMigrationTests7000051" fullname="SIL.LCModel.DomainServices.DataMigration.DataMigrationTests7000051" classname="SIL.LCModel.DomainServices.DataMigration.DataMigrationTests7000051" runstate="Runnable" testcasecount="1" result="Passed" start-time="2020-10-05 16:46:24Z" end-time="2020-10-05 16:46:24Z" duration="0.001580" total="1" passed="1" failed="0" warnings="0" inconclusive="0" skipped="0" asserts="7">
              <test-case id="3-1755" name="DataMigration7000051Test" fullname="SIL.LCModel.DomainServices.DataMigration.DataMigrationTests7000051.DataMigration7000051Test" methodname="DataMigration7000051Test" classname="SIL.LCModel.DomainServices.DataMigration.DataMigrationTests7000051" runstate="Runnable" seed="1472997784" result="Passed" start-time="2020-10-05 16:46:24Z" end-time="2020-10-05 16:46:24Z" duration="0.001489" asserts="7" />
            </test-suite>
            <test-suite type="TestFixture" id="3-1756" name="DataMigrationTests7000052" fullname="SIL.LCModel.DomainServices.DataMigration.DataMigrationTests7000052" classname="SIL.LCModel.DomainServices.DataMigration.DataMigrationTests7000052" runstate="Runnable" testcasecount="1" result="Passed" start-time="2020-10-05 16:46:24Z" end-time="2020-10-05 16:46:24Z" duration="0.001979" total="1" passed="1" failed="0" warnings="0" inconclusive="0" skipped="0" asserts="13">
              <test-case id="3-1757" name="DataMigration7000052Test" fullname="SIL.LCModel.DomainServices.DataMigration.DataMigrationTests7000052.DataMigration7000052Test" methodname="DataMigration7000052Test" classname="SIL.LCModel.DomainServices.DataMigration.DataMigrationTests7000052" runstate="Runnable" seed="1302061172" result="Passed" start-time="2020-10-05 16:46:24Z" end-time="2020-10-05 16:46:24Z" duration="0.001889" asserts="13" />
            </test-suite>
            <test-suite type="TestFixture" id="3-1758" name="DataMigrationTests7000056" fullname="SIL.LCModel.DomainServices.DataMigration.DataMigrationTests7000056" classname="SIL.LCModel.DomainServices.DataMigration.DataMigrationTests7000056" runstate="Runnable" testcasecount="1" result="Passed" start-time="2020-10-05 16:46:24Z" end-time="2020-10-05 16:46:24Z" duration="0.002283" total="1" passed="1" failed="0" warnings="0" inconclusive="0" skipped="0" asserts="20">
              <test-case id="3-1759" name="DataMigration7000056Test" fullname="SIL.LCModel.DomainServices.DataMigration.DataMigrationTests7000056.DataMigration7000056Test" methodname="DataMigration7000056Test" classname="SIL.LCModel.DomainServices.DataMigration.DataMigrationTests7000056" runstate="Runnable" seed="1719973700" result="Passed" start-time="2020-10-05 16:46:24Z" end-time="2020-10-05 16:46:24Z" duration="0.002167" asserts="20" />
            </test-suite>
            <test-suite type="TestFixture" id="3-1760" name="DataMigrationTests7000057" fullname="SIL.LCModel.DomainServices.DataMigration.DataMigrationTests7000057" classname="SIL.LCModel.DomainServices.DataMigration.DataMigrationTests7000057" runstate="Runnable" testcasecount="2" result="Passed" start-time="2020-10-05 16:46:24Z" end-time="2020-10-05 16:46:24Z" duration="0.003279" total="2" passed="2" failed="0" warnings="0" inconclusive="0" skipped="0" asserts="19">
              <test-case id="3-1761" name="DataMigration7000057Test_Normal" fullname="SIL.LCModel.DomainServices.DataMigration.DataMigrationTests7000057.DataMigration7000057Test_Normal" methodname="DataMigration7000057Test_Normal" classname="SIL.LCModel.DomainServices.DataMigration.DataMigrationTests7000057" runstate="Runnable" seed="1764852517" result="Passed" start-time="2020-10-05 16:46:24Z" end-time="2020-10-05 16:46:24Z" duration="0.001814" asserts="10" />
              <test-case id="3-1762" name="DataMigration7000057Test_SubInflTypes" fullname="SIL.LCModel.DomainServices.DataMigration.DataMigrationTests7000057.DataMigration7000057Test_SubInflTypes" methodname="DataMigration7000057Test_SubInflTypes" classname="SIL.LCModel.DomainServices.DataMigration.DataMigrationTests7000057" runstate="Runnable" seed="1984491870" result="Passed" start-time="2020-10-05 16:46:24Z" end-time="2020-10-05 16:46:24Z" duration="0.001285" asserts="9" />
            </test-suite>
            <test-suite type="TestFixture" id="3-1763" name="DataMigrationTests7000058" fullname="SIL.LCModel.DomainServices.DataMigration.DataMigrationTests7000058" classname="SIL.LCModel.DomainServices.DataMigration.DataMigrationTests7000058" runstate="Runnable" testcasecount="2" result="Passed" start-time="2020-10-05 16:46:24Z" end-time="2020-10-05 16:46:24Z" duration="0.002009" total="2" passed="2" failed="0" warnings="0" inconclusive="0" skipped="0" asserts="6">
              <test-case id="3-1764" name="DataMigration7000058Test_FillEmptyGlossAppend" fullname="SIL.LCModel.DomainServices.DataMigration.DataMigrationTests7000058.DataMigration7000058Test_FillEmptyGlossAppend" methodname="DataMigration7000058Test_FillEmptyGlossAppend" classname="SIL.LCModel.DomainServices.DataMigration.DataMigrationTests7000058" runstate="Runnable" seed="463530882" result="Passed" start-time="2020-10-05 16:46:24Z" end-time="2020-10-05 16:46:24Z" duration="0.001127" asserts="3" />
              <test-case id="3-1765" name="DataMigration7000058Test_SkipNonEmptyGlossAppend" fullname="SIL.LCModel.DomainServices.DataMigration.DataMigrationTests7000058.DataMigration7000058Test_SkipNonEmptyGlossAppend" methodname="DataMigration7000058Test_SkipNonEmptyGlossAppend" classname="SIL.LCModel.DomainServices.DataMigration.DataMigrationTests7000058" runstate="Runnable" seed="928290800" result="Passed" start-time="2020-10-05 16:46:24Z" end-time="2020-10-05 16:46:24Z" duration="0.000699" asserts="3" />
            </test-suite>
            <test-suite type="TestFixture" id="3-1766" name="DataMigrationTests7000059" fullname="SIL.LCModel.DomainServices.DataMigration.DataMigrationTests7000059" classname="SIL.LCModel.DomainServices.DataMigration.DataMigrationTests7000059" runstate="Runnable" testcasecount="1" result="Passed" start-time="2020-10-05 16:46:24Z" end-time="2020-10-05 16:46:24Z" duration="0.001900" total="1" passed="1" failed="0" warnings="0" inconclusive="0" skipped="0" asserts="8">
              <test-case id="3-1767" name="DataMigration7000059Test" fullname="SIL.LCModel.DomainServices.DataMigration.DataMigrationTests7000059.DataMigration7000059Test" methodname="DataMigration7000059Test" classname="SIL.LCModel.DomainServices.DataMigration.DataMigrationTests7000059" runstate="Runnable" seed="382066738" result="Passed" start-time="2020-10-05 16:46:24Z" end-time="2020-10-05 16:46:24Z" duration="0.001804" asserts="8" />
            </test-suite>
            <test-suite type="TestFixture" id="3-1768" name="DataMigrationTests7000060" fullname="SIL.LCModel.DomainServices.DataMigration.DataMigrationTests7000060" classname="SIL.LCModel.DomainServices.DataMigration.DataMigrationTests7000060" runstate="Runnable" testcasecount="1" result="Passed" start-time="2020-10-05 16:46:24Z" end-time="2020-10-05 16:46:24Z" duration="0.001087" total="1" passed="1" failed="0" warnings="0" inconclusive="0" skipped="0" asserts="4">
              <test-case id="3-1769" name="DataMigration7000060Test" fullname="SIL.LCModel.DomainServices.DataMigration.DataMigrationTests7000060.DataMigration7000060Test" methodname="DataMigration7000060Test" classname="SIL.LCModel.DomainServices.DataMigration.DataMigrationTests7000060" runstate="Runnable" seed="1539631828" result="Passed" start-time="2020-10-05 16:46:24Z" end-time="2020-10-05 16:46:24Z" duration="0.000964" asserts="4" />
            </test-suite>
            <test-suite type="TestFixture" id="3-1770" name="DataMigrationTests7000061" fullname="SIL.LCModel.DomainServices.DataMigration.DataMigrationTests7000061" classname="SIL.LCModel.DomainServices.DataMigration.DataMigrationTests7000061" runstate="Runnable" testcasecount="1" result="Passed" start-time="2020-10-05 16:46:24Z" end-time="2020-10-05 16:46:24Z" duration="0.005062" total="1" passed="1" failed="0" warnings="0" inconclusive="0" skipped="0" asserts="16">
              <test-case id="3-1771" name="DataMigration7000061Test" fullname="SIL.LCModel.DomainServices.DataMigration.DataMigrationTests7000061.DataMigration7000061Test" methodname="DataMigration7000061Test" classname="SIL.LCModel.DomainServices.DataMigration.DataMigrationTests7000061" runstate="Runnable" seed="433656342" result="Passed" start-time="2020-10-05 16:46:24Z" end-time="2020-10-05 16:46:24Z" duration="0.004928" asserts="16" />
            </test-suite>
            <test-suite type="TestFixture" id="3-1772" name="DataMigrationTests7000062" fullname="SIL.LCModel.DomainServices.DataMigration.DataMigrationTests7000062" classname="SIL.LCModel.DomainServices.DataMigration.DataMigrationTests7000062" runstate="Runnable" testcasecount="1" result="Passed" start-time="2020-10-05 16:46:24Z" end-time="2020-10-05 16:46:24Z" duration="0.001751" total="1" passed="1" failed="0" warnings="0" inconclusive="0" skipped="0" asserts="3">
              <test-case id="3-1773" name="DataMigration7000062Test" fullname="SIL.LCModel.DomainServices.DataMigration.DataMigrationTests7000062.DataMigration7000062Test" methodname="DataMigration7000062Test" classname="SIL.LCModel.DomainServices.DataMigration.DataMigrationTests7000062" runstate="Runnable" seed="1199414980" result="Passed" start-time="2020-10-05 16:46:24Z" end-time="2020-10-05 16:46:24Z" duration="0.001646" asserts="3" />
            </test-suite>
            <test-suite type="TestFixture" id="3-1802" name="IDomainObjectDTORepositoryTests" fullname="SIL.LCModel.DomainServices.DataMigration.IDomainObjectDTORepositoryTests" classname="SIL.LCModel.DomainServices.DataMigration.IDomainObjectDTORepositoryTests" runstate="Runnable" testcasecount="12" result="Passed" start-time="2020-10-05 16:46:24Z" end-time="2020-10-05 16:46:24Z" duration="0.004968" total="12" passed="12" failed="0" warnings="0" inconclusive="0" skipped="0" asserts="22">
              <test-case id="3-1811" name="AddNewDtoTest" fullname="SIL.LCModel.DomainServices.DataMigration.IDomainObjectDTORepositoryTests.AddNewDtoTest" methodname="AddNewDtoTest" classname="SIL.LCModel.DomainServices.DataMigration.IDomainObjectDTORepositoryTests" runstate="Runnable" seed="1710930178" result="Passed" start-time="2020-10-05 16:46:24Z" end-time="2020-10-05 16:46:24Z" duration="0.000653" asserts="3" />
              <test-case id="3-1808" name="DtosByClassButNoSubclassesTest" fullname="SIL.LCModel.DomainServices.DataMigration.IDomainObjectDTORepositoryTests.DtosByClassButNoSubclassesTest" methodname="DtosByClassButNoSubclassesTest" classname="SIL.LCModel.DomainServices.DataMigration.IDomainObjectDTORepositoryTests" runstate="Runnable" seed="208008515" result="Passed" start-time="2020-10-05 16:46:24Z" end-time="2020-10-05 16:46:24Z" duration="0.000324" asserts="2" />
              <test-case id="3-1809" name="DtosByClassWithSubclassesTest" fullname="SIL.LCModel.DomainServices.DataMigration.IDomainObjectDTORepositoryTests.DtosByClassWithSubclassesTest" methodname="DtosByClassWithSubclassesTest" classname="SIL.LCModel.DomainServices.DataMigration.IDomainObjectDTORepositoryTests" runstate="Runnable" seed="1395455001" result="Passed" start-time="2020-10-05 16:46:24Z" end-time="2020-10-05 16:46:24Z" duration="0.000222" asserts="1" />
              <test-case id="3-1806" name="ExtantGuidFindsDTOTest" fullname="SIL.LCModel.DomainServices.DataMigration.IDomainObjectDTORepositoryTests.ExtantGuidFindsDTOTest" methodname="ExtantGuidFindsDTOTest" classname="SIL.LCModel.DomainServices.DataMigration.IDomainObjectDTORepositoryTests" runstate="Runnable" seed="287423512" result="Passed" start-time="2020-10-05 16:46:24Z" end-time="2020-10-05 16:46:24Z" duration="0.000230" asserts="1" />
              <test-case id="3-1805" name="NonExistantGuidTest" fullname="SIL.LCModel.DomainServices.DataMigration.IDomainObjectDTORepositoryTests.NonExistantGuidTest" methodname="NonExistantGuidTest" classname="SIL.LCModel.DomainServices.DataMigration.IDomainObjectDTORepositoryTests" runstate="Runnable" seed="1758209172" result="Passed" start-time="2020-10-05 16:46:24Z" end-time="2020-10-05 16:46:24Z" duration="0.000485" asserts="1" />
              <test-case id="3-1803" name="NulldtosParamTest" fullname="SIL.LCModel.DomainServices.DataMigration.IDomainObjectDTORepositoryTests.NulldtosParamTest" methodname="NulldtosParamTest" classname="SIL.LCModel.DomainServices.DataMigration.IDomainObjectDTORepositoryTests" runstate="Runnable" seed="1607972783" result="Passed" start-time="2020-10-05 16:46:24Z" end-time="2020-10-05 16:46:24Z" duration="0.000319" asserts="1" />
              <test-case id="3-1804" name="NullmdcParamTest" fullname="SIL.LCModel.DomainServices.DataMigration.IDomainObjectDTORepositoryTests.NullmdcParamTest" methodname="NullmdcParamTest" classname="SIL.LCModel.DomainServices.DataMigration.IDomainObjectDTORepositoryTests" runstate="Runnable" seed="1458363799" result="Passed" start-time="2020-10-05 16:46:24Z" end-time="2020-10-05 16:46:24Z" duration="0.000360" asserts="1" />
              <test-case id="3-1810" name="OwningDtoTest" fullname="SIL.LCModel.DomainServices.DataMigration.IDomainObjectDTORepositoryTests.OwningDtoTest" methodname="OwningDtoTest" classname="SIL.LCModel.DomainServices.DataMigration.IDomainObjectDTORepositoryTests" runstate="Runnable" seed="570958176" result="Passed" start-time="2020-10-05 16:46:24Z" end-time="2020-10-05 16:46:24Z" duration="0.000279" asserts="3" />
              <test-case id="3-1812" name="RemoveDtoTest" fullname="SIL.LCModel.DomainServices.DataMigration.IDomainObjectDTORepositoryTests.RemoveDtoTest" methodname="RemoveDtoTest" classname="SIL.LCModel.DomainServices.DataMigration.IDomainObjectDTORepositoryTests" runstate="Runnable" seed="953385507" result="Passed" start-time="2020-10-05 16:46:24Z" end-time="2020-10-05 16:46:24Z" duration="0.000617" asserts="3" />
              <test-case id="3-1807" name="TryGetValueTests" fullname="SIL.LCModel.DomainServices.DataMigration.IDomainObjectDTORepositoryTests.TryGetValueTests" methodname="TryGetValueTests" classname="SIL.LCModel.DomainServices.DataMigration.IDomainObjectDTORepositoryTests" runstate="Runnable" seed="158543787" result="Passed" start-time="2020-10-05 16:46:24Z" end-time="2020-10-05 16:46:24Z" duration="0.000281" asserts="4" />
              <test-case id="3-1813" name="UpdateDtoTest" fullname="SIL.LCModel.DomainServices.DataMigration.IDomainObjectDTORepositoryTests.UpdateDtoTest" methodname="UpdateDtoTest" classname="SIL.LCModel.DomainServices.DataMigration.IDomainObjectDTORepositoryTests" runstate="Runnable" seed="1125681532" result="Passed" start-time="2020-10-05 16:46:24Z" end-time="2020-10-05 16:46:24Z" duration="0.000183" asserts="1" />
              <test-case id="3-1814" name="UpdateUnknownDtoTest" fullname="SIL.LCModel.DomainServices.DataMigration.IDomainObjectDTORepositoryTests.UpdateUnknownDtoTest" methodname="UpdateUnknownDtoTest" classname="SIL.LCModel.DomainServices.DataMigration.IDomainObjectDTORepositoryTests" runstate="Runnable" seed="2052046527" result="Passed" start-time="2020-10-05 16:46:24Z" end-time="2020-10-05 16:46:24Z" duration="0.000391" asserts="1" />
            </test-suite>
            <test-suite type="TestFixture" id="3-1815" name="WritingSystemIdMigratorTests" fullname="SIL.LCModel.DomainServices.DataMigration.WritingSystemIdMigratorTests" classname="SIL.LCModel.DomainServices.DataMigration.WritingSystemIdMigratorTests" runstate="Runnable" testcasecount="1" result="Passed" start-time="2020-10-05 16:46:24Z" end-time="2020-10-05 16:46:24Z" duration="0.000570" total="1" passed="1" failed="0" warnings="0" inconclusive="0" skipped="0" asserts="5">
              <test-case id="3-1816" name="GetNextDuplPart" fullname="SIL.LCModel.DomainServices.DataMigration.WritingSystemIdMigratorTests.GetNextDuplPart" methodname="GetNextDuplPart" classname="SIL.LCModel.DomainServices.DataMigration.WritingSystemIdMigratorTests" runstate="Runnable" seed="2052289560" result="Passed" start-time="2020-10-05 16:46:24Z" end-time="2020-10-05 16:46:24Z" duration="0.000492" asserts="5" />
            </test-suite>
          </test-suite>
          <test-suite type="TestFixture" id="3-1374" name="DataStoreInitializationServicesTests" fullname="SIL.LCModel.DomainServices.DataStoreInitializationServicesTests" classname="SIL.LCModel.DomainServices.DataStoreInitializationServicesTests" runstate="Runnable" testcasecount="92" result="Passed" start-time="2020-10-05 16:46:24Z" end-time="2020-10-05 16:46:25Z" duration="0.782058" total="92" passed="92" failed="0" warnings="0" inconclusive="0" skipped="0" asserts="1692">
            <test-case id="3-1413" name="BlowAwaySegments_EmptyTranslation" fullname="SIL.LCModel.DomainServices.DataStoreInitializationServicesTests.BlowAwaySegments_EmptyTranslation" methodname="BlowAwaySegments_EmptyTranslation" classname="SIL.LCModel.DomainServices.DataStoreInitializationServicesTests" runstate="Runnable" seed="1098246563" result="Passed" start-time="2020-10-05 16:46:24Z" end-time="2020-10-05 16:46:24Z" duration="0.037284" asserts="16" />
            <test-case id="3-1417" name="BlowAwaySegments_FullAnalysis" fullname="SIL.LCModel.DomainServices.DataStoreInitializationServicesTests.BlowAwaySegments_FullAnalysis" methodname="BlowAwaySegments_FullAnalysis" classname="SIL.LCModel.DomainServices.DataStoreInitializationServicesTests" runstate="Runnable" seed="422968203" result="Passed" start-time="2020-10-05 16:46:24Z" end-time="2020-10-05 16:46:24Z" duration="0.015866" asserts="30" />
            <test-case id="3-1418" name="BlowAwaySegments_FullAnalysis_CurrentParse" fullname="SIL.LCModel.DomainServices.DataStoreInitializationServicesTests.BlowAwaySegments_FullAnalysis_CurrentParse" methodname="BlowAwaySegments_FullAnalysis_CurrentParse" classname="SIL.LCModel.DomainServices.DataStoreInitializationServicesTests" runstate="Runnable" seed="799832614" result="Passed" start-time="2020-10-05 16:46:24Z" end-time="2020-10-05 16:46:24Z" duration="0.012686" asserts="30" />
            <test-case id="3-1414" name="BlowAwaySegments_FullTranslation" fullname="SIL.LCModel.DomainServices.DataStoreInitializationServicesTests.BlowAwaySegments_FullTranslation" methodname="BlowAwaySegments_FullTranslation" classname="SIL.LCModel.DomainServices.DataStoreInitializationServicesTests" runstate="Runnable" seed="1211557474" result="Passed" start-time="2020-10-05 16:46:24Z" end-time="2020-10-05 16:46:24Z" duration="0.006274" asserts="16" />
            <test-case id="3-1415" name="BlowAwaySegments_FullTranslation_TooManySegments" fullname="SIL.LCModel.DomainServices.DataStoreInitializationServicesTests.BlowAwaySegments_FullTranslation_TooManySegments" methodname="BlowAwaySegments_FullTranslation_TooManySegments" classname="SIL.LCModel.DomainServices.DataStoreInitializationServicesTests" runstate="Runnable" seed="1324988280" result="Passed" start-time="2020-10-05 16:46:24Z" end-time="2020-10-05 16:46:24Z" duration="0.005882" asserts="16" />
            <test-case id="3-1416" name="BlowAwaySegments_FullTranslation_TooManySegments_NoCmTranslation" fullname="SIL.LCModel.DomainServices.DataStoreInitializationServicesTests.BlowAwaySegments_FullTranslation_TooManySegments_NoCmTranslation" methodname="BlowAwaySegments_FullTranslation_TooManySegments_NoCmTranslation" classname="SIL.LCModel.DomainServices.DataStoreInitializationServicesTests" runstate="Runnable" seed="874871653" result="Passed" start-time="2020-10-05 16:46:24Z" end-time="2020-10-05 16:46:24Z" duration="0.005265" asserts="16" />
            <test-case id="3-1380" name="EnsureBtForPara_ExistingBt" fullname="SIL.LCModel.DomainServices.DataStoreInitializationServicesTests.EnsureBtForPara_ExistingBt" methodname="EnsureBtForPara_ExistingBt" classname="SIL.LCModel.DomainServices.DataStoreInitializationServicesTests" runstate="Runnable" seed="854305126" result="Passed" start-time="2020-10-05 16:46:24Z" end-time="2020-10-05 16:46:24Z" duration="0.003253" asserts="2" />
            <test-case id="3-1388" name="EnsureBtForPara_ExistingBtPlusTranslationWithoutType" fullname="SIL.LCModel.DomainServices.DataStoreInitializationServicesTests.EnsureBtForPara_ExistingBtPlusTranslationWithoutType" methodname="EnsureBtForPara_ExistingBtPlusTranslationWithoutType" classname="SIL.LCModel.DomainServices.DataStoreInitializationServicesTests" runstate="Runnable" seed="375962971" result="Passed" start-time="2020-10-05 16:46:24Z" end-time="2020-10-05 16:46:24Z" duration="0.003122" asserts="2" />
            <test-case id="3-1386" name="EnsureBtForPara_ExistingTranslationWithoutType" fullname="SIL.LCModel.DomainServices.DataStoreInitializationServicesTests.EnsureBtForPara_ExistingTranslationWithoutType" methodname="EnsureBtForPara_ExistingTranslationWithoutType" classname="SIL.LCModel.DomainServices.DataStoreInitializationServicesTests" runstate="Runnable" seed="2090483098" result="Passed" start-time="2020-10-05 16:46:24Z" end-time="2020-10-05 16:46:24Z" duration="0.003836" asserts="2" />
            <test-case id="3-1385" name="EnsureBtForPara_MultipleExistingBt_BothTransWithTwoWs" fullname="SIL.LCModel.DomainServices.DataStoreInitializationServicesTests.EnsureBtForPara_MultipleExistingBt_BothTransWithTwoWs" methodname="EnsureBtForPara_MultipleExistingBt_BothTransWithTwoWs" classname="SIL.LCModel.DomainServices.DataStoreInitializationServicesTests" runstate="Runnable" seed="2109539445" result="Passed" start-time="2020-10-05 16:46:24Z" end-time="2020-10-05 16:46:24Z" duration="0.031202" asserts="4" />
            <test-case id="3-1381" name="EnsureBtForPara_MultipleExistingBt_Empty" fullname="SIL.LCModel.DomainServices.DataStoreInitializationServicesTests.EnsureBtForPara_MultipleExistingBt_Empty" methodname="EnsureBtForPara_MultipleExistingBt_Empty" classname="SIL.LCModel.DomainServices.DataStoreInitializationServicesTests" runstate="Runnable" seed="1990107874" result="Passed" start-time="2020-10-05 16:46:24Z" end-time="2020-10-05 16:46:24Z" duration="0.003783" asserts="2" />
            <test-case id="3-1384" name="EnsureBtForPara_MultipleExistingBt_NotEmptyDiffWs" fullname="SIL.LCModel.DomainServices.DataStoreInitializationServicesTests.EnsureBtForPara_MultipleExistingBt_NotEmptyDiffWs" methodname="EnsureBtForPara_MultipleExistingBt_NotEmptyDiffWs" classname="SIL.LCModel.DomainServices.DataStoreInitializationServicesTests" runstate="Runnable" seed="973860471" result="Passed" start-time="2020-10-05 16:46:24Z" end-time="2020-10-05 16:46:24Z" duration="0.004010" asserts="4" />
            <test-case id="3-1383" name="EnsureBtForPara_MultipleExistingBt_NotEmptyOneLonger" fullname="SIL.LCModel.DomainServices.DataStoreInitializationServicesTests.EnsureBtForPara_MultipleExistingBt_NotEmptyOneLonger" methodname="EnsureBtForPara_MultipleExistingBt_NotEmptyOneLonger" classname="SIL.LCModel.DomainServices.DataStoreInitializationServicesTests" runstate="Runnable" seed="251935554" result="Passed" start-time="2020-10-05 16:46:24Z" end-time="2020-10-05 16:46:24Z" duration="0.005697" asserts="3" />
            <test-case id="3-1382" name="EnsureBtForPara_MultipleExistingBt_OneEmpty" fullname="SIL.LCModel.DomainServices.DataStoreInitializationServicesTests.EnsureBtForPara_MultipleExistingBt_OneEmpty" methodname="EnsureBtForPara_MultipleExistingBt_OneEmpty" classname="SIL.LCModel.DomainServices.DataStoreInitializationServicesTests" runstate="Runnable" seed="844097674" result="Passed" start-time="2020-10-05 16:46:24Z" end-time="2020-10-05 16:46:24Z" duration="0.004311" asserts="3" />
            <test-case id="3-1387" name="EnsureBtForPara_MultipleExistingTranslationWithoutType" fullname="SIL.LCModel.DomainServices.DataStoreInitializationServicesTests.EnsureBtForPara_MultipleExistingTranslationWithoutType" methodname="EnsureBtForPara_MultipleExistingTranslationWithoutType" classname="SIL.LCModel.DomainServices.DataStoreInitializationServicesTests" runstate="Runnable" seed="1448573159" result="Passed" start-time="2020-10-05 16:46:24Z" end-time="2020-10-05 16:46:24Z" duration="0.002514" asserts="2" />
            <test-case id="3-1378" name="EnsureBtForPara_NoCmTranslations" fullname="SIL.LCModel.DomainServices.DataStoreInitializationServicesTests.EnsureBtForPara_NoCmTranslations" methodname="EnsureBtForPara_NoCmTranslations" classname="SIL.LCModel.DomainServices.DataStoreInitializationServicesTests" runstate="Runnable" seed="809551089" result="Passed" start-time="2020-10-05 16:46:24Z" end-time="2020-10-05 16:46:24Z" duration="0.002529" asserts="2" />
            <test-case id="3-1379" name="EnsureBtForPara_OtherCmTranslations" fullname="SIL.LCModel.DomainServices.DataStoreInitializationServicesTests.EnsureBtForPara_OtherCmTranslations" methodname="EnsureBtForPara_OtherCmTranslations" classname="SIL.LCModel.DomainServices.DataStoreInitializationServicesTests" runstate="Runnable" seed="554833418" result="Passed" start-time="2020-10-05 16:46:24Z" end-time="2020-10-05 16:46:24Z" duration="0.002802" asserts="2" />
            <test-case id="3-1377" name="EnsureBtForScrParas_AllHaveBts" fullname="SIL.LCModel.DomainServices.DataStoreInitializationServicesTests.EnsureBtForScrParas_AllHaveBts" methodname="EnsureBtForScrParas_AllHaveBts" classname="SIL.LCModel.DomainServices.DataStoreInitializationServicesTests" runstate="Runnable" seed="993096640" result="Passed" start-time="2020-10-05 16:46:24Z" end-time="2020-10-05 16:46:24Z" duration="0.008877" asserts="2" />
            <test-case id="3-1376" name="EnsureBtForScrParas_AlreadyRun" fullname="SIL.LCModel.DomainServices.DataStoreInitializationServicesTests.EnsureBtForScrParas_AlreadyRun" methodname="EnsureBtForScrParas_AlreadyRun" classname="SIL.LCModel.DomainServices.DataStoreInitializationServicesTests" runstate="Runnable" seed="704058663" result="Passed" start-time="2020-10-05 16:46:24Z" end-time="2020-10-05 16:46:24Z" duration="0.002576" asserts="1" />
            <test-case id="3-1375" name="EnsureBtForScrParas_NoScripture" fullname="SIL.LCModel.DomainServices.DataStoreInitializationServicesTests.EnsureBtForScrParas_NoScripture" methodname="EnsureBtForScrParas_NoScripture" classname="SIL.LCModel.DomainServices.DataStoreInitializationServicesTests" runstate="Runnable" seed="2002393596" result="Passed" start-time="2020-10-05 16:46:24Z" end-time="2020-10-05 16:46:24Z" duration="0.005187" asserts="1" />
            <test-case id="3-1393" name="EnsureSegmentsForPara_Contents" fullname="SIL.LCModel.DomainServices.DataStoreInitializationServicesTests.EnsureSegmentsForPara_Contents" methodname="EnsureSegmentsForPara_Contents" classname="SIL.LCModel.DomainServices.DataStoreInitializationServicesTests" runstate="Runnable" seed="1684717040" result="Passed" start-time="2020-10-05 16:46:24Z" end-time="2020-10-05 16:46:24Z" duration="0.003718" asserts="7" />
            <test-case id="3-1394" name="EnsureSegmentsForPara_ContentsWithBt" fullname="SIL.LCModel.DomainServices.DataStoreInitializationServicesTests.EnsureSegmentsForPara_ContentsWithBt" methodname="EnsureSegmentsForPara_ContentsWithBt" classname="SIL.LCModel.DomainServices.DataStoreInitializationServicesTests" runstate="Runnable" seed="1915065099" result="Passed" start-time="2020-10-05 16:46:24Z" end-time="2020-10-05 16:46:24Z" duration="0.003961" asserts="7" />
            <test-case id="3-1395" name="EnsureSegmentsForPara_ContentsWithExistingSegments" fullname="SIL.LCModel.DomainServices.DataStoreInitializationServicesTests.EnsureSegmentsForPara_ContentsWithExistingSegments" methodname="EnsureSegmentsForPara_ContentsWithExistingSegments" classname="SIL.LCModel.DomainServices.DataStoreInitializationServicesTests" runstate="Runnable" seed="1676779725" result="Passed" start-time="2020-10-05 16:46:24Z" end-time="2020-10-05 16:46:24Z" duration="0.005910" asserts="27" />
            <test-case id="3-1392" name="EnsureSegmentsForPara_NoContents" fullname="SIL.LCModel.DomainServices.DataStoreInitializationServicesTests.EnsureSegmentsForPara_NoContents" methodname="EnsureSegmentsForPara_NoContents" classname="SIL.LCModel.DomainServices.DataStoreInitializationServicesTests" runstate="Runnable" seed="1479921678" result="Passed" start-time="2020-10-05 16:46:24Z" end-time="2020-10-05 16:46:24Z" duration="0.002542" asserts="2" />
            <test-case id="3-1391" name="EnsureSegmentsForScrParas_AllHaveSegments" fullname="SIL.LCModel.DomainServices.DataStoreInitializationServicesTests.EnsureSegmentsForScrParas_AllHaveSegments" methodname="EnsureSegmentsForScrParas_AllHaveSegments" classname="SIL.LCModel.DomainServices.DataStoreInitializationServicesTests" runstate="Runnable" seed="1025761320" result="Passed" start-time="2020-10-05 16:46:24Z" end-time="2020-10-05 16:46:24Z" duration="0.008050" asserts="2" />
            <test-case id="3-1390" name="EnsureSegmentsForScrParas_AlreadyRun" fullname="SIL.LCModel.DomainServices.DataStoreInitializationServicesTests.EnsureSegmentsForScrParas_AlreadyRun" methodname="EnsureSegmentsForScrParas_AlreadyRun" classname="SIL.LCModel.DomainServices.DataStoreInitializationServicesTests" runstate="Runnable" seed="1704349047" result="Passed" start-time="2020-10-05 16:46:24Z" end-time="2020-10-05 16:46:24Z" duration="0.002585" asserts="1" />
            <test-case id="3-1389" name="EnsureSegmentsForScrParas_NoScripture" fullname="SIL.LCModel.DomainServices.DataStoreInitializationServicesTests.EnsureSegmentsForScrParas_NoScripture" methodname="EnsureSegmentsForScrParas_NoScripture" classname="SIL.LCModel.DomainServices.DataStoreInitializationServicesTests" runstate="Runnable" seed="1231307187" result="Passed" start-time="2020-10-05 16:46:24Z" end-time="2020-10-05 16:46:25Z" duration="0.005483" asserts="1" />
            <test-case id="3-1400" name="EnsureStylesInUseSetForPara_CharStyles" fullname="SIL.LCModel.DomainServices.DataStoreInitializationServicesTests.EnsureStylesInUseSetForPara_CharStyles" methodname="EnsureStylesInUseSetForPara_CharStyles" classname="SIL.LCModel.DomainServices.DataStoreInitializationServicesTests" runstate="Runnable" seed="1381424168" result="Passed" start-time="2020-10-05 16:46:25Z" end-time="2020-10-05 16:46:25Z" duration="0.003453" asserts="6" />
            <test-case id="3-1399" name="EnsureStylesInUseSetForPara_EmptyPara" fullname="SIL.LCModel.DomainServices.DataStoreInitializationServicesTests.EnsureStylesInUseSetForPara_EmptyPara" methodname="EnsureStylesInUseSetForPara_EmptyPara" classname="SIL.LCModel.DomainServices.DataStoreInitializationServicesTests" runstate="Runnable" seed="557460493" result="Passed" start-time="2020-10-05 16:46:25Z" end-time="2020-10-05 16:46:25Z" duration="0.002743" asserts="2" />
            <test-case id="3-1397" name="EnsureStylesInUseSetForScrParas_AlreadyRun" fullname="SIL.LCModel.DomainServices.DataStoreInitializationServicesTests.EnsureStylesInUseSetForScrParas_AlreadyRun" methodname="EnsureStylesInUseSetForScrParas_AlreadyRun" classname="SIL.LCModel.DomainServices.DataStoreInitializationServicesTests" runstate="Runnable" seed="78481661" result="Passed" start-time="2020-10-05 16:46:25Z" end-time="2020-10-05 16:46:25Z" duration="0.003216" asserts="1" />
            <test-case id="3-1398" name="EnsureStylesInUseSetForScrParas_AlreadySet" fullname="SIL.LCModel.DomainServices.DataStoreInitializationServicesTests.EnsureStylesInUseSetForScrParas_AlreadySet" methodname="EnsureStylesInUseSetForScrParas_AlreadySet" classname="SIL.LCModel.DomainServices.DataStoreInitializationServicesTests" runstate="Runnable" seed="251741202" result="Passed" start-time="2020-10-05 16:46:25Z" end-time="2020-10-05 16:46:25Z" duration="0.007800" asserts="2" />
            <test-case id="3-1396" name="EnsureStylesInUseSetForScrParas_NoScripture" fullname="SIL.LCModel.DomainServices.DataStoreInitializationServicesTests.EnsureStylesInUseSetForScrParas_NoScripture" methodname="EnsureStylesInUseSetForScrParas_NoScripture" classname="SIL.LCModel.DomainServices.DataStoreInitializationServicesTests" runstate="Runnable" seed="312129584" result="Passed" start-time="2020-10-05 16:46:25Z" end-time="2020-10-05 16:46:25Z" duration="0.006349" asserts="1" />
            <test-case id="3-1458" name="FixSegmentsForPara_DualOrcsBeforeVerseNumberAtStartOfPara" fullname="SIL.LCModel.DomainServices.DataStoreInitializationServicesTests.FixSegmentsForPara_DualOrcsBeforeVerseNumberAtStartOfPara" methodname="FixSegmentsForPara_DualOrcsBeforeVerseNumberAtStartOfPara" classname="SIL.LCModel.DomainServices.DataStoreInitializationServicesTests" runstate="Runnable" seed="43540916" result="Passed" start-time="2020-10-05 16:46:25Z" end-time="2020-10-05 16:46:25Z" duration="0.008384" asserts="24" />
            <test-case id="3-1459" name="FixSegmentsForPara_DualOrcsBeforeVerseNumberMidPara" fullname="SIL.LCModel.DomainServices.DataStoreInitializationServicesTests.FixSegmentsForPara_DualOrcsBeforeVerseNumberMidPara" methodname="FixSegmentsForPara_DualOrcsBeforeVerseNumberMidPara" classname="SIL.LCModel.DomainServices.DataStoreInitializationServicesTests" runstate="Runnable" seed="151902195" result="Passed" start-time="2020-10-05 16:46:25Z" end-time="2020-10-05 16:46:25Z" duration="0.013879" asserts="56" />
            <test-case id="3-1456" name="FixSegmentsForPara_DualOrcsBetweenVerseNumbers" fullname="SIL.LCModel.DomainServices.DataStoreInitializationServicesTests.FixSegmentsForPara_DualOrcsBetweenVerseNumbers" methodname="FixSegmentsForPara_DualOrcsBetweenVerseNumbers" classname="SIL.LCModel.DomainServices.DataStoreInitializationServicesTests" runstate="Runnable" seed="1036948065" result="Passed" start-time="2020-10-05 16:46:25Z" end-time="2020-10-05 16:46:25Z" duration="0.005846" asserts="20" />
            <test-case id="3-1463" name="FixSegmentsForPara_DualOrcsWithFullTrans" fullname="SIL.LCModel.DomainServices.DataStoreInitializationServicesTests.FixSegmentsForPara_DualOrcsWithFullTrans" methodname="FixSegmentsForPara_DualOrcsWithFullTrans" classname="SIL.LCModel.DomainServices.DataStoreInitializationServicesTests" runstate="Runnable" seed="1158698598" result="Passed" start-time="2020-10-05 16:46:25Z" end-time="2020-10-05 16:46:25Z" duration="0.018665" asserts="69" />
            <test-case id="3-1440" name="FixSegmentsForPara_EmptyTranslation" fullname="SIL.LCModel.DomainServices.DataStoreInitializationServicesTests.FixSegmentsForPara_EmptyTranslation" methodname="FixSegmentsForPara_EmptyTranslation" classname="SIL.LCModel.DomainServices.DataStoreInitializationServicesTests" runstate="Runnable" seed="504863749" result="Passed" start-time="2020-10-05 16:46:25Z" end-time="2020-10-05 16:46:25Z" duration="0.008106" asserts="14" />
            <test-case id="3-1441" name="FixSegmentsForPara_EmptyTranslation_PrecedingSegmentEndsWithSpace" fullname="SIL.LCModel.DomainServices.DataStoreInitializationServicesTests.FixSegmentsForPara_EmptyTranslation_PrecedingSegmentEndsWithSpace" methodname="FixSegmentsForPara_EmptyTranslation_PrecedingSegmentEndsWithSpace" classname="SIL.LCModel.DomainServices.DataStoreInitializationServicesTests" runstate="Runnable" seed="1823329519" result="Passed" start-time="2020-10-05 16:46:25Z" end-time="2020-10-05 16:46:25Z" duration="0.006633" asserts="14" />
            <test-case id="3-1446" name="FixSegmentsForPara_FreeTransBeforeORCHasTrailingSpace" fullname="SIL.LCModel.DomainServices.DataStoreInitializationServicesTests.FixSegmentsForPara_FreeTransBeforeORCHasTrailingSpace" methodname="FixSegmentsForPara_FreeTransBeforeORCHasTrailingSpace" classname="SIL.LCModel.DomainServices.DataStoreInitializationServicesTests" runstate="Runnable" seed="481661908" result="Passed" start-time="2020-10-05 16:46:25Z" end-time="2020-10-05 16:46:25Z" duration="0.011757" asserts="37" />
            <test-case id="3-1447" name="FixSegmentsForPara_FreeTransFollowingORCHasExtraLeadingSpace" fullname="SIL.LCModel.DomainServices.DataStoreInitializationServicesTests.FixSegmentsForPara_FreeTransFollowingORCHasExtraLeadingSpace" methodname="FixSegmentsForPara_FreeTransFollowingORCHasExtraLeadingSpace" classname="SIL.LCModel.DomainServices.DataStoreInitializationServicesTests" runstate="Runnable" seed="1459552243" result="Passed" start-time="2020-10-05 16:46:25Z" end-time="2020-10-05 16:46:25Z" duration="0.008754" asserts="37" />
            <test-case id="3-1439" name="FixSegmentsForPara_NoAnalysesOrTranslations" fullname="SIL.LCModel.DomainServices.DataStoreInitializationServicesTests.FixSegmentsForPara_NoAnalysesOrTranslations" methodname="FixSegmentsForPara_NoAnalysesOrTranslations" classname="SIL.LCModel.DomainServices.DataStoreInitializationServicesTests" runstate="Runnable" seed="955584303" result="Passed" start-time="2020-10-05 16:46:25Z" end-time="2020-10-05 16:46:25Z" duration="0.011443" asserts="14" />
            <test-case id="3-1451" name="FixSegmentsForPara_OrcAdjacentToVerseNumbers" fullname="SIL.LCModel.DomainServices.DataStoreInitializationServicesTests.FixSegmentsForPara_OrcAdjacentToVerseNumbers" methodname="FixSegmentsForPara_OrcAdjacentToVerseNumbers" classname="SIL.LCModel.DomainServices.DataStoreInitializationServicesTests" runstate="Runnable" seed="920178117" result="Passed" start-time="2020-10-05 16:46:25Z" end-time="2020-10-05 16:46:25Z" duration="0.014134" asserts="56" />
            <test-case id="3-1453" name="FixSegmentsForPara_OrcAfterSpaceAfterVerseNumber" fullname="SIL.LCModel.DomainServices.DataStoreInitializationServicesTests.FixSegmentsForPara_OrcAfterSpaceAfterVerseNumber" methodname="FixSegmentsForPara_OrcAfterSpaceAfterVerseNumber" classname="SIL.LCModel.DomainServices.DataStoreInitializationServicesTests" runstate="Runnable" seed="539435577" result="Passed" start-time="2020-10-05 16:46:25Z" end-time="2020-10-05 16:46:25Z" duration="0.007866" asserts="28" />
            <test-case id="3-1435" name="FixSegmentsForPara_OrcAtEndOfLabelPrecedesHardLineBreak" fullname="SIL.LCModel.DomainServices.DataStoreInitializationServicesTests.FixSegmentsForPara_OrcAtEndOfLabelPrecedesHardLineBreak" methodname="FixSegmentsForPara_OrcAtEndOfLabelPrecedesHardLineBreak" classname="SIL.LCModel.DomainServices.DataStoreInitializationServicesTests" runstate="Runnable" seed="865124882" result="Passed" start-time="2020-10-05 16:46:25Z" end-time="2020-10-05 16:46:25Z" duration="0.013083" asserts="56" />
            <test-case id="3-1436" name="FixSegmentsForPara_OrcAtEndOfLabelPrecedesSpaceAndHardLineBreak" fullname="SIL.LCModel.DomainServices.DataStoreInitializationServicesTests.FixSegmentsForPara_OrcAtEndOfLabelPrecedesSpaceAndHardLineBreak" methodname="FixSegmentsForPara_OrcAtEndOfLabelPrecedesSpaceAndHardLineBreak" classname="SIL.LCModel.DomainServices.DataStoreInitializationServicesTests" runstate="Runnable" seed="1297702670" result="Passed" start-time="2020-10-05 16:46:25Z" end-time="2020-10-05 16:46:25Z" duration="0.012027" asserts="56" />
            <test-case id="3-1434" name="FixSegmentsForPara_OrcAtStartOfLabelFollowsHardLineBreak" fullname="SIL.LCModel.DomainServices.DataStoreInitializationServicesTests.FixSegmentsForPara_OrcAtStartOfLabelFollowsHardLineBreak" methodname="FixSegmentsForPara_OrcAtStartOfLabelFollowsHardLineBreak" classname="SIL.LCModel.DomainServices.DataStoreInitializationServicesTests" runstate="Runnable" seed="1663190269" result="Passed" start-time="2020-10-05 16:46:25Z" end-time="2020-10-05 16:46:25Z" duration="0.011895" asserts="47" />
            <test-case id="3-1454" name="FixSegmentsForPara_OrcBeforeSpaceBeforeVerseNumber" fullname="SIL.LCModel.DomainServices.DataStoreInitializationServicesTests.FixSegmentsForPara_OrcBeforeSpaceBeforeVerseNumber" methodname="FixSegmentsForPara_OrcBeforeSpaceBeforeVerseNumber" classname="SIL.LCModel.DomainServices.DataStoreInitializationServicesTests" runstate="Runnable" seed="1432478121" result="Passed" start-time="2020-10-05 16:46:25Z" end-time="2020-10-05 16:46:25Z" duration="0.010839" asserts="46" />
            <test-case id="3-1457" name="FixSegmentsForPara_OrcBeforeVerseNumberAtStartOfPara" fullname="SIL.LCModel.DomainServices.DataStoreInitializationServicesTests.FixSegmentsForPara_OrcBeforeVerseNumberAtStartOfPara" methodname="FixSegmentsForPara_OrcBeforeVerseNumberAtStartOfPara" classname="SIL.LCModel.DomainServices.DataStoreInitializationServicesTests" runstate="Runnable" seed="1546114962" result="Passed" start-time="2020-10-05 16:46:25Z" end-time="2020-10-05 16:46:25Z" duration="0.008071" asserts="24" />
            <test-case id="3-1452" name="FixSegmentsForPara_OrcBetweenChapterAndVerseNumbers" fullname="SIL.LCModel.DomainServices.DataStoreInitializationServicesTests.FixSegmentsForPara_OrcBetweenChapterAndVerseNumbers" methodname="FixSegmentsForPara_OrcBetweenChapterAndVerseNumbers" classname="SIL.LCModel.DomainServices.DataStoreInitializationServicesTests" runstate="Runnable" seed="324813276" result="Passed" start-time="2020-10-05 16:46:25Z" end-time="2020-10-05 16:46:25Z" duration="0.011743" asserts="52" />
            <test-case id="3-1449" name="FixSegmentsForPara_OrcBetweenSentencesWithFullTrans" fullname="SIL.LCModel.DomainServices.DataStoreInitializationServicesTests.FixSegmentsForPara_OrcBetweenSentencesWithFullTrans" methodname="FixSegmentsForPara_OrcBetweenSentencesWithFullTrans" classname="SIL.LCModel.DomainServices.DataStoreInitializationServicesTests" runstate="Runnable" seed="761083389" result="Passed" start-time="2020-10-05 16:46:25Z" end-time="2020-10-05 16:46:25Z" duration="0.013440" asserts="53" />
            <test-case id="3-1466" name="FixSegmentsForPara_OrcBetweenSentencesWithNoSpace" fullname="SIL.LCModel.DomainServices.DataStoreInitializationServicesTests.FixSegmentsForPara_OrcBetweenSentencesWithNoSpace" methodname="FixSegmentsForPara_OrcBetweenSentencesWithNoSpace" classname="SIL.LCModel.DomainServices.DataStoreInitializationServicesTests" runstate="Runnable" seed="403692213" result="Passed" start-time="2020-10-05 16:46:25Z" end-time="2020-10-05 16:46:25Z" duration="0.009293" asserts="34" />
            <test-case id="3-1450" name="FixSegmentsForPara_OrcFollowingEOSAndQuoteMarks" fullname="SIL.LCModel.DomainServices.DataStoreInitializationServicesTests.FixSegmentsForPara_OrcFollowingEOSAndQuoteMarks" methodname="FixSegmentsForPara_OrcFollowingEOSAndQuoteMarks" classname="SIL.LCModel.DomainServices.DataStoreInitializationServicesTests" runstate="Runnable" seed="376680479" result="Passed" start-time="2020-10-05 16:46:25Z" end-time="2020-10-05 16:46:25Z" duration="0.006204" asserts="10" />
            <test-case id="3-1460" name="FixSegmentsForPara_OrcFollowingVerseNumberAtEndOfPara" fullname="SIL.LCModel.DomainServices.DataStoreInitializationServicesTests.FixSegmentsForPara_OrcFollowingVerseNumberAtEndOfPara" methodname="FixSegmentsForPara_OrcFollowingVerseNumberAtEndOfPara" classname="SIL.LCModel.DomainServices.DataStoreInitializationServicesTests" runstate="Runnable" seed="354322130" result="Passed" start-time="2020-10-05 16:46:25Z" end-time="2020-10-05 16:46:25Z" duration="0.009079" asserts="38" />
            <test-case id="3-1430" name="FixSegmentsForPara_OrcFollowsHardLineBreak" fullname="SIL.LCModel.DomainServices.DataStoreInitializationServicesTests.FixSegmentsForPara_OrcFollowsHardLineBreak" methodname="FixSegmentsForPara_OrcFollowsHardLineBreak" classname="SIL.LCModel.DomainServices.DataStoreInitializationServicesTests" runstate="Runnable" seed="116520803" result="Passed" start-time="2020-10-05 16:46:25Z" end-time="2020-10-05 16:46:25Z" duration="0.009738" asserts="33" />
            <test-case id="3-1433" name="FixSegmentsForPara_OrcFollowsHardLineBreakInMiddle" fullname="SIL.LCModel.DomainServices.DataStoreInitializationServicesTests.FixSegmentsForPara_OrcFollowsHardLineBreakInMiddle" methodname="FixSegmentsForPara_OrcFollowsHardLineBreakInMiddle" classname="SIL.LCModel.DomainServices.DataStoreInitializationServicesTests" runstate="Runnable" seed="2070316488" result="Passed" start-time="2020-10-05 16:46:25Z" end-time="2020-10-05 16:46:25Z" duration="0.009949" asserts="41" />
            <test-case id="3-1438" name="FixSegmentsForPara_OrcFollowsSpaceAndNonWordForming" fullname="SIL.LCModel.DomainServices.DataStoreInitializationServicesTests.FixSegmentsForPara_OrcFollowsSpaceAndNonWordForming" methodname="FixSegmentsForPara_OrcFollowsSpaceAndNonWordForming" classname="SIL.LCModel.DomainServices.DataStoreInitializationServicesTests" runstate="Runnable" seed="1415119163" result="Passed" start-time="2020-10-05 16:46:25Z" end-time="2020-10-05 16:46:25Z" duration="0.011657" asserts="40" />
            <test-case id="3-1444" name="FixSegmentsForPara_ORCInMiddleOfWord" fullname="SIL.LCModel.DomainServices.DataStoreInitializationServicesTests.FixSegmentsForPara_ORCInMiddleOfWord" methodname="FixSegmentsForPara_ORCInMiddleOfWord" classname="SIL.LCModel.DomainServices.DataStoreInitializationServicesTests" runstate="Runnable" seed="1103887471" result="Passed" start-time="2020-10-05 16:46:25Z" end-time="2020-10-05 16:46:25Z" duration="0.008418" asserts="37" />
            <test-case id="3-1445" name="FixSegmentsForPara_ORCInMiddleOfWord_FollowingFreeTransHasExtraLeadingSpace" fullname="SIL.LCModel.DomainServices.DataStoreInitializationServicesTests.FixSegmentsForPara_ORCInMiddleOfWord_FollowingFreeTransHasExtraLeadingSpace" methodname="FixSegmentsForPara_ORCInMiddleOfWord_FollowingFreeTransHasExtraLeadingSpace" classname="SIL.LCModel.DomainServices.DataStoreInitializationServicesTests" runstate="Runnable" seed="2111369646" result="Passed" start-time="2020-10-05 16:46:25Z" end-time="2020-10-05 16:46:25Z" duration="0.009947" asserts="37" />
            <test-case id="3-1443" name="FixSegmentsForPara_OrcOnly" fullname="SIL.LCModel.DomainServices.DataStoreInitializationServicesTests.FixSegmentsForPara_OrcOnly" methodname="FixSegmentsForPara_OrcOnly" classname="SIL.LCModel.DomainServices.DataStoreInitializationServicesTests" runstate="Runnable" seed="1285794491" result="Passed" start-time="2020-10-05 16:46:25Z" end-time="2020-10-05 16:46:25Z" duration="0.004343" asserts="6" />
            <test-case id="3-1431" name="FixSegmentsForPara_OrcPrecedesHardLineBreak" fullname="SIL.LCModel.DomainServices.DataStoreInitializationServicesTests.FixSegmentsForPara_OrcPrecedesHardLineBreak" methodname="FixSegmentsForPara_OrcPrecedesHardLineBreak" classname="SIL.LCModel.DomainServices.DataStoreInitializationServicesTests" runstate="Runnable" seed="99962086" result="Passed" start-time="2020-10-05 16:46:25Z" end-time="2020-10-05 16:46:25Z" duration="0.009735" asserts="33" />
            <test-case id="3-1432" name="FixSegmentsForPara_OrcPrecedesHardLineBreakInMiddle" fullname="SIL.LCModel.DomainServices.DataStoreInitializationServicesTests.FixSegmentsForPara_OrcPrecedesHardLineBreakInMiddle" methodname="FixSegmentsForPara_OrcPrecedesHardLineBreakInMiddle" classname="SIL.LCModel.DomainServices.DataStoreInitializationServicesTests" runstate="Runnable" seed="309169884" result="Passed" start-time="2020-10-05 16:46:25Z" end-time="2020-10-05 16:46:25Z" duration="0.009347" asserts="41" />
            <test-case id="3-1437" name="FixSegmentsForPara_OrcPrecedesNonWordForming" fullname="SIL.LCModel.DomainServices.DataStoreInitializationServicesTests.FixSegmentsForPara_OrcPrecedesNonWordForming" methodname="FixSegmentsForPara_OrcPrecedesNonWordForming" classname="SIL.LCModel.DomainServices.DataStoreInitializationServicesTests" runstate="Runnable" seed="1541225899" result="Passed" start-time="2020-10-05 16:46:25Z" end-time="2020-10-05 16:46:25Z" duration="0.011105" asserts="40" />
            <test-case id="3-1461" name="FixSegmentsForPara_OrcRightBeforeEndOfSentenceWithFullTrans" fullname="SIL.LCModel.DomainServices.DataStoreInitializationServicesTests.FixSegmentsForPara_OrcRightBeforeEndOfSentenceWithFullTrans" methodname="FixSegmentsForPara_OrcRightBeforeEndOfSentenceWithFullTrans" classname="SIL.LCModel.DomainServices.DataStoreInitializationServicesTests" runstate="Runnable" seed="1782959483" result="Passed" start-time="2020-10-05 16:46:25Z" end-time="2020-10-05 16:46:25Z" duration="0.009885" asserts="38" />
            <test-case id="3-1462" name="FixSegmentsForPara_OrcRightBeforePunctAtEndOfPara" fullname="SIL.LCModel.DomainServices.DataStoreInitializationServicesTests.FixSegmentsForPara_OrcRightBeforePunctAtEndOfPara" methodname="FixSegmentsForPara_OrcRightBeforePunctAtEndOfPara" classname="SIL.LCModel.DomainServices.DataStoreInitializationServicesTests" runstate="Runnable" seed="1371757549" result="Passed" start-time="2020-10-05 16:46:25Z" end-time="2020-10-05 16:46:25Z" duration="0.008483" asserts="23" />
            <test-case id="3-1448" name="FixSegmentsForPara_ORCsAtBeginningAndEndOfPara" fullname="SIL.LCModel.DomainServices.DataStoreInitializationServicesTests.FixSegmentsForPara_ORCsAtBeginningAndEndOfPara" methodname="FixSegmentsForPara_ORCsAtBeginningAndEndOfPara" classname="SIL.LCModel.DomainServices.DataStoreInitializationServicesTests" runstate="Runnable" seed="639094135" result="Passed" start-time="2020-10-05 16:46:25Z" end-time="2020-10-05 16:46:25Z" duration="0.010796" asserts="44" />
            <test-case id="3-1464" name="FixSegmentsForPara_OrcsBetweenSentencesWithSpaces" fullname="SIL.LCModel.DomainServices.DataStoreInitializationServicesTests.FixSegmentsForPara_OrcsBetweenSentencesWithSpaces" methodname="FixSegmentsForPara_OrcsBetweenSentencesWithSpaces" classname="SIL.LCModel.DomainServices.DataStoreInitializationServicesTests" runstate="Runnable" seed="580705880" result="Passed" start-time="2020-10-05 16:46:25Z" end-time="2020-10-05 16:46:25Z" duration="0.011196" asserts="38" />
            <test-case id="3-1455" name="FixSegmentsForPara_OrcsBetweenVerseNumbersWithSpaces" fullname="SIL.LCModel.DomainServices.DataStoreInitializationServicesTests.FixSegmentsForPara_OrcsBetweenVerseNumbersWithSpaces" methodname="FixSegmentsForPara_OrcsBetweenVerseNumbersWithSpaces" classname="SIL.LCModel.DomainServices.DataStoreInitializationServicesTests" runstate="Runnable" seed="747482459" result="Passed" start-time="2020-10-05 16:46:25Z" end-time="2020-10-05 16:46:25Z" duration="0.009065" asserts="36" />
            <test-case id="3-1429" name="FixSegmentsForPara_ORCsInMiddleOfParaWithFullTrans" fullname="SIL.LCModel.DomainServices.DataStoreInitializationServicesTests.FixSegmentsForPara_ORCsInMiddleOfParaWithFullTrans" methodname="FixSegmentsForPara_ORCsInMiddleOfParaWithFullTrans" classname="SIL.LCModel.DomainServices.DataStoreInitializationServicesTests" runstate="Runnable" seed="1027898604" result="Passed" start-time="2020-10-05 16:46:25Z" end-time="2020-10-05 16:46:25Z" duration="0.016851" asserts="58" />
            <test-case id="3-1465" name="FixSegmentsForPara_OrcSurroundedBySpaces" fullname="SIL.LCModel.DomainServices.DataStoreInitializationServicesTests.FixSegmentsForPara_OrcSurroundedBySpaces" methodname="FixSegmentsForPara_OrcSurroundedBySpaces" classname="SIL.LCModel.DomainServices.DataStoreInitializationServicesTests" runstate="Runnable" seed="1534780443" result="Passed" start-time="2020-10-05 16:46:25Z" end-time="2020-10-05 16:46:25Z" duration="0.010393" asserts="34" />
            <test-case id="3-1442" name="FixSegmentsForPara_PictureORC" fullname="SIL.LCModel.DomainServices.DataStoreInitializationServicesTests.FixSegmentsForPara_PictureORC" methodname="FixSegmentsForPara_PictureORC" classname="SIL.LCModel.DomainServices.DataStoreInitializationServicesTests" runstate="Runnable" seed="1474855973" result="Passed" start-time="2020-10-05 16:46:25Z" end-time="2020-10-05 16:46:25Z" duration="0.008671" asserts="37" />
            <test-case id="3-1420" name="FixSegmentsForScriptureParas_AlreadyRun" fullname="SIL.LCModel.DomainServices.DataStoreInitializationServicesTests.FixSegmentsForScriptureParas_AlreadyRun" methodname="FixSegmentsForScriptureParas_AlreadyRun" classname="SIL.LCModel.DomainServices.DataStoreInitializationServicesTests" runstate="Runnable" seed="641170899" result="Passed" start-time="2020-10-05 16:46:25Z" end-time="2020-10-05 16:46:25Z" duration="0.003354" asserts="1" />
            <test-case id="3-1422" name="FixSegmentsForScriptureParas_EmptyPara" fullname="SIL.LCModel.DomainServices.DataStoreInitializationServicesTests.FixSegmentsForScriptureParas_EmptyPara" methodname="FixSegmentsForScriptureParas_EmptyPara" classname="SIL.LCModel.DomainServices.DataStoreInitializationServicesTests" runstate="Runnable" seed="2137181724" result="Passed" start-time="2020-10-05 16:46:25Z" end-time="2020-10-05 16:46:25Z" duration="0.008695" asserts="2" />
            <test-case id="3-1426" name="FixSegmentsForScriptureParas_FirstSegmentWithOrcNotIsolated" fullname="SIL.LCModel.DomainServices.DataStoreInitializationServicesTests.FixSegmentsForScriptureParas_FirstSegmentWithOrcNotIsolated" methodname="FixSegmentsForScriptureParas_FirstSegmentWithOrcNotIsolated" classname="SIL.LCModel.DomainServices.DataStoreInitializationServicesTests" runstate="Runnable" seed="1374951347" result="Passed" start-time="2020-10-05 16:46:25Z" end-time="2020-10-05 16:46:25Z" duration="0.004419" asserts="7" />
            <test-case id="3-1425" name="FixSegmentsForScriptureParas_FixFourSegmentsWithOrcNotIsolated" fullname="SIL.LCModel.DomainServices.DataStoreInitializationServicesTests.FixSegmentsForScriptureParas_FixFourSegmentsWithOrcNotIsolated" methodname="FixSegmentsForScriptureParas_FixFourSegmentsWithOrcNotIsolated" classname="SIL.LCModel.DomainServices.DataStoreInitializationServicesTests" runstate="Runnable" seed="398101070" result="Passed" start-time="2020-10-05 16:46:25Z" end-time="2020-10-05 16:46:25Z" duration="0.005764" asserts="9" />
            <test-case id="3-1427" name="FixSegmentsForScriptureParas_LastSegmentWithOrcNotIsolated" fullname="SIL.LCModel.DomainServices.DataStoreInitializationServicesTests.FixSegmentsForScriptureParas_LastSegmentWithOrcNotIsolated" methodname="FixSegmentsForScriptureParas_LastSegmentWithOrcNotIsolated" classname="SIL.LCModel.DomainServices.DataStoreInitializationServicesTests" runstate="Runnable" seed="949780405" result="Passed" start-time="2020-10-05 16:46:25Z" end-time="2020-10-05 16:46:25Z" duration="0.004362" asserts="7" />
            <test-case id="3-1421" name="FixSegmentsForScriptureParas_NoOrcs" fullname="SIL.LCModel.DomainServices.DataStoreInitializationServicesTests.FixSegmentsForScriptureParas_NoOrcs" methodname="FixSegmentsForScriptureParas_NoOrcs" classname="SIL.LCModel.DomainServices.DataStoreInitializationServicesTests" runstate="Runnable" seed="930114503" result="Passed" start-time="2020-10-05 16:46:25Z" end-time="2020-10-05 16:46:25Z" duration="0.008139" asserts="2" />
            <test-case id="3-1419" name="FixSegmentsForScriptureParas_NoScripture" fullname="SIL.LCModel.DomainServices.DataStoreInitializationServicesTests.FixSegmentsForScriptureParas_NoScripture" methodname="FixSegmentsForScriptureParas_NoScripture" classname="SIL.LCModel.DomainServices.DataStoreInitializationServicesTests" runstate="Runnable" seed="852183387" result="Passed" start-time="2020-10-05 16:46:25Z" end-time="2020-10-05 16:46:25Z" duration="0.006349" asserts="1" />
            <test-case id="3-1428" name="FixSegmentsForScriptureParas_OrcPlusPunctuation" fullname="SIL.LCModel.DomainServices.DataStoreInitializationServicesTests.FixSegmentsForScriptureParas_OrcPlusPunctuation" methodname="FixSegmentsForScriptureParas_OrcPlusPunctuation" classname="SIL.LCModel.DomainServices.DataStoreInitializationServicesTests" runstate="Runnable" seed="260379593" result="Passed" start-time="2020-10-05 16:46:25Z" end-time="2020-10-05 16:46:25Z" duration="0.004547" asserts="9" />
            <test-case id="3-1424" name="FixSegmentsForScriptureParas_SplitSingleSegmentWithAnalyses" fullname="SIL.LCModel.DomainServices.DataStoreInitializationServicesTests.FixSegmentsForScriptureParas_SplitSingleSegmentWithAnalyses" methodname="FixSegmentsForScriptureParas_SplitSingleSegmentWithAnalyses" classname="SIL.LCModel.DomainServices.DataStoreInitializationServicesTests" runstate="Runnable" seed="661218084" result="Passed" start-time="2020-10-05 16:46:25Z" end-time="2020-10-05 16:46:25Z" duration="0.007367" asserts="21" />
            <test-case id="3-1423" name="FixSegmentsForScriptureParas_SplitSingleSegmentWithNoAnalyses" fullname="SIL.LCModel.DomainServices.DataStoreInitializationServicesTests.FixSegmentsForScriptureParas_SplitSingleSegmentWithNoAnalyses" methodname="FixSegmentsForScriptureParas_SplitSingleSegmentWithNoAnalyses" classname="SIL.LCModel.DomainServices.DataStoreInitializationServicesTests" runstate="Runnable" seed="903951246" result="Passed" start-time="2020-10-05 16:46:25Z" end-time="2020-10-05 16:46:25Z" duration="0.004586" asserts="5" />
            <test-case id="3-1408" name="ParaSegmentsValid_EmptyBaseline" fullname="SIL.LCModel.DomainServices.DataStoreInitializationServicesTests.ParaSegmentsValid_EmptyBaseline" methodname="ParaSegmentsValid_EmptyBaseline" classname="SIL.LCModel.DomainServices.DataStoreInitializationServicesTests" runstate="Runnable" seed="337904971" result="Passed" start-time="2020-10-05 16:46:25Z" end-time="2020-10-05 16:46:25Z" duration="0.003267" asserts="1" />
            <test-case id="3-1411" name="ParaSegmentsValid_NonEmptyCmTranslation_EmptySegmentTranslations" fullname="SIL.LCModel.DomainServices.DataStoreInitializationServicesTests.ParaSegmentsValid_NonEmptyCmTranslation_EmptySegmentTranslations" methodname="ParaSegmentsValid_NonEmptyCmTranslation_EmptySegmentTranslations" classname="SIL.LCModel.DomainServices.DataStoreInitializationServicesTests" runstate="Runnable" seed="358461183" result="Passed" start-time="2020-10-05 16:46:25Z" end-time="2020-10-05 16:46:25Z" duration="0.003612" asserts="1" />
            <test-case id="3-1412" name="ParaSegmentsValid_NonEmptyCmTranslation_OnlyLabelSegment" fullname="SIL.LCModel.DomainServices.DataStoreInitializationServicesTests.ParaSegmentsValid_NonEmptyCmTranslation_OnlyLabelSegment" methodname="ParaSegmentsValid_NonEmptyCmTranslation_OnlyLabelSegment" classname="SIL.LCModel.DomainServices.DataStoreInitializationServicesTests" runstate="Runnable" seed="1263389079" result="Passed" start-time="2020-10-05 16:46:25Z" end-time="2020-10-05 16:46:25Z" duration="0.002970" asserts="1" />
            <test-case id="3-1407" name="ParaSegmentsValid_OffsetsWrong" fullname="SIL.LCModel.DomainServices.DataStoreInitializationServicesTests.ParaSegmentsValid_OffsetsWrong" methodname="ParaSegmentsValid_OffsetsWrong" classname="SIL.LCModel.DomainServices.DataStoreInitializationServicesTests" runstate="Runnable" seed="916870509" result="Passed" start-time="2020-10-05 16:46:25Z" end-time="2020-10-05 16:46:25Z" duration="0.003168" asserts="1" />
            <test-case id="3-1409" name="ParaSegmentsValid_Overlapping" fullname="SIL.LCModel.DomainServices.DataStoreInitializationServicesTests.ParaSegmentsValid_Overlapping" methodname="ParaSegmentsValid_Overlapping" classname="SIL.LCModel.DomainServices.DataStoreInitializationServicesTests" runstate="Runnable" seed="1197876005" result="Passed" start-time="2020-10-05 16:46:25Z" end-time="2020-10-05 16:46:25Z" duration="0.004756" asserts="1" />
            <test-case id="3-1410" name="ParaSegmentsValid_OverlappingNonAdjacent" fullname="SIL.LCModel.DomainServices.DataStoreInitializationServicesTests.ParaSegmentsValid_OverlappingNonAdjacent" methodname="ParaSegmentsValid_OverlappingNonAdjacent" classname="SIL.LCModel.DomainServices.DataStoreInitializationServicesTests" runstate="Runnable" seed="1507880987" result="Passed" start-time="2020-10-05 16:46:25Z" end-time="2020-10-05 16:46:25Z" duration="0.002784" asserts="1" />
            <test-case id="3-1406" name="ParaSegmentsValid_TooFew" fullname="SIL.LCModel.DomainServices.DataStoreInitializationServicesTests.ParaSegmentsValid_TooFew" methodname="ParaSegmentsValid_TooFew" classname="SIL.LCModel.DomainServices.DataStoreInitializationServicesTests" runstate="Runnable" seed="396887687" result="Passed" start-time="2020-10-05 16:46:25Z" end-time="2020-10-05 16:46:25Z" duration="0.002486" asserts="1" />
            <test-case id="3-1404" name="ParaSegmentsValid_TooMany" fullname="SIL.LCModel.DomainServices.DataStoreInitializationServicesTests.ParaSegmentsValid_TooMany" methodname="ParaSegmentsValid_TooMany" classname="SIL.LCModel.DomainServices.DataStoreInitializationServicesTests" runstate="Runnable" seed="1961260720" result="Passed" start-time="2020-10-05 16:46:25Z" end-time="2020-10-05 16:46:25Z" duration="0.003187" asserts="1" />
            <test-case id="3-1405" name="ParaSegmentsValid_TooMany_LastIsEmpty" fullname="SIL.LCModel.DomainServices.DataStoreInitializationServicesTests.ParaSegmentsValid_TooMany_LastIsEmpty" methodname="ParaSegmentsValid_TooMany_LastIsEmpty" classname="SIL.LCModel.DomainServices.DataStoreInitializationServicesTests" runstate="Runnable" seed="1403295007" result="Passed" start-time="2020-10-05 16:46:25Z" end-time="2020-10-05 16:46:25Z" duration="0.002925" asserts="1" />
            <test-case id="3-1401" name="ParaSegmentsValid_Valid" fullname="SIL.LCModel.DomainServices.DataStoreInitializationServicesTests.ParaSegmentsValid_Valid" methodname="ParaSegmentsValid_Valid" classname="SIL.LCModel.DomainServices.DataStoreInitializationServicesTests" runstate="Runnable" seed="800767963" result="Passed" start-time="2020-10-05 16:46:25Z" end-time="2020-10-05 16:46:25Z" duration="0.004243" asserts="1" />
            <test-case id="3-1402" name="ParaSegmentsValid_ValidOrcSegmentsNoVerseNumbers" fullname="SIL.LCModel.DomainServices.DataStoreInitializationServicesTests.ParaSegmentsValid_ValidOrcSegmentsNoVerseNumbers" methodname="ParaSegmentsValid_ValidOrcSegmentsNoVerseNumbers" classname="SIL.LCModel.DomainServices.DataStoreInitializationServicesTests" runstate="Runnable" seed="1859483718" result="Passed" start-time="2020-10-05 16:46:25Z" end-time="2020-10-05 16:46:25Z" duration="0.005095" asserts="1" />
            <test-case id="3-1403" name="ParaSegmentsValid_ValidOrcSegmentsWithVerseNumbers" fullname="SIL.LCModel.DomainServices.DataStoreInitializationServicesTests.ParaSegmentsValid_ValidOrcSegmentsWithVerseNumbers" methodname="ParaSegmentsValid_ValidOrcSegmentsWithVerseNumbers" classname="SIL.LCModel.DomainServices.DataStoreInitializationServicesTests" runstate="Runnable" seed="252418159" result="Passed" start-time="2020-10-05 16:46:25Z" end-time="2020-10-05 16:46:25Z" duration="0.007467" asserts="1" />
          </test-suite>
          <test-suite type="TestFixture" id="3-1467" name="DuplicateAnalysisFixerTests" fullname="SIL.LCModel.DomainServices.DuplicateAnalysisFixerTests" classname="SIL.LCModel.DomainServices.DuplicateAnalysisFixerTests" runstate="Runnable" testcasecount="3" result="Passed" start-time="2020-10-05 16:46:25Z" end-time="2020-10-05 16:46:25Z" duration="0.081094" total="3" passed="3" failed="0" warnings="0" inconclusive="0" skipped="0" asserts="29">
            <test-case id="3-1470" name="ComplexMerge_SucceedsAndFixesRefs" fullname="SIL.LCModel.DomainServices.DuplicateAnalysisFixerTests.ComplexMerge_SucceedsAndFixesRefs" methodname="ComplexMerge_SucceedsAndFixesRefs" classname="SIL.LCModel.DomainServices.DuplicateAnalysisFixerTests" runstate="Runnable" seed="288749100" result="Passed" start-time="2020-10-05 16:46:25Z" end-time="2020-10-05 16:46:25Z" duration="0.008423" asserts="19" />
            <test-case id="3-1468" name="DifferentAnalyses_AreNotMerged" fullname="SIL.LCModel.DomainServices.DuplicateAnalysisFixerTests.DifferentAnalyses_AreNotMerged" methodname="DifferentAnalyses_AreNotMerged" classname="SIL.LCModel.DomainServices.DuplicateAnalysisFixerTests" runstate="Runnable" seed="1283730870" result="Passed" start-time="2020-10-05 16:46:25Z" end-time="2020-10-05 16:46:25Z" duration="0.002756" asserts="8" />
            <test-case id="3-1469" name="IdenticalTrivialAnalyses_AreMerged" fullname="SIL.LCModel.DomainServices.DuplicateAnalysisFixerTests.IdenticalTrivialAnalyses_AreMerged" methodname="IdenticalTrivialAnalyses_AreMerged" classname="SIL.LCModel.DomainServices.DuplicateAnalysisFixerTests" runstate="Runnable" seed="390161063" result="Passed" start-time="2020-10-05 16:46:25Z" end-time="2020-10-05 16:46:25Z" duration="0.000522" asserts="2" />
          </test-suite>
          <test-suite type="TestFixture" id="3-1471" name="DuplicateWordformFixerTests" fullname="SIL.LCModel.DomainServices.DuplicateWordformFixerTests" classname="SIL.LCModel.DomainServices.DuplicateWordformFixerTests" runstate="Runnable" testcasecount="9" result="Passed" start-time="2020-10-05 16:46:25Z" end-time="2020-10-05 16:46:25Z" duration="0.079968" total="9" passed="9" failed="0" warnings="0" inconclusive="0" skipped="0" asserts="40">
            <test-case id="3-1473" name="AnalysesPreserved" fullname="SIL.LCModel.DomainServices.DuplicateWordformFixerTests.AnalysesPreserved" methodname="AnalysesPreserved" classname="SIL.LCModel.DomainServices.DuplicateWordformFixerTests" runstate="Runnable" seed="236091871" result="Passed" start-time="2020-10-05 16:46:25Z" end-time="2020-10-05 16:46:25Z" duration="0.003009" asserts="5" />
            <test-case id="3-1478" name="ChecksumIsReset" fullname="SIL.LCModel.DomainServices.DuplicateWordformFixerTests.ChecksumIsReset" methodname="ChecksumIsReset" classname="SIL.LCModel.DomainServices.DuplicateWordformFixerTests" runstate="Runnable" seed="577832930" result="Passed" start-time="2020-10-05 16:46:25Z" end-time="2020-10-05 16:46:25Z" duration="0.000884" asserts="4" />
            <test-case id="3-1474" name="CopesWithNullVernacular" fullname="SIL.LCModel.DomainServices.DuplicateWordformFixerTests.CopesWithNullVernacular" methodname="CopesWithNullVernacular" classname="SIL.LCModel.DomainServices.DuplicateWordformFixerTests" runstate="Runnable" seed="662389713" result="Passed" start-time="2020-10-05 16:46:25Z" end-time="2020-10-05 16:46:25Z" duration="0.000691" asserts="3" />
            <test-case id="3-1479" name="ExtraWritingSystemsAreCopied" fullname="SIL.LCModel.DomainServices.DuplicateWordformFixerTests.ExtraWritingSystemsAreCopied" methodname="ExtraWritingSystemsAreCopied" classname="SIL.LCModel.DomainServices.DuplicateWordformFixerTests" runstate="Runnable" seed="704735607" result="Passed" start-time="2020-10-05 16:46:25Z" end-time="2020-10-05 16:46:25Z" duration="0.000926" asserts="4" />
            <test-case id="3-1480" name="InconsistentAlternativesPreventMergeAndAreReported" fullname="SIL.LCModel.DomainServices.DuplicateWordformFixerTests.InconsistentAlternativesPreventMergeAndAreReported" methodname="InconsistentAlternativesPreventMergeAndAreReported" classname="SIL.LCModel.DomainServices.DuplicateWordformFixerTests" runstate="Runnable" seed="401749159" result="Passed" start-time="2020-10-05 16:46:25Z" end-time="2020-10-05 16:46:25Z" duration="0.000886" asserts="2" />
            <test-case id="3-1475" name="ReferencesToDeletedWordformsShouldSwitch" fullname="SIL.LCModel.DomainServices.DuplicateWordformFixerTests.ReferencesToDeletedWordformsShouldSwitch" methodname="ReferencesToDeletedWordformsShouldSwitch" classname="SIL.LCModel.DomainServices.DuplicateWordformFixerTests" runstate="Runnable" seed="1813224620" result="Passed" start-time="2020-10-05 16:46:25Z" end-time="2020-10-05 16:46:25Z" duration="0.011483" asserts="12" />
            <test-case id="3-1476" name="SpellingCorrectWins" fullname="SIL.LCModel.DomainServices.DuplicateWordformFixerTests.SpellingCorrectWins" methodname="SpellingCorrectWins" classname="SIL.LCModel.DomainServices.DuplicateWordformFixerTests" runstate="Runnable" seed="1224272340" result="Passed" start-time="2020-10-05 16:46:25Z" end-time="2020-10-05 16:46:25Z" duration="0.001830" asserts="4" />
            <test-case id="3-1477" name="SpellingInCorrectBeatsUnknown" fullname="SIL.LCModel.DomainServices.DuplicateWordformFixerTests.SpellingInCorrectBeatsUnknown" methodname="SpellingInCorrectBeatsUnknown" classname="SIL.LCModel.DomainServices.DuplicateWordformFixerTests" runstate="Runnable" seed="2091291610" result="Passed" start-time="2020-10-05 16:46:25Z" end-time="2020-10-05 16:46:25Z" duration="0.000668" asserts="4" />
            <test-case id="3-1472" name="WordformsWithNothingSpecialMerged" fullname="SIL.LCModel.DomainServices.DuplicateWordformFixerTests.WordformsWithNothingSpecialMerged" methodname="WordformsWithNothingSpecialMerged" classname="SIL.LCModel.DomainServices.DuplicateWordformFixerTests" runstate="Runnable" seed="215220912" result="Passed" start-time="2020-10-05 16:46:25Z" end-time="2020-10-05 16:46:25Z" duration="0.000859" asserts="2" />
          </test-suite>
          <test-suite type="TestFixture" id="3-1493" name="InflectionalVariantTests" fullname="SIL.LCModel.DomainServices.InflectionalVariantTests" classname="SIL.LCModel.DomainServices.InflectionalVariantTests" runstate="Runnable" testcasecount="22" result="Skipped" label="Ignored" site="Child" start-time="2020-10-05 16:46:25Z" end-time="2020-10-05 16:46:26Z" duration="1.042714" total="22" passed="16" failed="0" warnings="0" inconclusive="0" skipped="6" asserts="42">
            <reason>
              <message><![CDATA[One or more child tests were ignored]]></message>
            </reason>
            <test-case id="3-1503" name="ExtractDivider_AtBeginning" fullname="SIL.LCModel.DomainServices.InflectionalVariantTests.ExtractDivider_AtBeginning" methodname="ExtractDivider_AtBeginning" classname="SIL.LCModel.DomainServices.InflectionalVariantTests" runstate="Runnable" seed="830690941" result="Passed" start-time="2020-10-05 16:46:25Z" end-time="2020-10-05 16:46:25Z" duration="0.067629" asserts="2" />
            <test-case id="3-1502" name="ExtractDivider_AtEnd" fullname="SIL.LCModel.DomainServices.InflectionalVariantTests.ExtractDivider_AtEnd" methodname="ExtractDivider_AtEnd" classname="SIL.LCModel.DomainServices.InflectionalVariantTests" runstate="Runnable" seed="1671828928" result="Passed" start-time="2020-10-05 16:46:25Z" end-time="2020-10-05 16:46:25Z" duration="0.063228" asserts="2" />
            <test-case id="3-1496" name="GetNewInflVariantTypesOfMainEntryVariants" fullname="SIL.LCModel.DomainServices.InflectionalVariantTests.GetNewInflVariantTypesOfMainEntryVariants" methodname="GetNewInflVariantTypesOfMainEntryVariants" classname="SIL.LCModel.DomainServices.InflectionalVariantTests" runstate="Runnable" seed="685661858" result="Passed" start-time="2020-10-05 16:46:25Z" end-time="2020-10-05 16:46:25Z" duration="0.067625" asserts="4" />
            <test-case id="3-1494" name="GetVariantRef" fullname="SIL.LCModel.DomainServices.InflectionalVariantTests.GetVariantRef" methodname="GetVariantRef" classname="SIL.LCModel.DomainServices.InflectionalVariantTests" runstate="Runnable" seed="1346635059" result="Passed" start-time="2020-10-05 16:46:25Z" end-time="2020-10-05 16:46:26Z" duration="0.059939" asserts="4" />
            <test-case id="3-1495" name="GetVariantRefs" fullname="SIL.LCModel.DomainServices.InflectionalVariantTests.GetVariantRefs" methodname="GetVariantRefs" classname="SIL.LCModel.DomainServices.InflectionalVariantTests" runstate="Runnable" seed="1607869962" result="Passed" start-time="2020-10-05 16:46:26Z" end-time="2020-10-05 16:46:26Z" duration="0.060392" asserts="5" />
            <test-case id="3-1498" name="GlossOfInflVariantOfEntry_DefaultToReverseAbbr" fullname="SIL.LCModel.DomainServices.InflectionalVariantTests.GlossOfInflVariantOfEntry_DefaultToReverseAbbr" methodname="GlossOfInflVariantOfEntry_DefaultToReverseAbbr" classname="SIL.LCModel.DomainServices.InflectionalVariantTests" runstate="Runnable" seed="1712219462" result="Passed" start-time="2020-10-05 16:46:26Z" end-time="2020-10-05 16:46:26Z" duration="0.072494" asserts="2" />
            <test-case id="3-1506" name="GlossOfInflVariantOfEntry_EmptyGlossAndVariantTypeHasEmptyReverseAbbr" fullname="SIL.LCModel.DomainServices.InflectionalVariantTests.GlossOfInflVariantOfEntry_EmptyGlossAndVariantTypeHasEmptyReverseAbbr" methodname="GlossOfInflVariantOfEntry_EmptyGlossAndVariantTypeHasEmptyReverseAbbr" classname="SIL.LCModel.DomainServices.InflectionalVariantTests" runstate="Runnable" seed="956981479" result="Passed" start-time="2020-10-05 16:46:26Z" end-time="2020-10-05 16:46:26Z" duration="0.057034" asserts="2" />
            <test-case id="3-1504" name="GlossOfInflVariantOfEntry_GlossAppend_SpecifiedDivider" fullname="SIL.LCModel.DomainServices.InflectionalVariantTests.GlossOfInflVariantOfEntry_GlossAppend_SpecifiedDivider" methodname="GlossOfInflVariantOfEntry_GlossAppend_SpecifiedDivider" classname="SIL.LCModel.DomainServices.InflectionalVariantTests" runstate="Runnable" seed="2122241505" result="Passed" start-time="2020-10-05 16:46:26Z" end-time="2020-10-05 16:46:26Z" duration="0.058545" asserts="2" />
            <test-case id="3-1501" name="GlossOfInflVariantOfEntry_GlossAppend_UnSpecifiedDivider" fullname="SIL.LCModel.DomainServices.InflectionalVariantTests.GlossOfInflVariantOfEntry_GlossAppend_UnSpecifiedDivider" methodname="GlossOfInflVariantOfEntry_GlossAppend_UnSpecifiedDivider" classname="SIL.LCModel.DomainServices.InflectionalVariantTests" runstate="Runnable" seed="2019260831" result="Passed" start-time="2020-10-05 16:46:26Z" end-time="2020-10-05 16:46:26Z" duration="0.057991" asserts="2" />
            <test-case id="3-1500" name="GlossOfInflVariantOfEntry_GlossPrepend_SpecifiedDivider" fullname="SIL.LCModel.DomainServices.InflectionalVariantTests.GlossOfInflVariantOfEntry_GlossPrepend_SpecifiedDivider" methodname="GlossOfInflVariantOfEntry_GlossPrepend_SpecifiedDivider" classname="SIL.LCModel.DomainServices.InflectionalVariantTests" runstate="Runnable" seed="1264984249" result="Passed" start-time="2020-10-05 16:46:26Z" end-time="2020-10-05 16:46:26Z" duration="0.056669" asserts="2" />
            <test-case id="3-1499" name="GlossOfInflVariantOfEntry_GlossPrepend_UnSpecifiedDivider" fullname="SIL.LCModel.DomainServices.InflectionalVariantTests.GlossOfInflVariantOfEntry_GlossPrepend_UnSpecifiedDivider" methodname="GlossOfInflVariantOfEntry_GlossPrepend_UnSpecifiedDivider" classname="SIL.LCModel.DomainServices.InflectionalVariantTests" runstate="Runnable" seed="2041163614" result="Passed" start-time="2020-10-05 16:46:26Z" end-time="2020-10-05 16:46:26Z" duration="0.056970" asserts="2" />
            <test-case id="3-1513" name="GlossOfInflVariantOfEntry_MultipleLexemeComponents" fullname="SIL.LCModel.DomainServices.InflectionalVariantTests.GlossOfInflVariantOfEntry_MultipleLexemeComponents" methodname="GlossOfInflVariantOfEntry_MultipleLexemeComponents" classname="SIL.LCModel.DomainServices.InflectionalVariantTests" runstate="Ignored" seed="68619877" result="Skipped" label="Ignored" start-time="2020-10-05 16:46:26Z" end-time="2020-10-05 16:46:26Z" duration="0.000005" asserts="0">
              <properties>
                <property name="_SKIPREASON" value="pick the first lexeme component? Currently we skip these." />
              </properties>
              <reason>
                <message><![CDATA[pick the first lexeme component? Currently we skip these.]]></message>
              </reason>
            </test-case>
            <test-case id="3-1509" name="GlossOfInflVariantOfEntry_MultipleVariantTypesPerEntryRef_GlossAppend" fullname="SIL.LCModel.DomainServices.InflectionalVariantTests.GlossOfInflVariantOfEntry_MultipleVariantTypesPerEntryRef_GlossAppend" methodname="GlossOfInflVariantOfEntry_MultipleVariantTypesPerEntryRef_GlossAppend" classname="SIL.LCModel.DomainServices.InflectionalVariantTests" runstate="Runnable" seed="833807738" result="Passed" start-time="2020-10-05 16:46:26Z" end-time="2020-10-05 16:46:26Z" duration="0.059952" asserts="2" />
            <test-case id="3-1510" name="GlossOfInflVariantOfEntry_MultipleVariantTypesPerEntryRef_GlossPrepend" fullname="SIL.LCModel.DomainServices.InflectionalVariantTests.GlossOfInflVariantOfEntry_MultipleVariantTypesPerEntryRef_GlossPrepend" methodname="GlossOfInflVariantOfEntry_MultipleVariantTypesPerEntryRef_GlossPrepend" classname="SIL.LCModel.DomainServices.InflectionalVariantTests" runstate="Runnable" seed="1995377463" result="Passed" start-time="2020-10-05 16:46:26Z" end-time="2020-10-05 16:46:26Z" duration="0.064445" asserts="2" />
            <test-case id="3-1511" name="GlossOfInflVariantOfEntry_MultipleVariantTypesPerEntryRef_MixGlossPrependAppend" fullname="SIL.LCModel.DomainServices.InflectionalVariantTests.GlossOfInflVariantOfEntry_MultipleVariantTypesPerEntryRef_MixGlossPrependAppend" methodname="GlossOfInflVariantOfEntry_MultipleVariantTypesPerEntryRef_MixGlossPrependAppend" classname="SIL.LCModel.DomainServices.InflectionalVariantTests" runstate="Runnable" seed="1151821129" result="Passed" start-time="2020-10-05 16:46:26Z" end-time="2020-10-05 16:46:26Z" duration="0.065048" asserts="2" />
            <test-case id="3-1514" name="GlossOfInflVariantOfEntry_NoLexemeComponents" fullname="SIL.LCModel.DomainServices.InflectionalVariantTests.GlossOfInflVariantOfEntry_NoLexemeComponents" methodname="GlossOfInflVariantOfEntry_NoLexemeComponents" classname="SIL.LCModel.DomainServices.InflectionalVariantTests" runstate="Ignored" seed="2024447153" result="Skipped" label="Ignored" start-time="2020-10-05 16:46:26Z" end-time="2020-10-05 16:46:26Z" duration="0.000005" asserts="0">
              <properties>
                <property name="_SKIPREASON" value="pick the first lexeme component? Currently we skip these." />
              </properties>
              <reason>
                <message><![CDATA[pick the first lexeme component? Currently we skip these.]]></message>
              </reason>
            </test-case>
            <test-case id="3-1505" name="GlossOfInflVariantOfEntry_SenseHasEmptyGloss" fullname="SIL.LCModel.DomainServices.InflectionalVariantTests.GlossOfInflVariantOfEntry_SenseHasEmptyGloss" methodname="GlossOfInflVariantOfEntry_SenseHasEmptyGloss" classname="SIL.LCModel.DomainServices.InflectionalVariantTests" runstate="Runnable" seed="792003432" result="Passed" start-time="2020-10-05 16:46:26Z" end-time="2020-10-05 16:46:26Z" duration="0.058746" asserts="2" />
            <test-case id="3-1512" name="GlossOfInflVariantOfEntry_UseGlossOfVariant" fullname="SIL.LCModel.DomainServices.InflectionalVariantTests.GlossOfInflVariantOfEntry_UseGlossOfVariant" methodname="GlossOfInflVariantOfEntry_UseGlossOfVariant" classname="SIL.LCModel.DomainServices.InflectionalVariantTests" runstate="Ignored" seed="51904807" result="Skipped" label="Ignored" start-time="2020-10-05 16:46:26Z" end-time="2020-10-05 16:46:26Z" duration="0.000006" asserts="0">
              <properties>
                <property name="_SKIPREASON" value="find the first available gloss." />
              </properties>
              <reason>
                <message><![CDATA[find the first available gloss.]]></message>
              </reason>
            </test-case>
            <test-case id="3-1507" name="GlossOfInflVariantOfVariant_FindFirstGloss" fullname="SIL.LCModel.DomainServices.InflectionalVariantTests.GlossOfInflVariantOfVariant_FindFirstGloss" methodname="GlossOfInflVariantOfVariant_FindFirstGloss" classname="SIL.LCModel.DomainServices.InflectionalVariantTests" runstate="Ignored" seed="1263117370" result="Skipped" label="Ignored" start-time="2020-10-05 16:46:26Z" end-time="2020-10-05 16:46:26Z" duration="0.000002" asserts="0">
              <properties>
                <property name="_SKIPREASON" value="find the first available gloss." />
              </properties>
              <reason>
                <message><![CDATA[find the first available gloss.]]></message>
              </reason>
            </test-case>
            <test-case id="3-1508" name="GlossOfInflVariantOfVariant_MissingSense" fullname="SIL.LCModel.DomainServices.InflectionalVariantTests.GlossOfInflVariantOfVariant_MissingSense" methodname="GlossOfInflVariantOfVariant_MissingSense" classname="SIL.LCModel.DomainServices.InflectionalVariantTests" runstate="Ignored" seed="795442434" result="Skipped" label="Ignored" start-time="2020-10-05 16:46:26Z" end-time="2020-10-05 16:46:26Z" duration="0.000002" asserts="0">
              <properties>
                <property name="_SKIPREASON" value="find the first available gloss." />
              </properties>
              <reason>
                <message><![CDATA[find the first available gloss.]]></message>
              </reason>
            </test-case>
            <test-case id="3-1497" name="GlossOfNonInflVariantOfSense_SingleType" fullname="SIL.LCModel.DomainServices.InflectionalVariantTests.GlossOfNonInflVariantOfSense_SingleType" methodname="GlossOfNonInflVariantOfSense_SingleType" classname="SIL.LCModel.DomainServices.InflectionalVariantTests" runstate="Runnable" seed="475248719" result="Passed" start-time="2020-10-05 16:46:26Z" end-time="2020-10-05 16:46:26Z" duration="0.059420" asserts="5" />
            <test-case id="3-1515" name="GlossOfVariantOfEntry_MissingVariantType" fullname="SIL.LCModel.DomainServices.InflectionalVariantTests.GlossOfVariantOfEntry_MissingVariantType" methodname="GlossOfVariantOfEntry_MissingVariantType" classname="SIL.LCModel.DomainServices.InflectionalVariantTests" runstate="Ignored" seed="445943783" result="Skipped" label="Ignored" start-time="2020-10-05 16:46:26Z" end-time="2020-10-05 16:46:26Z" duration="0.000005" asserts="0">
              <properties>
                <property name="_SKIPREASON" value="consider deleting this test. Probably don't need to support just a gloss with this interface." />
              </properties>
              <reason>
                <message><![CDATA[consider deleting this test. Probably don't need to support just a gloss with this interface.]]></message>
              </reason>
            </test-case>
          </test-suite>
          <test-suite type="TestFixture" id="3-1481" name="LcmStyleSheetTests" fullname="SIL.LCModel.DomainServices.LcmStyleSheetTests" classname="SIL.LCModel.DomainServices.LcmStyleSheetTests" runstate="Runnable" testcasecount="4" result="Passed" start-time="2020-10-05 16:46:26Z" end-time="2020-10-05 16:46:26Z" duration="0.075398" total="4" passed="4" failed="0" warnings="0" inconclusive="0" skipped="0" asserts="14">
            <test-case id="3-1483" name="AddDeleteStyle" fullname="SIL.LCModel.DomainServices.LcmStyleSheetTests.AddDeleteStyle" methodname="AddDeleteStyle" classname="SIL.LCModel.DomainServices.LcmStyleSheetTests" runstate="Runnable" seed="1073603727" result="Passed" start-time="2020-10-05 16:46:26Z" end-time="2020-10-05 16:46:26Z" duration="0.004766" asserts="5" />
            <test-case id="3-1484" name="DeleteBuiltInStyle" fullname="SIL.LCModel.DomainServices.LcmStyleSheetTests.DeleteBuiltInStyle" methodname="DeleteBuiltInStyle" classname="SIL.LCModel.DomainServices.LcmStyleSheetTests" runstate="Runnable" seed="203215919" result="Passed" start-time="2020-10-05 16:46:26Z" end-time="2020-10-05 16:46:26Z" duration="0.001305" asserts="2" />
            <test-case id="3-1482" name="LoadStyles_LoadedStylesHaveBasedOnMemberSet" fullname="SIL.LCModel.DomainServices.LcmStyleSheetTests.LoadStyles_LoadedStylesHaveBasedOnMemberSet" methodname="LoadStyles_LoadedStylesHaveBasedOnMemberSet" classname="SIL.LCModel.DomainServices.LcmStyleSheetTests" runstate="Runnable" seed="1267794318" result="Passed" start-time="2020-10-05 16:46:26Z" end-time="2020-10-05 16:46:26Z" duration="0.003609" asserts="3" />
            <test-case id="3-1485" name="StyleCollectionWorksWithUpperAscii" fullname="SIL.LCModel.DomainServices.LcmStyleSheetTests.StyleCollectionWorksWithUpperAscii" methodname="StyleCollectionWorksWithUpperAscii" classname="SIL.LCModel.DomainServices.LcmStyleSheetTests" runstate="Runnable" seed="740601376" result="Passed" start-time="2020-10-05 16:46:26Z" end-time="2020-10-05 16:46:26Z" duration="0.001969" asserts="4" />
          </test-suite>
          <test-suite type="TestFixture" id="3-1486" name="MatchingMorphsLogicTests" fullname="SIL.LCModel.DomainServices.MatchingMorphsLogicTests" classname="SIL.LCModel.DomainServices.MatchingMorphsLogicTests" runstate="Runnable" testcasecount="6" result="Passed" start-time="2020-10-05 16:46:26Z" end-time="2020-10-05 16:46:26Z" duration="0.065285" total="6" passed="6" failed="0" warnings="0" inconclusive="0" skipped="0" asserts="35">
            <test-case id="3-1492" name="MatchingMorphs_Enclitic" fullname="SIL.LCModel.DomainServices.MatchingMorphsLogicTests.MatchingMorphs_Enclitic" methodname="MatchingMorphs_Enclitic" classname="SIL.LCModel.DomainServices.MatchingMorphsLogicTests" runstate="Runnable" seed="899221849" result="Passed" start-time="2020-10-05 16:46:26Z" end-time="2020-10-05 16:46:26Z" duration="0.002050" asserts="7" />
            <test-case id="3-1489" name="MatchingMorphs_Prefixes" fullname="SIL.LCModel.DomainServices.MatchingMorphsLogicTests.MatchingMorphs_Prefixes" methodname="MatchingMorphs_Prefixes" classname="SIL.LCModel.DomainServices.MatchingMorphsLogicTests" runstate="Runnable" seed="962409386" result="Passed" start-time="2020-10-05 16:46:26Z" end-time="2020-10-05 16:46:26Z" duration="0.000462" asserts="5" />
            <test-case id="3-1491" name="MatchingMorphs_Proclitic" fullname="SIL.LCModel.DomainServices.MatchingMorphsLogicTests.MatchingMorphs_Proclitic" methodname="MatchingMorphs_Proclitic" classname="SIL.LCModel.DomainServices.MatchingMorphsLogicTests" runstate="Runnable" seed="893199659" result="Passed" start-time="2020-10-05 16:46:26Z" end-time="2020-10-05 16:46:26Z" duration="0.000434" asserts="7" />
            <test-case id="3-1488" name="MatchingMorphs_StemAllomorphs" fullname="SIL.LCModel.DomainServices.MatchingMorphsLogicTests.MatchingMorphs_StemAllomorphs" methodname="MatchingMorphs_StemAllomorphs" classname="SIL.LCModel.DomainServices.MatchingMorphsLogicTests" runstate="Runnable" seed="2035040603" result="Passed" start-time="2020-10-05 16:46:26Z" end-time="2020-10-05 16:46:26Z" duration="0.000492" asserts="5" />
            <test-case id="3-1487" name="MatchingMorphs_Stems" fullname="SIL.LCModel.DomainServices.MatchingMorphsLogicTests.MatchingMorphs_Stems" methodname="MatchingMorphs_Stems" classname="SIL.LCModel.DomainServices.MatchingMorphsLogicTests" runstate="Runnable" seed="826237460" result="Passed" start-time="2020-10-05 16:46:26Z" end-time="2020-10-05 16:46:26Z" duration="0.000558" asserts="6" />
            <test-case id="3-1490" name="MatchingMorphs_Suffixes" fullname="SIL.LCModel.DomainServices.MatchingMorphsLogicTests.MatchingMorphs_Suffixes" methodname="MatchingMorphs_Suffixes" classname="SIL.LCModel.DomainServices.MatchingMorphsLogicTests" runstate="Runnable" seed="774812658" result="Passed" start-time="2020-10-05 16:46:26Z" end-time="2020-10-05 16:46:26Z" duration="0.000555" asserts="5" />
          </test-suite>
          <test-suite type="TestFixture" id="3-1519" name="ParagraphParserTests" fullname="SIL.LCModel.DomainServices.ParagraphParserTests" classname="SIL.LCModel.DomainServices.ParagraphParserTests" runstate="Runnable" testcasecount="25" result="Skipped" label="Ignored" site="Child" start-time="2020-10-05 16:46:26Z" end-time="2020-10-05 16:46:27Z" duration="0.156373" total="25" passed="24" failed="0" warnings="0" inconclusive="0" skipped="1" asserts="1439">
            <reason>
              <message><![CDATA[One or more child tests were ignored]]></message>
            </reason>
            <test-case id="3-1520" name="AnalysisReference" fullname="SIL.LCModel.DomainServices.ParagraphParserTests.AnalysisReference" methodname="AnalysisReference" classname="SIL.LCModel.DomainServices.ParagraphParserTests" runstate="Runnable" seed="1983527404" result="Passed" start-time="2020-10-05 16:46:26Z" end-time="2020-10-05 16:46:26Z" duration="0.005383" asserts="5" />
            <test-case id="3-1521" name="BuildTextFromAnnotations" fullname="SIL.LCModel.DomainServices.ParagraphParserTests.BuildTextFromAnnotations" methodname="BuildTextFromAnnotations" classname="SIL.LCModel.DomainServices.ParagraphParserTests" runstate="Runnable" seed="381033403" result="Passed" start-time="2020-10-05 16:46:26Z" end-time="2020-10-05 16:46:26Z" duration="0.000726" asserts="11" />
            <test-case id="3-1545" name="CheckValidGuessesAfterInsertNewWord_LT8467" fullname="SIL.LCModel.DomainServices.ParagraphParserTests.CheckValidGuessesAfterInsertNewWord_LT8467" methodname="CheckValidGuessesAfterInsertNewWord_LT8467" classname="SIL.LCModel.DomainServices.ParagraphParserTests" runstate="Runnable" seed="1798972162" result="Passed" start-time="2020-10-05 16:46:26Z" end-time="2020-10-05 16:46:26Z" duration="0.008053" asserts="11" />
            <test-case id="3-1538" name="FindExampleSentences" fullname="SIL.LCModel.DomainServices.ParagraphParserTests.FindExampleSentences" methodname="FindExampleSentences" classname="SIL.LCModel.DomainServices.ParagraphParserTests" runstate="Runnable" seed="1470838996" result="Passed" start-time="2020-10-05 16:46:26Z" end-time="2020-10-05 16:46:26Z" duration="0.007260" asserts="21" />
            <test-case id="3-1534" name="LT7974_Phrase_MakeAndBreak" fullname="SIL.LCModel.DomainServices.ParagraphParserTests.LT7974_Phrase_MakeAndBreak" methodname="LT7974_Phrase_MakeAndBreak" classname="SIL.LCModel.DomainServices.ParagraphParserTests" runstate="Runnable" seed="2131702964" result="Passed" start-time="2020-10-05 16:46:26Z" end-time="2020-10-05 16:46:26Z" duration="0.018072" asserts="272" />
            <test-suite type="ParameterizedMethod" id="3-1527" name="NoAnalyses_NoEdits" fullname="SIL.LCModel.DomainServices.ParagraphParserTests.NoAnalyses_NoEdits" classname="SIL.LCModel.DomainServices.ParagraphParserTests" runstate="Runnable" testcasecount="5" result="Passed" start-time="2020-10-05 16:46:26Z" end-time="2020-10-05 16:46:26Z" duration="0.007225" total="5" passed="5" failed="0" warnings="0" inconclusive="0" skipped="0" asserts="135">
              <test-case id="3-1522" name="NoAnalyses_NoEdits(EmptyParagraph)" fullname="SIL.LCModel.DomainServices.ParagraphParserTests.NoAnalyses_NoEdits(EmptyParagraph)" methodname="NoAnalyses_NoEdits" classname="SIL.LCModel.DomainServices.ParagraphParserTests" runstate="Runnable" seed="578505453" result="Passed" start-time="2020-10-05 16:46:26Z" end-time="2020-10-05 16:46:26Z" duration="0.000882" asserts="1" />
              <test-case id="3-1523" name="NoAnalyses_NoEdits(SimpleSegmentPara)" fullname="SIL.LCModel.DomainServices.ParagraphParserTests.NoAnalyses_NoEdits(SimpleSegmentPara)" methodname="NoAnalyses_NoEdits" classname="SIL.LCModel.DomainServices.ParagraphParserTests" runstate="Runnable" seed="610503784" result="Passed" start-time="2020-10-05 16:46:26Z" end-time="2020-10-05 16:46:26Z" duration="0.001260" asserts="29" />
              <test-case id="3-1524" name="NoAnalyses_NoEdits(ComplexPunctuations)" fullname="SIL.LCModel.DomainServices.ParagraphParserTests.NoAnalyses_NoEdits(ComplexPunctuations)" methodname="NoAnalyses_NoEdits" classname="SIL.LCModel.DomainServices.ParagraphParserTests" runstate="Runnable" seed="233944226" result="Passed" start-time="2020-10-05 16:46:26Z" end-time="2020-10-05 16:46:26Z" duration="0.002440" asserts="39" />
              <test-case id="3-1525" name="NoAnalyses_NoEdits(MixedCases)" fullname="SIL.LCModel.DomainServices.ParagraphParserTests.NoAnalyses_NoEdits(MixedCases)" methodname="NoAnalyses_NoEdits" classname="SIL.LCModel.DomainServices.ParagraphParserTests" runstate="Runnable" seed="764651473" result="Passed" start-time="2020-10-05 16:46:26Z" end-time="2020-10-05 16:46:26Z" duration="0.001162" asserts="29" />
              <test-case id="3-1526" name="NoAnalyses_NoEdits(MultipleWritingSystems)" fullname="SIL.LCModel.DomainServices.ParagraphParserTests.NoAnalyses_NoEdits(MultipleWritingSystems)" methodname="NoAnalyses_NoEdits" classname="SIL.LCModel.DomainServices.ParagraphParserTests" runstate="Runnable" seed="1887565005" result="Passed" start-time="2020-10-05 16:46:26Z" end-time="2020-10-05 16:46:26Z" duration="0.001328" asserts="37" />
            </test-suite>
            <test-case id="3-1528" name="NoAnalyses_NoEdits_ComplexWordformsParagraph" fullname="SIL.LCModel.DomainServices.ParagraphParserTests.NoAnalyses_NoEdits_ComplexWordformsParagraph" methodname="NoAnalyses_NoEdits_ComplexWordformsParagraph" classname="SIL.LCModel.DomainServices.ParagraphParserTests" runstate="Runnable" seed="68183708" result="Passed" start-time="2020-10-05 16:46:26Z" end-time="2020-10-05 16:46:26Z" duration="0.005153" asserts="29" />
            <test-case id="3-1530" name="NoAnalyses_NoEdits_MultipleWritingSystemsParagraph_LT5379" fullname="SIL.LCModel.DomainServices.ParagraphParserTests.NoAnalyses_NoEdits_MultipleWritingSystemsParagraph_LT5379" methodname="NoAnalyses_NoEdits_MultipleWritingSystemsParagraph_LT5379" classname="SIL.LCModel.DomainServices.ParagraphParserTests" runstate="Runnable" seed="932455472" result="Passed" start-time="2020-10-05 16:46:26Z" end-time="2020-10-05 16:46:26Z" duration="0.001452" asserts="37" />
            <test-case id="3-1529" name="NoAnalyses_NoEdits_PhraseWordforms" fullname="SIL.LCModel.DomainServices.ParagraphParserTests.NoAnalyses_NoEdits_PhraseWordforms" methodname="NoAnalyses_NoEdits_PhraseWordforms" classname="SIL.LCModel.DomainServices.ParagraphParserTests" runstate="Runnable" seed="1602571615" result="Passed" start-time="2020-10-05 16:46:26Z" end-time="2020-10-05 16:46:26Z" duration="0.001718" asserts="35" />
            <test-case id="3-1531" name="NoAnalyses_SimpleEdits_MultipleWritingSystemsParagraph" fullname="SIL.LCModel.DomainServices.ParagraphParserTests.NoAnalyses_SimpleEdits_MultipleWritingSystemsParagraph" methodname="NoAnalyses_SimpleEdits_MultipleWritingSystemsParagraph" classname="SIL.LCModel.DomainServices.ParagraphParserTests" runstate="Runnable" seed="2067926044" result="Passed" start-time="2020-10-05 16:46:26Z" end-time="2020-10-05 16:46:26Z" duration="0.007276" asserts="110" />
            <test-case id="3-1533" name="Phrase_Make" fullname="SIL.LCModel.DomainServices.ParagraphParserTests.Phrase_Make" methodname="Phrase_Make" classname="SIL.LCModel.DomainServices.ParagraphParserTests" runstate="Runnable" seed="1928200625" result="Passed" start-time="2020-10-05 16:46:26Z" end-time="2020-10-05 16:46:26Z" duration="0.001562" asserts="34" />
            <test-case id="3-1535" name="Phrase_MakeAndBreak" fullname="SIL.LCModel.DomainServices.ParagraphParserTests.Phrase_MakeAndBreak" methodname="Phrase_MakeAndBreak" classname="SIL.LCModel.DomainServices.ParagraphParserTests" runstate="Runnable" seed="1973738644" result="Passed" start-time="2020-10-05 16:46:26Z" end-time="2020-10-05 16:46:27Z" duration="0.009017" asserts="370" />
            <test-case id="3-1536" name="Phrase_SimpleEdits_LT6244" fullname="SIL.LCModel.DomainServices.ParagraphParserTests.Phrase_SimpleEdits_LT6244" methodname="Phrase_SimpleEdits_LT6244" classname="SIL.LCModel.DomainServices.ParagraphParserTests" runstate="Runnable" seed="1991462242" result="Passed" start-time="2020-10-05 16:46:27Z" end-time="2020-10-05 16:46:27Z" duration="0.003183" asserts="73" />
            <test-case id="3-1544" name="SegmentInitialUppercaseWordMatchesLowercaseWordform" fullname="SIL.LCModel.DomainServices.ParagraphParserTests.SegmentInitialUppercaseWordMatchesLowercaseWordform" methodname="SegmentInitialUppercaseWordMatchesLowercaseWordform" classname="SIL.LCModel.DomainServices.ParagraphParserTests" runstate="Runnable" seed="1430952318" result="Passed" start-time="2020-10-05 16:46:27Z" end-time="2020-10-05 16:46:27Z" duration="0.001812" asserts="4" />
            <test-case id="3-1532" name="SimpleAnalyses_SimpleEdits_MultipleWritingSystemsParagraph_LT10147" fullname="SIL.LCModel.DomainServices.ParagraphParserTests.SimpleAnalyses_SimpleEdits_MultipleWritingSystemsParagraph_LT10147" methodname="SimpleAnalyses_SimpleEdits_MultipleWritingSystemsParagraph_LT10147" classname="SIL.LCModel.DomainServices.ParagraphParserTests" runstate="Ignored" seed="258713152" result="Skipped" label="Ignored" start-time="2020-10-05 16:46:27Z" end-time="2020-10-05 16:46:27Z" duration="0.000004" asserts="0">
              <properties>
                <property name="_SKIPREASON" value="LT-10147: Need to do this when we get more serious about merging wordform information." />
              </properties>
              <reason>
                <message><![CDATA[LT-10147: Need to do this when we get more serious about merging wordform information.]]></message>
              </reason>
            </test-case>
            <test-case id="3-1542" name="SparseAnalyses_NoEdits_MixedCaseWordformsParagraph" fullname="SIL.LCModel.DomainServices.ParagraphParserTests.SparseAnalyses_NoEdits_MixedCaseWordformsParagraph" methodname="SparseAnalyses_NoEdits_MixedCaseWordformsParagraph" classname="SIL.LCModel.DomainServices.ParagraphParserTests" runstate="Runnable" seed="1118678776" result="Passed" start-time="2020-10-05 16:46:27Z" end-time="2020-10-05 16:46:27Z" duration="0.001763" asserts="29" />
            <test-case id="3-1543" name="SparseAnalyses_NoEdits_SimpleSegmentParagraph" fullname="SIL.LCModel.DomainServices.ParagraphParserTests.SparseAnalyses_NoEdits_SimpleSegmentParagraph" methodname="SparseAnalyses_NoEdits_SimpleSegmentParagraph" classname="SIL.LCModel.DomainServices.ParagraphParserTests" runstate="Runnable" seed="1932021002" result="Passed" start-time="2020-10-05 16:46:27Z" end-time="2020-10-05 16:46:27Z" duration="0.001345" asserts="29" />
            <test-case id="3-1539" name="SparseAnalyses_SimpleEdits_SimpleSegmentParagraph_DuplicateWordforms" fullname="SIL.LCModel.DomainServices.ParagraphParserTests.SparseAnalyses_SimpleEdits_SimpleSegmentParagraph_DuplicateWordforms" methodname="SparseAnalyses_SimpleEdits_SimpleSegmentParagraph_DuplicateWordforms" classname="SIL.LCModel.DomainServices.ParagraphParserTests" runstate="Runnable" seed="979919669" result="Passed" start-time="2020-10-05 16:46:27Z" end-time="2020-10-05 16:46:27Z" duration="0.003481" asserts="83" />
            <test-case id="3-1541" name="SparseAnalyses_SimpleEdits_SimpleSegmentParagraph_DuplicateWordforms_AddWhitespace_LT5313" fullname="SIL.LCModel.DomainServices.ParagraphParserTests.SparseAnalyses_SimpleEdits_SimpleSegmentParagraph_DuplicateWordforms_AddWhitespace_LT5313" methodname="SparseAnalyses_SimpleEdits_SimpleSegmentParagraph_DuplicateWordforms_AddWhitespace_LT5313" classname="SIL.LCModel.DomainServices.ParagraphParserTests" runstate="Runnable" seed="1337148822" result="Passed" start-time="2020-10-05 16:46:27Z" end-time="2020-10-05 16:46:27Z" duration="0.002361" asserts="58" />
            <test-case id="3-1540" name="SparseAnalyses_SimpleEdits_SimpleSegmentParagraph_DuplicateWordforms_RemoveSegment_LT5376" fullname="SIL.LCModel.DomainServices.ParagraphParserTests.SparseAnalyses_SimpleEdits_SimpleSegmentParagraph_DuplicateWordforms_RemoveSegment_LT5376" methodname="SparseAnalyses_SimpleEdits_SimpleSegmentParagraph_DuplicateWordforms_RemoveSegment_LT5376" classname="SIL.LCModel.DomainServices.ParagraphParserTests" runstate="Runnable" seed="494103379" result="Passed" start-time="2020-10-05 16:46:27Z" end-time="2020-10-05 16:46:27Z" duration="0.002074" asserts="49" />
            <test-case id="3-1537" name="SparseSegmentAnalyses_FreeformAnnotations_LT7318" fullname="SIL.LCModel.DomainServices.ParagraphParserTests.SparseSegmentAnalyses_FreeformAnnotations_LT7318" methodname="SparseSegmentAnalyses_FreeformAnnotations_LT7318" classname="SIL.LCModel.DomainServices.ParagraphParserTests" runstate="Runnable" seed="105596194" result="Passed" start-time="2020-10-05 16:46:27Z" end-time="2020-10-05 16:46:27Z" duration="0.001645" asserts="10" />
          </test-suite>
          <test-suite type="TestFixture" id="3-1546" name="ParaNodeMapTests" fullname="SIL.LCModel.DomainServices.ParaNodeMapTests" classname="SIL.LCModel.DomainServices.ParaNodeMapTests" runstate="Runnable" testcasecount="1" result="Passed" start-time="2020-10-05 16:46:27Z" end-time="2020-10-05 16:46:27Z" duration="0.001269" total="1" passed="1" failed="0" warnings="0" inconclusive="0" skipped="0" asserts="9">
            <test-case id="3-1547" name="ParaNodeMap_AccurateComparison" fullname="SIL.LCModel.DomainServices.ParaNodeMapTests.ParaNodeMap_AccurateComparison" methodname="ParaNodeMap_AccurateComparison" classname="SIL.LCModel.DomainServices.ParaNodeMapTests" runstate="Runnable" seed="1801524257" result="Passed" start-time="2020-10-05 16:46:27Z" end-time="2020-10-05 16:46:27Z" duration="0.001142" asserts="9" />
          </test-suite>
          <test-suite type="TestFixture" id="3-1548" name="ReferenceAdjusterServiceTests" fullname="SIL.LCModel.DomainServices.ReferenceAdjusterServiceTests" classname="SIL.LCModel.DomainServices.ReferenceAdjusterServiceTests" runstate="Runnable" testcasecount="12" result="Passed" start-time="2020-10-05 16:46:27Z" end-time="2020-10-05 16:46:27Z" duration="0.106743" total="12" passed="12" failed="0" warnings="0" inconclusive="0" skipped="0" asserts="40">
            <test-case id="3-1553" name="GrowFromBeginning_Occurrence" fullname="SIL.LCModel.DomainServices.ReferenceAdjusterServiceTests.GrowFromBeginning_Occurrence" methodname="GrowFromBeginning_Occurrence" classname="SIL.LCModel.DomainServices.ReferenceAdjusterServiceTests" runstate="Runnable" seed="687786737" result="Passed" start-time="2020-10-05 16:46:27Z" end-time="2020-10-05 16:46:27Z" duration="0.004613" asserts="3" />
            <test-case id="3-1554" name="GrowFromBeginning_OccurrenceImpossible" fullname="SIL.LCModel.DomainServices.ReferenceAdjusterServiceTests.GrowFromBeginning_OccurrenceImpossible" methodname="GrowFromBeginning_OccurrenceImpossible" classname="SIL.LCModel.DomainServices.ReferenceAdjusterServiceTests" runstate="Runnable" seed="1347871518" result="Passed" start-time="2020-10-05 16:46:27Z" end-time="2020-10-05 16:46:27Z" duration="0.002173" asserts="3" />
            <test-case id="3-1552" name="GrowFromBeginning_Wordform" fullname="SIL.LCModel.DomainServices.ReferenceAdjusterServiceTests.GrowFromBeginning_Wordform" methodname="GrowFromBeginning_Wordform" classname="SIL.LCModel.DomainServices.ReferenceAdjusterServiceTests" runstate="Runnable" seed="301195943" result="Passed" start-time="2020-10-05 16:46:27Z" end-time="2020-10-05 16:46:27Z" duration="0.002296" asserts="4" />
            <test-case id="3-1550" name="GrowFromEnd_Occurrence" fullname="SIL.LCModel.DomainServices.ReferenceAdjusterServiceTests.GrowFromEnd_Occurrence" methodname="GrowFromEnd_Occurrence" classname="SIL.LCModel.DomainServices.ReferenceAdjusterServiceTests" runstate="Runnable" seed="74231127" result="Passed" start-time="2020-10-05 16:46:27Z" end-time="2020-10-05 16:46:27Z" duration="0.003838" asserts="3" />
            <test-case id="3-1549" name="GrowFromEnd_Wordform" fullname="SIL.LCModel.DomainServices.ReferenceAdjusterServiceTests.GrowFromEnd_Wordform" methodname="GrowFromEnd_Wordform" classname="SIL.LCModel.DomainServices.ReferenceAdjusterServiceTests" runstate="Runnable" seed="1283329584" result="Passed" start-time="2020-10-05 16:46:27Z" end-time="2020-10-05 16:46:27Z" duration="0.002318" asserts="3" />
            <test-case id="3-1551" name="GrowFromEnd_WordformImpossible" fullname="SIL.LCModel.DomainServices.ReferenceAdjusterServiceTests.GrowFromEnd_WordformImpossible" methodname="GrowFromEnd_WordformImpossible" classname="SIL.LCModel.DomainServices.ReferenceAdjusterServiceTests" runstate="Runnable" seed="1274649018" result="Passed" start-time="2020-10-05 16:46:27Z" end-time="2020-10-05 16:46:27Z" duration="0.002115" asserts="3" />
            <test-case id="3-1559" name="ShrinkFromBeginning_Occurrence" fullname="SIL.LCModel.DomainServices.ReferenceAdjusterServiceTests.ShrinkFromBeginning_Occurrence" methodname="ShrinkFromBeginning_Occurrence" classname="SIL.LCModel.DomainServices.ReferenceAdjusterServiceTests" runstate="Runnable" seed="1255936828" result="Passed" start-time="2020-10-05 16:46:27Z" end-time="2020-10-05 16:46:27Z" duration="0.003529" asserts="4" />
            <test-case id="3-1560" name="ShrinkFromBeginning_OccurrenceImpossible" fullname="SIL.LCModel.DomainServices.ReferenceAdjusterServiceTests.ShrinkFromBeginning_OccurrenceImpossible" methodname="ShrinkFromBeginning_OccurrenceImpossible" classname="SIL.LCModel.DomainServices.ReferenceAdjusterServiceTests" runstate="Runnable" seed="1507051678" result="Passed" start-time="2020-10-05 16:46:27Z" end-time="2020-10-05 16:46:27Z" duration="0.002341" asserts="3" />
            <test-case id="3-1558" name="ShrinkFromBeginning_Wordform" fullname="SIL.LCModel.DomainServices.ReferenceAdjusterServiceTests.ShrinkFromBeginning_Wordform" methodname="ShrinkFromBeginning_Wordform" classname="SIL.LCModel.DomainServices.ReferenceAdjusterServiceTests" runstate="Runnable" seed="219277791" result="Passed" start-time="2020-10-05 16:46:27Z" end-time="2020-10-05 16:46:27Z" duration="0.002758" asserts="4" />
            <test-case id="3-1556" name="ShrinkFromEnd_Occurrence" fullname="SIL.LCModel.DomainServices.ReferenceAdjusterServiceTests.ShrinkFromEnd_Occurrence" methodname="ShrinkFromEnd_Occurrence" classname="SIL.LCModel.DomainServices.ReferenceAdjusterServiceTests" runstate="Runnable" seed="1931460302" result="Passed" start-time="2020-10-05 16:46:27Z" end-time="2020-10-05 16:46:27Z" duration="0.003081" asserts="4" />
            <test-case id="3-1555" name="ShrinkFromEnd_Wordform" fullname="SIL.LCModel.DomainServices.ReferenceAdjusterServiceTests.ShrinkFromEnd_Wordform" methodname="ShrinkFromEnd_Wordform" classname="SIL.LCModel.DomainServices.ReferenceAdjusterServiceTests" runstate="Runnable" seed="480683052" result="Passed" start-time="2020-10-05 16:46:27Z" end-time="2020-10-05 16:46:27Z" duration="0.003466" asserts="3" />
            <test-case id="3-1557" name="ShrinkFromEnd_WordformImpossible" fullname="SIL.LCModel.DomainServices.ReferenceAdjusterServiceTests.ShrinkFromEnd_WordformImpossible" methodname="ShrinkFromEnd_WordformImpossible" classname="SIL.LCModel.DomainServices.ReferenceAdjusterServiceTests" runstate="Runnable" seed="763934643" result="Passed" start-time="2020-10-05 16:46:27Z" end-time="2020-10-05 16:46:27Z" duration="0.002494" asserts="3" />
          </test-suite>
          <test-suite type="TestFixture" id="3-1561" name="ScriptureSegmentLabelTests" fullname="SIL.LCModel.DomainServices.ScriptureSegmentLabelTests" classname="SIL.LCModel.DomainServices.ScriptureSegmentLabelTests" runstate="Runnable" testcasecount="3" result="Passed" start-time="2020-10-05 16:46:27Z" end-time="2020-10-05 16:46:27Z" duration="0.062286" total="3" passed="3" failed="0" warnings="0" inconclusive="0" skipped="0" asserts="23">
            <test-case id="3-1564" name="MultipleParas" fullname="SIL.LCModel.DomainServices.ScriptureSegmentLabelTests.MultipleParas" methodname="MultipleParas" classname="SIL.LCModel.DomainServices.ScriptureSegmentLabelTests" runstate="Runnable" seed="681178655" result="Passed" start-time="2020-10-05 16:46:27Z" end-time="2020-10-05 16:46:27Z" duration="0.004480" asserts="12" />
            <test-case id="3-1562" name="OneSegPerVerse" fullname="SIL.LCModel.DomainServices.ScriptureSegmentLabelTests.OneSegPerVerse" methodname="OneSegPerVerse" classname="SIL.LCModel.DomainServices.ScriptureSegmentLabelTests" runstate="Runnable" seed="1660672980" result="Passed" start-time="2020-10-05 16:46:27Z" end-time="2020-10-05 16:46:27Z" duration="0.000862" asserts="4" />
            <test-case id="3-1563" name="TwoSegsPerVerse" fullname="SIL.LCModel.DomainServices.ScriptureSegmentLabelTests.TwoSegsPerVerse" methodname="TwoSegsPerVerse" classname="SIL.LCModel.DomainServices.ScriptureSegmentLabelTests" runstate="Runnable" seed="571378173" result="Passed" start-time="2020-10-05 16:46:27Z" end-time="2020-10-05 16:46:27Z" duration="0.000926" asserts="7" />
          </test-suite>
          <test-suite type="TestFixture" id="3-1565" name="ScrSfFileListTests" fullname="SIL.LCModel.DomainServices.ScrSfFileListTests" classname="SIL.LCModel.DomainServices.ScrSfFileListTests" runstate="Runnable" testcasecount="6" result="Passed" start-time="2020-10-05 16:46:27Z" end-time="2020-10-05 16:46:27Z" duration="0.038325" total="6" passed="6" failed="0" warnings="0" inconclusive="0" skipped="0" asserts="26">
            <test-case id="3-1566" name="Add_NonExistantFile" fullname="SIL.LCModel.DomainServices.ScrSfFileListTests.Add_NonExistantFile" methodname="Add_NonExistantFile" classname="SIL.LCModel.DomainServices.ScrSfFileListTests" runstate="Runnable" seed="988358152" result="Passed" start-time="2020-10-05 16:46:27Z" end-time="2020-10-05 16:46:27Z" duration="0.009291" asserts="4" />
            <test-case id="3-1568" name="TestCheckForOverlaps_KeepFile1" fullname="SIL.LCModel.DomainServices.ScrSfFileListTests.TestCheckForOverlaps_KeepFile1" methodname="TestCheckForOverlaps_KeepFile1" classname="SIL.LCModel.DomainServices.ScrSfFileListTests" runstate="Runnable" seed="1047494432" result="Passed" start-time="2020-10-05 16:46:27Z" end-time="2020-10-05 16:46:27Z" duration="0.006200" asserts="4" />
            <test-case id="3-1567" name="TestCheckForOverlaps_KeepFile2" fullname="SIL.LCModel.DomainServices.ScrSfFileListTests.TestCheckForOverlaps_KeepFile2" methodname="TestCheckForOverlaps_KeepFile2" classname="SIL.LCModel.DomainServices.ScrSfFileListTests" runstate="Runnable" seed="1182686211" result="Passed" start-time="2020-10-05 16:46:27Z" end-time="2020-10-05 16:46:27Z" duration="0.005635" asserts="5" />
            <test-case id="3-1570" name="TestCheckForOverlaps_MultipleOverlaps_KeepOneFile_RemoveOne" fullname="SIL.LCModel.DomainServices.ScrSfFileListTests.TestCheckForOverlaps_MultipleOverlaps_KeepOneFile_RemoveOne" methodname="TestCheckForOverlaps_MultipleOverlaps_KeepOneFile_RemoveOne" classname="SIL.LCModel.DomainServices.ScrSfFileListTests" runstate="Runnable" seed="533686078" result="Passed" start-time="2020-10-05 16:46:27Z" end-time="2020-10-05 16:46:27Z" duration="0.007673" asserts="4" />
            <test-case id="3-1571" name="TestCheckForOverlaps_MultipleOverlaps_KeepOneFile_RemoveTwo" fullname="SIL.LCModel.DomainServices.ScrSfFileListTests.TestCheckForOverlaps_MultipleOverlaps_KeepOneFile_RemoveTwo" methodname="TestCheckForOverlaps_MultipleOverlaps_KeepOneFile_RemoveTwo" classname="SIL.LCModel.DomainServices.ScrSfFileListTests" runstate="Runnable" seed="841324715" result="Passed" start-time="2020-10-05 16:46:27Z" end-time="2020-10-05 16:46:27Z" duration="0.004743" asserts="5" />
            <test-case id="3-1569" name="TestCheckForOverlaps_MultipleOverlaps_KeepTwoFiles" fullname="SIL.LCModel.DomainServices.ScrSfFileListTests.TestCheckForOverlaps_MultipleOverlaps_KeepTwoFiles" methodname="TestCheckForOverlaps_MultipleOverlaps_KeepTwoFiles" classname="SIL.LCModel.DomainServices.ScrSfFileListTests" runstate="Runnable" seed="1758310680" result="Passed" start-time="2020-10-05 16:46:27Z" end-time="2020-10-05 16:46:27Z" duration="0.004456" asserts="4" />
          </test-suite>
          <test-suite type="TestFixture" id="3-1572" name="ScrVerseTests" fullname="SIL.LCModel.DomainServices.ScrVerseTests" classname="SIL.LCModel.DomainServices.ScrVerseTests" runstate="Runnable" testcasecount="8" result="Passed" start-time="2020-10-05 16:46:27Z" end-time="2020-10-05 16:46:27Z" duration="0.079500" total="8" passed="8" failed="0" warnings="0" inconclusive="0" skipped="0" asserts="74">
            <test-case id="3-1579" name="Equals" fullname="SIL.LCModel.DomainServices.ScrVerseTests.Equals" methodname="Equals" classname="SIL.LCModel.DomainServices.ScrVerseTests" runstate="Runnable" seed="52427249" result="Passed" start-time="2020-10-05 16:46:27Z" end-time="2020-10-05 16:46:27Z" duration="0.001681" asserts="3" />
            <test-case id="3-1580" name="Equals_FollowsGuidelines" fullname="SIL.LCModel.DomainServices.ScrVerseTests.Equals_FollowsGuidelines" methodname="Equals_FollowsGuidelines" classname="SIL.LCModel.DomainServices.ScrVerseTests" runstate="Runnable" seed="2141585875" result="Passed" start-time="2020-10-05 16:46:27Z" end-time="2020-10-05 16:46:27Z" duration="0.001128" asserts="8" />
            <test-case id="3-1574" name="MoveNext_ChapterNumberCombinedWithVerses" fullname="SIL.LCModel.DomainServices.ScrVerseTests.MoveNext_ChapterNumberCombinedWithVerses" methodname="MoveNext_ChapterNumberCombinedWithVerses" classname="SIL.LCModel.DomainServices.ScrVerseTests" runstate="Runnable" seed="1862664237" result="Passed" start-time="2020-10-05 16:46:27Z" end-time="2020-10-05 16:46:27Z" duration="0.002650" asserts="21" />
            <test-case id="3-1578" name="MoveNext_EmptyPara" fullname="SIL.LCModel.DomainServices.ScrVerseTests.MoveNext_EmptyPara" methodname="MoveNext_EmptyPara" classname="SIL.LCModel.DomainServices.ScrVerseTests" runstate="Runnable" seed="1802699774" result="Passed" start-time="2020-10-05 16:46:27Z" end-time="2020-10-05 16:46:27Z" duration="0.000664" asserts="1" />
            <test-case id="3-1575" name="MoveNext_ImplicitChapter1AndVerse1" fullname="SIL.LCModel.DomainServices.ScrVerseTests.MoveNext_ImplicitChapter1AndVerse1" methodname="MoveNext_ImplicitChapter1AndVerse1" classname="SIL.LCModel.DomainServices.ScrVerseTests" runstate="Runnable" seed="553279726" result="Passed" start-time="2020-10-05 16:46:27Z" end-time="2020-10-05 16:46:27Z" duration="0.001119" asserts="5" />
            <test-case id="3-1576" name="MoveNext_NonNumericChapter" fullname="SIL.LCModel.DomainServices.ScrVerseTests.MoveNext_NonNumericChapter" methodname="MoveNext_NonNumericChapter" classname="SIL.LCModel.DomainServices.ScrVerseTests" runstate="Runnable" seed="165553246" result="Passed" start-time="2020-10-05 16:46:27Z" end-time="2020-10-05 16:46:27Z" duration="0.006679" asserts="9" />
            <test-case id="3-1573" name="MoveNext_SpacesInVerses_ChapterNumberSeparate" fullname="SIL.LCModel.DomainServices.ScrVerseTests.MoveNext_SpacesInVerses_ChapterNumberSeparate" methodname="MoveNext_SpacesInVerses_ChapterNumberSeparate" classname="SIL.LCModel.DomainServices.ScrVerseTests" runstate="Runnable" seed="776319930" result="Passed" start-time="2020-10-05 16:46:27Z" end-time="2020-10-05 16:46:27Z" duration="0.002340" asserts="21" />
            <test-case id="3-1577" name="MoveNext_StanzaBreak" fullname="SIL.LCModel.DomainServices.ScrVerseTests.MoveNext_StanzaBreak" methodname="MoveNext_StanzaBreak" classname="SIL.LCModel.DomainServices.ScrVerseTests" runstate="Runnable" seed="1477802027" result="Passed" start-time="2020-10-05 16:46:27Z" end-time="2020-10-05 16:46:27Z" duration="0.001012" asserts="6" />
          </test-suite>
          <test-suite type="TestFixture" id="3-1581" name="SharedBackendServicesTests" fullname="SIL.LCModel.DomainServices.SharedBackendServicesTests" classname="SIL.LCModel.DomainServices.SharedBackendServicesTests" runstate="Runnable" testcasecount="1" result="Passed" start-time="2020-10-05 16:46:27Z" end-time="2020-10-05 16:46:27Z" duration="0.000520" total="1" passed="1" failed="0" warnings="0" inconclusive="0" skipped="0" asserts="1">
            <test-case id="3-1582" name="AreMultipleApplicationsConnectedWithNullCache" fullname="SIL.LCModel.DomainServices.SharedBackendServicesTests.AreMultipleApplicationsConnectedWithNullCache" methodname="AreMultipleApplicationsConnectedWithNullCache" classname="SIL.LCModel.DomainServices.SharedBackendServicesTests" runstate="Runnable" seed="2017291179" result="Passed" start-time="2020-10-05 16:46:27Z" end-time="2020-10-05 16:46:27Z" duration="0.000403" asserts="1" />
          </test-suite>
          <test-suite type="TestFixture" id="3-1583" name="StringServicesTests" fullname="SIL.LCModel.DomainServices.StringServicesTests" classname="SIL.LCModel.DomainServices.StringServicesTests" runstate="Runnable" testcasecount="15" result="Passed" start-time="2020-10-05 16:46:27Z" end-time="2020-10-05 16:46:27Z" duration="0.096956" total="15" passed="15" failed="0" warnings="0" inconclusive="0" skipped="0" asserts="199">
            <test-case id="3-1598" name="DecodeXmlAttributeTest" fullname="SIL.LCModel.DomainServices.StringServicesTests.DecodeXmlAttributeTest" methodname="DecodeXmlAttributeTest" classname="SIL.LCModel.DomainServices.StringServicesTests" runstate="Runnable" seed="309412545" result="Passed" start-time="2020-10-05 16:46:27Z" end-time="2020-10-05 16:46:27Z" duration="0.000408" asserts="2" />
            <test-case id="3-1596" name="FixHyperlinkFolder_changeOfPlatform" fullname="SIL.LCModel.DomainServices.StringServicesTests.FixHyperlinkFolder_changeOfPlatform" methodname="FixHyperlinkFolder_changeOfPlatform" classname="SIL.LCModel.DomainServices.StringServicesTests" runstate="Runnable" seed="66392767" result="Passed" start-time="2020-10-05 16:46:27Z" end-time="2020-10-05 16:46:27Z" duration="0.006197" asserts="6" />
            <test-case id="3-1594" name="FixHyperlinkFolder_linkTextSameAsLink_isUpdated" fullname="SIL.LCModel.DomainServices.StringServicesTests.FixHyperlinkFolder_linkTextSameAsLink_isUpdated" methodname="FixHyperlinkFolder_linkTextSameAsLink_isUpdated" classname="SIL.LCModel.DomainServices.StringServicesTests" runstate="Runnable" seed="427748497" result="Passed" start-time="2020-10-05 16:46:27Z" end-time="2020-10-05 16:46:27Z" duration="0.001793" asserts="12" />
            <test-case id="3-1597" name="FixHyperlinkFolder_linkTextSameAsLinkDespiteChangeOfPlatform_linkTextIsUpdated" fullname="SIL.LCModel.DomainServices.StringServicesTests.FixHyperlinkFolder_linkTextSameAsLinkDespiteChangeOfPlatform_linkTextIsUpdated" methodname="FixHyperlinkFolder_linkTextSameAsLinkDespiteChangeOfPlatform_linkTextIsUpdated" classname="SIL.LCModel.DomainServices.StringServicesTests" runstate="Runnable" seed="1956946088" result="Passed" start-time="2020-10-05 16:46:27Z" end-time="2020-10-05 16:46:27Z" duration="0.002144" asserts="12" />
            <test-case id="3-1593" name="GetHyperlinksInFolder" fullname="SIL.LCModel.DomainServices.StringServicesTests.GetHyperlinksInFolder" methodname="GetHyperlinksInFolder" classname="SIL.LCModel.DomainServices.StringServicesTests" runstate="Runnable" seed="344542606" result="Passed" start-time="2020-10-05 16:46:27Z" end-time="2020-10-05 16:46:27Z" duration="0.003406" asserts="27" />
            <test-case id="3-1595" name="GetHyperlinksInFolder_changeOfPlatform" fullname="SIL.LCModel.DomainServices.StringServicesTests.GetHyperlinksInFolder_changeOfPlatform" methodname="GetHyperlinksInFolder_changeOfPlatform" classname="SIL.LCModel.DomainServices.StringServicesTests" runstate="Runnable" seed="1389702458" result="Passed" start-time="2020-10-05 16:46:27Z" end-time="2020-10-05 16:46:27Z" duration="0.000919" asserts="1" />
            <test-case id="3-1590" name="MergeStyles" fullname="SIL.LCModel.DomainServices.StringServicesTests.MergeStyles" methodname="MergeStyles" classname="SIL.LCModel.DomainServices.StringServicesTests" runstate="Runnable" seed="1751151226" result="Passed" start-time="2020-10-05 16:46:27Z" end-time="2020-10-05 16:46:27Z" duration="0.005399" asserts="111" />
            <test-case id="3-1585" name="StringServices_CrawlRunsCanDeleteAllRuns" fullname="SIL.LCModel.DomainServices.StringServicesTests.StringServices_CrawlRunsCanDeleteAllRuns" methodname="StringServices_CrawlRunsCanDeleteAllRuns" classname="SIL.LCModel.DomainServices.StringServicesTests" runstate="Runnable" seed="1635919540" result="Passed" start-time="2020-10-05 16:46:27Z" end-time="2020-10-05 16:46:27Z" duration="0.000619" asserts="2" />
            <test-case id="3-1584" name="StringServices_CrawlRunsCanDeleteFromBeginning" fullname="SIL.LCModel.DomainServices.StringServicesTests.StringServices_CrawlRunsCanDeleteFromBeginning" methodname="StringServices_CrawlRunsCanDeleteFromBeginning" classname="SIL.LCModel.DomainServices.StringServicesTests" runstate="Runnable" seed="1663490593" result="Passed" start-time="2020-10-05 16:46:27Z" end-time="2020-10-05 16:46:27Z" duration="0.000446" asserts="2" />
            <test-case id="3-1586" name="StringServices_CrawlRunsCanDeleteFromEnd" fullname="SIL.LCModel.DomainServices.StringServicesTests.StringServices_CrawlRunsCanDeleteFromEnd" methodname="StringServices_CrawlRunsCanDeleteFromEnd" classname="SIL.LCModel.DomainServices.StringServicesTests" runstate="Runnable" seed="1251742431" result="Passed" start-time="2020-10-05 16:46:27Z" end-time="2020-10-05 16:46:27Z" duration="0.000402" asserts="2" />
            <test-case id="3-1587" name="StringServices_CrawlRunsCanDeleteFromMiddle" fullname="SIL.LCModel.DomainServices.StringServicesTests.StringServices_CrawlRunsCanDeleteFromMiddle" methodname="StringServices_CrawlRunsCanDeleteFromMiddle" classname="SIL.LCModel.DomainServices.StringServicesTests" runstate="Runnable" seed="190845081" result="Passed" start-time="2020-10-05 16:46:27Z" end-time="2020-10-05 16:46:27Z" duration="0.000535" asserts="2" />
            <test-case id="3-1588" name="StringServices_CrawlRunsCanSuccessfullyDoNothing" fullname="SIL.LCModel.DomainServices.StringServicesTests.StringServices_CrawlRunsCanSuccessfullyDoNothing" methodname="StringServices_CrawlRunsCanSuccessfullyDoNothing" classname="SIL.LCModel.DomainServices.StringServicesTests" runstate="Runnable" seed="644377311" result="Passed" start-time="2020-10-05 16:46:27Z" end-time="2020-10-05 16:46:27Z" duration="0.000437" asserts="2" />
            <test-case id="3-1589" name="StringServices_CrawlRunsCanSuccessfullyDoNothingWithMultipleRuns" fullname="SIL.LCModel.DomainServices.StringServicesTests.StringServices_CrawlRunsCanSuccessfullyDoNothingWithMultipleRuns" methodname="StringServices_CrawlRunsCanSuccessfullyDoNothingWithMultipleRuns" classname="SIL.LCModel.DomainServices.StringServicesTests" runstate="Runnable" seed="2053569397" result="Passed" start-time="2020-10-05 16:46:27Z" end-time="2020-10-05 16:46:27Z" duration="0.000582" asserts="2" />
            <test-case id="3-1591" name="StringServices_HeadwordForWsAndWritingSystem_CustomHeadwordNumbers" fullname="SIL.LCModel.DomainServices.StringServicesTests.StringServices_HeadwordForWsAndWritingSystem_CustomHeadwordNumbers" methodname="StringServices_HeadwordForWsAndWritingSystem_CustomHeadwordNumbers" classname="SIL.LCModel.DomainServices.StringServicesTests" runstate="Runnable" seed="840526026" result="Passed" start-time="2020-10-05 16:46:27Z" end-time="2020-10-05 16:46:27Z" duration="0.001546" asserts="8" />
            <test-case id="3-1592" name="StringServices_HeadwordForWsAndWritingSystem_NumberBeforeKeepsWsForHw" fullname="SIL.LCModel.DomainServices.StringServicesTests.StringServices_HeadwordForWsAndWritingSystem_NumberBeforeKeepsWsForHw" methodname="StringServices_HeadwordForWsAndWritingSystem_NumberBeforeKeepsWsForHw" classname="SIL.LCModel.DomainServices.StringServicesTests" runstate="Runnable" seed="295382222" result="Passed" start-time="2020-10-05 16:46:27Z" end-time="2020-10-05 16:46:27Z" duration="0.000646" asserts="8" />
          </test-suite>
          <test-suite type="TestFixture" id="3-1599" name="StTextAnnotationNavigatorTests" fullname="SIL.LCModel.DomainServices.StTextAnnotationNavigatorTests" classname="SIL.LCModel.DomainServices.StTextAnnotationNavigatorTests" runstate="Runnable" testcasecount="8" result="Passed" start-time="2020-10-05 16:46:27Z" end-time="2020-10-05 16:46:27Z" duration="0.067355" total="8" passed="8" failed="0" warnings="0" inconclusive="0" skipped="0" asserts="129">
            <test-case id="3-1601" name="AdvanceThroughAnalysisOccurrences_StartingAtEndOfPara" fullname="SIL.LCModel.DomainServices.StTextAnnotationNavigatorTests.AdvanceThroughAnalysisOccurrences_StartingAtEndOfPara" methodname="AdvanceThroughAnalysisOccurrences_StartingAtEndOfPara" classname="SIL.LCModel.DomainServices.StTextAnnotationNavigatorTests" runstate="Runnable" seed="38355261" result="Passed" start-time="2020-10-05 16:46:27Z" end-time="2020-10-05 16:46:27Z" duration="0.002162" asserts="15" />
            <test-case id="3-1602" name="AdvanceThroughEachAnalysisOccurrenceInThePara" fullname="SIL.LCModel.DomainServices.StTextAnnotationNavigatorTests.AdvanceThroughEachAnalysisOccurrenceInThePara" methodname="AdvanceThroughEachAnalysisOccurrenceInThePara" classname="SIL.LCModel.DomainServices.StTextAnnotationNavigatorTests" runstate="Runnable" seed="11337169" result="Passed" start-time="2020-10-05 16:46:27Z" end-time="2020-10-05 16:46:27Z" duration="0.000631" asserts="20" />
            <test-case id="3-1603" name="AdvanceThroughEachAnalysisOccurrenceInTheStText" fullname="SIL.LCModel.DomainServices.StTextAnnotationNavigatorTests.AdvanceThroughEachAnalysisOccurrenceInTheStText" methodname="AdvanceThroughEachAnalysisOccurrenceInTheStText" classname="SIL.LCModel.DomainServices.StTextAnnotationNavigatorTests" runstate="Runnable" seed="235076466" result="Passed" start-time="2020-10-05 16:46:27Z" end-time="2020-10-05 16:46:27Z" duration="0.000654" asserts="21" />
            <test-case id="3-1604" name="AdvanceThroughEachWordformInTheStText" fullname="SIL.LCModel.DomainServices.StTextAnnotationNavigatorTests.AdvanceThroughEachWordformInTheStText" methodname="AdvanceThroughEachWordformInTheStText" classname="SIL.LCModel.DomainServices.StTextAnnotationNavigatorTests" runstate="Runnable" seed="752649217" result="Passed" start-time="2020-10-05 16:46:27Z" end-time="2020-10-05 16:46:27Z" duration="0.000811" asserts="17" />
            <test-case id="3-1600" name="AdvanceThroughWordformInThePara_Using_GetNextWordformOrDefault" fullname="SIL.LCModel.DomainServices.StTextAnnotationNavigatorTests.AdvanceThroughWordformInThePara_Using_GetNextWordformOrDefault" methodname="AdvanceThroughWordformInThePara_Using_GetNextWordformOrDefault" classname="SIL.LCModel.DomainServices.StTextAnnotationNavigatorTests" runstate="Runnable" seed="1295855005" result="Passed" start-time="2020-10-05 16:46:27Z" end-time="2020-10-05 16:46:27Z" duration="0.001289" asserts="10" />
            <test-case id="3-1605" name="BackwardsThroughEachAnalysisOccurrenceInThePara" fullname="SIL.LCModel.DomainServices.StTextAnnotationNavigatorTests.BackwardsThroughEachAnalysisOccurrenceInThePara" methodname="BackwardsThroughEachAnalysisOccurrenceInThePara" classname="SIL.LCModel.DomainServices.StTextAnnotationNavigatorTests" runstate="Runnable" seed="319311724" result="Passed" start-time="2020-10-05 16:46:27Z" end-time="2020-10-05 16:46:27Z" duration="0.001065" asserts="8" />
            <test-case id="3-1606" name="BackwardsThroughEachAnalysisOccurrenceInTheStText" fullname="SIL.LCModel.DomainServices.StTextAnnotationNavigatorTests.BackwardsThroughEachAnalysisOccurrenceInTheStText" methodname="BackwardsThroughEachAnalysisOccurrenceInTheStText" classname="SIL.LCModel.DomainServices.StTextAnnotationNavigatorTests" runstate="Runnable" seed="1322692130" result="Passed" start-time="2020-10-05 16:46:27Z" end-time="2020-10-05 16:46:27Z" duration="0.001239" asserts="21" />
            <test-case id="3-1607" name="BackwardsThroughEachWordformOccurrenceInTheStText" fullname="SIL.LCModel.DomainServices.StTextAnnotationNavigatorTests.BackwardsThroughEachWordformOccurrenceInTheStText" methodname="BackwardsThroughEachWordformOccurrenceInTheStText" classname="SIL.LCModel.DomainServices.StTextAnnotationNavigatorTests" runstate="Runnable" seed="814270399" result="Passed" start-time="2020-10-05 16:46:27Z" end-time="2020-10-05 16:46:27Z" duration="0.000711" asserts="17" />
          </test-suite>
          <test-suite type="TestFixture" id="3-1608" name="StTxtParaBldrTests" fullname="SIL.LCModel.DomainServices.StTxtParaBldrTests" classname="SIL.LCModel.DomainServices.StTxtParaBldrTests" runstate="Runnable" testcasecount="9" result="Passed" start-time="2020-10-05 16:46:27Z" end-time="2020-10-05 16:46:27Z" duration="0.067900" total="9" passed="9" failed="0" warnings="0" inconclusive="0" skipped="0" asserts="47">
            <test-case id="3-1613" name="AppendParagraph" fullname="SIL.LCModel.DomainServices.StTxtParaBldrTests.AppendParagraph" methodname="AppendParagraph" classname="SIL.LCModel.DomainServices.StTxtParaBldrTests" runstate="Runnable" seed="151662486" result="Passed" start-time="2020-10-05 16:46:27Z" end-time="2020-10-05 16:46:27Z" duration="0.001393" asserts="6" />
            <test-case id="3-1609" name="AppendRunWithNamedCharStyle" fullname="SIL.LCModel.DomainServices.StTxtParaBldrTests.AppendRunWithNamedCharStyle" methodname="AppendRunWithNamedCharStyle" classname="SIL.LCModel.DomainServices.StTxtParaBldrTests" runstate="Runnable" seed="1903095510" result="Passed" start-time="2020-10-05 16:46:27Z" end-time="2020-10-05 16:46:27Z" duration="0.000893" asserts="5" />
            <test-case id="3-1610" name="AppendTwoRuns_WithAndWithoutNamedCharStyles" fullname="SIL.LCModel.DomainServices.StTxtParaBldrTests.AppendTwoRuns_WithAndWithoutNamedCharStyles" methodname="AppendTwoRuns_WithAndWithoutNamedCharStyles" classname="SIL.LCModel.DomainServices.StTxtParaBldrTests" runstate="Runnable" seed="524362831" result="Passed" start-time="2020-10-05 16:46:27Z" end-time="2020-10-05 16:46:27Z" duration="0.000865" asserts="7" />
            <test-case id="3-1612" name="CreateParagraphEmpty" fullname="SIL.LCModel.DomainServices.StTxtParaBldrTests.CreateParagraphEmpty" methodname="CreateParagraphEmpty" classname="SIL.LCModel.DomainServices.StTxtParaBldrTests" runstate="Runnable" seed="855953208" result="Passed" start-time="2020-10-05 16:46:27Z" end-time="2020-10-05 16:46:27Z" duration="0.000800" asserts="6" />
            <test-case id="3-1611" name="CreateTwoParagraphs" fullname="SIL.LCModel.DomainServices.StTxtParaBldrTests.CreateTwoParagraphs" methodname="CreateTwoParagraphs" classname="SIL.LCModel.DomainServices.StTxtParaBldrTests" runstate="Runnable" seed="407312288" result="Passed" start-time="2020-10-05 16:46:27Z" end-time="2020-10-05 16:46:27Z" duration="0.001201" asserts="6" />
            <test-case id="3-1617" name="TrimTrailingSpaceTwiceWithTwoSpacesAtEnd" fullname="SIL.LCModel.DomainServices.StTxtParaBldrTests.TrimTrailingSpaceTwiceWithTwoSpacesAtEnd" methodname="TrimTrailingSpaceTwiceWithTwoSpacesAtEnd" classname="SIL.LCModel.DomainServices.StTxtParaBldrTests" runstate="Runnable" seed="810983902" result="Passed" start-time="2020-10-05 16:46:27Z" end-time="2020-10-05 16:46:27Z" duration="0.000955" asserts="5" />
            <test-case id="3-1616" name="TrimTrailingSpaceWithNoSpaceAtEnd" fullname="SIL.LCModel.DomainServices.StTxtParaBldrTests.TrimTrailingSpaceWithNoSpaceAtEnd" methodname="TrimTrailingSpaceWithNoSpaceAtEnd" classname="SIL.LCModel.DomainServices.StTxtParaBldrTests" runstate="Runnable" seed="108503816" result="Passed" start-time="2020-10-05 16:46:27Z" end-time="2020-10-05 16:46:27Z" duration="0.000871" asserts="4" />
            <test-case id="3-1614" name="TrimTrailingSpaceWithSpaceAtEnd" fullname="SIL.LCModel.DomainServices.StTxtParaBldrTests.TrimTrailingSpaceWithSpaceAtEnd" methodname="TrimTrailingSpaceWithSpaceAtEnd" classname="SIL.LCModel.DomainServices.StTxtParaBldrTests" runstate="Runnable" seed="1749822982" result="Passed" start-time="2020-10-05 16:46:27Z" end-time="2020-10-05 16:46:27Z" duration="0.000848" asserts="4" />
            <test-case id="3-1615" name="TrimTrailingSpaceWithTwoSpacesAtEnd" fullname="SIL.LCModel.DomainServices.StTxtParaBldrTests.TrimTrailingSpaceWithTwoSpacesAtEnd" methodname="TrimTrailingSpaceWithTwoSpacesAtEnd" classname="SIL.LCModel.DomainServices.StTxtParaBldrTests" runstate="Runnable" seed="997673037" result="Passed" start-time="2020-10-05 16:46:27Z" end-time="2020-10-05 16:46:27Z" duration="0.000883" asserts="4" />
          </test-suite>
          <test-suite type="TestFixture" id="3-1618" name="StyleInfoTableTests" fullname="SIL.LCModel.DomainServices.StyleInfoTableTests" classname="SIL.LCModel.DomainServices.StyleInfoTableTests" runstate="Runnable" testcasecount="1" result="Passed" start-time="2020-10-05 16:46:27Z" end-time="2020-10-05 16:46:27Z" duration="0.064813" total="1" passed="1" failed="0" warnings="0" inconclusive="0" skipped="0" asserts="137">
            <test-case id="3-1619" name="ConnectStyles" fullname="SIL.LCModel.DomainServices.StyleInfoTableTests.ConnectStyles" methodname="ConnectStyles" classname="SIL.LCModel.DomainServices.StyleInfoTableTests" runstate="Runnable" seed="461198643" result="Passed" start-time="2020-10-05 16:46:27Z" end-time="2020-10-05 16:46:27Z" duration="0.008992" asserts="137" />
          </test-suite>
          <test-suite type="TestFixture" id="3-1516" name="UndoAllIssueTest" fullname="SIL.LCModel.DomainServices.UndoAllIssueTest" classname="SIL.LCModel.DomainServices.UndoAllIssueTest" runstate="Runnable" testcasecount="2" result="Passed" start-time="2020-10-05 16:46:27Z" end-time="2020-10-05 16:46:27Z" duration="0.058358" total="2" passed="2" failed="0" warnings="0" inconclusive="0" skipped="0" asserts="12">
            <test-case id="3-1517" name="NewEntry" fullname="SIL.LCModel.DomainServices.UndoAllIssueTest.NewEntry" methodname="NewEntry" classname="SIL.LCModel.DomainServices.UndoAllIssueTest" runstate="Runnable" seed="332327929" result="Passed" start-time="2020-10-05 16:46:27Z" end-time="2020-10-05 16:46:27Z" duration="0.001846" asserts="6" />
            <test-case id="3-1518" name="NewEntry2" fullname="SIL.LCModel.DomainServices.UndoAllIssueTest.NewEntry2" methodname="NewEntry2" classname="SIL.LCModel.DomainServices.UndoAllIssueTest" runstate="Runnable" seed="496294034" result="Passed" start-time="2020-10-05 16:46:27Z" end-time="2020-10-05 16:46:27Z" duration="0.000832" asserts="6" />
          </test-suite>
          <test-suite type="TestFixture" id="3-1620" name="VirtualOrderingServicesTests" fullname="SIL.LCModel.DomainServices.VirtualOrderingServicesTests" classname="SIL.LCModel.DomainServices.VirtualOrderingServicesTests" runstate="Runnable" testcasecount="15" result="Passed" start-time="2020-10-05 16:46:27Z" end-time="2020-10-05 16:46:27Z" duration="0.093199" total="15" passed="15" failed="0" warnings="0" inconclusive="0" skipped="0" asserts="92">
            <test-case id="3-1621" name="CreateVO" fullname="SIL.LCModel.DomainServices.VirtualOrderingServicesTests.CreateVO" methodname="CreateVO" classname="SIL.LCModel.DomainServices.VirtualOrderingServicesTests" runstate="Runnable" seed="793133302" result="Passed" start-time="2020-10-05 16:46:27Z" end-time="2020-10-05 16:46:27Z" duration="0.001964" asserts="6" />
            <test-case id="3-1629" name="GetOrderedValue_completeOverlap_diffSequence" fullname="SIL.LCModel.DomainServices.VirtualOrderingServicesTests.GetOrderedValue_completeOverlap_diffSequence" methodname="GetOrderedValue_completeOverlap_diffSequence" classname="SIL.LCModel.DomainServices.VirtualOrderingServicesTests" runstate="Runnable" seed="1190460593" result="Passed" start-time="2020-10-05 16:46:27Z" end-time="2020-10-05 16:46:27Z" duration="0.001182" asserts="6" />
            <test-case id="3-1626" name="GetOrderedValue_completeOverlap_sameSequence" fullname="SIL.LCModel.DomainServices.VirtualOrderingServicesTests.GetOrderedValue_completeOverlap_sameSequence" methodname="GetOrderedValue_completeOverlap_sameSequence" classname="SIL.LCModel.DomainServices.VirtualOrderingServicesTests" runstate="Runnable" seed="328480017" result="Passed" start-time="2020-10-05 16:46:27Z" end-time="2020-10-05 16:46:27Z" duration="0.001248" asserts="7" />
            <test-case id="3-1632" name="GetOrderedValue_extraNativeAndExtraVoElements" fullname="SIL.LCModel.DomainServices.VirtualOrderingServicesTests.GetOrderedValue_extraNativeAndExtraVoElements" methodname="GetOrderedValue_extraNativeAndExtraVoElements" classname="SIL.LCModel.DomainServices.VirtualOrderingServicesTests" runstate="Runnable" seed="433159522" result="Passed" start-time="2020-10-05 16:46:27Z" end-time="2020-10-05 16:46:27Z" duration="0.003197" asserts="5" />
            <test-case id="3-1631" name="GetOrderedValue_extraNativeElements_diffSequence" fullname="SIL.LCModel.DomainServices.VirtualOrderingServicesTests.GetOrderedValue_extraNativeElements_diffSequence" methodname="GetOrderedValue_extraNativeElements_diffSequence" classname="SIL.LCModel.DomainServices.VirtualOrderingServicesTests" runstate="Runnable" seed="583089873" result="Passed" start-time="2020-10-05 16:46:27Z" end-time="2020-10-05 16:46:27Z" duration="0.001035" asserts="5" />
            <test-case id="3-1628" name="GetOrderedValue_extraNativeElements_sameSequence" fullname="SIL.LCModel.DomainServices.VirtualOrderingServicesTests.GetOrderedValue_extraNativeElements_sameSequence" methodname="GetOrderedValue_extraNativeElements_sameSequence" classname="SIL.LCModel.DomainServices.VirtualOrderingServicesTests" runstate="Runnable" seed="1322137269" result="Passed" start-time="2020-10-05 16:46:27Z" end-time="2020-10-05 16:46:27Z" duration="0.001162" asserts="7" />
            <test-case id="3-1630" name="GetOrderedValue_extraVoElements_diffSequence" fullname="SIL.LCModel.DomainServices.VirtualOrderingServicesTests.GetOrderedValue_extraVoElements_diffSequence" methodname="GetOrderedValue_extraVoElements_diffSequence" classname="SIL.LCModel.DomainServices.VirtualOrderingServicesTests" runstate="Runnable" seed="1955381694" result="Passed" start-time="2020-10-05 16:46:27Z" end-time="2020-10-05 16:46:27Z" duration="0.001110" asserts="7" />
            <test-case id="3-1627" name="GetOrderedValue_extraVoElements_sameSequence" fullname="SIL.LCModel.DomainServices.VirtualOrderingServicesTests.GetOrderedValue_extraVoElements_sameSequence" methodname="GetOrderedValue_extraVoElements_sameSequence" classname="SIL.LCModel.DomainServices.VirtualOrderingServicesTests" runstate="Runnable" seed="619009969" result="Passed" start-time="2020-10-05 16:46:27Z" end-time="2020-10-05 16:46:27Z" duration="0.001252" asserts="7" />
            <test-case id="3-1625" name="GetOrderedValue_nonexistentVO" fullname="SIL.LCModel.DomainServices.VirtualOrderingServicesTests.GetOrderedValue_nonexistentVO" methodname="GetOrderedValue_nonexistentVO" classname="SIL.LCModel.DomainServices.VirtualOrderingServicesTests" runstate="Runnable" seed="175578952" result="Passed" start-time="2020-10-05 16:46:27Z" end-time="2020-10-05 16:46:27Z" duration="0.000802" asserts="5" />
            <test-case id="3-1622" name="ResetVO" fullname="SIL.LCModel.DomainServices.VirtualOrderingServicesTests.ResetVO" methodname="ResetVO" classname="SIL.LCModel.DomainServices.VirtualOrderingServicesTests" runstate="Runnable" seed="859668062" result="Passed" start-time="2020-10-05 16:46:27Z" end-time="2020-10-05 16:46:27Z" duration="0.001768" asserts="4" />
            <test-case id="3-1635" name="ReversalEntries" fullname="SIL.LCModel.DomainServices.VirtualOrderingServicesTests.ReversalEntries" methodname="ReversalEntries" classname="SIL.LCModel.DomainServices.VirtualOrderingServicesTests" runstate="Runnable" seed="586137839" result="Passed" start-time="2020-10-05 16:46:27Z" end-time="2020-10-05 16:46:27Z" duration="0.003862" asserts="8" />
            <test-case id="3-1624" name="SetExistingVO_diffSequence" fullname="SIL.LCModel.DomainServices.VirtualOrderingServicesTests.SetExistingVO_diffSequence" methodname="SetExistingVO_diffSequence" classname="SIL.LCModel.DomainServices.VirtualOrderingServicesTests" runstate="Runnable" seed="1315556920" result="Passed" start-time="2020-10-05 16:46:27Z" end-time="2020-10-05 16:46:27Z" duration="0.001533" asserts="7" />
            <test-case id="3-1623" name="SetVO_nullSequence" fullname="SIL.LCModel.DomainServices.VirtualOrderingServicesTests.SetVO_nullSequence" methodname="SetVO_nullSequence" classname="SIL.LCModel.DomainServices.VirtualOrderingServicesTests" runstate="Runnable" seed="431112901" result="Passed" start-time="2020-10-05 16:46:27Z" end-time="2020-10-05 16:46:27Z" duration="0.000840" asserts="4" />
            <test-case id="3-1633" name="VirtualPropTest" fullname="SIL.LCModel.DomainServices.VirtualOrderingServicesTests.VirtualPropTest" methodname="VirtualPropTest" classname="SIL.LCModel.DomainServices.VirtualOrderingServicesTests" runstate="Runnable" seed="1793744354" result="Passed" start-time="2020-10-05 16:46:27Z" end-time="2020-10-05 16:46:27Z" duration="0.002550" asserts="7" />
            <test-case id="3-1634" name="VisibleComplexFormBackRefs" fullname="SIL.LCModel.DomainServices.VirtualOrderingServicesTests.VisibleComplexFormBackRefs" methodname="VisibleComplexFormBackRefs" classname="SIL.LCModel.DomainServices.VirtualOrderingServicesTests" runstate="Runnable" seed="1987804357" result="Passed" start-time="2020-10-05 16:46:27Z" end-time="2020-10-05 16:46:27Z" duration="0.007643" asserts="7" />
          </test-suite>
          <test-suite type="TestFixture" id="3-1636" name="WritingSystemServicesTests" fullname="SIL.LCModel.DomainServices.WritingSystemServicesTests" classname="SIL.LCModel.DomainServices.WritingSystemServicesTests" runstate="Runnable" testcasecount="18" result="Passed" start-time="2020-10-05 16:46:27Z" end-time="2020-10-05 16:46:27Z" duration="0.132482" total="18" passed="18" failed="0" warnings="0" inconclusive="0" skipped="0" asserts="40">
            <test-case id="3-1654" name="CollatorSort_DoesNotThrow" fullname="SIL.LCModel.DomainServices.WritingSystemServicesTests.CollatorSort_DoesNotThrow" methodname="CollatorSort_DoesNotThrow" classname="SIL.LCModel.DomainServices.WritingSystemServicesTests" runstate="Runnable" seed="1163081219" result="Passed" start-time="2020-10-05 16:46:27Z" end-time="2020-10-05 16:46:27Z" duration="0.002149" asserts="1" />
            <test-case id="3-1647" name="DeleteWritingSystem" fullname="SIL.LCModel.DomainServices.WritingSystemServicesTests.DeleteWritingSystem" methodname="DeleteWritingSystem" classname="SIL.LCModel.DomainServices.WritingSystemServicesTests" runstate="Runnable" seed="148111329" result="Passed" start-time="2020-10-05 16:46:27Z" end-time="2020-10-05 16:46:27Z" duration="0.013504" asserts="3" />
            <test-case id="3-1644" name="FindOrCreateSomeWritingSystem_Converts_Fr_Tech_30Oct_To_fr_x_Tech30Oct" fullname="SIL.LCModel.DomainServices.WritingSystemServicesTests.FindOrCreateSomeWritingSystem_Converts_Fr_Tech_30Oct_To_fr_x_Tech30Oct" methodname="FindOrCreateSomeWritingSystem_Converts_Fr_Tech_30Oct_To_fr_x_Tech30Oct" classname="SIL.LCModel.DomainServices.WritingSystemServicesTests" runstate="Runnable" seed="1302014976" result="Passed" start-time="2020-10-05 16:46:27Z" end-time="2020-10-05 16:46:27Z" duration="0.002558" asserts="2" />
            <test-case id="3-1645" name="FindOrCreateSomeWritingSystem_Converts_x_To_qaa" fullname="SIL.LCModel.DomainServices.WritingSystemServicesTests.FindOrCreateSomeWritingSystem_Converts_x_To_qaa" methodname="FindOrCreateSomeWritingSystem_Converts_x_To_qaa" classname="SIL.LCModel.DomainServices.WritingSystemServicesTests" runstate="Runnable" seed="94331209" result="Passed" start-time="2020-10-05 16:46:27Z" end-time="2020-10-05 16:46:27Z" duration="0.000605" asserts="2" />
            <test-case id="3-1639" name="GetMagicStringAlt_TestFirstAnaly" fullname="SIL.LCModel.DomainServices.WritingSystemServicesTests.GetMagicStringAlt_TestFirstAnaly" methodname="GetMagicStringAlt_TestFirstAnaly" classname="SIL.LCModel.DomainServices.WritingSystemServicesTests" runstate="Runnable" seed="277166907" result="Passed" start-time="2020-10-05 16:46:27Z" end-time="2020-10-05 16:46:27Z" duration="0.004158" asserts="3" />
            <test-case id="3-1642" name="GetMagicStringAlt_TestFirstPronunciation" fullname="SIL.LCModel.DomainServices.WritingSystemServicesTests.GetMagicStringAlt_TestFirstPronunciation" methodname="GetMagicStringAlt_TestFirstPronunciation" classname="SIL.LCModel.DomainServices.WritingSystemServicesTests" runstate="Runnable" seed="35326753" result="Passed" start-time="2020-10-05 16:46:27Z" end-time="2020-10-05 16:46:27Z" duration="0.001534" asserts="2" />
            <test-case id="3-1641" name="GetMagicStringAlt_TestFirstVern" fullname="SIL.LCModel.DomainServices.WritingSystemServicesTests.GetMagicStringAlt_TestFirstVern" methodname="GetMagicStringAlt_TestFirstVern" classname="SIL.LCModel.DomainServices.WritingSystemServicesTests" runstate="Runnable" seed="1228803015" result="Passed" start-time="2020-10-05 16:46:27Z" end-time="2020-10-05 16:46:27Z" duration="0.001717" asserts="3" />
            <test-case id="3-1640" name="GetMagicStringAlt_TestFirstVernOrAnaly" fullname="SIL.LCModel.DomainServices.WritingSystemServicesTests.GetMagicStringAlt_TestFirstVernOrAnaly" methodname="GetMagicStringAlt_TestFirstVernOrAnaly" classname="SIL.LCModel.DomainServices.WritingSystemServicesTests" runstate="Runnable" seed="1030591579" result="Passed" start-time="2020-10-05 16:46:27Z" end-time="2020-10-05 16:46:27Z" duration="0.002138" asserts="6" />
            <test-case id="3-1643" name="GetMagicStringAlt_TestVernInPara" fullname="SIL.LCModel.DomainServices.WritingSystemServicesTests.GetMagicStringAlt_TestVernInPara" methodname="GetMagicStringAlt_TestVernInPara" classname="SIL.LCModel.DomainServices.WritingSystemServicesTests" runstate="Runnable" seed="144578946" result="Passed" start-time="2020-10-05 16:46:27Z" end-time="2020-10-05 16:46:27Z" duration="0.003695" asserts="1" />
            <test-case id="3-1653" name="MergeWritingSystem_ConvertsLiftResidue" fullname="SIL.LCModel.DomainServices.WritingSystemServicesTests.MergeWritingSystem_ConvertsLiftResidue" methodname="MergeWritingSystem_ConvertsLiftResidue" classname="SIL.LCModel.DomainServices.WritingSystemServicesTests" runstate="Runnable" seed="1196988175" result="Passed" start-time="2020-10-05 16:46:27Z" end-time="2020-10-05 16:46:27Z" duration="0.006306" asserts="1" />
            <test-case id="3-1650" name="MergeWritingSystem_ConvertsMultiStrings" fullname="SIL.LCModel.DomainServices.WritingSystemServicesTests.MergeWritingSystem_ConvertsMultiStrings" methodname="MergeWritingSystem_ConvertsMultiStrings" classname="SIL.LCModel.DomainServices.WritingSystemServicesTests" runstate="Runnable" seed="892147290" result="Passed" start-time="2020-10-05 16:46:27Z" end-time="2020-10-05 16:46:27Z" duration="0.002426" asserts="1" />
            <test-case id="3-1651" name="MergeWritingSystem_ConvertsStyleDefinition" fullname="SIL.LCModel.DomainServices.WritingSystemServicesTests.MergeWritingSystem_ConvertsStyleDefinition" methodname="MergeWritingSystem_ConvertsStyleDefinition" classname="SIL.LCModel.DomainServices.WritingSystemServicesTests" runstate="Runnable" seed="1554860223" result="Passed" start-time="2020-10-05 16:46:27Z" end-time="2020-10-05 16:46:27Z" duration="0.005044" asserts="2" />
            <test-case id="3-1652" name="MergeWritingSystemWithStyleDefnForToWs_DoesNotConvertStyleDefinition" fullname="SIL.LCModel.DomainServices.WritingSystemServicesTests.MergeWritingSystemWithStyleDefnForToWs_DoesNotConvertStyleDefinition" methodname="MergeWritingSystemWithStyleDefnForToWs_DoesNotConvertStyleDefinition" classname="SIL.LCModel.DomainServices.WritingSystemServicesTests" runstate="Runnable" seed="1724527600" result="Passed" start-time="2020-10-05 16:46:27Z" end-time="2020-10-05 16:46:27Z" duration="0.002076" asserts="3" />
            <test-case id="3-1637" name="UpdateWritingSystemListField_DoesNothingIfNotFound" fullname="SIL.LCModel.DomainServices.WritingSystemServicesTests.UpdateWritingSystemListField_DoesNothingIfNotFound" methodname="UpdateWritingSystemListField_DoesNothingIfNotFound" classname="SIL.LCModel.DomainServices.WritingSystemServicesTests" runstate="Runnable" seed="1106822828" result="Passed" start-time="2020-10-05 16:46:27Z" end-time="2020-10-05 16:46:27Z" duration="0.000413" asserts="1" />
            <test-case id="3-1646" name="UpdateWritingSystemListField_RemovesMergedCodeAfterMergeWith" fullname="SIL.LCModel.DomainServices.WritingSystemServicesTests.UpdateWritingSystemListField_RemovesMergedCodeAfterMergeWith" methodname="UpdateWritingSystemListField_RemovesMergedCodeAfterMergeWith" classname="SIL.LCModel.DomainServices.WritingSystemServicesTests" runstate="Runnable" seed="190801158" result="Passed" start-time="2020-10-05 16:46:27Z" end-time="2020-10-05 16:46:27Z" duration="0.000268" asserts="1" />
            <test-case id="3-1648" name="UpdateWritingSystemListField_RemovesMergedCodeBeforeMergeWith" fullname="SIL.LCModel.DomainServices.WritingSystemServicesTests.UpdateWritingSystemListField_RemovesMergedCodeBeforeMergeWith" methodname="UpdateWritingSystemListField_RemovesMergedCodeBeforeMergeWith" classname="SIL.LCModel.DomainServices.WritingSystemServicesTests" runstate="Runnable" seed="176548417" result="Passed" start-time="2020-10-05 16:46:27Z" end-time="2020-10-05 16:46:27Z" duration="0.000264" asserts="1" />
            <test-case id="3-1638" name="UpdateWritingSystemListField_ReplacesNonDuplicateCode" fullname="SIL.LCModel.DomainServices.WritingSystemServicesTests.UpdateWritingSystemListField_ReplacesNonDuplicateCode" methodname="UpdateWritingSystemListField_ReplacesNonDuplicateCode" classname="SIL.LCModel.DomainServices.WritingSystemServicesTests" runstate="Runnable" seed="673686347" result="Passed" start-time="2020-10-05 16:46:27Z" end-time="2020-10-05 16:46:27Z" duration="0.000321" asserts="1" />
            <test-case id="3-1649" name="UpdateWritingSystemTag_ChangesWsContent" fullname="SIL.LCModel.DomainServices.WritingSystemServicesTests.UpdateWritingSystemTag_ChangesWsContent" methodname="UpdateWritingSystemTag_ChangesWsContent" classname="SIL.LCModel.DomainServices.WritingSystemServicesTests" runstate="Runnable" seed="1954295195" result="Passed" start-time="2020-10-05 16:46:27Z" end-time="2020-10-05 16:46:27Z" duration="0.010629" asserts="6" />
          </test-suite>
        </test-suite>
        <test-suite type="TestFixture" id="3-1004" name="FieldDescriptionTests" fullname="SIL.LCModel.FieldDescriptionTests" classname="SIL.LCModel.FieldDescriptionTests" runstate="Runnable" testcasecount="4" result="Passed" start-time="2020-10-05 16:46:27Z" end-time="2020-10-05 16:46:27Z" duration="0.065342" total="4" passed="4" failed="0" warnings="0" inconclusive="0" skipped="0" asserts="20">
          <test-case id="3-1006" name="AddModifyDeleteFieldDescription" fullname="SIL.LCModel.FieldDescriptionTests.AddModifyDeleteFieldDescription" methodname="AddModifyDeleteFieldDescription" classname="SIL.LCModel.FieldDescriptionTests" runstate="Runnable" seed="448320298" result="Passed" start-time="2020-10-05 16:46:27Z" end-time="2020-10-05 16:46:27Z" duration="0.004590" asserts="7" />
          <test-case id="3-1007" name="AddNewFieldDescriptionWithOldName" fullname="SIL.LCModel.FieldDescriptionTests.AddNewFieldDescriptionWithOldName" methodname="AddNewFieldDescriptionWithOldName" classname="SIL.LCModel.FieldDescriptionTests" runstate="Runnable" seed="980930290" result="Passed" start-time="2020-10-05 16:46:27Z" end-time="2020-10-05 16:46:27Z" duration="0.001120" asserts="11" />
          <test-case id="3-1008" name="CreatingNumberCustomField_MakesInstancesDirty" fullname="SIL.LCModel.FieldDescriptionTests.CreatingNumberCustomField_MakesInstancesDirty" methodname="CreatingNumberCustomField_MakesInstancesDirty" classname="SIL.LCModel.FieldDescriptionTests" runstate="Runnable" seed="617059772" result="Passed" start-time="2020-10-05 16:46:27Z" end-time="2020-10-05 16:46:27Z" duration="0.001062" asserts="1" />
          <test-case id="3-1005" name="FieldDescriptorsCount" fullname="SIL.LCModel.FieldDescriptionTests.FieldDescriptorsCount" methodname="FieldDescriptorsCount" classname="SIL.LCModel.FieldDescriptionTests" runstate="Runnable" seed="286124522" result="Passed" start-time="2020-10-05 16:46:27Z" end-time="2020-10-05 16:46:27Z" duration="0.000231" asserts="1" />
        </test-suite>
        <test-suite type="TestFixture" id="3-1009" name="GoldEticTests" fullname="SIL.LCModel.GoldEticTests" classname="SIL.LCModel.GoldEticTests" runstate="Runnable" testcasecount="2" result="Passed" start-time="2020-10-05 16:46:27Z" end-time="2020-10-05 16:46:27Z" duration="0.012266" total="2" passed="2" failed="0" warnings="0" inconclusive="0" skipped="0" asserts="6">
          <test-case id="3-1010" name="AllPOSTemplatePossibilityItemsHaveGUIDs" fullname="SIL.LCModel.GoldEticTests.AllPOSTemplatePossibilityItemsHaveGUIDs" methodname="AllPOSTemplatePossibilityItemsHaveGUIDs" classname="SIL.LCModel.GoldEticTests" runstate="Runnable" seed="506037152" result="Passed" start-time="2020-10-05 16:46:27Z" end-time="2020-10-05 16:46:27Z" duration="0.001866" asserts="1" />
          <test-case id="3-1011" name="AllPOSTemplatePossibilityItemsMatchGoldEticStandard" fullname="SIL.LCModel.GoldEticTests.AllPOSTemplatePossibilityItemsMatchGoldEticStandard" methodname="AllPOSTemplatePossibilityItemsMatchGoldEticStandard" classname="SIL.LCModel.GoldEticTests" runstate="Runnable" seed="390213995" result="Passed" start-time="2020-10-05 16:46:27Z" end-time="2020-10-05 16:46:27Z" duration="0.010275" asserts="5" />
        </test-suite>
        <test-suite type="TestSuite" id="3-2831" name="Infrastructure" fullname="SIL.LCModel.Infrastructure" runstate="Runnable" testcasecount="206" result="Skipped" label="Ignored" site="Child" start-time="2020-10-05 16:46:09Z" end-time="2020-10-05 16:46:30Z" duration="21.613916" total="206" passed="205" failed="0" warnings="0" inconclusive="0" skipped="1" asserts="12925">
          <reason>
            <message><![CDATA[One or more child tests were ignored]]></message>
          </reason>
          <test-suite type="TestSuite" id="3-2832" name="Impl" fullname="SIL.LCModel.Infrastructure.Impl" runstate="Runnable" testcasecount="203" result="Skipped" label="Ignored" site="Child" start-time="2020-10-05 16:46:09Z" end-time="2020-10-05 16:46:30Z" duration="21.554489" total="203" passed="202" failed="0" warnings="0" inconclusive="0" skipped="1" asserts="12924">
            <reason>
              <message><![CDATA[One or more child tests were ignored]]></message>
            </reason>
            <test-suite type="TestFixture" id="3-1037" name="BackendProviderTests" fullname="SIL.LCModel.Infrastructure.Impl.BackendProviderTests" classname="SIL.LCModel.Infrastructure.Impl.BackendProviderTests" runstate="Runnable" testcasecount="4" result="Passed" start-time="2020-10-05 16:46:27Z" end-time="2020-10-05 16:46:27Z" duration="0.002862" total="4" passed="4" failed="0" warnings="0" inconclusive="0" skipped="0" asserts="18">
              <test-case id="3-1040" name="CustomUsageNoteWithInteger" fullname="SIL.LCModel.Infrastructure.Impl.BackendProviderTests.CustomUsageNoteWithInteger" methodname="CustomUsageNoteWithInteger" classname="SIL.LCModel.Infrastructure.Impl.BackendProviderTests" runstate="Runnable" seed="1572050470" result="Passed" start-time="2020-10-05 16:46:27Z" end-time="2020-10-05 16:46:27Z" duration="0.001136" asserts="3" />
              <test-case id="3-1039" name="CustomUsageNoteWithMultiString" fullname="SIL.LCModel.Infrastructure.Impl.BackendProviderTests.CustomUsageNoteWithMultiString" methodname="CustomUsageNoteWithMultiString" classname="SIL.LCModel.Infrastructure.Impl.BackendProviderTests" runstate="Runnable" seed="218735238" result="Passed" start-time="2020-10-05 16:46:27Z" end-time="2020-10-05 16:46:27Z" duration="0.000642" asserts="1" />
              <test-case id="3-1038" name="CustomUsageNoteWithMultiUnicode" fullname="SIL.LCModel.Infrastructure.Impl.BackendProviderTests.CustomUsageNoteWithMultiUnicode" methodname="CustomUsageNoteWithMultiUnicode" classname="SIL.LCModel.Infrastructure.Impl.BackendProviderTests" runstate="Runnable" seed="415476012" result="Passed" start-time="2020-10-05 16:46:27Z" end-time="2020-10-05 16:46:27Z" duration="0.000221" asserts="1" />
              <test-case id="3-1041" name="MultipleConflictingCustomFields" fullname="SIL.LCModel.Infrastructure.Impl.BackendProviderTests.MultipleConflictingCustomFields" methodname="MultipleConflictingCustomFields" classname="SIL.LCModel.Infrastructure.Impl.BackendProviderTests" runstate="Runnable" seed="75334821" result="Passed" start-time="2020-10-05 16:46:27Z" end-time="2020-10-05 16:46:27Z" duration="0.000656" asserts="13" />
            </test-suite>
            <test-suite type="TestFixture" id="3-1183" name="BEPPortTests" fullname="SIL.LCModel.Infrastructure.Impl.BEPPortTests" classname="SIL.LCModel.Infrastructure.Impl.BEPPortTests" runstate="Runnable" testcasecount="6" result="Passed" start-time="2020-10-05 16:46:27Z" end-time="2020-10-05 16:46:29Z" duration="1.814033" total="6" passed="6" failed="0" warnings="0" inconclusive="0" skipped="0" asserts="942">
              <test-suite type="ParameterizedMethod" id="3-1188" name="PortAllBEPsTestsUsingAnAlreadyOpenedSource" fullname="SIL.LCModel.Infrastructure.Impl.BEPPortTests.PortAllBEPsTestsUsingAnAlreadyOpenedSource" classname="SIL.LCModel.Infrastructure.Impl.BEPPortTests" runstate="Runnable" testcasecount="4" result="Passed" start-time="2020-10-05 16:46:27Z" end-time="2020-10-05 16:46:28Z" duration="0.539667" total="4" passed="4" failed="0" warnings="0" inconclusive="0" skipped="0" asserts="628">
                <properties>
                  <property name="_JOINTYPE" value="Combinatorial" />
                </properties>
                <test-case id="3-1184" name="PortAllBEPsTestsUsingAnAlreadyOpenedSource(kXMLWithMemoryOnlyWsMgr,kXMLWithMemoryOnlyWsMgr)" fullname="SIL.LCModel.Infrastructure.Impl.BEPPortTests.PortAllBEPsTestsUsingAnAlreadyOpenedSource(kXMLWithMemoryOnlyWsMgr,kXMLWithMemoryOnlyWsMgr)" methodname="PortAllBEPsTestsUsingAnAlreadyOpenedSource" classname="SIL.LCModel.Infrastructure.Impl.BEPPortTests" runstate="Runnable" seed="1826059702" result="Passed" start-time="2020-10-05 16:46:27Z" end-time="2020-10-05 16:46:28Z" duration="0.185660" asserts="157" />
                <test-case id="3-1185" name="PortAllBEPsTestsUsingAnAlreadyOpenedSource(kXMLWithMemoryOnlyWsMgr,kMemoryOnly)" fullname="SIL.LCModel.Infrastructure.Impl.BEPPortTests.PortAllBEPsTestsUsingAnAlreadyOpenedSource(kXMLWithMemoryOnlyWsMgr,kMemoryOnly)" methodname="PortAllBEPsTestsUsingAnAlreadyOpenedSource" classname="SIL.LCModel.Infrastructure.Impl.BEPPortTests" runstate="Runnable" seed="715489386" result="Passed" start-time="2020-10-05 16:46:28Z" end-time="2020-10-05 16:46:28Z" duration="0.122783" asserts="157" />
                <test-case id="3-1186" name="PortAllBEPsTestsUsingAnAlreadyOpenedSource(kMemoryOnly,kXMLWithMemoryOnlyWsMgr)" fullname="SIL.LCModel.Infrastructure.Impl.BEPPortTests.PortAllBEPsTestsUsingAnAlreadyOpenedSource(kMemoryOnly,kXMLWithMemoryOnlyWsMgr)" methodname="PortAllBEPsTestsUsingAnAlreadyOpenedSource" classname="SIL.LCModel.Infrastructure.Impl.BEPPortTests" runstate="Runnable" seed="71616930" result="Passed" start-time="2020-10-05 16:46:28Z" end-time="2020-10-05 16:46:28Z" duration="0.124829" asserts="157" />
                <test-case id="3-1187" name="PortAllBEPsTestsUsingAnAlreadyOpenedSource(kMemoryOnly,kMemoryOnly)" fullname="SIL.LCModel.Infrastructure.Impl.BEPPortTests.PortAllBEPsTestsUsingAnAlreadyOpenedSource(kMemoryOnly,kMemoryOnly)" methodname="PortAllBEPsTestsUsingAnAlreadyOpenedSource" classname="SIL.LCModel.Infrastructure.Impl.BEPPortTests" runstate="Runnable" seed="1338205554" result="Passed" start-time="2020-10-05 16:46:28Z" end-time="2020-10-05 16:46:28Z" duration="0.106188" asserts="157" />
              </test-suite>
              <test-suite type="ParameterizedMethod" id="3-1191" name="PortAllBEPsTestsUsingAnUnopenedSource" fullname="SIL.LCModel.Infrastructure.Impl.BEPPortTests.PortAllBEPsTestsUsingAnUnopenedSource" classname="SIL.LCModel.Infrastructure.Impl.BEPPortTests" runstate="Runnable" testcasecount="2" result="Passed" start-time="2020-10-05 16:46:28Z" end-time="2020-10-05 16:46:29Z" duration="1.274193" total="2" passed="2" failed="0" warnings="0" inconclusive="0" skipped="0" asserts="314">
                <properties>
                  <property name="_JOINTYPE" value="Combinatorial" />
                </properties>
                <test-case id="3-1189" name="PortAllBEPsTestsUsingAnUnopenedSource(kXMLWithMemoryOnlyWsMgr,kXMLWithMemoryOnlyWsMgr)" fullname="SIL.LCModel.Infrastructure.Impl.BEPPortTests.PortAllBEPsTestsUsingAnUnopenedSource(kXMLWithMemoryOnlyWsMgr,kXMLWithMemoryOnlyWsMgr)" methodname="PortAllBEPsTestsUsingAnUnopenedSource" classname="SIL.LCModel.Infrastructure.Impl.BEPPortTests" runstate="Runnable" seed="928764519" result="Passed" start-time="2020-10-05 16:46:28Z" end-time="2020-10-05 16:46:29Z" duration="1.088753" asserts="157" />
                <test-case id="3-1190" name="PortAllBEPsTestsUsingAnUnopenedSource(kXMLWithMemoryOnlyWsMgr,kMemoryOnly)" fullname="SIL.LCModel.Infrastructure.Impl.BEPPortTests.PortAllBEPsTestsUsingAnUnopenedSource(kXMLWithMemoryOnlyWsMgr,kMemoryOnly)" methodname="PortAllBEPsTestsUsingAnUnopenedSource" classname="SIL.LCModel.Infrastructure.Impl.BEPPortTests" runstate="Runnable" seed="266609826" result="Passed" start-time="2020-10-05 16:46:29Z" end-time="2020-10-05 16:46:29Z" duration="0.185325" asserts="157" />
              </test-suite>
            </test-suite>
            <test-suite type="TestFixture" id="3-1150" name="ClassAccessTests" fullname="SIL.LCModel.Infrastructure.Impl.ClassAccessTests" classname="SIL.LCModel.Infrastructure.Impl.ClassAccessTests" runstate="Runnable" testcasecount="9" result="Passed" start-time="2020-10-05 16:46:29Z" end-time="2020-10-05 16:46:29Z" duration="0.058626" total="9" passed="9" failed="0" warnings="0" inconclusive="0" skipped="0" asserts="12">
              <test-case id="3-1152" name="GetAbstractTest" fullname="SIL.LCModel.Infrastructure.Impl.ClassAccessTests.GetAbstractTest" methodname="GetAbstractTest" classname="SIL.LCModel.Infrastructure.Impl.ClassAccessTests" runstate="Runnable" seed="1175623422" result="Passed" start-time="2020-10-05 16:46:29Z" end-time="2020-10-05 16:46:29Z" duration="0.000234" asserts="2" />
              <test-case id="3-1154" name="GetBaseClsIdBadTest" fullname="SIL.LCModel.Infrastructure.Impl.ClassAccessTests.GetBaseClsIdBadTest" methodname="GetBaseClsIdBadTest" classname="SIL.LCModel.Infrastructure.Impl.ClassAccessTests" runstate="Runnable" seed="659224105" result="Passed" start-time="2020-10-05 16:46:29Z" end-time="2020-10-05 16:46:29Z" duration="0.000298" asserts="1" />
              <test-case id="3-1153" name="GetBaseClsIdTest" fullname="SIL.LCModel.Infrastructure.Impl.ClassAccessTests.GetBaseClsIdTest" methodname="GetBaseClsIdTest" classname="SIL.LCModel.Infrastructure.Impl.ClassAccessTests" runstate="Runnable" seed="1877375275" result="Passed" start-time="2020-10-05 16:46:29Z" end-time="2020-10-05 16:46:29Z" duration="0.000149" asserts="1" />
              <test-case id="3-1156" name="GetBaseClsNameBadTest" fullname="SIL.LCModel.Infrastructure.Impl.ClassAccessTests.GetBaseClsNameBadTest" methodname="GetBaseClsNameBadTest" classname="SIL.LCModel.Infrastructure.Impl.ClassAccessTests" runstate="Runnable" seed="1789969773" result="Passed" start-time="2020-10-05 16:46:29Z" end-time="2020-10-05 16:46:29Z" duration="0.000435" asserts="1" />
              <test-case id="3-1155" name="GetBaseClsNameTest" fullname="SIL.LCModel.Infrastructure.Impl.ClassAccessTests.GetBaseClsNameTest" methodname="GetBaseClsNameTest" classname="SIL.LCModel.Infrastructure.Impl.ClassAccessTests" runstate="Runnable" seed="127959000" result="Passed" start-time="2020-10-05 16:46:29Z" end-time="2020-10-05 16:46:29Z" duration="0.000140" asserts="1" />
              <test-case id="3-1157" name="GetClassIdsTest" fullname="SIL.LCModel.Infrastructure.Impl.ClassAccessTests.GetClassIdsTest" methodname="GetClassIdsTest" classname="SIL.LCModel.Infrastructure.Impl.ClassAccessTests" runstate="Runnable" seed="975760218" result="Passed" start-time="2020-10-05 16:46:29Z" end-time="2020-10-05 16:46:29Z" duration="0.000611" asserts="2" />
              <test-case id="3-1151" name="GetClassNameTest" fullname="SIL.LCModel.Infrastructure.Impl.ClassAccessTests.GetClassNameTest" methodname="GetClassNameTest" classname="SIL.LCModel.Infrastructure.Impl.ClassAccessTests" runstate="Runnable" seed="1698813798" result="Passed" start-time="2020-10-05 16:46:29Z" end-time="2020-10-05 16:46:29Z" duration="0.000126" asserts="1" />
              <test-case id="3-1159" name="GetFieldsDoesNotIncludeBaseFields" fullname="SIL.LCModel.Infrastructure.Impl.ClassAccessTests.GetFieldsDoesNotIncludeBaseFields" methodname="GetFieldsDoesNotIncludeBaseFields" classname="SIL.LCModel.Infrastructure.Impl.ClassAccessTests" runstate="Runnable" seed="948540817" result="Passed" start-time="2020-10-05 16:46:29Z" end-time="2020-10-05 16:46:29Z" duration="0.000731" asserts="2" />
              <test-case id="3-1158" name="GetFieldsTest" fullname="SIL.LCModel.Infrastructure.Impl.ClassAccessTests.GetFieldsTest" methodname="GetFieldsTest" classname="SIL.LCModel.Infrastructure.Impl.ClassAccessTests" runstate="Runnable" seed="1766028581" result="Passed" start-time="2020-10-05 16:46:29Z" end-time="2020-10-05 16:46:29Z" duration="0.000190" asserts="1" />
            </test-suite>
            <test-suite type="TestFixture" id="3-1042" name="CmSemanticDomainRepositoryTests" fullname="SIL.LCModel.Infrastructure.Impl.CmSemanticDomainRepositoryTests" classname="SIL.LCModel.Infrastructure.Impl.CmSemanticDomainRepositoryTests" runstate="Runnable" testcasecount="20" result="Skipped" label="Ignored" site="Child" start-time="2020-10-05 16:46:29Z" end-time="2020-10-05 16:46:29Z" duration="0.108558" total="20" passed="19" failed="0" warnings="0" inconclusive="0" skipped="1" asserts="71">
              <reason>
                <message><![CDATA[One or more child tests were ignored]]></message>
              </reason>
              <test-case id="3-1053" name="DontFindDomain_Alpha_SurroundedByParentheses" fullname="SIL.LCModel.Infrastructure.Impl.CmSemanticDomainRepositoryTests.DontFindDomain_Alpha_SurroundedByParentheses" methodname="DontFindDomain_Alpha_SurroundedByParentheses" classname="SIL.LCModel.Infrastructure.Impl.CmSemanticDomainRepositoryTests" runstate="Runnable" seed="1007498018" result="Passed" start-time="2020-10-05 16:46:29Z" end-time="2020-10-05 16:46:29Z" duration="0.007148" asserts="1" />
              <test-case id="3-1055" name="FindDomain_Alpha_EmbeddedSingleQuote" fullname="SIL.LCModel.Infrastructure.Impl.CmSemanticDomainRepositoryTests.FindDomain_Alpha_EmbeddedSingleQuote" methodname="FindDomain_Alpha_EmbeddedSingleQuote" classname="SIL.LCModel.Infrastructure.Impl.CmSemanticDomainRepositoryTests" runstate="Runnable" seed="1364693854" result="Passed" start-time="2020-10-05 16:46:29Z" end-time="2020-10-05 16:46:29Z" duration="0.002180" asserts="2" />
              <test-case id="3-1054" name="FindDomain_Alpha_Hyphen" fullname="SIL.LCModel.Infrastructure.Impl.CmSemanticDomainRepositoryTests.FindDomain_Alpha_Hyphen" methodname="FindDomain_Alpha_Hyphen" classname="SIL.LCModel.Infrastructure.Impl.CmSemanticDomainRepositoryTests" runstate="Runnable" seed="19423" result="Passed" start-time="2020-10-05 16:46:29Z" end-time="2020-10-05 16:46:29Z" duration="0.001803" asserts="2" />
              <test-case id="3-1052" name="FindDomain_Alpha_TestGroup1AndGroup2Difference" fullname="SIL.LCModel.Infrastructure.Impl.CmSemanticDomainRepositoryTests.FindDomain_Alpha_TestGroup1AndGroup2Difference" methodname="FindDomain_Alpha_TestGroup1AndGroup2Difference" classname="SIL.LCModel.Infrastructure.Impl.CmSemanticDomainRepositoryTests" runstate="Runnable" seed="1898924544" result="Passed" start-time="2020-10-05 16:46:29Z" end-time="2020-10-05 16:46:29Z" duration="0.001899" asserts="3" />
              <test-case id="3-1049" name="FindDomain_Alpha_TestGroup2CaseInsensitivity_ExampleWords" fullname="SIL.LCModel.Infrastructure.Impl.CmSemanticDomainRepositoryTests.FindDomain_Alpha_TestGroup2CaseInsensitivity_ExampleWords" methodname="FindDomain_Alpha_TestGroup2CaseInsensitivity_ExampleWords" classname="SIL.LCModel.Infrastructure.Impl.CmSemanticDomainRepositoryTests" runstate="Runnable" seed="934958979" result="Passed" start-time="2020-10-05 16:46:29Z" end-time="2020-10-05 16:46:29Z" duration="0.001734" asserts="2" />
              <test-case id="3-1050" name="FindDomain_Alpha_TestGroup2CaseInsensitivity_Name" fullname="SIL.LCModel.Infrastructure.Impl.CmSemanticDomainRepositoryTests.FindDomain_Alpha_TestGroup2CaseInsensitivity_Name" methodname="FindDomain_Alpha_TestGroup2CaseInsensitivity_Name" classname="SIL.LCModel.Infrastructure.Impl.CmSemanticDomainRepositoryTests" runstate="Runnable" seed="1247022508" result="Passed" start-time="2020-10-05 16:46:29Z" end-time="2020-10-05 16:46:29Z" duration="0.002919" asserts="2" />
              <test-case id="3-1051" name="FindDomain_Alpha_TestGroup3_Name" fullname="SIL.LCModel.Infrastructure.Impl.CmSemanticDomainRepositoryTests.FindDomain_Alpha_TestGroup3_Name" methodname="FindDomain_Alpha_TestGroup3_Name" classname="SIL.LCModel.Infrastructure.Impl.CmSemanticDomainRepositoryTests" runstate="Runnable" seed="47355416" result="Passed" start-time="2020-10-05 16:46:29Z" end-time="2020-10-05 16:46:29Z" duration="0.001719" asserts="2" />
              <test-case id="3-1046" name="FindDomains_Alpha_Groups1And3" fullname="SIL.LCModel.Infrastructure.Impl.CmSemanticDomainRepositoryTests.FindDomains_Alpha_Groups1And3" methodname="FindDomains_Alpha_Groups1And3" classname="SIL.LCModel.Infrastructure.Impl.CmSemanticDomainRepositoryTests" runstate="Runnable" seed="1908792452" result="Passed" start-time="2020-10-05 16:46:29Z" end-time="2020-10-05 16:46:29Z" duration="0.002240" asserts="5" />
              <test-case id="3-1048" name="FindDomains_Alpha_SingleChar_SeveralMatchesButNotDuplicateExampleWord" fullname="SIL.LCModel.Infrastructure.Impl.CmSemanticDomainRepositoryTests.FindDomains_Alpha_SingleChar_SeveralMatchesButNotDuplicateExampleWord" methodname="FindDomains_Alpha_SingleChar_SeveralMatchesButNotDuplicateExampleWord" classname="SIL.LCModel.Infrastructure.Impl.CmSemanticDomainRepositoryTests" runstate="Runnable" seed="245635288" result="Passed" start-time="2020-10-05 16:46:29Z" end-time="2020-10-05 16:46:29Z" duration="0.001885" asserts="5" />
              <test-case id="3-1056" name="FindDomains_NumericSearchString_DoesntMatchFinally" fullname="SIL.LCModel.Infrastructure.Impl.CmSemanticDomainRepositoryTests.FindDomains_NumericSearchString_DoesntMatchFinally" methodname="FindDomains_NumericSearchString_DoesntMatchFinally" classname="SIL.LCModel.Infrastructure.Impl.CmSemanticDomainRepositoryTests" runstate="Runnable" seed="2022024138" result="Passed" start-time="2020-10-05 16:46:29Z" end-time="2020-10-05 16:46:29Z" duration="0.001499" asserts="5" />
              <test-case id="3-1047" name="FindDomains_TimingOnLargerDataSet" fullname="SIL.LCModel.Infrastructure.Impl.CmSemanticDomainRepositoryTests.FindDomains_TimingOnLargerDataSet" methodname="FindDomains_TimingOnLargerDataSet" classname="SIL.LCModel.Infrastructure.Impl.CmSemanticDomainRepositoryTests" runstate="Ignored" seed="297123656" result="Skipped" label="Ignored" start-time="2020-10-05 16:46:29Z" end-time="2020-10-05 16:46:29Z" duration="0.000004" asserts="0">
                <properties>
                  <property name="Category" value="LongRunning" />
                  <property name="Category" value="ByHand" />
                  <property name="_SKIPREASON" value="Only run manually as it messes up following tests." />
                </properties>
                <reason>
                  <message><![CDATA[Only run manually as it messes up following tests.]]></message>
                </reason>
              </test-case>
              <test-case id="3-1045" name="FindOneDomain_Alpha_DoesNotMatchFinally" fullname="SIL.LCModel.Infrastructure.Impl.CmSemanticDomainRepositoryTests.FindOneDomain_Alpha_DoesNotMatchFinally" methodname="FindOneDomain_Alpha_DoesNotMatchFinally" classname="SIL.LCModel.Infrastructure.Impl.CmSemanticDomainRepositoryTests" runstate="Runnable" seed="1954010899" result="Passed" start-time="2020-10-05 16:46:29Z" end-time="2020-10-05 16:46:29Z" duration="0.001516" asserts="2" />
              <test-case id="3-1044" name="FindOneDomain_Alpha_PartialWordMatchesExampleInSecondQuestion" fullname="SIL.LCModel.Infrastructure.Impl.CmSemanticDomainRepositoryTests.FindOneDomain_Alpha_PartialWordMatchesExampleInSecondQuestion" methodname="FindOneDomain_Alpha_PartialWordMatchesExampleInSecondQuestion" classname="SIL.LCModel.Infrastructure.Impl.CmSemanticDomainRepositoryTests" runstate="Runnable" seed="248519181" result="Passed" start-time="2020-10-05 16:46:29Z" end-time="2020-10-05 16:46:29Z" duration="0.003077" asserts="2" />
              <test-case id="3-1043" name="FindOneDomain_Alpha_WholeWordMatchesGroup1CaseInsensitive" fullname="SIL.LCModel.Infrastructure.Impl.CmSemanticDomainRepositoryTests.FindOneDomain_Alpha_WholeWordMatchesGroup1CaseInsensitive" methodname="FindOneDomain_Alpha_WholeWordMatchesGroup1CaseInsensitive" classname="SIL.LCModel.Infrastructure.Impl.CmSemanticDomainRepositoryTests" runstate="Runnable" seed="1401299033" result="Passed" start-time="2020-10-05 16:46:29Z" end-time="2020-10-05 16:46:29Z" duration="0.001546" asserts="4" />
              <test-case id="3-1060" name="SenseSearch_2WordDefinitionUsed" fullname="SIL.LCModel.Infrastructure.Impl.CmSemanticDomainRepositoryTests.SenseSearch_2WordDefinitionUsed" methodname="SenseSearch_2WordDefinitionUsed" classname="SIL.LCModel.Infrastructure.Impl.CmSemanticDomainRepositoryTests" runstate="Runnable" seed="2038439259" result="Passed" start-time="2020-10-05 16:46:29Z" end-time="2020-10-05 16:46:29Z" duration="0.005637" asserts="6" />
              <test-case id="3-1059" name="SenseSearch_3WordDefinitionNotUsed" fullname="SIL.LCModel.Infrastructure.Impl.CmSemanticDomainRepositoryTests.SenseSearch_3WordDefinitionNotUsed" methodname="SenseSearch_3WordDefinitionNotUsed" classname="SIL.LCModel.Infrastructure.Impl.CmSemanticDomainRepositoryTests" runstate="Runnable" seed="1880998572" result="Passed" start-time="2020-10-05 16:46:29Z" end-time="2020-10-05 16:46:29Z" duration="0.002106" asserts="5" />
              <test-case id="3-1062" name="SenseSearch_KeysNotInFirstAnalysisWs" fullname="SIL.LCModel.Infrastructure.Impl.CmSemanticDomainRepositoryTests.SenseSearch_KeysNotInFirstAnalysisWs" methodname="SenseSearch_KeysNotInFirstAnalysisWs" classname="SIL.LCModel.Infrastructure.Impl.CmSemanticDomainRepositoryTests" runstate="Runnable" seed="2089291668" result="Passed" start-time="2020-10-05 16:46:29Z" end-time="2020-10-05 16:46:29Z" duration="0.003154" asserts="7" />
              <test-case id="3-1058" name="SenseSearch_MultiWordGloss" fullname="SIL.LCModel.Infrastructure.Impl.CmSemanticDomainRepositoryTests.SenseSearch_MultiWordGloss" methodname="SenseSearch_MultiWordGloss" classname="SIL.LCModel.Infrastructure.Impl.CmSemanticDomainRepositoryTests" runstate="Runnable" seed="618862756" result="Passed" start-time="2020-10-05 16:46:29Z" end-time="2020-10-05 16:46:29Z" duration="0.003247" asserts="5" />
              <test-case id="3-1061" name="SenseSearch_OneGlossKey_TwoTwoWordReversals" fullname="SIL.LCModel.Infrastructure.Impl.CmSemanticDomainRepositoryTests.SenseSearch_OneGlossKey_TwoTwoWordReversals" methodname="SenseSearch_OneGlossKey_TwoTwoWordReversals" classname="SIL.LCModel.Infrastructure.Impl.CmSemanticDomainRepositoryTests" runstate="Runnable" seed="1579441325" result="Passed" start-time="2020-10-05 16:46:29Z" end-time="2020-10-05 16:46:29Z" duration="0.002662" asserts="7" />
              <test-case id="3-1057" name="SenseSearch_OneSearchKey" fullname="SIL.LCModel.Infrastructure.Impl.CmSemanticDomainRepositoryTests.SenseSearch_OneSearchKey" methodname="SenseSearch_OneSearchKey" classname="SIL.LCModel.Infrastructure.Impl.CmSemanticDomainRepositoryTests" runstate="Runnable" seed="1784768405" result="Passed" start-time="2020-10-05 16:46:29Z" end-time="2020-10-05 16:46:29Z" duration="0.002000" asserts="4" />
            </test-suite>
            <test-suite type="TestFixture" id="3-1143" name="CustomFieldTests" fullname="SIL.LCModel.Infrastructure.Impl.CustomFieldTests" classname="SIL.LCModel.Infrastructure.Impl.CustomFieldTests" runstate="Runnable" testcasecount="6" result="Passed" start-time="2020-10-05 16:46:29Z" end-time="2020-10-05 16:46:30Z" duration="0.057371" total="6" passed="6" failed="0" warnings="0" inconclusive="0" skipped="0" asserts="10">
              <test-case id="3-1145" name="AddCustomFieldToBogusClassTest" fullname="SIL.LCModel.Infrastructure.Impl.CustomFieldTests.AddCustomFieldToBogusClassTest" methodname="AddCustomFieldToBogusClassTest" classname="SIL.LCModel.Infrastructure.Impl.CustomFieldTests" runstate="Runnable" seed="539197793" result="Passed" start-time="2020-10-05 16:46:30Z" end-time="2020-10-05 16:46:30Z" duration="0.000436" asserts="1" />
              <test-case id="3-1146" name="AddCustomFieldToEmptyClassTest" fullname="SIL.LCModel.Infrastructure.Impl.CustomFieldTests.AddCustomFieldToEmptyClassTest" methodname="AddCustomFieldToEmptyClassTest" classname="SIL.LCModel.Infrastructure.Impl.CustomFieldTests" runstate="Runnable" seed="236239400" result="Passed" start-time="2020-10-05 16:46:30Z" end-time="2020-10-05 16:46:30Z" duration="0.000364" asserts="1" />
              <test-case id="3-1144" name="AddCustomFieldToNonExtantDestClassClassTest" fullname="SIL.LCModel.Infrastructure.Impl.CustomFieldTests.AddCustomFieldToNonExtantDestClassClassTest" methodname="AddCustomFieldToNonExtantDestClassClassTest" classname="SIL.LCModel.Infrastructure.Impl.CustomFieldTests" runstate="Runnable" seed="553947343" result="Passed" start-time="2020-10-05 16:46:30Z" end-time="2020-10-05 16:46:30Z" duration="0.001268" asserts="1" />
              <test-case id="3-1148" name="AddDuplicatedCustomFieldTest" fullname="SIL.LCModel.Infrastructure.Impl.CustomFieldTests.AddDuplicatedCustomFieldTest" methodname="AddDuplicatedCustomFieldTest" classname="SIL.LCModel.Infrastructure.Impl.CustomFieldTests" runstate="Runnable" seed="466648599" result="Passed" start-time="2020-10-05 16:46:30Z" end-time="2020-10-05 16:46:30Z" duration="0.000245" asserts="1" />
              <test-case id="3-1149" name="AddGoodCustomFieldTest" fullname="SIL.LCModel.Infrastructure.Impl.CustomFieldTests.AddGoodCustomFieldTest" methodname="AddGoodCustomFieldTest" classname="SIL.LCModel.Infrastructure.Impl.CustomFieldTests" runstate="Runnable" seed="1941284796" result="Passed" start-time="2020-10-05 16:46:30Z" end-time="2020-10-05 16:46:30Z" duration="0.000227" asserts="5" />
              <test-case id="3-1147" name="AddNullCustomFieldTest" fullname="SIL.LCModel.Infrastructure.Impl.CustomFieldTests.AddNullCustomFieldTest" methodname="AddNullCustomFieldTest" classname="SIL.LCModel.Infrastructure.Impl.CustomFieldTests" runstate="Runnable" seed="1481902" result="Passed" start-time="2020-10-05 16:46:30Z" end-time="2020-10-05 16:46:30Z" duration="0.000279" asserts="1" />
            </test-suite>
            <test-suite type="TestFixture" id="3-1063" name="DataSortingServiceTests" fullname="SIL.LCModel.Infrastructure.Impl.DataSortingServiceTests" classname="SIL.LCModel.Infrastructure.Impl.DataSortingServiceTests" runstate="Runnable" testcasecount="9" result="Passed" start-time="2020-10-05 16:46:30Z" end-time="2020-10-05 16:46:30Z" duration="0.069181" total="9" passed="9" failed="0" warnings="0" inconclusive="0" skipped="0" asserts="63">
              <test-case id="3-1069" name="AttributesAreSorted" fullname="SIL.LCModel.Infrastructure.Impl.DataSortingServiceTests.AttributesAreSorted" methodname="AttributesAreSorted" classname="SIL.LCModel.Infrastructure.Impl.DataSortingServiceTests" runstate="Runnable" seed="1021849649" result="Passed" start-time="2020-10-05 16:46:30Z" end-time="2020-10-05 16:46:30Z" duration="0.000518" asserts="6" />
              <test-case id="3-1065" name="CollectionPropertyIsSorted" fullname="SIL.LCModel.Infrastructure.Impl.DataSortingServiceTests.CollectionPropertyIsSorted" methodname="CollectionPropertyIsSorted" classname="SIL.LCModel.Infrastructure.Impl.DataSortingServiceTests" runstate="Runnable" seed="313406333" result="Passed" start-time="2020-10-05 16:46:30Z" end-time="2020-10-05 16:46:30Z" duration="0.000303" asserts="4" />
              <test-case id="3-1070" name="CustomPropertiesAreSorted" fullname="SIL.LCModel.Infrastructure.Impl.DataSortingServiceTests.CustomPropertiesAreSorted" methodname="CustomPropertiesAreSorted" classname="SIL.LCModel.Infrastructure.Impl.DataSortingServiceTests" runstate="Runnable" seed="988088206" result="Passed" start-time="2020-10-05 16:46:30Z" end-time="2020-10-05 16:46:30Z" duration="0.001515" asserts="26" />
              <test-case id="3-1066" name="DuplicatesInCollectionPropertyAreRemoved" fullname="SIL.LCModel.Infrastructure.Impl.DataSortingServiceTests.DuplicatesInCollectionPropertyAreRemoved" methodname="DuplicatesInCollectionPropertyAreRemoved" classname="SIL.LCModel.Infrastructure.Impl.DataSortingServiceTests" runstate="Runnable" seed="1856699779" result="Passed" start-time="2020-10-05 16:46:30Z" end-time="2020-10-05 16:46:30Z" duration="0.000340" asserts="4" />
              <test-case id="3-1068" name="MultiSomethingPropertyIsSorted" fullname="SIL.LCModel.Infrastructure.Impl.DataSortingServiceTests.MultiSomethingPropertyIsSorted" methodname="MultiSomethingPropertyIsSorted" classname="SIL.LCModel.Infrastructure.Impl.DataSortingServiceTests" runstate="Runnable" seed="472530387" result="Passed" start-time="2020-10-05 16:46:30Z" end-time="2020-10-05 16:46:30Z" duration="0.000327" asserts="4" />
              <test-case id="3-1064" name="OneItemInCollectionRemains" fullname="SIL.LCModel.Infrastructure.Impl.DataSortingServiceTests.OneItemInCollectionRemains" methodname="OneItemInCollectionRemains" classname="SIL.LCModel.Infrastructure.Impl.DataSortingServiceTests" runstate="Runnable" seed="1614681901" result="Passed" start-time="2020-10-05 16:46:30Z" end-time="2020-10-05 16:46:30Z" duration="0.000222" asserts="3" />
              <test-case id="3-1067" name="OneItemInMultiRemains" fullname="SIL.LCModel.Infrastructure.Impl.DataSortingServiceTests.OneItemInMultiRemains" methodname="OneItemInMultiRemains" classname="SIL.LCModel.Infrastructure.Impl.DataSortingServiceTests" runstate="Runnable" seed="440536980" result="Passed" start-time="2020-10-05 16:46:30Z" end-time="2020-10-05 16:46:30Z" duration="0.000191" asserts="3" />
              <test-case id="3-1072" name="SortEntireFile" fullname="SIL.LCModel.Infrastructure.Impl.DataSortingServiceTests.SortEntireFile" methodname="SortEntireFile" classname="SIL.LCModel.Infrastructure.Impl.DataSortingServiceTests" runstate="Runnable" seed="528654305" result="Passed" start-time="2020-10-05 16:46:30Z" end-time="2020-10-05 16:46:30Z" duration="0.008989" asserts="3" />
              <test-case id="3-1071" name="SortMainElement" fullname="SIL.LCModel.Infrastructure.Impl.DataSortingServiceTests.SortMainElement" methodname="SortMainElement" classname="SIL.LCModel.Infrastructure.Impl.DataSortingServiceTests" runstate="Runnable" seed="1577521518" result="Passed" start-time="2020-10-05 16:46:30Z" end-time="2020-10-05 16:46:30Z" duration="0.000735" asserts="10" />
            </test-suite>
            <test-suite type="TestFixture" id="3-1122" name="FieldAccessTests" fullname="SIL.LCModel.Infrastructure.Impl.FieldAccessTests" classname="SIL.LCModel.Infrastructure.Impl.FieldAccessTests" runstate="Runnable" testcasecount="20" result="Passed" start-time="2020-10-05 16:46:30Z" end-time="2020-10-05 16:46:30Z" duration="0.075710" total="20" passed="20" failed="0" warnings="0" inconclusive="0" skipped="0" asserts="4295">
              <test-case id="3-1140" name="get_IsValidClassBadTest" fullname="SIL.LCModel.Infrastructure.Impl.FieldAccessTests.get_IsValidClassBadTest" methodname="get_IsValidClassBadTest" classname="SIL.LCModel.Infrastructure.Impl.FieldAccessTests" runstate="Runnable" seed="1728358129" result="Passed" start-time="2020-10-05 16:46:30Z" end-time="2020-10-05 16:46:30Z" duration="0.000455" asserts="1" />
              <test-case id="3-1139" name="get_IsValidClassTest" fullname="SIL.LCModel.Infrastructure.Impl.FieldAccessTests.get_IsValidClassTest" methodname="get_IsValidClassTest" classname="SIL.LCModel.Infrastructure.Impl.FieldAccessTests" runstate="Runnable" seed="1219638434" result="Passed" start-time="2020-10-05 16:46:30Z" end-time="2020-10-05 16:46:30Z" duration="0.000200" asserts="4" />
              <test-case id="3-1123" name="get_IsVirtualTest" fullname="SIL.LCModel.Infrastructure.Impl.FieldAccessTests.get_IsVirtualTest" methodname="get_IsVirtualTest" classname="SIL.LCModel.Infrastructure.Impl.FieldAccessTests" runstate="Runnable" seed="847012647" result="Passed" start-time="2020-10-05 16:46:30Z" end-time="2020-10-05 16:46:30Z" duration="0.000141" asserts="1" />
              <test-case id="3-1128" name="GetClsNameForBadFlidTest" fullname="SIL.LCModel.Infrastructure.Impl.FieldAccessTests.GetClsNameForBadFlidTest" methodname="GetClsNameForBadFlidTest" classname="SIL.LCModel.Infrastructure.Impl.FieldAccessTests" runstate="Runnable" seed="1929555897" result="Passed" start-time="2020-10-05 16:46:30Z" end-time="2020-10-05 16:46:30Z" duration="0.000626" asserts="1" />
              <test-case id="3-1127" name="GetDstClsIdTest" fullname="SIL.LCModel.Infrastructure.Impl.FieldAccessTests.GetDstClsIdTest" methodname="GetDstClsIdTest" classname="SIL.LCModel.Infrastructure.Impl.FieldAccessTests" runstate="Runnable" seed="1784175649" result="Passed" start-time="2020-10-05 16:46:30Z" end-time="2020-10-05 16:46:30Z" duration="0.000213" asserts="1" />
              <test-case id="3-1124" name="GetDstClsNameTest" fullname="SIL.LCModel.Infrastructure.Impl.FieldAccessTests.GetDstClsNameTest" methodname="GetDstClsNameTest" classname="SIL.LCModel.Infrastructure.Impl.FieldAccessTests" runstate="Runnable" seed="1385331138" result="Passed" start-time="2020-10-05 16:46:30Z" end-time="2020-10-05 16:46:30Z" duration="0.000283" asserts="1" />
              <test-case id="3-1134" name="GetFieldHelpIsNullTest" fullname="SIL.LCModel.Infrastructure.Impl.FieldAccessTests.GetFieldHelpIsNullTest" methodname="GetFieldHelpIsNullTest" classname="SIL.LCModel.Infrastructure.Impl.FieldAccessTests" runstate="Runnable" seed="960048148" result="Passed" start-time="2020-10-05 16:46:30Z" end-time="2020-10-05 16:46:30Z" duration="0.000133" asserts="1" />
              <test-case id="3-1130" name="GetFieldIdsTest" fullname="SIL.LCModel.Infrastructure.Impl.FieldAccessTests.GetFieldIdsTest" methodname="GetFieldIdsTest" classname="SIL.LCModel.Infrastructure.Impl.FieldAccessTests" runstate="Runnable" seed="910345440" result="Passed" start-time="2020-10-05 16:46:30Z" end-time="2020-10-05 16:46:30Z" duration="0.006722" asserts="4248" />
              <test-case id="3-1133" name="GetFieldLabelIsNullTest" fullname="SIL.LCModel.Infrastructure.Impl.FieldAccessTests.GetFieldLabelIsNullTest" methodname="GetFieldLabelIsNullTest" classname="SIL.LCModel.Infrastructure.Impl.FieldAccessTests" runstate="Runnable" seed="386778610" result="Passed" start-time="2020-10-05 16:46:30Z" end-time="2020-10-05 16:46:30Z" duration="0.000174" asserts="1" />
              <test-case id="3-1136" name="GetFieldListRootIsZeroTest" fullname="SIL.LCModel.Infrastructure.Impl.FieldAccessTests.GetFieldListRootIsZeroTest" methodname="GetFieldListRootIsZeroTest" classname="SIL.LCModel.Infrastructure.Impl.FieldAccessTests" runstate="Runnable" seed="454225514" result="Passed" start-time="2020-10-05 16:46:30Z" end-time="2020-10-05 16:46:30Z" duration="0.000452" asserts="1" />
              <test-case id="3-1142" name="GetFieldNameOrNull" fullname="SIL.LCModel.Infrastructure.Impl.FieldAccessTests.GetFieldNameOrNull" methodname="GetFieldNameOrNull" classname="SIL.LCModel.Infrastructure.Impl.FieldAccessTests" runstate="Runnable" seed="1354107972" result="Passed" start-time="2020-10-05 16:46:30Z" end-time="2020-10-05 16:46:30Z" duration="0.000316" asserts="2" />
              <test-case id="3-1132" name="GetFieldNameTest" fullname="SIL.LCModel.Infrastructure.Impl.FieldAccessTests.GetFieldNameTest" methodname="GetFieldNameTest" classname="SIL.LCModel.Infrastructure.Impl.FieldAccessTests" runstate="Runnable" seed="1762695014" result="Passed" start-time="2020-10-05 16:46:30Z" end-time="2020-10-05 16:46:30Z" duration="0.000131" asserts="1" />
              <test-case id="3-1138" name="GetFieldTypeTest" fullname="SIL.LCModel.Infrastructure.Impl.FieldAccessTests.GetFieldTypeTest" methodname="GetFieldTypeTest" classname="SIL.LCModel.Infrastructure.Impl.FieldAccessTests" runstate="Runnable" seed="1193601390" result="Passed" start-time="2020-10-05 16:46:30Z" end-time="2020-10-05 16:46:30Z" duration="0.001016" asserts="16" />
              <test-case id="3-1137" name="GetFieldWsIsZeroTest" fullname="SIL.LCModel.Infrastructure.Impl.FieldAccessTests.GetFieldWsIsZeroTest" methodname="GetFieldWsIsZeroTest" classname="SIL.LCModel.Infrastructure.Impl.FieldAccessTests" runstate="Runnable" seed="528656190" result="Passed" start-time="2020-10-05 16:46:30Z" end-time="2020-10-05 16:46:30Z" duration="0.000146" asserts="1" />
              <test-case id="3-1135" name="GetFieldXmlIsNullTest" fullname="SIL.LCModel.Infrastructure.Impl.FieldAccessTests.GetFieldXmlIsNullTest" methodname="GetFieldXmlIsNullTest" classname="SIL.LCModel.Infrastructure.Impl.FieldAccessTests" runstate="Runnable" seed="1340185894" result="Passed" start-time="2020-10-05 16:46:30Z" end-time="2020-10-05 16:46:30Z" duration="0.000288" asserts="1" />
              <test-case id="3-1131" name="GetIncomingFieldsTest" fullname="SIL.LCModel.Infrastructure.Impl.FieldAccessTests.GetIncomingFieldsTest" methodname="GetIncomingFieldsTest" classname="SIL.LCModel.Infrastructure.Impl.FieldAccessTests" runstate="Runnable" seed="103761945" result="Passed" start-time="2020-10-05 16:46:30Z" end-time="2020-10-05 16:46:30Z" duration="0.004550" asserts="10" />
              <test-case id="3-1129" name="GetNonExistingFlidTest" fullname="SIL.LCModel.Infrastructure.Impl.FieldAccessTests.GetNonExistingFlidTest" methodname="GetNonExistingFlidTest" classname="SIL.LCModel.Infrastructure.Impl.FieldAccessTests" runstate="Runnable" seed="1508762214" result="Passed" start-time="2020-10-05 16:46:30Z" end-time="2020-10-05 16:46:30Z" duration="0.000303" asserts="1" />
              <test-case id="3-1126" name="GetOwnClsIdTest" fullname="SIL.LCModel.Infrastructure.Impl.FieldAccessTests.GetOwnClsIdTest" methodname="GetOwnClsIdTest" classname="SIL.LCModel.Infrastructure.Impl.FieldAccessTests" runstate="Runnable" seed="1513864504" result="Passed" start-time="2020-10-05 16:46:30Z" end-time="2020-10-05 16:46:30Z" duration="0.000175" asserts="1" />
              <test-case id="3-1125" name="GetOwnClsNameTest" fullname="SIL.LCModel.Infrastructure.Impl.FieldAccessTests.GetOwnClsNameTest" methodname="GetOwnClsNameTest" classname="SIL.LCModel.Infrastructure.Impl.FieldAccessTests" runstate="Runnable" seed="757046811" result="Passed" start-time="2020-10-05 16:46:30Z" end-time="2020-10-05 16:46:30Z" duration="0.000146" asserts="1" />
              <test-case id="3-1141" name="Nonmodel_flid_is_bad_for_finding_FieldType" fullname="SIL.LCModel.Infrastructure.Impl.FieldAccessTests.Nonmodel_flid_is_bad_for_finding_FieldType" methodname="Nonmodel_flid_is_bad_for_finding_FieldType" classname="SIL.LCModel.Infrastructure.Impl.FieldAccessTests" runstate="Runnable" seed="821414394" result="Passed" start-time="2020-10-05 16:46:30Z" end-time="2020-10-05 16:46:30Z" duration="0.000257" asserts="1" />
            </test-suite>
            <test-suite type="TestFixture" id="3-1180" name="LcmInvertSetTests" fullname="SIL.LCModel.Infrastructure.Impl.LcmInvertSetTests" classname="SIL.LCModel.Infrastructure.Impl.LcmInvertSetTests" runstate="Runnable" testcasecount="2" result="Passed" start-time="2020-10-05 16:46:30Z" end-time="2020-10-05 16:46:30Z" duration="0.062439" total="2" passed="2" failed="0" warnings="0" inconclusive="0" skipped="0" asserts="26">
              <test-case id="3-1182" name="AddRemove" fullname="SIL.LCModel.Infrastructure.Impl.LcmInvertSetTests.AddRemove" methodname="AddRemove" classname="SIL.LCModel.Infrastructure.Impl.LcmInvertSetTests" runstate="Runnable" seed="1040411049" result="Passed" start-time="2020-10-05 16:46:30Z" end-time="2020-10-05 16:46:30Z" duration="0.002314" asserts="11" />
              <test-case id="3-1181" name="Replace" fullname="SIL.LCModel.Infrastructure.Impl.LcmInvertSetTests.Replace" methodname="Replace" classname="SIL.LCModel.Infrastructure.Impl.LcmInvertSetTests" runstate="Runnable" seed="1891516499" result="Passed" start-time="2020-10-05 16:46:30Z" end-time="2020-10-05 16:46:30Z" duration="0.002454" asserts="15" />
            </test-suite>
            <test-suite type="TestFixture" id="3-1216" name="MoStemAllomorphRepositoryTests" fullname="SIL.LCModel.Infrastructure.Impl.MoStemAllomorphRepositoryTests" classname="SIL.LCModel.Infrastructure.Impl.MoStemAllomorphRepositoryTests" runstate="Runnable" testcasecount="1" result="Passed" start-time="2020-10-05 16:46:30Z" end-time="2020-10-05 16:46:30Z" duration="0.058823" total="1" passed="1" failed="0" warnings="0" inconclusive="0" skipped="0" asserts="16">
              <test-case id="3-1217" name="MonomorphemicMorphData" fullname="SIL.LCModel.Infrastructure.Impl.MoStemAllomorphRepositoryTests.MonomorphemicMorphData" methodname="MonomorphemicMorphData" classname="SIL.LCModel.Infrastructure.Impl.MoStemAllomorphRepositoryTests" runstate="Runnable" seed="432658796" result="Passed" start-time="2020-10-05 16:46:30Z" end-time="2020-10-05 16:46:30Z" duration="0.003502" asserts="16" />
            </test-suite>
            <test-suite type="TestFixture" id="3-1177" name="NotImplementedTests" fullname="SIL.LCModel.Infrastructure.Impl.NotImplementedTests" classname="SIL.LCModel.Infrastructure.Impl.NotImplementedTests" runstate="Runnable" testcasecount="2" result="Passed" start-time="2020-10-05 16:46:30Z" end-time="2020-10-05 16:46:30Z" duration="0.058362" total="2" passed="2" failed="0" warnings="0" inconclusive="0" skipped="0" asserts="2">
              <test-case id="3-1179" name="AddVirtualProp" fullname="SIL.LCModel.Infrastructure.Impl.NotImplementedTests.AddVirtualProp" methodname="AddVirtualProp" classname="SIL.LCModel.Infrastructure.Impl.NotImplementedTests" runstate="Runnable" seed="408076156" result="Passed" start-time="2020-10-05 16:46:30Z" end-time="2020-10-05 16:46:30Z" duration="0.000532" asserts="1" />
              <test-case id="3-1178" name="InitXmlTest" fullname="SIL.LCModel.Infrastructure.Impl.NotImplementedTests.InitXmlTest" methodname="InitXmlTest" classname="SIL.LCModel.Infrastructure.Impl.NotImplementedTests" runstate="Runnable" seed="1096232847" result="Passed" start-time="2020-10-05 16:46:30Z" end-time="2020-10-05 16:46:30Z" duration="0.000360" asserts="1" />
            </test-suite>
            <test-suite type="TestFixture" id="3-1192" name="PropChangedTests" fullname="SIL.LCModel.Infrastructure.Impl.PropChangedTests" classname="SIL.LCModel.Infrastructure.Impl.PropChangedTests" runstate="Runnable" testcasecount="13" result="Passed" start-time="2020-10-05 16:46:30Z" end-time="2020-10-05 16:46:30Z" duration="0.074273" total="13" passed="13" failed="0" warnings="0" inconclusive="0" skipped="0" asserts="299">
              <test-case id="3-1204" name="AtomicItemTests" fullname="SIL.LCModel.Infrastructure.Impl.PropChangedTests.AtomicItemTests" methodname="AtomicItemTests" classname="SIL.LCModel.Infrastructure.Impl.PropChangedTests" runstate="Runnable" seed="949657619" result="Passed" start-time="2020-10-05 16:46:30Z" end-time="2020-10-05 16:46:30Z" duration="0.002780" asserts="36" />
              <test-case id="3-1205" name="CustomPropertyTests" fullname="SIL.LCModel.Infrastructure.Impl.PropChangedTests.CustomPropertyTests" methodname="CustomPropertyTests" classname="SIL.LCModel.Infrastructure.Impl.PropChangedTests" runstate="Runnable" seed="424144584" result="Passed" start-time="2020-10-05 16:46:30Z" end-time="2020-10-05 16:46:30Z" duration="0.001462" asserts="25" />
              <test-case id="3-1197" name="kcptBinaryTests" fullname="SIL.LCModel.Infrastructure.Impl.PropChangedTests.kcptBinaryTests" methodname="kcptBinaryTests" classname="SIL.LCModel.Infrastructure.Impl.PropChangedTests" runstate="Runnable" seed="146945299" result="Passed" start-time="2020-10-05 16:46:30Z" end-time="2020-10-05 16:46:30Z" duration="0.000706" asserts="12" />
              <test-case id="3-1199" name="kcptBooleanTests" fullname="SIL.LCModel.Infrastructure.Impl.PropChangedTests.kcptBooleanTests" methodname="kcptBooleanTests" classname="SIL.LCModel.Infrastructure.Impl.PropChangedTests" runstate="Runnable" seed="1500629986" result="Passed" start-time="2020-10-05 16:46:30Z" end-time="2020-10-05 16:46:30Z" duration="0.001141" asserts="19" />
              <test-case id="3-1202" name="kcptGenDateTests" fullname="SIL.LCModel.Infrastructure.Impl.PropChangedTests.kcptGenDateTests" methodname="kcptGenDateTests" classname="SIL.LCModel.Infrastructure.Impl.PropChangedTests" runstate="Runnable" seed="705717062" result="Passed" start-time="2020-10-05 16:46:30Z" end-time="2020-10-05 16:46:30Z" duration="0.001044" asserts="6" />
              <test-case id="3-1203" name="kcptGuidTests" fullname="SIL.LCModel.Infrastructure.Impl.PropChangedTests.kcptGuidTests" methodname="kcptGuidTests" classname="SIL.LCModel.Infrastructure.Impl.PropChangedTests" runstate="Runnable" seed="1790035026" result="Passed" start-time="2020-10-05 16:46:30Z" end-time="2020-10-05 16:46:30Z" duration="0.000725" asserts="18" />
              <test-case id="3-1201" name="kcptIntegerTests" fullname="SIL.LCModel.Infrastructure.Impl.PropChangedTests.kcptIntegerTests" methodname="kcptIntegerTests" classname="SIL.LCModel.Infrastructure.Impl.PropChangedTests" runstate="Runnable" seed="439033113" result="Passed" start-time="2020-10-05 16:46:30Z" end-time="2020-10-05 16:46:30Z" duration="0.000923" asserts="12" />
              <test-case id="3-1194" name="kcptStringTests" fullname="SIL.LCModel.Infrastructure.Impl.PropChangedTests.kcptStringTests" methodname="kcptStringTests" classname="SIL.LCModel.Infrastructure.Impl.PropChangedTests" runstate="Runnable" seed="853541314" result="Passed" start-time="2020-10-05 16:46:30Z" end-time="2020-10-05 16:46:30Z" duration="0.001344" asserts="37" />
              <test-case id="3-1200" name="kcptTimeTests" fullname="SIL.LCModel.Infrastructure.Impl.PropChangedTests.kcptTimeTests" methodname="kcptTimeTests" classname="SIL.LCModel.Infrastructure.Impl.PropChangedTests" runstate="Runnable" seed="1762303602" result="Passed" start-time="2020-10-05 16:46:30Z" end-time="2020-10-05 16:46:30Z" duration="0.000321" asserts="6" />
              <test-case id="3-1195" name="kcptUnicodeTests" fullname="SIL.LCModel.Infrastructure.Impl.PropChangedTests.kcptUnicodeTests" methodname="kcptUnicodeTests" classname="SIL.LCModel.Infrastructure.Impl.PropChangedTests" runstate="Runnable" seed="256199468" result="Passed" start-time="2020-10-05 16:46:30Z" end-time="2020-10-05 16:46:30Z" duration="0.001028" asserts="36" />
              <test-case id="3-1196" name="MultiUnicodeTests" fullname="SIL.LCModel.Infrastructure.Impl.PropChangedTests.MultiUnicodeTests" methodname="MultiUnicodeTests" classname="SIL.LCModel.Infrastructure.Impl.PropChangedTests" runstate="Runnable" seed="984215521" result="Passed" start-time="2020-10-05 16:46:30Z" end-time="2020-10-05 16:46:30Z" duration="0.001470" asserts="12" />
              <test-case id="3-1198" name="UnknownTests" fullname="SIL.LCModel.Infrastructure.Impl.PropChangedTests.UnknownTests" methodname="UnknownTests" classname="SIL.LCModel.Infrastructure.Impl.PropChangedTests" runstate="Runnable" seed="924726753" result="Passed" start-time="2020-10-05 16:46:30Z" end-time="2020-10-05 16:46:30Z" duration="0.000604" asserts="12" />
              <test-case id="3-1193" name="VectorPropertyTests" fullname="SIL.LCModel.Infrastructure.Impl.PropChangedTests.VectorPropertyTests" methodname="VectorPropertyTests" classname="SIL.LCModel.Infrastructure.Impl.PropChangedTests" runstate="Runnable" seed="1971441475" result="Passed" start-time="2020-10-05 16:46:30Z" end-time="2020-10-05 16:46:30Z" duration="0.005533" asserts="68" />
            </test-suite>
            <test-suite type="TestFixture" id="3-1218" name="PunctuationFormRepositoryTests" fullname="SIL.LCModel.Infrastructure.Impl.PunctuationFormRepositoryTests" classname="SIL.LCModel.Infrastructure.Impl.PunctuationFormRepositoryTests" runstate="Runnable" testcasecount="8" result="Passed" start-time="2020-10-05 16:46:30Z" end-time="2020-10-05 16:46:30Z" duration="0.075185" total="8" passed="8" failed="0" warnings="0" inconclusive="0" skipped="0" asserts="12">
              <test-case id="3-1220" name="TryGetObject_ORC_Twice_WsOnly" fullname="SIL.LCModel.Infrastructure.Impl.PunctuationFormRepositoryTests.TryGetObject_ORC_Twice_WsOnly" methodname="TryGetObject_ORC_Twice_WsOnly" classname="SIL.LCModel.Infrastructure.Impl.PunctuationFormRepositoryTests" runstate="Runnable" seed="460762070" result="Passed" start-time="2020-10-05 16:46:30Z" end-time="2020-10-05 16:46:30Z" duration="0.000768" asserts="2" />
              <test-case id="3-1222" name="TryGetObject_ORCWithDifferentProps_ObjData" fullname="SIL.LCModel.Infrastructure.Impl.PunctuationFormRepositoryTests.TryGetObject_ORCWithDifferentProps_ObjData" methodname="TryGetObject_ORCWithDifferentProps_ObjData" classname="SIL.LCModel.Infrastructure.Impl.PunctuationFormRepositoryTests" runstate="Runnable" seed="1800122141" result="Passed" start-time="2020-10-05 16:46:30Z" end-time="2020-10-05 16:46:30Z" duration="0.001716" asserts="1" />
              <test-case id="3-1219" name="TryGetObject_ORCWithDifferentProps_WsOnly" fullname="SIL.LCModel.Infrastructure.Impl.PunctuationFormRepositoryTests.TryGetObject_ORCWithDifferentProps_WsOnly" methodname="TryGetObject_ORCWithDifferentProps_WsOnly" classname="SIL.LCModel.Infrastructure.Impl.PunctuationFormRepositoryTests" runstate="Runnable" seed="1784948566" result="Passed" start-time="2020-10-05 16:46:30Z" end-time="2020-10-05 16:46:30Z" duration="0.000482" asserts="1" />
              <test-case id="3-1223" name="TryGetObject_ORCWithSameProps_ObjData" fullname="SIL.LCModel.Infrastructure.Impl.PunctuationFormRepositoryTests.TryGetObject_ORCWithSameProps_ObjData" methodname="TryGetObject_ORCWithSameProps_ObjData" classname="SIL.LCModel.Infrastructure.Impl.PunctuationFormRepositoryTests" runstate="Runnable" seed="1349622944" result="Passed" start-time="2020-10-05 16:46:30Z" end-time="2020-10-05 16:46:30Z" duration="0.000431" asserts="2" />
              <test-case id="3-1221" name="TryGetObject_ORCWithSameProps_WsOnly" fullname="SIL.LCModel.Infrastructure.Impl.PunctuationFormRepositoryTests.TryGetObject_ORCWithSameProps_WsOnly" methodname="TryGetObject_ORCWithSameProps_WsOnly" classname="SIL.LCModel.Infrastructure.Impl.PunctuationFormRepositoryTests" runstate="Runnable" seed="1042353235" result="Passed" start-time="2020-10-05 16:46:30Z" end-time="2020-10-05 16:46:30Z" duration="0.000420" asserts="2" />
              <test-case id="3-1226" name="TryGetObject_PlainPunctString_Exists" fullname="SIL.LCModel.Infrastructure.Impl.PunctuationFormRepositoryTests.TryGetObject_PlainPunctString_Exists" methodname="TryGetObject_PlainPunctString_Exists" classname="SIL.LCModel.Infrastructure.Impl.PunctuationFormRepositoryTests" runstate="Runnable" seed="1387554781" result="Passed" start-time="2020-10-05 16:46:30Z" end-time="2020-10-05 16:46:30Z" duration="0.000355" asserts="2" />
              <test-case id="3-1224" name="TryGetObject_PlainPunctString_NotExists" fullname="SIL.LCModel.Infrastructure.Impl.PunctuationFormRepositoryTests.TryGetObject_PlainPunctString_NotExists" methodname="TryGetObject_PlainPunctString_NotExists" classname="SIL.LCModel.Infrastructure.Impl.PunctuationFormRepositoryTests" runstate="Runnable" seed="758894025" result="Passed" start-time="2020-10-05 16:46:30Z" end-time="2020-10-05 16:46:30Z" duration="0.000194" asserts="1" />
              <test-case id="3-1225" name="TryGetObject_PlainPunctString_NotExists_ORCTableNotEmpty" fullname="SIL.LCModel.Infrastructure.Impl.PunctuationFormRepositoryTests.TryGetObject_PlainPunctString_NotExists_ORCTableNotEmpty" methodname="TryGetObject_PlainPunctString_NotExists_ORCTableNotEmpty" classname="SIL.LCModel.Infrastructure.Impl.PunctuationFormRepositoryTests" runstate="Runnable" seed="1839626116" result="Passed" start-time="2020-10-05 16:46:30Z" end-time="2020-10-05 16:46:30Z" duration="0.000441" asserts="1" />
            </test-suite>
            <test-suite type="TestFixture" id="3-1206" name="RepositoryTests" fullname="SIL.LCModel.Infrastructure.Impl.RepositoryTests" classname="SIL.LCModel.Infrastructure.Impl.RepositoryTests" runstate="Runnable" testcasecount="9" result="Passed" start-time="2020-10-05 16:46:30Z" end-time="2020-10-05 16:46:30Z" duration="0.078026" total="9" passed="9" failed="0" warnings="0" inconclusive="0" skipped="0" asserts="65">
              <test-case id="3-1208" name="CmPossibilityRelatedRepositoryTests" fullname="SIL.LCModel.Infrastructure.Impl.RepositoryTests.CmPossibilityRelatedRepositoryTests" methodname="CmPossibilityRelatedRepositoryTests" classname="SIL.LCModel.Infrastructure.Impl.RepositoryTests" runstate="Runnable" seed="818499138" result="Passed" start-time="2020-10-05 16:46:30Z" end-time="2020-10-05 16:46:30Z" duration="0.017959" asserts="33" />
              <test-case id="3-1215" name="GetAllInstancesTest" fullname="SIL.LCModel.Infrastructure.Impl.RepositoryTests.GetAllInstancesTest" methodname="GetAllInstancesTest" classname="SIL.LCModel.Infrastructure.Impl.RepositoryTests" runstate="Runnable" seed="753776041" result="Passed" start-time="2020-10-05 16:46:30Z" end-time="2020-10-05 16:46:30Z" duration="0.000518" asserts="20" />
              <test-case id="3-1210" name="GetNonExistantObjectByGuidTest" fullname="SIL.LCModel.Infrastructure.Impl.RepositoryTests.GetNonExistantObjectByGuidTest" methodname="GetNonExistantObjectByGuidTest" classname="SIL.LCModel.Infrastructure.Impl.RepositoryTests" runstate="Runnable" seed="587331360" result="Passed" start-time="2020-10-05 16:46:30Z" end-time="2020-10-05 16:46:30Z" duration="0.000375" asserts="1" />
              <test-case id="3-1211" name="GetNonExistantObjectByGuidTest2" fullname="SIL.LCModel.Infrastructure.Impl.RepositoryTests.GetNonExistantObjectByGuidTest2" methodname="GetNonExistantObjectByGuidTest2" classname="SIL.LCModel.Infrastructure.Impl.RepositoryTests" runstate="Runnable" seed="1136085000" result="Passed" start-time="2020-10-05 16:46:30Z" end-time="2020-10-05 16:46:30Z" duration="0.000285" asserts="1" />
              <test-case id="3-1213" name="GetNonExtistantObjectByHvoTest" fullname="SIL.LCModel.Infrastructure.Impl.RepositoryTests.GetNonExtistantObjectByHvoTest" methodname="GetNonExtistantObjectByHvoTest" classname="SIL.LCModel.Infrastructure.Impl.RepositoryTests" runstate="Runnable" seed="1974103747" result="Passed" start-time="2020-10-05 16:46:30Z" end-time="2020-10-05 16:46:30Z" duration="0.000267" asserts="1" />
              <test-case id="3-1212" name="GetObjectByGuidTest" fullname="SIL.LCModel.Infrastructure.Impl.RepositoryTests.GetObjectByGuidTest" methodname="GetObjectByGuidTest" classname="SIL.LCModel.Infrastructure.Impl.RepositoryTests" runstate="Runnable" seed="1768733419" result="Passed" start-time="2020-10-05 16:46:30Z" end-time="2020-10-05 16:46:30Z" duration="0.000163" asserts="1" />
              <test-case id="3-1214" name="GetObjectByHvoTest" fullname="SIL.LCModel.Infrastructure.Impl.RepositoryTests.GetObjectByHvoTest" methodname="GetObjectByHvoTest" classname="SIL.LCModel.Infrastructure.Impl.RepositoryTests" runstate="Runnable" seed="1110077952" result="Passed" start-time="2020-10-05 16:46:30Z" end-time="2020-10-05 16:46:30Z" duration="0.000133" asserts="1" />
              <test-case id="3-1207" name="LangProjRepositoryTests" fullname="SIL.LCModel.Infrastructure.Impl.RepositoryTests.LangProjRepositoryTests" methodname="LangProjRepositoryTests" classname="SIL.LCModel.Infrastructure.Impl.RepositoryTests" runstate="Runnable" seed="2133355914" result="Passed" start-time="2020-10-05 16:46:30Z" end-time="2020-10-05 16:46:30Z" duration="0.000443" asserts="5" />
              <test-case id="3-1209" name="NewInstancesThisSession" fullname="SIL.LCModel.Infrastructure.Impl.RepositoryTests.NewInstancesThisSession" methodname="NewInstancesThisSession" classname="SIL.LCModel.Infrastructure.Impl.RepositoryTests" runstate="Runnable" seed="907348851" result="Passed" start-time="2020-10-05 16:46:30Z" end-time="2020-10-05 16:46:30Z" duration="0.000561" asserts="2" />
            </test-suite>
            <test-suite type="TestFixture" id="3-1160" name="ReverseAccessTests" fullname="SIL.LCModel.Infrastructure.Impl.ReverseAccessTests" classname="SIL.LCModel.Infrastructure.Impl.ReverseAccessTests" runstate="Runnable" testcasecount="16" result="Passed" start-time="2020-10-05 16:46:30Z" end-time="2020-10-05 16:46:30Z" duration="0.060545" total="16" passed="16" failed="0" warnings="0" inconclusive="0" skipped="0" asserts="210">
              <test-case id="3-1176" name="GetAllSubclassesCmObjectTest" fullname="SIL.LCModel.Infrastructure.Impl.ReverseAccessTests.GetAllSubclassesCmObjectTest" methodname="GetAllSubclassesCmObjectTest" classname="SIL.LCModel.Infrastructure.Impl.ReverseAccessTests" runstate="Runnable" seed="654578452" result="Passed" start-time="2020-10-05 16:46:30Z" end-time="2020-10-05 16:46:30Z" duration="0.000596" asserts="1" />
              <test-case id="3-1174" name="GetAllSubclassesMoFormAllTest" fullname="SIL.LCModel.Infrastructure.Impl.ReverseAccessTests.GetAllSubclassesMoFormAllTest" methodname="GetAllSubclassesMoFormAllTest" classname="SIL.LCModel.Infrastructure.Impl.ReverseAccessTests" runstate="Runnable" seed="2051517656" result="Passed" start-time="2020-10-05 16:46:30Z" end-time="2020-10-05 16:46:30Z" duration="0.000238" asserts="1" />
              <test-case id="3-1175" name="GetAllSubclassesMoFormLimitedTest" fullname="SIL.LCModel.Infrastructure.Impl.ReverseAccessTests.GetAllSubclassesMoFormLimitedTest" methodname="GetAllSubclassesMoFormLimitedTest" classname="SIL.LCModel.Infrastructure.Impl.ReverseAccessTests" runstate="Runnable" seed="1191190909" result="Passed" start-time="2020-10-05 16:46:30Z" end-time="2020-10-05 16:46:30Z" duration="0.000239" asserts="1" />
              <test-case id="3-1173" name="GetAllSubclassesPartOfSpeechTest" fullname="SIL.LCModel.Infrastructure.Impl.ReverseAccessTests.GetAllSubclassesPartOfSpeechTest" methodname="GetAllSubclassesPartOfSpeechTest" classname="SIL.LCModel.Infrastructure.Impl.ReverseAccessTests" runstate="Runnable" seed="1104246148" result="Passed" start-time="2020-10-05 16:46:30Z" end-time="2020-10-05 16:46:30Z" duration="0.000233" asserts="1" />
              <test-case id="3-1162" name="GetClassIdBadTest" fullname="SIL.LCModel.Infrastructure.Impl.ReverseAccessTests.GetClassIdBadTest" methodname="GetClassIdBadTest" classname="SIL.LCModel.Infrastructure.Impl.ReverseAccessTests" runstate="Runnable" seed="671793366" result="Passed" start-time="2020-10-05 16:46:30Z" end-time="2020-10-05 16:46:30Z" duration="0.000409" asserts="1" />
              <test-case id="3-1161" name="GetClassIdTest" fullname="SIL.LCModel.Infrastructure.Impl.ReverseAccessTests.GetClassIdTest" methodname="GetClassIdTest" classname="SIL.LCModel.Infrastructure.Impl.ReverseAccessTests" runstate="Runnable" seed="34022518" result="Passed" start-time="2020-10-05 16:46:30Z" end-time="2020-10-05 16:46:30Z" duration="0.000173" asserts="1" />
              <test-case id="3-1172" name="GetDirectSubclassesCountUnknownTest" fullname="SIL.LCModel.Infrastructure.Impl.ReverseAccessTests.GetDirectSubclassesCountUnknownTest" methodname="GetDirectSubclassesCountUnknownTest" classname="SIL.LCModel.Infrastructure.Impl.ReverseAccessTests" runstate="Runnable" seed="588171665" result="Passed" start-time="2020-10-05 16:46:30Z" end-time="2020-10-05 16:46:30Z" duration="0.000393" asserts="1" />
              <test-case id="3-1171" name="GetDirectSubclassesTest" fullname="SIL.LCModel.Infrastructure.Impl.ReverseAccessTests.GetDirectSubclassesTest" methodname="GetDirectSubclassesTest" classname="SIL.LCModel.Infrastructure.Impl.ReverseAccessTests" runstate="Runnable" seed="1786678151" result="Passed" start-time="2020-10-05 16:46:30Z" end-time="2020-10-05 16:46:30Z" duration="0.000740" asserts="195" />
              <test-case id="3-1169" name="GetFieldId2SansSuperClassCheckBadTest1" fullname="SIL.LCModel.Infrastructure.Impl.ReverseAccessTests.GetFieldId2SansSuperClassCheckBadTest1" methodname="GetFieldId2SansSuperClassCheckBadTest1" classname="SIL.LCModel.Infrastructure.Impl.ReverseAccessTests" runstate="Runnable" seed="172102346" result="Passed" start-time="2020-10-05 16:46:30Z" end-time="2020-10-05 16:46:30Z" duration="0.000307" asserts="1" />
              <test-case id="3-1167" name="GetFieldId2SansSuperClassCheckTest" fullname="SIL.LCModel.Infrastructure.Impl.ReverseAccessTests.GetFieldId2SansSuperClassCheckTest" methodname="GetFieldId2SansSuperClassCheckTest" classname="SIL.LCModel.Infrastructure.Impl.ReverseAccessTests" runstate="Runnable" seed="2134104361" result="Passed" start-time="2020-10-05 16:46:30Z" end-time="2020-10-05 16:46:30Z" duration="0.000188" asserts="1" />
              <test-case id="3-1170" name="GetFieldId2WithSuperClassCheckBadTest" fullname="SIL.LCModel.Infrastructure.Impl.ReverseAccessTests.GetFieldId2WithSuperClassCheckBadTest" methodname="GetFieldId2WithSuperClassCheckBadTest" classname="SIL.LCModel.Infrastructure.Impl.ReverseAccessTests" runstate="Runnable" seed="1492380763" result="Passed" start-time="2020-10-05 16:46:30Z" end-time="2020-10-05 16:46:30Z" duration="0.000274" asserts="1" />
              <test-case id="3-1168" name="GetFieldId2WithSuperClassCheckTest" fullname="SIL.LCModel.Infrastructure.Impl.ReverseAccessTests.GetFieldId2WithSuperClassCheckTest" methodname="GetFieldId2WithSuperClassCheckTest" classname="SIL.LCModel.Infrastructure.Impl.ReverseAccessTests" runstate="Runnable" seed="1731541577" result="Passed" start-time="2020-10-05 16:46:30Z" end-time="2020-10-05 16:46:30Z" duration="0.000170" asserts="1" />
              <test-case id="3-1165" name="GetFieldIdSansSuperClassCheckBadTest1" fullname="SIL.LCModel.Infrastructure.Impl.ReverseAccessTests.GetFieldIdSansSuperClassCheckBadTest1" methodname="GetFieldIdSansSuperClassCheckBadTest1" classname="SIL.LCModel.Infrastructure.Impl.ReverseAccessTests" runstate="Runnable" seed="2006019602" result="Passed" start-time="2020-10-05 16:46:30Z" end-time="2020-10-05 16:46:30Z" duration="0.000315" asserts="1" />
              <test-case id="3-1163" name="GetFieldIdSansSuperClassCheckTest" fullname="SIL.LCModel.Infrastructure.Impl.ReverseAccessTests.GetFieldIdSansSuperClassCheckTest" methodname="GetFieldIdSansSuperClassCheckTest" classname="SIL.LCModel.Infrastructure.Impl.ReverseAccessTests" runstate="Runnable" seed="635534430" result="Passed" start-time="2020-10-05 16:46:30Z" end-time="2020-10-05 16:46:30Z" duration="0.000221" asserts="1" />
              <test-case id="3-1166" name="GetFieldIdWithSuperClassCheckBadTest" fullname="SIL.LCModel.Infrastructure.Impl.ReverseAccessTests.GetFieldIdWithSuperClassCheckBadTest" methodname="GetFieldIdWithSuperClassCheckBadTest" classname="SIL.LCModel.Infrastructure.Impl.ReverseAccessTests" runstate="Runnable" seed="1935253362" result="Passed" start-time="2020-10-05 16:46:30Z" end-time="2020-10-05 16:46:30Z" duration="0.000298" asserts="1" />
              <test-case id="3-1164" name="GetFieldIdWithSuperClassCheckTest" fullname="SIL.LCModel.Infrastructure.Impl.ReverseAccessTests.GetFieldIdWithSuperClassCheckTest" methodname="GetFieldIdWithSuperClassCheckTest" classname="SIL.LCModel.Infrastructure.Impl.ReverseAccessTests" runstate="Runnable" seed="312266053" result="Passed" start-time="2020-10-05 16:46:30Z" end-time="2020-10-05 16:46:30Z" duration="0.000211" asserts="1" />
            </test-suite>
            <test-suite type="TestFixture" id="3-1227" name="TestBigSorting" fullname="SIL.LCModel.Infrastructure.Impl.TestBigSorting" classname="SIL.LCModel.Infrastructure.Impl.TestBigSorting" runstate="Runnable" testcasecount="4" result="Passed" start-time="2020-10-05 16:46:30Z" end-time="2020-10-05 16:46:30Z" duration="0.019120" total="4" passed="4" failed="0" warnings="0" inconclusive="0" skipped="0" asserts="6211">
              <test-case id="3-1228" name="EmptyList" fullname="SIL.LCModel.Infrastructure.Impl.TestBigSorting.EmptyList" methodname="EmptyList" classname="SIL.LCModel.Infrastructure.Impl.TestBigSorting" runstate="Runnable" seed="1850457490" result="Passed" start-time="2020-10-05 16:46:30Z" end-time="2020-10-05 16:46:30Z" duration="0.000517" asserts="1" />
              <test-case id="3-1231" name="MultiFileSort" fullname="SIL.LCModel.Infrastructure.Impl.TestBigSorting.MultiFileSort" methodname="MultiFileSort" classname="SIL.LCModel.Infrastructure.Impl.TestBigSorting" runstate="Runnable" seed="1586952371" result="Passed" start-time="2020-10-05 16:46:30Z" end-time="2020-10-05 16:46:30Z" duration="0.017557" asserts="6051" />
              <test-case id="3-1229" name="OneItem" fullname="SIL.LCModel.Infrastructure.Impl.TestBigSorting.OneItem" methodname="OneItem" classname="SIL.LCModel.Infrastructure.Impl.TestBigSorting" runstate="Runnable" seed="1104303393" result="Passed" start-time="2020-10-05 16:46:30Z" end-time="2020-10-05 16:46:30Z" duration="0.000431" asserts="3" />
              <test-case id="3-1230" name="TenItems" fullname="SIL.LCModel.Infrastructure.Impl.TestBigSorting.TenItems" methodname="TenItems" classname="SIL.LCModel.Infrastructure.Impl.TestBigSorting" runstate="Runnable" seed="890741105" result="Passed" start-time="2020-10-05 16:46:30Z" end-time="2020-10-05 16:46:30Z" duration="0.000471" asserts="156" />
            </test-suite>
            <test-suite type="TestFixture" id="3-1073" name="UnitOfWorkTests" fullname="SIL.LCModel.Infrastructure.Impl.UnitOfWorkTests" classname="SIL.LCModel.Infrastructure.Impl.UnitOfWorkTests" runstate="Runnable" testcasecount="48" result="Passed" start-time="2020-10-05 16:46:30Z" end-time="2020-10-05 16:46:30Z" duration="0.143312" total="48" passed="48" failed="0" warnings="0" inconclusive="0" skipped="0" asserts="541">
              <test-case id="3-1097" name="CollapseToMarkTest" fullname="SIL.LCModel.Infrastructure.Impl.UnitOfWorkTests.CollapseToMarkTest" methodname="CollapseToMarkTest" classname="SIL.LCModel.Infrastructure.Impl.UnitOfWorkTests" runstate="Runnable" seed="1437067692" result="Passed" start-time="2020-10-05 16:46:30Z" end-time="2020-10-05 16:46:30Z" duration="0.003651" asserts="14" />
              <test-case id="3-1099" name="CollapseToMarkTest_ItemAddedThenDeleted" fullname="SIL.LCModel.Infrastructure.Impl.UnitOfWorkTests.CollapseToMarkTest_ItemAddedThenDeleted" methodname="CollapseToMarkTest_ItemAddedThenDeleted" classname="SIL.LCModel.Infrastructure.Impl.UnitOfWorkTests" runstate="Runnable" seed="243946439" result="Passed" start-time="2020-10-05 16:46:30Z" end-time="2020-10-05 16:46:30Z" duration="0.001103" asserts="14" />
              <test-case id="3-1098" name="CollapseToMarkTest_TwoItemsAddedToVector" fullname="SIL.LCModel.Infrastructure.Impl.UnitOfWorkTests.CollapseToMarkTest_TwoItemsAddedToVector" methodname="CollapseToMarkTest_TwoItemsAddedToVector" classname="SIL.LCModel.Infrastructure.Impl.UnitOfWorkTests" runstate="Runnable" seed="6283713" result="Passed" start-time="2020-10-05 16:46:30Z" end-time="2020-10-05 16:46:30Z" duration="0.001119" asserts="14" />
              <test-case id="3-1089" name="ContinueUndoTaskTest" fullname="SIL.LCModel.Infrastructure.Impl.UnitOfWorkTests.ContinueUndoTaskTest" methodname="ContinueUndoTaskTest" classname="SIL.LCModel.Infrastructure.Impl.UnitOfWorkTests" runstate="Runnable" seed="1949765082" result="Passed" start-time="2020-10-05 16:46:30Z" end-time="2020-10-05 16:46:30Z" duration="0.000525" asserts="1" />
              <test-case id="3-1104" name="CreateMarkIfNeededTest" fullname="SIL.LCModel.Infrastructure.Impl.UnitOfWorkTests.CreateMarkIfNeededTest" methodname="CreateMarkIfNeededTest" classname="SIL.LCModel.Infrastructure.Impl.UnitOfWorkTests" runstate="Runnable" seed="965871178" result="Passed" start-time="2020-10-05 16:46:30Z" end-time="2020-10-05 16:46:30Z" duration="0.001373" asserts="5" />
              <test-case id="3-1116" name="CustomPropertyTests" fullname="SIL.LCModel.Infrastructure.Impl.UnitOfWorkTests.CustomPropertyTests" methodname="CustomPropertyTests" classname="SIL.LCModel.Infrastructure.Impl.UnitOfWorkTests" runstate="Runnable" seed="954254421" result="Passed" start-time="2020-10-05 16:46:30Z" end-time="2020-10-05 16:46:30Z" duration="0.001293" asserts="11" />
              <test-case id="3-1079" name="DateModifiedUpdate" fullname="SIL.LCModel.Infrastructure.Impl.UnitOfWorkTests.DateModifiedUpdate" methodname="DateModifiedUpdate" classname="SIL.LCModel.Infrastructure.Impl.UnitOfWorkTests" runstate="Runnable" seed="2002372571" result="Passed" start-time="2020-10-05 16:46:30Z" end-time="2020-10-05 16:46:30Z" duration="0.002998" asserts="19" />
              <test-case id="3-1109" name="DelegateToActiveUow" fullname="SIL.LCModel.Infrastructure.Impl.UnitOfWorkTests.DelegateToActiveUow" methodname="DelegateToActiveUow" classname="SIL.LCModel.Infrastructure.Impl.UnitOfWorkTests" runstate="Runnable" seed="1324214772" result="Passed" start-time="2020-10-05 16:46:30Z" end-time="2020-10-05 16:46:30Z" duration="0.001380" asserts="4" />
              <test-case id="3-1101" name="DiscardToMarkTest" fullname="SIL.LCModel.Infrastructure.Impl.UnitOfWorkTests.DiscardToMarkTest" methodname="DiscardToMarkTest" classname="SIL.LCModel.Infrastructure.Impl.UnitOfWorkTests" runstate="Runnable" seed="464247406" result="Passed" start-time="2020-10-05 16:46:30Z" end-time="2020-10-05 16:46:30Z" duration="0.005073" asserts="4" />
              <test-case id="3-1121" name="DoAtEndOfPropChanged_RollbackAbortsTasks" fullname="SIL.LCModel.Infrastructure.Impl.UnitOfWorkTests.DoAtEndOfPropChanged_RollbackAbortsTasks" methodname="DoAtEndOfPropChanged_RollbackAbortsTasks" classname="SIL.LCModel.Infrastructure.Impl.UnitOfWorkTests" runstate="Runnable" seed="1592037853" result="Passed" start-time="2020-10-05 16:46:30Z" end-time="2020-10-05 16:46:30Z" duration="0.001518" asserts="1" />
              <test-case id="3-1120" name="DoAtEndOfPropChanged_TasksAreDone" fullname="SIL.LCModel.Infrastructure.Impl.UnitOfWorkTests.DoAtEndOfPropChanged_TasksAreDone" methodname="DoAtEndOfPropChanged_TasksAreDone" classname="SIL.LCModel.Infrastructure.Impl.UnitOfWorkTests" runstate="Runnable" seed="273734770" result="Passed" start-time="2020-10-05 16:46:30Z" end-time="2020-10-05 16:46:30Z" duration="0.002816" asserts="35" />
              <test-case id="3-1075" name="EndNonUndoableTaskWithNoBeginTest" fullname="SIL.LCModel.Infrastructure.Impl.UnitOfWorkTests.EndNonUndoableTaskWithNoBeginTest" methodname="EndNonUndoableTaskWithNoBeginTest" classname="SIL.LCModel.Infrastructure.Impl.UnitOfWorkTests" runstate="Runnable" seed="979125990" result="Passed" start-time="2020-10-05 16:46:30Z" end-time="2020-10-05 16:46:30Z" duration="0.000302" asserts="1" />
              <test-case id="3-1090" name="EndOuterUndoTest" fullname="SIL.LCModel.Infrastructure.Impl.UnitOfWorkTests.EndOuterUndoTest" methodname="EndOuterUndoTest" classname="SIL.LCModel.Infrastructure.Impl.UnitOfWorkTests" runstate="Runnable" seed="419846347" result="Passed" start-time="2020-10-05 16:46:30Z" end-time="2020-10-05 16:46:30Z" duration="0.000374" asserts="1" />
              <test-case id="3-1074" name="EndUndoableTaskWithNoBeginTest" fullname="SIL.LCModel.Infrastructure.Impl.UnitOfWorkTests.EndUndoableTaskWithNoBeginTest" methodname="EndUndoableTaskWithNoBeginTest" classname="SIL.LCModel.Infrastructure.Impl.UnitOfWorkTests" runstate="Runnable" seed="2127863363" result="Passed" start-time="2020-10-05 16:46:30Z" end-time="2020-10-05 16:46:30Z" duration="0.000231" asserts="1" />
              <test-case id="3-1102" name="get_TasksSinceMarkTest" fullname="SIL.LCModel.Infrastructure.Impl.UnitOfWorkTests.get_TasksSinceMarkTest" methodname="get_TasksSinceMarkTest" classname="SIL.LCModel.Infrastructure.Impl.UnitOfWorkTests" runstate="Runnable" seed="1672490397" result="Passed" start-time="2020-10-05 16:46:30Z" end-time="2020-10-05 16:46:30Z" duration="0.000865" asserts="12" />
              <test-case id="3-1092" name="GetRedoTextNTest" fullname="SIL.LCModel.Infrastructure.Impl.UnitOfWorkTests.GetRedoTextNTest" methodname="GetRedoTextNTest" classname="SIL.LCModel.Infrastructure.Impl.UnitOfWorkTests" runstate="Runnable" seed="440653657" result="Passed" start-time="2020-10-05 16:46:30Z" end-time="2020-10-05 16:46:30Z" duration="0.000694" asserts="4" />
              <test-case id="3-1105" name="GetUndoTextNTest" fullname="SIL.LCModel.Infrastructure.Impl.UnitOfWorkTests.GetUndoTextNTest" methodname="GetUndoTextNTest" classname="SIL.LCModel.Infrastructure.Impl.UnitOfWorkTests" runstate="Runnable" seed="330615474" result="Passed" start-time="2020-10-05 16:46:30Z" end-time="2020-10-05 16:46:30Z" duration="0.000500" asserts="4" />
              <test-case id="3-1117" name="HandleDeletingOfObjHierarcy" fullname="SIL.LCModel.Infrastructure.Impl.UnitOfWorkTests.HandleDeletingOfObjHierarcy" methodname="HandleDeletingOfObjHierarcy" classname="SIL.LCModel.Infrastructure.Impl.UnitOfWorkTests" runstate="Runnable" seed="1405499107" result="Passed" start-time="2020-10-05 16:46:30Z" end-time="2020-10-05 16:46:30Z" duration="0.002441" asserts="16" />
              <test-case id="3-1078" name="kcptBinaryTests" fullname="SIL.LCModel.Infrastructure.Impl.UnitOfWorkTests.kcptBinaryTests" methodname="kcptBinaryTests" classname="SIL.LCModel.Infrastructure.Impl.UnitOfWorkTests" runstate="Runnable" seed="216846446" result="Passed" start-time="2020-10-05 16:46:30Z" end-time="2020-10-05 16:46:30Z" duration="0.001559" asserts="11" />
              <test-case id="3-1081" name="kcptBooleanTests" fullname="SIL.LCModel.Infrastructure.Impl.UnitOfWorkTests.kcptBooleanTests" methodname="kcptBooleanTests" classname="SIL.LCModel.Infrastructure.Impl.UnitOfWorkTests" runstate="Runnable" seed="104134321" result="Passed" start-time="2020-10-05 16:46:30Z" end-time="2020-10-05 16:46:30Z" duration="0.000648" asserts="5" />
              <test-case id="3-1082" name="kcptGenDateTests" fullname="SIL.LCModel.Infrastructure.Impl.UnitOfWorkTests.kcptGenDateTests" methodname="kcptGenDateTests" classname="SIL.LCModel.Infrastructure.Impl.UnitOfWorkTests" runstate="Runnable" seed="184783004" result="Passed" start-time="2020-10-05 16:46:30Z" end-time="2020-10-05 16:46:30Z" duration="0.000841" asserts="5" />
              <test-case id="3-1083" name="kcptGuidTests" fullname="SIL.LCModel.Infrastructure.Impl.UnitOfWorkTests.kcptGuidTests" methodname="kcptGuidTests" classname="SIL.LCModel.Infrastructure.Impl.UnitOfWorkTests" runstate="Runnable" seed="1596755929" result="Passed" start-time="2020-10-05 16:46:30Z" end-time="2020-10-05 16:46:30Z" duration="0.000803" asserts="5" />
              <test-case id="3-1084" name="kcptIntegerTests" fullname="SIL.LCModel.Infrastructure.Impl.UnitOfWorkTests.kcptIntegerTests" methodname="kcptIntegerTests" classname="SIL.LCModel.Infrastructure.Impl.UnitOfWorkTests" runstate="Runnable" seed="1344347574" result="Passed" start-time="2020-10-05 16:46:30Z" end-time="2020-10-05 16:46:30Z" duration="0.000695" asserts="5" />
              <test-case id="3-1086" name="kcptStringTests" fullname="SIL.LCModel.Infrastructure.Impl.UnitOfWorkTests.kcptStringTests" methodname="kcptStringTests" classname="SIL.LCModel.Infrastructure.Impl.UnitOfWorkTests" runstate="Runnable" seed="1165134794" result="Passed" start-time="2020-10-05 16:46:30Z" end-time="2020-10-05 16:46:30Z" duration="0.003200" asserts="25" />
              <test-case id="3-1085" name="kcptTimeTests" fullname="SIL.LCModel.Infrastructure.Impl.UnitOfWorkTests.kcptTimeTests" methodname="kcptTimeTests" classname="SIL.LCModel.Infrastructure.Impl.UnitOfWorkTests" runstate="Runnable" seed="1288638034" result="Passed" start-time="2020-10-05 16:46:30Z" end-time="2020-10-05 16:46:30Z" duration="0.000557" asserts="5" />
              <test-case id="3-1077" name="kcptUnicodeTests" fullname="SIL.LCModel.Infrastructure.Impl.UnitOfWorkTests.kcptUnicodeTests" methodname="kcptUnicodeTests" classname="SIL.LCModel.Infrastructure.Impl.UnitOfWorkTests" runstate="Runnable" seed="1054366865" result="Passed" start-time="2020-10-05 16:46:30Z" end-time="2020-10-05 16:46:30Z" duration="0.000454" asserts="5" />
              <test-case id="3-1093" name="MarkTest" fullname="SIL.LCModel.Infrastructure.Impl.UnitOfWorkTests.MarkTest" methodname="MarkTest" classname="SIL.LCModel.Infrastructure.Impl.UnitOfWorkTests" runstate="Runnable" seed="2087934608" result="Passed" start-time="2020-10-05 16:46:30Z" end-time="2020-10-05 16:46:30Z" duration="0.000417" asserts="3" />
              <test-case id="3-1096" name="MarkTest_CloseClears" fullname="SIL.LCModel.Infrastructure.Impl.UnitOfWorkTests.MarkTest_CloseClears" methodname="MarkTest_CloseClears" classname="SIL.LCModel.Infrastructure.Impl.UnitOfWorkTests" runstate="Runnable" seed="12065182" result="Passed" start-time="2020-10-05 16:46:30Z" end-time="2020-10-05 16:46:30Z" duration="0.000398" asserts="3" />
              <test-case id="3-1095" name="MarkTest_CommitClears" fullname="SIL.LCModel.Infrastructure.Impl.UnitOfWorkTests.MarkTest_CommitClears" methodname="MarkTest_CommitClears" classname="SIL.LCModel.Infrastructure.Impl.UnitOfWorkTests" runstate="Runnable" seed="1615109172" result="Passed" start-time="2020-10-05 16:46:30Z" end-time="2020-10-05 16:46:30Z" duration="0.000275" asserts="3" />
              <test-case id="3-1094" name="MarkTest_InvalidMark" fullname="SIL.LCModel.Infrastructure.Impl.UnitOfWorkTests.MarkTest_InvalidMark" methodname="MarkTest_InvalidMark" classname="SIL.LCModel.Infrastructure.Impl.UnitOfWorkTests" runstate="Runnable" seed="741683186" result="Passed" start-time="2020-10-05 16:46:30Z" end-time="2020-10-05 16:46:30Z" duration="0.000659" asserts="5" />
              <test-case id="3-1118" name="MergeUnitsOfWork" fullname="SIL.LCModel.Infrastructure.Impl.UnitOfWorkTests.MergeUnitsOfWork" methodname="MergeUnitsOfWork" classname="SIL.LCModel.Infrastructure.Impl.UnitOfWorkTests" runstate="Runnable" seed="180220536" result="Passed" start-time="2020-10-05 16:46:30Z" end-time="2020-10-05 16:46:30Z" duration="0.002750" asserts="6" />
              <test-case id="3-1108" name="MultipleStacks" fullname="SIL.LCModel.Infrastructure.Impl.UnitOfWorkTests.MultipleStacks" methodname="MultipleStacks" classname="SIL.LCModel.Infrastructure.Impl.UnitOfWorkTests" runstate="Runnable" seed="1356590414" result="Passed" start-time="2020-10-05 16:46:30Z" end-time="2020-10-05 16:46:30Z" duration="0.007454" asserts="55" />
              <test-case id="3-1076" name="MultiStringTest" fullname="SIL.LCModel.Infrastructure.Impl.UnitOfWorkTests.MultiStringTest" methodname="MultiStringTest" classname="SIL.LCModel.Infrastructure.Impl.UnitOfWorkTests" runstate="Runnable" seed="679294409" result="Passed" start-time="2020-10-05 16:46:30Z" end-time="2020-10-05 16:46:30Z" duration="0.001027" asserts="14" />
              <test-case id="3-1100" name="RollbackCrashesTest" fullname="SIL.LCModel.Infrastructure.Impl.UnitOfWorkTests.RollbackCrashesTest" methodname="RollbackCrashesTest" classname="SIL.LCModel.Infrastructure.Impl.UnitOfWorkTests" runstate="Runnable" seed="871009399" result="Passed" start-time="2020-10-05 16:46:30Z" end-time="2020-10-05 16:46:30Z" duration="0.000266" asserts="1" />
              <test-case id="3-1088" name="RollbackNonUndoableUnitOfWorkHelperFailureTest" fullname="SIL.LCModel.Infrastructure.Impl.UnitOfWorkTests.RollbackNonUndoableUnitOfWorkHelperFailureTest" methodname="RollbackNonUndoableUnitOfWorkHelperFailureTest" classname="SIL.LCModel.Infrastructure.Impl.UnitOfWorkTests" runstate="Runnable" seed="1668253127" result="Passed" start-time="2020-10-05 16:46:30Z" end-time="2020-10-05 16:46:30Z" duration="0.000468" asserts="2" />
              <test-case id="3-1087" name="RollbackUndoableUnitOfWorkHelperFailureTest" fullname="SIL.LCModel.Infrastructure.Impl.UnitOfWorkTests.RollbackUndoableUnitOfWorkHelperFailureTest" methodname="RollbackUndoableUnitOfWorkHelperFailureTest" classname="SIL.LCModel.Infrastructure.Impl.UnitOfWorkTests" runstate="Runnable" seed="1404054890" result="Passed" start-time="2020-10-05 16:46:30Z" end-time="2020-10-05 16:46:30Z" duration="0.000315" asserts="2" />
              <test-case id="3-1110" name="SaveMultipleStacks" fullname="SIL.LCModel.Infrastructure.Impl.UnitOfWorkTests.SaveMultipleStacks" methodname="SaveMultipleStacks" classname="SIL.LCModel.Infrastructure.Impl.UnitOfWorkTests" runstate="Runnable" seed="1354665775" result="Passed" start-time="2020-10-05 16:46:30Z" end-time="2020-10-05 16:46:30Z" duration="0.003561" asserts="59" />
              <test-case id="3-1091" name="StartSeqTest" fullname="SIL.LCModel.Infrastructure.Impl.UnitOfWorkTests.StartSeqTest" methodname="StartSeqTest" classname="SIL.LCModel.Infrastructure.Impl.UnitOfWorkTests" runstate="Runnable" seed="822240515" result="Passed" start-time="2020-10-05 16:46:30Z" end-time="2020-10-05 16:46:30Z" duration="0.000452" asserts="1" />
              <test-case id="3-1103" name="TopMarkHandleTest" fullname="SIL.LCModel.Infrastructure.Impl.UnitOfWorkTests.TopMarkHandleTest" methodname="TopMarkHandleTest" classname="SIL.LCModel.Infrastructure.Impl.UnitOfWorkTests" runstate="Runnable" seed="1500089106" result="Passed" start-time="2020-10-05 16:46:30Z" end-time="2020-10-05 16:46:30Z" duration="0.000744" asserts="3" />
              <test-case id="3-1119" name="UndoOrRedoEventsTests" fullname="SIL.LCModel.Infrastructure.Impl.UnitOfWorkTests.UndoOrRedoEventsTests" methodname="UndoOrRedoEventsTests" classname="SIL.LCModel.Infrastructure.Impl.UnitOfWorkTests" runstate="Runnable" seed="1960713483" result="Passed" start-time="2020-10-05 16:46:30Z" end-time="2020-10-05 16:46:30Z" duration="0.001994" asserts="21" />
              <test-case id="3-1114" name="UndoRedoCreateDeleteAtomicPropertyInSameUOW" fullname="SIL.LCModel.Infrastructure.Impl.UnitOfWorkTests.UndoRedoCreateDeleteAtomicPropertyInSameUOW" methodname="UndoRedoCreateDeleteAtomicPropertyInSameUOW" classname="SIL.LCModel.Infrastructure.Impl.UnitOfWorkTests" runstate="Runnable" seed="419220917" result="Passed" start-time="2020-10-05 16:46:30Z" end-time="2020-10-05 16:46:30Z" duration="0.002581" asserts="7" />
              <test-case id="3-1111" name="UndoRedoCreateObjectWithChildObjects" fullname="SIL.LCModel.Infrastructure.Impl.UnitOfWorkTests.UndoRedoCreateObjectWithChildObjects" methodname="UndoRedoCreateObjectWithChildObjects" classname="SIL.LCModel.Infrastructure.Impl.UnitOfWorkTests" runstate="Runnable" seed="1678454077" result="Passed" start-time="2020-10-05 16:46:30Z" end-time="2020-10-05 16:46:30Z" duration="0.001711" asserts="18" />
              <test-case id="3-1115" name="UndoRedoMoveObjectTest" fullname="SIL.LCModel.Infrastructure.Impl.UnitOfWorkTests.UndoRedoMoveObjectTest" methodname="UndoRedoMoveObjectTest" classname="SIL.LCModel.Infrastructure.Impl.UnitOfWorkTests" runstate="Runnable" seed="1132010311" result="Passed" start-time="2020-10-05 16:46:30Z" end-time="2020-10-05 16:46:30Z" duration="0.002670" asserts="15" />
              <test-case id="3-1107" name="UndoRedoObjectCreationDeletionSameUowTest" fullname="SIL.LCModel.Infrastructure.Impl.UnitOfWorkTests.UndoRedoObjectCreationDeletionSameUowTest" methodname="UndoRedoObjectCreationDeletionSameUowTest" classname="SIL.LCModel.Infrastructure.Impl.UnitOfWorkTests" runstate="Runnable" seed="373489875" result="Passed" start-time="2020-10-05 16:46:30Z" end-time="2020-10-05 16:46:30Z" duration="0.001355" asserts="8" />
              <test-case id="3-1106" name="UndoRedoObjectCreationDeletionTest" fullname="SIL.LCModel.Infrastructure.Impl.UnitOfWorkTests.UndoRedoObjectCreationDeletionTest" methodname="UndoRedoObjectCreationDeletionTest" classname="SIL.LCModel.Infrastructure.Impl.UnitOfWorkTests" runstate="Runnable" seed="1821769150" result="Passed" start-time="2020-10-05 16:46:30Z" end-time="2020-10-05 16:46:30Z" duration="0.001140" asserts="10" />
              <test-case id="3-1113" name="UndoRedoRemoveScrBookWithChildObjects" fullname="SIL.LCModel.Infrastructure.Impl.UnitOfWorkTests.UndoRedoRemoveScrBookWithChildObjects" methodname="UndoRedoRemoveScrBookWithChildObjects" classname="SIL.LCModel.Infrastructure.Impl.UnitOfWorkTests" runstate="Runnable" seed="476834238" result="Passed" start-time="2020-10-05 16:46:30Z" end-time="2020-10-05 16:46:30Z" duration="0.001808" asserts="25" />
              <test-case id="3-1112" name="UndoRedoVerifyOrder" fullname="SIL.LCModel.Infrastructure.Impl.UnitOfWorkTests.UndoRedoVerifyOrder" methodname="UndoRedoVerifyOrder" classname="SIL.LCModel.Infrastructure.Impl.UnitOfWorkTests" runstate="Runnable" seed="504879882" result="Passed" start-time="2020-10-05 16:46:30Z" end-time="2020-10-05 16:46:30Z" duration="0.012671" asserts="46" />
              <test-case id="3-1080" name="UnknownTests" fullname="SIL.LCModel.Infrastructure.Impl.UnitOfWorkTests.UnknownTests" methodname="UnknownTests" classname="SIL.LCModel.Infrastructure.Impl.UnitOfWorkTests" runstate="Runnable" seed="1784950487" result="Passed" start-time="2020-10-05 16:46:30Z" end-time="2020-10-05 16:46:30Z" duration="0.001007" asserts="7" />
            </test-suite>
            <test-suite type="TestFixture" id="3-1232" name="VirtualPropertyPropChangedTests" fullname="SIL.LCModel.Infrastructure.Impl.VirtualPropertyPropChangedTests" classname="SIL.LCModel.Infrastructure.Impl.VirtualPropertyPropChangedTests" runstate="Runnable" testcasecount="26" result="Passed" start-time="2020-10-05 16:46:30Z" end-time="2020-10-05 16:46:30Z" duration="0.142650" total="26" passed="26" failed="0" warnings="0" inconclusive="0" skipped="0" asserts="131">
              <test-case id="3-1234" name="AllReversalEntriesDependsOnEntries" fullname="SIL.LCModel.Infrastructure.Impl.VirtualPropertyPropChangedTests.AllReversalEntriesDependsOnEntries" methodname="AllReversalEntriesDependsOnEntries" classname="SIL.LCModel.Infrastructure.Impl.VirtualPropertyPropChangedTests" runstate="Runnable" seed="1784620848" result="Passed" start-time="2020-10-05 16:46:30Z" end-time="2020-10-05 16:46:30Z" duration="0.001830" asserts="0" />
              <test-case id="3-1243" name="AllSubEntriesDependsOnPrimaryLexemes" fullname="SIL.LCModel.Infrastructure.Impl.VirtualPropertyPropChangedTests.AllSubEntriesDependsOnPrimaryLexemes" methodname="AllSubEntriesDependsOnPrimaryLexemes" classname="SIL.LCModel.Infrastructure.Impl.VirtualPropertyPropChangedTests" runstate="Runnable" seed="1509968356" result="Passed" start-time="2020-10-05 16:46:30Z" end-time="2020-10-05 16:46:30Z" duration="0.009109" asserts="15" />
              <test-case id="3-1235" name="CreateEntrySendsPropChanged" fullname="SIL.LCModel.Infrastructure.Impl.VirtualPropertyPropChangedTests.CreateEntrySendsPropChanged" methodname="CreateEntrySendsPropChanged" classname="SIL.LCModel.Infrastructure.Impl.VirtualPropertyPropChangedTests" runstate="Runnable" seed="850278637" result="Passed" start-time="2020-10-05 16:46:30Z" end-time="2020-10-05 16:46:30Z" duration="0.001061" asserts="0" />
              <test-case id="3-1254" name="FullConcordanceCountDependsOnAnalyses" fullname="SIL.LCModel.Infrastructure.Impl.VirtualPropertyPropChangedTests.FullConcordanceCountDependsOnAnalyses" methodname="FullConcordanceCountDependsOnAnalyses" classname="SIL.LCModel.Infrastructure.Impl.VirtualPropertyPropChangedTests" runstate="Runnable" seed="1978725428" result="Passed" start-time="2020-10-05 16:46:30Z" end-time="2020-10-05 16:46:30Z" duration="0.003713" asserts="1" />
              <test-case id="3-1253" name="LangProjTextsGetsPropChangedForCreateWithGuid" fullname="SIL.LCModel.Infrastructure.Impl.VirtualPropertyPropChangedTests.LangProjTextsGetsPropChangedForCreateWithGuid" methodname="LangProjTextsGetsPropChangedForCreateWithGuid" classname="SIL.LCModel.Infrastructure.Impl.VirtualPropertyPropChangedTests" runstate="Runnable" seed="1757692258" result="Passed" start-time="2020-10-05 16:46:30Z" end-time="2020-10-05 16:46:30Z" duration="0.000898" asserts="0" />
              <test-case id="3-1257" name="LexEntryRefTypeThrowsIfComponentsNonEmpty" fullname="SIL.LCModel.Infrastructure.Impl.VirtualPropertyPropChangedTests.LexEntryRefTypeThrowsIfComponentsNonEmpty" methodname="LexEntryRefTypeThrowsIfComponentsNonEmpty" classname="SIL.LCModel.Infrastructure.Impl.VirtualPropertyPropChangedTests" runstate="Runnable" seed="146974896" result="Passed" start-time="2020-10-05 16:46:30Z" end-time="2020-10-05 16:46:30Z" duration="0.001581" asserts="1" />
              <test-case id="3-1241" name="LexRefTargets_Replace_ShortensToOneItem_Deletes" fullname="SIL.LCModel.Infrastructure.Impl.VirtualPropertyPropChangedTests.LexRefTargets_Replace_ShortensToOneItem_Deletes" methodname="LexRefTargets_Replace_ShortensToOneItem_Deletes" classname="SIL.LCModel.Infrastructure.Impl.VirtualPropertyPropChangedTests" runstate="Runnable" seed="56886951" result="Passed" start-time="2020-10-05 16:46:30Z" end-time="2020-10-05 16:46:30Z" duration="0.003626" asserts="1" />
              <test-case id="3-1237" name="MlHeadwordDependsOnCitationForm" fullname="SIL.LCModel.Infrastructure.Impl.VirtualPropertyPropChangedTests.MlHeadwordDependsOnCitationForm" methodname="MlHeadwordDependsOnCitationForm" classname="SIL.LCModel.Infrastructure.Impl.VirtualPropertyPropChangedTests" runstate="Runnable" seed="2047263749" result="Passed" start-time="2020-10-05 16:46:30Z" end-time="2020-10-05 16:46:30Z" duration="0.000632" asserts="0" />
              <test-case id="3-1236" name="MlHeadwordDependsOnMoFormForm" fullname="SIL.LCModel.Infrastructure.Impl.VirtualPropertyPropChangedTests.MlHeadwordDependsOnMoFormForm" methodname="MlHeadwordDependsOnMoFormForm" classname="SIL.LCModel.Infrastructure.Impl.VirtualPropertyPropChangedTests" runstate="Runnable" seed="776046406" result="Passed" start-time="2020-10-05 16:46:30Z" end-time="2020-10-05 16:46:30Z" duration="0.000653" asserts="0" />
              <test-case id="3-1246" name="MLOwnerOutlineNameDependsOnManyThings" fullname="SIL.LCModel.Infrastructure.Impl.VirtualPropertyPropChangedTests.MLOwnerOutlineNameDependsOnManyThings" methodname="MLOwnerOutlineNameDependsOnManyThings" classname="SIL.LCModel.Infrastructure.Impl.VirtualPropertyPropChangedTests" runstate="Runnable" seed="1291533232" result="Passed" start-time="2020-10-05 16:46:30Z" end-time="2020-10-05 16:46:30Z" duration="0.001946" asserts="0" />
              <test-case id="3-1240" name="MorphoSyntaxAnalysesDependsOnSenses" fullname="SIL.LCModel.Infrastructure.Impl.VirtualPropertyPropChangedTests.MorphoSyntaxAnalysesDependsOnSenses" methodname="MorphoSyntaxAnalysesDependsOnSenses" classname="SIL.LCModel.Infrastructure.Impl.VirtualPropertyPropChangedTests" runstate="Runnable" seed="1041068341" result="Passed" start-time="2020-10-05 16:46:30Z" end-time="2020-10-05 16:46:30Z" duration="0.005049" asserts="4" />
              <test-case id="3-1244" name="PicturesOfSensesDependsOnPictures" fullname="SIL.LCModel.Infrastructure.Impl.VirtualPropertyPropChangedTests.PicturesOfSensesDependsOnPictures" methodname="PicturesOfSensesDependsOnPictures" classname="SIL.LCModel.Infrastructure.Impl.VirtualPropertyPropChangedTests" runstate="Runnable" seed="637422598" result="Passed" start-time="2020-10-05 16:46:30Z" end-time="2020-10-05 16:46:30Z" duration="0.001844" asserts="0" />
              <test-case id="3-1255" name="PublishAsMinorEntryDependsOnEntryRefsAndHideMinorEntry" fullname="SIL.LCModel.Infrastructure.Impl.VirtualPropertyPropChangedTests.PublishAsMinorEntryDependsOnEntryRefsAndHideMinorEntry" methodname="PublishAsMinorEntryDependsOnEntryRefsAndHideMinorEntry" classname="SIL.LCModel.Infrastructure.Impl.VirtualPropertyPropChangedTests" runstate="Runnable" seed="476217483" result="Passed" start-time="2020-10-05 16:46:30Z" end-time="2020-10-05 16:46:30Z" duration="0.002717" asserts="5" />
              <test-case id="3-1256" name="PublishInDependsOnDoNotPublishIn" fullname="SIL.LCModel.Infrastructure.Impl.VirtualPropertyPropChangedTests.PublishInDependsOnDoNotPublishIn" methodname="PublishInDependsOnDoNotPublishIn" classname="SIL.LCModel.Infrastructure.Impl.VirtualPropertyPropChangedTests" runstate="Runnable" seed="1424822174" result="Passed" start-time="2020-10-05 16:46:30Z" end-time="2020-10-05 16:46:30Z" duration="0.004882" asserts="21" />
              <test-case id="3-1239" name="ReferringSensesDependOnReversalEntries" fullname="SIL.LCModel.Infrastructure.Impl.VirtualPropertyPropChangedTests.ReferringSensesDependOnReversalEntries" methodname="ReferringSensesDependOnReversalEntries" classname="SIL.LCModel.Infrastructure.Impl.VirtualPropertyPropChangedTests" runstate="Runnable" seed="565627715" result="Passed" start-time="2020-10-05 16:46:30Z" end-time="2020-10-05 16:46:30Z" duration="0.002403" asserts="5" />
              <test-case id="3-1238" name="ReferringSensesDependsOnSenseDomains" fullname="SIL.LCModel.Infrastructure.Impl.VirtualPropertyPropChangedTests.ReferringSensesDependsOnSenseDomains" methodname="ReferringSensesDependsOnSenseDomains" classname="SIL.LCModel.Infrastructure.Impl.VirtualPropertyPropChangedTests" runstate="Runnable" seed="1448274632" result="Passed" start-time="2020-10-05 16:46:30Z" end-time="2020-10-05 16:46:30Z" duration="0.002020" asserts="5" />
              <test-case id="3-1233" name="ShortNameTssDependsOnNameOfPossibility" fullname="SIL.LCModel.Infrastructure.Impl.VirtualPropertyPropChangedTests.ShortNameTssDependsOnNameOfPossibility" methodname="ShortNameTssDependsOnNameOfPossibility" classname="SIL.LCModel.Infrastructure.Impl.VirtualPropertyPropChangedTests" runstate="Runnable" seed="1996398680" result="Passed" start-time="2020-10-05 16:46:30Z" end-time="2020-10-05 16:46:30Z" duration="0.000839" asserts="0" />
              <test-case id="3-1247" name="ShortNameTSSDependsOnVariousThings" fullname="SIL.LCModel.Infrastructure.Impl.VirtualPropertyPropChangedTests.ShortNameTSSDependsOnVariousThings" methodname="ShortNameTSSDependsOnVariousThings" classname="SIL.LCModel.Infrastructure.Impl.VirtualPropertyPropChangedTests" runstate="Runnable" seed="1500973515" result="Passed" start-time="2020-10-05 16:46:30Z" end-time="2020-10-05 16:46:30Z" duration="0.003518" asserts="0" />
              <test-case id="3-1258" name="ShowMainEntryInDependsOnDoNotShowMainEntryIn" fullname="SIL.LCModel.Infrastructure.Impl.VirtualPropertyPropChangedTests.ShowMainEntryInDependsOnDoNotShowMainEntryIn" methodname="ShowMainEntryInDependsOnDoNotShowMainEntryIn" classname="SIL.LCModel.Infrastructure.Impl.VirtualPropertyPropChangedTests" runstate="Runnable" seed="1457598722" result="Passed" start-time="2020-10-05 16:46:30Z" end-time="2020-10-05 16:46:30Z" duration="0.002594" asserts="7" />
              <test-case id="3-1250" name="StTextCommentDependsOnTextDescription" fullname="SIL.LCModel.Infrastructure.Impl.VirtualPropertyPropChangedTests.StTextCommentDependsOnTextDescription" methodname="StTextCommentDependsOnTextDescription" classname="SIL.LCModel.Infrastructure.Impl.VirtualPropertyPropChangedTests" runstate="Runnable" seed="1189558586" result="Passed" start-time="2020-10-05 16:46:30Z" end-time="2020-10-05 16:46:30Z" duration="0.000831" asserts="0" />
              <test-case id="3-1252" name="StTextGenreCategoriesDependsOnTextGenres" fullname="SIL.LCModel.Infrastructure.Impl.VirtualPropertyPropChangedTests.StTextGenreCategoriesDependsOnTextGenres" methodname="StTextGenreCategoriesDependsOnTextGenres" classname="SIL.LCModel.Infrastructure.Impl.VirtualPropertyPropChangedTests" runstate="Runnable" seed="495883888" result="Passed" start-time="2020-10-05 16:46:30Z" end-time="2020-10-05 16:46:30Z" duration="0.001137" asserts="0" />
              <test-case id="3-1251" name="StTextTitleAbbrDependsOnTextAbbreviation" fullname="SIL.LCModel.Infrastructure.Impl.VirtualPropertyPropChangedTests.StTextTitleAbbrDependsOnTextAbbreviation" methodname="StTextTitleAbbrDependsOnTextAbbreviation" classname="SIL.LCModel.Infrastructure.Impl.VirtualPropertyPropChangedTests" runstate="Runnable" seed="1209961151" result="Passed" start-time="2020-10-05 16:46:30Z" end-time="2020-10-05 16:46:30Z" duration="0.000459" asserts="0" />
              <test-case id="3-1249" name="StTextTitleDependsOnTextTitle" fullname="SIL.LCModel.Infrastructure.Impl.VirtualPropertyPropChangedTests.StTextTitleDependsOnTextTitle" methodname="StTextTitleDependsOnTextTitle" classname="SIL.LCModel.Infrastructure.Impl.VirtualPropertyPropChangedTests" runstate="Runnable" seed="1615595033" result="Passed" start-time="2020-10-05 16:46:30Z" end-time="2020-10-05 16:46:30Z" duration="0.000446" asserts="0" />
              <test-case id="3-1248" name="SubrecordOfDependsOnTitleAndPosition" fullname="SIL.LCModel.Infrastructure.Impl.VirtualPropertyPropChangedTests.SubrecordOfDependsOnTitleAndPosition" methodname="SubrecordOfDependsOnTitleAndPosition" classname="SIL.LCModel.Infrastructure.Impl.VirtualPropertyPropChangedTests" runstate="Runnable" seed="1158355051" result="Passed" start-time="2020-10-05 16:46:30Z" end-time="2020-10-05 16:46:30Z" duration="0.003698" asserts="6" />
              <test-case id="3-1245" name="VariousPropsDependOnLexRefTargets" fullname="SIL.LCModel.Infrastructure.Impl.VirtualPropertyPropChangedTests.VariousPropsDependOnLexRefTargets" methodname="VariousPropsDependOnLexRefTargets" classname="SIL.LCModel.Infrastructure.Impl.VirtualPropertyPropChangedTests" runstate="Runnable" seed="1254126716" result="Passed" start-time="2020-10-05 16:46:30Z" end-time="2020-10-05 16:46:30Z" duration="0.005545" asserts="24" />
              <test-case id="3-1242" name="VisibleComplexFormBackRefsDependsOnShowComplexFormIn" fullname="SIL.LCModel.Infrastructure.Impl.VirtualPropertyPropChangedTests.VisibleComplexFormBackRefsDependsOnShowComplexFormIn" methodname="VisibleComplexFormBackRefsDependsOnShowComplexFormIn" classname="SIL.LCModel.Infrastructure.Impl.VirtualPropertyPropChangedTests" runstate="Runnable" seed="340765655" result="Passed" start-time="2020-10-05 16:46:30Z" end-time="2020-10-05 16:46:30Z" duration="0.008891" asserts="36" />
            </test-suite>
          </test-suite>
          <test-suite type="TestFixture" id="3-1033" name="UowHelperTests" fullname="SIL.LCModel.Infrastructure.UowHelperTests" classname="SIL.LCModel.Infrastructure.UowHelperTests" runstate="Runnable" testcasecount="3" result="Passed" start-time="2020-10-05 16:46:30Z" end-time="2020-10-05 16:46:30Z" duration="0.059379" total="3" passed="3" failed="0" warnings="0" inconclusive="0" skipped="0" asserts="1">
            <test-case id="3-1034" name="DoSomehow_WorksDuringOtherUow" fullname="SIL.LCModel.Infrastructure.UowHelperTests.DoSomehow_WorksDuringOtherUow" methodname="DoSomehow_WorksDuringOtherUow" classname="SIL.LCModel.Infrastructure.UowHelperTests" runstate="Runnable" seed="1811254086" result="Passed" start-time="2020-10-05 16:46:30Z" end-time="2020-10-05 16:46:30Z" duration="0.000726" asserts="0" />
            <test-case id="3-1036" name="DoSomehow_WorksDuringPropChanged" fullname="SIL.LCModel.Infrastructure.UowHelperTests.DoSomehow_WorksDuringPropChanged" methodname="DoSomehow_WorksDuringPropChanged" classname="SIL.LCModel.Infrastructure.UowHelperTests" runstate="Runnable" seed="552907685" result="Passed" start-time="2020-10-05 16:46:30Z" end-time="2020-10-05 16:46:30Z" duration="0.000887" asserts="1" />
            <test-case id="3-1035" name="DoSomehow_WorksWhenNoUowIsActive" fullname="SIL.LCModel.Infrastructure.UowHelperTests.DoSomehow_WorksWhenNoUowIsActive" methodname="DoSomehow_WorksWhenNoUowIsActive" classname="SIL.LCModel.Infrastructure.UowHelperTests" runstate="Runnable" seed="1023568096" result="Passed" start-time="2020-10-05 16:46:30Z" end-time="2020-10-05 16:46:30Z" duration="0.000267" asserts="0" />
          </test-suite>
        </test-suite>
        <test-suite type="TestFixture" id="3-1020" name="LcmCacheDisposedTests" fullname="SIL.LCModel.LcmCacheDisposedTests" classname="SIL.LCModel.LcmCacheDisposedTests" runstate="Runnable" testcasecount="4" result="Passed" start-time="2020-10-05 16:46:30Z" end-time="2020-10-05 16:46:31Z" duration="0.242984" total="4" passed="4" failed="0" warnings="0" inconclusive="0" skipped="0" asserts="5">
          <test-case id="3-1021" name="CacheCheckDisposedTest" fullname="SIL.LCModel.LcmCacheDisposedTests.CacheCheckDisposedTest" methodname="CacheCheckDisposedTest" classname="SIL.LCModel.LcmCacheDisposedTests" runstate="Runnable" seed="1100260642" result="Passed" start-time="2020-10-05 16:46:30Z" end-time="2020-10-05 16:46:31Z" duration="0.055902" asserts="1" />
          <test-case id="3-1023" name="CacheDisposedForLcmObject" fullname="SIL.LCModel.LcmCacheDisposedTests.CacheDisposedForLcmObject" methodname="CacheDisposedForLcmObject" classname="SIL.LCModel.LcmCacheDisposedTests" runstate="Runnable" seed="1690386037" result="Passed" start-time="2020-10-05 16:46:31Z" end-time="2020-10-05 16:46:31Z" duration="0.062145" asserts="1" />
          <test-case id="3-1022" name="CacheIsDisposedTest" fullname="SIL.LCModel.LcmCacheDisposedTests.CacheIsDisposedTest" methodname="CacheIsDisposedTest" classname="SIL.LCModel.LcmCacheDisposedTests" runstate="Runnable" seed="2092090108" result="Passed" start-time="2020-10-05 16:46:31Z" end-time="2020-10-05 16:46:31Z" duration="0.064794" asserts="2" />
          <test-case id="3-1024" name="LcmObjectDeleted" fullname="SIL.LCModel.LcmCacheDisposedTests.LcmObjectDeleted" methodname="LcmObjectDeleted" classname="SIL.LCModel.LcmCacheDisposedTests" runstate="Runnable" seed="158311174" result="Passed" start-time="2020-10-05 16:46:31Z" end-time="2020-10-05 16:46:31Z" duration="0.059853" asserts="1" />
        </test-suite>
        <test-suite type="TestFixture" id="3-1012" name="LcmCacheTests" fullname="SIL.LCModel.LcmCacheTests" classname="SIL.LCModel.LcmCacheTests" runstate="Runnable" testcasecount="7" result="Passed" start-time="2020-10-05 16:46:31Z" end-time="2020-10-05 16:46:40Z" duration="9.403516" total="7" passed="7" failed="0" warnings="0" inconclusive="0" skipped="0" asserts="30">
          <test-case id="3-1017" name="ChangingLangProjDefaultAnalysisWs_ChangesCacheDefaultAnalWs" fullname="SIL.LCModel.LcmCacheTests.ChangingLangProjDefaultAnalysisWs_ChangesCacheDefaultAnalWs" methodname="ChangingLangProjDefaultAnalysisWs_ChangesCacheDefaultAnalWs" classname="SIL.LCModel.LcmCacheTests" runstate="Runnable" seed="1441364889" result="Passed" start-time="2020-10-05 16:46:31Z" end-time="2020-10-05 16:46:31Z" duration="0.055967" asserts="6" />
          <test-case id="3-1018" name="ChangingLangProjDefaultPronunciationWs_ChangesCacheDefaultPronunciationWs" fullname="SIL.LCModel.LcmCacheTests.ChangingLangProjDefaultPronunciationWs_ChangesCacheDefaultPronunciationWs" methodname="ChangingLangProjDefaultPronunciationWs_ChangesCacheDefaultPronunciationWs" classname="SIL.LCModel.LcmCacheTests" runstate="Runnable" seed="70266260" result="Passed" start-time="2020-10-05 16:46:31Z" end-time="2020-10-05 16:46:31Z" duration="0.056549" asserts="7" />
          <test-case id="3-1016" name="ChangingLangProjDefaultVernWs_ChangesCacheDefaultVernWs" fullname="SIL.LCModel.LcmCacheTests.ChangingLangProjDefaultVernWs_ChangesCacheDefaultVernWs" methodname="ChangingLangProjDefaultVernWs_ChangesCacheDefaultVernWs" classname="SIL.LCModel.LcmCacheTests" runstate="Runnable" seed="967848758" result="Passed" start-time="2020-10-05 16:46:31Z" end-time="2020-10-05 16:46:31Z" duration="0.056500" asserts="6" />
          <test-case id="3-1015" name="CreateNewLangProject_AnthropologyCategoriesExist" fullname="SIL.LCModel.LcmCacheTests.CreateNewLangProject_AnthropologyCategoriesExist" methodname="CreateNewLangProject_AnthropologyCategoriesExist" classname="SIL.LCModel.LcmCacheTests" runstate="Runnable" seed="285274873" result="Passed" start-time="2020-10-05 16:46:31Z" end-time="2020-10-05 16:46:34Z" duration="3.183325" asserts="5" />
          <test-case id="3-1013" name="CreateNewLangProject_DbFilesExist" fullname="SIL.LCModel.LcmCacheTests.CreateNewLangProject_DbFilesExist" methodname="CreateNewLangProject_DbFilesExist" classname="SIL.LCModel.LcmCacheTests" runstate="Runnable" seed="1511635210" result="Passed" start-time="2020-10-05 16:46:34Z" end-time="2020-10-05 16:46:34Z" duration="0.001286" asserts="1" />
          <test-case id="3-1014" name="CreateNewLangProject_NameWithSingleQuote" fullname="SIL.LCModel.LcmCacheTests.CreateNewLangProject_NameWithSingleQuote" methodname="CreateNewLangProject_NameWithSingleQuote" classname="SIL.LCModel.LcmCacheTests" runstate="Runnable" seed="588281081" result="Passed" start-time="2020-10-05 16:46:34Z" end-time="2020-10-05 16:46:37Z" duration="2.965055" asserts="3" />
          <test-case id="3-1019" name="TestThatSharedSettingOpensXmlDataTypeAsSharedXml" fullname="SIL.LCModel.LcmCacheTests.TestThatSharedSettingOpensXmlDataTypeAsSharedXml" methodname="TestThatSharedSettingOpensXmlDataTypeAsSharedXml" classname="SIL.LCModel.LcmCacheTests" runstate="Runnable" seed="727074918" result="Passed" start-time="2020-10-05 16:46:37Z" end-time="2020-10-05 16:46:40Z" duration="3.026628" asserts="2" />
        </test-suite>
        <test-suite type="TestFixture" id="3-1025" name="LinkedFilesRelativePathHelperTests" fullname="SIL.LCModel.LinkedFilesRelativePathHelperTests" classname="SIL.LCModel.LinkedFilesRelativePathHelperTests" runstate="Runnable" testcasecount="7" result="Passed" start-time="2020-10-05 16:46:40Z" end-time="2020-10-05 16:46:40Z" duration="0.001597" total="7" passed="7" failed="0" warnings="0" inconclusive="0" skipped="0" asserts="12">
          <test-case id="3-1028" name="GetFullFilePathFromRelativeLFPath" fullname="SIL.LCModel.LinkedFilesRelativePathHelperTests.GetFullFilePathFromRelativeLFPath" methodname="GetFullFilePathFromRelativeLFPath" classname="SIL.LCModel.LinkedFilesRelativePathHelperTests" runstate="Runnable" seed="1877174620" result="Passed" start-time="2020-10-05 16:46:40Z" end-time="2020-10-05 16:46:40Z" duration="0.000317" asserts="2" />
          <test-case id="3-1031" name="GetFullPathFromRelativeLFPath" fullname="SIL.LCModel.LinkedFilesRelativePathHelperTests.GetFullPathFromRelativeLFPath" methodname="GetFullPathFromRelativeLFPath" classname="SIL.LCModel.LinkedFilesRelativePathHelperTests" runstate="Runnable" seed="1081080303" result="Passed" start-time="2020-10-05 16:46:40Z" end-time="2020-10-05 16:46:40Z" duration="0.000191" asserts="2" />
          <test-case id="3-1032" name="GetFullPathFromRelativeLFPath_WithIllegalCharacters_ReturnsSpecialPath" fullname="SIL.LCModel.LinkedFilesRelativePathHelperTests.GetFullPathFromRelativeLFPath_WithIllegalCharacters_ReturnsSpecialPath" methodname="GetFullPathFromRelativeLFPath_WithIllegalCharacters_ReturnsSpecialPath" classname="SIL.LCModel.LinkedFilesRelativePathHelperTests" runstate="Runnable" seed="987220935" result="Passed" start-time="2020-10-05 16:46:40Z" end-time="2020-10-05 16:46:40Z" duration="0.000133" asserts="1" />
          <test-case id="3-1027" name="GetLinkedFilesFullPathFromRelativePath" fullname="SIL.LCModel.LinkedFilesRelativePathHelperTests.GetLinkedFilesFullPathFromRelativePath" methodname="GetLinkedFilesFullPathFromRelativePath" classname="SIL.LCModel.LinkedFilesRelativePathHelperTests" runstate="Runnable" seed="608259999" result="Passed" start-time="2020-10-05 16:46:40Z" end-time="2020-10-05 16:46:40Z" duration="0.000128" asserts="1" />
          <test-case id="3-1026" name="GetLinkedFilesRelativePathFromFullPath" fullname="SIL.LCModel.LinkedFilesRelativePathHelperTests.GetLinkedFilesRelativePathFromFullPath" methodname="GetLinkedFilesRelativePathFromFullPath" classname="SIL.LCModel.LinkedFilesRelativePathHelperTests" runstate="Runnable" seed="640419575" result="Passed" start-time="2020-10-05 16:46:40Z" end-time="2020-10-05 16:46:40Z" duration="0.000125" asserts="1" />
          <test-case id="3-1029" name="GetRelativeLFPathFromFullFilePath" fullname="SIL.LCModel.LinkedFilesRelativePathHelperTests.GetRelativeLFPathFromFullFilePath" methodname="GetRelativeLFPathFromFullFilePath" classname="SIL.LCModel.LinkedFilesRelativePathHelperTests" runstate="Runnable" seed="1657688463" result="Passed" start-time="2020-10-05 16:46:40Z" end-time="2020-10-05 16:46:40Z" duration="0.000248" asserts="2" />
          <test-case id="3-1030" name="GetRelativeLinkedFilesPath" fullname="SIL.LCModel.LinkedFilesRelativePathHelperTests.GetRelativeLinkedFilesPath" methodname="GetRelativeLinkedFilesPath" classname="SIL.LCModel.LinkedFilesRelativePathHelperTests" runstate="Runnable" seed="745191146" result="Passed" start-time="2020-10-05 16:46:40Z" end-time="2020-10-05 16:46:40Z" duration="0.000234" asserts="3" />
        </test-suite>
      </test-suite>
    </test-suite>
  </test-suite>
  <test-suite type="Assembly" id="4-1340" name="SIL.LCModel.Utils.Tests.dll" fullname="/home/eberhard/Develop/liblcm/liblcm-nuget/artifacts/Debug/net461/SIL.LCModel.Utils.Tests.dll" runstate="Runnable" testcasecount="314" result="Skipped" label="Ignored" site="Child" start-time="2020-10-05 16:46:09Z" end-time="2020-10-05 16:46:11Z" duration="2.289678" total="314" passed="301" failed="0" warnings="0" inconclusive="0" skipped="13" asserts="893">
    <environment framework-version="3.12.0.0" clr-version="4.0.30319.42000" os-version="Unix 5.4.0.48" platform="Unix" cwd="/home/eberhard/Develop/liblcm/liblcm-nuget" machine-name="nopal" user="eberhard" user-domain="nopal" culture="en-US" uiculture="en-US" os-architecture="x64" />
    <settings>
      <setting name="DisposeRunners" value="True" />
      <setting name="WorkDirectory" value="/home/eberhard/Develop/liblcm/liblcm-nuget" />
      <setting name="ImageRuntimeVersion" value="4.0.30319" />
      <setting name="ImageTargetFrameworkName" value=".NETFramework,Version=v4.6.1" />
      <setting name="ImageRequiresX86" value="False" />
      <setting name="ImageRequiresDefaultAppDomainAssemblyResolver" value="False" />
      <setting name="RuntimeFramework" value="mono-4.0" />
      <setting name="NumberOfTestWorkers" value="8" />
    </settings>
    <properties>
      <property name="_PID" value="23116" />
      <property name="_APPDOMAIN" value="domain-1a8ed670-SIL.LCModel.Utils.Tests.dll" />
    </properties>
    <reason>
      <message><![CDATA[One or more child tests were ignored]]></message>
    </reason>
    <test-suite type="TestSuite" id="4-1341" name="SIL" fullname="SIL" runstate="Runnable" testcasecount="314" result="Skipped" label="Ignored" site="Child" start-time="2020-10-05 16:46:09Z" end-time="2020-10-05 16:46:11Z" duration="2.279448" total="314" passed="301" failed="0" warnings="0" inconclusive="0" skipped="13" asserts="893">
      <reason>
        <message><![CDATA[One or more child tests were ignored]]></message>
      </reason>
      <test-suite type="TestSuite" id="4-1342" name="LCModel" fullname="SIL.LCModel" runstate="Runnable" testcasecount="314" result="Skipped" label="Ignored" site="Child" start-time="2020-10-05 16:46:09Z" end-time="2020-10-05 16:46:11Z" duration="2.279288" total="314" passed="301" failed="0" warnings="0" inconclusive="0" skipped="13" asserts="893">
        <reason>
          <message><![CDATA[One or more child tests were ignored]]></message>
        </reason>
        <test-suite type="TestSuite" id="4-1343" name="Utils" fullname="SIL.LCModel.Utils" runstate="Runnable" testcasecount="314" result="Skipped" label="Ignored" site="Child" start-time="2020-10-05 16:46:09Z" end-time="2020-10-05 16:46:11Z" duration="2.279258" total="314" passed="301" failed="0" warnings="0" inconclusive="0" skipped="13" asserts="893">
          <reason>
            <message><![CDATA[One or more child tests were ignored]]></message>
          </reason>
          <test-suite type="TestFixture" id="4-1000" name="ArrayPtrTests" fullname="SIL.LCModel.Utils.ArrayPtrTests" classname="SIL.LCModel.Utils.ArrayPtrTests" runstate="Runnable" testcasecount="9" result="Skipped" label="Ignored" site="Child" start-time="2020-10-05 16:46:09Z" end-time="2020-10-05 16:46:09Z" duration="0.052670" total="9" passed="7" failed="0" warnings="0" inconclusive="0" skipped="2" asserts="9">
            <reason>
              <message><![CDATA[One or more child tests were ignored]]></message>
            </reason>
            <test-case id="4-1001" name="Basic" fullname="SIL.LCModel.Utils.ArrayPtrTests.Basic" methodname="Basic" classname="SIL.LCModel.Utils.ArrayPtrTests" runstate="Runnable" seed="1459868580" result="Passed" start-time="2020-10-05 16:46:09Z" end-time="2020-10-05 16:46:09Z" duration="0.031358" asserts="1" />
            <test-case id="4-1005" name="CannotResizeIfExternalMemory" fullname="SIL.LCModel.Utils.ArrayPtrTests.CannotResizeIfExternalMemory" methodname="CannotResizeIfExternalMemory" classname="SIL.LCModel.Utils.ArrayPtrTests" runstate="Runnable" seed="769146548" result="Passed" start-time="2020-10-05 16:46:09Z" end-time="2020-10-05 16:46:09Z" duration="0.006505" asserts="1" />
            <test-case id="4-1006" name="CanResizeIfOwnMemory" fullname="SIL.LCModel.Utils.ArrayPtrTests.CanResizeIfOwnMemory" methodname="CanResizeIfOwnMemory" classname="SIL.LCModel.Utils.ArrayPtrTests" runstate="Runnable" seed="154733908" result="Passed" start-time="2020-10-05 16:46:09Z" end-time="2020-10-05 16:46:09Z" duration="0.005254" asserts="2" />
            <test-case id="4-1002" name="DisposingArrayPtrOfNativeOwnedMemoryDoesNotFree" fullname="SIL.LCModel.Utils.ArrayPtrTests.DisposingArrayPtrOfNativeOwnedMemoryDoesNotFree" methodname="DisposingArrayPtrOfNativeOwnedMemoryDoesNotFree" classname="SIL.LCModel.Utils.ArrayPtrTests" runstate="Runnable" seed="586546148" result="Passed" start-time="2020-10-05 16:46:09Z" end-time="2020-10-05 16:46:09Z" duration="0.000460" asserts="1" />
            <test-case id="4-1003" name="DisposingArrayPtrOfOwnMemoryDoesFree_1" fullname="SIL.LCModel.Utils.ArrayPtrTests.DisposingArrayPtrOfOwnMemoryDoesFree_1" methodname="DisposingArrayPtrOfOwnMemoryDoesFree_1" classname="SIL.LCModel.Utils.ArrayPtrTests" runstate="Ignored" seed="976401541" result="Skipped" label="Ignored" start-time="2020-10-05 16:46:09Z" end-time="2020-10-05 16:46:09Z" duration="0.000331" asserts="0">
              <properties>
                <property name="_SKIPREASON" value="By design this test doesn't produce consistent results" />
              </properties>
              <reason>
                <message><![CDATA[By design this test doesn't produce consistent results]]></message>
              </reason>
            </test-case>
            <test-case id="4-1004" name="DisposingArrayPtrOfOwnMemoryDoesFree_2" fullname="SIL.LCModel.Utils.ArrayPtrTests.DisposingArrayPtrOfOwnMemoryDoesFree_2" methodname="DisposingArrayPtrOfOwnMemoryDoesFree_2" classname="SIL.LCModel.Utils.ArrayPtrTests" runstate="Ignored" seed="114453857" result="Skipped" label="Ignored" start-time="2020-10-05 16:46:09Z" end-time="2020-10-05 16:46:09Z" duration="0.000003" asserts="0">
              <properties>
                <property name="_SKIPREASON" value="By design this test doesn't produce consistent results" />
              </properties>
              <reason>
                <message><![CDATA[By design this test doesn't produce consistent results]]></message>
              </reason>
            </test-case>
            <test-case id="4-1007" name="DoNotOwnExternalMemory" fullname="SIL.LCModel.Utils.ArrayPtrTests.DoNotOwnExternalMemory" methodname="DoNotOwnExternalMemory" classname="SIL.LCModel.Utils.ArrayPtrTests" runstate="Runnable" seed="1431980566" result="Passed" start-time="2020-10-05 16:46:09Z" end-time="2020-10-05 16:46:09Z" duration="0.002210" asserts="1" />
            <test-case id="4-1008" name="DoOwnMemory_1" fullname="SIL.LCModel.Utils.ArrayPtrTests.DoOwnMemory_1" methodname="DoOwnMemory_1" classname="SIL.LCModel.Utils.ArrayPtrTests" runstate="Runnable" seed="1667998814" result="Passed" start-time="2020-10-05 16:46:09Z" end-time="2020-10-05 16:46:09Z" duration="0.000208" asserts="1" />
            <test-case id="4-1009" name="DoOwnMemory_2" fullname="SIL.LCModel.Utils.ArrayPtrTests.DoOwnMemory_2" methodname="DoOwnMemory_2" classname="SIL.LCModel.Utils.ArrayPtrTests" runstate="Runnable" seed="1412715809" result="Passed" start-time="2020-10-05 16:46:09Z" end-time="2020-10-05 16:46:09Z" duration="0.000222" asserts="2" />
          </test-suite>
          <test-suite type="TestFixture" id="4-1010" name="BagTests" fullname="SIL.LCModel.Utils.BagTests" classname="SIL.LCModel.Utils.BagTests" runstate="Runnable" testcasecount="4" result="Passed" start-time="2020-10-05 16:46:09Z" end-time="2020-10-05 16:46:09Z" duration="0.011080" total="4" passed="4" failed="0" warnings="0" inconclusive="0" skipped="0" asserts="104">
            <test-case id="4-1014" name="BagWrapper" fullname="SIL.LCModel.Utils.BagTests.BagWrapper" methodname="BagWrapper" classname="SIL.LCModel.Utils.BagTests" runstate="Runnable" seed="1807887717" result="Passed" start-time="2020-10-05 16:46:09Z" end-time="2020-10-05 16:46:09Z" duration="0.006045" asserts="8" />
            <test-case id="4-1013" name="Duplicates" fullname="SIL.LCModel.Utils.BagTests.Duplicates" methodname="Duplicates" classname="SIL.LCModel.Utils.BagTests" runstate="Runnable" seed="944073945" result="Passed" start-time="2020-10-05 16:46:09Z" end-time="2020-10-05 16:46:09Z" duration="0.003631" asserts="48" />
            <test-case id="4-1011" name="NoDuplicates" fullname="SIL.LCModel.Utils.BagTests.NoDuplicates" methodname="NoDuplicates" classname="SIL.LCModel.Utils.BagTests" runstate="Runnable" seed="1989719025" result="Passed" start-time="2020-10-05 16:46:09Z" end-time="2020-10-05 16:46:09Z" duration="0.000837" asserts="44" />
            <test-case id="4-1012" name="RemoveNotFound" fullname="SIL.LCModel.Utils.BagTests.RemoveNotFound" methodname="RemoveNotFound" classname="SIL.LCModel.Utils.BagTests" runstate="Runnable" seed="1997688778" result="Passed" start-time="2020-10-05 16:46:09Z" end-time="2020-10-05 16:46:09Z" duration="0.000377" asserts="4" />
          </test-suite>
          <test-suite type="TestFixture" id="4-1015" name="FileUtilsTest" fullname="SIL.LCModel.Utils.FileUtilsTest" classname="SIL.LCModel.Utils.FileUtilsTest" runstate="Runnable" testcasecount="113" result="Passed" start-time="2020-10-05 16:46:09Z" end-time="2020-10-05 16:46:11Z" duration="2.108368" total="113" passed="102" failed="0" warnings="0" inconclusive="0" skipped="11" asserts="189">
            <test-case id="4-1026" name="ActualFilePath_ComposedFilenameExists" fullname="SIL.LCModel.Utils.FileUtilsTest.ActualFilePath_ComposedFilenameExists" methodname="ActualFilePath_ComposedFilenameExists" classname="SIL.LCModel.Utils.FileUtilsTest" runstate="Runnable" seed="63280556" result="Passed" start-time="2020-10-05 16:46:09Z" end-time="2020-10-05 16:46:09Z" duration="0.004558" asserts="1" />
            <test-case id="4-1027" name="ActualFilePath_DecomposedFilenameExists" fullname="SIL.LCModel.Utils.FileUtilsTest.ActualFilePath_DecomposedFilenameExists" methodname="ActualFilePath_DecomposedFilenameExists" classname="SIL.LCModel.Utils.FileUtilsTest" runstate="Runnable" seed="2067797958" result="Passed" start-time="2020-10-05 16:46:09Z" end-time="2020-10-05 16:46:09Z" duration="0.000575" asserts="1" />
            <test-case id="4-1033" name="ActualFilePath_DirectoryNameComposedFilenameExistsWithDifferentCase_Linux" fullname="SIL.LCModel.Utils.FileUtilsTest.ActualFilePath_DirectoryNameComposedFilenameExistsWithDifferentCase_Linux" methodname="ActualFilePath_DirectoryNameComposedFilenameExistsWithDifferentCase_Linux" classname="SIL.LCModel.Utils.FileUtilsTest" runstate="Runnable" seed="486573731" result="Passed" start-time="2020-10-05 16:46:09Z" end-time="2020-10-05 16:46:09Z" duration="0.004202" asserts="2" />
            <test-case id="4-1032" name="ActualFilePath_DirectoryNameComposedFilenameExistsWithDifferentCase_Windows" fullname="SIL.LCModel.Utils.FileUtilsTest.ActualFilePath_DirectoryNameComposedFilenameExistsWithDifferentCase_Windows" methodname="ActualFilePath_DirectoryNameComposedFilenameExistsWithDifferentCase_Windows" classname="SIL.LCModel.Utils.FileUtilsTest" runstate="Skipped" seed="1152204179" result="Skipped" start-time="2020-10-05 16:46:09Z" end-time="2020-10-05 16:46:09Z" duration="0.000008" asserts="0">
              <properties>
                <property name="_SKIPREASON" value="Only supported on Win" />
              </properties>
              <reason>
                <message><![CDATA[Only supported on Win]]></message>
              </reason>
            </test-case>
            <test-case id="4-1035" name="ActualFilePath_DirectoryNameDecomposedFilenameExistsWithDifferentCase_Linux" fullname="SIL.LCModel.Utils.FileUtilsTest.ActualFilePath_DirectoryNameDecomposedFilenameExistsWithDifferentCase_Linux" methodname="ActualFilePath_DirectoryNameDecomposedFilenameExistsWithDifferentCase_Linux" classname="SIL.LCModel.Utils.FileUtilsTest" runstate="Runnable" seed="109673062" result="Passed" start-time="2020-10-05 16:46:09Z" end-time="2020-10-05 16:46:09Z" duration="0.000160" asserts="2" />
            <test-case id="4-1034" name="ActualFilePath_DirectoryNameDecomposedFilenameExistsWithDifferentCase_Windows" fullname="SIL.LCModel.Utils.FileUtilsTest.ActualFilePath_DirectoryNameDecomposedFilenameExistsWithDifferentCase_Windows" methodname="ActualFilePath_DirectoryNameDecomposedFilenameExistsWithDifferentCase_Windows" classname="SIL.LCModel.Utils.FileUtilsTest" runstate="Skipped" seed="1240521126" result="Skipped" start-time="2020-10-05 16:46:09Z" end-time="2020-10-05 16:46:09Z" duration="0.000003" asserts="0">
              <properties>
                <property name="_SKIPREASON" value="Only supported on Win" />
              </properties>
              <reason>
                <message><![CDATA[Only supported on Win]]></message>
              </reason>
            </test-case>
            <test-case id="4-1031" name="ActualFilePath_DirectoryNameExactMatchFilenameExistsWithDifferentCase_Linux" fullname="SIL.LCModel.Utils.FileUtilsTest.ActualFilePath_DirectoryNameExactMatchFilenameExistsWithDifferentCase_Linux" methodname="ActualFilePath_DirectoryNameExactMatchFilenameExistsWithDifferentCase_Linux" classname="SIL.LCModel.Utils.FileUtilsTest" runstate="Runnable" seed="1050558085" result="Passed" start-time="2020-10-05 16:46:09Z" end-time="2020-10-05 16:46:09Z" duration="0.000121" asserts="2" />
            <test-case id="4-1030" name="ActualFilePath_DirectoryNameExactMatchFilenameExistsWithDifferentCase_Windows" fullname="SIL.LCModel.Utils.FileUtilsTest.ActualFilePath_DirectoryNameExactMatchFilenameExistsWithDifferentCase_Windows" methodname="ActualFilePath_DirectoryNameExactMatchFilenameExistsWithDifferentCase_Windows" classname="SIL.LCModel.Utils.FileUtilsTest" runstate="Skipped" seed="2097772665" result="Skipped" start-time="2020-10-05 16:46:09Z" end-time="2020-10-05 16:46:09Z" duration="0.000002" asserts="0">
              <properties>
                <property name="_SKIPREASON" value="Only supported on Win" />
              </properties>
              <reason>
                <message><![CDATA[Only supported on Win]]></message>
              </reason>
            </test-case>
            <test-case id="4-1024" name="ActualFilePath_ExactNameExists" fullname="SIL.LCModel.Utils.FileUtilsTest.ActualFilePath_ExactNameExists" methodname="ActualFilePath_ExactNameExists" classname="SIL.LCModel.Utils.FileUtilsTest" runstate="Runnable" seed="1158242034" result="Passed" start-time="2020-10-05 16:46:09Z" end-time="2020-10-05 16:46:09Z" duration="0.000097" asserts="1" />
            <test-case id="4-1025" name="ActualFilePath_FileDoesNotExist" fullname="SIL.LCModel.Utils.FileUtilsTest.ActualFilePath_FileDoesNotExist" methodname="ActualFilePath_FileDoesNotExist" classname="SIL.LCModel.Utils.FileUtilsTest" runstate="Runnable" seed="551635645" result="Passed" start-time="2020-10-05 16:46:09Z" end-time="2020-10-05 16:46:09Z" duration="0.000097" asserts="1" />
            <test-case id="4-1063" name="ApplyCaseByBinary" fullname="SIL.LCModel.Utils.FileUtilsTest.ApplyCaseByBinary" methodname="ApplyCaseByBinary" classname="SIL.LCModel.Utils.FileUtilsTest" runstate="Runnable" seed="895513001" result="Passed" start-time="2020-10-05 16:46:09Z" end-time="2020-10-05 16:46:09Z" duration="0.000675" asserts="1" />
            <test-case id="4-1020" name="AreFilesIdentical_DifferentFilesOfDifferentSizeAreDifferent" fullname="SIL.LCModel.Utils.FileUtilsTest.AreFilesIdentical_DifferentFilesOfDifferentSizeAreDifferent" methodname="AreFilesIdentical_DifferentFilesOfDifferentSizeAreDifferent" classname="SIL.LCModel.Utils.FileUtilsTest" runstate="Runnable" seed="2042483829" result="Passed" start-time="2020-10-05 16:46:09Z" end-time="2020-10-05 16:46:09Z" duration="0.009883" asserts="1" />
            <test-case id="4-1021" name="AreFilesIdentical_DifferentFilesOfSameSizeAreDifferent" fullname="SIL.LCModel.Utils.FileUtilsTest.AreFilesIdentical_DifferentFilesOfSameSizeAreDifferent" methodname="AreFilesIdentical_DifferentFilesOfSameSizeAreDifferent" classname="SIL.LCModel.Utils.FileUtilsTest" runstate="Runnable" seed="252320425" result="Passed" start-time="2020-10-05 16:46:09Z" end-time="2020-10-05 16:46:09Z" duration="0.003769" asserts="1" />
            <test-case id="4-1023" name="AreFilesIdentical_SameFilesWithDifferentCreationTimeAreIdentical" fullname="SIL.LCModel.Utils.FileUtilsTest.AreFilesIdentical_SameFilesWithDifferentCreationTimeAreIdentical" methodname="AreFilesIdentical_SameFilesWithDifferentCreationTimeAreIdentical" classname="SIL.LCModel.Utils.FileUtilsTest" runstate="Runnable" seed="1370817420" result="Passed" start-time="2020-10-05 16:46:09Z" end-time="2020-10-05 16:46:10Z" duration="1.001740" asserts="1" />
            <test-case id="4-1022" name="AreFilesIdentical_TwoFilesWithSameContentAreIdentical" fullname="SIL.LCModel.Utils.FileUtilsTest.AreFilesIdentical_TwoFilesWithSameContentAreIdentical" methodname="AreFilesIdentical_TwoFilesWithSameContentAreIdentical" classname="SIL.LCModel.Utils.FileUtilsTest" runstate="Runnable" seed="510492712" result="Passed" start-time="2020-10-05 16:46:10Z" end-time="2020-10-05 16:46:11Z" duration="1.001708" asserts="1" />
            <test-case id="4-1106" name="ChangeLinuxPathIfWindows_complexPath_changed" fullname="SIL.LCModel.Utils.FileUtilsTest.ChangeLinuxPathIfWindows_complexPath_changed" methodname="ChangeLinuxPathIfWindows_complexPath_changed" classname="SIL.LCModel.Utils.FileUtilsTest" runstate="Skipped" seed="585911417" result="Skipped" start-time="2020-10-05 16:46:11Z" end-time="2020-10-05 16:46:11Z" duration="0.000006" asserts="0">
              <properties>
                <property name="_SKIPREASON" value="Only supported on Win" />
              </properties>
              <reason>
                <message><![CDATA[Only supported on Win]]></message>
              </reason>
            </test-case>
            <test-case id="4-1102" name="ChangeLinuxPathIfWindows_containsBackslash_unchanged" fullname="SIL.LCModel.Utils.FileUtilsTest.ChangeLinuxPathIfWindows_containsBackslash_unchanged" methodname="ChangeLinuxPathIfWindows_containsBackslash_unchanged" classname="SIL.LCModel.Utils.FileUtilsTest" runstate="Skipped" seed="282346394" result="Skipped" start-time="2020-10-05 16:46:11Z" end-time="2020-10-05 16:46:11Z" duration="0.000003" asserts="0">
              <properties>
                <property name="_SKIPREASON" value="Only supported on Win" />
              </properties>
              <reason>
                <message><![CDATA[Only supported on Win]]></message>
              </reason>
            </test-case>
            <test-case id="4-1104" name="ChangeLinuxPathIfWindows_doubleSlashCollapsing_changed" fullname="SIL.LCModel.Utils.FileUtilsTest.ChangeLinuxPathIfWindows_doubleSlashCollapsing_changed" methodname="ChangeLinuxPathIfWindows_doubleSlashCollapsing_changed" classname="SIL.LCModel.Utils.FileUtilsTest" runstate="Skipped" seed="522060385" result="Skipped" start-time="2020-10-05 16:46:11Z" end-time="2020-10-05 16:46:11Z" duration="0.000003" asserts="0">
              <properties>
                <property name="_SKIPREASON" value="Only supported on Win" />
              </properties>
              <reason>
                <message><![CDATA[Only supported on Win]]></message>
              </reason>
            </test-case>
            <test-case id="4-1101" name="ChangeLinuxPathIfWindows_inLinux_unchanged" fullname="SIL.LCModel.Utils.FileUtilsTest.ChangeLinuxPathIfWindows_inLinux_unchanged" methodname="ChangeLinuxPathIfWindows_inLinux_unchanged" classname="SIL.LCModel.Utils.FileUtilsTest" runstate="Runnable" seed="71747883" result="Passed" start-time="2020-10-05 16:46:11Z" end-time="2020-10-05 16:46:11Z" duration="0.000429" asserts="5" />
            <test-case id="4-1103" name="ChangeLinuxPathIfWindows_media_changed" fullname="SIL.LCModel.Utils.FileUtilsTest.ChangeLinuxPathIfWindows_media_changed" methodname="ChangeLinuxPathIfWindows_media_changed" classname="SIL.LCModel.Utils.FileUtilsTest" runstate="Skipped" seed="2061205091" result="Skipped" start-time="2020-10-05 16:46:11Z" end-time="2020-10-05 16:46:11Z" duration="0.000005" asserts="0">
              <properties>
                <property name="_SKIPREASON" value="Only supported on Win" />
              </properties>
              <reason>
                <message><![CDATA[Only supported on Win]]></message>
              </reason>
            </test-case>
            <test-case id="4-1105" name="ChangeLinuxPathIfWindows_multiSlashCollapsing_changed" fullname="SIL.LCModel.Utils.FileUtilsTest.ChangeLinuxPathIfWindows_multiSlashCollapsing_changed" methodname="ChangeLinuxPathIfWindows_multiSlashCollapsing_changed" classname="SIL.LCModel.Utils.FileUtilsTest" runstate="Skipped" seed="1528425768" result="Skipped" start-time="2020-10-05 16:46:11Z" end-time="2020-10-05 16:46:11Z" duration="0.000003" asserts="0">
              <properties>
                <property name="_SKIPREASON" value="Only supported on Win" />
              </properties>
              <reason>
                <message><![CDATA[Only supported on Win]]></message>
              </reason>
            </test-case>
            <test-case id="4-1090" name="ChangePathToPlatform_absPath_changed" fullname="SIL.LCModel.Utils.FileUtilsTest.ChangePathToPlatform_absPath_changed" methodname="ChangePathToPlatform_absPath_changed" classname="SIL.LCModel.Utils.FileUtilsTest" runstate="Runnable" seed="562786887" result="Passed" start-time="2020-10-05 16:46:11Z" end-time="2020-10-05 16:46:11Z" duration="0.000571" asserts="1" />
            <test-case id="4-1089" name="ChangePathToPlatform_complexPath_changed" fullname="SIL.LCModel.Utils.FileUtilsTest.ChangePathToPlatform_complexPath_changed" methodname="ChangePathToPlatform_complexPath_changed" classname="SIL.LCModel.Utils.FileUtilsTest" runstate="Runnable" seed="681124469" result="Passed" start-time="2020-10-05 16:46:11Z" end-time="2020-10-05 16:46:11Z" duration="0.008269" asserts="1" />
            <test-case id="4-1087" name="ChangePathToPlatform_driveWithLongerPath_changed" fullname="SIL.LCModel.Utils.FileUtilsTest.ChangePathToPlatform_driveWithLongerPath_changed" methodname="ChangePathToPlatform_driveWithLongerPath_changed" classname="SIL.LCModel.Utils.FileUtilsTest" runstate="Runnable" seed="1294303430" result="Passed" start-time="2020-10-05 16:46:11Z" end-time="2020-10-05 16:46:11Z" duration="0.000116" asserts="1" />
            <test-case id="4-1086" name="ChangePathToPlatform_driveWithPath_changed" fullname="SIL.LCModel.Utils.FileUtilsTest.ChangePathToPlatform_driveWithPath_changed" methodname="ChangePathToPlatform_driveWithPath_changed" classname="SIL.LCModel.Utils.FileUtilsTest" runstate="Runnable" seed="1271721356" result="Passed" start-time="2020-10-05 16:46:11Z" end-time="2020-10-05 16:46:11Z" duration="0.000100" asserts="1" />
            <test-case id="4-1082" name="ChangePathToPlatform_empty_unchanged" fullname="SIL.LCModel.Utils.FileUtilsTest.ChangePathToPlatform_empty_unchanged" methodname="ChangePathToPlatform_empty_unchanged" classname="SIL.LCModel.Utils.FileUtilsTest" runstate="Runnable" seed="1420009931" result="Passed" start-time="2020-10-05 16:46:11Z" end-time="2020-10-05 16:46:11Z" duration="0.000108" asserts="1" />
            <test-case id="4-1081" name="ChangePathToPlatform_null_unchanged" fullname="SIL.LCModel.Utils.FileUtilsTest.ChangePathToPlatform_null_unchanged" methodname="ChangePathToPlatform_null_unchanged" classname="SIL.LCModel.Utils.FileUtilsTest" runstate="Runnable" seed="346808845" result="Passed" start-time="2020-10-05 16:46:11Z" end-time="2020-10-05 16:46:11Z" duration="0.000081" asserts="1" />
            <test-case id="4-1088" name="ChangePathToPlatform_root_changed" fullname="SIL.LCModel.Utils.FileUtilsTest.ChangePathToPlatform_root_changed" methodname="ChangePathToPlatform_root_changed" classname="SIL.LCModel.Utils.FileUtilsTest" runstate="Runnable" seed="532336943" result="Passed" start-time="2020-10-05 16:46:11Z" end-time="2020-10-05 16:46:11Z" duration="0.000076" asserts="1" />
            <test-case id="4-1083" name="ChangePathToPlatform_simple_unchanged" fullname="SIL.LCModel.Utils.FileUtilsTest.ChangePathToPlatform_simple_unchanged" methodname="ChangePathToPlatform_simple_unchanged" classname="SIL.LCModel.Utils.FileUtilsTest" runstate="Runnable" seed="593567433" result="Passed" start-time="2020-10-05 16:46:11Z" end-time="2020-10-05 16:46:11Z" duration="0.000273" asserts="1" />
            <test-case id="4-1084" name="ChangePathToPlatform_twoDirs_changed" fullname="SIL.LCModel.Utils.FileUtilsTest.ChangePathToPlatform_twoDirs_changed" methodname="ChangePathToPlatform_twoDirs_changed" classname="SIL.LCModel.Utils.FileUtilsTest" runstate="Runnable" seed="853752716" result="Passed" start-time="2020-10-05 16:46:11Z" end-time="2020-10-05 16:46:11Z" duration="0.000086" asserts="1" />
            <test-case id="4-1085" name="ChangePathToPlatform_twoDirsAndDots_changed" fullname="SIL.LCModel.Utils.FileUtilsTest.ChangePathToPlatform_twoDirsAndDots_changed" methodname="ChangePathToPlatform_twoDirsAndDots_changed" classname="SIL.LCModel.Utils.FileUtilsTest" runstate="Runnable" seed="1511495781" result="Passed" start-time="2020-10-05 16:46:11Z" end-time="2020-10-05 16:46:11Z" duration="0.000078" asserts="1" />
            <test-case id="4-1107" name="ChangePathToPlatformPreservingPrefix_basic_works" fullname="SIL.LCModel.Utils.FileUtilsTest.ChangePathToPlatformPreservingPrefix_basic_works" methodname="ChangePathToPlatformPreservingPrefix_basic_works" classname="SIL.LCModel.Utils.FileUtilsTest" runstate="Runnable" seed="627774738" result="Passed" start-time="2020-10-05 16:46:11Z" end-time="2020-10-05 16:46:11Z" duration="0.000360" asserts="4" />
            <test-case id="4-1108" name="ChangePathToPlatformPreservingPrefix_doesNotStartWithPrefix_works" fullname="SIL.LCModel.Utils.FileUtilsTest.ChangePathToPlatformPreservingPrefix_doesNotStartWithPrefix_works" methodname="ChangePathToPlatformPreservingPrefix_doesNotStartWithPrefix_works" classname="SIL.LCModel.Utils.FileUtilsTest" runstate="Runnable" seed="929079061" result="Passed" start-time="2020-10-05 16:46:11Z" end-time="2020-10-05 16:46:11Z" duration="0.000113" asserts="4" />
            <test-case id="4-1109" name="ChangePathToPlatformPreservingPrefix_nullOrEmptyPrefix_works" fullname="SIL.LCModel.Utils.FileUtilsTest.ChangePathToPlatformPreservingPrefix_nullOrEmptyPrefix_works" methodname="ChangePathToPlatformPreservingPrefix_nullOrEmptyPrefix_works" classname="SIL.LCModel.Utils.FileUtilsTest" runstate="Runnable" seed="1362361647" result="Passed" start-time="2020-10-05 16:46:11Z" end-time="2020-10-05 16:46:11Z" duration="0.000179" asserts="6" />
            <test-case id="4-1096" name="ChangeWindowsPathIfLinux_arbitraryDrive_error" fullname="SIL.LCModel.Utils.FileUtilsTest.ChangeWindowsPathIfLinux_arbitraryDrive_error" methodname="ChangeWindowsPathIfLinux_arbitraryDrive_error" classname="SIL.LCModel.Utils.FileUtilsTest" runstate="Runnable" seed="385029408" result="Passed" start-time="2020-10-05 16:46:11Z" end-time="2020-10-05 16:46:11Z" duration="0.000913" asserts="1" />
            <test-case id="4-1098" name="ChangeWindowsPathIfLinux_DoubleDriveLetters_changed" fullname="SIL.LCModel.Utils.FileUtilsTest.ChangeWindowsPathIfLinux_DoubleDriveLetters_changed" methodname="ChangeWindowsPathIfLinux_DoubleDriveLetters_changed" classname="SIL.LCModel.Utils.FileUtilsTest" runstate="Runnable" seed="121262859" result="Passed" start-time="2020-10-05 16:46:11Z" end-time="2020-10-05 16:46:11Z" duration="0.000129" asserts="1" />
            <test-case id="4-1092" name="ChangeWindowsPathIfLinux_driveOnlyLowercase_changed" fullname="SIL.LCModel.Utils.FileUtilsTest.ChangeWindowsPathIfLinux_driveOnlyLowercase_changed" methodname="ChangeWindowsPathIfLinux_driveOnlyLowercase_changed" classname="SIL.LCModel.Utils.FileUtilsTest" runstate="Runnable" seed="694560950" result="Passed" start-time="2020-10-05 16:46:11Z" end-time="2020-10-05 16:46:11Z" duration="0.000376" asserts="1" />
            <test-case id="4-1093" name="ChangeWindowsPathIfLinux_driveOnlyUppercase_changed" fullname="SIL.LCModel.Utils.FileUtilsTest.ChangeWindowsPathIfLinux_driveOnlyUppercase_changed" methodname="ChangeWindowsPathIfLinux_driveOnlyUppercase_changed" classname="SIL.LCModel.Utils.FileUtilsTest" runstate="Runnable" seed="806227509" result="Passed" start-time="2020-10-05 16:46:11Z" end-time="2020-10-05 16:46:11Z" duration="0.000110" asserts="1" />
            <test-case id="4-1091" name="ChangeWindowsPathIfLinux_inWindows_unchanged" fullname="SIL.LCModel.Utils.FileUtilsTest.ChangeWindowsPathIfLinux_inWindows_unchanged" methodname="ChangeWindowsPathIfLinux_inWindows_unchanged" classname="SIL.LCModel.Utils.FileUtilsTest" runstate="Skipped" seed="1504201794" result="Skipped" start-time="2020-10-05 16:46:11Z" end-time="2020-10-05 16:46:11Z" duration="0.000003" asserts="0">
              <properties>
                <property name="_SKIPREASON" value="Only supported on Win" />
              </properties>
              <reason>
                <message><![CDATA[Only supported on Win]]></message>
              </reason>
            </test-case>
            <test-case id="4-1094" name="ChangeWindowsPathIfLinux_lowercaseDrive_changed" fullname="SIL.LCModel.Utils.FileUtilsTest.ChangeWindowsPathIfLinux_lowercaseDrive_changed" methodname="ChangeWindowsPathIfLinux_lowercaseDrive_changed" classname="SIL.LCModel.Utils.FileUtilsTest" runstate="Runnable" seed="2061735228" result="Passed" start-time="2020-10-05 16:46:11Z" end-time="2020-10-05 16:46:11Z" duration="0.000086" asserts="1" />
            <test-case id="4-1097" name="ChangeWindowsPathIfLinux_OneBackslash_changed" fullname="SIL.LCModel.Utils.FileUtilsTest.ChangeWindowsPathIfLinux_OneBackslash_changed" methodname="ChangeWindowsPathIfLinux_OneBackslash_changed" classname="SIL.LCModel.Utils.FileUtilsTest" runstate="Runnable" seed="492549002" result="Passed" start-time="2020-10-05 16:46:11Z" end-time="2020-10-05 16:46:11Z" duration="0.000102" asserts="1" />
            <test-case id="4-1095" name="ChangeWindowsPathIfLinux_twoDirsWithForwardSlash_unchanged" fullname="SIL.LCModel.Utils.FileUtilsTest.ChangeWindowsPathIfLinux_twoDirsWithForwardSlash_unchanged" methodname="ChangeWindowsPathIfLinux_twoDirsWithForwardSlash_unchanged" classname="SIL.LCModel.Utils.FileUtilsTest" runstate="Runnable" seed="720995215" result="Passed" start-time="2020-10-05 16:46:11Z" end-time="2020-10-05 16:46:11Z" duration="0.000115" asserts="1" />
            <test-case id="4-1100" name="ChangeWindowsPathIfLinuxPreservingPrefix_doesNotStartWithPrefixAndHasLowercaseDrive_works" fullname="SIL.LCModel.Utils.FileUtilsTest.ChangeWindowsPathIfLinuxPreservingPrefix_doesNotStartWithPrefixAndHasLowercaseDrive_works" methodname="ChangeWindowsPathIfLinuxPreservingPrefix_doesNotStartWithPrefixAndHasLowercaseDrive_works" classname="SIL.LCModel.Utils.FileUtilsTest" runstate="Runnable" seed="1364982357" result="Passed" start-time="2020-10-05 16:46:11Z" end-time="2020-10-05 16:46:11Z" duration="0.000107" asserts="1" />
            <test-case id="4-1099" name="ChangeWindowsPathIfLinuxPreservingPrefix_lowercaseDrive_works" fullname="SIL.LCModel.Utils.FileUtilsTest.ChangeWindowsPathIfLinuxPreservingPrefix_lowercaseDrive_works" methodname="ChangeWindowsPathIfLinuxPreservingPrefix_lowercaseDrive_works" classname="SIL.LCModel.Utils.FileUtilsTest" runstate="Runnable" seed="939542261" result="Passed" start-time="2020-10-05 16:46:11Z" end-time="2020-10-05 16:46:11Z" duration="0.000142" asserts="1" />
            <test-case id="4-1050" name="Delete_FailsIfOpenForRead" fullname="SIL.LCModel.Utils.FileUtilsTest.Delete_FailsIfOpenForRead" methodname="Delete_FailsIfOpenForRead" classname="SIL.LCModel.Utils.FileUtilsTest" runstate="Runnable" seed="951670592" result="Passed" start-time="2020-10-05 16:46:11Z" end-time="2020-10-05 16:46:11Z" duration="0.006367" asserts="2" />
            <test-case id="4-1049" name="Delete_FailsIfOpenForWrite" fullname="SIL.LCModel.Utils.FileUtilsTest.Delete_FailsIfOpenForWrite" methodname="Delete_FailsIfOpenForWrite" classname="SIL.LCModel.Utils.FileUtilsTest" runstate="Runnable" seed="879302190" result="Passed" start-time="2020-10-05 16:46:11Z" end-time="2020-10-05 16:46:11Z" duration="0.000687" asserts="1" />
            <test-case id="4-1051" name="Delete_SucceedsIfFileDoesNotExist" fullname="SIL.LCModel.Utils.FileUtilsTest.Delete_SucceedsIfFileDoesNotExist" methodname="Delete_SucceedsIfFileDoesNotExist" classname="SIL.LCModel.Utils.FileUtilsTest" runstate="Runnable" seed="1481046119" result="Passed" start-time="2020-10-05 16:46:11Z" end-time="2020-10-05 16:46:11Z" duration="0.000134" asserts="0" />
            <test-case id="4-1052" name="Delete_Success" fullname="SIL.LCModel.Utils.FileUtilsTest.Delete_Success" methodname="Delete_Success" classname="SIL.LCModel.Utils.FileUtilsTest" runstate="Runnable" seed="1771319535" result="Passed" start-time="2020-10-05 16:46:11Z" end-time="2020-10-05 16:46:11Z" duration="0.000721" asserts="1" />
            <test-case id="4-1040" name="DetermineSfFileEncoding_ASCII" fullname="SIL.LCModel.Utils.FileUtilsTest.DetermineSfFileEncoding_ASCII" methodname="DetermineSfFileEncoding_ASCII" classname="SIL.LCModel.Utils.FileUtilsTest" runstate="Runnable" seed="1174846509" result="Passed" start-time="2020-10-05 16:46:11Z" end-time="2020-10-05 16:46:11Z" duration="0.003915" asserts="1" />
            <test-case id="4-1041" name="DetermineSfFileEncoding_BigEndianUnicodeBOM" fullname="SIL.LCModel.Utils.FileUtilsTest.DetermineSfFileEncoding_BigEndianUnicodeBOM" methodname="DetermineSfFileEncoding_BigEndianUnicodeBOM" classname="SIL.LCModel.Utils.FileUtilsTest" runstate="Runnable" seed="101531136" result="Passed" start-time="2020-10-05 16:46:11Z" end-time="2020-10-05 16:46:11Z" duration="0.000196" asserts="1" />
            <test-case id="4-1042" name="DetermineSfFileEncoding_BigEndianUnicodeNoBOM" fullname="SIL.LCModel.Utils.FileUtilsTest.DetermineSfFileEncoding_BigEndianUnicodeNoBOM" methodname="DetermineSfFileEncoding_BigEndianUnicodeNoBOM" classname="SIL.LCModel.Utils.FileUtilsTest" runstate="Runnable" seed="558978069" result="Passed" start-time="2020-10-05 16:46:11Z" end-time="2020-10-05 16:46:11Z" duration="0.000211" asserts="1" />
            <test-case id="4-1036" name="DetermineSfFileEncoding_UnicodeBOM" fullname="SIL.LCModel.Utils.FileUtilsTest.DetermineSfFileEncoding_UnicodeBOM" methodname="DetermineSfFileEncoding_UnicodeBOM" classname="SIL.LCModel.Utils.FileUtilsTest" runstate="Runnable" seed="1806694902" result="Passed" start-time="2020-10-05 16:46:11Z" end-time="2020-10-05 16:46:11Z" duration="0.000154" asserts="1" />
            <test-case id="4-1037" name="DetermineSfFileEncoding_UnicodeNoBOM" fullname="SIL.LCModel.Utils.FileUtilsTest.DetermineSfFileEncoding_UnicodeNoBOM" methodname="DetermineSfFileEncoding_UnicodeNoBOM" classname="SIL.LCModel.Utils.FileUtilsTest" runstate="Runnable" seed="282986288" result="Passed" start-time="2020-10-05 16:46:11Z" end-time="2020-10-05 16:46:11Z" duration="0.000178" asserts="1" />
            <test-case id="4-1038" name="DetermineSfFileEncoding_UTF8BOM" fullname="SIL.LCModel.Utils.FileUtilsTest.DetermineSfFileEncoding_UTF8BOM" methodname="DetermineSfFileEncoding_UTF8BOM" classname="SIL.LCModel.Utils.FileUtilsTest" runstate="Runnable" seed="1964383171" result="Passed" start-time="2020-10-05 16:46:11Z" end-time="2020-10-05 16:46:11Z" duration="0.000143" asserts="1" />
            <test-case id="4-1039" name="DetermineSfFileEncoding_UTF8NoBOM" fullname="SIL.LCModel.Utils.FileUtilsTest.DetermineSfFileEncoding_UTF8NoBOM" methodname="DetermineSfFileEncoding_UTF8NoBOM" classname="SIL.LCModel.Utils.FileUtilsTest" runstate="Runnable" seed="2075029687" result="Passed" start-time="2020-10-05 16:46:11Z" end-time="2020-10-05 16:46:11Z" duration="0.000641" asserts="1" />
            <test-case id="4-1043" name="EncodingFromBOM_UTF32" fullname="SIL.LCModel.Utils.FileUtilsTest.EncodingFromBOM_UTF32" methodname="EncodingFromBOM_UTF32" classname="SIL.LCModel.Utils.FileUtilsTest" runstate="Runnable" seed="1021533100" result="Passed" start-time="2020-10-05 16:46:11Z" end-time="2020-10-05 16:46:11Z" duration="0.001603" asserts="1" />
            <test-case id="4-1028" name="EnsureDirectoryExists_CreatesNonExistentDirectory" fullname="SIL.LCModel.Utils.FileUtilsTest.EnsureDirectoryExists_CreatesNonExistentDirectory" methodname="EnsureDirectoryExists_CreatesNonExistentDirectory" classname="SIL.LCModel.Utils.FileUtilsTest" runstate="Runnable" seed="712842703" result="Passed" start-time="2020-10-05 16:46:11Z" end-time="2020-10-05 16:46:11Z" duration="0.000725" asserts="6" />
            <test-case id="4-1029" name="EnsureDirectoryExists_NoProblemForExistentDirectory" fullname="SIL.LCModel.Utils.FileUtilsTest.EnsureDirectoryExists_NoProblemForExistentDirectory" methodname="EnsureDirectoryExists_NoProblemForExistentDirectory" classname="SIL.LCModel.Utils.FileUtilsTest" runstate="Runnable" seed="453829521" result="Passed" start-time="2020-10-05 16:46:11Z" end-time="2020-10-05 16:46:11Z" duration="0.000224" asserts="2" />
            <test-case id="4-1071" name="FileDialogFilterCaseInsensitiveCombinations_Multi" fullname="SIL.LCModel.Utils.FileUtilsTest.FileDialogFilterCaseInsensitiveCombinations_Multi" methodname="FileDialogFilterCaseInsensitiveCombinations_Multi" classname="SIL.LCModel.Utils.FileUtilsTest" runstate="Runnable" seed="1122474595" result="Passed" start-time="2020-10-05 16:46:11Z" end-time="2020-10-05 16:46:11Z" duration="0.004139" asserts="1" />
            <test-case id="4-1072" name="FileDialogFilterCaseInsensitiveCombinations_NoopInWindows" fullname="SIL.LCModel.Utils.FileUtilsTest.FileDialogFilterCaseInsensitiveCombinations_NoopInWindows" methodname="FileDialogFilterCaseInsensitiveCombinations_NoopInWindows" classname="SIL.LCModel.Utils.FileUtilsTest" runstate="Skipped" seed="2136931243" result="Skipped" start-time="2020-10-05 16:46:11Z" end-time="2020-10-05 16:46:11Z" duration="0.000005" asserts="0">
              <properties>
                <property name="_SKIPREASON" value="Only supported on Win" />
              </properties>
              <reason>
                <message><![CDATA[Only supported on Win]]></message>
              </reason>
            </test-case>
            <test-case id="4-1070" name="FileDialogFilterCaseInsensitiveCombinations_Single" fullname="SIL.LCModel.Utils.FileUtilsTest.FileDialogFilterCaseInsensitiveCombinations_Single" methodname="FileDialogFilterCaseInsensitiveCombinations_Single" classname="SIL.LCModel.Utils.FileUtilsTest" runstate="Runnable" seed="548497749" result="Passed" start-time="2020-10-05 16:46:11Z" end-time="2020-10-05 16:46:11Z" duration="0.000250" asserts="1" />
            <test-case id="4-1073" name="GetFilesInDirectory_NoPattern_DirectoryDoesNotExist" fullname="SIL.LCModel.Utils.FileUtilsTest.GetFilesInDirectory_NoPattern_DirectoryDoesNotExist" methodname="GetFilesInDirectory_NoPattern_DirectoryDoesNotExist" classname="SIL.LCModel.Utils.FileUtilsTest" runstate="Runnable" seed="1757695461" result="Passed" start-time="2020-10-05 16:46:11Z" end-time="2020-10-05 16:46:11Z" duration="0.000661" asserts="1" />
            <test-case id="4-1076" name="GetFilesInDirectory_NoPattern_FilesAddedWithFullPath" fullname="SIL.LCModel.Utils.FileUtilsTest.GetFilesInDirectory_NoPattern_FilesAddedWithFullPath" methodname="GetFilesInDirectory_NoPattern_FilesAddedWithFullPath" classname="SIL.LCModel.Utils.FileUtilsTest" runstate="Runnable" seed="1590912626" result="Passed" start-time="2020-10-05 16:46:11Z" end-time="2020-10-05 16:46:11Z" duration="0.000339" asserts="3" />
            <test-case id="4-1075" name="GetFilesInDirectory_NoPattern_FilesAddedWithoutPath" fullname="SIL.LCModel.Utils.FileUtilsTest.GetFilesInDirectory_NoPattern_FilesAddedWithoutPath" methodname="GetFilesInDirectory_NoPattern_FilesAddedWithoutPath" classname="SIL.LCModel.Utils.FileUtilsTest" runstate="Runnable" seed="1018717743" result="Passed" start-time="2020-10-05 16:46:11Z" end-time="2020-10-05 16:46:11Z" duration="0.000314" asserts="3" />
            <test-case id="4-1074" name="GetFilesInDirectory_NoPattern_None" fullname="SIL.LCModel.Utils.FileUtilsTest.GetFilesInDirectory_NoPattern_None" methodname="GetFilesInDirectory_NoPattern_None" classname="SIL.LCModel.Utils.FileUtilsTest" runstate="Runnable" seed="99613946" result="Passed" start-time="2020-10-05 16:46:11Z" end-time="2020-10-05 16:46:11Z" duration="0.000253" asserts="1" />
            <test-case id="4-1079" name="GetFilesInDirectory_SearchPattern_FilesAddedWithFullPath" fullname="SIL.LCModel.Utils.FileUtilsTest.GetFilesInDirectory_SearchPattern_FilesAddedWithFullPath" methodname="GetFilesInDirectory_SearchPattern_FilesAddedWithFullPath" classname="SIL.LCModel.Utils.FileUtilsTest" runstate="Runnable" seed="1918978149" result="Passed" start-time="2020-10-05 16:46:11Z" end-time="2020-10-05 16:46:11Z" duration="0.001278" asserts="11" />
            <test-case id="4-1078" name="GetFilesInDirectory_SearchPattern_FilesAddedWithoutPath" fullname="SIL.LCModel.Utils.FileUtilsTest.GetFilesInDirectory_SearchPattern_FilesAddedWithoutPath" methodname="GetFilesInDirectory_SearchPattern_FilesAddedWithoutPath" classname="SIL.LCModel.Utils.FileUtilsTest" runstate="Runnable" seed="1003815729" result="Passed" start-time="2020-10-05 16:46:11Z" end-time="2020-10-05 16:46:11Z" duration="0.000758" asserts="4" />
            <test-case id="4-1080" name="GetFilesInDirectory_SearchPattern_RegexCharsInPattern" fullname="SIL.LCModel.Utils.FileUtilsTest.GetFilesInDirectory_SearchPattern_RegexCharsInPattern" methodname="GetFilesInDirectory_SearchPattern_RegexCharsInPattern" classname="SIL.LCModel.Utils.FileUtilsTest" runstate="Runnable" seed="1348274720" result="Passed" start-time="2020-10-05 16:46:11Z" end-time="2020-10-05 16:46:11Z" duration="0.000477" asserts="5" />
            <test-case id="4-1077" name="GetFilesInDirectory_WithFinalDirectorySeparator" fullname="SIL.LCModel.Utils.FileUtilsTest.GetFilesInDirectory_WithFinalDirectorySeparator" methodname="GetFilesInDirectory_WithFinalDirectorySeparator" classname="SIL.LCModel.Utils.FileUtilsTest" runstate="Runnable" seed="812184007" result="Passed" start-time="2020-10-05 16:46:11Z" end-time="2020-10-05 16:46:11Z" duration="0.000406" asserts="2" />
            <test-case id="4-1127" name="IsExecutable_directory_works" fullname="SIL.LCModel.Utils.FileUtilsTest.IsExecutable_directory_works" methodname="IsExecutable_directory_works" classname="SIL.LCModel.Utils.FileUtilsTest" runstate="Runnable" seed="948528901" result="Passed" start-time="2020-10-05 16:46:11Z" end-time="2020-10-05 16:46:11Z" duration="0.017753" asserts="5" />
            <test-case id="4-1126" name="IsExecutable_file_works" fullname="SIL.LCModel.Utils.FileUtilsTest.IsExecutable_file_works" methodname="IsExecutable_file_works" classname="SIL.LCModel.Utils.FileUtilsTest" runstate="Runnable" seed="1363065700" result="Passed" start-time="2020-10-05 16:46:11Z" end-time="2020-10-05 16:46:11Z" duration="0.000816" asserts="3" />
            <test-case id="4-1128" name="IsExecutable_nonexistentPath_throws" fullname="SIL.LCModel.Utils.FileUtilsTest.IsExecutable_nonexistentPath_throws" methodname="IsExecutable_nonexistentPath_throws" classname="SIL.LCModel.Utils.FileUtilsTest" runstate="Runnable" seed="1093641909" result="Passed" start-time="2020-10-05 16:46:11Z" end-time="2020-10-05 16:46:11Z" duration="0.000573" asserts="2" />
            <test-case id="4-1017" name="IsFilePathValid" fullname="SIL.LCModel.Utils.FileUtilsTest.IsFilePathValid" methodname="IsFilePathValid" classname="SIL.LCModel.Utils.FileUtilsTest" runstate="Runnable" seed="717287068" result="Passed" start-time="2020-10-05 16:46:11Z" end-time="2020-10-05 16:46:11Z" duration="0.000205" asserts="4" />
            <test-case id="4-1019" name="IsFilePathValid_Linux" fullname="SIL.LCModel.Utils.FileUtilsTest.IsFilePathValid_Linux" methodname="IsFilePathValid_Linux" classname="SIL.LCModel.Utils.FileUtilsTest" runstate="Runnable" seed="592469031" result="Passed" start-time="2020-10-05 16:46:11Z" end-time="2020-10-05 16:46:11Z" duration="0.000130" asserts="2" />
            <test-case id="4-1018" name="IsFilePathValid_Windows" fullname="SIL.LCModel.Utils.FileUtilsTest.IsFilePathValid_Windows" methodname="IsFilePathValid_Windows" classname="SIL.LCModel.Utils.FileUtilsTest" runstate="Skipped" seed="471424000" result="Skipped" start-time="2020-10-05 16:46:11Z" end-time="2020-10-05 16:46:11Z" duration="0.000004" asserts="0">
              <properties>
                <property name="_SKIPREASON" value="Only supported on Win" />
              </properties>
              <reason>
                <message><![CDATA[Only supported on Win]]></message>
              </reason>
            </test-case>
            <test-case id="4-1045" name="IsFileReadable_NonExistent" fullname="SIL.LCModel.Utils.FileUtilsTest.IsFileReadable_NonExistent" methodname="IsFileReadable_NonExistent" classname="SIL.LCModel.Utils.FileUtilsTest" runstate="Runnable" seed="1392851042" result="Passed" start-time="2020-10-05 16:46:11Z" end-time="2020-10-05 16:46:11Z" duration="0.000260" asserts="1" />
            <test-case id="4-1046" name="IsFileReadable_OpenForWrite" fullname="SIL.LCModel.Utils.FileUtilsTest.IsFileReadable_OpenForWrite" methodname="IsFileReadable_OpenForWrite" classname="SIL.LCModel.Utils.FileUtilsTest" runstate="Runnable" seed="1383949348" result="Passed" start-time="2020-10-05 16:46:11Z" end-time="2020-10-05 16:46:11Z" duration="0.000166" asserts="1" />
            <test-case id="4-1044" name="IsFileReadable_True" fullname="SIL.LCModel.Utils.FileUtilsTest.IsFileReadable_True" methodname="IsFileReadable_True" classname="SIL.LCModel.Utils.FileUtilsTest" runstate="Runnable" seed="777205400" result="Passed" start-time="2020-10-05 16:46:11Z" end-time="2020-10-05 16:46:11Z" duration="0.000148" asserts="1" />
            <test-case id="4-1048" name="IsFileReadableAndWritable_OpenForRead" fullname="SIL.LCModel.Utils.FileUtilsTest.IsFileReadableAndWritable_OpenForRead" methodname="IsFileReadableAndWritable_OpenForRead" classname="SIL.LCModel.Utils.FileUtilsTest" runstate="Runnable" seed="937897250" result="Passed" start-time="2020-10-05 16:46:11Z" end-time="2020-10-05 16:46:11Z" duration="0.000652" asserts="4" />
            <test-case id="4-1047" name="IsFileReadableAndWritable_UnlockedFile" fullname="SIL.LCModel.Utils.FileUtilsTest.IsFileReadableAndWritable_UnlockedFile" methodname="IsFileReadableAndWritable_UnlockedFile" classname="SIL.LCModel.Utils.FileUtilsTest" runstate="Runnable" seed="1193401944" result="Passed" start-time="2020-10-05 16:46:11Z" end-time="2020-10-05 16:46:11Z" duration="0.000148" asserts="1" />
            <test-case id="4-1016" name="IsFileUriOrPath" fullname="SIL.LCModel.Utils.FileUtilsTest.IsFileUriOrPath" methodname="IsFileUriOrPath" classname="SIL.LCModel.Utils.FileUtilsTest" runstate="Runnable" seed="1959966896" result="Passed" start-time="2020-10-05 16:46:11Z" end-time="2020-10-05 16:46:11Z" duration="0.001445" asserts="9" />
            <test-case id="4-1058" name="OpenFileForBinaryWrite_BogusPath" fullname="SIL.LCModel.Utils.FileUtilsTest.OpenFileForBinaryWrite_BogusPath" methodname="OpenFileForBinaryWrite_BogusPath" classname="SIL.LCModel.Utils.FileUtilsTest" runstate="Runnable" seed="1112059394" result="Passed" start-time="2020-10-05 16:46:11Z" end-time="2020-10-05 16:46:11Z" duration="0.001457" asserts="1" />
            <test-case id="4-1057" name="OpenFileForBinaryWrite_CreateThenReopenFile" fullname="SIL.LCModel.Utils.FileUtilsTest.OpenFileForBinaryWrite_CreateThenReopenFile" methodname="OpenFileForBinaryWrite_CreateThenReopenFile" classname="SIL.LCModel.Utils.FileUtilsTest" runstate="Runnable" seed="1652501130" result="Passed" start-time="2020-10-05 16:46:11Z" end-time="2020-10-05 16:46:11Z" duration="0.001163" asserts="2" />
            <test-case id="4-1060" name="OpenWrite_BogusPath" fullname="SIL.LCModel.Utils.FileUtilsTest.OpenWrite_BogusPath" methodname="OpenWrite_BogusPath" classname="SIL.LCModel.Utils.FileUtilsTest" runstate="Runnable" seed="1896258736" result="Passed" start-time="2020-10-05 16:46:11Z" end-time="2020-10-05 16:46:11Z" duration="0.000595" asserts="1" />
            <test-case id="4-1059" name="OpenWrite_ExistingFile" fullname="SIL.LCModel.Utils.FileUtilsTest.OpenWrite_ExistingFile" methodname="OpenWrite_ExistingFile" classname="SIL.LCModel.Utils.FileUtilsTest" runstate="Runnable" seed="1705673040" result="Passed" start-time="2020-10-05 16:46:11Z" end-time="2020-10-05 16:46:11Z" duration="0.000212" asserts="1" />
            <test-case id="4-1061" name="OpenWrite_FileDoesNotExist" fullname="SIL.LCModel.Utils.FileUtilsTest.OpenWrite_FileDoesNotExist" methodname="OpenWrite_FileDoesNotExist" classname="SIL.LCModel.Utils.FileUtilsTest" runstate="Runnable" seed="994253278" result="Passed" start-time="2020-10-05 16:46:11Z" end-time="2020-10-05 16:46:11Z" duration="0.000737" asserts="1" />
            <test-case id="4-1062" name="OpenWrite_FileLocked" fullname="SIL.LCModel.Utils.FileUtilsTest.OpenWrite_FileLocked" methodname="OpenWrite_FileLocked" classname="SIL.LCModel.Utils.FileUtilsTest" runstate="Runnable" seed="1609258924" result="Passed" start-time="2020-10-05 16:46:11Z" end-time="2020-10-05 16:46:11Z" duration="0.000578" asserts="2" />
            <test-case id="4-1064" name="ProduceCaseInsenstiveCombinations_one" fullname="SIL.LCModel.Utils.FileUtilsTest.ProduceCaseInsenstiveCombinations_one" methodname="ProduceCaseInsenstiveCombinations_one" classname="SIL.LCModel.Utils.FileUtilsTest" runstate="Runnable" seed="267390107" result="Passed" start-time="2020-10-05 16:46:11Z" end-time="2020-10-05 16:46:11Z" duration="0.000116" asserts="1" />
            <test-case id="4-1066" name="ProduceCaseInsenstiveCombinations_three" fullname="SIL.LCModel.Utils.FileUtilsTest.ProduceCaseInsenstiveCombinations_three" methodname="ProduceCaseInsenstiveCombinations_three" classname="SIL.LCModel.Utils.FileUtilsTest" runstate="Runnable" seed="1390524746" result="Passed" start-time="2020-10-05 16:46:11Z" end-time="2020-10-05 16:46:11Z" duration="0.000127" asserts="1" />
            <test-case id="4-1065" name="ProduceCaseInsenstiveCombinations_two" fullname="SIL.LCModel.Utils.FileUtilsTest.ProduceCaseInsenstiveCombinations_two" methodname="ProduceCaseInsenstiveCombinations_two" classname="SIL.LCModel.Utils.FileUtilsTest" runstate="Runnable" seed="290298510" result="Passed" start-time="2020-10-05 16:46:11Z" end-time="2020-10-05 16:46:11Z" duration="0.000101" asserts="1" />
            <test-case id="4-1067" name="ProduceCaseInsenstiveCombinations_withNonAlpha" fullname="SIL.LCModel.Utils.FileUtilsTest.ProduceCaseInsenstiveCombinations_withNonAlpha" methodname="ProduceCaseInsenstiveCombinations_withNonAlpha" classname="SIL.LCModel.Utils.FileUtilsTest" runstate="Runnable" seed="1937872797" result="Passed" start-time="2020-10-05 16:46:11Z" end-time="2020-10-05 16:46:11Z" duration="0.000146" asserts="1" />
            <test-case id="4-1068" name="ProduceCaseInsenstiveCombinationsFromMultipleTokens_1" fullname="SIL.LCModel.Utils.FileUtilsTest.ProduceCaseInsenstiveCombinationsFromMultipleTokens_1" methodname="ProduceCaseInsenstiveCombinationsFromMultipleTokens_1" classname="SIL.LCModel.Utils.FileUtilsTest" runstate="Runnable" seed="744915013" result="Passed" start-time="2020-10-05 16:46:11Z" end-time="2020-10-05 16:46:11Z" duration="0.000110" asserts="1" />
            <test-case id="4-1069" name="ProduceCaseInsenstiveCombinationsFromMultipleTokens_2" fullname="SIL.LCModel.Utils.FileUtilsTest.ProduceCaseInsenstiveCombinationsFromMultipleTokens_2" methodname="ProduceCaseInsenstiveCombinationsFromMultipleTokens_2" classname="SIL.LCModel.Utils.FileUtilsTest" runstate="Runnable" seed="2117211077" result="Passed" start-time="2020-10-05 16:46:11Z" end-time="2020-10-05 16:46:11Z" duration="0.000092" asserts="1" />
            <test-case id="4-1124" name="SetExecutable_directory_isSearchable" fullname="SIL.LCModel.Utils.FileUtilsTest.SetExecutable_directory_isSearchable" methodname="SetExecutable_directory_isSearchable" classname="SIL.LCModel.Utils.FileUtilsTest" runstate="Runnable" seed="121984157" result="Passed" start-time="2020-10-05 16:46:11Z" end-time="2020-10-05 16:46:11Z" duration="0.000502" asserts="5" />
            <test-case id="4-1123" name="SetExecutable_executableFile_stillExecutable" fullname="SIL.LCModel.Utils.FileUtilsTest.SetExecutable_executableFile_stillExecutable" methodname="SetExecutable_executableFile_stillExecutable" classname="SIL.LCModel.Utils.FileUtilsTest" runstate="Runnable" seed="679779007" result="Passed" start-time="2020-10-05 16:46:11Z" end-time="2020-10-05 16:46:11Z" duration="0.000393" asserts="4" />
            <test-case id="4-1122" name="SetExecutable_nonexecutableFile_isExecutable" fullname="SIL.LCModel.Utils.FileUtilsTest.SetExecutable_nonexecutableFile_isExecutable" methodname="SetExecutable_nonexecutableFile_isExecutable" classname="SIL.LCModel.Utils.FileUtilsTest" runstate="Runnable" seed="1559232450" result="Passed" start-time="2020-10-05 16:46:11Z" end-time="2020-10-05 16:46:11Z" duration="0.000343" asserts="3" />
            <test-case id="4-1125" name="SetExecutable_nonexistentFile_throws" fullname="SIL.LCModel.Utils.FileUtilsTest.SetExecutable_nonexistentFile_throws" methodname="SetExecutable_nonexistentFile_throws" classname="SIL.LCModel.Utils.FileUtilsTest" runstate="Runnable" seed="728597628" result="Passed" start-time="2020-10-05 16:46:11Z" end-time="2020-10-05 16:46:11Z" duration="0.000321" asserts="2" />
            <test-case id="4-1114" name="StripFilePrefix_1slash" fullname="SIL.LCModel.Utils.FileUtilsTest.StripFilePrefix_1slash" methodname="StripFilePrefix_1slash" classname="SIL.LCModel.Utils.FileUtilsTest" runstate="Runnable" seed="871022364" result="Passed" start-time="2020-10-05 16:46:11Z" end-time="2020-10-05 16:46:11Z" duration="0.000367" asserts="1" />
            <test-case id="4-1113" name="StripFilePrefix_2slashes" fullname="SIL.LCModel.Utils.FileUtilsTest.StripFilePrefix_2slashes" methodname="StripFilePrefix_2slashes" classname="SIL.LCModel.Utils.FileUtilsTest" runstate="Runnable" seed="1997607696" result="Passed" start-time="2020-10-05 16:46:11Z" end-time="2020-10-05 16:46:11Z" duration="0.000162" asserts="1" />
            <test-case id="4-1112" name="StripFilePrefix_3slashes" fullname="SIL.LCModel.Utils.FileUtilsTest.StripFilePrefix_3slashes" methodname="StripFilePrefix_3slashes" classname="SIL.LCModel.Utils.FileUtilsTest" runstate="Runnable" seed="478567117" result="Passed" start-time="2020-10-05 16:46:11Z" end-time="2020-10-05 16:46:11Z" duration="0.000142" asserts="1" />
            <test-case id="4-1119" name="StripFilePrefix_drive_unmodified" fullname="SIL.LCModel.Utils.FileUtilsTest.StripFilePrefix_drive_unmodified" methodname="StripFilePrefix_drive_unmodified" classname="SIL.LCModel.Utils.FileUtilsTest" runstate="Runnable" seed="2106996921" result="Passed" start-time="2020-10-05 16:46:11Z" end-time="2020-10-05 16:46:11Z" duration="0.000141" asserts="1" />
            <test-case id="4-1121" name="StripFilePrefix_driveBack_unmodified" fullname="SIL.LCModel.Utils.FileUtilsTest.StripFilePrefix_driveBack_unmodified" methodname="StripFilePrefix_driveBack_unmodified" classname="SIL.LCModel.Utils.FileUtilsTest" runstate="Runnable" seed="427554639" result="Passed" start-time="2020-10-05 16:46:11Z" end-time="2020-10-05 16:46:11Z" duration="0.000103" asserts="1" />
            <test-case id="4-1110" name="StripFilePrefix_empty_unmodified" fullname="SIL.LCModel.Utils.FileUtilsTest.StripFilePrefix_empty_unmodified" methodname="StripFilePrefix_empty_unmodified" classname="SIL.LCModel.Utils.FileUtilsTest" runstate="Runnable" seed="1825662630" result="Passed" start-time="2020-10-05 16:46:11Z" end-time="2020-10-05 16:46:11Z" duration="0.000134" asserts="1" />
            <test-case id="4-1118" name="StripFilePrefix_fileDrive" fullname="SIL.LCModel.Utils.FileUtilsTest.StripFilePrefix_fileDrive" methodname="StripFilePrefix_fileDrive" classname="SIL.LCModel.Utils.FileUtilsTest" runstate="Runnable" seed="244930958" result="Passed" start-time="2020-10-05 16:46:11Z" end-time="2020-10-05 16:46:11Z" duration="0.000151" asserts="1" />
            <test-case id="4-1120" name="StripFilePrefix_fileDriveBack" fullname="SIL.LCModel.Utils.FileUtilsTest.StripFilePrefix_fileDriveBack" methodname="StripFilePrefix_fileDriveBack" classname="SIL.LCModel.Utils.FileUtilsTest" runstate="Runnable" seed="2071797065" result="Passed" start-time="2020-10-05 16:46:11Z" end-time="2020-10-05 16:46:11Z" duration="0.000151" asserts="1" />
            <test-case id="4-1115" name="StripFilePrefix_noSlash" fullname="SIL.LCModel.Utils.FileUtilsTest.StripFilePrefix_noSlash" methodname="StripFilePrefix_noSlash" classname="SIL.LCModel.Utils.FileUtilsTest" runstate="Runnable" seed="1889236178" result="Passed" start-time="2020-10-05 16:46:11Z" end-time="2020-10-05 16:46:11Z" duration="0.000145" asserts="1" />
            <test-case id="4-1116" name="StripFilePrefix_notFileUriWithoutSlash_unmodified" fullname="SIL.LCModel.Utils.FileUtilsTest.StripFilePrefix_notFileUriWithoutSlash_unmodified" methodname="StripFilePrefix_notFileUriWithoutSlash_unmodified" classname="SIL.LCModel.Utils.FileUtilsTest" runstate="Runnable" seed="1955247083" result="Passed" start-time="2020-10-05 16:46:11Z" end-time="2020-10-05 16:46:11Z" duration="0.000110" asserts="1" />
            <test-case id="4-1117" name="StripFilePrefix_notFileUriWithSlash_unmodified" fullname="SIL.LCModel.Utils.FileUtilsTest.StripFilePrefix_notFileUriWithSlash_unmodified" methodname="StripFilePrefix_notFileUriWithSlash_unmodified" classname="SIL.LCModel.Utils.FileUtilsTest" runstate="Runnable" seed="996391684" result="Passed" start-time="2020-10-05 16:46:11Z" end-time="2020-10-05 16:46:11Z" duration="0.000135" asserts="1" />
            <test-case id="4-1111" name="StripFilePrefix_null_unmodified" fullname="SIL.LCModel.Utils.FileUtilsTest.StripFilePrefix_null_unmodified" methodname="StripFilePrefix_null_unmodified" classname="SIL.LCModel.Utils.FileUtilsTest" runstate="Runnable" seed="1773819867" result="Passed" start-time="2020-10-05 16:46:11Z" end-time="2020-10-05 16:46:11Z" duration="0.000108" asserts="1" />
            <test-case id="4-1054" name="WriteStream_FailsOnWriteLock" fullname="SIL.LCModel.Utils.FileUtilsTest.WriteStream_FailsOnWriteLock" methodname="WriteStream_FailsOnWriteLock" classname="SIL.LCModel.Utils.FileUtilsTest" runstate="Runnable" seed="1569498639" result="Passed" start-time="2020-10-05 16:46:11Z" end-time="2020-10-05 16:46:11Z" duration="0.000613" asserts="2" />
            <test-case id="4-1055" name="WriteStream_OpenWrongEncoding" fullname="SIL.LCModel.Utils.FileUtilsTest.WriteStream_OpenWrongEncoding" methodname="WriteStream_OpenWrongEncoding" classname="SIL.LCModel.Utils.FileUtilsTest" runstate="Runnable" seed="333123251" result="Passed" start-time="2020-10-05 16:46:11Z" end-time="2020-10-05 16:46:11Z" duration="0.008714" asserts="2" />
            <test-case id="4-1053" name="WriteStream_Success" fullname="SIL.LCModel.Utils.FileUtilsTest.WriteStream_Success" methodname="WriteStream_Success" classname="SIL.LCModel.Utils.FileUtilsTest" runstate="Runnable" seed="1491738925" result="Passed" start-time="2020-10-05 16:46:11Z" end-time="2020-10-05 16:46:11Z" duration="0.000349" asserts="3" />
            <test-case id="4-1056" name="WriteStream_WriteStreamTwice" fullname="SIL.LCModel.Utils.FileUtilsTest.WriteStream_WriteStreamTwice" methodname="WriteStream_WriteStreamTwice" classname="SIL.LCModel.Utils.FileUtilsTest" runstate="Runnable" seed="2067454084" result="Passed" start-time="2020-10-05 16:46:11Z" end-time="2020-10-05 16:46:11Z" duration="0.000318" asserts="4" />
          </test-suite>
          <test-suite type="TestFixture" id="4-1129" name="MarshalExTests" fullname="SIL.LCModel.Utils.MarshalExTests" classname="SIL.LCModel.Utils.MarshalExTests" runstate="Runnable" testcasecount="1" result="Passed" start-time="2020-10-05 16:46:11Z" end-time="2020-10-05 16:46:11Z" duration="0.001117" total="1" passed="1" failed="0" warnings="0" inconclusive="0" skipped="0" asserts="1">
            <test-case id="4-1130" name="UShortToString" fullname="SIL.LCModel.Utils.MarshalExTests.UShortToString" methodname="UShortToString" classname="SIL.LCModel.Utils.MarshalExTests" runstate="Runnable" seed="941000808" result="Passed" start-time="2020-10-05 16:46:11Z" end-time="2020-10-05 16:46:11Z" duration="0.000988" asserts="1" />
          </test-suite>
          <test-suite type="TestFixture" id="4-1131" name="MiscUtilsTests" fullname="SIL.LCModel.Utils.MiscUtilsTests" classname="SIL.LCModel.Utils.MiscUtilsTests" runstate="Runnable" testcasecount="98" result="Passed" start-time="2020-10-05 16:46:11Z" end-time="2020-10-05 16:46:11Z" duration="0.050889" total="98" passed="98" failed="0" warnings="0" inconclusive="0" skipped="0" asserts="98">
            <test-suite type="ParameterizedMethod" id="4-1141" name="ByteIndexOf" fullname="SIL.LCModel.Utils.MiscUtilsTests.ByteIndexOf" classname="SIL.LCModel.Utils.MiscUtilsTests" runstate="Runnable" testcasecount="9" result="Passed" start-time="2020-10-05 16:46:11Z" end-time="2020-10-05 16:46:11Z" duration="0.001793" total="9" passed="9" failed="0" warnings="0" inconclusive="0" skipped="0" asserts="9">
              <test-case id="4-1132" name="ByteIndexOf(&quot;a&quot;,&quot;a&quot;)" fullname="SIL.LCModel.Utils.MiscUtilsTests.ByteIndexOf(&quot;a&quot;,&quot;a&quot;)" methodname="ByteIndexOf" classname="SIL.LCModel.Utils.MiscUtilsTests" runstate="Runnable" seed="111946775" result="Passed" start-time="2020-10-05 16:46:11Z" end-time="2020-10-05 16:46:11Z" duration="0.001097" asserts="1" />
              <test-case id="4-1133" name="ByteIndexOf(&quot;a&quot;,&quot;b&quot;)" fullname="SIL.LCModel.Utils.MiscUtilsTests.ByteIndexOf(&quot;a&quot;,&quot;b&quot;)" methodname="ByteIndexOf" classname="SIL.LCModel.Utils.MiscUtilsTests" runstate="Runnable" seed="418133885" result="Passed" start-time="2020-10-05 16:46:11Z" end-time="2020-10-05 16:46:11Z" duration="0.000079" asserts="1" />
              <test-case id="4-1134" name="ByteIndexOf(&quot;a&quot;,&quot;ab&quot;)" fullname="SIL.LCModel.Utils.MiscUtilsTests.ByteIndexOf(&quot;a&quot;,&quot;ab&quot;)" methodname="ByteIndexOf" classname="SIL.LCModel.Utils.MiscUtilsTests" runstate="Runnable" seed="1485406177" result="Passed" start-time="2020-10-05 16:46:11Z" end-time="2020-10-05 16:46:11Z" duration="0.000061" asserts="1" />
              <test-case id="4-1135" name="ByteIndexOf(&quot;abcde&quot;,&quot;a&quot;)" fullname="SIL.LCModel.Utils.MiscUtilsTests.ByteIndexOf(&quot;abcde&quot;,&quot;a&quot;)" methodname="ByteIndexOf" classname="SIL.LCModel.Utils.MiscUtilsTests" runstate="Runnable" seed="930775973" result="Passed" start-time="2020-10-05 16:46:11Z" end-time="2020-10-05 16:46:11Z" duration="0.000045" asserts="1" />
              <test-case id="4-1136" name="ByteIndexOf(&quot;abcde&quot;,&quot;ab&quot;)" fullname="SIL.LCModel.Utils.MiscUtilsTests.ByteIndexOf(&quot;abcde&quot;,&quot;ab&quot;)" methodname="ByteIndexOf" classname="SIL.LCModel.Utils.MiscUtilsTests" runstate="Runnable" seed="2054380281" result="Passed" start-time="2020-10-05 16:46:11Z" end-time="2020-10-05 16:46:11Z" duration="0.000039" asserts="1" />
              <test-case id="4-1137" name="ByteIndexOf(&quot;abcde&quot;,&quot;b&quot;)" fullname="SIL.LCModel.Utils.MiscUtilsTests.ByteIndexOf(&quot;abcde&quot;,&quot;b&quot;)" methodname="ByteIndexOf" classname="SIL.LCModel.Utils.MiscUtilsTests" runstate="Runnable" seed="2003063271" result="Passed" start-time="2020-10-05 16:46:11Z" end-time="2020-10-05 16:46:11Z" duration="0.000059" asserts="1" />
              <test-case id="4-1138" name="ByteIndexOf(&quot;abcde&quot;,&quot;abcde&quot;)" fullname="SIL.LCModel.Utils.MiscUtilsTests.ByteIndexOf(&quot;abcde&quot;,&quot;abcde&quot;)" methodname="ByteIndexOf" classname="SIL.LCModel.Utils.MiscUtilsTests" runstate="Runnable" seed="1795361049" result="Passed" start-time="2020-10-05 16:46:11Z" end-time="2020-10-05 16:46:11Z" duration="0.000060" asserts="1" />
              <test-case id="4-1139" name="ByteIndexOf(&quot;abcde&quot;,&quot;bc&quot;)" fullname="SIL.LCModel.Utils.MiscUtilsTests.ByteIndexOf(&quot;abcde&quot;,&quot;bc&quot;)" methodname="ByteIndexOf" classname="SIL.LCModel.Utils.MiscUtilsTests" runstate="Runnable" seed="1320548168" result="Passed" start-time="2020-10-05 16:46:11Z" end-time="2020-10-05 16:46:11Z" duration="0.000046" asserts="1" />
              <test-case id="4-1140" name="ByteIndexOf(&quot;abcde&quot;,&quot;de&quot;)" fullname="SIL.LCModel.Utils.MiscUtilsTests.ByteIndexOf(&quot;abcde&quot;,&quot;de&quot;)" methodname="ByteIndexOf" classname="SIL.LCModel.Utils.MiscUtilsTests" runstate="Runnable" seed="1889599274" result="Passed" start-time="2020-10-05 16:46:11Z" end-time="2020-10-05 16:46:11Z" duration="0.000037" asserts="1" />
            </test-suite>
            <test-suite type="ParameterizedMethod" id="4-1224" name="CleanupXmlString" fullname="SIL.LCModel.Utils.MiscUtilsTests.CleanupXmlString" classname="SIL.LCModel.Utils.MiscUtilsTests" runstate="Runnable" testcasecount="14" result="Passed" start-time="2020-10-05 16:46:11Z" end-time="2020-10-05 16:46:11Z" duration="0.003396" total="14" passed="14" failed="0" warnings="0" inconclusive="0" skipped="0" asserts="14">
              <test-case id="4-1210" name="CleanupXmlString(&quot;Wow &amp; Cool!&quot;)" fullname="SIL.LCModel.Utils.MiscUtilsTests.CleanupXmlString(&quot;Wow &amp; Cool!&quot;)" methodname="CleanupXmlString" classname="SIL.LCModel.Utils.MiscUtilsTests" runstate="Runnable" seed="78916873" result="Passed" start-time="2020-10-05 16:46:11Z" end-time="2020-10-05 16:46:11Z" duration="0.000646" asserts="1">
                <properties>
                  <property name="Description" value="SimpleAmpersand" />
                </properties>
              </test-case>
              <test-case id="4-1211" name="CleanupXmlString(&quot;Wow &amp;amp;&amp;&amp;amp;&amp;;&amp;#x721; Cool!&quot;)" fullname="SIL.LCModel.Utils.MiscUtilsTests.CleanupXmlString(&quot;Wow &amp;amp;&amp;&amp;amp;&amp;;&amp;#x721; Cool!&quot;)" methodname="CleanupXmlString" classname="SIL.LCModel.Utils.MiscUtilsTests" runstate="Runnable" seed="643316850" result="Passed" start-time="2020-10-05 16:46:11Z" end-time="2020-10-05 16:46:11Z" duration="0.001416" asserts="1">
                <properties>
                  <property name="Description" value="AmpersandMixedWithEntitiesAndCodepoints" />
                </properties>
              </test-case>
              <test-case id="4-1212" name="CleanupXmlString(&quot;Wow &amp;#x Cool!&quot;)" fullname="SIL.LCModel.Utils.MiscUtilsTests.CleanupXmlString(&quot;Wow &amp;#x Cool!&quot;)" methodname="CleanupXmlString" classname="SIL.LCModel.Utils.MiscUtilsTests" runstate="Runnable" seed="1011003642" result="Passed" start-time="2020-10-05 16:46:11Z" end-time="2020-10-05 16:46:11Z" duration="0.000090" asserts="1">
                <properties>
                  <property name="Description" value="AmpersandWithCodepointStart" />
                </properties>
              </test-case>
              <test-case id="4-1213" name="CleanupXmlString(&quot;Wow &amp;amp; Cool!&quot;)" fullname="SIL.LCModel.Utils.MiscUtilsTests.CleanupXmlString(&quot;Wow &amp;amp; Cool!&quot;)" methodname="CleanupXmlString" classname="SIL.LCModel.Utils.MiscUtilsTests" runstate="Runnable" seed="1289095827" result="Passed" start-time="2020-10-05 16:46:11Z" end-time="2020-10-05 16:46:11Z" duration="0.000086" asserts="1">
                <properties>
                  <property name="Description" value="ValidEntities" />
                </properties>
              </test-case>
              <test-case id="4-1214" name="CleanupXmlString(&quot;Wow &amp;#x3456;&amp;#x31;&amp;#x721; Cool!&quot;)" fullname="SIL.LCModel.Utils.MiscUtilsTests.CleanupXmlString(&quot;Wow &amp;#x3456;&amp;#x31;&amp;#x721; Cool!&quot;)" methodname="CleanupXmlString" classname="SIL.LCModel.Utils.MiscUtilsTests" runstate="Runnable" seed="171780020" result="Passed" start-time="2020-10-05 16:46:11Z" end-time="2020-10-05 16:46:11Z" duration="0.000077" asserts="1">
                <properties>
                  <property name="Description" value="ValidHexCodepoints" />
                </properties>
              </test-case>
              <test-case id="4-1215" name="CleanupXmlString(&quot;Wow &amp;#x34564; Cool!&quot;)" fullname="SIL.LCModel.Utils.MiscUtilsTests.CleanupXmlString(&quot;Wow &amp;#x34564; Cool!&quot;)" methodname="CleanupXmlString" classname="SIL.LCModel.Utils.MiscUtilsTests" runstate="Runnable" seed="1061358870" result="Passed" start-time="2020-10-05 16:46:11Z" end-time="2020-10-05 16:46:11Z" duration="0.000107" asserts="1">
                <properties>
                  <property name="Description" value="InvalidHexCodepointsWithTooManyDigits" />
                </properties>
              </test-case>
              <test-case id="4-1216" name="CleanupXmlString(&quot;Wow \ufffe Cool!&quot;)" fullname="SIL.LCModel.Utils.MiscUtilsTests.CleanupXmlString(&quot;Wow \ufffe Cool!&quot;)" methodname="CleanupXmlString" classname="SIL.LCModel.Utils.MiscUtilsTests" runstate="Runnable" seed="1861257126" result="Passed" start-time="2020-10-05 16:46:11Z" end-time="2020-10-05 16:46:11Z" duration="0.000237" asserts="1">
                <properties>
                  <property name="Description" value="BogusFFFE" />
                </properties>
              </test-case>
              <test-case id="4-1217" name="CleanupXmlString(&quot;Wow \uffff Cool!&quot;)" fullname="SIL.LCModel.Utils.MiscUtilsTests.CleanupXmlString(&quot;Wow \uffff Cool!&quot;)" methodname="CleanupXmlString" classname="SIL.LCModel.Utils.MiscUtilsTests" runstate="Runnable" seed="168751119" result="Passed" start-time="2020-10-05 16:46:11Z" end-time="2020-10-05 16:46:11Z" duration="0.000084" asserts="1">
                <properties>
                  <property name="Description" value="BogusFFFF" />
                </properties>
              </test-case>
              <test-case id="4-1218" name="CleanupXmlString(&quot;Wow \uffff\ufffe Cool!&quot;)" fullname="SIL.LCModel.Utils.MiscUtilsTests.CleanupXmlString(&quot;Wow \uffff\ufffe Cool!&quot;)" methodname="CleanupXmlString" classname="SIL.LCModel.Utils.MiscUtilsTests" runstate="Runnable" seed="167794085" result="Passed" start-time="2020-10-05 16:46:11Z" end-time="2020-10-05 16:46:11Z" duration="0.000076" asserts="1">
                <properties>
                  <property name="Description" value="BogusFFFEandFFFF" />
                </properties>
              </test-case>
              <test-case id="4-1219" name="CleanupXmlString(&quot;Wow &amp;#xFFFE; Cool!&quot;)" fullname="SIL.LCModel.Utils.MiscUtilsTests.CleanupXmlString(&quot;Wow &amp;#xFFFE; Cool!&quot;)" methodname="CleanupXmlString" classname="SIL.LCModel.Utils.MiscUtilsTests" runstate="Runnable" seed="1800299884" result="Passed" start-time="2020-10-05 16:46:11Z" end-time="2020-10-05 16:46:11Z" duration="0.000088" asserts="1">
                <properties>
                  <property name="Description" value="BogusFFFE encoded as hex" />
                </properties>
              </test-case>
              <test-case id="4-1220" name="CleanupXmlString(&quot;Wow &amp;#xFFFF; Cool!&quot;)" fullname="SIL.LCModel.Utils.MiscUtilsTests.CleanupXmlString(&quot;Wow &amp;#xFFFF; Cool!&quot;)" methodname="CleanupXmlString" classname="SIL.LCModel.Utils.MiscUtilsTests" runstate="Runnable" seed="118217225" result="Passed" start-time="2020-10-05 16:46:11Z" end-time="2020-10-05 16:46:11Z" duration="0.000077" asserts="1">
                <properties>
                  <property name="Description" value="BogusFFFF encoded as hex" />
                </properties>
              </test-case>
              <test-case id="4-1221" name="CleanupXmlString(&quot;Wow &amp;#xFFFE;&amp;#xFFFF;&amp;#xFFFE;&amp;#xFFFF; Cool!&quot;)" fullname="SIL.LCModel.Utils.MiscUtilsTests.CleanupXmlString(&quot;Wow &amp;#xFFFE;&amp;#xFFFF;&amp;#xFFFE;&amp;#xFFFF; Cool!&quot;)" methodname="CleanupXmlString" classname="SIL.LCModel.Utils.MiscUtilsTests" runstate="Runnable" seed="1419546169" result="Passed" start-time="2020-10-05 16:46:11Z" end-time="2020-10-05 16:46:11Z" duration="0.000069" asserts="1">
                <properties>
                  <property name="Description" value="BogusFFFEandFFFF encoded as hex" />
                </properties>
              </test-case>
              <test-case id="4-1222" name="CleanupXmlString(&quot;Wow \n\r&amp;#xA;&amp;#xD; Cool!&quot;)" fullname="SIL.LCModel.Utils.MiscUtilsTests.CleanupXmlString(&quot;Wow \n\r&amp;#xA;&amp;#xD; Cool!&quot;)" methodname="CleanupXmlString" classname="SIL.LCModel.Utils.MiscUtilsTests" runstate="Runnable" seed="1702797782" result="Passed" start-time="2020-10-05 16:46:11Z" end-time="2020-10-05 16:46:11Z" duration="0.000078" asserts="1">
                <properties>
                  <property name="Description" value="CarriageReturnAndLinefeed" />
                </properties>
              </test-case>
              <test-case id="4-1223" name="CleanupXmlString(&quot;Wow&amp;#x20;&amp;#x9; \tCool!&quot;)" fullname="SIL.LCModel.Utils.MiscUtilsTests.CleanupXmlString(&quot;Wow&amp;#x20;&amp;#x9; \tCool!&quot;)" methodname="CleanupXmlString" classname="SIL.LCModel.Utils.MiscUtilsTests" runstate="Runnable" seed="1357989242" result="Passed" start-time="2020-10-05 16:46:11Z" end-time="2020-10-05 16:46:11Z" duration="0.000059" asserts="1">
                <properties>
                  <property name="Description" value="KeepSpaceAndTab" />
                </properties>
              </test-case>
            </test-suite>
            <test-suite type="ParameterizedMethod" id="4-1187" name="CompareHex" fullname="SIL.LCModel.Utils.MiscUtilsTests.CompareHex" classname="SIL.LCModel.Utils.MiscUtilsTests" runstate="Runnable" testcasecount="7" result="Passed" start-time="2020-10-05 16:46:11Z" end-time="2020-10-05 16:46:11Z" duration="0.000823" total="7" passed="7" failed="0" warnings="0" inconclusive="0" skipped="0" asserts="7">
              <test-case id="4-1180" name="CompareHex(&quot;45A&quot;,&quot;45A&quot;)" fullname="SIL.LCModel.Utils.MiscUtilsTests.CompareHex(&quot;45A&quot;,&quot;45A&quot;)" methodname="CompareHex" classname="SIL.LCModel.Utils.MiscUtilsTests" runstate="Runnable" seed="1506107838" result="Passed" start-time="2020-10-05 16:46:11Z" end-time="2020-10-05 16:46:11Z" duration="0.000384" asserts="1" />
              <test-case id="4-1181" name="CompareHex(&quot;0x45A&quot;,&quot;0x45A&quot;)" fullname="SIL.LCModel.Utils.MiscUtilsTests.CompareHex(&quot;0x45A&quot;,&quot;0x45A&quot;)" methodname="CompareHex" classname="SIL.LCModel.Utils.MiscUtilsTests" runstate="Runnable" seed="1334718168" result="Passed" start-time="2020-10-05 16:46:11Z" end-time="2020-10-05 16:46:11Z" duration="0.000074" asserts="1" />
              <test-case id="4-1182" name="CompareHex(&quot;45A&quot;,&quot;0X45A&quot;)" fullname="SIL.LCModel.Utils.MiscUtilsTests.CompareHex(&quot;45A&quot;,&quot;0X45A&quot;)" methodname="CompareHex" classname="SIL.LCModel.Utils.MiscUtilsTests" runstate="Runnable" seed="9120836" result="Passed" start-time="2020-10-05 16:46:11Z" end-time="2020-10-05 16:46:11Z" duration="0.000042" asserts="1" />
              <test-case id="4-1183" name="CompareHex(&quot;45A&quot;,&quot;45B&quot;)" fullname="SIL.LCModel.Utils.MiscUtilsTests.CompareHex(&quot;45A&quot;,&quot;45B&quot;)" methodname="CompareHex" classname="SIL.LCModel.Utils.MiscUtilsTests" runstate="Runnable" seed="557340492" result="Passed" start-time="2020-10-05 16:46:11Z" end-time="2020-10-05 16:46:11Z" duration="0.000037" asserts="1" />
              <test-case id="4-1184" name="CompareHex(&quot;ABCDEF&quot;,&quot;1&quot;)" fullname="SIL.LCModel.Utils.MiscUtilsTests.CompareHex(&quot;ABCDEF&quot;,&quot;1&quot;)" methodname="CompareHex" classname="SIL.LCModel.Utils.MiscUtilsTests" runstate="Runnable" seed="362138013" result="Passed" start-time="2020-10-05 16:46:11Z" end-time="2020-10-05 16:46:11Z" duration="0.000051" asserts="1" />
              <test-case id="4-1185" name="CompareHex(&quot;0000&quot;,&quot;0x0&quot;)" fullname="SIL.LCModel.Utils.MiscUtilsTests.CompareHex(&quot;0000&quot;,&quot;0x0&quot;)" methodname="CompareHex" classname="SIL.LCModel.Utils.MiscUtilsTests" runstate="Runnable" seed="1417905790" result="Passed" start-time="2020-10-05 16:46:11Z" end-time="2020-10-05 16:46:11Z" duration="0.000059" asserts="1">
                <properties>
                  <property name="Description" value="both parameters are (different) hexadecimal representations of the number 0." />
                </properties>
              </test-case>
              <test-case id="4-1186" name="CompareHex(&quot;0&quot;,&quot;&quot;)" fullname="SIL.LCModel.Utils.MiscUtilsTests.CompareHex(&quot;0&quot;,&quot;&quot;)" methodname="CompareHex" classname="SIL.LCModel.Utils.MiscUtilsTests" runstate="Runnable" seed="435419197" result="Passed" start-time="2020-10-05 16:46:11Z" end-time="2020-10-05 16:46:11Z" duration="0.000059" asserts="1" />
            </test-suite>
            <test-suite type="ParameterizedMethod" id="4-1191" name="CompareHex_Exception" fullname="SIL.LCModel.Utils.MiscUtilsTests.CompareHex_Exception" classname="SIL.LCModel.Utils.MiscUtilsTests" runstate="Runnable" testcasecount="3" result="Passed" start-time="2020-10-05 16:46:11Z" end-time="2020-10-05 16:46:11Z" duration="0.001329" total="3" passed="3" failed="0" warnings="0" inconclusive="0" skipped="0" asserts="3">
              <test-case id="4-1188" name="CompareHex_Exception(null,null,System.ArgumentNullException)" fullname="SIL.LCModel.Utils.MiscUtilsTests.CompareHex_Exception(null,null,System.ArgumentNullException)" methodname="CompareHex_Exception" classname="SIL.LCModel.Utils.MiscUtilsTests" runstate="Runnable" seed="521666894" result="Passed" start-time="2020-10-05 16:46:11Z" end-time="2020-10-05 16:46:11Z" duration="0.000808" asserts="1" />
              <test-case id="4-1189" name="CompareHex_Exception(&quot;XYZ&quot;,&quot;@!#&quot;,System.FormatException)" fullname="SIL.LCModel.Utils.MiscUtilsTests.CompareHex_Exception(&quot;XYZ&quot;,&quot;@!#&quot;,System.FormatException)" methodname="CompareHex_Exception" classname="SIL.LCModel.Utils.MiscUtilsTests" runstate="Runnable" seed="241605887" result="Passed" start-time="2020-10-05 16:46:11Z" end-time="2020-10-05 16:46:11Z" duration="0.000203" asserts="1" />
              <test-case id="4-1190" name="CompareHex_Exception(&quot;34&quot;,&quot;AAAAAAAAAAAAAAAAAAAAAAAAAAAAAAAAAAAAAAAAAAAAAA&quot;,System.OverflowException)" fullname="SIL.LCModel.Utils.MiscUtilsTests.CompareHex_Exception(&quot;34&quot;,&quot;AAAAAAAAAAAAAAAAAAAAAAAAAAAAAAAAAAAAAAAAAAAAAA&quot;,System.OverflowException)" methodname="CompareHex_Exception" classname="SIL.LCModel.Utils.MiscUtilsTests" runstate="Runnable" seed="1807503518" result="Passed" start-time="2020-10-05 16:46:11Z" end-time="2020-10-05 16:46:11Z" duration="0.000237" asserts="1" />
            </test-suite>
            <test-suite type="ParameterizedMethod" id="4-1173" name="FilterForFileName" fullname="SIL.LCModel.Utils.MiscUtilsTests.FilterForFileName" classname="SIL.LCModel.Utils.MiscUtilsTests" runstate="Runnable" testcasecount="4" result="Passed" start-time="2020-10-05 16:46:11Z" end-time="2020-10-05 16:46:11Z" duration="0.001018" total="4" passed="4" failed="0" warnings="0" inconclusive="0" skipped="0" asserts="4">
              <test-case id="4-1169" name="FilterForFileName(&quot;MyFile ∀&quot;,kFilterMSDE)" fullname="SIL.LCModel.Utils.MiscUtilsTests.FilterForFileName(&quot;MyFile ∀&quot;,kFilterMSDE)" methodname="FilterForFileName" classname="SIL.LCModel.Utils.MiscUtilsTests" runstate="Runnable" seed="233812893" result="Passed" start-time="2020-10-05 16:46:11Z" end-time="2020-10-05 16:46:11Z" duration="0.000717" asserts="1" />
              <test-case id="4-1170" name="FilterForFileName(&quot;My?|File&lt;&gt;Dude\\?*:/.'[];funñy()\n\t\&quot;̈́͡ԓ̇&quot;,kFilterBackup)" fullname="SIL.LCModel.Utils.MiscUtilsTests.FilterForFileName(&quot;My?|File&lt;&gt;Dude\\?*:/.'[];funñy()\n\t\&quot;̈́͡ԓ̇&quot;,kFilterBackup)" methodname="FilterForFileName" classname="SIL.LCModel.Utils.MiscUtilsTests" runstate="Runnable" seed="872880195" result="Passed" start-time="2020-10-05 16:46:11Z" end-time="2020-10-05 16:46:11Z" duration="0.000084" asserts="1" />
              <test-case id="4-1171" name="FilterForFileName(&quot;My?|File&lt;&gt;Dude\\?*:/.'[];funñy()\n\t\&quot;̈́͡ԓ̇&quot;,kFilterMSDE)" fullname="SIL.LCModel.Utils.MiscUtilsTests.FilterForFileName(&quot;My?|File&lt;&gt;Dude\\?*:/.'[];funñy()\n\t\&quot;̈́͡ԓ̇&quot;,kFilterMSDE)" methodname="FilterForFileName" classname="SIL.LCModel.Utils.MiscUtilsTests" runstate="Runnable" seed="1148617140" result="Passed" start-time="2020-10-05 16:46:11Z" end-time="2020-10-05 16:46:11Z" duration="0.000064" asserts="1" />
              <test-case id="4-1172" name="FilterForFileName(&quot;My?|File&lt;&gt;Dude\\?*:/.'[];funñy()\n\t\&quot;̈́͡ԓ̇&quot;,kFilterProjName)" fullname="SIL.LCModel.Utils.MiscUtilsTests.FilterForFileName(&quot;My?|File&lt;&gt;Dude\\?*:/.'[];funñy()\n\t\&quot;̈́͡ԓ̇&quot;,kFilterProjName)" methodname="FilterForFileName" classname="SIL.LCModel.Utils.MiscUtilsTests" runstate="Runnable" seed="1602113078" result="Passed" start-time="2020-10-05 16:46:11Z" end-time="2020-10-05 16:46:11Z" duration="0.000070" asserts="1" />
            </test-suite>
            <test-case id="4-1177" name="GetFolderName" fullname="SIL.LCModel.Utils.MiscUtilsTests.GetFolderName" methodname="GetFolderName" classname="SIL.LCModel.Utils.MiscUtilsTests" runstate="Runnable" seed="1791014650" result="Passed" start-time="2020-10-05 16:46:11Z" end-time="2020-10-05 16:46:11Z" duration="0.000676" asserts="1" />
            <test-case id="4-1178" name="GetFolderName_FromFilename" fullname="SIL.LCModel.Utils.MiscUtilsTests.GetFolderName_FromFilename" methodname="GetFolderName_FromFilename" classname="SIL.LCModel.Utils.MiscUtilsTests" runstate="Runnable" seed="1809786972" result="Passed" start-time="2020-10-05 16:46:11Z" end-time="2020-10-05 16:46:11Z" duration="0.000186" asserts="1" />
            <test-case id="4-1179" name="GetFolderName_InvalidDirectory" fullname="SIL.LCModel.Utils.MiscUtilsTests.GetFolderName_InvalidDirectory" methodname="GetFolderName_InvalidDirectory" classname="SIL.LCModel.Utils.MiscUtilsTests" runstate="Runnable" seed="864361304" result="Passed" start-time="2020-10-05 16:46:11Z" end-time="2020-10-05 16:46:11Z" duration="0.000866" asserts="1" />
            <test-suite type="ParameterizedMethod" id="4-1176" name="GetFolderName_InvalidFolderString" fullname="SIL.LCModel.Utils.MiscUtilsTests.GetFolderName_InvalidFolderString" classname="SIL.LCModel.Utils.MiscUtilsTests" runstate="Runnable" testcasecount="2" result="Passed" start-time="2020-10-05 16:46:11Z" end-time="2020-10-05 16:46:11Z" duration="0.000247" total="2" passed="2" failed="0" warnings="0" inconclusive="0" skipped="0" asserts="2">
              <test-case id="4-1174" name="GetFolderName_InvalidFolderString(&quot;&quot;)" fullname="SIL.LCModel.Utils.MiscUtilsTests.GetFolderName_InvalidFolderString(&quot;&quot;)" methodname="GetFolderName_InvalidFolderString" classname="SIL.LCModel.Utils.MiscUtilsTests" runstate="Runnable" seed="269434701" result="Passed" start-time="2020-10-05 16:46:11Z" end-time="2020-10-05 16:46:11Z" duration="0.000121" asserts="1" />
              <test-case id="4-1175" name="GetFolderName_InvalidFolderString(&quot;&lt;&amp;^$%#@&gt;&quot;)" fullname="SIL.LCModel.Utils.MiscUtilsTests.GetFolderName_InvalidFolderString(&quot;&lt;&amp;^$%#@&gt;&quot;)" methodname="GetFolderName_InvalidFolderString" classname="SIL.LCModel.Utils.MiscUtilsTests" runstate="Runnable" seed="437096715" result="Passed" start-time="2020-10-05 16:46:11Z" end-time="2020-10-05 16:46:11Z" duration="0.000062" asserts="1" />
            </test-suite>
            <test-case id="4-1167" name="GetGuidFromObjDataCorrectly" fullname="SIL.LCModel.Utils.MiscUtilsTests.GetGuidFromObjDataCorrectly" methodname="GetGuidFromObjDataCorrectly" classname="SIL.LCModel.Utils.MiscUtilsTests" runstate="Runnable" seed="115263411" result="Passed" start-time="2020-10-05 16:46:11Z" end-time="2020-10-05 16:46:11Z" duration="0.001691" asserts="1" />
            <test-case id="4-1168" name="GetObjDataFromGuidCorrectly" fullname="SIL.LCModel.Utils.MiscUtilsTests.GetObjDataFromGuidCorrectly" methodname="GetObjDataFromGuidCorrectly" classname="SIL.LCModel.Utils.MiscUtilsTests" runstate="Runnable" seed="1263445818" result="Passed" start-time="2020-10-05 16:46:11Z" end-time="2020-10-05 16:46:11Z" duration="0.000334" asserts="1" />
            <test-suite type="ParameterizedMethod" id="4-1209" name="IsAlpha" fullname="SIL.LCModel.Utils.MiscUtilsTests.IsAlpha" classname="SIL.LCModel.Utils.MiscUtilsTests" runstate="Runnable" testcasecount="17" result="Passed" start-time="2020-10-05 16:46:11Z" end-time="2020-10-05 16:46:11Z" duration="0.001850" total="17" passed="17" failed="0" warnings="0" inconclusive="0" skipped="0" asserts="17">
              <test-case id="4-1192" name="IsAlpha(null)" fullname="SIL.LCModel.Utils.MiscUtilsTests.IsAlpha(null)" methodname="IsAlpha" classname="SIL.LCModel.Utils.MiscUtilsTests" runstate="Runnable" seed="1825165395" result="Passed" start-time="2020-10-05 16:46:11Z" end-time="2020-10-05 16:46:11Z" duration="0.000264" asserts="1" />
              <test-case id="4-1193" name="IsAlpha(&quot;&quot;)" fullname="SIL.LCModel.Utils.MiscUtilsTests.IsAlpha(&quot;&quot;)" methodname="IsAlpha" classname="SIL.LCModel.Utils.MiscUtilsTests" runstate="Runnable" seed="1267524742" result="Passed" start-time="2020-10-05 16:46:11Z" end-time="2020-10-05 16:46:11Z" duration="0.000077" asserts="1" />
              <test-case id="4-1194" name="IsAlpha(&quot;a&quot;)" fullname="SIL.LCModel.Utils.MiscUtilsTests.IsAlpha(&quot;a&quot;)" methodname="IsAlpha" classname="SIL.LCModel.Utils.MiscUtilsTests" runstate="Runnable" seed="544382282" result="Passed" start-time="2020-10-05 16:46:11Z" end-time="2020-10-05 16:46:11Z" duration="0.000091" asserts="1" />
              <test-case id="4-1195" name="IsAlpha(&quot;C&quot;)" fullname="SIL.LCModel.Utils.MiscUtilsTests.IsAlpha(&quot;C&quot;)" methodname="IsAlpha" classname="SIL.LCModel.Utils.MiscUtilsTests" runstate="Runnable" seed="2131912110" result="Passed" start-time="2020-10-05 16:46:11Z" end-time="2020-10-05 16:46:11Z" duration="0.000102" asserts="1" />
              <test-case id="4-1196" name="IsAlpha(&quot;bb&quot;)" fullname="SIL.LCModel.Utils.MiscUtilsTests.IsAlpha(&quot;bb&quot;)" methodname="IsAlpha" classname="SIL.LCModel.Utils.MiscUtilsTests" runstate="Runnable" seed="719252825" result="Passed" start-time="2020-10-05 16:46:11Z" end-time="2020-10-05 16:46:11Z" duration="0.000069" asserts="1" />
              <test-case id="4-1197" name="IsAlpha(&quot;aBcDeFg&quot;)" fullname="SIL.LCModel.Utils.MiscUtilsTests.IsAlpha(&quot;aBcDeFg&quot;)" methodname="IsAlpha" classname="SIL.LCModel.Utils.MiscUtilsTests" runstate="Runnable" seed="5737208" result="Passed" start-time="2020-10-05 16:46:11Z" end-time="2020-10-05 16:46:11Z" duration="0.000092" asserts="1" />
              <test-case id="4-1198" name="IsAlpha(&quot;1&quot;)" fullname="SIL.LCModel.Utils.MiscUtilsTests.IsAlpha(&quot;1&quot;)" methodname="IsAlpha" classname="SIL.LCModel.Utils.MiscUtilsTests" runstate="Runnable" seed="582669154" result="Passed" start-time="2020-10-05 16:46:11Z" end-time="2020-10-05 16:46:11Z" duration="0.000100" asserts="1" />
              <test-case id="4-1199" name="IsAlpha(&quot;22&quot;)" fullname="SIL.LCModel.Utils.MiscUtilsTests.IsAlpha(&quot;22&quot;)" methodname="IsAlpha" classname="SIL.LCModel.Utils.MiscUtilsTests" runstate="Runnable" seed="367462285" result="Passed" start-time="2020-10-05 16:46:11Z" end-time="2020-10-05 16:46:11Z" duration="0.000076" asserts="1" />
              <test-case id="4-1200" name="IsAlpha(&quot;a1&quot;)" fullname="SIL.LCModel.Utils.MiscUtilsTests.IsAlpha(&quot;a1&quot;)" methodname="IsAlpha" classname="SIL.LCModel.Utils.MiscUtilsTests" runstate="Runnable" seed="41036686" result="Passed" start-time="2020-10-05 16:46:11Z" end-time="2020-10-05 16:46:11Z" duration="0.000072" asserts="1" />
              <test-case id="4-1201" name="IsAlpha(&quot;$&quot;)" fullname="SIL.LCModel.Utils.MiscUtilsTests.IsAlpha(&quot;$&quot;)" methodname="IsAlpha" classname="SIL.LCModel.Utils.MiscUtilsTests" runstate="Runnable" seed="254227882" result="Passed" start-time="2020-10-05 16:46:11Z" end-time="2020-10-05 16:46:11Z" duration="0.000102" asserts="1" />
              <test-case id="4-1202" name="IsAlpha(&quot;a#&quot;)" fullname="SIL.LCModel.Utils.MiscUtilsTests.IsAlpha(&quot;a#&quot;)" methodname="IsAlpha" classname="SIL.LCModel.Utils.MiscUtilsTests" runstate="Runnable" seed="1079282495" result="Passed" start-time="2020-10-05 16:46:11Z" end-time="2020-10-05 16:46:11Z" duration="0.000078" asserts="1" />
              <test-case id="4-1203" name="IsAlpha(&quot;3%&quot;)" fullname="SIL.LCModel.Utils.MiscUtilsTests.IsAlpha(&quot;3%&quot;)" methodname="IsAlpha" classname="SIL.LCModel.Utils.MiscUtilsTests" runstate="Runnable" seed="441093609" result="Passed" start-time="2020-10-05 16:46:11Z" end-time="2020-10-05 16:46:11Z" duration="0.000079" asserts="1" />
              <test-case id="4-1204" name="IsAlpha(&quot;a1&amp;&quot;)" fullname="SIL.LCModel.Utils.MiscUtilsTests.IsAlpha(&quot;a1&amp;&quot;)" methodname="IsAlpha" classname="SIL.LCModel.Utils.MiscUtilsTests" runstate="Runnable" seed="113525588" result="Passed" start-time="2020-10-05 16:46:11Z" end-time="2020-10-05 16:46:11Z" duration="0.000101" asserts="1" />
              <test-case id="4-1205" name="IsAlpha(&quot; &quot;)" fullname="SIL.LCModel.Utils.MiscUtilsTests.IsAlpha(&quot; &quot;)" methodname="IsAlpha" classname="SIL.LCModel.Utils.MiscUtilsTests" runstate="Runnable" seed="805098683" result="Passed" start-time="2020-10-05 16:46:11Z" end-time="2020-10-05 16:46:11Z" duration="0.000095" asserts="1" />
              <test-case id="4-1206" name="IsAlpha(&quot;\n&quot;)" fullname="SIL.LCModel.Utils.MiscUtilsTests.IsAlpha(&quot;\n&quot;)" methodname="IsAlpha" classname="SIL.LCModel.Utils.MiscUtilsTests" runstate="Runnable" seed="395404123" result="Passed" start-time="2020-10-05 16:46:11Z" end-time="2020-10-05 16:46:11Z" duration="0.000089" asserts="1" />
              <test-case id="4-1207" name="IsAlpha(&quot;a\n&quot;)" fullname="SIL.LCModel.Utils.MiscUtilsTests.IsAlpha(&quot;a\n&quot;)" methodname="IsAlpha" classname="SIL.LCModel.Utils.MiscUtilsTests" runstate="Runnable" seed="303960959" result="Passed" start-time="2020-10-05 16:46:11Z" end-time="2020-10-05 16:46:11Z" duration="0.000066" asserts="1" />
              <test-case id="4-1208" name="IsAlpha(&quot;a b c&quot;)" fullname="SIL.LCModel.Utils.MiscUtilsTests.IsAlpha(&quot;a b c&quot;)" methodname="IsAlpha" classname="SIL.LCModel.Utils.MiscUtilsTests" runstate="Runnable" seed="793335594" result="Passed" start-time="2020-10-05 16:46:11Z" end-time="2020-10-05 16:46:11Z" duration="0.000079" asserts="1" />
            </test-suite>
            <test-suite type="ParameterizedMethod" id="4-1240" name="NumbersAlphabeticKey_CompareKeys" fullname="SIL.LCModel.Utils.MiscUtilsTests.NumbersAlphabeticKey_CompareKeys" classname="SIL.LCModel.Utils.MiscUtilsTests" runstate="Runnable" testcasecount="2" result="Passed" start-time="2020-10-05 16:46:11Z" end-time="2020-10-05 16:46:11Z" duration="0.001620" total="2" passed="2" failed="0" warnings="0" inconclusive="0" skipped="0" asserts="2">
              <test-case id="4-1238" name="NumbersAlphabeticKey_CompareKeys(&quot;12&quot;,&quot;2&quot;)" fullname="SIL.LCModel.Utils.MiscUtilsTests.NumbersAlphabeticKey_CompareKeys(&quot;12&quot;,&quot;2&quot;)" methodname="NumbersAlphabeticKey_CompareKeys" classname="SIL.LCModel.Utils.MiscUtilsTests" runstate="Runnable" seed="1916097870" result="Passed" start-time="2020-10-05 16:46:11Z" end-time="2020-10-05 16:46:11Z" duration="0.001488" asserts="1" />
              <test-case id="4-1239" name="NumbersAlphabeticKey_CompareKeys(&quot;12.12abcd&quot;,&quot;12.2abcd&quot;)" fullname="SIL.LCModel.Utils.MiscUtilsTests.NumbersAlphabeticKey_CompareKeys(&quot;12.12abcd&quot;,&quot;12.2abcd&quot;)" methodname="NumbersAlphabeticKey_CompareKeys" classname="SIL.LCModel.Utils.MiscUtilsTests" runstate="Runnable" seed="1437945590" result="Passed" start-time="2020-10-05 16:46:11Z" end-time="2020-10-05 16:46:11Z" duration="0.000064" asserts="1" />
            </test-suite>
            <test-suite type="ParameterizedMethod" id="4-1237" name="NumbersAlphabeticKey_Key" fullname="SIL.LCModel.Utils.MiscUtilsTests.NumbersAlphabeticKey_Key" classname="SIL.LCModel.Utils.MiscUtilsTests" runstate="Runnable" testcasecount="8" result="Passed" start-time="2020-10-05 16:46:11Z" end-time="2020-10-05 16:46:11Z" duration="0.000660" total="8" passed="8" failed="0" warnings="0" inconclusive="0" skipped="0" asserts="8">
              <test-case id="4-1229" name="NumbersAlphabeticKey_Key(&quot;&quot;)" fullname="SIL.LCModel.Utils.MiscUtilsTests.NumbersAlphabeticKey_Key(&quot;&quot;)" methodname="NumbersAlphabeticKey_Key" classname="SIL.LCModel.Utils.MiscUtilsTests" runstate="Runnable" seed="582551495" result="Passed" start-time="2020-10-05 16:46:11Z" end-time="2020-10-05 16:46:11Z" duration="0.000111" asserts="1" />
              <test-case id="4-1230" name="NumbersAlphabeticKey_Key(&quot;abc&quot;)" fullname="SIL.LCModel.Utils.MiscUtilsTests.NumbersAlphabeticKey_Key(&quot;abc&quot;)" methodname="NumbersAlphabeticKey_Key" classname="SIL.LCModel.Utils.MiscUtilsTests" runstate="Runnable" seed="1910974532" result="Passed" start-time="2020-10-05 16:46:11Z" end-time="2020-10-05 16:46:11Z" duration="0.000068" asserts="1" />
              <test-case id="4-1231" name="NumbersAlphabeticKey_Key(&quot;1&quot;)" fullname="SIL.LCModel.Utils.MiscUtilsTests.NumbersAlphabeticKey_Key(&quot;1&quot;)" methodname="NumbersAlphabeticKey_Key" classname="SIL.LCModel.Utils.MiscUtilsTests" runstate="Runnable" seed="477126128" result="Passed" start-time="2020-10-05 16:46:11Z" end-time="2020-10-05 16:46:11Z" duration="0.000059" asserts="1" />
              <test-case id="4-1232" name="NumbersAlphabeticKey_Key(&quot;a1&quot;)" fullname="SIL.LCModel.Utils.MiscUtilsTests.NumbersAlphabeticKey_Key(&quot;a1&quot;)" methodname="NumbersAlphabeticKey_Key" classname="SIL.LCModel.Utils.MiscUtilsTests" runstate="Runnable" seed="633304479" result="Passed" start-time="2020-10-05 16:46:11Z" end-time="2020-10-05 16:46:11Z" duration="0.000058" asserts="1" />
              <test-case id="4-1233" name="NumbersAlphabeticKey_Key(&quot;a1b&quot;)" fullname="SIL.LCModel.Utils.MiscUtilsTests.NumbersAlphabeticKey_Key(&quot;a1b&quot;)" methodname="NumbersAlphabeticKey_Key" classname="SIL.LCModel.Utils.MiscUtilsTests" runstate="Runnable" seed="763617699" result="Passed" start-time="2020-10-05 16:46:11Z" end-time="2020-10-05 16:46:11Z" duration="0.000055" asserts="1" />
              <test-case id="4-1234" name="NumbersAlphabeticKey_Key(&quot;1b&quot;)" fullname="SIL.LCModel.Utils.MiscUtilsTests.NumbersAlphabeticKey_Key(&quot;1b&quot;)" methodname="NumbersAlphabeticKey_Key" classname="SIL.LCModel.Utils.MiscUtilsTests" runstate="Runnable" seed="1721531915" result="Passed" start-time="2020-10-05 16:46:11Z" end-time="2020-10-05 16:46:11Z" duration="0.000063" asserts="1" />
              <test-case id="4-1235" name="NumbersAlphabeticKey_Key(&quot;12&quot;)" fullname="SIL.LCModel.Utils.MiscUtilsTests.NumbersAlphabeticKey_Key(&quot;12&quot;)" methodname="NumbersAlphabeticKey_Key" classname="SIL.LCModel.Utils.MiscUtilsTests" runstate="Runnable" seed="1617772600" result="Passed" start-time="2020-10-05 16:46:11Z" end-time="2020-10-05 16:46:11Z" duration="0.000057" asserts="1" />
              <test-case id="4-1236" name="NumbersAlphabeticKey_Key(&quot;1.2.3&quot;)" fullname="SIL.LCModel.Utils.MiscUtilsTests.NumbersAlphabeticKey_Key(&quot;1.2.3&quot;)" methodname="NumbersAlphabeticKey_Key" classname="SIL.LCModel.Utils.MiscUtilsTests" runstate="Runnable" seed="36682095" result="Passed" start-time="2020-10-05 16:46:11Z" end-time="2020-10-05 16:46:11Z" duration="0.000044" asserts="1" />
            </test-suite>
            <test-suite type="ParameterizedMethod" id="4-1166" name="ReplaceSubArray" fullname="SIL.LCModel.Utils.MiscUtilsTests.ReplaceSubArray" classname="SIL.LCModel.Utils.MiscUtilsTests" runstate="Runnable" testcasecount="10" result="Passed" start-time="2020-10-05 16:46:11Z" end-time="2020-10-05 16:46:11Z" duration="0.000886" total="10" passed="10" failed="0" warnings="0" inconclusive="0" skipped="0" asserts="10">
              <test-case id="4-1156" name="ReplaceSubArray(&quot;&quot;,0,0,&quot;&quot;)" fullname="SIL.LCModel.Utils.MiscUtilsTests.ReplaceSubArray(&quot;&quot;,0,0,&quot;&quot;)" methodname="ReplaceSubArray" classname="SIL.LCModel.Utils.MiscUtilsTests" runstate="Runnable" seed="1420388939" result="Passed" start-time="2020-10-05 16:46:11Z" end-time="2020-10-05 16:46:11Z" duration="0.000314" asserts="1" />
              <test-case id="4-1157" name="ReplaceSubArray(&quot;a&quot;,0,0,&quot;&quot;)" fullname="SIL.LCModel.Utils.MiscUtilsTests.ReplaceSubArray(&quot;a&quot;,0,0,&quot;&quot;)" methodname="ReplaceSubArray" classname="SIL.LCModel.Utils.MiscUtilsTests" runstate="Runnable" seed="535380063" result="Passed" start-time="2020-10-05 16:46:11Z" end-time="2020-10-05 16:46:11Z" duration="0.000074" asserts="1" />
              <test-case id="4-1158" name="ReplaceSubArray(&quot;a&quot;,0,1,&quot;&quot;)" fullname="SIL.LCModel.Utils.MiscUtilsTests.ReplaceSubArray(&quot;a&quot;,0,1,&quot;&quot;)" methodname="ReplaceSubArray" classname="SIL.LCModel.Utils.MiscUtilsTests" runstate="Runnable" seed="1072465729" result="Passed" start-time="2020-10-05 16:46:11Z" end-time="2020-10-05 16:46:11Z" duration="0.000067" asserts="1" />
              <test-case id="4-1159" name="ReplaceSubArray(&quot;abc&quot;,0,1,&quot;x&quot;)" fullname="SIL.LCModel.Utils.MiscUtilsTests.ReplaceSubArray(&quot;abc&quot;,0,1,&quot;x&quot;)" methodname="ReplaceSubArray" classname="SIL.LCModel.Utils.MiscUtilsTests" runstate="Runnable" seed="1031072983" result="Passed" start-time="2020-10-05 16:46:11Z" end-time="2020-10-05 16:46:11Z" duration="0.000062" asserts="1" />
              <test-case id="4-1160" name="ReplaceSubArray(&quot;abc&quot;,1,1,&quot;x&quot;)" fullname="SIL.LCModel.Utils.MiscUtilsTests.ReplaceSubArray(&quot;abc&quot;,1,1,&quot;x&quot;)" methodname="ReplaceSubArray" classname="SIL.LCModel.Utils.MiscUtilsTests" runstate="Runnable" seed="893508276" result="Passed" start-time="2020-10-05 16:46:11Z" end-time="2020-10-05 16:46:11Z" duration="0.000043" asserts="1" />
              <test-case id="4-1161" name="ReplaceSubArray(&quot;abc&quot;,2,1,&quot;x&quot;)" fullname="SIL.LCModel.Utils.MiscUtilsTests.ReplaceSubArray(&quot;abc&quot;,2,1,&quot;x&quot;)" methodname="ReplaceSubArray" classname="SIL.LCModel.Utils.MiscUtilsTests" runstate="Runnable" seed="965867061" result="Passed" start-time="2020-10-05 16:46:11Z" end-time="2020-10-05 16:46:11Z" duration="0.000041" asserts="1" />
              <test-case id="4-1162" name="ReplaceSubArray(&quot;abc&quot;,0,3,&quot;x&quot;)" fullname="SIL.LCModel.Utils.MiscUtilsTests.ReplaceSubArray(&quot;abc&quot;,0,3,&quot;x&quot;)" methodname="ReplaceSubArray" classname="SIL.LCModel.Utils.MiscUtilsTests" runstate="Runnable" seed="1072640196" result="Passed" start-time="2020-10-05 16:46:11Z" end-time="2020-10-05 16:46:11Z" duration="0.000040" asserts="1" />
              <test-case id="4-1163" name="ReplaceSubArray(&quot;abcde&quot;,1,3,&quot;x&quot;)" fullname="SIL.LCModel.Utils.MiscUtilsTests.ReplaceSubArray(&quot;abcde&quot;,1,3,&quot;x&quot;)" methodname="ReplaceSubArray" classname="SIL.LCModel.Utils.MiscUtilsTests" runstate="Runnable" seed="1624029425" result="Passed" start-time="2020-10-05 16:46:11Z" end-time="2020-10-05 16:46:11Z" duration="0.000041" asserts="1" />
              <test-case id="4-1164" name="ReplaceSubArray(&quot;abc&quot;,0,0,&quot;qed&quot;)" fullname="SIL.LCModel.Utils.MiscUtilsTests.ReplaceSubArray(&quot;abc&quot;,0,0,&quot;qed&quot;)" methodname="ReplaceSubArray" classname="SIL.LCModel.Utils.MiscUtilsTests" runstate="Runnable" seed="926430802" result="Passed" start-time="2020-10-05 16:46:11Z" end-time="2020-10-05 16:46:11Z" duration="0.000041" asserts="1" />
              <test-case id="4-1165" name="ReplaceSubArray(&quot;abc&quot;,1,1,&quot;xy&quot;)" fullname="SIL.LCModel.Utils.MiscUtilsTests.ReplaceSubArray(&quot;abc&quot;,1,1,&quot;xy&quot;)" methodname="ReplaceSubArray" classname="SIL.LCModel.Utils.MiscUtilsTests" runstate="Runnable" seed="1732323061" result="Passed" start-time="2020-10-05 16:46:11Z" end-time="2020-10-05 16:46:11Z" duration="0.000040" asserts="1" />
            </test-suite>
            <test-case id="4-1228" name="RunningTests_IsTrue" fullname="SIL.LCModel.Utils.MiscUtilsTests.RunningTests_IsTrue" methodname="RunningTests_IsTrue" classname="SIL.LCModel.Utils.MiscUtilsTests" runstate="Runnable" seed="343901710" result="Passed" start-time="2020-10-05 16:46:11Z" end-time="2020-10-05 16:46:11Z" duration="0.000612" asserts="1" />
            <test-case id="4-1227" name="RunProcess_allowsNullErrorHandler" fullname="SIL.LCModel.Utils.MiscUtilsTests.RunProcess_allowsNullErrorHandler" methodname="RunProcess_allowsNullErrorHandler" classname="SIL.LCModel.Utils.MiscUtilsTests" runstate="Runnable" seed="1266409117" result="Passed" start-time="2020-10-05 16:46:11Z" end-time="2020-10-05 16:46:11Z" duration="0.028073" asserts="1" />
            <test-case id="4-1225" name="RunProcess_existingCommand_noError" fullname="SIL.LCModel.Utils.MiscUtilsTests.RunProcess_existingCommand_noError" methodname="RunProcess_existingCommand_noError" classname="SIL.LCModel.Utils.MiscUtilsTests" runstate="Runnable" seed="1910808847" result="Passed" start-time="2020-10-05 16:46:11Z" end-time="2020-10-05 16:46:11Z" duration="0.002434" asserts="1" />
            <test-case id="4-1226" name="RunProcess_nonexistentCommand_givesError" fullname="SIL.LCModel.Utils.MiscUtilsTests.RunProcess_nonexistentCommand_givesError" methodname="RunProcess_nonexistentCommand_givesError" classname="SIL.LCModel.Utils.MiscUtilsTests" runstate="Runnable" seed="3864852" result="Passed" start-time="2020-10-05 16:46:11Z" end-time="2020-10-05 16:46:11Z" duration="0.000472" asserts="1" />
            <test-suite type="ParameterizedMethod" id="4-1155" name="SubArray" fullname="SIL.LCModel.Utils.MiscUtilsTests.SubArray" classname="SIL.LCModel.Utils.MiscUtilsTests" runstate="Runnable" testcasecount="13" result="Passed" start-time="2020-10-05 16:46:11Z" end-time="2020-10-05 16:46:11Z" duration="0.001348" total="13" passed="13" failed="0" warnings="0" inconclusive="0" skipped="0" asserts="13">
              <test-case id="4-1142" name="SubArray(&quot;&quot;,0,0)" fullname="SIL.LCModel.Utils.MiscUtilsTests.SubArray(&quot;&quot;,0,0)" methodname="SubArray" classname="SIL.LCModel.Utils.MiscUtilsTests" runstate="Runnable" seed="634359998" result="Passed" start-time="2020-10-05 16:46:11Z" end-time="2020-10-05 16:46:11Z" duration="0.000400" asserts="1" />
              <test-case id="4-1143" name="SubArray(&quot;a&quot;,0,0)" fullname="SIL.LCModel.Utils.MiscUtilsTests.SubArray(&quot;a&quot;,0,0)" methodname="SubArray" classname="SIL.LCModel.Utils.MiscUtilsTests" runstate="Runnable" seed="717109797" result="Passed" start-time="2020-10-05 16:46:11Z" end-time="2020-10-05 16:46:11Z" duration="0.000084" asserts="1" />
              <test-case id="4-1144" name="SubArray(&quot;a&quot;,0,1)" fullname="SIL.LCModel.Utils.MiscUtilsTests.SubArray(&quot;a&quot;,0,1)" methodname="SubArray" classname="SIL.LCModel.Utils.MiscUtilsTests" runstate="Runnable" seed="687579975" result="Passed" start-time="2020-10-05 16:46:11Z" end-time="2020-10-05 16:46:11Z" duration="0.000086" asserts="1" />
              <test-case id="4-1145" name="SubArray(&quot;ab&quot;,1,0)" fullname="SIL.LCModel.Utils.MiscUtilsTests.SubArray(&quot;ab&quot;,1,0)" methodname="SubArray" classname="SIL.LCModel.Utils.MiscUtilsTests" runstate="Runnable" seed="1250057633" result="Passed" start-time="2020-10-05 16:46:11Z" end-time="2020-10-05 16:46:11Z" duration="0.000061" asserts="1" />
              <test-case id="4-1146" name="SubArray(&quot;ab&quot;,2,0)" fullname="SIL.LCModel.Utils.MiscUtilsTests.SubArray(&quot;ab&quot;,2,0)" methodname="SubArray" classname="SIL.LCModel.Utils.MiscUtilsTests" runstate="Runnable" seed="843450483" result="Passed" start-time="2020-10-05 16:46:11Z" end-time="2020-10-05 16:46:11Z" duration="0.000055" asserts="1" />
              <test-case id="4-1147" name="SubArray(&quot;abc&quot;,0,1)" fullname="SIL.LCModel.Utils.MiscUtilsTests.SubArray(&quot;abc&quot;,0,1)" methodname="SubArray" classname="SIL.LCModel.Utils.MiscUtilsTests" runstate="Runnable" seed="286519426" result="Passed" start-time="2020-10-05 16:46:11Z" end-time="2020-10-05 16:46:11Z" duration="0.000054" asserts="1" />
              <test-case id="4-1148" name="SubArray(&quot;abc&quot;,1,1)" fullname="SIL.LCModel.Utils.MiscUtilsTests.SubArray(&quot;abc&quot;,1,1)" methodname="SubArray" classname="SIL.LCModel.Utils.MiscUtilsTests" runstate="Runnable" seed="1177439022" result="Passed" start-time="2020-10-05 16:46:11Z" end-time="2020-10-05 16:46:11Z" duration="0.000051" asserts="1" />
              <test-case id="4-1149" name="SubArray(&quot;abc&quot;,2,1)" fullname="SIL.LCModel.Utils.MiscUtilsTests.SubArray(&quot;abc&quot;,2,1)" methodname="SubArray" classname="SIL.LCModel.Utils.MiscUtilsTests" runstate="Runnable" seed="42549166" result="Passed" start-time="2020-10-05 16:46:11Z" end-time="2020-10-05 16:46:11Z" duration="0.000075" asserts="1" />
              <test-case id="4-1150" name="SubArray(&quot;abc&quot;,0,2)" fullname="SIL.LCModel.Utils.MiscUtilsTests.SubArray(&quot;abc&quot;,0,2)" methodname="SubArray" classname="SIL.LCModel.Utils.MiscUtilsTests" runstate="Runnable" seed="1075928876" result="Passed" start-time="2020-10-05 16:46:11Z" end-time="2020-10-05 16:46:11Z" duration="0.000060" asserts="1" />
              <test-case id="4-1151" name="SubArray(&quot;abc&quot;,1,2)" fullname="SIL.LCModel.Utils.MiscUtilsTests.SubArray(&quot;abc&quot;,1,2)" methodname="SubArray" classname="SIL.LCModel.Utils.MiscUtilsTests" runstate="Runnable" seed="392567144" result="Passed" start-time="2020-10-05 16:46:11Z" end-time="2020-10-05 16:46:11Z" duration="0.000048" asserts="1" />
              <test-case id="4-1152" name="SubArray(&quot;abc&quot;,0,3)" fullname="SIL.LCModel.Utils.MiscUtilsTests.SubArray(&quot;abc&quot;,0,3)" methodname="SubArray" classname="SIL.LCModel.Utils.MiscUtilsTests" runstate="Runnable" seed="30115203" result="Passed" start-time="2020-10-05 16:46:11Z" end-time="2020-10-05 16:46:11Z" duration="0.000056" asserts="1" />
              <test-case id="4-1153" name="SubArray(&quot;abc&quot;,2,3)" fullname="SIL.LCModel.Utils.MiscUtilsTests.SubArray(&quot;abc&quot;,2,3)" methodname="SubArray" classname="SIL.LCModel.Utils.MiscUtilsTests" runstate="Runnable" seed="156043120" result="Passed" start-time="2020-10-05 16:46:11Z" end-time="2020-10-05 16:46:11Z" duration="0.000052" asserts="1" />
              <test-case id="4-1154" name="SubArray(&quot;abc&quot;,3,3)" fullname="SIL.LCModel.Utils.MiscUtilsTests.SubArray(&quot;abc&quot;,3,3)" methodname="SubArray" classname="SIL.LCModel.Utils.MiscUtilsTests" runstate="Runnable" seed="1662421485" result="Passed" start-time="2020-10-05 16:46:11Z" end-time="2020-10-05 16:46:11Z" duration="0.000065" asserts="1" />
            </test-suite>
          </test-suite>
          <test-suite type="TestFixture" id="4-1241" name="RecentItemsCacheTests" fullname="SIL.LCModel.Utils.RecentItemsCacheTests" classname="SIL.LCModel.Utils.RecentItemsCacheTests" runstate="Runnable" testcasecount="10" result="Passed" start-time="2020-10-05 16:46:11Z" end-time="2020-10-05 16:46:11Z" duration="0.022581" total="10" passed="10" failed="0" warnings="0" inconclusive="0" skipped="0" asserts="176">
            <test-case id="4-1243" name="Cache_addItem" fullname="SIL.LCModel.Utils.RecentItemsCacheTests.Cache_addItem" methodname="Cache_addItem" classname="SIL.LCModel.Utils.RecentItemsCacheTests" runstate="Runnable" seed="242720702" result="Passed" start-time="2020-10-05 16:46:11Z" end-time="2020-10-05 16:46:11Z" duration="0.002847" asserts="2" />
            <test-case id="4-1250" name="Cache_matchesEqualKeyOfDifferentReference" fullname="SIL.LCModel.Utils.RecentItemsCacheTests.Cache_matchesEqualKeyOfDifferentReference" methodname="Cache_matchesEqualKeyOfDifferentReference" classname="SIL.LCModel.Utils.RecentItemsCacheTests" runstate="Runnable" seed="1509878140" result="Passed" start-time="2020-10-05 16:46:11Z" end-time="2020-10-05 16:46:11Z" duration="0.003203" asserts="4" />
            <test-case id="4-1249" name="Cache_matchesKeyOfSameReference" fullname="SIL.LCModel.Utils.RecentItemsCacheTests.Cache_matchesKeyOfSameReference" methodname="Cache_matchesKeyOfSameReference" classname="SIL.LCModel.Utils.RecentItemsCacheTests" runstate="Runnable" seed="313418197" result="Passed" start-time="2020-10-05 16:46:11Z" end-time="2020-10-05 16:46:11Z" duration="0.000429" asserts="4" />
            <test-case id="4-1251" name="Cache_reportsIfItemWasRetrievedFromCache" fullname="SIL.LCModel.Utils.RecentItemsCacheTests.Cache_reportsIfItemWasRetrievedFromCache" methodname="Cache_reportsIfItemWasRetrievedFromCache" classname="SIL.LCModel.Utils.RecentItemsCacheTests" runstate="Runnable" seed="448794084" result="Passed" start-time="2020-10-05 16:46:11Z" end-time="2020-10-05 16:46:11Z" duration="0.001037" asserts="2" />
            <test-case id="4-1244" name="Cache_retainsItem" fullname="SIL.LCModel.Utils.RecentItemsCacheTests.Cache_retainsItem" methodname="Cache_retainsItem" classname="SIL.LCModel.Utils.RecentItemsCacheTests" runstate="Runnable" seed="1912516517" result="Passed" start-time="2020-10-05 16:46:11Z" end-time="2020-10-05 16:46:11Z" duration="0.000412" asserts="4" />
            <test-case id="4-1245" name="Cache_retainsManyItems" fullname="SIL.LCModel.Utils.RecentItemsCacheTests.Cache_retainsManyItems" methodname="Cache_retainsManyItems" classname="SIL.LCModel.Utils.RecentItemsCacheTests" runstate="Runnable" seed="2045318097" result="Passed" start-time="2020-10-05 16:46:11Z" end-time="2020-10-05 16:46:11Z" duration="0.002398" asserts="28" />
            <test-case id="4-1248" name="Caching_itemsFallOutOfCache" fullname="SIL.LCModel.Utils.RecentItemsCacheTests.Caching_itemsFallOutOfCache" methodname="Caching_itemsFallOutOfCache" classname="SIL.LCModel.Utils.RecentItemsCacheTests" runstate="Runnable" seed="433901689" result="Passed" start-time="2020-10-05 16:46:11Z" end-time="2020-10-05 16:46:11Z" duration="0.005857" asserts="56" />
            <test-case id="4-1246" name="NullInput_key" fullname="SIL.LCModel.Utils.RecentItemsCacheTests.NullInput_key" methodname="NullInput_key" classname="SIL.LCModel.Utils.RecentItemsCacheTests" runstate="Runnable" seed="1681566003" result="Passed" start-time="2020-10-05 16:46:11Z" end-time="2020-10-05 16:46:11Z" duration="0.000642" asserts="1" />
            <test-case id="4-1247" name="NullInput_value" fullname="SIL.LCModel.Utils.RecentItemsCacheTests.NullInput_value" methodname="NullInput_value" classname="SIL.LCModel.Utils.RecentItemsCacheTests" runstate="Runnable" seed="1225832150" result="Passed" start-time="2020-10-05 16:46:11Z" end-time="2020-10-05 16:46:11Z" duration="0.000375" asserts="1" />
            <test-case id="4-1242" name="RetrieveItems_algorithmTest" fullname="SIL.LCModel.Utils.RecentItemsCacheTests.RetrieveItems_algorithmTest" methodname="RetrieveItems_algorithmTest" classname="SIL.LCModel.Utils.RecentItemsCacheTests" runstate="Runnable" seed="2078003237" result="Passed" start-time="2020-10-05 16:46:11Z" end-time="2020-10-05 16:46:11Z" duration="0.005010" asserts="74" />
          </test-suite>
          <test-suite type="TestFixture" id="4-1252" name="RomanNumeralsTests" fullname="SIL.LCModel.Utils.RomanNumeralsTests" classname="SIL.LCModel.Utils.RomanNumeralsTests" runstate="Runnable" testcasecount="3" result="Passed" start-time="2020-10-05 16:46:11Z" end-time="2020-10-05 16:46:11Z" duration="0.003502" total="3" passed="3" failed="0" warnings="0" inconclusive="0" skipped="0" asserts="61">
            <test-case id="4-1253" name="IntToRomanTest" fullname="SIL.LCModel.Utils.RomanNumeralsTests.IntToRomanTest" methodname="IntToRomanTest" classname="SIL.LCModel.Utils.RomanNumeralsTests" runstate="Runnable" seed="1001486918" result="Passed" start-time="2020-10-05 16:46:11Z" end-time="2020-10-05 16:46:11Z" duration="0.000919" asserts="19" />
            <test-case id="4-1255" name="RomanToIntTest_Invalid" fullname="SIL.LCModel.Utils.RomanNumeralsTests.RomanToIntTest_Invalid" methodname="RomanToIntTest_Invalid" classname="SIL.LCModel.Utils.RomanNumeralsTests" runstate="Runnable" seed="1975619111" result="Passed" start-time="2020-10-05 16:46:11Z" end-time="2020-10-05 16:46:11Z" duration="0.001382" asserts="10" />
            <test-case id="4-1254" name="RomanToIntTest_Valid" fullname="SIL.LCModel.Utils.RomanNumeralsTests.RomanToIntTest_Valid" methodname="RomanToIntTest_Valid" classname="SIL.LCModel.Utils.RomanNumeralsTests" runstate="Runnable" seed="835797415" result="Passed" start-time="2020-10-05 16:46:11Z" end-time="2020-10-05 16:46:11Z" duration="0.001015" asserts="32" />
          </test-suite>
          <test-suite type="TestFixture" id="4-1256" name="SingletonsContainerTests" fullname="SIL.LCModel.Utils.SingletonsContainerTests" classname="SIL.LCModel.Utils.SingletonsContainerTests" runstate="Runnable" testcasecount="23" result="Passed" start-time="2020-10-05 16:46:11Z" end-time="2020-10-05 16:46:11Z" duration="0.009789" total="23" passed="23" failed="0" warnings="0" inconclusive="0" skipped="0" asserts="31">
            <test-case id="4-1270" name="AddingTwiceThrowsException" fullname="SIL.LCModel.Utils.SingletonsContainerTests.AddingTwiceThrowsException" methodname="AddingTwiceThrowsException" classname="SIL.LCModel.Utils.SingletonsContainerTests" runstate="Runnable" seed="308176765" result="Passed" start-time="2020-10-05 16:46:11Z" end-time="2020-10-05 16:46:11Z" duration="0.002397" asserts="1" />
            <test-case id="4-1274" name="ContainsExisting" fullname="SIL.LCModel.Utils.SingletonsContainerTests.ContainsExisting" methodname="ContainsExisting" classname="SIL.LCModel.Utils.SingletonsContainerTests" runstate="Runnable" seed="1095292902" result="Passed" start-time="2020-10-05 16:46:11Z" end-time="2020-10-05 16:46:11Z" duration="0.002486" asserts="1" />
            <test-case id="4-1276" name="ContainsExistingWithKey" fullname="SIL.LCModel.Utils.SingletonsContainerTests.ContainsExistingWithKey" methodname="ContainsExistingWithKey" classname="SIL.LCModel.Utils.SingletonsContainerTests" runstate="Runnable" seed="930107102" result="Passed" start-time="2020-10-05 16:46:11Z" end-time="2020-10-05 16:46:11Z" duration="0.000145" asserts="1" />
            <test-case id="4-1273" name="ContainsNonExisting" fullname="SIL.LCModel.Utils.SingletonsContainerTests.ContainsNonExisting" methodname="ContainsNonExisting" classname="SIL.LCModel.Utils.SingletonsContainerTests" runstate="Runnable" seed="1218696022" result="Passed" start-time="2020-10-05 16:46:11Z" end-time="2020-10-05 16:46:11Z" duration="0.000085" asserts="1" />
            <test-case id="4-1275" name="ContainsNonExistingWithKey" fullname="SIL.LCModel.Utils.SingletonsContainerTests.ContainsNonExistingWithKey" methodname="ContainsNonExistingWithKey" classname="SIL.LCModel.Utils.SingletonsContainerTests" runstate="Runnable" seed="1547001906" result="Passed" start-time="2020-10-05 16:46:11Z" end-time="2020-10-05 16:46:11Z" duration="0.000078" asserts="1" />
            <test-case id="4-1279" name="ContainsNullSingleton" fullname="SIL.LCModel.Utils.SingletonsContainerTests.ContainsNullSingleton" methodname="ContainsNullSingleton" classname="SIL.LCModel.Utils.SingletonsContainerTests" runstate="Runnable" seed="1113558381" result="Passed" start-time="2020-10-05 16:46:11Z" end-time="2020-10-05 16:46:11Z" duration="0.000204" asserts="1" />
            <test-case id="4-1277" name="ContainsWithDifferentKey" fullname="SIL.LCModel.Utils.SingletonsContainerTests.ContainsWithDifferentKey" methodname="ContainsWithDifferentKey" classname="SIL.LCModel.Utils.SingletonsContainerTests" runstate="Runnable" seed="1909594222" result="Passed" start-time="2020-10-05 16:46:11Z" end-time="2020-10-05 16:46:11Z" duration="0.000120" asserts="1" />
            <test-case id="4-1278" name="ContainsWithDifferentType" fullname="SIL.LCModel.Utils.SingletonsContainerTests.ContainsWithDifferentType" methodname="ContainsWithDifferentType" classname="SIL.LCModel.Utils.SingletonsContainerTests" runstate="Runnable" seed="1352464808" result="Passed" start-time="2020-10-05 16:46:11Z" end-time="2020-10-05 16:46:11Z" duration="0.000124" asserts="1" />
            <test-case id="4-1258" name="DisposeSingletons_NullSingleton_DoesNotCrash" fullname="SIL.LCModel.Utils.SingletonsContainerTests.DisposeSingletons_NullSingleton_DoesNotCrash" methodname="DisposeSingletons_NullSingleton_DoesNotCrash" classname="SIL.LCModel.Utils.SingletonsContainerTests" runstate="Runnable" seed="1686312855" result="Passed" start-time="2020-10-05 16:46:11Z" end-time="2020-10-05 16:46:11Z" duration="0.000260" asserts="2" />
            <test-case id="4-1257" name="DisposeSingletons_ProperlyDisposed" fullname="SIL.LCModel.Utils.SingletonsContainerTests.DisposeSingletons_ProperlyDisposed" methodname="DisposeSingletons_ProperlyDisposed" classname="SIL.LCModel.Utils.SingletonsContainerTests" runstate="Runnable" seed="2026933428" result="Passed" start-time="2020-10-05 16:46:11Z" end-time="2020-10-05 16:46:11Z" duration="0.000154" asserts="2" />
            <test-case id="4-1259" name="DisposeSingletons_ProperlyDisposedAutoKey" fullname="SIL.LCModel.Utils.SingletonsContainerTests.DisposeSingletons_ProperlyDisposedAutoKey" methodname="DisposeSingletons_ProperlyDisposedAutoKey" classname="SIL.LCModel.Utils.SingletonsContainerTests" runstate="Runnable" seed="1873983997" result="Passed" start-time="2020-10-05 16:46:11Z" end-time="2020-10-05 16:46:11Z" duration="0.000146" asserts="2" />
            <test-case id="4-1265" name="GetExisting" fullname="SIL.LCModel.Utils.SingletonsContainerTests.GetExisting" methodname="GetExisting" classname="SIL.LCModel.Utils.SingletonsContainerTests" runstate="Runnable" seed="1013942814" result="Passed" start-time="2020-10-05 16:46:11Z" end-time="2020-10-05 16:46:11Z" duration="0.000401" asserts="1" />
            <test-case id="4-1269" name="GetExistingReturnsCorrectOne" fullname="SIL.LCModel.Utils.SingletonsContainerTests.GetExistingReturnsCorrectOne" methodname="GetExistingReturnsCorrectOne" classname="SIL.LCModel.Utils.SingletonsContainerTests" runstate="Runnable" seed="1158336982" result="Passed" start-time="2020-10-05 16:46:11Z" end-time="2020-10-05 16:46:11Z" duration="0.000389" asserts="3" />
            <test-case id="4-1272" name="GetExistingWithCreateFunc" fullname="SIL.LCModel.Utils.SingletonsContainerTests.GetExistingWithCreateFunc" methodname="GetExistingWithCreateFunc" classname="SIL.LCModel.Utils.SingletonsContainerTests" runstate="Runnable" seed="1666774384" result="Passed" start-time="2020-10-05 16:46:11Z" end-time="2020-10-05 16:46:11Z" duration="0.000222" asserts="1" />
            <test-case id="4-1267" name="GetExistingWithKey" fullname="SIL.LCModel.Utils.SingletonsContainerTests.GetExistingWithKey" methodname="GetExistingWithKey" classname="SIL.LCModel.Utils.SingletonsContainerTests" runstate="Runnable" seed="788788673" result="Passed" start-time="2020-10-05 16:46:11Z" end-time="2020-10-05 16:46:11Z" duration="0.000203" asserts="1" />
            <test-case id="4-1268" name="GetExistingWrongKey" fullname="SIL.LCModel.Utils.SingletonsContainerTests.GetExistingWrongKey" methodname="GetExistingWrongKey" classname="SIL.LCModel.Utils.SingletonsContainerTests" runstate="Runnable" seed="1683105587" result="Passed" start-time="2020-10-05 16:46:11Z" end-time="2020-10-05 16:46:11Z" duration="0.000439" asserts="1" />
            <test-case id="4-1264" name="GetNonExisting" fullname="SIL.LCModel.Utils.SingletonsContainerTests.GetNonExisting" methodname="GetNonExisting" classname="SIL.LCModel.Utils.SingletonsContainerTests" runstate="Runnable" seed="1479878518" result="Passed" start-time="2020-10-05 16:46:11Z" end-time="2020-10-05 16:46:11Z" duration="0.000145" asserts="1" />
            <test-case id="4-1271" name="GetNonExistingWithCreateFunc" fullname="SIL.LCModel.Utils.SingletonsContainerTests.GetNonExistingWithCreateFunc" methodname="GetNonExistingWithCreateFunc" classname="SIL.LCModel.Utils.SingletonsContainerTests" runstate="Runnable" seed="1608064738" result="Passed" start-time="2020-10-05 16:46:11Z" end-time="2020-10-05 16:46:11Z" duration="0.000197" asserts="1" />
            <test-case id="4-1266" name="GetNonExistingWithKey" fullname="SIL.LCModel.Utils.SingletonsContainerTests.GetNonExistingWithKey" methodname="GetNonExistingWithKey" classname="SIL.LCModel.Utils.SingletonsContainerTests" runstate="Runnable" seed="1042714159" result="Passed" start-time="2020-10-05 16:46:11Z" end-time="2020-10-05 16:46:11Z" duration="0.000115" asserts="1" />
            <test-case id="4-1261" name="RemoveNonExistingSingleton" fullname="SIL.LCModel.Utils.SingletonsContainerTests.RemoveNonExistingSingleton" methodname="RemoveNonExistingSingleton" classname="SIL.LCModel.Utils.SingletonsContainerTests" runstate="Runnable" seed="2010790403" result="Passed" start-time="2020-10-05 16:46:11Z" end-time="2020-10-05 16:46:11Z" duration="0.000464" asserts="2" />
            <test-case id="4-1260" name="RemoveSingleton" fullname="SIL.LCModel.Utils.SingletonsContainerTests.RemoveSingleton" methodname="RemoveSingleton" classname="SIL.LCModel.Utils.SingletonsContainerTests" runstate="Runnable" seed="1972555908" result="Passed" start-time="2020-10-05 16:46:11Z" end-time="2020-10-05 16:46:11Z" duration="0.000297" asserts="3" />
            <test-case id="4-1263" name="RetrieveNonExistingSingleton" fullname="SIL.LCModel.Utils.SingletonsContainerTests.RetrieveNonExistingSingleton" methodname="RetrieveNonExistingSingleton" classname="SIL.LCModel.Utils.SingletonsContainerTests" runstate="Runnable" seed="1683647899" result="Passed" start-time="2020-10-05 16:46:11Z" end-time="2020-10-05 16:46:11Z" duration="0.000148" asserts="1" />
            <test-case id="4-1262" name="RetrieveSingleton" fullname="SIL.LCModel.Utils.SingletonsContainerTests.RetrieveSingleton" methodname="RetrieveSingleton" classname="SIL.LCModel.Utils.SingletonsContainerTests" runstate="Runnable" seed="1129153771" result="Passed" start-time="2020-10-05 16:46:11Z" end-time="2020-10-05 16:46:11Z" duration="0.000170" asserts="1" />
          </test-suite>
          <test-suite type="TestFixture" id="4-1280" name="StringUtilsTest" fullname="SIL.LCModel.Utils.StringUtilsTest" classname="SIL.LCModel.Utils.StringUtilsTest" runstate="Runnable" testcasecount="20" result="Passed" start-time="2020-10-05 16:46:11Z" end-time="2020-10-05 16:46:11Z" duration="0.004807" total="20" passed="20" failed="0" warnings="0" inconclusive="0" skipped="0" asserts="83">
            <test-case id="4-1284" name="FindStringDifference_DifferentBeginning" fullname="SIL.LCModel.Utils.StringUtilsTest.FindStringDifference_DifferentBeginning" methodname="FindStringDifference_DifferentBeginning" classname="SIL.LCModel.Utils.StringUtilsTest" runstate="Runnable" seed="906763976" result="Passed" start-time="2020-10-05 16:46:11Z" end-time="2020-10-05 16:46:11Z" duration="0.000598" asserts="4" />
            <test-case id="4-1286" name="FindStringDifference_DifferentEnding" fullname="SIL.LCModel.Utils.StringUtilsTest.FindStringDifference_DifferentEnding" methodname="FindStringDifference_DifferentEnding" classname="SIL.LCModel.Utils.StringUtilsTest" runstate="Runnable" seed="1253091317" result="Passed" start-time="2020-10-05 16:46:11Z" end-time="2020-10-05 16:46:11Z" duration="0.000132" asserts="4" />
            <test-case id="4-1287" name="FindStringDifference_DifferentEnding2" fullname="SIL.LCModel.Utils.StringUtilsTest.FindStringDifference_DifferentEnding2" methodname="FindStringDifference_DifferentEnding2" classname="SIL.LCModel.Utils.StringUtilsTest" runstate="Runnable" seed="1695699227" result="Passed" start-time="2020-10-05 16:46:11Z" end-time="2020-10-05 16:46:11Z" duration="0.000183" asserts="4" />
            <test-case id="4-1288" name="FindStringDifference_DifferentEnding3" fullname="SIL.LCModel.Utils.StringUtilsTest.FindStringDifference_DifferentEnding3" methodname="FindStringDifference_DifferentEnding3" classname="SIL.LCModel.Utils.StringUtilsTest" runstate="Runnable" seed="1787825426" result="Passed" start-time="2020-10-05 16:46:11Z" end-time="2020-10-05 16:46:11Z" duration="0.000119" asserts="4" />
            <test-case id="4-1290" name="FindStringDifference_DifferentEverything" fullname="SIL.LCModel.Utils.StringUtilsTest.FindStringDifference_DifferentEverything" methodname="FindStringDifference_DifferentEverything" classname="SIL.LCModel.Utils.StringUtilsTest" runstate="Runnable" seed="1815195476" result="Passed" start-time="2020-10-05 16:46:11Z" end-time="2020-10-05 16:46:11Z" duration="0.000183" asserts="4" />
            <test-case id="4-1289" name="FindStringDifference_DifferentMiddle" fullname="SIL.LCModel.Utils.StringUtilsTest.FindStringDifference_DifferentMiddle" methodname="FindStringDifference_DifferentMiddle" classname="SIL.LCModel.Utils.StringUtilsTest" runstate="Runnable" seed="2105661736" result="Passed" start-time="2020-10-05 16:46:11Z" end-time="2020-10-05 16:46:11Z" duration="0.000121" asserts="4" />
            <test-case id="4-1291" name="FindStringDifference_DiffInDiacritics" fullname="SIL.LCModel.Utils.StringUtilsTest.FindStringDifference_DiffInDiacritics" methodname="FindStringDifference_DiffInDiacritics" classname="SIL.LCModel.Utils.StringUtilsTest" runstate="Runnable" seed="2112811549" result="Passed" start-time="2020-10-05 16:46:11Z" end-time="2020-10-05 16:46:11Z" duration="0.000258" asserts="4" />
            <test-case id="4-1283" name="FindStringDifference_IdenticalStrings" fullname="SIL.LCModel.Utils.StringUtilsTest.FindStringDifference_IdenticalStrings" methodname="FindStringDifference_IdenticalStrings" classname="SIL.LCModel.Utils.StringUtilsTest" runstate="Runnable" seed="1431409326" result="Passed" start-time="2020-10-05 16:46:11Z" end-time="2020-10-05 16:46:11Z" duration="0.000147" asserts="4" />
            <test-case id="4-1285" name="FindStringDifference_OneEmptyString" fullname="SIL.LCModel.Utils.StringUtilsTest.FindStringDifference_OneEmptyString" methodname="FindStringDifference_OneEmptyString" classname="SIL.LCModel.Utils.StringUtilsTest" runstate="Runnable" seed="1383613683" result="Passed" start-time="2020-10-05 16:46:11Z" end-time="2020-10-05 16:46:11Z" duration="0.000141" asserts="4" />
            <test-case id="4-1295" name="LongestUsefulCommonSubstring_AllowPartialWordInAgglutinativeLanguages" fullname="SIL.LCModel.Utils.StringUtilsTest.LongestUsefulCommonSubstring_AllowPartialWordInAgglutinativeLanguages" methodname="LongestUsefulCommonSubstring_AllowPartialWordInAgglutinativeLanguages" classname="SIL.LCModel.Utils.StringUtilsTest" runstate="Runnable" seed="531488559" result="Passed" start-time="2020-10-05 16:46:11Z" end-time="2020-10-05 16:46:11Z" duration="0.000806" asserts="4" />
            <test-case id="4-1293" name="LongestUsefulCommonSubstring_AvoidPartialWordsInIsolatingLanguages" fullname="SIL.LCModel.Utils.StringUtilsTest.LongestUsefulCommonSubstring_AvoidPartialWordsInIsolatingLanguages" methodname="LongestUsefulCommonSubstring_AvoidPartialWordsInIsolatingLanguages" classname="SIL.LCModel.Utils.StringUtilsTest" runstate="Runnable" seed="1129827596" result="Passed" start-time="2020-10-05 16:46:11Z" end-time="2020-10-05 16:46:11Z" duration="0.000189" asserts="6" />
            <test-case id="4-1292" name="LongestUsefulCommonSubstring_Basic" fullname="SIL.LCModel.Utils.StringUtilsTest.LongestUsefulCommonSubstring_Basic" methodname="LongestUsefulCommonSubstring_Basic" classname="SIL.LCModel.Utils.StringUtilsTest" runstate="Runnable" seed="475139413" result="Passed" start-time="2020-10-05 16:46:11Z" end-time="2020-10-05 16:46:11Z" duration="0.000308" asserts="16" />
            <test-case id="4-1298" name="LongestUsefulCommonSubstring_LeadingPunctuationWithOrc" fullname="SIL.LCModel.Utils.StringUtilsTest.LongestUsefulCommonSubstring_LeadingPunctuationWithOrc" methodname="LongestUsefulCommonSubstring_LeadingPunctuationWithOrc" classname="SIL.LCModel.Utils.StringUtilsTest" runstate="Runnable" seed="1556879639" result="Passed" start-time="2020-10-05 16:46:11Z" end-time="2020-10-05 16:46:11Z" duration="0.000122" asserts="2" />
            <test-case id="4-1294" name="LongestUsefulCommonSubstring_OnlyConsiderWholeWords" fullname="SIL.LCModel.Utils.StringUtilsTest.LongestUsefulCommonSubstring_OnlyConsiderWholeWords" methodname="LongestUsefulCommonSubstring_OnlyConsiderWholeWords" classname="SIL.LCModel.Utils.StringUtilsTest" runstate="Runnable" seed="569689689" result="Passed" start-time="2020-10-05 16:46:11Z" end-time="2020-10-05 16:46:11Z" duration="0.000122" asserts="3" />
            <test-case id="4-1299" name="LongestUsefulCommonSubstring_PreventOrcMatching_PartialWordMatch" fullname="SIL.LCModel.Utils.StringUtilsTest.LongestUsefulCommonSubstring_PreventOrcMatching_PartialWordMatch" methodname="LongestUsefulCommonSubstring_PreventOrcMatching_PartialWordMatch" classname="SIL.LCModel.Utils.StringUtilsTest" runstate="Runnable" seed="2016259044" result="Passed" start-time="2020-10-05 16:46:11Z" end-time="2020-10-05 16:46:11Z" duration="0.000137" asserts="2" />
            <test-case id="4-1300" name="LongestUsefulCommonSubstring_PreventOrcMatching_PartialWordMatch_OnlyOrcsAndWhitespaceMatch" fullname="SIL.LCModel.Utils.StringUtilsTest.LongestUsefulCommonSubstring_PreventOrcMatching_PartialWordMatch_OnlyOrcsAndWhitespaceMatch" methodname="LongestUsefulCommonSubstring_PreventOrcMatching_PartialWordMatch_OnlyOrcsAndWhitespaceMatch" classname="SIL.LCModel.Utils.StringUtilsTest" runstate="Runnable" seed="950011249" result="Passed" start-time="2020-10-05 16:46:11Z" end-time="2020-10-05 16:46:11Z" duration="0.000108" asserts="2" />
            <test-case id="4-1297" name="LongestUsefulCommonSubstring_PreventOrcMatching_WholeWordMatch" fullname="SIL.LCModel.Utils.StringUtilsTest.LongestUsefulCommonSubstring_PreventOrcMatching_WholeWordMatch" methodname="LongestUsefulCommonSubstring_PreventOrcMatching_WholeWordMatch" classname="SIL.LCModel.Utils.StringUtilsTest" runstate="Runnable" seed="2033165556" result="Passed" start-time="2020-10-05 16:46:11Z" end-time="2020-10-05 16:46:11Z" duration="0.000123" asserts="2" />
            <test-case id="4-1296" name="LongestUsefulCommonSubstring_Punctuation" fullname="SIL.LCModel.Utils.StringUtilsTest.LongestUsefulCommonSubstring_Punctuation" methodname="LongestUsefulCommonSubstring_Punctuation" classname="SIL.LCModel.Utils.StringUtilsTest" runstate="Runnable" seed="134490527" result="Passed" start-time="2020-10-05 16:46:11Z" end-time="2020-10-05 16:46:11Z" duration="0.000115" asserts="4" />
            <test-case id="4-1281" name="StripWhitespace" fullname="SIL.LCModel.Utils.StringUtilsTest.StripWhitespace" methodname="StripWhitespace" classname="SIL.LCModel.Utils.StringUtilsTest" runstate="Runnable" seed="1530412335" result="Passed" start-time="2020-10-05 16:46:11Z" end-time="2020-10-05 16:46:11Z" duration="0.000401" asserts="5" />
            <test-case id="4-1282" name="TestFilterForFileName" fullname="SIL.LCModel.Utils.StringUtilsTest.TestFilterForFileName" methodname="TestFilterForFileName" classname="SIL.LCModel.Utils.StringUtilsTest" runstate="Runnable" seed="787583033" result="Passed" start-time="2020-10-05 16:46:11Z" end-time="2020-10-05 16:46:11Z" duration="0.000099" asserts="1" />
          </test-suite>
          <test-suite type="TestFixture" id="4-1301" name="SurrogateTests" fullname="SIL.LCModel.Utils.SurrogateTests" classname="SIL.LCModel.Utils.SurrogateTests" runstate="Runnable" testcasecount="16" result="Passed" start-time="2020-10-05 16:46:11Z" end-time="2020-10-05 16:46:11Z" duration="0.001487" total="16" passed="16" failed="0" warnings="0" inconclusive="0" skipped="0" asserts="16">
            <test-suite type="ParameterizedMethod" id="4-1307" name="NextChar" fullname="SIL.LCModel.Utils.SurrogateTests.NextChar" classname="SIL.LCModel.Utils.SurrogateTests" runstate="Runnable" testcasecount="5" result="Passed" start-time="2020-10-05 16:46:11Z" end-time="2020-10-05 16:46:11Z" duration="0.000589" total="5" passed="5" failed="0" warnings="0" inconclusive="0" skipped="0" asserts="5">
              <test-case id="4-1302" name="NextChar(&quot;ab𐀀c&quot;,0)" fullname="SIL.LCModel.Utils.SurrogateTests.NextChar(&quot;ab𐀀c&quot;,0)" methodname="NextChar" classname="SIL.LCModel.Utils.SurrogateTests" runstate="Runnable" seed="1175809396" result="Passed" start-time="2020-10-05 16:46:11Z" end-time="2020-10-05 16:46:11Z" duration="0.000306" asserts="1" />
              <test-case id="4-1303" name="NextChar(&quot;ab𐀀c&quot;,1)" fullname="SIL.LCModel.Utils.SurrogateTests.NextChar(&quot;ab𐀀c&quot;,1)" methodname="NextChar" classname="SIL.LCModel.Utils.SurrogateTests" runstate="Runnable" seed="964395267" result="Passed" start-time="2020-10-05 16:46:11Z" end-time="2020-10-05 16:46:11Z" duration="0.000041" asserts="1" />
              <test-case id="4-1304" name="NextChar(&quot;ab𐀀c&quot;,2)" fullname="SIL.LCModel.Utils.SurrogateTests.NextChar(&quot;ab𐀀c&quot;,2)" methodname="NextChar" classname="SIL.LCModel.Utils.SurrogateTests" runstate="Runnable" seed="704111943" result="Passed" start-time="2020-10-05 16:46:11Z" end-time="2020-10-05 16:46:11Z" duration="0.000070" asserts="1" />
              <test-case id="4-1305" name="NextChar(&quot;ab𐀀c&quot;,4)" fullname="SIL.LCModel.Utils.SurrogateTests.NextChar(&quot;ab𐀀c&quot;,4)" methodname="NextChar" classname="SIL.LCModel.Utils.SurrogateTests" runstate="Runnable" seed="353547973" result="Passed" start-time="2020-10-05 16:46:11Z" end-time="2020-10-05 16:46:11Z" duration="0.000053" asserts="1" />
              <test-case id="4-1306" name="NextChar(&quot;ab𐀀&quot;,2)" fullname="SIL.LCModel.Utils.SurrogateTests.NextChar(&quot;ab𐀀&quot;,2)" methodname="NextChar" classname="SIL.LCModel.Utils.SurrogateTests" runstate="Runnable" seed="539553953" result="Passed" start-time="2020-10-05 16:46:11Z" end-time="2020-10-05 16:46:11Z" duration="0.000045" asserts="1" />
            </test-suite>
            <test-suite type="ParameterizedMethod" id="4-1310" name="NextChar_InvalidData" fullname="SIL.LCModel.Utils.SurrogateTests.NextChar_InvalidData" classname="SIL.LCModel.Utils.SurrogateTests" runstate="Runnable" testcasecount="2" result="Passed" start-time="2020-10-05 16:46:11Z" end-time="2020-10-05 16:46:11Z" duration="0.000133" total="2" passed="2" failed="0" warnings="0" inconclusive="0" skipped="0" asserts="2">
              <test-case id="4-1308" name="NextChar_InvalidData(['a', 'b', '\ud800'],2)" fullname="SIL.LCModel.Utils.SurrogateTests.NextChar_InvalidData(['a', 'b', '\ud800'],2)" methodname="NextChar_InvalidData" classname="SIL.LCModel.Utils.SurrogateTests" runstate="Runnable" seed="733010456" result="Passed" start-time="2020-10-05 16:46:11Z" end-time="2020-10-05 16:46:11Z" duration="0.000069" asserts="1" />
              <test-case id="4-1309" name="NextChar_InvalidData(['a', 'b', '\ud800', 'c'],2)" fullname="SIL.LCModel.Utils.SurrogateTests.NextChar_InvalidData(['a', 'b', '\ud800', 'c'],2)" methodname="NextChar_InvalidData" classname="SIL.LCModel.Utils.SurrogateTests" runstate="Runnable" seed="320586169" result="Passed" start-time="2020-10-05 16:46:11Z" end-time="2020-10-05 16:46:11Z" duration="0.000031" asserts="1" />
            </test-suite>
            <test-suite type="ParameterizedMethod" id="4-1317" name="PrevChar" fullname="SIL.LCModel.Utils.SurrogateTests.PrevChar" classname="SIL.LCModel.Utils.SurrogateTests" runstate="Runnable" testcasecount="6" result="Passed" start-time="2020-10-05 16:46:11Z" end-time="2020-10-05 16:46:11Z" duration="0.000462" total="6" passed="6" failed="0" warnings="0" inconclusive="0" skipped="0" asserts="6">
              <test-case id="4-1311" name="PrevChar(&quot;ab𐀀c&quot;,1)" fullname="SIL.LCModel.Utils.SurrogateTests.PrevChar(&quot;ab𐀀c&quot;,1)" methodname="PrevChar" classname="SIL.LCModel.Utils.SurrogateTests" runstate="Runnable" seed="360692588" result="Passed" start-time="2020-10-05 16:46:11Z" end-time="2020-10-05 16:46:11Z" duration="0.000173" asserts="1" />
              <test-case id="4-1312" name="PrevChar(&quot;ab𐀀c&quot;,2)" fullname="SIL.LCModel.Utils.SurrogateTests.PrevChar(&quot;ab𐀀c&quot;,2)" methodname="PrevChar" classname="SIL.LCModel.Utils.SurrogateTests" runstate="Runnable" seed="1018115625" result="Passed" start-time="2020-10-05 16:46:11Z" end-time="2020-10-05 16:46:11Z" duration="0.000042" asserts="1" />
              <test-case id="4-1313" name="PrevChar(&quot;ab𐀀c&quot;,5)" fullname="SIL.LCModel.Utils.SurrogateTests.PrevChar(&quot;ab𐀀c&quot;,5)" methodname="PrevChar" classname="SIL.LCModel.Utils.SurrogateTests" runstate="Runnable" seed="1682859267" result="Passed" start-time="2020-10-05 16:46:11Z" end-time="2020-10-05 16:46:11Z" duration="0.000033" asserts="1" />
              <test-case id="4-1314" name="PrevChar(&quot;ab𐀀c&quot;,3)" fullname="SIL.LCModel.Utils.SurrogateTests.PrevChar(&quot;ab𐀀c&quot;,3)" methodname="PrevChar" classname="SIL.LCModel.Utils.SurrogateTests" runstate="Runnable" seed="889205535" result="Passed" start-time="2020-10-05 16:46:11Z" end-time="2020-10-05 16:46:11Z" duration="0.000036" asserts="1" />
              <test-case id="4-1315" name="PrevChar(&quot;ab𐀀c&quot;,4)" fullname="SIL.LCModel.Utils.SurrogateTests.PrevChar(&quot;ab𐀀c&quot;,4)" methodname="PrevChar" classname="SIL.LCModel.Utils.SurrogateTests" runstate="Runnable" seed="541587663" result="Passed" start-time="2020-10-05 16:46:11Z" end-time="2020-10-05 16:46:11Z" duration="0.000053" asserts="1" />
              <test-case id="4-1316" name="PrevChar(&quot;𐀀c&quot;,2)" fullname="SIL.LCModel.Utils.SurrogateTests.PrevChar(&quot;𐀀c&quot;,2)" methodname="PrevChar" classname="SIL.LCModel.Utils.SurrogateTests" runstate="Runnable" seed="538121437" result="Passed" start-time="2020-10-05 16:46:11Z" end-time="2020-10-05 16:46:11Z" duration="0.000051" asserts="1" />
            </test-suite>
            <test-suite type="ParameterizedMethod" id="4-1321" name="PrevChar_InvalidChar" fullname="SIL.LCModel.Utils.SurrogateTests.PrevChar_InvalidChar" classname="SIL.LCModel.Utils.SurrogateTests" runstate="Runnable" testcasecount="3" result="Passed" start-time="2020-10-05 16:46:11Z" end-time="2020-10-05 16:46:11Z" duration="0.000177" total="3" passed="3" failed="0" warnings="0" inconclusive="0" skipped="0" asserts="3">
              <test-case id="4-1318" name="PrevChar_InvalidChar(['a', 'b', '\ud800', 'c'],4)" fullname="SIL.LCModel.Utils.SurrogateTests.PrevChar_InvalidChar(['a', 'b', '\ud800', 'c'],4)" methodname="PrevChar_InvalidChar" classname="SIL.LCModel.Utils.SurrogateTests" runstate="Runnable" seed="537063556" result="Passed" start-time="2020-10-05 16:46:11Z" end-time="2020-10-05 16:46:11Z" duration="0.000070" asserts="1" />
              <test-case id="4-1319" name="PrevChar_InvalidChar(['\udc00', 'c'],1)" fullname="SIL.LCModel.Utils.SurrogateTests.PrevChar_InvalidChar(['\udc00', 'c'],1)" methodname="PrevChar_InvalidChar" classname="SIL.LCModel.Utils.SurrogateTests" runstate="Runnable" seed="869682677" result="Passed" start-time="2020-10-05 16:46:11Z" end-time="2020-10-05 16:46:11Z" duration="0.000032" asserts="1" />
              <test-case id="4-1320" name="PrevChar_InvalidChar(['\ud800', 'c'],1)" fullname="SIL.LCModel.Utils.SurrogateTests.PrevChar_InvalidChar(['\ud800', 'c'],1)" methodname="PrevChar_InvalidChar" classname="SIL.LCModel.Utils.SurrogateTests" runstate="Runnable" seed="668448766" result="Passed" start-time="2020-10-05 16:46:11Z" end-time="2020-10-05 16:46:11Z" duration="0.000034" asserts="1" />
            </test-suite>
          </test-suite>
          <test-suite type="TestFixture" id="4-1322" name="TestSmallDictionary" fullname="SIL.LCModel.Utils.TestSmallDictionary" classname="SIL.LCModel.Utils.TestSmallDictionary" runstate="Runnable" testcasecount="17" result="Passed" start-time="2020-10-05 16:46:11Z" end-time="2020-10-05 16:46:11Z" duration="0.011002" total="17" passed="17" failed="0" warnings="0" inconclusive="0" skipped="0" asserts="125">
            <test-case id="4-1333" name="Add" fullname="SIL.LCModel.Utils.TestSmallDictionary.Add" methodname="Add" classname="SIL.LCModel.Utils.TestSmallDictionary" runstate="Runnable" seed="1293154659" result="Passed" start-time="2020-10-05 16:46:11Z" end-time="2020-10-05 16:46:11Z" duration="0.001150" asserts="6" />
            <test-case id="4-1334" name="AddExistingKeyOneKey" fullname="SIL.LCModel.Utils.TestSmallDictionary.AddExistingKeyOneKey" methodname="AddExistingKeyOneKey" classname="SIL.LCModel.Utils.TestSmallDictionary" runstate="Runnable" seed="753141891" result="Passed" start-time="2020-10-05 16:46:11Z" end-time="2020-10-05 16:46:11Z" duration="0.000334" asserts="1" />
            <test-case id="4-1335" name="AddExistingKeyTwoKeys" fullname="SIL.LCModel.Utils.TestSmallDictionary.AddExistingKeyTwoKeys" methodname="AddExistingKeyTwoKeys" classname="SIL.LCModel.Utils.TestSmallDictionary" runstate="Runnable" seed="1143601651" result="Passed" start-time="2020-10-05 16:46:11Z" end-time="2020-10-05 16:46:11Z" duration="0.000287" asserts="1" />
            <test-case id="4-1328" name="AddZeroKey" fullname="SIL.LCModel.Utils.TestSmallDictionary.AddZeroKey" methodname="AddZeroKey" classname="SIL.LCModel.Utils.TestSmallDictionary" runstate="Runnable" seed="873729156" result="Passed" start-time="2020-10-05 16:46:11Z" end-time="2020-10-05 16:46:11Z" duration="0.000270" asserts="1" />
            <test-case id="4-1339" name="Clear" fullname="SIL.LCModel.Utils.TestSmallDictionary.Clear" methodname="Clear" classname="SIL.LCModel.Utils.TestSmallDictionary" runstate="Runnable" seed="1179514092" result="Passed" start-time="2020-10-05 16:46:11Z" end-time="2020-10-05 16:46:11Z" duration="0.001121" asserts="3" />
            <test-case id="4-1323" name="Empty" fullname="SIL.LCModel.Utils.TestSmallDictionary.Empty" methodname="Empty" classname="SIL.LCModel.Utils.TestSmallDictionary" runstate="Runnable" seed="468775840" result="Passed" start-time="2020-10-05 16:46:11Z" end-time="2020-10-05 16:46:11Z" duration="0.000347" asserts="4" />
            <test-case id="4-1337" name="Enumerator" fullname="SIL.LCModel.Utils.TestSmallDictionary.Enumerator" methodname="Enumerator" classname="SIL.LCModel.Utils.TestSmallDictionary" runstate="Runnable" seed="1037151504" result="Passed" start-time="2020-10-05 16:46:11Z" end-time="2020-10-05 16:46:11Z" duration="0.001587" asserts="14" />
            <test-case id="4-1330" name="GetMissingKeyEmpty" fullname="SIL.LCModel.Utils.TestSmallDictionary.GetMissingKeyEmpty" methodname="GetMissingKeyEmpty" classname="SIL.LCModel.Utils.TestSmallDictionary" runstate="Runnable" seed="2098022801" result="Passed" start-time="2020-10-05 16:46:11Z" end-time="2020-10-05 16:46:11Z" duration="0.000474" asserts="1" />
            <test-case id="4-1331" name="GetMissingKeyOne" fullname="SIL.LCModel.Utils.TestSmallDictionary.GetMissingKeyOne" methodname="GetMissingKeyOne" classname="SIL.LCModel.Utils.TestSmallDictionary" runstate="Runnable" seed="1099330967" result="Passed" start-time="2020-10-05 16:46:11Z" end-time="2020-10-05 16:46:11Z" duration="0.000301" asserts="1" />
            <test-case id="4-1332" name="GetMissingKeyThree" fullname="SIL.LCModel.Utils.TestSmallDictionary.GetMissingKeyThree" methodname="GetMissingKeyThree" classname="SIL.LCModel.Utils.TestSmallDictionary" runstate="Runnable" seed="1675649003" result="Passed" start-time="2020-10-05 16:46:11Z" end-time="2020-10-05 16:46:11Z" duration="0.000280" asserts="1" />
            <test-case id="4-1329" name="GetZeroKey" fullname="SIL.LCModel.Utils.TestSmallDictionary.GetZeroKey" methodname="GetZeroKey" classname="SIL.LCModel.Utils.TestSmallDictionary" runstate="Runnable" seed="984118158" result="Passed" start-time="2020-10-05 16:46:11Z" end-time="2020-10-05 16:46:11Z" duration="0.000280" asserts="1" />
            <test-case id="4-1327" name="ItemZeroKey" fullname="SIL.LCModel.Utils.TestSmallDictionary.ItemZeroKey" methodname="ItemZeroKey" classname="SIL.LCModel.Utils.TestSmallDictionary" runstate="Runnable" seed="1724826313" result="Passed" start-time="2020-10-05 16:46:11Z" end-time="2020-10-05 16:46:11Z" duration="0.000295" asserts="1" />
            <test-case id="4-1338" name="KeysAndValues" fullname="SIL.LCModel.Utils.TestSmallDictionary.KeysAndValues" methodname="KeysAndValues" classname="SIL.LCModel.Utils.TestSmallDictionary" runstate="Runnable" seed="705286933" result="Passed" start-time="2020-10-05 16:46:11Z" end-time="2020-10-05 16:46:11Z" duration="0.001528" asserts="14" />
            <test-case id="4-1324" name="OneItem" fullname="SIL.LCModel.Utils.TestSmallDictionary.OneItem" methodname="OneItem" classname="SIL.LCModel.Utils.TestSmallDictionary" runstate="Runnable" seed="722800289" result="Passed" start-time="2020-10-05 16:46:11Z" end-time="2020-10-05 16:46:11Z" duration="0.000263" asserts="8" />
            <test-case id="4-1326" name="Overwrite" fullname="SIL.LCModel.Utils.TestSmallDictionary.Overwrite" methodname="Overwrite" classname="SIL.LCModel.Utils.TestSmallDictionary" runstate="Runnable" seed="1155289914" result="Passed" start-time="2020-10-05 16:46:11Z" end-time="2020-10-05 16:46:11Z" duration="0.000392" asserts="15" />
            <test-case id="4-1336" name="Remove" fullname="SIL.LCModel.Utils.TestSmallDictionary.Remove" methodname="Remove" classname="SIL.LCModel.Utils.TestSmallDictionary" runstate="Runnable" seed="2102137112" result="Passed" start-time="2020-10-05 16:46:11Z" end-time="2020-10-05 16:46:11Z" duration="0.001367" asserts="37" />
            <test-case id="4-1325" name="ThreeItems" fullname="SIL.LCModel.Utils.TestSmallDictionary.ThreeItems" methodname="ThreeItems" classname="SIL.LCModel.Utils.TestSmallDictionary" runstate="Runnable" seed="1220550599" result="Passed" start-time="2020-10-05 16:46:11Z" end-time="2020-10-05 16:46:11Z" duration="0.000346" asserts="16" />
          </test-suite>
        </test-suite>
      </test-suite>
    </test-suite>
  </test-suite>
</test-run>